 KPT            1  SPIN            1  KWEIGHT    1.00000000000000     
   -24.81602     2.00000
   -24.72882     2.00000
   -24.66199     2.00000
   -24.65275     2.00000
   -24.48423     2.00000
   -24.44364     2.00000
   -24.41926     2.00000
   -24.33964     2.00000
   -24.30784     2.00000
   -24.27668     2.00000
   -24.26344     2.00000
   -24.25773     2.00000
   -24.23952     2.00000
   -24.21174     2.00000
   -24.19511     2.00000
   -24.18783     2.00000
   -24.15850     2.00000
   -24.15584     2.00000
   -11.75590     2.00000
   -11.68203     2.00000
   -11.66688     2.00000
   -11.60824     2.00000
   -11.40947     2.00000
   -11.30729     2.00000
   -11.12274     2.00000
   -11.08658     2.00000
   -11.06665     2.00000
   -11.04548     2.00000
   -10.97623     2.00000
   -10.95892     2.00000
   -10.95074     2.00000
   -10.88335     2.00000
   -10.84629     2.00000
   -10.68704     2.00000
   -10.64101     2.00000
   -10.59505     2.00000
   -10.52153     2.00000
   -10.47726     2.00000
   -10.39434     2.00000
   -10.35050     2.00000
   -10.33032     2.00000
   -10.28830     2.00000
   -10.26528     2.00000
   -10.20023     2.00000
   -10.15101     2.00000
   -10.11012     2.00000
   -10.08329     2.00000
   -10.02399     2.00000
    -9.95597     2.00000
    -9.93269     2.00000
    -9.86942     2.00000
    -9.79580     2.00000
    -9.69348     2.00000
    -9.63935     2.00000
    -9.59328     2.00000
    -9.52932     2.00000
    -9.51261     2.00000
    -9.42256     2.00000
    -9.38556     2.00000
    -9.35797     2.00000
    -9.32287     2.00000
    -9.27207     2.00000
    -9.26904     2.00000
    -9.16163     2.00000
    -9.07907     2.00000
    -9.06078     2.00000
    -9.00726     2.00000
    -8.97553     2.00000
    -8.90174     2.00000
    -8.86077     2.00000
    -8.81543     2.00000
    -8.80186     2.00000
    -4.48339     0.00000
    -4.38643     0.00000
    -4.27308     0.00000
    -4.12771     0.00000
    -4.04742     0.00000
    -4.03474     0.00000
    -4.00381     0.00000
    -3.97541     0.00000
    -3.94752     0.00000
    -3.91298     0.00000
    -3.86236     0.00000
    -3.83210     0.00000
    -3.74822     0.00000
    -3.66351     0.00000
    -3.59287     0.00000
    -3.58104     0.00000
    -3.55611     0.00000
    -3.45434     0.00000
    -3.43352     0.00000
    -3.39309     0.00000
    -3.37238     0.00000
    -3.30101     0.00000
    -3.21984     0.00000
    -3.18089     0.00000
    -3.12055     0.00000
    -3.05604     0.00000
    -2.94649     0.00000
    -2.85848     0.00000
    -2.77874     0.00000
    -2.71606     0.00000
    -2.69269     0.00000
    -2.59376     0.00000
    -2.48258     0.00000
    -2.22024     0.00000
    -2.15747     0.00000
    -2.06178     0.00000
    -1.67559     0.00000
    -0.93204     0.00000
    -0.18515     0.00000
     0.05365     0.00000
     0.14462     0.00000
     0.18967     0.00000
     0.27250     0.00000
     0.47031     0.00000
     0.48276     0.00000
     1.02444     0.00000
     1.86845     0.00000
     2.71459     0.00000
     4.12756     0.00000
     4.49900     0.00000
     4.82099     0.00000
     6.56557     0.00000
     7.23020     0.00000
     7.32172     0.00000
     7.86973     0.00000
     8.60832     0.00000
     9.47282     0.00000
     9.62548     0.00000
     9.95656     0.00000
    10.11697     0.00000
    10.22286     0.00000
    10.29968     0.00000
    10.56149     0.00000
    10.71672     0.00000
    11.38480     0.00000
    11.48866     0.00000
    11.63901     0.00000
    11.80479     0.00000
    12.23779     0.00000
    12.45857     0.00000
    12.58278     0.00000
    13.08662     0.00000
    13.41968     0.00000
    13.53144     0.00000
    14.13646     0.00000
    14.21087     0.00000
    14.57027     0.00000
    14.78703     0.00000
    15.32475     0.00000
    16.36900     0.00000
    17.75917     0.00000
 
