 Fermi distribution function
 
 Coordinates of moved atoms (au):
    1      0.00000000      3.71886736     12.01815780
    2      0.00000000      0.00000000     11.33835593
    3      3.71886736      3.71886736     12.69795967
    4      0.00000000     11.15660209     12.01815780
    5      0.00000000      7.43773472     11.33835593
    6      3.71886736     11.15660209     12.69795967
    7      0.00000000     18.59433681     12.01815780
    8      0.00000000     14.87546945     11.33835593
    9      3.71886736     18.59433681     12.69795967
   10      0.00000000     26.03207153     12.01815780
   11      0.00000000     22.31320417     11.33835593
   12      3.71886736     26.03207153     12.69795967
   13      3.70411533     23.98878260     18.64301776
   14      7.43009740     10.99995639     15.78583816
   15      7.42792154      3.36693327     15.85715904
   16      3.70559004      0.12204268     17.78375285
   17      3.64674798      9.37362625     25.60434262
   18      7.38909397      7.72791164     22.12978772
   19      3.69260531      7.01020666     16.87306762
   20      3.70824897      3.38133057     16.30917585
   21      3.71486745     26.54785922     16.39806222
   22      3.71045722     10.35288774     16.42688028
   23      3.68467072      8.36986286     22.30883345
   24      3.68097073     11.08794089     19.97999701
   25      7.38911143      4.19283507     21.55268232
   26      7.43093858     26.48631945     15.74699425
   27      3.67804580      4.51207493     21.78014327
 
 COMPONENT = q
  
 Eigenvalues /H
   -0.91197185
   -0.90876734
   -0.90631151
   -0.90597190
   -0.89977888
   -0.89828740
   -0.89739147
   -0.89446525
   -0.89329672
   -0.89215167
   -0.89166507
   -0.89145529
   -0.89078582
   -0.88976525
   -0.88915407
   -0.88888648
   -0.88780840
   -0.88771072
   -0.43202146
   -0.42930655
   -0.42875000
   -0.42659514
   -0.41929034
   -0.41553535
   -0.40875316
   -0.40742442
   -0.40669197
   -0.40591379
   -0.40336919
   -0.40273294
   -0.40243220
   -0.39995588
   -0.39859376
   -0.39274155
   -0.39105004
   -0.38936110
   -0.38665912
   -0.38503218
   -0.38198484
   -0.38037393
   -0.37963230
   -0.37808795
   -0.37724209
   -0.37485154
   -0.37304276
   -0.37154001
   -0.37055412
   -0.36837472
   -0.36587508
   -0.36501972
   -0.36269448
   -0.35998909
   -0.35622902
   -0.35423977
   -0.35254643
   -0.35019613
   -0.34958208
   -0.34627255
   -0.34491291
   -0.34389908
   -0.34260899
   -0.34074214
   -0.34063099
   -0.33668384
   -0.33364977
   -0.33297761
   -0.33101064
   -0.32984477
   -0.32713294
   -0.32562730
   -0.32396110
   -0.32346243
   -0.16476170
   -0.16119825
   -0.15703293
   -0.15169065
   -0.14874003
   -0.14827411
   -0.14713749
   -0.14609347
   -0.14506858
   -0.14379927
   -0.14193918
   -0.14082720
   -0.13774451
   -0.13463162
   -0.13203564
   -0.13160087
   -0.13068454
   -0.12694465
   -0.12617947
   -0.12469378
   -0.12393264
   -0.12131005
   -0.11832684
   -0.11689559
   -0.11467799
   -0.11230747
   -0.10828140
   -0.10504723
   -0.10211683
   -0.09981341
   -0.09895443
   -0.09531880
   -0.09123332
   -0.08159242
   -0.07928548
   -0.07576917
   -0.06157694
   -0.03425179
   -0.00680406
    0.00197168
    0.00531475
    0.00697030
    0.01001436
    0.01728361
    0.01774105
    0.03764763
    0.06866433
    0.09975921
    0.15168516
    0.16533507
    0.17716812
    0.24128033
    0.26570514
    0.26906823
    0.28920740
    0.31634996
    0.34811983
    0.35372971
    0.36589698
    0.37179183
    0.37568327
    0.37850631
    0.38812779
    0.39383211
    0.41838356
    0.42220056
    0.42772588
    0.43381800
    0.44973034
    0.45784407
    0.46240852
    0.48092430
    0.49316403
    0.49727117
    0.51950539
    0.52224005
    0.53544774
    0.54341343
    0.56317409
    0.60154987
    0.65263765
 
 Eigenvalues /eV
  -24.81601655
  -24.72881760
  -24.66199106
  -24.65274984
  -24.48422903
  -24.44364382
  -24.41926428
  -24.33963784
  -24.30784057
  -24.27668200
  -24.26344119
  -24.25773277
  -24.23951548
  -24.21174432
  -24.19511331
  -24.18783171
  -24.15849576
  -24.15583769
  -11.75590206
  -11.68202572
  -11.66688119
  -11.60824431
  -11.40947073
  -11.30729230
  -11.12273930
  -11.08658260
  -11.06665160
  -11.04547614
  -10.97623411
  -10.95892101
  -10.95073725
  -10.88335332
  -10.84628799
  -10.68704141
  -10.64101307
  -10.59505472
  -10.52152993
  -10.47725876
  -10.39433641
  -10.35050133
  -10.33032035
  -10.28829663
  -10.26527951
  -10.20022944
  -10.15101000
  -10.11011820
  -10.08329072
  -10.02398611
   -9.95596740
   -9.93269192
   -9.86941894
   -9.79580165
   -9.69348497
   -9.63935449
   -9.59327645
   -9.52932165
   -9.51261251
   -9.42255552
   -9.38555794
   -9.35797009
   -9.32286506
   -9.27206543
   -9.26904088
   -9.16163332
   -9.07907214
   -9.06078176
   -9.00725782
   -8.97553274
   -8.90174028
   -8.86076971
   -8.81543018
   -8.80186044
   -4.48339404
   -4.38642748
   -4.27308339
   -4.12771272
   -4.04742225
   -4.03474375
   -4.00381494
   -3.97540550
   -3.94751698
   -3.91297726
   -3.86236164
   -3.83210307
   -3.74821896
   -3.66351286
   -3.59287258
   -3.58104176
   -3.55610729
   -3.45433974
   -3.43351816
   -3.39309046
   -3.37237865
   -3.30101449
   -3.21983706
   -3.18089082
   -3.12054680
   -3.05604176
   -2.94648689
   -2.85848063
   -2.77874045
   -2.71606101
   -2.69268700
   -2.59375657
   -2.48258493
   -2.22024281
   -2.15746778
   -2.06178406
   -1.67559378
   -0.93203866
   -0.18514782
    0.05365209
    0.14462163
    0.18967143
    0.27250467
    0.47031083
    0.48275844
    1.02444414
    1.86845146
    2.71458613
    4.12756332
    4.49899629
    4.82098983
    6.56557193
    7.23020466
    7.32171899
    7.86973383
    8.60832030
    9.47282243
    9.62547517
    9.95656330
   10.11697039
   10.22286181
   10.29968086
   10.56149449
   10.71671696
   11.38479592
   11.48866181
   11.63901326
   11.80478843
   12.23778523
   12.45857103
   12.58277601
   13.08661595
   13.41967605
   13.53143690
   14.13646093
   14.21087484
   14.57027436
   14.78703167
   15.32474679
   16.36900488
   17.75917416
 
 Fillings
     2.00000
     2.00000
     2.00000
     2.00000
     2.00000
     2.00000
     2.00000
     2.00000
     2.00000
     2.00000
     2.00000
     2.00000
     2.00000
     2.00000
     2.00000
     2.00000
     2.00000
     2.00000
     2.00000
     2.00000
     2.00000
     2.00000
     2.00000
     2.00000
     2.00000
     2.00000
     2.00000
     2.00000
     2.00000
     2.00000
     2.00000
     2.00000
     2.00000
     2.00000
     2.00000
     2.00000
     2.00000
     2.00000
     2.00000
     2.00000
     2.00000
     2.00000
     2.00000
     2.00000
     2.00000
     2.00000
     2.00000
     2.00000
     2.00000
     2.00000
     2.00000
     2.00000
     2.00000
     2.00000
     2.00000
     2.00000
     2.00000
     2.00000
     2.00000
     2.00000
     2.00000
     2.00000
     2.00000
     2.00000
     2.00000
     2.00000
     2.00000
     2.00000
     2.00000
     2.00000
     2.00000
     2.00000
     0.00000
     0.00000
     0.00000
     0.00000
     0.00000
     0.00000
     0.00000
     0.00000
     0.00000
     0.00000
     0.00000
     0.00000
     0.00000
     0.00000
     0.00000
     0.00000
     0.00000
     0.00000
     0.00000
     0.00000
     0.00000
     0.00000
     0.00000
     0.00000
     0.00000
     0.00000
     0.00000
     0.00000
     0.00000
     0.00000
     0.00000
     0.00000
     0.00000
     0.00000
     0.00000
     0.00000
     0.00000
     0.00000
     0.00000
     0.00000
     0.00000
     0.00000
     0.00000
     0.00000
     0.00000
     0.00000
     0.00000
     0.00000
     0.00000
     0.00000
     0.00000
     0.00000
     0.00000
     0.00000
     0.00000
     0.00000
     0.00000
     0.00000
     0.00000
     0.00000
     0.00000
     0.00000
     0.00000
     0.00000
     0.00000
     0.00000
     0.00000
     0.00000
     0.00000
     0.00000
     0.00000
     0.00000
     0.00000
     0.00000
     0.00000
     0.00000
     0.00000
     0.00000
     0.00000
     0.00000
     0.00000
 
 Fermi energy:                      -0.2287051894 H           -6.2234 eV
 Band energy:                      -72.5066168043 H        -1973.0054 eV
 TS:                                 0.0000000000 H            0.0000 eV
 Band free energy (E-TS):          -72.5066168043 H        -1973.0054 eV
 Extrapolated E(0K):               -72.5066168043 H        -1973.0054 eV
 
 Energy H0:                        -72.5066168043 H        -1973.0054 eV
 Total Electronic energy:          -72.5066168043 H        -1973.0054 eV
 Repulsive energy:                   2.2585967139 H           61.4595 eV
 Total energy:                     -70.2480200904 H        -1911.5459 eV
 Total Mermin free energy:         -70.2480200904 H        -1911.5459 eV
 
 Non-SCC calculation
 
 Full geometry written in geo_end.{xyz|gen}
 
 Total Forces
 -1.216355337724781E-004 -2.657342147102306E-003  3.273049812554984E-002
  4.400699165243094E-006  1.193437891726974E-003 -8.600477364125381E-003
 -4.762304904686725E-004 -6.245461997651653E-003 -9.064781017481177E-003
 -7.085744798196526E-005  1.920774556179907E-003  2.255671289096468E-002
 -3.633113667164870E-006 -2.066765640773969E-003 -4.273257170483706E-003
 -4.499371609920993E-004 -1.807787638984724E-003 -4.534210021289127E-003
  5.548502081885355E-008 -1.967476568598009E-005  3.110318174203036E-003
 -8.937281910069557E-007  1.208754694160503E-003 -1.057410687764476E-003
 -1.360779949833878E-007  9.285663304000684E-006 -4.636565503824425E-003
 -5.716094667547854E-005  2.119914861823129E-003  1.943646997673699E-002
 -1.302274960434891E-006 -8.808303048015084E-004 -2.588510119856634E-004
 -3.557206777824606E-004 -2.783427109171607E-003 -1.615649060858326E-002
  1.518815533317071E-004 -8.333673211846360E-004  1.941780890872408E-003
 -1.096858419762988E-004 -1.545079634453241E-003  2.358674027097968E-003
 -1.981188520561183E-005  4.501229959717181E-003 -7.360072015205554E-003
  2.460218653330273E-004 -1.764909785300971E-002  3.366874073453208E-003
  7.463310350035116E-004 -4.563144155137311E-003 -2.333432157563889E-002
  7.963021885928654E-003  6.103230453543787E-003 -2.895050168738041E-003
  4.822194650781543E-004 -4.213312130816643E-002  7.809710817600540E-003
  8.177783057853574E-005  2.672764164384953E-002 -1.189706750732405E-002
 -1.615799775708966E-003  1.013732604401828E-002  6.501339355733132E-003
  3.006092302936924E-005  3.153995024716191E-002 -3.450658682030844E-003
 -1.432908505685660E-002  2.152500686254940E-002  3.004753536214414E-002
  3.330223038801254E-004  8.248470381154671E-003 -1.228040521923224E-002
  6.842933716348156E-003 -2.351729181381643E-002 -8.959259005771242E-003
  1.752850076559783E-003 -1.336042542371067E-003 -2.349221754714248E-003
 -1.022686827022884E-003 -7.196589026878669E-003 -8.751814380163588E-003
 
 Total stress tensor
     -0.000025112597     -0.000002760505      0.000000426673
     -0.000002760487     -0.000052869698     -0.000002084931
      0.000000426967     -0.000002083901     -0.000030149312
 
 Total lattice derivs
      0.035296460279      0.003879967139     -0.000599700476
      0.000969985541      0.018577461001      0.000732607352
     -0.000094479126      0.000461124668      0.006671427451
 
 Maximal derivative component:       0.421331E-01 au
 Max force for moved atoms::         0.421331E-01 au
 
 Volume:                             0.104539E+05 au^3
 Pressure:                          -0.360439E-04 au    -0.106045E+10 Pa
 
 Geometry converged
 
