 KPT            1  SPIN            1  KWEIGHT    1.00000000000000     
   -24.82459     2.00000
   -24.75547     2.00000
   -24.74114     2.00000
   -24.64757     2.00000
   -24.57487     2.00000
   -24.46271     2.00000
   -24.43426     2.00000
   -24.36496     2.00000
   -24.31529     2.00000
   -24.29956     2.00000
   -24.27158     2.00000
   -24.25635     2.00000
   -24.24658     2.00000
   -24.18418     2.00000
   -24.17217     2.00000
   -24.15786     2.00000
   -24.13495     2.00000
   -24.09271     2.00000
   -11.76781     2.00000
   -11.71797     2.00000
   -11.69943     2.00000
   -11.52836     2.00000
   -11.32523     2.00000
   -11.28674     2.00000
   -11.20873     2.00000
   -11.14558     2.00000
   -11.10515     2.00000
   -11.04901     2.00000
   -11.01766     2.00000
   -10.99935     2.00000
   -10.97529     2.00000
   -10.94734     2.00000
   -10.91864     2.00000
   -10.86438     2.00000
   -10.79522     2.00000
   -10.65627     2.00000
   -10.62650     2.00000
   -10.59632     2.00000
   -10.52945     2.00000
   -10.45587     2.00000
   -10.36179     2.00000
   -10.33032     2.00000
   -10.29470     2.00000
   -10.25426     2.00000
   -10.19026     2.00000
   -10.16423     2.00000
   -10.09878     2.00000
   -10.01995     2.00000
    -9.94152     2.00000
    -9.87270     2.00000
    -9.80099     2.00000
    -9.72310     2.00000
    -9.68613     2.00000
    -9.65962     2.00000
    -9.60661     2.00000
    -9.53330     2.00000
    -9.50501     2.00000
    -9.46019     2.00000
    -9.42161     2.00000
    -9.37973     2.00000
    -9.30873     2.00000
    -9.24281     2.00000
    -9.15136     2.00000
    -9.09385     2.00000
    -9.00860     2.00000
    -8.96344     2.00000
    -8.92574     2.00000
    -8.89778     2.00000
    -8.87264     2.00000
    -8.84118     2.00000
    -8.81031     2.00000
    -8.68131     2.00000
    -4.32504     0.00000
    -4.11459     0.00000
    -4.09730     0.00000
    -4.04619     0.00000
    -4.01557     0.00000
    -3.99820     0.00000
    -3.96721     0.00000
    -3.96039     0.00000
    -3.89918     0.00000
    -3.86674     0.00000
    -3.81297     0.00000
    -3.79380     0.00000
    -3.70001     0.00000
    -3.66511     0.00000
    -3.61893     0.00000
    -3.54157     0.00000
    -3.49765     0.00000
    -3.46571     0.00000
    -3.43563     0.00000
    -3.39883     0.00000
    -3.35259     0.00000
    -3.29103     0.00000
    -3.25970     0.00000
    -3.15656     0.00000
    -3.09427     0.00000
    -3.06045     0.00000
    -2.98632     0.00000
    -2.84202     0.00000
    -2.81790     0.00000
    -2.75794     0.00000
    -2.68321     0.00000
    -2.62709     0.00000
    -2.52423     0.00000
    -2.50515     0.00000
    -2.17189     0.00000
    -2.04719     0.00000
    -1.93884     0.00000
    -0.43929     0.00000
    -0.30396     0.00000
    -0.20701     0.00000
     0.18117     0.00000
     0.22552     0.00000
     0.46073     0.00000
     0.51720     0.00000
     0.83784     0.00000
     2.21241     0.00000
     2.41031     0.00000
     4.13713     0.00000
     4.56746     0.00000
     4.62109     0.00000
     5.13441     0.00000
     5.60491     0.00000
     7.73002     0.00000
     7.77607     0.00000
     7.90468     0.00000
     8.48728     0.00000
     8.81127     0.00000
     9.08555     0.00000
     9.66769     0.00000
     9.72339     0.00000
    10.17739     0.00000
    10.35812     0.00000
    10.47527     0.00000
    10.60747     0.00000
    10.96365     0.00000
    11.40518     0.00000
    11.86068     0.00000
    11.95209     0.00000
    12.17868     0.00000
    12.59553     0.00000
    12.91061     0.00000
    13.23824     0.00000
    13.58430     0.00000
    13.79232     0.00000
    14.22935     0.00000
    14.45707     0.00000
    14.83587     0.00000
    15.18113     0.00000
    15.96007     0.00000
    16.68217     0.00000
    17.05583     0.00000
 
