 Fermi distribution function
 
 Coordinates of moved atoms (au):
    1      0.00000000      3.71886736     12.01815780
    2      0.00000000      0.00000000     11.33835593
    3      3.71886736      3.71886736     12.69795967
    4      0.00000000     11.15660209     12.01815780
    5      0.00000000      7.43773472     11.33835593
    6      3.71886736     11.15660209     12.69795967
    7      0.00000000     18.59433681     12.01815780
    8      0.00000000     14.87546945     11.33835593
    9      3.71886736     18.59433681     12.69795967
   10      0.00000000     26.03207153     12.01815780
   11      0.00000000     22.31320417     11.33835593
   12      3.71886736     26.03207153     12.69795967
   13      3.68456836      4.24406078     16.28847308
   14      7.16575136     29.09416412     18.34800625
   15      3.69998263      7.61748078     17.50989257
   16      4.64302185     19.80484290     19.28417451
   17      7.40017210      4.10066568     15.74920209
   18      3.74303530     14.33678079     17.54749343
   19      7.41897074     27.16576383     15.59128274
   20      1.25247757     23.20786343     18.53056532
   21      5.60990466     26.54677036     20.34237523
   22      0.00371831     10.99973935     15.76924598
   23      3.82170258     17.74238779     16.45126383
   24      3.71999831     10.98082780     16.33868409
   25      3.55959312      1.01865879     18.20013453
   26      0.10076971     18.05896351     15.66658593
   27      4.90165366     23.34621303     18.68375910
 
 COMPONENT = q
  
 Eigenvalues /H
   -0.91228690
   -0.90974683
   -0.90922035
   -0.90578149
   -0.90310981
   -0.89898817
   -0.89794270
   -0.89539589
   -0.89357040
   -0.89299252
   -0.89196420
   -0.89140452
   -0.89104534
   -0.88875214
   -0.88831103
   -0.88778517
   -0.88694305
   -0.88539093
   -0.43245924
   -0.43062763
   -0.42994598
   -0.42365958
   -0.41619467
   -0.41478016
   -0.41191321
   -0.40959254
   -0.40810693
   -0.40604356
   -0.40489166
   -0.40421869
   -0.40333442
   -0.40230739
   -0.40125260
   -0.39925879
   -0.39671691
   -0.39161086
   -0.39051669
   -0.38940754
   -0.38695016
   -0.38424614
   -0.38078897
   -0.37963221
   -0.37832327
   -0.37683710
   -0.37448517
   -0.37352845
   -0.37112347
   -0.36822657
   -0.36534427
   -0.36281505
   -0.36017982
   -0.35731754
   -0.35595868
   -0.35498438
   -0.35303631
   -0.35034219
   -0.34930273
   -0.34765551
   -0.34623764
   -0.34469867
   -0.34208952
   -0.33966719
   -0.33630623
   -0.33419293
   -0.33106007
   -0.32940026
   -0.32801475
   -0.32698731
   -0.32606354
   -0.32490749
   -0.32377307
   -0.31903239
   -0.15894234
   -0.15120855
   -0.15057309
   -0.14869464
   -0.14756952
   -0.14693113
   -0.14579229
   -0.14554152
   -0.14329218
   -0.14210000
   -0.14012408
   -0.13941947
   -0.13597269
   -0.13469044
   -0.13299316
   -0.13015048
   -0.12853646
   -0.12736246
   -0.12625722
   -0.12490458
   -0.12320527
   -0.12094316
   -0.11979183
   -0.11600148
   -0.11371215
   -0.11246946
   -0.10974522
   -0.10444227
   -0.10355578
   -0.10135240
   -0.09860623
   -0.09654367
   -0.09276374
   -0.09206260
   -0.07981565
   -0.07523269
   -0.07125110
   -0.01614364
   -0.01117050
   -0.00760743
    0.00665790
    0.00828776
    0.01693135
    0.01900672
    0.03078996
    0.08130460
    0.08857729
    0.15203674
    0.16785092
    0.16982210
    0.18868621
    0.20597679
    0.28407293
    0.28576516
    0.29049173
    0.31190189
    0.32380840
    0.33388788
    0.35528113
    0.35732810
    0.37401205
    0.38065375
    0.38495910
    0.38981733
    0.40290666
    0.41913258
    0.43587190
    0.43923122
    0.44755816
    0.46287735
    0.47445612
    0.48649650
    0.49921380
    0.50685853
    0.52291914
    0.53128755
    0.54520828
    0.55789628
    0.58652167
    0.61305830
    0.62679035
 
 Eigenvalues /eV
  -24.82458963
  -24.75547074
  -24.74114463
  -24.64756827
  -24.57486823
  -24.46271272
  -24.43426396
  -24.36496177
  -24.31528766
  -24.29956273
  -24.27158086
  -24.25635124
  -24.24657726
  -24.18417612
  -24.17217303
  -24.15786360
  -24.13494846
  -24.09271297
  -11.76781466
  -11.71797406
  -11.69942535
  -11.52836365
  -11.32523307
  -11.28674233
  -11.20872864
  -11.14558019
  -11.10515452
  -11.04900757
  -11.01766265
  -10.99935010
  -10.97528809
  -10.94734099
  -10.91863870
  -10.86438450
  -10.79521627
  -10.65627364
  -10.62649977
  -10.59631821
  -10.52944950
  -10.45586955
  -10.36179496
  -10.33031802
  -10.29469994
  -10.25425926
  -10.19025991
  -10.16422621
  -10.09878334
  -10.01995475
   -9.94152332
   -9.87269981
   -9.80099154
   -9.72310487
   -9.68612846
   -9.65961632
   -9.60660670
   -9.53329592
   -9.50501084
   -9.46018767
   -9.42160547
   -9.37972796
   -9.30872954
   -9.24281438
   -9.15135809
   -9.09385227
   -9.00860290
   -8.96343715
   -8.92573558
   -8.89777747
   -8.87264038
   -8.84118271
   -8.81031355
   -8.68131304
   -4.32504111
   -4.11459398
   -4.09730221
   -4.04618701
   -4.01557083
   -3.99819958
   -3.96721007
   -3.96038633
   -3.89917847
   -3.86673770
   -3.81297034
   -3.79379689
   -3.70000506
   -3.66511336
   -3.61892810
   -3.54157471
   -3.49765500
   -3.46570876
   -3.43563366
   -3.39882661
   -3.35258607
   -3.29103083
   -3.25970141
   -3.15656077
   -3.09426512
   -3.06044978
   -2.98631948
   -2.84201885
   -2.81789610
   -2.75793922
   -2.68321204
   -2.62708699
   -2.52422979
   -2.50515090
   -2.17189434
   -2.04718577
   -1.93884098
   -0.43929091
   -0.30396464
   -0.20700873
    0.18117064
    0.22552152
    0.46072535
    0.51719903
    0.83783747
    2.21241077
    2.41031072
    4.13713012
    4.56745598
    4.62109453
    5.13441314
    5.60491357
    7.73001767
    7.77606557
    7.90468223
    8.48728235
    8.81127484
    9.08555147
    9.66769151
    9.72339232
   10.17738558
   10.35811552
   10.47527010
   10.60746933
   10.96364806
   11.40517773
   11.86067774
   11.95208959
   12.17867727
   12.59553346
   12.91060779
   13.23824328
   13.58429880
   13.79232224
   14.22935384
   14.45706969
   14.83587201
   15.18113029
   15.96006670
   16.68216507
   17.05583326
 
 Fillings
     2.00000
     2.00000
     2.00000
     2.00000
     2.00000
     2.00000
     2.00000
     2.00000
     2.00000
     2.00000
     2.00000
     2.00000
     2.00000
     2.00000
     2.00000
     2.00000
     2.00000
     2.00000
     2.00000
     2.00000
     2.00000
     2.00000
     2.00000
     2.00000
     2.00000
     2.00000
     2.00000
     2.00000
     2.00000
     2.00000
     2.00000
     2.00000
     2.00000
     2.00000
     2.00000
     2.00000
     2.00000
     2.00000
     2.00000
     2.00000
     2.00000
     2.00000
     2.00000
     2.00000
     2.00000
     2.00000
     2.00000
     2.00000
     2.00000
     2.00000
     2.00000
     2.00000
     2.00000
     2.00000
     2.00000
     2.00000
     2.00000
     2.00000
     2.00000
     2.00000
     2.00000
     2.00000
     2.00000
     2.00000
     2.00000
     2.00000
     2.00000
     2.00000
     2.00000
     2.00000
     2.00000
     2.00000
     0.00000
     0.00000
     0.00000
     0.00000
     0.00000
     0.00000
     0.00000
     0.00000
     0.00000
     0.00000
     0.00000
     0.00000
     0.00000
     0.00000
     0.00000
     0.00000
     0.00000
     0.00000
     0.00000
     0.00000
     0.00000
     0.00000
     0.00000
     0.00000
     0.00000
     0.00000
     0.00000
     0.00000
     0.00000
     0.00000
     0.00000
     0.00000
     0.00000
     0.00000
     0.00000
     0.00000
     0.00000
     0.00000
     0.00000
     0.00000
     0.00000
     0.00000
     0.00000
     0.00000
     0.00000
     0.00000
     0.00000
     0.00000
     0.00000
     0.00000
     0.00000
     0.00000
     0.00000
     0.00000
     0.00000
     0.00000
     0.00000
     0.00000
     0.00000
     0.00000
     0.00000
     0.00000
     0.00000
     0.00000
     0.00000
     0.00000
     0.00000
     0.00000
     0.00000
     0.00000
     0.00000
     0.00000
     0.00000
     0.00000
     0.00000
     0.00000
     0.00000
     0.00000
     0.00000
     0.00000
     0.00000
 
 Fermi energy:                      -0.2401906028 H           -6.5359 eV
 Band energy:                      -72.5619589307 H        -1974.5114 eV
 TS:                                 0.0000000000 H            0.0000 eV
 Band free energy (E-TS):          -72.5619589307 H        -1974.5114 eV
 Extrapolated E(0K):               -72.5619589307 H        -1974.5114 eV
 
 Energy H0:                        -72.5619589307 H        -1974.5114 eV
 Total Electronic energy:          -72.5619589307 H        -1974.5114 eV
 Repulsive energy:                   2.2689650565 H           61.7417 eV
 Total energy:                     -70.2929938742 H        -1912.7697 eV
 Total Mermin free energy:         -70.2929938742 H        -1912.7697 eV
 
 Non-SCC calculation
 
 Full geometry written in geo_end.{xyz|gen}
 
 Total Forces
 -4.899293269691391E-003 -6.970581014099312E-004  1.025867162279290E-002
  4.416940854659615E-005  7.567593621979889E-003 -1.266694427806436E-002
 -2.144909136307305E-003  1.909144221091608E-003 -6.710233099614785E-003
  3.434147632675307E-005 -5.444501929028093E-004  1.840058648537390E-002
  1.130045879561523E-005  8.574168931637947E-004 -7.603947587314114E-003
  1.897274258822943E-004 -1.248778243493097E-003 -3.911006173921996E-003
  8.049542574131222E-004 -1.820626979739306E-003  2.222002877121683E-002
 -8.221848386305445E-005 -3.335323089698295E-003 -7.877620724929819E-003
  6.605688188020011E-003 -3.579227560114506E-003  5.025277714277267E-003
  3.615495384984855E-004  7.810551033154180E-003  2.988503980797881E-002
  1.573786835032048E-005 -7.792936145798120E-004 -5.632562522294576E-004
 -7.193446284097829E-004 -8.202321968846928E-003 -2.615130942123357E-002
  3.280890383043829E-003 -8.224972420460067E-004 -2.693691800700782E-003
 -9.952086930562327E-003  8.794232456909579E-004  2.702098992806688E-002
 -2.668867755199202E-005 -1.599410502222580E-002  9.166697736487137E-003
 -4.021004014891291E-003 -5.704956352505487E-003 -2.028565747852901E-003
  2.639943096381127E-003  1.502063059312931E-002 -5.336627809075199E-003
  5.333621238091803E-004  1.583242622266846E-002  7.141550340328942E-003
 -6.119129404272457E-004 -1.868029898284533E-002 -1.409779209017339E-002
  8.106024241417216E-003  6.597623010715356E-003 -6.367076086666117E-003
 -2.451567909294364E-003 -5.243186369362690E-003  4.540851557347791E-003
 -1.250088990297976E-003  4.457787487707008E-004  7.222108173338959E-004
  1.008589627394921E-003  2.363580369679208E-003 -1.409529244301079E-002
  9.593254693413551E-004  3.306345666112161E-003 -3.016388915955166E-002
 -1.940874162464822E-003 -6.919275976402559E-003  3.151520658484640E-003
  2.764617650637922E-003 -9.134648701118863E-004  2.058124874493070E-003
  7.397679299027040E-004  1.189435094012879E-002  6.757023601569392E-004
 
 Total stress tensor
     -0.000048111220     -0.000014022958     -0.000002461013
     -0.000014021790     -0.000063443058     -0.000000188870
     -0.000002461031     -0.000000186880      0.000000000601
 
 Total lattice derivs
      0.067621669898      0.019709661157      0.003459022758
      0.004927004831      0.022292749430      0.000066365378
      0.000544575863      0.000041352746     -0.000000133060
 
 Maximal derivative component:       0.301639E-01 au
 Max force for moved atoms::         0.301639E-01 au
 
 Volume:                             0.104539E+05 au^3
 Pressure:                          -0.371846E-04 au    -0.109401E+10 Pa
 
 Geometry converged
 
