 KPT            1  SPIN            1  KWEIGHT    1.00000000000000     
   -24.79784     2.00000
   -24.72764     2.00000
   -24.66091     2.00000
   -24.63898     2.00000
   -24.49959     2.00000
   -24.46192     2.00000
   -24.41710     2.00000
   -24.34378     2.00000
   -24.30592     2.00000
   -24.27996     2.00000
   -24.26890     2.00000
   -24.25679     2.00000
   -24.23394     2.00000
   -24.22094     2.00000
   -24.20988     2.00000
   -24.17339     2.00000
   -24.17077     2.00000
   -24.15373     2.00000
   -11.75647     2.00000
   -11.69000     2.00000
   -11.67850     2.00000
   -11.49808     2.00000
   -11.35252     2.00000
   -11.27394     2.00000
   -11.12907     2.00000
   -11.08854     2.00000
   -11.06064     2.00000
   -11.02681     2.00000
   -10.97420     2.00000
   -10.96967     2.00000
   -10.89881     2.00000
   -10.86282     2.00000
   -10.84637     2.00000
   -10.66199     2.00000
   -10.63343     2.00000
   -10.59243     2.00000
   -10.51528     2.00000
   -10.49182     2.00000
   -10.42291     2.00000
   -10.37084     2.00000
   -10.34877     2.00000
   -10.31763     2.00000
   -10.28186     2.00000
   -10.25258     2.00000
   -10.18703     2.00000
   -10.14564     2.00000
   -10.12250     2.00000
   -10.06385     2.00000
    -9.96574     2.00000
    -9.93273     2.00000
    -9.89691     2.00000
    -9.81001     2.00000
    -9.73595     2.00000
    -9.65580     2.00000
    -9.62052     2.00000
    -9.57136     2.00000
    -9.54248     2.00000
    -9.51452     2.00000
    -9.43959     2.00000
    -9.43315     2.00000
    -9.35117     2.00000
    -9.33199     2.00000
    -9.25296     2.00000
    -9.18009     2.00000
    -9.11055     2.00000
    -9.07843     2.00000
    -8.99953     2.00000
    -8.98937     2.00000
    -8.96778     2.00000
    -8.87739     2.00000
    -8.86236     2.00000
    -8.81127     2.00000
    -4.38690     0.00000
    -4.24096     0.00000
    -4.12257     0.00000
    -4.09666     0.00000
    -4.04015     0.00000
    -3.99929     0.00000
    -3.97750     0.00000
    -3.94599     0.00000
    -3.91059     0.00000
    -3.88309     0.00000
    -3.85201     0.00000
    -3.83128     0.00000
    -3.69054     0.00000
    -3.62545     0.00000
    -3.55993     0.00000
    -3.54210     0.00000
    -3.48769     0.00000
    -3.47351     0.00000
    -3.41980     0.00000
    -3.40634     0.00000
    -3.35978     0.00000
    -3.31012     0.00000
    -3.28178     0.00000
    -3.22593     0.00000
    -3.10364     0.00000
    -3.05518     0.00000
    -2.93335     0.00000
    -2.82598     0.00000
    -2.76235     0.00000
    -2.69458     0.00000
    -2.66748     0.00000
    -2.54250     0.00000
    -2.42787     0.00000
    -2.30180     0.00000
    -2.01952     0.00000
    -1.82175     0.00000
    -1.26958     0.00000
    -0.93088     0.00000
    -0.15673     0.00000
     0.12573     0.00000
     0.18446     0.00000
     0.27703     0.00000
     0.34585     0.00000
     0.42262     0.00000
     0.66871     0.00000
     1.86942     0.00000
     2.45466     0.00000
     4.17373     0.00000
     4.46488     0.00000
     4.93558     0.00000
     5.50082     0.00000
     6.42177     0.00000
     6.56251     0.00000
     7.67346     0.00000
     7.89817     0.00000
     8.37462     0.00000
     8.48373     0.00000
     9.26367     0.00000
     9.42781     0.00000
     9.63693     0.00000
    10.16009     0.00000
    10.23627     0.00000
    10.36273     0.00000
    10.51005     0.00000
    10.65589     0.00000
    11.24681     0.00000
    11.43563     0.00000
    11.57099     0.00000
    11.88626     0.00000
    12.31816     0.00000
    12.61406     0.00000
    12.94215     0.00000
    13.23074     0.00000
    13.41199     0.00000
    13.67889     0.00000
    13.84345     0.00000
    14.46348     0.00000
    15.06865     0.00000
    15.82800     0.00000
    16.28404     0.00000
    17.36341     0.00000
 
