 Fermi distribution function
 
 Coordinates of moved atoms (au):
    1      0.00000000      3.71886736     12.01815780
    2      0.00000000      0.00000000     11.33835593
    3      3.71886736      3.71886736     12.69795967
    4      0.00000000     11.15660209     12.01815780
    5      0.00000000      7.43773472     11.33835593
    6      3.71886736     11.15660209     12.69795967
    7      0.00000000     18.59433681     12.01815780
    8      0.00000000     14.87546945     11.33835593
    9      3.71886736     18.59433681     12.69795967
   10      0.00000000     26.03207153     12.01815780
   11      0.00000000     22.31320417     11.33835593
   12      3.71886736     26.03207153     12.69795967
   13      3.72269565     22.72530434     21.46452008
   14      7.43669680     25.42138856     15.75937856
   15      3.71771603     11.74070276     16.40716126
   16      3.69771762     15.07249255     17.76244326
   17      3.72098567     25.05185387     16.32672572
   18      3.72402577     19.89510921     24.04303459
   19      3.71313467     18.34688399     16.31997728
   20      0.00654071     21.42836334     27.84280900
   21      7.43216325     11.54641779     15.73868742
   22      0.00543264     22.70566942     22.23224717
   23      3.71918415     21.61726332     17.94821015
   24      3.67984631      9.36811792     18.83266093
   25      7.43338517     18.42553411     15.76193594
   26      3.72231777     26.08990783     19.88391873
   27      0.00607601     20.17931921     24.87933355
 
 COMPONENT = q
  
 Eigenvalues /H
   -0.91130397
   -0.90872417
   -0.90627180
   -0.90546575
   -0.90034345
   -0.89895919
   -0.89731176
   -0.89461732
   -0.89322599
   -0.89227199
   -0.89186555
   -0.89142066
   -0.89058092
   -0.89010318
   -0.88969671
   -0.88835570
   -0.88825939
   -0.88763313
   -0.43204228
   -0.42959967
   -0.42917681
   -0.42254680
   -0.41719762
   -0.41430957
   -0.40898584
   -0.40749645
   -0.40647109
   -0.40522783
   -0.40329441
   -0.40312783
   -0.40052376
   -0.39920142
   -0.39859695
   -0.39182099
   -0.39077151
   -0.38926464
   -0.38642930
   -0.38556747
   -0.38303473
   -0.38112138
   -0.38031021
   -0.37916587
   -0.37785159
   -0.37677522
   -0.37436651
   -0.37284553
   -0.37199521
   -0.36983984
   -0.36623433
   -0.36502107
   -0.36370494
   -0.36051112
   -0.35778966
   -0.35484427
   -0.35354771
   -0.35174107
   -0.35067974
   -0.34965200
   -0.34689839
   -0.34666183
   -0.34364932
   -0.34294423
   -0.34004018
   -0.33736226
   -0.33480662
   -0.33362601
   -0.33072681
   -0.33035329
   -0.32955981
   -0.32623816
   -0.32568569
   -0.32380828
   -0.16121578
   -0.15585253
   -0.15150180
   -0.15054967
   -0.14847293
   -0.14697116
   -0.14617041
   -0.14501249
   -0.14371154
   -0.14270079
   -0.14155869
   -0.14079694
   -0.13562493
   -0.13323302
   -0.13082511
   -0.13016989
   -0.12817010
   -0.12764925
   -0.12567551
   -0.12518077
   -0.12346958
   -0.12164470
   -0.12060321
   -0.11855077
   -0.11405678
   -0.11227580
   -0.10779876
   -0.10385275
   -0.10151461
   -0.09902382
   -0.09802796
   -0.09343503
   -0.08922243
   -0.08458961
   -0.07421601
   -0.06694809
   -0.04665616
   -0.03420918
   -0.00575982
    0.00462056
    0.00677892
    0.01018072
    0.01270985
    0.01553090
    0.02457482
    0.06869981
    0.09020700
    0.15338164
    0.16408115
    0.18137937
    0.20215138
    0.23599566
    0.24116771
    0.28199438
    0.29025238
    0.30776180
    0.31177152
    0.34043372
    0.34646559
    0.35415073
    0.37337646
    0.37617594
    0.38082327
    0.38623710
    0.39159693
    0.41331284
    0.42025173
    0.42522601
    0.43681212
    0.45268401
    0.46355809
    0.47561521
    0.48622092
    0.49288148
    0.50268981
    0.50873728
    0.53152315
    0.55376268
    0.58166832
    0.59842759
    0.63809377
 
 Eigenvalues /eV
  -24.79784277
  -24.72764282
  -24.66091051
  -24.63897659
  -24.49959188
  -24.46192426
  -24.41709533
  -24.34377595
  -24.30591582
  -24.27995608
  -24.26889646
  -24.25679038
  -24.23393979
  -24.22093979
  -24.20987924
  -24.17338854
  -24.17076789
  -24.15372626
  -11.75646863
  -11.69000174
  -11.67849524
  -11.49808350
  -11.35252489
  -11.27393697
  -11.12907083
  -11.08854255
  -11.06064120
  -11.02681020
  -10.97419924
  -10.96966634
  -10.89880602
  -10.86282343
  -10.84637486
  -10.66199155
  -10.63343379
  -10.59242985
  -10.51527637
  -10.49182456
  -10.42290534
  -10.37084039
  -10.34876738
  -10.31762828
  -10.28186487
  -10.25257541
  -10.18703099
  -10.14564297
  -10.12250477
  -10.06385422
   -9.96574315
   -9.93272872
   -9.89691489
   -9.81000672
   -9.73595204
   -9.65580385
   -9.62052256
   -9.57136154
   -9.54248129
   -9.51451504
   -9.43958554
   -9.43314830
   -9.35117370
   -9.33198737
   -9.25296413
   -9.18009419
   -9.11055180
   -9.07842569
   -8.99953439
   -8.98937038
   -8.96777874
   -8.87739199
   -8.86235846
   -8.81127175
   -4.38690453
   -4.24096299
   -4.12257378
   -4.09666493
   -4.04015387
   -3.99928879
   -3.97749923
   -3.94599070
   -3.91058997
   -3.88308611
   -3.85200786
   -3.83127976
   -3.69054204
   -3.62545491
   -3.55993250
   -3.54210291
   -3.48768581
   -3.47351280
   -3.41980451
   -3.40634201
   -3.35977811
   -3.31012068
   -3.28178028
   -3.22593052
   -3.10364291
   -3.05517988
   -2.93335353
   -2.82597716
   -2.76235301
   -2.69457521
   -2.66747664
   -2.54249653
   -2.42786585
   -2.30180038
   -2.01952033
   -1.82175010
   -1.26957869
   -0.93087918
   -0.15673262
    0.12573174
    0.18446393
    0.27703144
    0.34585261
    0.42261741
    0.66871490
    1.86941692
    2.45465747
    4.17372683
    4.46487535
    4.93558384
    5.50081896
    6.42176851
    6.56250740
    7.67345740
    7.89816915
    8.37462470
    8.48373473
    9.26367272
    9.42780828
    9.63693170
   10.16009032
   10.23626814
   10.36272843
   10.51004620
   10.65589456
   11.24681454
   11.43563132
   11.57098857
   11.88626265
   12.31815852
   12.61405737
   12.94214828
   13.23074433
   13.41198739
   13.67888579
   13.84344568
   14.46348075
   15.06864915
   15.82800034
   16.28404317
   17.36341489
 
 Fillings
     2.00000
     2.00000
     2.00000
     2.00000
     2.00000
     2.00000
     2.00000
     2.00000
     2.00000
     2.00000
     2.00000
     2.00000
     2.00000
     2.00000
     2.00000
     2.00000
     2.00000
     2.00000
     2.00000
     2.00000
     2.00000
     2.00000
     2.00000
     2.00000
     2.00000
     2.00000
     2.00000
     2.00000
     2.00000
     2.00000
     2.00000
     2.00000
     2.00000
     2.00000
     2.00000
     2.00000
     2.00000
     2.00000
     2.00000
     2.00000
     2.00000
     2.00000
     2.00000
     2.00000
     2.00000
     2.00000
     2.00000
     2.00000
     2.00000
     2.00000
     2.00000
     2.00000
     2.00000
     2.00000
     2.00000
     2.00000
     2.00000
     2.00000
     2.00000
     2.00000
     2.00000
     2.00000
     2.00000
     2.00000
     2.00000
     2.00000
     2.00000
     2.00000
     2.00000
     2.00000
     2.00000
     2.00000
     0.00000
     0.00000
     0.00000
     0.00000
     0.00000
     0.00000
     0.00000
     0.00000
     0.00000
     0.00000
     0.00000
     0.00000
     0.00000
     0.00000
     0.00000
     0.00000
     0.00000
     0.00000
     0.00000
     0.00000
     0.00000
     0.00000
     0.00000
     0.00000
     0.00000
     0.00000
     0.00000
     0.00000
     0.00000
     0.00000
     0.00000
     0.00000
     0.00000
     0.00000
     0.00000
     0.00000
     0.00000
     0.00000
     0.00000
     0.00000
     0.00000
     0.00000
     0.00000
     0.00000
     0.00000
     0.00000
     0.00000
     0.00000
     0.00000
     0.00000
     0.00000
     0.00000
     0.00000
     0.00000
     0.00000
     0.00000
     0.00000
     0.00000
     0.00000
     0.00000
     0.00000
     0.00000
     0.00000
     0.00000
     0.00000
     0.00000
     0.00000
     0.00000
     0.00000
     0.00000
     0.00000
     0.00000
     0.00000
     0.00000
     0.00000
     0.00000
     0.00000
     0.00000
     0.00000
     0.00000
     0.00000
 
 Fermi energy:                      -0.2346924603 H           -6.3863 eV
 Band energy:                      -72.5629115273 H        -1974.5373 eV
 TS:                                 0.0000000000 H            0.0000 eV
 Band free energy (E-TS):          -72.5629115273 H        -1974.5373 eV
 Extrapolated E(0K):               -72.5629115273 H        -1974.5373 eV
 
 Energy H0:                        -72.5629115273 H        -1974.5373 eV
 Total Electronic energy:          -72.5629115273 H        -1974.5373 eV
 Repulsive energy:                   2.2871583947 H           62.2367 eV
 Total energy:                     -70.2757531326 H        -1912.3005 eV
 Total Mermin free energy:         -70.2757531326 H        -1912.3005 eV
 
 Non-SCC calculation
 
 Full geometry written in geo_end.{xyz|gen}
 
 Total Forces
  1.969666560465615E-007  8.604841590729505E-005  3.129132358501601E-003
  2.451400199035813E-007  5.559113668641265E-004  2.451684869041147E-004
 -2.347436315672810E-008  8.860509977618859E-006 -4.640958400228812E-003
 -4.726914105394729E-005  1.103421947621176E-003  1.777573331842325E-002
 -1.313269776278755E-006 -1.056857292899628E-003 -4.454642872261140E-004
 -3.131483346136827E-004 -2.260164231092486E-003 -1.530484820933577E-002
 -2.650918844982546E-005 -2.199813494023223E-004  1.707097656134333E-002
  3.690160811415047E-006  1.110107338229319E-003 -7.976977833982969E-003
 -2.620962109481237E-004 -1.174772005559549E-003 -6.231054992508353E-003
 -5.106074817304531E-006 -2.534099352160176E-003  2.635787318722314E-002
 -3.942563639803178E-007 -2.925777672632061E-003 -7.507972001940748E-003
 -4.322970476085956E-005  1.014489941972004E-003 -1.428926086315632E-002
  1.869950758549864E-003 -2.921586547767846E-003 -7.735131500624312E-003
  1.972885860691136E-003  2.268295822230627E-003 -5.547242101423218E-003
 -2.635617758000920E-003  1.433262080046296E-002 -5.039614200849779E-004
  5.601002218515174E-004 -7.228161309009015E-003 -1.802921655663037E-003
 -1.891426190055561E-003 -4.640223410388545E-003  4.454863844049826E-003
  2.274156948228783E-004  2.342904597604986E-003 -1.714044623779661E-003
  5.456175978947140E-004  1.122478361854545E-002 -9.671948592682798E-003
 -9.916652774864759E-006  8.308923964871345E-003  1.990400372836393E-002
  2.189519958848135E-003  1.732929169645399E-003 -1.362984958932917E-004
 -7.704052256569836E-004 -1.370608614850832E-003  5.063813464296081E-003
 -4.152142333880176E-005 -1.283907548833416E-003 -9.649571800184019E-004
  5.250330204125131E-004 -8.575966789179795E-003  8.058722685766961E-003
 -4.447040465865347E-004  2.051157092988385E-005  1.666733848299115E-003
 -1.037769199257211E-005  3.493624674303988E-003 -3.810027756999540E-003
 -1.391596737004787E-003 -1.141132761539060E-002 -1.544395156762329E-002
 
 Total stress tensor
     -0.000045160667      0.000000167302     -0.000000285838
      0.000000167317     -0.000074634889     -0.000000256187
     -0.000000285714     -0.000000253605      0.000002560363
 
 Total lattice derivs
      0.063474585311     -0.000235148119      0.000401753392
     -0.000058792116      0.026225357695      0.000090019439
      0.000063222690      0.000056117565     -0.000566555968
 
 Maximal derivative component:       0.263579E-01 au
 Max force for moved atoms::         0.263579E-01 au
 
 Volume:                             0.104539E+05 au^3
 Pressure:                          -0.390784E-04 au    -0.114973E+10 Pa
 
 Geometry converged
 
