 KPT            1  SPIN            1  KWEIGHT    1.00000000000000     
   -24.80726     2.00000
   -24.73823     2.00000
   -24.67312     2.00000
   -24.64431     2.00000
   -24.48540     2.00000
   -24.44902     2.00000
   -24.41107     2.00000
   -24.30348     2.00000
   -24.28631     2.00000
   -24.27761     2.00000
   -24.26281     2.00000
   -24.25540     2.00000
   -24.24201     2.00000
   -24.21149     2.00000
   -24.17108     2.00000
   -24.16001     2.00000
   -24.15147     2.00000
   -24.14858     2.00000
   -11.78189     2.00000
   -11.71672     2.00000
   -11.68674     2.00000
   -11.49056     2.00000
   -11.34577     2.00000
   -11.21566     2.00000
   -11.13287     2.00000
   -11.09410     2.00000
   -11.07058     2.00000
   -11.01892     2.00000
   -10.97928     2.00000
   -10.96966     2.00000
   -10.89233     2.00000
   -10.84600     2.00000
   -10.84022     2.00000
   -10.75543     2.00000
   -10.63065     2.00000
   -10.62444     2.00000
   -10.58640     2.00000
   -10.40661     2.00000
   -10.35871     2.00000
   -10.32877     2.00000
   -10.31119     2.00000
   -10.26642     2.00000
   -10.25509     2.00000
   -10.19776     2.00000
   -10.18116     2.00000
   -10.12941     2.00000
   -10.04313     2.00000
    -9.95537     2.00000
    -9.92218     2.00000
    -9.90123     2.00000
    -9.79176     2.00000
    -9.77368     2.00000
    -9.64623     2.00000
    -9.61667     2.00000
    -9.57613     2.00000
    -9.52559     2.00000
    -9.47086     2.00000
    -9.45534     2.00000
    -9.43749     2.00000
    -9.33718     2.00000
    -9.32408     2.00000
    -9.28389     2.00000
    -9.21558     2.00000
    -9.09131     2.00000
    -9.07115     2.00000
    -9.03840     2.00000
    -8.99320     2.00000
    -8.98500     2.00000
    -8.94491     2.00000
    -8.86659     2.00000
    -8.85869     2.00000
    -8.79752     2.00000
    -4.39739     0.00000
    -4.38584     0.00000
    -4.12650     0.00000
    -4.09896     0.00000
    -4.04686     0.00000
    -4.04035     0.00000
    -4.01323     0.00000
    -3.96651     0.00000
    -3.93762     0.00000
    -3.88343     0.00000
    -3.85546     0.00000
    -3.84690     0.00000
    -3.81923     0.00000
    -3.78730     0.00000
    -3.66069     0.00000
    -3.61255     0.00000
    -3.52373     0.00000
    -3.49099     0.00000
    -3.45909     0.00000
    -3.40639     0.00000
    -3.38560     0.00000
    -3.34932     0.00000
    -3.31658     0.00000
    -3.24687     0.00000
    -3.23908     0.00000
    -3.21372     0.00000
    -3.11403     0.00000
    -2.95995     0.00000
    -2.85733     0.00000
    -2.76597     0.00000
    -2.74967     0.00000
    -2.63153     0.00000
    -2.58678     0.00000
    -2.37157     0.00000
    -2.06530     0.00000
    -1.83318     0.00000
    -0.93017     0.00000
    -0.85007     0.00000
    -0.39075     0.00000
    -0.14750     0.00000
    -0.03940     0.00000
    -0.00722     0.00000
     0.19677     0.00000
     0.30977     0.00000
     0.37109     0.00000
     0.57529     0.00000
     1.87288     0.00000
     3.32374     0.00000
     4.26414     0.00000
     4.52640     0.00000
     5.05815     0.00000
     6.53268     0.00000
     6.55838     0.00000
     7.43992     0.00000
     7.61596     0.00000
     8.32405     0.00000
     8.48599     0.00000
     9.27859     0.00000
     9.53789     0.00000
     9.83249     0.00000
    10.08362     0.00000
    10.21928     0.00000
    10.40575     0.00000
    10.47557     0.00000
    10.63245     0.00000
    11.39214     0.00000
    11.52442     0.00000
    11.66333     0.00000
    12.15300     0.00000
    12.40881     0.00000
    12.66954     0.00000
    12.86896     0.00000
    13.16695     0.00000
    13.53721     0.00000
    13.72510     0.00000
    14.08032     0.00000
    14.15726     0.00000
    14.34545     0.00000
    15.32197     0.00000
    15.92683     0.00000
    16.51850     0.00000
 
