 Fermi distribution function
 
 Coordinates of moved atoms (au):
    1      0.00000000      3.71886736     12.01815780
    2      0.00000000      0.00000000     11.33835593
    3      3.71886736      3.71886736     12.69795967
    4      0.00000000     11.15660209     12.01815780
    5      0.00000000      7.43773472     11.33835593
    6      3.71886736     11.15660209     12.69795967
    7      0.00000000     18.59433681     12.01815780
    8      0.00000000     14.87546945     11.33835593
    9      3.71886736     18.59433681     12.69795967
   10      0.00000000     26.03207153     12.01815780
   11      0.00000000     22.31320417     11.33835593
   12      3.71886736     26.03207153     12.69795967
   13      7.41521879     26.55407920     15.71889932
   14      7.42984485     10.50808068     15.65272083
   15      3.66072137      0.50716502     18.03926835
   16      3.71353871      3.72845106     16.32788229
   17      3.51617904     28.58038171     21.91839397
   18      3.69818674     12.81131338     18.72565043
   19      3.50217942      2.16484178     24.58347480
   20      7.23442797     29.41986804     22.11058850
   21      3.71081766     10.33848976     16.33764220
   22      3.69735331     26.97989918     16.42131153
   23      7.22728986      2.21793193     24.59920038
   24      3.60237079     25.60522703     19.73250646
   25      3.51660961     26.66332381     24.89398647
   26      3.70143640      7.03895799     17.74053944
   27      0.00061595      3.77682393     15.68093172
 
 COMPONENT = q
  
 Eigenvalues /H
   -0.91165006
   -0.90911325
   -0.90672036
   -0.90566188
   -0.89982209
   -0.89848497
   -0.89709032
   -0.89313663
   -0.89250539
   -0.89218576
   -0.89164185
   -0.89136967
   -0.89087746
   -0.88975583
   -0.88827088
   -0.88786403
   -0.88755021
   -0.88744391
   -0.43297636
   -0.43058168
   -0.42947991
   -0.42227036
   -0.41694923
   -0.41216799
   -0.40912560
   -0.40770077
   -0.40683634
   -0.40493773
   -0.40348129
   -0.40312751
   -0.40028577
   -0.39858321
   -0.39837084
   -0.39525482
   -0.39066927
   -0.39044108
   -0.38904322
   -0.38243593
   -0.38067553
   -0.37957528
   -0.37892919
   -0.37728384
   -0.37686755
   -0.37476077
   -0.37415079
   -0.37224904
   -0.36907830
   -0.36585315
   -0.36463344
   -0.36386364
   -0.35984041
   -0.35917618
   -0.35449256
   -0.35340615
   -0.35191633
   -0.35005900
   -0.34804777
   -0.34747752
   -0.34682128
   -0.34313488
   -0.34265366
   -0.34117670
   -0.33866652
   -0.33409955
   -0.33335861
   -0.33215515
   -0.33049388
   -0.33019278
   -0.32871950
   -0.32584128
   -0.32555080
   -0.32330303
   -0.16160109
   -0.16117654
   -0.15164600
   -0.15063418
   -0.14871948
   -0.14848023
   -0.14748337
   -0.14576660
   -0.14470500
   -0.14271330
   -0.14168573
   -0.14137085
   -0.14035405
   -0.13918057
   -0.13452801
   -0.13275868
   -0.12949457
   -0.12829145
   -0.12711932
   -0.12518262
   -0.12441859
   -0.12308530
   -0.12188196
   -0.11932017
   -0.11903401
   -0.11810205
   -0.11443841
   -0.10877603
   -0.10500484
   -0.10164750
   -0.10104842
   -0.09670712
   -0.09506230
   -0.08715355
   -0.07589837
   -0.06736810
   -0.03418319
   -0.03123938
   -0.01435992
   -0.00542052
   -0.00144788
   -0.00026549
    0.00723117
    0.01138376
    0.01363714
    0.02114142
    0.06882720
    0.12214516
    0.15670427
    0.16634205
    0.18588376
    0.24007145
    0.24101608
    0.27341186
    0.27988121
    0.30590331
    0.31185427
    0.34098194
    0.35051117
    0.36133720
    0.37056612
    0.37555159
    0.38240419
    0.38496999
    0.39073535
    0.41865355
    0.42351448
    0.42861941
    0.44661472
    0.45601526
    0.46559722
    0.47292558
    0.48387645
    0.49748342
    0.50438806
    0.51744210
    0.52026975
    0.52718560
    0.56307206
    0.58530026
    0.60704377
 
 Eigenvalues /eV
  -24.80726025
  -24.73823029
  -24.67311622
  -24.64431368
  -24.48540479
  -24.44901994
  -24.41106964
  -24.30348424
  -24.28630729
  -24.27760979
  -24.26280912
  -24.25540281
  -24.24200904
  -24.21148808
  -24.17108049
  -24.16000961
  -24.15146996
  -24.14857754
  -11.78188620
  -11.71672362
  -11.68674303
  -11.49056115
  -11.34576583
  -11.21566165
  -11.13287405
  -11.09410234
  -11.07058011
  -11.01891641
  -10.97928457
  -10.96965776
  -10.89232991
  -10.84600108
  -10.84022221
  -10.75543098
  -10.63065182
  -10.62444228
  -10.58640457
  -10.40661115
  -10.35870834
  -10.32876878
  -10.31118786
  -10.26641561
  -10.25508791
  -10.19775949
  -10.18116101
  -10.12941165
  -10.04313162
   -9.95537080
   -9.92218063
   -9.90123331
   -9.79175572
   -9.77368121
   -9.64623338
   -9.61667052
   -9.57613061
   -9.52559011
   -9.47086172
   -9.45534445
   -9.43748710
   -9.33717505
   -9.32408058
   -9.28389039
   -9.21558499
   -9.09131131
   -9.07114928
   -9.03840158
   -8.99319593
   -8.98500269
   -8.94491258
   -8.86659240
   -8.85868803
   -8.79752306
   -4.39738942
   -4.38583681
   -4.12649772
   -4.09896463
   -4.04686308
   -4.04035256
   -4.01322661
   -3.96651104
   -3.93762347
   -3.88342638
   -3.85546484
   -3.84689646
   -3.81922794
   -3.78729601
   -3.66069329
   -3.61254759
   -3.52372643
   -3.49098803
   -3.45909259
   -3.40639253
   -3.38560218
   -3.34932140
   -3.31657682
   -3.24686699
   -3.23908029
   -3.21372021
   -3.11402754
   -2.95994645
   -2.85732703
   -2.76596927
   -2.74966746
   -2.63153455
   -2.58677675
   -2.37156868
   -2.06529978
   -1.83317924
   -0.93017182
   -0.85006683
   -0.39075322
   -0.14749989
   -0.03939884
   -0.00722431
    0.19677024
    0.30976781
    0.37108536
    0.57528722
    1.87288341
    3.32373902
    4.26414011
    4.52639739
    5.05815439
    6.53267653
    6.55838135
    7.43991515
    7.61595528
    8.32405272
    8.48598638
    9.27859059
    9.53789416
    9.83248558
   10.08361721
   10.21927871
   10.40574744
   10.47556646
   10.63244981
   11.39214264
   11.52441539
   11.66332743
   12.15300498
   12.40880647
   12.66954489
   12.86895985
   13.16694810
   13.53721261
   13.72509731
   14.08031606
   14.15726031
   14.34545008
   15.32197035
   15.92683046
   16.51850140
 
 Fillings
     2.00000
     2.00000
     2.00000
     2.00000
     2.00000
     2.00000
     2.00000
     2.00000
     2.00000
     2.00000
     2.00000
     2.00000
     2.00000
     2.00000
     2.00000
     2.00000
     2.00000
     2.00000
     2.00000
     2.00000
     2.00000
     2.00000
     2.00000
     2.00000
     2.00000
     2.00000
     2.00000
     2.00000
     2.00000
     2.00000
     2.00000
     2.00000
     2.00000
     2.00000
     2.00000
     2.00000
     2.00000
     2.00000
     2.00000
     2.00000
     2.00000
     2.00000
     2.00000
     2.00000
     2.00000
     2.00000
     2.00000
     2.00000
     2.00000
     2.00000
     2.00000
     2.00000
     2.00000
     2.00000
     2.00000
     2.00000
     2.00000
     2.00000
     2.00000
     2.00000
     2.00000
     2.00000
     2.00000
     2.00000
     2.00000
     2.00000
     2.00000
     2.00000
     2.00000
     2.00000
     2.00000
     2.00000
     0.00000
     0.00000
     0.00000
     0.00000
     0.00000
     0.00000
     0.00000
     0.00000
     0.00000
     0.00000
     0.00000
     0.00000
     0.00000
     0.00000
     0.00000
     0.00000
     0.00000
     0.00000
     0.00000
     0.00000
     0.00000
     0.00000
     0.00000
     0.00000
     0.00000
     0.00000
     0.00000
     0.00000
     0.00000
     0.00000
     0.00000
     0.00000
     0.00000
     0.00000
     0.00000
     0.00000
     0.00000
     0.00000
     0.00000
     0.00000
     0.00000
     0.00000
     0.00000
     0.00000
     0.00000
     0.00000
     0.00000
     0.00000
     0.00000
     0.00000
     0.00000
     0.00000
     0.00000
     0.00000
     0.00000
     0.00000
     0.00000
     0.00000
     0.00000
     0.00000
     0.00000
     0.00000
     0.00000
     0.00000
     0.00000
     0.00000
     0.00000
     0.00000
     0.00000
     0.00000
     0.00000
     0.00000
     0.00000
     0.00000
     0.00000
     0.00000
     0.00000
     0.00000
     0.00000
     0.00000
     0.00000
 
 Fermi energy:                      -0.2484715086 H           -6.7613 eV
 Band energy:                      -72.4487350615 H        -1971.4304 eV
 TS:                                 0.0000000000 H            0.0000 eV
 Band free energy (E-TS):          -72.4487350615 H        -1971.4304 eV
 Extrapolated E(0K):               -72.4487350615 H        -1971.4304 eV
 
 Energy H0:                        -72.4487350615 H        -1971.4304 eV
 Total Electronic energy:          -72.4487350615 H        -1971.4304 eV
 Repulsive energy:                   2.2179580814 H           60.3537 eV
 Total energy:                     -70.2307769801 H        -1911.0767 eV
 Total Mermin free energy:         -70.2307769801 H        -1911.0767 eV
 
 Non-SCC calculation
 
 Full geometry written in geo_end.{xyz|gen}
 
 Total Forces
  1.263190996358646E-005  6.441993056638664E-004  2.524104524188590E-002
  1.814813047038266E-005  2.157697824944728E-003 -8.101145121200377E-003
 -2.517251415210829E-005 -1.394527794530412E-003 -7.898517438453490E-003
 -7.419311051137453E-005 -3.030632471913285E-003  2.084660505274687E-002
  5.805911372712008E-006 -2.890021552560977E-003 -1.011238113826516E-002
 -4.496963382050610E-004  2.209693404500036E-003 -1.757043650949248E-002
 -9.881560851685745E-008 -1.584699935091544E-005  3.138484928188368E-003
 -2.777553496212246E-006  1.064434750601863E-003  1.743542632422941E-004
 -3.973613895677784E-007 -2.143019295962464E-006 -4.645692273024814E-003
 -1.420405493658173E-004  7.010705109802302E-004  1.630911761528095E-002
 -7.039625365898794E-006 -9.613478832281716E-004 -6.129795450037986E-005
 -1.389219973866324E-003  3.276528881526707E-003  7.241033643345662E-004
  5.134475079888365E-004  2.079786252588177E-003  8.788306556074370E-003
  7.765318299676949E-005  1.131535885789917E-003  1.255951301416397E-004
  1.174038161808587E-004  2.205795743572101E-003 -7.635418097214977E-003
  2.967772757880431E-003 -4.612682426679109E-004 -2.931120702277176E-003
  4.145342072959623E-004  8.606791734415670E-003 -7.244522557087837E-003
  3.036843142471273E-004 -1.382579870136466E-002 -1.243817611536596E-002
 -6.178801289394679E-004  2.028396600942240E-003 -3.674266643987923E-003
  1.437956277341250E-003 -1.288204164061220E-002 -1.202560816359710E-002
 -1.144160400417074E-005  1.471623678520145E-002  1.869325211202942E-002
 -5.685631712534821E-004  8.682134024912743E-003 -5.883679671777317E-003
  1.124934456529918E-003  4.717425737562217E-003  2.450193733336756E-003
  9.559233644721235E-005  1.444870184139635E-004  3.342222690028734E-003
  7.204583582160092E-006 -7.254535195003992E-003  5.049825002884728E-003
  4.325566209513705E-004 -8.120946438813080E-003 -2.443494444616764E-003
 -4.240805267090519E-003 -3.527104522274250E-003 -2.217348859312906E-003
 
 Total stress tensor
     -0.000051093300      0.000000221077      0.000002550491
      0.000000221265     -0.000084211451     -0.000007294516
      0.000002550647     -0.000007296616     -0.000019286953
 
 Total lattice derivs
      0.071813066438     -0.000310730156     -0.003584786622
     -0.000077748691      0.029590389502      0.002563161765
     -0.000564406105      0.001614592105      0.004267809108
 
 Maximal derivative component:       0.252410E-01 au
 Max force for moved atoms::         0.252410E-01 au
 
 Volume:                             0.104539E+05 au^3
 Pressure:                          -0.515306E-04 au    -0.151608E+10 Pa
 
 Geometry converged
 
