 KPT            1  SPIN            1  KWEIGHT    1.00000000000000     
   -24.85390     2.00000
   -24.77538     2.00000
   -24.73987     2.00000
   -24.65033     2.00000
   -24.55951     2.00000
   -24.45173     2.00000
   -24.40821     2.00000
   -24.34941     2.00000
   -24.29836     2.00000
   -24.27699     2.00000
   -24.26582     2.00000
   -24.26096     2.00000
   -24.25679     2.00000
   -24.22101     2.00000
   -24.18573     2.00000
   -24.17410     2.00000
   -24.14975     2.00000
   -24.09416     2.00000
   -11.78669     2.00000
   -11.73975     2.00000
   -11.70650     2.00000
   -11.67951     2.00000
   -11.40249     2.00000
   -11.33030     2.00000
   -11.20121     2.00000
   -11.14828     2.00000
   -11.07481     2.00000
   -11.06279     2.00000
   -11.03798     2.00000
   -11.00050     2.00000
   -10.96961     2.00000
   -10.95358     2.00000
   -10.91661     2.00000
   -10.83907     2.00000
   -10.77477     2.00000
   -10.63401     2.00000
   -10.60926     2.00000
   -10.50717     2.00000
   -10.46787     2.00000
   -10.44145     2.00000
   -10.37674     2.00000
   -10.33372     2.00000
   -10.29826     2.00000
   -10.25368     2.00000
   -10.17541     2.00000
   -10.14709     2.00000
   -10.13678     2.00000
   -10.07573     2.00000
    -9.98922     2.00000
    -9.92959     2.00000
    -9.82336     2.00000
    -9.74563     2.00000
    -9.69499     2.00000
    -9.65345     2.00000
    -9.64098     2.00000
    -9.58639     2.00000
    -9.51866     2.00000
    -9.48302     2.00000
    -9.43436     2.00000
    -9.41623     2.00000
    -9.35804     2.00000
    -9.26431     2.00000
    -9.16792     2.00000
    -9.11883     2.00000
    -9.05894     2.00000
    -9.02591     2.00000
    -9.00002     2.00000
    -8.93579     2.00000
    -8.89342     2.00000
    -8.85697     2.00000
    -8.80564     2.00000
    -8.69351     2.00000
    -4.17183     0.00000
    -4.11433     0.00000
    -4.09847     0.00000
    -4.05505     0.00000
    -4.00493     0.00000
    -3.98715     0.00000
    -3.95010     0.00000
    -3.89340     0.00000
    -3.87565     0.00000
    -3.85433     0.00000
    -3.74884     0.00000
    -3.70519     0.00000
    -3.62833     0.00000
    -3.60297     0.00000
    -3.58749     0.00000
    -3.55272     0.00000
    -3.50647     0.00000
    -3.47686     0.00000
    -3.41620     0.00000
    -3.39549     0.00000
    -3.35619     0.00000
    -3.30386     0.00000
    -3.18744     0.00000
    -3.08308     0.00000
    -3.03719     0.00000
    -2.99972     0.00000
    -2.88007     0.00000
    -2.79786     0.00000
    -2.75803     0.00000
    -2.70094     0.00000
    -2.64900     0.00000
    -2.56752     0.00000
    -2.51489     0.00000
    -2.21241     0.00000
    -2.11474     0.00000
    -2.01208     0.00000
    -1.76596     0.00000
    -0.28648     0.00000
    -0.02916     0.00000
     0.16651     0.00000
     0.20942     0.00000
     0.42231     0.00000
     0.56734     0.00000
     0.78033     0.00000
     0.85594     0.00000
     0.90635     0.00000
     4.05169     0.00000
     4.47429     0.00000
     4.51212     0.00000
     5.03874     0.00000
     5.89237     0.00000
     6.98088     0.00000
     7.38270     0.00000
     7.53230     0.00000
     8.05424     0.00000
     9.02985     0.00000
     9.15281     0.00000
     9.42924     0.00000
     9.48817     0.00000
    10.03061     0.00000
    10.12148     0.00000
    10.35017     0.00000
    10.54955     0.00000
    10.64634     0.00000
    10.91866     0.00000
    11.21615     0.00000
    11.74757     0.00000
    12.21494     0.00000
    12.59813     0.00000
    12.80603     0.00000
    13.11847     0.00000
    13.31535     0.00000
    13.55540     0.00000
    13.92728     0.00000
    14.08242     0.00000
    14.46359     0.00000
    14.90281     0.00000
    15.17827     0.00000
    16.44029     0.00000
    17.18950     0.00000
    19.30894     0.00000
 
