 Fermi distribution function
 
 Coordinates of moved atoms (au):
    1      0.00000000      3.71886736     12.01815780
    2      0.00000000      0.00000000     11.33835593
    3      3.71886736      3.71886736     12.69795967
    4      0.00000000     11.15660209     12.01815780
    5      0.00000000      7.43773472     11.33835593
    6      3.71886736     11.15660209     12.69795967
    7      0.00000000     18.59433681     12.01815780
    8      0.00000000     14.87546945     11.33835593
    9      3.71886736     18.59433681     12.69795967
   10      0.00000000     26.03207153     12.01815780
   11      0.00000000     22.31320417     11.33835593
   12      3.71886736     26.03207153     12.69795967
   13      3.82292092     21.85744697     17.64794153
   14      4.36582435      2.96678256     19.42363856
   15      3.82026433      8.24655901     17.36894205
   16      0.07670133      4.42491010     15.69899922
   17      3.67251292     25.16337495     16.25719944
   18      4.20822838     28.62980395     17.15904045
   19      7.41159041     25.33666623     15.72523617
   20      0.01029307     11.60042052     15.75094307
   21      0.02165917     18.46954259     15.77796362
   22      6.78134672      0.19930394     19.00797785
   23      3.70731246     15.06858964     17.59395347
   24      3.72990929     11.67642903     16.27161402
   25      3.74454382     18.47519312     16.32027774
   26      0.94852153     27.56807094     20.89551777
   27      3.81329103      4.79522357     16.35592657
 
 COMPONENT = q
  
 Eigenvalues /H
   -0.91336395
   -0.91047854
   -0.90917350
   -0.90588304
   -0.90254549
   -0.89858443
   -0.89698531
   -0.89482442
   -0.89294829
   -0.89216313
   -0.89175250
   -0.89157403
   -0.89142075
   -0.89010559
   -0.88880914
   -0.88838181
   -0.88748703
   -0.88544412
   -0.43315295
   -0.43142789
   -0.43020583
   -0.42921401
   -0.41903381
   -0.41638097
   -0.41163689
   -0.40969175
   -0.40699196
   -0.40655002
   -0.40563815
   -0.40426102
   -0.40312587
   -0.40253664
   -0.40117823
   -0.39832867
   -0.39596549
   -0.39079273
   -0.38988310
   -0.38613145
   -0.38468712
   -0.38371636
   -0.38133809
   -0.37975731
   -0.37845393
   -0.37681594
   -0.37393938
   -0.37289856
   -0.37251987
   -0.37027613
   -0.36709717
   -0.36490554
   -0.36100189
   -0.35814521
   -0.35628443
   -0.35475787
   -0.35429941
   -0.35229318
   -0.34980416
   -0.34849466
   -0.34670649
   -0.34603994
   -0.34390159
   -0.34045702
   -0.33691492
   -0.33511096
   -0.33291003
   -0.33169626
   -0.33074449
   -0.32838431
   -0.32682725
   -0.32548774
   -0.32360149
   -0.31948064
   -0.15331207
   -0.15119885
   -0.15061611
   -0.14902028
   -0.14717851
   -0.14652494
   -0.14516344
   -0.14307988
   -0.14242741
   -0.14164391
   -0.13776751
   -0.13616306
   -0.13333858
   -0.13240659
   -0.13183765
   -0.13056008
   -0.12886042
   -0.12777224
   -0.12554313
   -0.12478199
   -0.12333756
   -0.12141478
   -0.11713640
   -0.11330119
   -0.11161458
   -0.11023774
   -0.10584064
   -0.10281957
   -0.10135587
   -0.09925767
   -0.09734887
   -0.09435469
   -0.09242037
   -0.08130441
   -0.07771527
   -0.07394242
   -0.06489771
   -0.01052777
   -0.00107176
    0.00611929
    0.00769610
    0.01551945
    0.02084933
    0.02867653
    0.03145529
    0.03330782
    0.14889680
    0.16442721
    0.16581753
    0.18517029
    0.21654058
    0.25654274
    0.27130915
    0.27680708
    0.29598773
    0.33184088
    0.33635945
    0.34651824
    0.34868374
    0.36861824
    0.37195763
    0.38036179
    0.38768878
    0.39124574
    0.40125338
    0.41218597
    0.43171516
    0.44889076
    0.46297279
    0.47061289
    0.48209490
    0.48933014
    0.49815168
    0.51181800
    0.51751927
    0.53152717
    0.54766830
    0.55779117
    0.60416957
    0.63170252
    0.70959063
 
 Eigenvalues /eV
  -24.85389774
  -24.77538162
  -24.73986957
  -24.65033160
  -24.55951238
  -24.45172632
  -24.40821218
  -24.34941143
  -24.29835916
  -24.27699405
  -24.26582022
  -24.26096376
  -24.25679290
  -24.22100557
  -24.18572724
  -24.17409912
  -24.14975083
  -24.09416049
  -11.78669157
  -11.73975012
  -11.70649626
  -11.67950750
  -11.40249001
  -11.33030270
  -11.20120972
  -11.14827965
  -11.07481481
  -11.06278904
  -11.03797580
  -11.00050215
  -10.96961318
  -10.95357936
  -10.91661497
  -10.83907470
  -10.77476927
  -10.63401122
  -10.60925884
  -10.50717137
  -10.46786911
  -10.44145346
  -10.37673743
  -10.33372226
  -10.29825535
  -10.25368339
  -10.17540833
  -10.14708617
  -10.13678154
  -10.07572611
   -9.98922225
   -9.92958504
   -9.82336134
   -9.74562702
   -9.69499249
   -9.65345294
   -9.64097753
   -9.58638525
   -9.51865553
   -9.48302228
   -9.43436374
   -9.41622575
   -9.35803827
   -9.26430691
   -9.16792135
   -9.11883321
   -9.05894280
   -9.02591459
   -9.00001540
   -8.93579184
   -8.89342186
   -8.85697197
   -8.80564469
   -8.69351066
   -4.17183362
   -4.11433011
   -4.09847301
   -4.05504809
   -4.00493098
   -3.98714637
   -3.95009828
   -3.89340156
   -3.87564699
   -3.85432702
   -3.74884468
   -3.70518536
   -3.62832732
   -3.60296669
   -3.58748504
   -3.55272061
   -3.50647056
   -3.47685949
   -3.41620235
   -3.39549075
   -3.35618578
   -3.30386440
   -3.18744362
   -3.08308229
   -3.03718735
   -2.99972155
   -2.88007044
   -2.79786281
   -2.75803352
   -2.70093866
   -2.64899746
   -2.56752175
   -2.51488622
   -2.21240556
   -2.11473998
   -2.01207554
   -1.76595657
   -0.28647527
   -0.02916403
    0.16651428
    0.20942141
    0.42230562
    0.56733909
    0.78032796
    0.85594208
    0.90635196
    4.05168805
    4.47429214
    4.51212457
    5.03873994
    5.89236910
    6.98088303
    7.38269757
    7.53230401
    8.05423585
    9.02984967
    9.15280628
    9.42924097
    9.48816734
   10.03061268
   10.12148216
   10.35017082
   10.54954837
   10.64633821
   10.91865999
   11.21615093
   11.74756730
   12.21493908
   12.59813050
   12.80602823
   13.11846982
   13.31535071
   13.55539701
   13.92727651
   14.08241595
   14.46359029
   14.90281256
   15.17827002
   16.44029048
   17.18950029
   19.30894350
 
 Fillings
     2.00000
     2.00000
     2.00000
     2.00000
     2.00000
     2.00000
     2.00000
     2.00000
     2.00000
     2.00000
     2.00000
     2.00000
     2.00000
     2.00000
     2.00000
     2.00000
     2.00000
     2.00000
     2.00000
     2.00000
     2.00000
     2.00000
     2.00000
     2.00000
     2.00000
     2.00000
     2.00000
     2.00000
     2.00000
     2.00000
     2.00000
     2.00000
     2.00000
     2.00000
     2.00000
     2.00000
     2.00000
     2.00000
     2.00000
     2.00000
     2.00000
     2.00000
     2.00000
     2.00000
     2.00000
     2.00000
     2.00000
     2.00000
     2.00000
     2.00000
     2.00000
     2.00000
     2.00000
     2.00000
     2.00000
     2.00000
     2.00000
     2.00000
     2.00000
     2.00000
     2.00000
     2.00000
     2.00000
     2.00000
     2.00000
     2.00000
     2.00000
     2.00000
     2.00000
     2.00000
     2.00000
     2.00000
     0.00000
     0.00000
     0.00000
     0.00000
     0.00000
     0.00000
     0.00000
     0.00000
     0.00000
     0.00000
     0.00000
     0.00000
     0.00000
     0.00000
     0.00000
     0.00000
     0.00000
     0.00000
     0.00000
     0.00000
     0.00000
     0.00000
     0.00000
     0.00000
     0.00000
     0.00000
     0.00000
     0.00000
     0.00000
     0.00000
     0.00000
     0.00000
     0.00000
     0.00000
     0.00000
     0.00000
     0.00000
     0.00000
     0.00000
     0.00000
     0.00000
     0.00000
     0.00000
     0.00000
     0.00000
     0.00000
     0.00000
     0.00000
     0.00000
     0.00000
     0.00000
     0.00000
     0.00000
     0.00000
     0.00000
     0.00000
     0.00000
     0.00000
     0.00000
     0.00000
     0.00000
     0.00000
     0.00000
     0.00000
     0.00000
     0.00000
     0.00000
     0.00000
     0.00000
     0.00000
     0.00000
     0.00000
     0.00000
     0.00000
     0.00000
     0.00000
     0.00000
     0.00000
     0.00000
     0.00000
     0.00000
 
 Fermi energy:                      -0.3072559845 H           -8.3609 eV
 Band energy:                      -72.6276038088 H        -1976.2977 eV
 TS:                                 0.0000000000 H            0.0000 eV
 Band free energy (E-TS):          -72.6276038088 H        -1976.2977 eV
 Extrapolated E(0K):               -72.6276038088 H        -1976.2977 eV
 
 Energy H0:                        -72.6276038088 H        -1976.2977 eV
 Total Electronic energy:          -72.6276038088 H        -1976.2977 eV
 Repulsive energy:                   2.3219979735 H           63.1848 eV
 Total energy:                     -70.3056058353 H        -1913.1129 eV
 Total Mermin free energy:         -70.3056058353 H        -1913.1129 eV
 
 Non-SCC calculation
 
 Full geometry written in geo_end.{xyz|gen}
 
 Total Forces
  5.153075020568791E-004  6.919501241826609E-004  1.581999315486758E-002
  2.611199810277125E-005 -4.430927583398344E-004 -6.938807025396211E-004
  5.041202835628563E-003  4.058073226395266E-003  1.994733838567228E-003
  3.774330780414604E-003  9.731648844776911E-004  1.398895063649387E-002
 -9.265082704609856E-005  4.271977024568491E-003 -7.490724345384253E-003
  5.108679835261694E-004  3.975208866400716E-003 -1.419272097507489E-002
  1.421446357281892E-003 -4.902119441840924E-004  1.801842669929260E-002
 -3.262192332702729E-006  1.371813939967417E-003 -7.894735401133859E-003
  1.243004276437022E-003 -4.186265137780072E-004 -7.030917399602529E-003
  7.336872755579835E-004 -2.664720528904834E-003  2.121079018817003E-002
 -6.713615681785550E-006 -3.467639790569926E-003 -8.484050630476046E-003
 -2.048593752290921E-003 -8.963095240275110E-003 -9.703646411860278E-003
 -2.793932617390185E-003 -1.591633857675989E-002 -1.723722291155305E-003
 -4.892192425918589E-003  7.911763936184958E-003  4.235272439707866E-003
 -2.448223712334479E-003 -9.077628658612912E-003 -2.178578801895203E-005
  1.507595327054127E-002  1.326996209141712E-002 -6.937227631289448E-003
  2.385557843302412E-003  1.499917141741338E-002 -1.578208712060714E-002
  5.880920471226514E-003 -1.841497083459985E-002 -4.327035806524687E-003
  6.052114831135023E-003 -2.455479258283396E-003 -1.231717059792081E-003
  1.013592623382993E-003  1.307396449198328E-003  1.113786921913960E-003
  8.598734362798310E-004  1.020917997393426E-003 -2.806561059278470E-004
 -4.375745009507423E-003 -1.658841104112264E-002  1.841588243327522E-002
  1.320447770946843E-003  4.900510751671126E-004 -7.048243672648807E-003
 -4.030942371952345E-003  4.262994544858165E-003  1.623504926270017E-003
 -2.425298967116595E-003 -9.618338125585808E-004 -6.623701109034624E-004
 -1.375723906411132E-002  1.455602922563518E-002 -4.321261087354492E-003
 -8.979624700138231E-003  6.701574154729332E-003  1.405441301735463E-003
 
 Total stress tensor
     -0.000000946791      0.000001699268     -0.000014192425
      0.000001698478     -0.000092154272     -0.000000501397
     -0.000014192877     -0.000000501520     -0.000003477716
 
 Total lattice derivs
      0.001330741247     -0.002388368159      0.019947852145
     -0.000596814610      0.032381353664      0.000176181915
      0.003140594063      0.000110976133      0.000769547550
 
 Maximal derivative component:       0.212108E-01 au
 Max force for moved atoms::         0.212108E-01 au
 
 Volume:                             0.104539E+05 au^3
 Pressure:                          -0.321929E-04 au    -0.947148E+09 Pa
 
 Geometry converged
 
