 KPT            1  SPIN            1  KWEIGHT    1.00000000000000     
   -24.87908     2.00000
   -24.77489     2.00000
   -24.76426     2.00000
   -24.64374     2.00000
   -24.50837     2.00000
   -24.44920     2.00000
   -24.41785     2.00000
   -24.40812     2.00000
   -24.32589     2.00000
   -24.30970     2.00000
   -24.28304     2.00000
   -24.26320     2.00000
   -24.26205     2.00000
   -24.24593     2.00000
   -24.18348     2.00000
   -24.17155     2.00000
   -24.16668     2.00000
   -24.04449     2.00000
   -11.79099     2.00000
   -11.74059     2.00000
   -11.70412     2.00000
   -11.67486     2.00000
   -11.32496     2.00000
   -11.23060     2.00000
   -11.15962     2.00000
   -11.11729     2.00000
   -11.09354     2.00000
   -11.08687     2.00000
   -11.03618     2.00000
   -11.01196     2.00000
   -10.98753     2.00000
   -10.98242     2.00000
   -10.94482     2.00000
   -10.91575     2.00000
   -10.78256     2.00000
   -10.71485     2.00000
   -10.66156     2.00000
   -10.55340     2.00000
   -10.51967     2.00000
   -10.43353     2.00000
   -10.41662     2.00000
   -10.38809     2.00000
   -10.30511     2.00000
   -10.30090     2.00000
   -10.25473     2.00000
   -10.23475     2.00000
   -10.15374     2.00000
   -10.14120     2.00000
   -10.12017     2.00000
    -9.95499     2.00000
    -9.94115     2.00000
    -9.80285     2.00000
    -9.79575     2.00000
    -9.70389     2.00000
    -9.61228     2.00000
    -9.53929     2.00000
    -9.49761     2.00000
    -9.45952     2.00000
    -9.42583     2.00000
    -9.37514     2.00000
    -9.36933     2.00000
    -9.23659     2.00000
    -9.22351     2.00000
    -9.11716     2.00000
    -9.04897     2.00000
    -9.04074     2.00000
    -9.00303     2.00000
    -8.94375     2.00000
    -8.91718     2.00000
    -8.88685     2.00000
    -8.77338     2.00000
    -8.68873     2.00000
    -4.10130     0.00000
    -4.07935     0.00000
    -4.04013     0.00000
    -4.01234     0.00000
    -3.98480     0.00000
    -3.92532     0.00000
    -3.89770     0.00000
    -3.87219     0.00000
    -3.85510     0.00000
    -3.80823     0.00000
    -3.68031     0.00000
    -3.65907     0.00000
    -3.61568     0.00000
    -3.56069     0.00000
    -3.53078     0.00000
    -3.51149     0.00000
    -3.49888     0.00000
    -3.46174     0.00000
    -3.40927     0.00000
    -3.36853     0.00000
    -3.30745     0.00000
    -3.23795     0.00000
    -3.11341     0.00000
    -3.09040     0.00000
    -2.97356     0.00000
    -2.94149     0.00000
    -2.81571     0.00000
    -2.75753     0.00000
    -2.64138     0.00000
    -2.61291     0.00000
    -2.51123     0.00000
    -2.38000     0.00000
    -2.33145     0.00000
    -2.12539     0.00000
    -1.93411     0.00000
    -1.81187     0.00000
    -1.73740     0.00000
    -0.59222     0.00000
    -0.24776     0.00000
     0.16510     0.00000
     0.17627     0.00000
     0.26459     0.00000
     0.29616     0.00000
     0.48137     0.00000
     0.58459     0.00000
     0.75807     0.00000
     3.92819     0.00000
     4.29517     0.00000
     4.55088     0.00000
     5.09168     0.00000
     7.77024     0.00000
     7.85791     0.00000
     7.92879     0.00000
     8.12801     0.00000
     8.85099     0.00000
     9.24931     0.00000
     9.40351     0.00000
     9.48139     0.00000
     9.58607     0.00000
    10.17365     0.00000
    10.34043     0.00000
    10.49480     0.00000
    10.58094     0.00000
    10.83571     0.00000
    10.92865     0.00000
    11.53613     0.00000
    11.57992     0.00000
    12.28203     0.00000
    12.61391     0.00000
    12.78370     0.00000
    13.36768     0.00000
    13.45925     0.00000
    13.88759     0.00000
    14.12179     0.00000
    14.44421     0.00000
    14.51015     0.00000
    15.16477     0.00000
    15.40272     0.00000
    15.84684     0.00000
    16.61286     0.00000
    18.95920     0.00000
 
