 Fermi distribution function
 
 Coordinates of moved atoms (au):
    1      0.00000000      3.71886736     12.01815780
    2      0.00000000      0.00000000     11.33835593
    3      3.71886736      3.71886736     12.69795967
    4      0.00000000     11.15660209     12.01815780
    5      0.00000000      7.43773472     11.33835593
    6      3.71886736     11.15660209     12.69795967
    7      0.00000000     18.59433681     12.01815780
    8      0.00000000     14.87546945     11.33835593
    9      3.71886736     18.59433681     12.69795967
   10      0.00000000     26.03207153     12.01815780
   11      0.00000000     22.31320417     11.33835593
   12      3.71886736     26.03207153     12.69795967
   13      1.69559774     14.85361665     19.08200300
   14      7.43252308     26.34449107     15.68779535
   15      3.72187910     26.39516804     16.29678741
   16      0.00790026     19.71324780     15.64593589
   17      3.67931825      6.65510349     17.68082171
   18      4.10434764     17.50668871     19.04597666
   19      4.09582806     12.19353213     19.03601167
   20      3.73571502     19.76885268     16.29894325
   21      3.71724399      3.32403232     16.29824059
   22      7.43272740      3.37546046     15.69710180
   23      3.68163189     23.06117163     17.66423118
   24      0.01198321     10.01225873     15.63970853
   25      3.70561704     29.73762397     17.65488827
   26      0.52655479     14.86485425     16.08653314
   27      3.74071774      9.93403346     16.28761916
 
 COMPONENT = q
  
 Eigenvalues /H
   -0.91428934
   -0.91046064
   -0.91006965
   -0.90564076
   -0.90066611
   -0.89849169
   -0.89733954
   -0.89698197
   -0.89396004
   -0.89336509
   -0.89238545
   -0.89165639
   -0.89161393
   -0.89102157
   -0.88872656
   -0.88828809
   -0.88810929
   -0.88361859
   -0.43331103
   -0.43145891
   -0.43011856
   -0.42904319
   -0.41618479
   -0.41271714
   -0.41010837
   -0.40855285
   -0.40768000
   -0.40743481
   -0.40557206
   -0.40468210
   -0.40378438
   -0.40359648
   -0.40221481
   -0.40114650
   -0.39625176
   -0.39376343
   -0.39180510
   -0.38783035
   -0.38659059
   -0.38342506
   -0.38280371
   -0.38175543
   -0.37870592
   -0.37855119
   -0.37685441
   -0.37612015
   -0.37314303
   -0.37268239
   -0.37190952
   -0.36583919
   -0.36533066
   -0.36024818
   -0.35998728
   -0.35661149
   -0.35324470
   -0.35056233
   -0.34903074
   -0.34763099
   -0.34639289
   -0.34452998
   -0.34431644
   -0.33943847
   -0.33895775
   -0.33504959
   -0.33254362
   -0.33224119
   -0.33085540
   -0.32867679
   -0.32770018
   -0.32658561
   -0.32241577
   -0.31930509
   -0.15072015
   -0.14991327
   -0.14847203
   -0.14745061
   -0.14643863
   -0.14425286
   -0.14323769
   -0.14230047
   -0.14167226
   -0.13995000
   -0.13524904
   -0.13446844
   -0.13287372
   -0.13085281
   -0.12975375
   -0.12904487
   -0.12858137
   -0.12721654
   -0.12528846
   -0.12379112
   -0.12154645
   -0.11899242
   -0.11441585
   -0.11357017
   -0.10927642
   -0.10809761
   -0.10347544
   -0.10133722
   -0.09706907
   -0.09602265
   -0.09228600
   -0.08746349
   -0.08567922
   -0.07810667
   -0.07107739
   -0.06658506
   -0.06384810
   -0.02176357
   -0.00910516
    0.00606719
    0.00647773
    0.00972350
    0.01088375
    0.01769016
    0.02148331
    0.02785859
    0.14435823
    0.15784463
    0.16724183
    0.18711579
    0.28555100
    0.28877306
    0.29137772
    0.29869872
    0.32526790
    0.33990590
    0.34557265
    0.34843464
    0.35228151
    0.37387492
    0.38000372
    0.38567697
    0.38884238
    0.39820488
    0.40162067
    0.42394509
    0.42555432
    0.45135622
    0.46355275
    0.46979220
    0.49125338
    0.49461828
    0.51035957
    0.51896613
    0.53081506
    0.53323804
    0.55729498
    0.56603947
    0.58236065
    0.61051143
    0.69673789
 
 Eigenvalues /eV
  -24.87907882
  -24.77489451
  -24.76425506
  -24.64373888
  -24.50837196
  -24.44920272
  -24.41785117
  -24.40812120
  -24.32589040
  -24.30970085
  -24.28304361
  -24.26320482
  -24.26204958
  -24.24593052
  -24.18348014
  -24.17154870
  -24.16668349
  -24.04448528
  -11.79099302
  -11.74059420
  -11.70412150
  -11.67485921
  -11.32496444
  -11.23060474
  -11.15961665
  -11.11728875
  -11.09353719
  -11.08686536
  -11.03617714
  -11.01196023
  -10.98753198
  -10.98241892
  -10.94482172
  -10.91575158
  -10.78255906
  -10.71484818
  -10.66155911
  -10.55340073
  -10.51966525
  -10.43352680
  -10.41661902
  -10.38809389
  -10.30511234
  -10.30090210
  -10.25473035
  -10.23475000
  -10.15373835
  -10.14120394
  -10.12017288
   -9.95499076
   -9.94115311
   -9.80285173
   -9.79575227
   -9.70389244
   -9.61227729
   -9.53928649
   -9.49760962
   -9.45952066
   -9.42583011
   -9.37513769
   -9.36932695
   -9.23659070
   -9.22350977
   -9.11716334
   -9.04897218
   -9.04074282
   -9.00303354
   -8.94375047
   -8.91717564
   -8.88684655
   -8.77337961
   -8.68873370
   -4.10130398
   -4.07934754
   -4.04012950
   -4.01233532
   -3.98479776
   -3.92531995
   -3.89769574
   -3.87219290
   -3.85509830
   -3.80823321
   -3.68031351
   -3.65907246
   -3.61567789
   -3.56068616
   -3.53077915
   -3.51148965
   -3.49887714
   -3.46173831
   -3.40927243
   -3.36852771
   -3.30744732
   -3.23794862
   -3.11341377
   -3.09040158
   -2.97356256
   -2.94148564
   -2.81570988
   -2.75752602
   -2.64138373
   -2.61290920
   -2.51122973
   -2.38000279
   -2.33145015
   -2.12539063
   -1.93411417
   -1.81187163
   -1.73739508
   -0.59221683
   -0.24776393
    0.16509662
    0.17626807
    0.26458991
    0.29616199
    0.48137372
    0.58459049
    0.75807067
    3.92818733
    4.29517097
    4.55088170
    5.09167969
    7.77023804
    7.85791483
    7.92879117
    8.12800582
    8.85098985
    9.24931014
    9.40351017
    9.48138906
    9.58606758
   10.17365418
   10.34042736
   10.49480441
   10.58093940
   10.83570596
   10.92865461
   11.53613283
   11.57992235
   12.28202766
   12.61391219
   12.78369623
   13.36768474
   13.45924821
   13.88759046
   14.12178686
   14.44421273
   14.51014537
   15.16476808
   15.40271776
   15.84683960
   16.61286119
   18.95920254
 
 Fillings
     2.00000
     2.00000
     2.00000
     2.00000
     2.00000
     2.00000
     2.00000
     2.00000
     2.00000
     2.00000
     2.00000
     2.00000
     2.00000
     2.00000
     2.00000
     2.00000
     2.00000
     2.00000
     2.00000
     2.00000
     2.00000
     2.00000
     2.00000
     2.00000
     2.00000
     2.00000
     2.00000
     2.00000
     2.00000
     2.00000
     2.00000
     2.00000
     2.00000
     2.00000
     2.00000
     2.00000
     2.00000
     2.00000
     2.00000
     2.00000
     2.00000
     2.00000
     2.00000
     2.00000
     2.00000
     2.00000
     2.00000
     2.00000
     2.00000
     2.00000
     2.00000
     2.00000
     2.00000
     2.00000
     2.00000
     2.00000
     2.00000
     2.00000
     2.00000
     2.00000
     2.00000
     2.00000
     2.00000
     2.00000
     2.00000
     2.00000
     2.00000
     2.00000
     2.00000
     2.00000
     2.00000
     2.00000
     0.00000
     0.00000
     0.00000
     0.00000
     0.00000
     0.00000
     0.00000
     0.00000
     0.00000
     0.00000
     0.00000
     0.00000
     0.00000
     0.00000
     0.00000
     0.00000
     0.00000
     0.00000
     0.00000
     0.00000
     0.00000
     0.00000
     0.00000
     0.00000
     0.00000
     0.00000
     0.00000
     0.00000
     0.00000
     0.00000
     0.00000
     0.00000
     0.00000
     0.00000
     0.00000
     0.00000
     0.00000
     0.00000
     0.00000
     0.00000
     0.00000
     0.00000
     0.00000
     0.00000
     0.00000
     0.00000
     0.00000
     0.00000
     0.00000
     0.00000
     0.00000
     0.00000
     0.00000
     0.00000
     0.00000
     0.00000
     0.00000
     0.00000
     0.00000
     0.00000
     0.00000
     0.00000
     0.00000
     0.00000
     0.00000
     0.00000
     0.00000
     0.00000
     0.00000
     0.00000
     0.00000
     0.00000
     0.00000
     0.00000
     0.00000
     0.00000
     0.00000
     0.00000
     0.00000
     0.00000
     0.00000
 
 Fermi energy:                      -0.3126541311 H           -8.5078 eV
 Band energy:                      -72.7079541145 H        -1978.4841 eV
 TS:                                 0.0000000000 H            0.0000 eV
 Band free energy (E-TS):          -72.7079541145 H        -1978.4841 eV
 Extrapolated E(0K):               -72.7079541145 H        -1978.4841 eV
 
 Energy H0:                        -72.7079541145 H        -1978.4841 eV
 Total Electronic energy:          -72.7079541145 H        -1978.4841 eV
 Repulsive energy:                   2.3841152413 H           64.8751 eV
 Total energy:                     -70.3238388731 H        -1913.6090 eV
 Total Mermin free energy:         -70.3238388731 H        -1913.6090 eV
 
 Non-SCC calculation
 
 Full geometry written in geo_end.{xyz|gen}
 
 Total Forces
 -5.674215343620041E-005 -1.329431981143128E-003  1.972473677106006E-002
  9.047654472744433E-006 -6.366518169688401E-005 -9.137629536752120E-003
 -2.618830240310072E-004 -2.106921334256568E-003 -1.025164595499979E-002
  6.800421540456221E-004 -2.773607658807863E-003  3.062132284740129E-002
 -2.791080345614111E-005 -6.928656405184040E-003 -1.257532279653556E-002
  1.188498015292562E-003 -2.883757205382163E-003 -1.811473433753347E-003
  6.066470568694818E-004  2.873101992659804E-003  3.015630221774951E-002
 -1.216519941260294E-003  9.795253617471375E-005 -1.205695526240558E-002
  9.669294632866099E-004  2.129304572462982E-003 -2.817148871049731E-003
 -3.105098395410975E-004  1.474265366252942E-003  2.284521115244391E-002
 -1.582519507536918E-005  6.567758349449525E-003 -1.238347052881135E-002
 -2.396306158165467E-004  1.865876415688261E-003 -1.198897164485324E-002
  3.346845790581754E-003  7.959212183223448E-005  1.792076325557845E-002
  3.556563101994535E-003 -4.643058802812567E-004 -6.730072245791641E-004
 -3.846632576428091E-003 -2.253640175524152E-003 -5.829465540786678E-003
  5.758217452341114E-003 -2.646484016043067E-003 -3.831714220037308E-003
  1.244721607829983E-003 -1.631273431760967E-002  1.416936886444536E-003
 -1.616213655552992E-003 -4.258245854477746E-003  7.929352625040825E-003
 -1.549785341100035E-003  4.705178671136026E-003  8.428895741456499E-003
 -1.993630340204743E-003 -2.650841537245274E-003 -1.103934591046912E-002
 -1.730714188110103E-003  5.687011618585999E-003 -7.052325786918140E-003
  1.167936020042777E-003  5.311207380627909E-004  1.626803569831706E-003
  1.125418095323375E-003  1.468829132432479E-002  2.071183297387966E-003
  5.986142748737088E-003  2.390549821678242E-003 -3.964991468036888E-003
  2.829233185189296E-004 -2.188694178100853E-003 -1.630360713433379E-003
 -1.049659867786175E-002 -8.165943243071340E-005 -2.340747103547502E-002
 -2.557336127462131E-003  3.852641629875125E-003 -1.229020843549842E-002
 
 Total stress tensor
     -0.000013332468      0.000000019595     -0.000000741277
      0.000000019580     -0.000069186523      0.000000018810
     -0.000000739125      0.000000018759     -0.000000930366
 
 Total lattice derivs
      0.018739157585     -0.000027540956      0.001041885751
     -0.000006880228      0.024310899811     -0.000006609540
      0.000163553181     -0.000004151069      0.000205870941
 
 Maximal derivative component:       0.306213E-01 au
 Max force for moved atoms::         0.306213E-01 au
 
 Volume:                             0.104539E+05 au^3
 Pressure:                          -0.278165E-04 au    -0.818388E+09 Pa
 
 Geometry converged
 
