 KPT            1  SPIN            1  KWEIGHT    1.00000000000000     
   -24.82045     2.00000
   -24.76154     2.00000
   -24.73428     2.00000
   -24.65560     2.00000
   -24.54441     2.00000
   -24.44853     2.00000
   -24.40600     2.00000
   -24.34589     2.00000
   -24.30917     2.00000
   -24.28550     2.00000
   -24.26843     2.00000
   -24.26465     2.00000
   -24.25904     2.00000
   -24.22721     2.00000
   -24.18786     2.00000
   -24.17249     2.00000
   -24.15689     2.00000
   -24.07099     2.00000
   -11.78357     2.00000
   -11.74330     2.00000
   -11.71423     2.00000
   -11.69647     2.00000
   -11.33898     2.00000
   -11.24025     2.00000
   -11.16755     2.00000
   -11.14813     2.00000
   -11.09585     2.00000
   -11.06157     2.00000
   -10.99332     2.00000
   -10.98544     2.00000
   -10.97016     2.00000
   -10.90099     2.00000
   -10.86932     2.00000
   -10.77593     2.00000
   -10.71834     2.00000
   -10.64884     2.00000
   -10.61378     2.00000
   -10.49541     2.00000
   -10.45279     2.00000
   -10.38564     2.00000
   -10.37322     2.00000
   -10.32620     2.00000
   -10.28624     2.00000
   -10.22194     2.00000
   -10.18599     2.00000
   -10.14202     2.00000
   -10.13551     2.00000
   -10.08007     2.00000
   -10.04832     2.00000
    -9.90028     2.00000
    -9.85916     2.00000
    -9.77492     2.00000
    -9.73434     2.00000
    -9.64908     2.00000
    -9.64002     2.00000
    -9.56766     2.00000
    -9.54900     2.00000
    -9.52196     2.00000
    -9.44954     2.00000
    -9.42801     2.00000
    -9.37338     2.00000
    -9.29437     2.00000
    -9.21590     2.00000
    -9.11007     2.00000
    -9.08582     2.00000
    -9.02563     2.00000
    -8.98874     2.00000
    -8.95264     2.00000
    -8.88314     2.00000
    -8.87570     2.00000
    -8.83303     2.00000
    -8.76509     2.00000
    -4.21077     0.00000
    -4.11660     0.00000
    -4.08951     0.00000
    -4.04368     0.00000
    -3.97723     0.00000
    -3.95475     0.00000
    -3.92604     0.00000
    -3.89760     0.00000
    -3.86812     0.00000
    -3.83258     0.00000
    -3.65071     0.00000
    -3.62007     0.00000
    -3.60045     0.00000
    -3.57173     0.00000
    -3.52419     0.00000
    -3.48994     0.00000
    -3.48220     0.00000
    -3.45596     0.00000
    -3.40812     0.00000
    -3.38162     0.00000
    -3.33819     0.00000
    -3.28297     0.00000
    -3.19830     0.00000
    -3.10154     0.00000
    -3.08904     0.00000
    -2.97097     0.00000
    -2.96279     0.00000
    -2.79627     0.00000
    -2.73957     0.00000
    -2.71862     0.00000
    -2.67498     0.00000
    -2.54962     0.00000
    -2.48301     0.00000
    -2.37310     0.00000
    -2.25301     0.00000
    -2.01534     0.00000
    -1.94121     0.00000
    -0.36845     0.00000
    -0.25174     0.00000
     0.11551     0.00000
     0.20121     0.00000
     0.26299     0.00000
     0.46827     0.00000
     0.59885     0.00000
     0.80303     0.00000
     2.73510     0.00000
     4.11899     0.00000
     4.54553     0.00000
     4.58168     0.00000
     5.07253     0.00000
     5.32209     0.00000
     7.06705     0.00000
     7.14589     0.00000
     7.35876     0.00000
     8.16134     0.00000
     8.40892     0.00000
     8.73393     0.00000
     9.34592     0.00000
     9.42391     0.00000
    10.02164     0.00000
    10.16083     0.00000
    10.30855     0.00000
    10.52238     0.00000
    10.61705     0.00000
    10.96386     0.00000
    11.16554     0.00000
    11.66304     0.00000
    12.25240     0.00000
    12.52791     0.00000
    12.87500     0.00000
    13.20142     0.00000
    13.35614     0.00000
    13.55324     0.00000
    13.79490     0.00000
    13.99668     0.00000
    14.18530     0.00000
    14.64860     0.00000
    14.90600     0.00000
    15.19516     0.00000
    15.61494     0.00000
    16.25610     0.00000
 
