 Fermi distribution function
 
 Coordinates of moved atoms (au):
    1      0.00000000      3.71886736     12.01815780
    2      0.00000000      0.00000000     11.33835593
    3      3.71886736      3.71886736     12.69795967
    4      0.00000000     11.15660209     12.01815780
    5      0.00000000      7.43773472     11.33835593
    6      3.71886736     11.15660209     12.69795967
    7      0.00000000     18.59433681     12.01815780
    8      0.00000000     14.87546945     11.33835593
    9      3.71886736     18.59433681     12.69795967
   10      0.00000000     26.03207153     12.01815780
   11      0.00000000     22.31320417     11.33835593
   12      3.71886736     26.03207153     12.69795967
   13      7.34850487     25.52743080     15.73510348
   14      3.85386443      4.58488460     16.40728881
   15      3.66632867     21.83641199     17.42447297
   16      6.96863219     28.61088188     22.89271791
   17      3.71182066     18.37720051     16.30072984
   18      5.12560578      2.75410701     19.41280668
   19      0.13773521      4.28733609     15.64423377
   20      0.00153855     11.44679062     15.76459519
   21      3.71848157     14.92001307     17.54443072
   22      3.71984222     11.46304938     16.29913861
   23      3.61958707     25.25408158     16.31335984
   24      7.43145751     18.37677249     15.76420379
   25      3.76235444      8.03202312     17.47436019
   26      3.24260624     28.13166191     18.66750278
   27      6.84737053     29.37736879     19.61730701
 
 COMPONENT = q
  
 Eigenvalues /H
   -0.91213482
   -0.90996973
   -0.90896810
   -0.90607682
   -0.90199037
   -0.89846707
   -0.89690388
   -0.89469504
   -0.89334575
   -0.89247567
   -0.89184830
   -0.89170957
   -0.89150350
   -0.89033352
   -0.88888746
   -0.88832279
   -0.88774949
   -0.88459248
   -0.43303835
   -0.43155850
   -0.43048995
   -0.42983751
   -0.41669990
   -0.41307172
   -0.41039984
   -0.40968640
   -0.40776510
   -0.40650531
   -0.40399705
   -0.40370737
   -0.40314581
   -0.40060411
   -0.39944001
   -0.39600823
   -0.39389166
   -0.39133756
   -0.39004915
   -0.38569918
   -0.38413313
   -0.38166530
   -0.38120881
   -0.37948083
   -0.37801231
   -0.37564933
   -0.37432830
   -0.37271253
   -0.37247315
   -0.37043572
   -0.36926908
   -0.36382871
   -0.36231759
   -0.35922186
   -0.35773025
   -0.35459706
   -0.35426409
   -0.35160497
   -0.35091939
   -0.34992545
   -0.34726422
   -0.34647314
   -0.34446543
   -0.34156186
   -0.33867804
   -0.33478904
   -0.33389784
   -0.33168592
   -0.33033018
   -0.32900334
   -0.32644955
   -0.32617589
   -0.32460772
   -0.32211118
   -0.15474309
   -0.15128216
   -0.15028685
   -0.14860264
   -0.14616069
   -0.14533432
   -0.14427928
   -0.14323421
   -0.14215095
   -0.14084485
   -0.13416125
   -0.13303514
   -0.13231407
   -0.13125883
   -0.12951167
   -0.12825293
   -0.12796858
   -0.12700435
   -0.12524609
   -0.12427221
   -0.12267641
   -0.12064702
   -0.11753553
   -0.11397950
   -0.11352003
   -0.10918096
   -0.10888065
   -0.10276112
   -0.10067740
   -0.09990757
   -0.09830377
   -0.09369675
   -0.09124878
   -0.08720994
   -0.08279655
   -0.07406239
   -0.07133825
   -0.01354045
   -0.00925129
    0.00424484
    0.00739435
    0.00966477
    0.01720873
    0.02200741
    0.02951076
    0.10051304
    0.15137027
    0.16704519
    0.16837355
    0.18641195
    0.19558332
    0.25970928
    0.26260650
    0.27042963
    0.29992371
    0.30902202
    0.32096614
    0.34345619
    0.34632244
    0.36828842
    0.37340355
    0.37883208
    0.38669049
    0.39016953
    0.40291462
    0.41032593
    0.42860894
    0.45026733
    0.46039214
    0.47314759
    0.48514338
    0.49082918
    0.49807250
    0.50695332
    0.51436871
    0.52130014
    0.53832611
    0.54778530
    0.55841172
    0.57383864
    0.59740082
 
 Eigenvalues /eV
  -24.82045134
  -24.76153629
  -24.73428053
  -24.65560478
  -24.54440683
  -24.44853284
  -24.40599625
  -24.34589063
  -24.30917457
  -24.28549868
  -24.26842708
  -24.26465204
  -24.25904459
  -24.22720778
  -24.18785855
  -24.17249299
  -24.15689284
  -24.07098613
  -11.78357312
  -11.74330418
  -11.71422749
  -11.69647385
  -11.33898120
  -11.24025336
  -11.16754798
  -11.14813424
  -11.09585285
  -11.06157222
  -10.99331907
  -10.98543640
  -10.97015552
  -10.90099243
  -10.86931574
  -10.77593208
  -10.71833735
  -10.64883685
  -10.61377730
  -10.49540881
  -10.45279432
  -10.38564116
  -10.37321944
  -10.32619880
  -10.28623829
  -10.22193831
  -10.18599139
  -10.14202401
  -10.13551015
  -10.08006881
  -10.04832289
   -9.90028285
   -9.85916327
   -9.77492402
   -9.73433544
   -9.64907694
   -9.64001642
   -9.56765816
   -9.54900249
   -9.52195583
   -9.44954026
   -9.42801380
   -9.37338129
   -9.29437106
   -9.21589848
   -9.11007331
   -9.08582263
   -9.02563322
   -8.98874142
   -8.95263627
   -8.88314418
   -8.87569753
   -8.83302552
   -8.76509122
   -4.21077362
   -4.11659691
   -4.08951318
   -4.04368348
   -3.97723476
   -3.95474817
   -3.92603897
   -3.89760126
   -3.86812423
   -3.83258349
   -3.65071346
   -3.62007025
   -3.60044907
   -3.57173459
   -3.52419188
   -3.48993985
   -3.48220236
   -3.45596431
   -3.40811938
   -3.38161887
   -3.33819487
   -3.28297238
   -3.19830462
   -3.10154003
   -3.08903708
   -2.97096513
   -2.96279332
   -2.79627224
   -2.73957155
   -2.71862338
   -2.67498170
   -2.54961832
   -2.48300572
   -2.37310308
   -2.25300879
   -2.01534020
   -1.94121266
   -0.36845448
   -0.25174032
    0.11550801
    0.20121040
    0.26299183
    0.46827340
    0.59885205
    0.80302852
    2.73509889
    4.11899473
    4.54553087
    4.58167738
    5.07252721
    5.32209289
    7.06704915
    7.14588643
    7.35876465
    8.16133943
    8.40891700
    8.73393318
    9.34591845
    9.42391300
   10.02163768
   10.16082747
   10.30854547
   10.52238371
   10.61705300
   10.96386472
   11.16553664
   11.66304269
   12.25239738
   12.52790767
   12.87500109
   13.20142294
   13.35614141
   13.55324222
   13.79490165
   13.99668483
   14.18529845
   14.64859881
   14.90599633
   15.19515595
   15.61494397
   16.25610345
 
 Fillings
     2.00000
     2.00000
     2.00000
     2.00000
     2.00000
     2.00000
     2.00000
     2.00000
     2.00000
     2.00000
     2.00000
     2.00000
     2.00000
     2.00000
     2.00000
     2.00000
     2.00000
     2.00000
     2.00000
     2.00000
     2.00000
     2.00000
     2.00000
     2.00000
     2.00000
     2.00000
     2.00000
     2.00000
     2.00000
     2.00000
     2.00000
     2.00000
     2.00000
     2.00000
     2.00000
     2.00000
     2.00000
     2.00000
     2.00000
     2.00000
     2.00000
     2.00000
     2.00000
     2.00000
     2.00000
     2.00000
     2.00000
     2.00000
     2.00000
     2.00000
     2.00000
     2.00000
     2.00000
     2.00000
     2.00000
     2.00000
     2.00000
     2.00000
     2.00000
     2.00000
     2.00000
     2.00000
     2.00000
     2.00000
     2.00000
     2.00000
     2.00000
     2.00000
     2.00000
     2.00000
     2.00000
     2.00000
     0.00000
     0.00000
     0.00000
     0.00000
     0.00000
     0.00000
     0.00000
     0.00000
     0.00000
     0.00000
     0.00000
     0.00000
     0.00000
     0.00000
     0.00000
     0.00000
     0.00000
     0.00000
     0.00000
     0.00000
     0.00000
     0.00000
     0.00000
     0.00000
     0.00000
     0.00000
     0.00000
     0.00000
     0.00000
     0.00000
     0.00000
     0.00000
     0.00000
     0.00000
     0.00000
     0.00000
     0.00000
     0.00000
     0.00000
     0.00000
     0.00000
     0.00000
     0.00000
     0.00000
     0.00000
     0.00000
     0.00000
     0.00000
     0.00000
     0.00000
     0.00000
     0.00000
     0.00000
     0.00000
     0.00000
     0.00000
     0.00000
     0.00000
     0.00000
     0.00000
     0.00000
     0.00000
     0.00000
     0.00000
     0.00000
     0.00000
     0.00000
     0.00000
     0.00000
     0.00000
     0.00000
     0.00000
     0.00000
     0.00000
     0.00000
     0.00000
     0.00000
     0.00000
     0.00000
     0.00000
     0.00000
 
 Fermi energy:                      -0.1573670000 H           -4.2822 eV
 Band energy:                      -72.6163565844 H        -1975.9916 eV
 TS:                                 0.0000000000 H            0.0000 eV
 Band free energy (E-TS):          -72.6163565844 H        -1975.9916 eV
 Extrapolated E(0K):               -72.6163565844 H        -1975.9916 eV
 
 Energy H0:                        -72.6163565844 H        -1975.9916 eV
 Total Electronic energy:          -72.6163565844 H        -1975.9916 eV
 Repulsive energy:                   2.2889096850 H           62.2844 eV
 Total energy:                     -70.3274468994 H        -1913.7072 eV
 Total Mermin free energy:         -70.3274468994 H        -1913.7072 eV
 
 Non-SCC calculation
 
 Full geometry written in geo_end.{xyz|gen}
 
 Total Forces
  1.222564367610302E-003  2.606566801887037E-003  2.429670364912151E-002
  3.870922013280131E-005 -6.476662984229230E-004 -1.616244763917966E-003
  9.245493015906337E-003  2.967894679374410E-003  1.459583264300006E-003
 -2.461866682620345E-004  1.118799978059123E-003  1.869497315763710E-002
 -1.303342119162510E-004  3.917130637113448E-003 -7.757967412656282E-003
  7.734845437343907E-005  1.921128914180153E-003 -1.098040135331997E-002
 -1.126217180223073E-003 -8.556366651741257E-004  1.634258119166988E-002
 -6.181797892776715E-007  2.747803157480160E-004 -7.477820310522645E-003
 -3.447950537365163E-004 -1.445757562654595E-003 -1.277635600647052E-002
 -2.361926337022120E-003  3.385487376861233E-004  1.455329364002057E-002
  5.511007578151045E-005 -2.622734969068335E-003 -6.800521127882809E-003
 -5.183397323343816E-003 -1.634209611779760E-003 -9.403697817787764E-003
 -6.395919060627926E-003  5.968498432283911E-003  1.092964742684437E-002
  4.500136629889791E-003  1.390318441195403E-002 -2.533288720646960E-003
  1.852696112610846E-004 -5.227990759252819E-003 -2.707321414382527E-003
  1.104483108136009E-003 -1.429913548486518E-003  9.179074985640190E-003
  1.232745480149660E-003  1.006594947030962E-003  1.042549087615266E-003
 -6.691504678701801E-003  1.190305732768433E-002 -2.821045204931261E-003
  2.437118664117730E-003 -1.619857054547083E-003 -3.178797456755839E-003
  3.645958757110696E-004 -3.082121946314572E-004  1.702740122027688E-003
 -9.446043729284781E-005 -1.116843806668899E-004 -6.173261593722376E-003
  5.506975413873143E-004 -1.214745086021152E-004 -2.477246352357687E-003
  6.100928916541808E-003 -5.111190300120538E-003  1.933104387300232E-004
 -5.269779696873664E-004  4.776055219039574E-004  2.764221962532662E-003
  1.524088527575284E-004 -5.602853426009654E-003 -7.374446631513668E-003
 -6.628078604423215E-003 -3.805004143432461E-003  2.328964245196873E-003
  2.462805891269862E-003 -1.585960528205635E-002 -1.940922700446790E-002
 
 Total stress tensor
     -0.000026156731      0.000010219534     -0.000001996111
      0.000010218412     -0.000109377828     -0.000006923541
     -0.000001995674     -0.000006925039     -0.000011297714
 
 Total lattice derivs
      0.036764019556     -0.014363842215      0.002805590490
     -0.003590566363      0.038433401629      0.002432807743
      0.000441601998      0.001532369703      0.002499953600
 
 Maximal derivative component:       0.242967E-01 au
 Max force for moved atoms::         0.242967E-01 au
 
 Volume:                             0.104539E+05 au^3
 Pressure:                          -0.489441E-04 au    -0.143998E+10 Pa
 
 Geometry converged
 
