 KPT            1  SPIN            1  KWEIGHT    1.00000000000000     
   -24.89090     2.00000
   -24.77099     2.00000
   -24.70468     2.00000
   -24.55774     2.00000
   -24.50872     2.00000
   -24.44186     2.00000
   -24.42494     2.00000
   -24.37496     2.00000
   -24.34598     2.00000
   -24.29160     2.00000
   -24.26550     2.00000
   -24.25841     2.00000
   -24.23344     2.00000
   -24.19923     2.00000
   -24.18464     2.00000
   -24.17211     2.00000
   -24.13658     2.00000
   -23.99906     2.00000
   -11.79339     2.00000
   -11.72284     2.00000
   -11.67356     2.00000
   -11.38204     2.00000
   -11.33130     2.00000
   -11.24284     2.00000
   -11.13573     2.00000
   -11.12125     2.00000
   -11.07096     2.00000
   -11.04997     2.00000
   -10.98338     2.00000
   -10.96503     2.00000
   -10.93709     2.00000
   -10.89077     2.00000
   -10.82712     2.00000
   -10.72710     2.00000
   -10.65611     2.00000
   -10.62687     2.00000
   -10.57920     2.00000
   -10.50657     2.00000
   -10.45206     2.00000
   -10.44135     2.00000
   -10.35932     2.00000
   -10.32570     2.00000
   -10.28524     2.00000
   -10.24923     2.00000
   -10.17494     2.00000
   -10.11398     2.00000
   -10.08413     2.00000
   -10.02273     2.00000
    -9.93354     2.00000
    -9.85230     2.00000
    -9.77442     2.00000
    -9.71228     2.00000
    -9.67941     2.00000
    -9.60564     2.00000
    -9.58249     2.00000
    -9.53645     2.00000
    -9.47681     2.00000
    -9.43890     2.00000
    -9.39068     2.00000
    -9.36330     2.00000
    -9.25392     2.00000
    -9.21224     2.00000
    -9.17263     2.00000
    -9.12833     2.00000
    -9.07721     2.00000
    -9.00711     2.00000
    -8.97851     2.00000
    -8.91153     2.00000
    -8.86623     2.00000
    -8.81356     2.00000
    -8.79359     2.00000
    -8.61821     2.00000
    -4.54335     0.00000
    -4.30981     0.00000
    -4.25946     0.00000
    -4.11729     0.00000
    -4.08605     0.00000
    -4.01087     0.00000
    -3.99439     0.00000
    -3.96781     0.00000
    -3.93783     0.00000
    -3.88758     0.00000
    -3.86763     0.00000
    -3.83738     0.00000
    -3.79328     0.00000
    -3.72508     0.00000
    -3.65251     0.00000
    -3.63130     0.00000
    -3.56988     0.00000
    -3.56143     0.00000
    -3.50476     0.00000
    -3.49428     0.00000
    -3.43831     0.00000
    -3.41169     0.00000
    -3.37696     0.00000
    -3.31965     0.00000
    -3.20068     0.00000
    -3.10047     0.00000
    -2.97098     0.00000
    -2.93160     0.00000
    -2.88930     0.00000
    -2.79087     0.00000
    -2.70638     0.00000
    -2.69784     0.00000
    -2.47705     0.00000
    -2.44637     0.00000
    -2.13702     0.00000
    -1.87982     0.00000
    -1.44051     0.00000
    -0.91416     0.00000
    -0.71789     0.00000
    -0.16500     0.00000
    -0.04280     0.00000
     0.07584     0.00000
     0.26226     0.00000
     0.28321     0.00000
     0.34316     0.00000
     0.68867     0.00000
     0.78510     0.00000
     2.34882     0.00000
     4.16206     0.00000
     4.44074     0.00000
     4.88445     0.00000
     6.50327     0.00000
     7.27076     0.00000
     7.41215     0.00000
     7.54444     0.00000
     7.77637     0.00000
     8.25337     0.00000
     9.18805     0.00000
     9.23819     0.00000
     9.62443     0.00000
     9.89255     0.00000
    10.15540     0.00000
    10.37249     0.00000
    10.68654     0.00000
    10.79945     0.00000
    10.96988     0.00000
    11.43745     0.00000
    11.77863     0.00000
    11.89164     0.00000
    12.36795     0.00000
    12.60427     0.00000
    13.09293     0.00000
    13.30018     0.00000
    13.64296     0.00000
    13.82409     0.00000
    14.06363     0.00000
    14.80591     0.00000
    15.16837     0.00000
    15.82489     0.00000
    16.30984     0.00000
    19.05416     0.00000
 
