 Fermi distribution function
 
 Coordinates of moved atoms (au):
    1      0.00000000      3.71886736     12.01815780
    2      0.00000000      0.00000000     11.33835593
    3      3.71886736      3.71886736     12.69795967
    4      0.00000000     11.15660209     12.01815780
    5      0.00000000      7.43773472     11.33835593
    6      3.71886736     11.15660209     12.69795967
    7      0.00000000     18.59433681     12.01815780
    8      0.00000000     14.87546945     11.33835593
    9      3.71886736     18.59433681     12.69795967
   10      0.00000000     26.03207153     12.01815780
   11      0.00000000     22.31320417     11.33835593
   12      3.71886736     26.03207153     12.69795967
   13      2.44462543     22.30703986     15.49440943
   14      6.32559120     29.64126067     18.84056635
   15      3.60733323     15.00850533     17.63309654
   16      7.43199866     11.58256602     15.75353688
   17      4.43413912     20.73277870     19.46612594
   18      7.43480995      4.49097667     15.71548127
   19      3.71314083     11.62930779     16.31066025
   20      1.25332562     28.56214689     16.60412585
   21      3.72039084      4.88808862     16.31080125
   22      3.72309011      8.23110920     17.60076209
   23      5.03303904     26.76305176     20.11047284
   24      7.34310660     18.26224377     15.78792725
   25      3.84422244      2.50500938     18.97296543
   26      3.91639373     23.95708690     18.08976674
   27      3.61624876     18.56199270     16.48821700
 
 COMPONENT = q
  
 Eigenvalues /H
   -0.91472361
   -0.91031726
   -0.90788035
   -0.90248034
   -0.90067904
   -0.89822199
   -0.89760005
   -0.89576332
   -0.89469815
   -0.89269999
   -0.89174071
   -0.89148021
   -0.89056260
   -0.88930551
   -0.88876929
   -0.88830881
   -0.88700314
   -0.88194915
   -0.43339914
   -0.43080635
   -0.42899542
   -0.41828223
   -0.41641768
   -0.41316661
   -0.40923053
   -0.40869859
   -0.40685018
   -0.40607909
   -0.40363174
   -0.40295762
   -0.40193083
   -0.40022845
   -0.39788923
   -0.39421350
   -0.39160485
   -0.39053043
   -0.38877853
   -0.38610947
   -0.38410617
   -0.38371244
   -0.38069798
   -0.37946232
   -0.37797545
   -0.37665218
   -0.37392219
   -0.37168197
   -0.37058508
   -0.36832863
   -0.36505074
   -0.36206534
   -0.35920335
   -0.35691958
   -0.35571161
   -0.35300074
   -0.35215001
   -0.35045821
   -0.34826636
   -0.34687324
   -0.34510122
   -0.34409479
   -0.34007532
   -0.33854353
   -0.33708778
   -0.33545985
   -0.33358121
   -0.33100524
   -0.32995422
   -0.32749286
   -0.32582789
   -0.32389252
   -0.32315842
   -0.31671355
   -0.16696506
   -0.15838258
   -0.15653233
   -0.15130746
   -0.15015949
   -0.14739693
   -0.14679108
   -0.14581443
   -0.14471263
   -0.14286576
   -0.14213282
   -0.14102111
   -0.13940055
   -0.13689434
   -0.13422723
   -0.13344771
   -0.13119077
   -0.13088010
   -0.12879769
   -0.12841249
   -0.12635554
   -0.12537728
   -0.12410089
   -0.12199491
   -0.11762274
   -0.11394026
   -0.10918144
   -0.10773432
   -0.10617966
   -0.10256249
   -0.09945767
   -0.09914381
   -0.09103010
   -0.08990233
   -0.07853420
   -0.06908204
   -0.05293768
   -0.03359459
   -0.02638214
   -0.00606372
   -0.00157301
    0.00278717
    0.00963781
    0.01040761
    0.01261072
    0.02530834
    0.02885183
    0.08631771
    0.15295272
    0.16319426
    0.17950034
    0.23899076
    0.26719555
    0.27239160
    0.27725324
    0.28577649
    0.30330590
    0.33765477
    0.33949723
    0.35369129
    0.36354437
    0.37320417
    0.38118206
    0.39272296
    0.39687232
    0.40313550
    0.42031859
    0.43285655
    0.43700983
    0.45451375
    0.46319835
    0.48115649
    0.48877281
    0.50136962
    0.50802614
    0.51682884
    0.54410718
    0.55742751
    0.58155399
    0.59937546
    0.70022756
 
 Eigenvalues /eV
  -24.89089594
  -24.77099292
  -24.70468133
  -24.55773964
  -24.50872359
  -24.44186386
  -24.42493999
  -24.37496000
  -24.34597534
  -24.29160275
  -24.26549920
  -24.25841075
  -24.23344121
  -24.19923419
  -24.18464284
  -24.17211267
  -24.13658361
  -23.99905741
  -11.79339066
  -11.72283710
  -11.67355928
  -11.38203865
  -11.33130161
  -11.24283541
  -11.13572917
  -11.12125452
  -11.07095675
  -11.04997435
  -10.98337858
  -10.96503461
  -10.93709438
  -10.89077019
  -10.82711694
  -10.72709513
  -10.65611003
  -10.62687375
  -10.57920219
  -10.50657329
  -10.45206067
  -10.44134677
  -10.35931913
  -10.32569515
  -10.28523531
  -10.24922728
  -10.17494053
  -10.11398092
  -10.08413321
  -10.02273204
   -9.93353600
   -9.85229913
   -9.77442046
   -9.71227596
   -9.67940545
   -9.60563891
   -9.58248926
   -9.53645309
   -9.47680991
   -9.43890102
   -9.39068204
   -9.36329572
   -9.25392032
   -9.21223815
   -9.17262516
   -9.12832701
   -9.07720670
   -9.00711074
   -8.97851107
   -8.91153420
   -8.86622800
   -8.81356380
   -8.79358816
   -8.61821414
   -4.54335052
   -4.30980926
   -4.25946143
   -4.11728534
   -4.08604770
   -4.01087444
   -3.99438865
   -3.96781261
   -3.93783101
   -3.88757521
   -3.86763079
   -3.83737964
   -3.79328194
   -3.72508459
   -3.65250879
   -3.63129695
   -3.56988238
   -3.56142879
   -3.50476341
   -3.49428169
   -3.43830911
   -3.41168925
   -3.37695702
   -3.31965042
   -3.20067758
   -3.10047222
   -2.97097803
   -2.93159996
   -2.88929550
   -2.79086733
   -2.70638092
   -2.69784032
   -2.47705495
   -2.44636679
   -2.13702432
   -1.87981806
   -1.44050757
   -0.91415539
   -0.71789451
   -0.16500222
   -0.04280366
    0.07584271
    0.26225823
    0.28320555
    0.34315528
    0.68867490
    0.78509813
    2.34882431
    4.16205526
    4.44074163
    4.88445265
    6.50326951
    7.27076090
    7.41215267
    7.54444445
    7.77637406
    8.25337360
    9.18805378
    9.23818960
    9.62442977
    9.89254554
   10.15540230
   10.37249169
   10.68653557
   10.79944526
   10.96987503
   11.43745083
   11.77862603
   11.89164264
   12.36794851
   12.60426836
   13.09293426
   13.30018479
   13.64296146
   13.82409466
   14.06362841
   14.80590970
   15.16837442
   15.82488911
   16.30983615
   19.05416148
 
 Fillings
     2.00000
     2.00000
     2.00000
     2.00000
     2.00000
     2.00000
     2.00000
     2.00000
     2.00000
     2.00000
     2.00000
     2.00000
     2.00000
     2.00000
     2.00000
     2.00000
     2.00000
     2.00000
     2.00000
     2.00000
     2.00000
     2.00000
     2.00000
     2.00000
     2.00000
     2.00000
     2.00000
     2.00000
     2.00000
     2.00000
     2.00000
     2.00000
     2.00000
     2.00000
     2.00000
     2.00000
     2.00000
     2.00000
     2.00000
     2.00000
     2.00000
     2.00000
     2.00000
     2.00000
     2.00000
     2.00000
     2.00000
     2.00000
     2.00000
     2.00000
     2.00000
     2.00000
     2.00000
     2.00000
     2.00000
     2.00000
     2.00000
     2.00000
     2.00000
     2.00000
     2.00000
     2.00000
     2.00000
     2.00000
     2.00000
     2.00000
     2.00000
     2.00000
     2.00000
     2.00000
     2.00000
     2.00000
     0.00000
     0.00000
     0.00000
     0.00000
     0.00000
     0.00000
     0.00000
     0.00000
     0.00000
     0.00000
     0.00000
     0.00000
     0.00000
     0.00000
     0.00000
     0.00000
     0.00000
     0.00000
     0.00000
     0.00000
     0.00000
     0.00000
     0.00000
     0.00000
     0.00000
     0.00000
     0.00000
     0.00000
     0.00000
     0.00000
     0.00000
     0.00000
     0.00000
     0.00000
     0.00000
     0.00000
     0.00000
     0.00000
     0.00000
     0.00000
     0.00000
     0.00000
     0.00000
     0.00000
     0.00000
     0.00000
     0.00000
     0.00000
     0.00000
     0.00000
     0.00000
     0.00000
     0.00000
     0.00000
     0.00000
     0.00000
     0.00000
     0.00000
     0.00000
     0.00000
     0.00000
     0.00000
     0.00000
     0.00000
     0.00000
     0.00000
     0.00000
     0.00000
     0.00000
     0.00000
     0.00000
     0.00000
     0.00000
     0.00000
     0.00000
     0.00000
     0.00000
     0.00000
     0.00000
     0.00000
     0.00000
 
 Fermi energy:                      -0.3116169216 H           -8.4795 eV
 Band energy:                      -72.4455919741 H        -1971.3449 eV
 TS:                                 0.0000000000 H            0.0000 eV
 Band free energy (E-TS):          -72.4455919741 H        -1971.3449 eV
 Extrapolated E(0K):               -72.4455919741 H        -1971.3449 eV
 
 Energy H0:                        -72.4455919741 H        -1971.3449 eV
 Total Electronic energy:          -72.4455919741 H        -1971.3449 eV
 Repulsive energy:                   2.2185040670 H           60.3686 eV
 Total energy:                     -70.2270879071 H        -1910.9763 eV
 Total Mermin free energy:         -70.2270879071 H        -1910.9763 eV
 
 Non-SCC calculation
 
 Full geometry written in geo_end.{xyz|gen}
 
 Total Forces
  2.776463715510416E-005  2.022344155990542E-003  2.234697505975593E-002
 -4.302746707165751E-004  1.032947747226579E-003 -2.893890048118460E-003
  2.967785219060655E-006  5.183557041987225E-003 -5.018183249207095E-004
 -5.490822336539893E-005  1.607653888750836E-003  1.861713465541133E-002
 -1.416005338558950E-006  4.539907186553517E-003 -7.944350428244783E-003
 -3.660021294293147E-004  3.455054679037490E-003 -4.322952150808967E-003
 -1.505282895257876E-003 -3.713936301345465E-003  2.715267809733328E-002
  9.937834286321534E-005  5.375649162379853E-004 -8.636698862288201E-003
 -5.729080729704643E-004 -7.823882248295588E-003 -1.372540846495407E-002
 -2.607779802363021E-003 -7.336668932355310E-003  7.341538135727729E-004
 -4.199136394125045E-003  3.048643466585700E-004 -9.035274977577369E-003
  8.258020190174757E-003  2.724856097451514E-003 -7.530035378008747E-003
 -8.547651157593136E-003  3.968929818852267E-003 -1.028428124314723E-002
  1.123106210860153E-002  1.864091335394741E-002 -1.025714647234040E-002
  1.411908584115215E-003 -1.144334119236401E-002 -4.548027980301378E-003
 -1.068903402921696E-003 -1.005376967431672E-003  1.163954268738721E-003
  3.045269376526473E-003 -1.105548713814657E-002  7.684111267723184E-003
  3.489231152096779E-003 -2.994494946012895E-003  1.418472867852211E-004
 -4.993998950651823E-004 -3.604235243434069E-003 -6.024401217298386E-003
  1.796657053171974E-003  1.451149789766168E-004  1.624827436583429E-002
 -4.236581002222130E-003  1.162371332802566E-003 -1.278332116412067E-002
 -3.771546726090002E-004  1.130294034926468E-002 -4.704455126358101E-003
 -9.808494656740940E-003 -2.254734398893463E-002 -3.231307747474654E-004
 -7.377592401580617E-003 -7.572924953511417E-004 -4.801878674591288E-003
  1.745718192319765E-003 -1.033292306194383E-002  3.980614117796544E-003
  5.257516089729925E-003  4.003688344604703E-002  2.135995173368772E-002
  5.287991870325023E-003 -1.405092082416964E-002 -1.111262337881289E-002
 
 Total stress tensor
     -0.000032415760      0.000010640021      0.000003902098
      0.000010640892     -0.000078786739     -0.000004405630
      0.000003903145     -0.000004402024     -0.000001244620
 
 Total lattice derivs
      0.045561260404     -0.014954848403     -0.005484508462
     -0.003739018073      0.027684243081      0.001548059181
     -0.000863686372      0.000974078004      0.000275409014
 
 Maximal derivative component:       0.400369E-01 au
 Max force for moved atoms::         0.400369E-01 au
 
 Volume:                             0.104539E+05 au^3
 Pressure:                          -0.374824E-04 au    -0.110277E+10 Pa
 
 Geometry converged
 
