 KPT            1  SPIN            1  KWEIGHT    1.00000000000000     
   -24.77434     2.00000
   -24.74268     2.00000
   -24.66613     2.00000
   -24.59549     2.00000
   -24.52448     2.00000
   -24.46702     2.00000
   -24.41921     2.00000
   -24.35827     2.00000
   -24.31239     2.00000
   -24.29605     2.00000
   -24.27112     2.00000
   -24.26598     2.00000
   -24.24804     2.00000
   -24.24304     2.00000
   -24.18746     2.00000
   -24.17055     2.00000
   -24.13451     2.00000
   -24.12596     2.00000
   -11.72251     2.00000
   -11.67056     2.00000
   -11.50029     2.00000
   -11.43004     2.00000
   -11.39468     2.00000
   -11.30987     2.00000
   -11.22977     2.00000
   -11.18693     2.00000
   -11.07511     2.00000
   -11.01161     2.00000
   -10.98573     2.00000
   -10.94802     2.00000
   -10.87137     2.00000
   -10.80499     2.00000
   -10.77648     2.00000
   -10.73348     2.00000
   -10.63659     2.00000
   -10.56647     2.00000
   -10.49615     2.00000
   -10.45564     2.00000
   -10.40612     2.00000
   -10.37369     2.00000
   -10.32589     2.00000
   -10.29967     2.00000
   -10.26374     2.00000
   -10.21729     2.00000
   -10.14423     2.00000
   -10.10818     2.00000
   -10.02583     2.00000
    -9.97815     2.00000
    -9.95079     2.00000
    -9.92100     2.00000
    -9.87840     2.00000
    -9.77618     2.00000
    -9.71871     2.00000
    -9.65925     2.00000
    -9.61856     2.00000
    -9.57616     2.00000
    -9.53723     2.00000
    -9.49614     2.00000
    -9.42102     2.00000
    -9.37987     2.00000
    -9.30960     2.00000
    -9.28760     2.00000
    -9.25162     2.00000
    -9.19236     2.00000
    -9.14379     2.00000
    -9.08981     2.00000
    -9.06456     2.00000
    -8.98325     2.00000
    -8.92462     2.00000
    -8.87526     2.00000
    -8.86590     2.00000
    -8.81706     2.00000
    -4.36070     0.00000
    -4.25064     0.00000
    -4.13205     0.00000
    -4.10771     0.00000
    -4.03617     0.00000
    -4.00569     0.00000
    -3.95167     0.00000
    -3.92174     0.00000
    -3.90900     0.00000
    -3.87351     0.00000
    -3.82819     0.00000
    -3.78027     0.00000
    -3.73866     0.00000
    -3.67393     0.00000
    -3.63362     0.00000
    -3.56476     0.00000
    -3.54389     0.00000
    -3.49223     0.00000
    -3.46443     0.00000
    -3.40423     0.00000
    -3.33758     0.00000
    -3.25694     0.00000
    -3.21012     0.00000
    -3.16409     0.00000
    -3.08728     0.00000
    -3.05253     0.00000
    -2.96696     0.00000
    -2.89789     0.00000
    -2.84270     0.00000
    -2.71787     0.00000
    -2.67490     0.00000
    -2.55091     0.00000
    -2.49689     0.00000
    -2.43903     0.00000
    -2.02809     0.00000
    -1.91493     0.00000
    -1.84114     0.00000
    -1.80482     0.00000
    -1.60219     0.00000
    -0.32203     0.00000
    -0.26743     0.00000
     0.16826     0.00000
     0.17858     0.00000
     0.24847     0.00000
     0.39885     0.00000
     0.87493     0.00000
     2.10657     0.00000
     2.60457     0.00000
     4.00719     0.00000
     4.38551     0.00000
     4.65717     0.00000
     5.07002     0.00000
     7.04045     0.00000
     8.06556     0.00000
     8.16404     0.00000
     8.47141     0.00000
     8.59886     0.00000
     9.32018     0.00000
     9.85354     0.00000
     9.95097     0.00000
    10.01782     0.00000
    10.18955     0.00000
    10.39977     0.00000
    10.61498     0.00000
    10.99431     0.00000
    11.45808     0.00000
    11.69712     0.00000
    11.97367     0.00000
    12.05390     0.00000
    12.23959     0.00000
    12.44461     0.00000
    12.64064     0.00000
    12.78103     0.00000
    13.30510     0.00000
    13.71574     0.00000
    13.78070     0.00000
    14.34724     0.00000
    14.81619     0.00000
    16.09177     0.00000
    16.50608     0.00000
    17.41195     0.00000
 
