 Fermi distribution function
 
 Coordinates of moved atoms (au):
    1      0.00000000      3.71886736     12.01815780
    2      0.00000000      0.00000000     11.33835593
    3      3.71886736      3.71886736     12.69795967
    4      0.00000000     11.15660209     12.01815780
    5      0.00000000      7.43773472     11.33835593
    6      3.71886736     11.15660209     12.69795967
    7      0.00000000     18.59433681     12.01815780
    8      0.00000000     14.87546945     11.33835593
    9      3.71886736     18.59433681     12.69795967
   10      0.00000000     26.03207153     12.01815780
   11      0.00000000     22.31320417     11.33835593
   12      3.71886736     26.03207153     12.69795967
   13      0.00497608     11.86954303     15.85592411
   14      7.43430839     18.03052284     15.81501870
   15      3.72750756     22.61511983     18.25014294
   16      0.00437867     25.49131920     15.74176805
   17      5.35795827      0.72426807     20.47758900
   18      4.07842203     28.57396272     17.96958854
   19      3.71761003     25.41439728     16.30294162
   20      7.32968022      4.27500658     15.81773002
   21      2.59274081      3.03087107     20.63944552
   22      3.64306975      8.04641123     18.13273032
   23      3.76975549     14.39445786     18.31418893
   24      5.71478589     28.59884902     23.25205906
   25      3.74404032     11.08726622     16.38085904
   26      2.87702939      4.76949303     17.46049379
   27      0.01362573     15.21580375     17.74311715
 
 COMPONENT = q
  
 Eigenvalues /H
   -0.91044030
   -0.90927685
   -0.90646359
   -0.90386777
   -0.90125818
   -0.89914654
   -0.89738935
   -0.89514993
   -0.89346375
   -0.89286334
   -0.89194741
   -0.89175855
   -0.89109898
   -0.89091532
   -0.88887282
   -0.88825137
   -0.88692699
   -0.88661275
   -0.43079443
   -0.42888519
   -0.42262790
   -0.42004637
   -0.41874664
   -0.41563022
   -0.41268646
   -0.41111197
   -0.40700269
   -0.40466906
   -0.40371816
   -0.40233244
   -0.39951537
   -0.39707625
   -0.39602833
   -0.39444803
   -0.39088733
   -0.38831076
   -0.38572630
   -0.38423768
   -0.38241783
   -0.38122601
   -0.37946935
   -0.37850590
   -0.37718539
   -0.37547850
   -0.37279356
   -0.37146866
   -0.36844249
   -0.36669019
   -0.36568480
   -0.36459000
   -0.36302465
   -0.35926818
   -0.35715586
   -0.35497076
   -0.35347542
   -0.35191748
   -0.35048672
   -0.34897671
   -0.34621629
   -0.34470372
   -0.34212155
   -0.34131309
   -0.33999066
   -0.33781289
   -0.33602828
   -0.33404420
   -0.33311662
   -0.33012835
   -0.32797367
   -0.32615987
   -0.32581601
   -0.32402102
   -0.16025265
   -0.15620805
   -0.15185010
   -0.15095557
   -0.14832644
   -0.14720636
   -0.14522117
   -0.14412134
   -0.14365304
   -0.14234874
   -0.14068329
   -0.13892228
   -0.13739311
   -0.13501438
   -0.13353313
   -0.13100238
   -0.13023563
   -0.12833692
   -0.12731530
   -0.12510325
   -0.12265370
   -0.11969044
   -0.11796979
   -0.11627817
   -0.11345563
   -0.11217833
   -0.10903375
   -0.10649568
   -0.10446733
   -0.09987981
   -0.09830083
   -0.09374437
   -0.09175889
   -0.08963265
   -0.07453105
   -0.07037255
   -0.06766054
   -0.06632584
   -0.05887955
   -0.01183428
   -0.00982786
    0.00618328
    0.00656282
    0.00913127
    0.01465745
    0.03215300
    0.07741493
    0.09571631
    0.14726165
    0.16116446
    0.17114799
    0.18631986
    0.25873195
    0.29640383
    0.30002303
    0.31131862
    0.31600241
    0.34251048
    0.36211105
    0.36569125
    0.36814794
    0.37445916
    0.38218466
    0.39009351
    0.40403360
    0.42107680
    0.42986111
    0.44002411
    0.44297257
    0.44979678
    0.45733102
    0.46453489
    0.46969407
    0.48895352
    0.50404415
    0.50643138
    0.52725145
    0.54448495
    0.59136152
    0.60658717
    0.63987753
 
 Eigenvalues /eV
  -24.77434102
  -24.74268195
  -24.66612931
  -24.59549334
  -24.52448291
  -24.46702209
  -24.41920660
  -24.35826883
  -24.31238570
  -24.29604771
  -24.27112386
  -24.26598465
  -24.24803709
  -24.24303935
  -24.18746010
  -24.17054964
  -24.13451148
  -24.12596057
  -11.72251301
  -11.67055973
  -11.50029024
  -11.43004327
  -11.39467581
  -11.30987371
  -11.22976998
  -11.18692585
  -11.07510670
  -11.01160530
  -10.98573016
  -10.94802278
  -10.87136643
  -10.80499455
  -10.77647903
  -10.73347703
  -10.63658534
  -10.56647328
  -10.49614659
  -10.45563924
  -10.40611855
  -10.37368743
  -10.32588649
  -10.29966947
  -10.26373659
  -10.21728982
  -10.14422882
  -10.10817667
  -10.02583016
   -9.97814784
   -9.95078966
   -9.92099863
   -9.87840335
   -9.77618449
   -9.71870556
   -9.65924589
   -9.61855557
   -9.57616185
   -9.53722889
   -9.49613941
   -9.42102468
   -9.37986538
   -9.30960099
   -9.28760185
   -9.25161648
   -9.19235649
   -9.14379472
   -9.08980511
   -9.06456435
   -8.98324954
   -8.92461773
   -8.87526166
   -8.86590482
   -8.81706063
   -4.36069642
   -4.25063740
   -4.13205133
   -4.10771010
   -4.03616780
   -4.00568883
   -3.95166908
   -3.92174107
   -3.90899803
   -3.87350636
   -3.82818709
   -3.78026770
   -3.73865673
   -3.67392812
   -3.63362129
   -3.56475609
   -3.54389174
   -3.49222521
   -3.46442555
   -3.40423276
   -3.33757687
   -3.25694260
   -3.21012121
   -3.16408996
   -3.08728469
   -3.05252767
   -2.96695934
   -2.89789491
   -2.84270060
   -2.71786803
   -2.67490177
   -2.55091405
   -2.49688633
   -2.43902845
   -2.02809309
   -1.91493465
   -1.84113693
   -1.80481793
   -1.60219397
   -0.32202704
   -0.26742968
    0.16825562
    0.17858332
    0.24847463
    0.39884949
    0.87492771
    2.10656739
    2.60457330
    4.00719329
    4.38550813
    4.65717371
    5.07002144
    7.04045454
    8.06555847
    8.16404197
    8.47141054
    8.59886320
    9.32018448
    9.85354308
    9.95096514
   10.01781523
   10.18955229
   10.39977375
   10.61498443
   10.99431359
   11.45808283
   11.69711585
   11.97366527
   12.05389686
   12.23959303
   12.44461035
   12.64063739
   12.78102599
   13.30510226
   13.71573926
   13.78069895
   14.34724184
   14.81618934
   16.09176570
   16.50607669
   17.41195362
 
 Fillings
     2.00000
     2.00000
     2.00000
     2.00000
     2.00000
     2.00000
     2.00000
     2.00000
     2.00000
     2.00000
     2.00000
     2.00000
     2.00000
     2.00000
     2.00000
     2.00000
     2.00000
     2.00000
     2.00000
     2.00000
     2.00000
     2.00000
     2.00000
     2.00000
     2.00000
     2.00000
     2.00000
     2.00000
     2.00000
     2.00000
     2.00000
     2.00000
     2.00000
     2.00000
     2.00000
     2.00000
     2.00000
     2.00000
     2.00000
     2.00000
     2.00000
     2.00000
     2.00000
     2.00000
     2.00000
     2.00000
     2.00000
     2.00000
     2.00000
     2.00000
     2.00000
     2.00000
     2.00000
     2.00000
     2.00000
     2.00000
     2.00000
     2.00000
     2.00000
     2.00000
     2.00000
     2.00000
     2.00000
     2.00000
     2.00000
     2.00000
     2.00000
     2.00000
     2.00000
     2.00000
     2.00000
     2.00000
     0.00000
     0.00000
     0.00000
     0.00000
     0.00000
     0.00000
     0.00000
     0.00000
     0.00000
     0.00000
     0.00000
     0.00000
     0.00000
     0.00000
     0.00000
     0.00000
     0.00000
     0.00000
     0.00000
     0.00000
     0.00000
     0.00000
     0.00000
     0.00000
     0.00000
     0.00000
     0.00000
     0.00000
     0.00000
     0.00000
     0.00000
     0.00000
     0.00000
     0.00000
     0.00000
     0.00000
     0.00000
     0.00000
     0.00000
     0.00000
     0.00000
     0.00000
     0.00000
     0.00000
     0.00000
     0.00000
     0.00000
     0.00000
     0.00000
     0.00000
     0.00000
     0.00000
     0.00000
     0.00000
     0.00000
     0.00000
     0.00000
     0.00000
     0.00000
     0.00000
     0.00000
     0.00000
     0.00000
     0.00000
     0.00000
     0.00000
     0.00000
     0.00000
     0.00000
     0.00000
     0.00000
     0.00000
     0.00000
     0.00000
     0.00000
     0.00000
     0.00000
     0.00000
     0.00000
     0.00000
     0.00000
 
 Fermi energy:                      -0.2334262464 H           -6.3519 eV
 Band energy:                      -72.5057200815 H        -1972.9810 eV
 TS:                                 0.0000000000 H            0.0000 eV
 Band free energy (E-TS):          -72.5057200815 H        -1972.9810 eV
 Extrapolated E(0K):               -72.5057200815 H        -1972.9810 eV
 
 Energy H0:                        -72.5057200815 H        -1972.9810 eV
 Total Electronic energy:          -72.5057200815 H        -1972.9810 eV
 Repulsive energy:                   2.2874444369 H           62.2445 eV
 Total energy:                     -70.2182756446 H        -1910.7365 eV
 Total Mermin free energy:         -70.2182756446 H        -1910.7365 eV
 
 Non-SCC calculation
 
 Full geometry written in geo_end.{xyz|gen}
 
 Total Forces
 -1.571959447524894E-003  4.872209324485458E-003  4.017686459960332E-002
 -3.034035322218731E-005 -4.623301037096596E-004 -1.377162453521315E-003
 -3.967519544972526E-003 -1.523402000789916E-003 -1.811216654087395E-002
  1.084545321318744E-004  8.549557631732638E-003  1.947972794741597E-002
  1.250476466156991E-005  3.427089819795772E-003 -4.901208050303238E-003
  3.508589029010131E-004 -7.039113999959174E-003 -8.458939291007828E-004
 -3.732647699571947E-005 -5.495723379671431E-003  4.846759018568667E-002
  7.424320773509595E-006 -7.334031747844853E-004 -1.024266145167214E-002
 -1.168301653495718E-004  3.642819890923397E-003 -2.828784979008831E-002
  1.234053067611015E-004 -2.515774488167361E-003  1.968696022606264E-002
 -1.440228384211605E-005 -1.983009487382559E-003 -5.988194752692185E-003
  2.525672213069806E-004 -4.459869197267652E-003 -1.328514911531802E-002
  3.249259801329037E-003  3.645156042221518E-003  6.993742973301553E-003
  5.273546051894171E-004 -2.592372653189817E-003 -1.167575699131961E-002
  9.614637528871999E-005 -2.507598997094657E-003 -4.943361090981452E-004
  2.817765612294829E-003  1.946751068122194E-003 -5.699876156469469E-003
  7.877271029804678E-003 -3.001323687401025E-004  1.813343782344337E-002
 -5.691121660430239E-003 -1.442495899162166E-002 -1.176973198317452E-002
  1.827189696007007E-003  1.063822566234919E-002  7.830654345159366E-004
 -9.198796355965044E-003 -4.707924252494229E-003 -3.514487707614866E-003
  1.110741965366356E-002  7.434530174257100E-003 -1.503405460016352E-002
 -3.237706436960336E-003  1.912994995830614E-004 -4.111541939224375E-003
 -1.089111884252813E-003 -9.130830208999123E-003 -7.687220764944408E-003
  8.246257932514184E-004 -4.566301931931332E-003  9.862926666578314E-003
 -2.482106498032340E-003  2.772250662300974E-002 -9.631353945405026E-004
 -9.208554120555684E-004  8.941494039260520E-003 -6.669762721369984E-003
 -8.241710957612933E-004 -1.856889453993736E-002 -1.292412540511861E-002
 
 Total stress tensor
     -0.000041021474     -0.000006923713      0.000008290121
     -0.000006922193     -0.000074196416     -0.000004944545
      0.000008290633     -0.000004944520     -0.000019239970
 
 Total lattice derivs
      0.057656832671      0.009731472613     -0.011651997945
      0.002432334025      0.026071286270      0.001737424120
     -0.001834547787      0.001094121406      0.004257412603
 
 Maximal derivative component:       0.484676E-01 au
 Max force for moved atoms::         0.484676E-01 au
 
 Volume:                             0.104539E+05 au^3
 Pressure:                          -0.448193E-04 au    -0.131863E+10 Pa
 
 Geometry converged
 
