 KPT            1  SPIN            1  KWEIGHT    1.00000000000000     
   -24.81386     2.00000
   -24.74528     2.00000
   -24.73092     2.00000
   -24.64692     2.00000
   -24.57778     2.00000
   -24.45974     2.00000
   -24.43935     2.00000
   -24.35646     2.00000
   -24.35122     2.00000
   -24.30689     2.00000
   -24.28061     2.00000
   -24.26937     2.00000
   -24.25569     2.00000
   -24.19088     2.00000
   -24.18225     2.00000
   -24.17076     2.00000
   -24.16434     2.00000
   -24.12432     2.00000
   -11.77078     2.00000
   -11.71452     2.00000
   -11.67842     2.00000
   -11.64615     2.00000
   -11.33553     2.00000
   -11.26525     2.00000
   -11.21490     2.00000
   -11.16365     2.00000
   -11.08802     2.00000
   -11.06468     2.00000
   -11.06403     2.00000
   -11.00791     2.00000
   -10.98484     2.00000
   -10.96780     2.00000
   -10.94573     2.00000
   -10.90250     2.00000
   -10.69329     2.00000
   -10.64393     2.00000
   -10.59886     2.00000
   -10.49816     2.00000
   -10.46070     2.00000
   -10.43811     2.00000
   -10.43322     2.00000
   -10.34981     2.00000
   -10.32438     2.00000
   -10.28834     2.00000
   -10.26520     2.00000
   -10.15636     2.00000
   -10.13267     2.00000
   -10.12596     2.00000
   -10.06653     2.00000
   -10.00604     2.00000
    -9.89344     2.00000
    -9.80071     2.00000
    -9.79806     2.00000
    -9.68620     2.00000
    -9.63310     2.00000
    -9.61885     2.00000
    -9.55043     2.00000
    -9.49682     2.00000
    -9.45698     2.00000
    -9.41373     2.00000
    -9.38432     2.00000
    -9.31232     2.00000
    -9.18442     2.00000
    -9.14298     2.00000
    -9.08399     2.00000
    -9.03465     2.00000
    -9.01401     2.00000
    -8.91634     2.00000
    -8.91238     2.00000
    -8.88818     2.00000
    -8.86521     2.00000
    -8.81443     2.00000
    -4.15740     0.00000
    -4.11275     0.00000
    -4.08078     0.00000
    -4.04023     0.00000
    -3.98061     0.00000
    -3.97319     0.00000
    -3.92855     0.00000
    -3.88801     0.00000
    -3.86974     0.00000
    -3.79725     0.00000
    -3.78358     0.00000
    -3.68575     0.00000
    -3.63672     0.00000
    -3.60197     0.00000
    -3.54639     0.00000
    -3.53262     0.00000
    -3.50039     0.00000
    -3.40535     0.00000
    -3.40253     0.00000
    -3.38665     0.00000
    -3.28360     0.00000
    -3.27333     0.00000
    -3.12097     0.00000
    -3.07025     0.00000
    -3.01658     0.00000
    -2.86699     0.00000
    -2.76176     0.00000
    -2.73730     0.00000
    -2.67391     0.00000
    -2.62353     0.00000
    -2.60964     0.00000
    -2.44179     0.00000
    -2.32736     0.00000
    -1.94095     0.00000
    -1.92653     0.00000
    -1.63909     0.00000
    -1.57956     0.00000
    -0.30936     0.00000
    -0.07859     0.00000
    -0.05898     0.00000
     0.16783     0.00000
     0.21536     0.00000
     0.45083     0.00000
     0.53082     0.00000
     0.67926     0.00000
     0.85983     0.00000
     4.07535     0.00000
     4.50601     0.00000
     4.51942     0.00000
     5.03997     0.00000
     7.47358     0.00000
     7.54697     0.00000
     8.08445     0.00000
     8.13769     0.00000
     9.04249     0.00000
     9.30152     0.00000
     9.79316     0.00000
     9.85529     0.00000
    10.12797     0.00000
    10.17797     0.00000
    10.25989     0.00000
    10.37887     0.00000
    10.79067     0.00000
    10.87169     0.00000
    11.01353     0.00000
    11.53598     0.00000
    11.98721     0.00000
    12.20818     0.00000
    12.58219     0.00000
    12.85814     0.00000
    12.87720     0.00000
    13.00260     0.00000
    13.39444     0.00000
    13.51275     0.00000
    14.04680     0.00000
    14.53766     0.00000
    15.33789     0.00000
    15.50450     0.00000
    15.73552     0.00000
    16.59626     0.00000
    17.12709     0.00000
 
