 Fermi distribution function
 
 Coordinates of moved atoms (au):
    1      0.00000000      3.71886736     12.01815780
    2      0.00000000      0.00000000     11.33835593
    3      3.71886736      3.71886736     12.69795967
    4      0.00000000     11.15660209     12.01815780
    5      0.00000000      7.43773472     11.33835593
    6      3.71886736     11.15660209     12.69795967
    7      0.00000000     18.59433681     12.01815780
    8      0.00000000     14.87546945     11.33835593
    9      3.71886736     18.59433681     12.69795967
   10      0.00000000     26.03207153     12.01815780
   11      0.00000000     22.31320417     11.33835593
   12      3.71886736     26.03207153     12.69795967
   13      7.43742752     18.20966055     15.76763309
   14      5.62979381      0.00041707     19.04120478
   15      3.82062780      2.90379595     19.31916540
   16      7.43770567     11.54130505     15.76761265
   17      3.70345334     24.90655983     16.28907494
   18      7.42804270     25.61898089     15.75955274
   19      3.82204268     26.84901252     19.31878327
   20      0.54616588      0.00085018     21.52089874
   21      3.71898670      8.14134414     17.35677657
   22      3.71904419     18.14630819     16.28672427
   23      3.71927116     11.60467571     16.28691592
   24      3.71919638     21.61074656     17.35858896
   25      7.42917006      4.13216592     15.75941038
   26      3.70530239      4.84726152     16.28902795
   27      3.72155841     14.87560992     17.85783676
 
 COMPONENT = q
  
 Eigenvalues /H
   -0.91189256
   -0.90937228
   -0.90884475
   -0.90575782
   -0.90321687
   -0.89887883
   -0.89812951
   -0.89508335
   -0.89489088
   -0.89326185
   -0.89229611
   -0.89188280
   -0.89138015
   -0.88899839
   -0.88868133
   -0.88825898
   -0.88802308
   -0.88655253
   -0.43256813
   -0.43050073
   -0.42917421
   -0.42798832
   -0.41657309
   -0.41399015
   -0.41213996
   -0.41025657
   -0.40747720
   -0.40661961
   -0.40659559
   -0.40453318
   -0.40368539
   -0.40305920
   -0.40224824
   -0.40065967
   -0.39297103
   -0.39115740
   -0.38950077
   -0.38580027
   -0.38442354
   -0.38359362
   -0.38341370
   -0.38034840
   -0.37941413
   -0.37808957
   -0.37723918
   -0.37323952
   -0.37236892
   -0.37212207
   -0.36993826
   -0.36771527
   -0.36357742
   -0.36016952
   -0.36007198
   -0.35596116
   -0.35400996
   -0.35348638
   -0.35097199
   -0.34900178
   -0.34753751
   -0.34594812
   -0.34486740
   -0.34222158
   -0.33752129
   -0.33599824
   -0.33383040
   -0.33201744
   -0.33125887
   -0.32766955
   -0.32752377
   -0.32663444
   -0.32579060
   -0.32392442
   -0.15278174
   -0.15114077
   -0.14996605
   -0.14847579
   -0.14628455
   -0.14601188
   -0.14437167
   -0.14288190
   -0.14221024
   -0.13954631
   -0.13904403
   -0.13544876
   -0.13364703
   -0.13236996
   -0.13032725
   -0.12982154
   -0.12863698
   -0.12514417
   -0.12504075
   -0.12445715
   -0.12067012
   -0.12029266
   -0.11469363
   -0.11282975
   -0.11085729
   -0.10536007
   -0.10149275
   -0.10059381
   -0.09826456
   -0.09641307
   -0.09590258
   -0.08973415
   -0.08552894
   -0.07132873
   -0.07079882
   -0.06023528
   -0.05804777
   -0.01136893
   -0.00288828
   -0.00216756
    0.00616757
    0.00791433
    0.01656777
    0.01950745
    0.02496241
    0.03159826
    0.14976639
    0.16559273
    0.16608556
    0.18521534
    0.27464900
    0.27734592
    0.29709800
    0.29905456
    0.33230540
    0.34182465
    0.35989217
    0.36217515
    0.37219607
    0.37403334
    0.37704385
    0.38141630
    0.39654989
    0.39952710
    0.40473968
    0.42393948
    0.44052179
    0.44864226
    0.46238688
    0.47252807
    0.47322833
    0.47783682
    0.49223665
    0.49658458
    0.51621059
    0.53424935
    0.56365692
    0.56978002
    0.57826961
    0.60990116
    0.62940905
 
 Eigenvalues /eV
  -24.81385918
  -24.74527874
  -24.73092383
  -24.64692426
  -24.57778158
  -24.45973742
  -24.43934740
  -24.35645707
  -24.35121988
  -24.30689159
  -24.28061255
  -24.26936577
  -24.25568795
  -24.19087710
  -24.18224947
  -24.17075658
  -24.16433746
  -24.12432191
  -11.77077763
  -11.71452077
  -11.67842446
  -11.64615470
  -11.33553049
  -11.26524520
  -11.21489903
  -11.16364921
  -11.08801885
  -11.06468266
  -11.06402900
  -11.00790799
  -10.98483836
  -10.96779895
  -10.94573139
  -10.90250442
  -10.69328590
  -10.64393442
  -10.59885525
  -10.49815941
  -10.46069662
  -10.43811337
  -10.43321751
  -10.34980661
  -10.32438383
  -10.28834061
  -10.26520044
  -10.15636407
  -10.13267373
  -10.12595673
  -10.06653235
  -10.00604150
   -9.89344487
   -9.80071119
   -9.79805703
   -9.68619606
   -9.63310104
   -9.61885392
   -9.55043370
   -9.49682173
   -9.45697679
   -9.41372739
   -9.38431941
   -9.31232295
   -9.18442148
   -9.14297720
   -9.08398742
   -9.03465434
   -9.01401258
   -8.91634200
   -8.91237531
   -8.88817540
   -8.86521335
   -8.81443183
   -4.15740265
   -4.11274961
   -4.08078371
   -4.04023172
   -3.98060502
   -3.97318541
   -3.92855311
   -3.88801439
   -3.86973744
   -3.79724838
   -3.78358065
   -3.68574841
   -3.63672065
   -3.60196984
   -3.54638505
   -3.53262376
   -3.50039025
   -3.40534616
   -3.40253195
   -3.38665140
   -3.28360092
   -3.27332973
   -3.12097250
   -3.07025361
   -3.01658041
   -2.86699345
   -2.76175821
   -2.73729696
   -2.67391480
   -2.62353308
   -2.60964202
   -2.44179055
   -2.32736085
   -1.94095339
   -1.92653387
   -1.63908524
   -1.57956014
   -0.30936420
   -0.07859398
   -0.05898225
    0.16782811
    0.21535983
    0.45083208
    0.53082465
    0.67926171
    0.85983232
    4.07535084
    4.50600738
    4.51941799
    5.03996596
    7.47357944
    7.54696642
    8.08444794
    8.13768858
    9.04249001
    9.30152187
    9.79316421
    9.85528717
   10.12797048
   10.17796511
   10.25988508
   10.37886568
   10.79067145
   10.87168565
   11.01352707
   11.53598009
   11.98720793
   12.20817707
   12.58218728
   12.85814296
   12.87719817
   13.00260132
   13.39444083
   13.51275399
   14.04680494
   14.53766442
   15.33788509
   15.50450331
   15.73551676
   16.59625504
   17.12709169
 
 Fillings
     2.00000
     2.00000
     2.00000
     2.00000
     2.00000
     2.00000
     2.00000
     2.00000
     2.00000
     2.00000
     2.00000
     2.00000
     2.00000
     2.00000
     2.00000
     2.00000
     2.00000
     2.00000
     2.00000
     2.00000
     2.00000
     2.00000
     2.00000
     2.00000
     2.00000
     2.00000
     2.00000
     2.00000
     2.00000
     2.00000
     2.00000
     2.00000
     2.00000
     2.00000
     2.00000
     2.00000
     2.00000
     2.00000
     2.00000
     2.00000
     2.00000
     2.00000
     2.00000
     2.00000
     2.00000
     2.00000
     2.00000
     2.00000
     2.00000
     2.00000
     2.00000
     2.00000
     2.00000
     2.00000
     2.00000
     2.00000
     2.00000
     2.00000
     2.00000
     2.00000
     2.00000
     2.00000
     2.00000
     2.00000
     2.00000
     2.00000
     2.00000
     2.00000
     2.00000
     2.00000
     2.00000
     2.00000
     0.00000
     0.00000
     0.00000
     0.00000
     0.00000
     0.00000
     0.00000
     0.00000
     0.00000
     0.00000
     0.00000
     0.00000
     0.00000
     0.00000
     0.00000
     0.00000
     0.00000
     0.00000
     0.00000
     0.00000
     0.00000
     0.00000
     0.00000
     0.00000
     0.00000
     0.00000
     0.00000
     0.00000
     0.00000
     0.00000
     0.00000
     0.00000
     0.00000
     0.00000
     0.00000
     0.00000
     0.00000
     0.00000
     0.00000
     0.00000
     0.00000
     0.00000
     0.00000
     0.00000
     0.00000
     0.00000
     0.00000
     0.00000
     0.00000
     0.00000
     0.00000
     0.00000
     0.00000
     0.00000
     0.00000
     0.00000
     0.00000
     0.00000
     0.00000
     0.00000
     0.00000
     0.00000
     0.00000
     0.00000
     0.00000
     0.00000
     0.00000
     0.00000
     0.00000
     0.00000
     0.00000
     0.00000
     0.00000
     0.00000
     0.00000
     0.00000
     0.00000
     0.00000
     0.00000
     0.00000
     0.00000
 
 Fermi energy:                      -0.2388231074 H           -6.4987 eV
 Band energy:                      -72.7096015399 H        -1978.5289 eV
 TS:                                 0.0000000000 H            0.0000 eV
 Band free energy (E-TS):          -72.7096015399 H        -1978.5289 eV
 Extrapolated E(0K):               -72.7096015399 H        -1978.5289 eV
 
 Energy H0:                        -72.7096015399 H        -1978.5289 eV
 Total Electronic energy:          -72.7096015399 H        -1978.5289 eV
 Repulsive energy:                   2.3811510960 H           64.7944 eV
 Total energy:                     -70.3284504439 H        -1913.7345 eV
 Total Mermin free energy:         -70.3284504439 H        -1913.7345 eV
 
 Non-SCC calculation
 
 Full geometry written in geo_end.{xyz|gen}
 
 Total Forces
 -1.379916704166130E-004 -1.604233644716846E-003  1.939563756239406E-002
  3.713187918940901E-005 -1.699926169260512E-006 -2.044176724245051E-003
 -3.147223583057484E-004  3.490185970280446E-003 -1.216681033196101E-002
 -1.036975348058318E-004  1.768086113786009E-003  2.071691272446641E-002
  3.466260010178678E-006  2.782789020788590E-003 -5.337317217716710E-003
  3.334842861475297E-006  4.493117055059750E-003 -1.185138725213489E-002
 -5.332078007316295E-005 -1.774424198252335E-003  2.077967852402823E-002
  1.715885449310943E-007  6.073569184680497E-007 -8.855330712825647E-003
 -1.148670662398179E-005 -4.475216643974116E-003 -1.190629104004891E-002
 -1.478162993381803E-004  1.594567927365816E-003  1.941788197283044E-002
  4.382224090214837E-006 -2.778984125118981E-003 -5.337422198579300E-003
 -3.742163154087839E-004 -3.410230830914341E-003 -1.232726862405035E-002
  2.200199121887795E-004 -9.741014121182811E-004 -1.716173602378072E-003
  2.577078931529308E-002  7.230804249091828E-004  1.157696584961784E-002
 -2.172800181006629E-003  5.976432407328647E-003 -9.545713294602812E-003
  1.769118652812818E-004  9.994383685923876E-004 -1.714715511787805E-003
 -1.376807532008947E-003 -4.948985977449735E-003  1.053976794428922E-002
 -1.393357025091866E-003  8.095088147939879E-004  4.266654102822565E-003
 -2.647436976452880E-003 -6.427561297638065E-003 -9.144730056271380E-003
 -1.388074990890825E-002 -1.560079541628922E-005 -7.764688131170566E-003
 -2.699251665653372E-004 -4.450337456466530E-005 -4.915402587576223E-003
 -3.102067578291599E-005  7.116006346014187E-003 -2.320691962674759E-006
  3.243907578323290E-005 -6.630887922451416E-003 -1.854073992435812E-004
 -3.115284044305936E-004 -3.256704954426454E-004 -5.135798786144341E-003
 -1.323629230147410E-003 -7.542140310828043E-004  4.327020359800482E-003
 -1.583440282320656E-003  4.424719042100435E-003  1.064239453082687E-002
 -1.146999155548181E-004 -1.222417262804859E-005 -1.171195940837680E-002
 
 Total stress tensor
     -0.000016145786      0.000000110106     -0.000001119538
      0.000000110058     -0.000098820859     -0.000000020202
     -0.000001119202     -0.000000020340     -0.000015322546
 
 Total lattice derivs
      0.022693355385     -0.000154757448      0.001573542035
     -0.000038672312      0.034723872629      0.000007098602
      0.000247656659      0.000004500720      0.003390566765
 
 Maximal derivative component:       0.257708E-01 au
 Max force for moved atoms::         0.257708E-01 au
 
 Volume:                             0.104539E+05 au^3
 Pressure:                          -0.434297E-04 au    -0.127775E+10 Pa
 
 Geometry converged
 
