 KPT            1  SPIN            1  KWEIGHT    1.00000000000000     
   -24.78481     2.00000
   -24.72339     2.00000
   -24.67601     2.00000
   -24.56169     2.00000
   -24.48308     2.00000
   -24.47683     2.00000
   -24.43676     2.00000
   -24.37994     2.00000
   -24.35425     2.00000
   -24.29335     2.00000
   -24.27479     2.00000
   -24.26446     2.00000
   -24.26138     2.00000
   -24.24092     2.00000
   -24.21626     2.00000
   -24.18664     2.00000
   -24.16318     2.00000
   -24.16014     2.00000
   -11.75663     2.00000
   -11.70342     2.00000
   -11.68905     2.00000
   -11.38675     2.00000
   -11.30767     2.00000
   -11.28227     2.00000
   -11.21593     2.00000
   -11.16936     2.00000
   -11.08543     2.00000
   -11.05739     2.00000
   -11.02578     2.00000
   -10.98577     2.00000
   -10.96172     2.00000
   -10.91478     2.00000
   -10.88315     2.00000
   -10.84600     2.00000
   -10.81500     2.00000
   -10.63174     2.00000
   -10.59301     2.00000
   -10.46261     2.00000
   -10.40397     2.00000
   -10.37831     2.00000
   -10.35271     2.00000
   -10.28384     2.00000
   -10.22804     2.00000
   -10.15104     2.00000
   -10.13361     2.00000
   -10.12751     2.00000
   -10.10481     2.00000
   -10.06766     2.00000
    -9.92837     2.00000
    -9.86087     2.00000
    -9.81366     2.00000
    -9.73613     2.00000
    -9.67811     2.00000
    -9.65169     2.00000
    -9.58782     2.00000
    -9.53637     2.00000
    -9.53357     2.00000
    -9.48471     2.00000
    -9.43632     2.00000
    -9.37875     2.00000
    -9.37380     2.00000
    -9.29739     2.00000
    -9.23067     2.00000
    -9.10316     2.00000
    -9.08209     2.00000
    -9.06752     2.00000
    -8.99891     2.00000
    -8.94526     2.00000
    -8.91316     2.00000
    -8.87097     2.00000
    -8.86024     2.00000
    -8.81834     2.00000
    -4.38686     0.00000
    -4.13596     0.00000
    -4.12087     0.00000
    -4.05479     0.00000
    -4.05281     0.00000
    -4.01589     0.00000
    -3.99634     0.00000
    -3.93588     0.00000
    -3.91512     0.00000
    -3.88099     0.00000
    -3.85579     0.00000
    -3.81776     0.00000
    -3.76889     0.00000
    -3.76652     0.00000
    -3.59637     0.00000
    -3.57388     0.00000
    -3.53547     0.00000
    -3.48662     0.00000
    -3.48144     0.00000
    -3.42017     0.00000
    -3.38390     0.00000
    -3.31080     0.00000
    -3.28729     0.00000
    -3.18507     0.00000
    -3.14570     0.00000
    -3.07670     0.00000
    -2.98509     0.00000
    -2.95925     0.00000
    -2.77450     0.00000
    -2.75158     0.00000
    -2.68932     0.00000
    -2.66978     0.00000
    -2.54247     0.00000
    -2.40301     0.00000
    -2.17290     0.00000
    -2.11469     0.00000
    -1.69379     0.00000
    -1.37726     0.00000
    -0.93261     0.00000
    -0.18672     0.00000
     0.10274     0.00000
     0.19733     0.00000
     0.32532     0.00000
     0.32682     0.00000
     0.79683     0.00000
     1.86697     0.00000
     3.37608     0.00000
     3.64250     0.00000
     4.23537     0.00000
     4.54875     0.00000
     4.91871     0.00000
     6.57256     0.00000
     6.81857     0.00000
     8.40047     0.00000
     8.46028     0.00000
     9.22310     0.00000
     9.43935     0.00000
     9.62010     0.00000
    10.03052     0.00000
    10.16529     0.00000
    10.21732     0.00000
    10.51648     0.00000
    10.55067     0.00000
    10.63219     0.00000
    10.92133     0.00000
    10.97952     0.00000
    11.05100     0.00000
    11.45382     0.00000
    11.61149     0.00000
    12.08696     0.00000
    12.47774     0.00000
    12.68425     0.00000
    12.90028     0.00000
    12.97735     0.00000
    13.30894     0.00000
    13.52343     0.00000
    13.58631     0.00000
    14.31751     0.00000
    14.86081     0.00000
    15.17084     0.00000
    15.24470     0.00000
 
