 Fermi distribution function
 
 Coordinates of moved atoms (au):
    1      0.00000000      3.71886736     12.01815780
    2      0.00000000      0.00000000     11.33835593
    3      3.71886736      3.71886736     12.69795967
    4      0.00000000     11.15660209     12.01815780
    5      0.00000000      7.43773472     11.33835593
    6      3.71886736     11.15660209     12.69795967
    7      0.00000000     18.59433681     12.01815780
    8      0.00000000     14.87546945     11.33835593
    9      3.71886736     18.59433681     12.69795967
   10      0.00000000     26.03207153     12.01815780
   11      0.00000000     22.31320417     11.33835593
   12      3.71886736     26.03207153     12.69795967
   13      3.63230738     29.31230395     21.76121277
   14      3.63921804     25.94700305     20.65491836
   15      3.71218777      4.13451876     16.42788665
   16      3.71993838     14.65001689     17.31099973
   17      7.43669363     11.13394626     15.80317303
   18      7.42562635     18.53890441     15.77773567
   19      7.34468390     29.46830784     22.70272533
   20      7.43287953      3.75801391     15.77966544
   21      3.69845845      1.80180668     19.16006669
   22      3.71801669     11.13015019     16.29843411
   23      3.66068770     22.60828633     21.81695749
   24      3.71076623     18.13091872     16.42413908
   25      3.71145222      7.62519930     17.31678772
   26      7.37335987     22.44102065     22.77225066
   27      3.69198872     20.38550161     19.21561785
 
 COMPONENT = q
  
 Eigenvalues /H
   -0.91082508
   -0.90856797
   -0.90682677
   -0.90262543
   -0.89973657
   -0.89950679
   -0.89803443
   -0.89594628
   -0.89500241
   -0.89276426
   -0.89208221
   -0.89170267
   -0.89158949
   -0.89083740
   -0.88993109
   -0.88884272
   -0.88798048
   -0.88786891
   -0.43204820
   -0.43009267
   -0.42956465
   -0.41845532
   -0.41554905
   -0.41461570
   -0.41217782
   -0.41046648
   -0.40738201
   -0.40635151
   -0.40518987
   -0.40371974
   -0.40283584
   -0.40111075
   -0.39994825
   -0.39858315
   -0.39744390
   -0.39070937
   -0.38928585
   -0.38449403
   -0.38233874
   -0.38139597
   -0.38045509
   -0.37792411
   -0.37587366
   -0.37304374
   -0.37240320
   -0.37217910
   -0.37134513
   -0.36997976
   -0.36486093
   -0.36238033
   -0.36064547
   -0.35779622
   -0.35566401
   -0.35469310
   -0.35234580
   -0.35045520
   -0.35035235
   -0.34855675
   -0.34677827
   -0.34466264
   -0.34448075
   -0.34167295
   -0.33922095
   -0.33453491
   -0.33376070
   -0.33322505
   -0.33070384
   -0.32873219
   -0.32755251
   -0.32600202
   -0.32560781
   -0.32406819
   -0.16121397
   -0.15199364
   -0.15143903
   -0.14901073
   -0.14893807
   -0.14758128
   -0.14686270
   -0.14464107
   -0.14387802
   -0.14262373
   -0.14169782
   -0.14030008
   -0.13850398
   -0.13841715
   -0.13216423
   -0.13133774
   -0.12992598
   -0.12813108
   -0.12794074
   -0.12568878
   -0.12435610
   -0.12166957
   -0.12080574
   -0.11704910
   -0.11560227
   -0.11306662
   -0.10970017
   -0.10875052
   -0.10196104
   -0.10111854
   -0.09883068
   -0.09811269
   -0.09343410
   -0.08830882
   -0.07985268
   -0.07771344
   -0.06224577
   -0.05061345
   -0.03427277
   -0.00686178
    0.00377581
    0.00725183
    0.01195531
    0.01201051
    0.02928303
    0.06860987
    0.12406875
    0.13385939
    0.15564702
    0.16716340
    0.18075917
    0.24153699
    0.25057767
    0.30871178
    0.31090958
    0.33894256
    0.34688972
    0.35353213
    0.36861465
    0.37356738
    0.37547970
    0.38647362
    0.38772997
    0.39072572
    0.40135161
    0.40348989
    0.40611669
    0.42092014
    0.42671447
    0.44418746
    0.45854854
    0.46613760
    0.47407654
    0.47690867
    0.48909445
    0.49697704
    0.49928783
    0.52615899
    0.54612465
    0.55751794
    0.56023246
 
 Eigenvalues /eV
  -24.78481155
  -24.72339231
  -24.67601204
  -24.56168766
  -24.48307775
  -24.47682505
  -24.43676028
  -24.37993865
  -24.35425480
  -24.29335148
  -24.27479209
  -24.26446420
  -24.26138450
  -24.24091889
  -24.21625701
  -24.18664114
  -24.16317828
  -24.16014223
  -11.75662958
  -11.70341689
  -11.68904883
  -11.38674869
  -11.30766504
  -11.28226735
  -11.21592926
  -11.16936125
  -11.08542843
  -11.05738716
  -11.02577739
  -10.98577312
  -10.96172095
  -10.91477887
  -10.88314563
  -10.84599927
  -10.81499884
  -10.63174286
  -10.59300697
  -10.46261496
  -10.40396637
  -10.37831235
  -10.35270969
  -10.28383828
  -10.22804275
  -10.15103671
  -10.13360674
  -10.12750852
  -10.10481498
  -10.06766164
   -9.92837111
   -9.86087052
   -9.81366242
   -9.73613056
   -9.67811011
   -9.65169036
   -9.58781714
   -9.53637111
   -9.53357260
   -9.48471179
   -9.43631692
   -9.37874749
   -9.37379810
   -9.29739393
   -9.23067182
   -9.10315818
   -9.08209068
   -9.06751501
   -8.99890928
   -8.94525809
   -8.91315735
   -8.87096637
   -8.86023921
   -8.81834421
   -4.38685541
   -4.13595744
   -4.12086580
   -4.05478826
   -4.05281113
   -4.01589097
   -3.99633741
   -3.93588390
   -3.91512002
   -3.88098923
   -3.85579391
   -3.81775945
   -3.76888513
   -3.76652232
   -3.59637158
   -3.57388178
   -3.53546571
   -3.48662416
   -3.48144472
   -3.42016584
   -3.38390168
   -3.31079744
   -3.28729147
   -3.18506806
   -3.14569774
   -3.07669924
   -2.98509353
   -2.95925226
   -2.77450101
   -2.75157559
   -2.68931965
   -2.66978204
   -2.54247115
   -2.40300535
   -2.17290204
   -2.11469019
   -1.69379366
   -1.37726211
   -0.93260945
   -0.18671856
    0.10274492
    0.19733221
    0.32532047
    0.32682259
    0.79683170
    1.86696952
    3.37608253
    3.64249929
    4.23537093
    4.54874752
    4.91870717
    6.57255586
    6.81856529
    8.40047498
    8.46028001
    9.22309625
    9.43934959
    9.62009864
   10.03051506
   10.16528557
   10.21732248
   10.51648221
   10.55066917
   10.63218769
   10.92133285
   10.97951855
   11.05099742
   11.45381983
   11.61149148
   12.08695569
   12.47774058
   12.68424959
   12.90027890
   12.97734522
   13.30893704
   13.52343338
   13.58631308
   14.31751465
   14.86080782
   15.17083513
   15.24470076
 
 Fillings
     2.00000
     2.00000
     2.00000
     2.00000
     2.00000
     2.00000
     2.00000
     2.00000
     2.00000
     2.00000
     2.00000
     2.00000
     2.00000
     2.00000
     2.00000
     2.00000
     2.00000
     2.00000
     2.00000
     2.00000
     2.00000
     2.00000
     2.00000
     2.00000
     2.00000
     2.00000
     2.00000
     2.00000
     2.00000
     2.00000
     2.00000
     2.00000
     2.00000
     2.00000
     2.00000
     2.00000
     2.00000
     2.00000
     2.00000
     2.00000
     2.00000
     2.00000
     2.00000
     2.00000
     2.00000
     2.00000
     2.00000
     2.00000
     2.00000
     2.00000
     2.00000
     2.00000
     2.00000
     2.00000
     2.00000
     2.00000
     2.00000
     2.00000
     2.00000
     2.00000
     2.00000
     2.00000
     2.00000
     2.00000
     2.00000
     2.00000
     2.00000
     2.00000
     2.00000
     2.00000
     2.00000
     2.00000
     0.00000
     0.00000
     0.00000
     0.00000
     0.00000
     0.00000
     0.00000
     0.00000
     0.00000
     0.00000
     0.00000
     0.00000
     0.00000
     0.00000
     0.00000
     0.00000
     0.00000
     0.00000
     0.00000
     0.00000
     0.00000
     0.00000
     0.00000
     0.00000
     0.00000
     0.00000
     0.00000
     0.00000
     0.00000
     0.00000
     0.00000
     0.00000
     0.00000
     0.00000
     0.00000
     0.00000
     0.00000
     0.00000
     0.00000
     0.00000
     0.00000
     0.00000
     0.00000
     0.00000
     0.00000
     0.00000
     0.00000
     0.00000
     0.00000
     0.00000
     0.00000
     0.00000
     0.00000
     0.00000
     0.00000
     0.00000
     0.00000
     0.00000
     0.00000
     0.00000
     0.00000
     0.00000
     0.00000
     0.00000
     0.00000
     0.00000
     0.00000
     0.00000
     0.00000
     0.00000
     0.00000
     0.00000
     0.00000
     0.00000
     0.00000
     0.00000
     0.00000
     0.00000
     0.00000
     0.00000
     0.00000
 
 Fermi energy:                      -0.1752963137 H           -4.7701 eV
 Band energy:                      -72.5527731718 H        -1974.2614 eV
 TS:                                 0.0000000000 H            0.0000 eV
 Band free energy (E-TS):          -72.5527731718 H        -1974.2614 eV
 Extrapolated E(0K):               -72.5527731718 H        -1974.2614 eV
 
 Energy H0:                        -72.5527731718 H        -1974.2614 eV
 Total Electronic energy:          -72.5527731718 H        -1974.2614 eV
 Repulsive energy:                   2.2419804841 H           61.0074 eV
 Total energy:                     -70.3107926877 H        -1913.2540 eV
 Total Mermin free energy:         -70.3107926877 H        -1913.2540 eV
 
 Non-SCC calculation
 
 Full geometry written in geo_end.{xyz|gen}
 
 Total Forces
 -4.354755821991325E-005 -1.402817849829268E-003  2.051328243776747E-002
 -8.614760918765114E-007 -1.404167002129333E-003 -1.544334039478686E-003
 -2.865771120874918E-004 -3.180244765029188E-004 -1.214170198224923E-002
 -6.400266608322749E-004 -9.287056307109734E-005  2.147226401210341E-002
 -7.526775619593603E-007  4.994442786297743E-004 -5.214102332277048E-003
 -5.361351433530987E-005 -1.742069921877652E-004 -1.598739976817636E-002
 -9.716095887108859E-005  1.463473934800182E-003  2.017237829222925E-002
  9.584438536156305E-007 -7.048266091847166E-004 -5.107436679294187E-003
 -6.498774085800169E-004  8.574835736322069E-005 -1.216489237639581E-002
  5.697552573095518E-007  4.914056138113920E-006  3.098882666862834E-003
  7.090420238744631E-008  1.378462775146093E-003 -1.481126213090204E-003
 -1.244434655921944E-007  2.801009908565746E-006 -4.624184336174515E-003
  2.659144561631271E-004  1.014324348302621E-002 -1.211416858303532E-003
  9.215642860312102E-006 -2.502924165517680E-004 -2.989703503243832E-003
  9.177015900489404E-004  1.508279601078321E-002  3.504350984814783E-003
 -2.429809418641978E-004 -2.111869516079598E-003 -1.958497858680512E-003
  3.847723628322445E-005  2.189959160572385E-004 -5.818666543671649E-003
  2.431204063453946E-003 -4.110010517585055E-003  1.269761969710112E-003
  1.113192614204297E-003  1.075006989410693E-003 -4.621237399264753E-003
 -8.334556973775482E-004  3.759853554815291E-003  9.024452042557321E-004
 -9.890593380340275E-004 -3.424772342452566E-003  3.400023370845731E-003
  5.723750961638237E-004  9.736699937040001E-005  3.418657268158626E-003
  1.323798766169944E-004 -5.983384150092882E-003  3.136417580212297E-003
 -1.726872263453895E-003 -1.236849442705252E-002  1.027162959636854E-003
  1.661100708039452E-004 -2.093895105060847E-003 -2.855548647275059E-003
  2.232860895586583E-004 -5.374515344754548E-004 -4.891913859987225E-003
 -3.065457886954673E-004  1.164976136806981E-003  6.965356509656476E-004
 
 Total stress tensor
     -0.000085038992      0.000000094775      0.000001239267
      0.000000094782     -0.000100540098      0.000001648862
      0.000001239063      0.000001648027     -0.000010118820
 
 Total lattice derivs
      0.119524689623     -0.000133209387     -0.001741824453
     -0.000033304571      0.035327982193     -0.000579380322
     -0.000274179292     -0.000364674686      0.002239088318
 
 Maximal derivative component:       0.214723E-01 au
 Max force for moved atoms::         0.214723E-01 au
 
 Volume:                             0.104539E+05 au^3
 Pressure:                          -0.652326E-04 au    -0.191921E+10 Pa
 
 Geometry converged
 
