 KPT            1  SPIN            1  KWEIGHT    1.00000000000000     
   -24.79887     2.00000
   -24.73800     2.00000
   -24.69912     2.00000
   -24.63243     2.00000
   -24.51822     2.00000
   -24.44829     2.00000
   -24.38098     2.00000
   -24.33376     2.00000
   -24.30832     2.00000
   -24.28005     2.00000
   -24.26859     2.00000
   -24.26400     2.00000
   -24.25280     2.00000
   -24.21834     2.00000
   -24.19806     2.00000
   -24.18911     2.00000
   -24.17503     2.00000
   -24.15535     2.00000
   -11.76875     2.00000
   -11.71042     2.00000
   -11.68735     2.00000
   -11.64089     2.00000
   -11.33343     2.00000
   -11.20446     2.00000
   -11.16139     2.00000
   -11.10122     2.00000
   -11.06317     2.00000
   -11.01588     2.00000
   -10.99500     2.00000
   -10.98462     2.00000
   -10.93304     2.00000
   -10.92951     2.00000
   -10.88867     2.00000
   -10.83133     2.00000
   -10.65032     2.00000
   -10.62459     2.00000
   -10.46905     2.00000
   -10.45389     2.00000
   -10.41183     2.00000
   -10.37552     2.00000
   -10.36540     2.00000
   -10.30596     2.00000
   -10.25546     2.00000
   -10.20323     2.00000
   -10.18266     2.00000
   -10.17691     2.00000
   -10.14069     2.00000
   -10.03590     2.00000
    -9.99303     2.00000
    -9.93235     2.00000
    -9.85296     2.00000
    -9.76785     2.00000
    -9.75632     2.00000
    -9.64387     2.00000
    -9.62523     2.00000
    -9.60560     2.00000
    -9.56010     2.00000
    -9.47477     2.00000
    -9.45560     2.00000
    -9.39108     2.00000
    -9.32473     2.00000
    -9.29089     2.00000
    -9.25372     2.00000
    -9.11423     2.00000
    -9.08504     2.00000
    -9.04011     2.00000
    -9.02967     2.00000
    -9.01103     2.00000
    -8.91085     2.00000
    -8.89550     2.00000
    -8.86442     2.00000
    -8.79434     2.00000
    -4.34082     0.00000
    -4.27446     0.00000
    -4.12188     0.00000
    -4.07787     0.00000
    -4.03630     0.00000
    -3.96660     0.00000
    -3.95307     0.00000
    -3.95170     0.00000
    -3.91801     0.00000
    -3.87031     0.00000
    -3.85314     0.00000
    -3.67228     0.00000
    -3.65429     0.00000
    -3.61986     0.00000
    -3.57208     0.00000
    -3.52318     0.00000
    -3.50718     0.00000
    -3.46754     0.00000
    -3.43405     0.00000
    -3.38569     0.00000
    -3.36493     0.00000
    -3.30390     0.00000
    -3.19168     0.00000
    -3.16348     0.00000
    -3.13520     0.00000
    -3.07349     0.00000
    -3.01308     0.00000
    -2.84709     0.00000
    -2.81835     0.00000
    -2.72315     0.00000
    -2.68801     0.00000
    -2.61607     0.00000
    -2.55701     0.00000
    -2.25833     0.00000
    -2.02757     0.00000
    -1.95574     0.00000
    -1.69628     0.00000
    -0.72300     0.00000
    -0.29327     0.00000
     0.13933     0.00000
     0.17012     0.00000
     0.32856     0.00000
     0.46252     0.00000
     0.50646     0.00000
     0.79030     0.00000
     1.98795     0.00000
     3.86189     0.00000
     4.01574     0.00000
     4.43428     0.00000
     4.53257     0.00000
     5.03807     0.00000
     6.85570     0.00000
     7.25345     0.00000
     7.72220     0.00000
     8.40945     0.00000
     8.90132     0.00000
     9.20118     0.00000
     9.40679     0.00000
     9.97835     0.00000
    10.04932     0.00000
    10.17983     0.00000
    10.29336     0.00000
    10.47734     0.00000
    10.59853     0.00000
    10.69916     0.00000
    11.09610     0.00000
    11.62700     0.00000
    12.13164     0.00000
    12.31490     0.00000
    12.62186     0.00000
    13.01407     0.00000
    13.14735     0.00000
    13.38207     0.00000
    13.72538     0.00000
    13.83645     0.00000
    14.19932     0.00000
    14.38502     0.00000
    14.99100     0.00000
    15.02048     0.00000
    15.66078     0.00000
    16.08423     0.00000
 
