 Fermi distribution function
 
 Coordinates of moved atoms (au):
    1      0.00000000      3.71886736     12.01815780
    2      0.00000000      0.00000000     11.33835593
    3      3.71886736      3.71886736     12.69795967
    4      0.00000000     11.15660209     12.01815780
    5      0.00000000      7.43773472     11.33835593
    6      3.71886736     11.15660209     12.69795967
    7      0.00000000     18.59433681     12.01815780
    8      0.00000000     14.87546945     11.33835593
    9      3.71886736     18.59433681     12.69795967
   10      0.00000000     26.03207153     12.01815780
   11      0.00000000     22.31320417     11.33835593
   12      3.71886736     26.03207153     12.69795967
   13      3.63665392     15.09149666     21.44240217
   14      7.35726356     15.95352989     21.64059808
   15      3.70633291     17.43352090     16.16663301
   16      7.43155299     26.56548976     15.72795896
   17      7.43299694     10.91382843     15.78145954
   18      3.73587626      7.40715423     17.51142391
   19      0.01066828     17.99711774     15.82439682
   20      3.72436505     10.78689161     16.30224896
   21      3.80288212     24.77061890     19.03205818
   22      0.00441436      3.90229210     15.77477092
   23      3.66088537     12.16037545     23.16518281
   24      3.69706895     14.23930462     17.93806340
   25      3.72750445      3.91527775     16.29869904
   26      3.74734870      0.52345088     17.46815843
   27      3.72267985     26.84081429     16.37416619
 
 COMPONENT = q
  
 Eigenvalues /H
   -0.91134164
   -0.90910473
   -0.90767581
   -0.90522518
   -0.90102798
   -0.89845830
   -0.89598443
   -0.89424929
   -0.89331443
   -0.89227542
   -0.89185437
   -0.89168557
   -0.89127393
   -0.89000750
   -0.88926235
   -0.88893344
   -0.88841608
   -0.88769284
   -0.43249375
   -0.43034993
   -0.42950228
   -0.42779489
   -0.41649579
   -0.41175647
   -0.41017360
   -0.40796216
   -0.40656402
   -0.40482600
   -0.40405873
   -0.40367743
   -0.40178178
   -0.40165195
   -0.40015115
   -0.39804389
   -0.39139205
   -0.39044666
   -0.38473040
   -0.38417342
   -0.38262779
   -0.38129333
   -0.38092143
   -0.37873717
   -0.37688115
   -0.37496193
   -0.37420603
   -0.37399447
   -0.37266341
   -0.36881255
   -0.36723712
   -0.36500726
   -0.36208963
   -0.35896187
   -0.35853808
   -0.35440574
   -0.35372086
   -0.35299941
   -0.35132717
   -0.34819138
   -0.34748702
   -0.34511599
   -0.34267760
   -0.34143404
   -0.34006787
   -0.33494170
   -0.33386905
   -0.33221794
   -0.33183428
   -0.33114913
   -0.32746765
   -0.32690369
   -0.32576142
   -0.32318610
   -0.15952204
   -0.15708353
   -0.15147618
   -0.14985898
   -0.14833114
   -0.14576978
   -0.14527254
   -0.14522228
   -0.14398422
   -0.14223110
   -0.14160027
   -0.13495390
   -0.13429262
   -0.13302725
   -0.13127141
   -0.12947445
   -0.12888658
   -0.12742961
   -0.12619909
   -0.12442200
   -0.12365881
   -0.12141626
   -0.11729215
   -0.11625571
   -0.11521650
   -0.11294871
   -0.11072881
   -0.10462850
   -0.10357243
   -0.10007398
   -0.09878252
   -0.09613883
   -0.09396826
   -0.08299201
   -0.07451178
   -0.07187202
   -0.06233725
   -0.02656979
   -0.01077744
    0.00512027
    0.00625191
    0.01207438
    0.01699716
    0.01861224
    0.02904305
    0.07305573
    0.14192198
    0.14757573
    0.16295683
    0.16656887
    0.18514564
    0.25194242
    0.26655929
    0.28378553
    0.30904167
    0.32711745
    0.33813731
    0.34569324
    0.36669749
    0.36930589
    0.37410204
    0.37827413
    0.38503513
    0.38948884
    0.39318707
    0.40777403
    0.42728429
    0.44582945
    0.45256441
    0.46384485
    0.47825837
    0.48315615
    0.49178193
    0.50439853
    0.50848016
    0.52181555
    0.52863989
    0.55090928
    0.55199256
    0.57552317
    0.59108468
 
 Eigenvalues /eV
  -24.79886766
  -24.73799828
  -24.69911540
  -24.63243052
  -24.51821886
  -24.44829412
  -24.38097678
  -24.33376126
  -24.30832253
  -24.28004943
  -24.26859219
  -24.26399883
  -24.25279767
  -24.21833617
  -24.19805973
  -24.18910956
  -24.17503159
  -24.15535107
  -11.76875371
  -11.71041740
  -11.68735166
  -11.64089118
  -11.33342713
  -11.20446363
  -11.16139157
  -11.10121519
  -11.06316996
  -11.01587588
  -10.99499759
  -10.98462183
  -10.93303855
  -10.92950564
  -10.88866672
  -10.83132533
  -10.65031956
  -10.62459420
  -10.46904690
  -10.45389057
  -10.41183184
  -10.37551943
  -10.36539957
  -10.30596288
  -10.25545775
  -10.20323328
  -10.18266406
  -10.17690726
  -10.14068745
  -10.03589998
   -9.99303054
   -9.93235283
   -9.85296021
   -9.76784956
   -9.75631753
   -9.64387094
   -9.62523425
   -9.60560269
   -9.56009868
   -9.47476958
   -9.45560292
   -9.39108382
   -9.32473184
   -9.29089302
   -9.25371763
   -9.11422733
   -9.08503901
   -9.04011000
   -9.02967028
   -9.01102638
   -8.91084807
   -8.89550205
   -8.86441928
   -8.79434128
   -4.34081543
   -4.27446034
   -4.12187658
   -4.07787028
   -4.03629567
   -3.96659764
   -3.95306696
   -3.95169922
   -3.91801004
   -3.87030526
   -3.85313951
   -3.67228260
   -3.65428802
   -3.61985559
   -3.57207675
   -3.52317917
   -3.50718218
   -3.46753615
   -3.43405208
   -3.38569487
   -3.36492744
   -3.30390459
   -3.19168183
   -3.16347880
   -3.13520048
   -3.07349075
   -3.01308411
   -2.84708643
   -2.81834926
   -2.72315158
   -2.68800921
   -2.61607054
   -2.55700637
   -2.25832738
   -2.02756876
   -1.95573729
   -1.69628292
   -0.72300087
   -0.29326899
    0.13932960
    0.17012326
    0.32856073
    0.46251625
    0.50646482
    0.79030153
    1.98794746
    3.86189363
    4.01573981
    4.43428101
    4.53256946
    5.03806909
    6.85570210
    7.25344725
    7.72219705
    8.40945174
    8.90131858
    9.20118438
    9.40679180
    9.97834635
   10.04932467
   10.17983453
   10.29336267
   10.47733894
   10.59853066
   10.69916448
   11.09609605
   11.62699722
   12.13163659
   12.31490419
   12.62186046
   13.01407232
   13.14734766
   13.38206710
   13.72538229
   13.83644906
   14.19932369
   14.38502324
   14.99100434
   15.02048179
   15.66078214
   16.08423259
 
 Fillings
     2.00000
     2.00000
     2.00000
     2.00000
     2.00000
     2.00000
     2.00000
     2.00000
     2.00000
     2.00000
     2.00000
     2.00000
     2.00000
     2.00000
     2.00000
     2.00000
     2.00000
     2.00000
     2.00000
     2.00000
     2.00000
     2.00000
     2.00000
     2.00000
     2.00000
     2.00000
     2.00000
     2.00000
     2.00000
     2.00000
     2.00000
     2.00000
     2.00000
     2.00000
     2.00000
     2.00000
     2.00000
     2.00000
     2.00000
     2.00000
     2.00000
     2.00000
     2.00000
     2.00000
     2.00000
     2.00000
     2.00000
     2.00000
     2.00000
     2.00000
     2.00000
     2.00000
     2.00000
     2.00000
     2.00000
     2.00000
     2.00000
     2.00000
     2.00000
     2.00000
     2.00000
     2.00000
     2.00000
     2.00000
     2.00000
     2.00000
     2.00000
     2.00000
     2.00000
     2.00000
     2.00000
     2.00000
     0.00000
     0.00000
     0.00000
     0.00000
     0.00000
     0.00000
     0.00000
     0.00000
     0.00000
     0.00000
     0.00000
     0.00000
     0.00000
     0.00000
     0.00000
     0.00000
     0.00000
     0.00000
     0.00000
     0.00000
     0.00000
     0.00000
     0.00000
     0.00000
     0.00000
     0.00000
     0.00000
     0.00000
     0.00000
     0.00000
     0.00000
     0.00000
     0.00000
     0.00000
     0.00000
     0.00000
     0.00000
     0.00000
     0.00000
     0.00000
     0.00000
     0.00000
     0.00000
     0.00000
     0.00000
     0.00000
     0.00000
     0.00000
     0.00000
     0.00000
     0.00000
     0.00000
     0.00000
     0.00000
     0.00000
     0.00000
     0.00000
     0.00000
     0.00000
     0.00000
     0.00000
     0.00000
     0.00000
     0.00000
     0.00000
     0.00000
     0.00000
     0.00000
     0.00000
     0.00000
     0.00000
     0.00000
     0.00000
     0.00000
     0.00000
     0.00000
     0.00000
     0.00000
     0.00000
     0.00000
     0.00000
 
 Fermi energy:                      -0.1601284762 H           -4.3573 eV
 Band energy:                      -72.5750017667 H        -1974.8663 eV
 TS:                                 0.0000000000 H            0.0000 eV
 Band free energy (E-TS):          -72.5750017667 H        -1974.8663 eV
 Extrapolated E(0K):               -72.5750017667 H        -1974.8663 eV
 
 Energy H0:                        -72.5750017667 H        -1974.8663 eV
 Total Electronic energy:          -72.5750017667 H        -1974.8663 eV
 Repulsive energy:                   2.2847833740 H           62.1721 eV
 Total energy:                     -70.2902183926 H        -1912.6942 eV
 Total Mermin free energy:         -70.2902183926 H        -1912.6942 eV
 
 Non-SCC calculation
 
 Full geometry written in geo_end.{xyz|gen}
 
 Total Forces
  2.996194383582962E-003  5.482547853361951E-004  1.578311795565547E-002
  6.406877859791321E-006  2.965543454049945E-003 -7.298247040121726E-003
  2.642314460504431E-004  1.113790321077728E-003 -1.395006544274377E-002
 -5.809806573303132E-005 -4.043248059235009E-004  2.129814770843182E-002
  5.664193010590894E-006 -2.368885904498515E-004 -6.945773409803090E-003
 -1.776536207313199E-004 -1.431807468445109E-003 -6.577910173454785E-003
  1.346509361645716E-004 -1.194991788220199E-003  3.272684770290476E-002
 -5.192294450472737E-006 -2.824857640332322E-003 -6.354992841855447E-003
  3.685004747843018E-004 -7.901430562790600E-003 -4.069254481544576E-003
 -1.713786975167405E-005  1.262600065055327E-003  1.808993756790511E-002
  4.260028996102009E-007 -1.011184168151154E-003 -1.175670950448092E-003
 -2.049699144930672E-004 -2.782551130201726E-003 -1.415366799702563E-002
  6.461384429145389E-004 -8.655768424879112E-003  5.216420887721857E-003
  4.557845381873069E-004 -1.882578574225566E-003  1.583239464843194E-003
  1.124414636617217E-002 -5.096581507301676E-004 -1.058437909297770E-002
  7.743799136835963E-003  9.793821253228263E-004 -1.142584480597827E-003
  3.664740385218913E-003  1.599580565481415E-003 -1.313172090170449E-003
 -5.836077693852173E-004 -5.733567524448594E-003 -6.935406629628715E-004
 -1.185696277326416E-002  3.408030368221975E-003 -8.274846361075797E-003
 -3.394388147146197E-003  1.024072388560421E-002 -3.564940132057298E-003
 -1.143676447428491E-003 -1.737377009298907E-002  1.896034599047788E-002
  1.625224392505322E-003  1.048232448719903E-003  5.143974450257660E-004
 -4.471591676717544E-004  7.786016439338461E-003 -4.474461648937736E-003
 -1.906076959593966E-004 -5.602053795650812E-003 -1.125819347187521E-002
 -4.261442470375396E-003  9.504709228946591E-003 -3.147460938082020E-003
 -9.736377264488707E-004 -1.204473776724509E-002  8.905389291316707E-004
 -5.841373613347425E-003  2.913330679752872E-002 -1.008383243636361E-002
 
 Total stress tensor
     -0.000034830413     -0.000000268807     -0.000001922360
     -0.000000269037     -0.000092903693     -0.000003432617
     -0.000001922177     -0.000003431736     -0.000008127430
 
 Total lattice derivs
      0.048955122652      0.000377816454      0.002701931074
      0.000094534892      0.032644686711      0.001206159768
      0.000425338616      0.000759373096      0.001798434464
 
 Maximal derivative component:       0.327268E-01 au
 Max force for moved atoms::         0.327268E-01 au
 
 Volume:                             0.104539E+05 au^3
 Pressure:                          -0.452872E-04 au    -0.133239E+10 Pa
 
 Geometry converged
 
