 KPT            1  SPIN            1  KWEIGHT    1.00000000000000     
   -27.21871     2.00000
   -24.71420     2.00000
   -24.65076     2.00000
   -24.61387     2.00000
   -24.57280     2.00000
   -24.45231     2.00000
   -24.36551     2.00000
   -24.29960     2.00000
   -24.28398     2.00000
   -24.25420     2.00000
   -24.24868     2.00000
   -24.24314     2.00000
   -24.23503     2.00000
   -24.17059     2.00000
   -24.14365     2.00000
   -23.99920     2.00000
   -23.95969     2.00000
   -21.77884     2.00000
   -12.85982     2.00000
   -12.04906     2.00000
   -11.69754     2.00000
   -11.53936     2.00000
   -11.47232     2.00000
   -11.38752     2.00000
   -11.34333     2.00000
   -11.21763     2.00000
   -11.09906     2.00000
   -10.98573     2.00000
   -10.95711     2.00000
   -10.92488     2.00000
   -10.84780     2.00000
   -10.66098     2.00000
   -10.64109     2.00000
   -10.58582     2.00000
   -10.54743     2.00000
   -10.42691     2.00000
   -10.38815     2.00000
   -10.36191     2.00000
   -10.33396     2.00000
   -10.23744     2.00000
   -10.12227     2.00000
   -10.08624     2.00000
    -9.96623     2.00000
    -9.90052     2.00000
    -9.88887     2.00000
    -9.86320     2.00000
    -9.77125     2.00000
    -9.73819     2.00000
    -9.67943     2.00000
    -9.63089     2.00000
    -9.58907     2.00000
    -9.52312     2.00000
    -9.48375     2.00000
    -9.45870     2.00000
    -9.40836     2.00000
    -9.35039     2.00000
    -9.33935     2.00000
    -9.32735     2.00000
    -9.24488     2.00000
    -9.21542     2.00000
    -9.12767     2.00000
    -9.08808     2.00000
    -9.00482     2.00000
    -9.00079     2.00000
    -8.93537     2.00000
    -8.91154     2.00000
    -8.82869     2.00000
    -8.75959     2.00000
    -8.69691     2.00000
    -8.59983     2.00000
    -7.86626     2.00000
    -4.99745     2.00000
    -4.68413     0.00000
    -4.64332     0.00000
    -4.41944     0.00000
    -4.39046     0.00000
    -4.36103     0.00000
    -4.27902     0.00000
    -4.22249     0.00000
    -4.20897     0.00000
    -4.14024     0.00000
    -4.09117     0.00000
    -4.04983     0.00000
    -3.99771     0.00000
    -3.93586     0.00000
    -3.91684     0.00000
    -3.87973     0.00000
    -3.80125     0.00000
    -3.75142     0.00000
    -3.70045     0.00000
    -3.65079     0.00000
    -3.64143     0.00000
    -3.58505     0.00000
    -3.52838     0.00000
    -3.49664     0.00000
    -3.47144     0.00000
    -3.40395     0.00000
    -3.39362     0.00000
    -3.38180     0.00000
    -3.35407     0.00000
    -3.29213     0.00000
    -3.22696     0.00000
    -3.11344     0.00000
    -3.02893     0.00000
    -2.91031     0.00000
    -2.82129     0.00000
    -2.76884     0.00000
    -2.60338     0.00000
    -2.42250     0.00000
    -2.16330     0.00000
    -1.85272     0.00000
    -1.04647     0.00000
    -0.62575     0.00000
    -0.44320     0.00000
    -0.32758     0.00000
    -0.26416     0.00000
     0.09453     0.00000
     0.20738     0.00000
     0.37453     0.00000
     0.43256     0.00000
     0.44999     0.00000
     2.17317     0.00000
     2.65115     0.00000
     2.92708     0.00000
     3.11359     0.00000
     4.35089     0.00000
     4.75523     0.00000
     4.85827     0.00000
     5.18202     0.00000
     5.49386     0.00000
     6.97207     0.00000
     7.42175     0.00000
     7.57905     0.00000
     7.84030     0.00000
     8.75100     0.00000
     9.35628     0.00000
     9.94485     0.00000
    10.28595     0.00000
    10.37886     0.00000
    11.04245     0.00000
    11.48724     0.00000
    11.90238     0.00000
    12.21688     0.00000
    12.25672     0.00000
    12.32551     0.00000
    12.93602     0.00000
    13.26225     0.00000
    13.59004     0.00000
    13.95591     0.00000
    15.32670     0.00000
    16.04006     0.00000
    16.76391     0.00000
    18.03084     0.00000
 
