 Fermi distribution function
 
 Coordinates of moved atoms (au):
    1      0.00000000      3.71886736     12.01815780
    2      0.00000000      0.00000000     11.33835593
    3      3.71886736      3.71886736     12.69795967
    4      0.00000000     11.15660209     12.01815780
    5      0.00000000      7.43773472     11.33835593
    6      3.71886736     11.15660209     12.69795967
    7      0.00000000     18.59433681     12.01815780
    8      0.00000000     14.87546945     11.33835593
    9      3.71886736     18.59433681     12.69795967
   10      0.00000000     26.03207153     12.01815780
   11      0.00000000     22.31320417     11.33835593
   12      3.71886736     26.03207153     12.69795967
   13      2.92978457     17.09506634     14.78341990
   14      0.27557565     24.58139369     16.28883759
   15      0.02453469      4.56017928     15.44324118
   16      3.70555819     11.26754952     16.60344755
   17      4.62036623     26.75776328     22.13212928
   18      3.69850035     14.29157063     18.91075366
   19      3.87735114     25.13877378     16.53587924
   20      3.31983337      0.55136598     21.67616143
   21      7.42682382     11.57584747     15.78963380
   22      4.07144062     21.28152641     17.09289967
   23      3.49823007     17.96596348     17.87291597
   24      3.53386856      3.74627265     21.06969953
   25      3.75841112      8.36556642     18.47690849
   26      4.94489294     29.21534243     17.43664730
   27      0.90000898     25.76021766     23.04931640
 
 COMPONENT = q
  
 Eigenvalues /H
   -1.00026917
   -0.90823025
   -0.90589880
   -0.90454294
   -0.90303390
   -0.89860594
   -0.89541593
   -0.89299393
   -0.89241990
   -0.89132534
   -0.89112248
   -0.89091893
   -0.89062107
   -0.88825285
   -0.88726271
   -0.88195443
   -0.88050256
   -0.80035751
   -0.47258982
   -0.44279483
   -0.42987671
   -0.42406379
   -0.42160016
   -0.41848363
   -0.41685965
   -0.41224016
   -0.40788297
   -0.40371804
   -0.40266657
   -0.40148199
   -0.39864929
   -0.39178380
   -0.39105294
   -0.38902157
   -0.38761097
   -0.38318183
   -0.38175749
   -0.38079337
   -0.37976588
   -0.37621919
   -0.37198674
   -0.37066244
   -0.36625206
   -0.36383731
   -0.36340938
   -0.36246594
   -0.35908699
   -0.35787187
   -0.35571254
   -0.35392857
   -0.35239198
   -0.34996827
   -0.34852137
   -0.34760080
   -0.34575100
   -0.34362064
   -0.34321470
   -0.34277377
   -0.33974318
   -0.33866042
   -0.33543581
   -0.33398070
   -0.33092116
   -0.33077288
   -0.32836894
   -0.32749292
   -0.32444830
   -0.32190916
   -0.31960570
   -0.31603808
   -0.28907986
   -0.18365301
   -0.17213853
   -0.17063905
   -0.16241130
   -0.16134648
   -0.16026481
   -0.15725105
   -0.15517355
   -0.15467691
   -0.15215090
   -0.15034773
   -0.14882859
   -0.14691313
   -0.14464002
   -0.14394139
   -0.14257730
   -0.13969320
   -0.13786203
   -0.13598912
   -0.13416405
   -0.13382001
   -0.13174823
   -0.12966569
   -0.12849911
   -0.12757296
   -0.12509289
   -0.12471331
   -0.12427902
   -0.12325970
   -0.12098347
   -0.11858860
   -0.11441673
   -0.11131120
   -0.10695175
   -0.10368062
   -0.10175282
   -0.09567234
   -0.08902541
   -0.07949988
   -0.06808613
   -0.03845704
   -0.02299604
   -0.01628747
   -0.01203836
   -0.00970760
    0.00347401
    0.00762096
    0.01376374
    0.01589614
    0.01653690
    0.07986257
    0.09742785
    0.10756815
    0.11442222
    0.15989231
    0.17475140
    0.17853827
    0.19043580
    0.20189566
    0.25621877
    0.27274447
    0.27852481
    0.28812561
    0.32159317
    0.34383681
    0.36546667
    0.37800177
    0.38141626
    0.40580271
    0.42214834
    0.43740450
    0.44896201
    0.45042623
    0.45295405
    0.47539012
    0.48737857
    0.49942490
    0.51287036
    0.56324574
    0.58946136
    0.61606247
    0.66262125
 
 Eigenvalues /eV
  -27.21870892
  -24.71420260
  -24.65076055
  -24.61386570
  -24.57280276
  -24.45231187
  -24.36550712
  -24.29960109
  -24.28398096
  -24.25419641
  -24.24867637
  -24.24313750
  -24.23503233
  -24.17058974
  -24.14364688
  -23.99920104
  -23.95969382
  -21.77883581
  -12.85982340
  -12.04906031
  -11.69754032
  -11.53936284
  -11.47232412
  -11.38751908
  -11.34332832
  -11.21762550
  -11.09906029
  -10.98572677
  -10.95711486
  -10.92488068
  -10.84779913
  -10.66097957
  -10.64109179
  -10.58581550
  -10.54743114
  -10.42690808
  -10.38814982
  -10.36191471
  -10.33395530
  -10.23744493
  -10.12227428
  -10.08623809
   -9.96622561
   -9.90051700
   -9.88887242
   -9.86320004
   -9.77125428
   -9.73818896
   -9.67943059
   -9.63088648
   -9.58907354
   -9.52312105
   -9.48374906
   -9.45869909
   -9.40836337
   -9.35039328
   -9.33934706
   -9.32734895
   -9.24488223
   -9.21541902
   -9.12767269
   -9.08807711
   -9.00482286
   -9.00078813
   -8.93537341
   -8.91153567
   -8.82868732
   -8.75959393
   -8.69691354
   -8.59983382
   -7.86626319
   -4.99745276
   -4.68412780
   -4.64332493
   -4.41943634
   -4.39046107
   -4.36102728
   -4.27901884
   -4.22248715
   -4.20897290
   -4.14023674
   -4.09116989
   -4.04983190
   -3.99770968
   -3.93585526
   -3.91684464
   -3.87972573
   -3.80124537
   -3.75141669
   -3.70045211
   -3.65078964
   -3.64142771
   -3.58505178
   -3.52838298
   -3.49663861
   -3.47143678
   -3.40395078
   -3.39362185
   -3.38180414
   -3.35406704
   -3.29212780
   -3.22695998
   -3.11343768
   -3.02893188
   -2.91030525
   -2.82129331
   -2.76883522
   -2.60337678
   -2.42250478
   -2.16330180
   -1.85271773
   -1.04646937
   -0.62575404
   -0.44320452
   -0.32758057
   -0.26415731
    0.09453254
    0.20737698
    0.37453051
    0.43255610
    0.44999208
    2.17317104
    2.65114659
    2.92707842
    3.11358699
    4.35089100
    4.75522754
    4.85827344
    5.18202172
    5.49386049
    6.97206752
    7.42175454
    7.57904571
    7.84029673
    8.75099549
    9.35627558
    9.94485401
   10.28595158
   10.37886438
   11.04245369
   11.48724069
   11.90238211
   12.21687800
   12.25672126
   12.32550690
   12.93602337
   13.26224562
   13.59004311
   13.95591249
   15.32669649
   16.04005961
   16.76391288
   18.03084152
 
 Fillings
     2.00000
     2.00000
     2.00000
     2.00000
     2.00000
     2.00000
     2.00000
     2.00000
     2.00000
     2.00000
     2.00000
     2.00000
     2.00000
     2.00000
     2.00000
     2.00000
     2.00000
     2.00000
     2.00000
     2.00000
     2.00000
     2.00000
     2.00000
     2.00000
     2.00000
     2.00000
     2.00000
     2.00000
     2.00000
     2.00000
     2.00000
     2.00000
     2.00000
     2.00000
     2.00000
     2.00000
     2.00000
     2.00000
     2.00000
     2.00000
     2.00000
     2.00000
     2.00000
     2.00000
     2.00000
     2.00000
     2.00000
     2.00000
     2.00000
     2.00000
     2.00000
     2.00000
     2.00000
     2.00000
     2.00000
     2.00000
     2.00000
     2.00000
     2.00000
     2.00000
     2.00000
     2.00000
     2.00000
     2.00000
     2.00000
     2.00000
     2.00000
     2.00000
     2.00000
     2.00000
     2.00000
     2.00000
     0.00000
     0.00000
     0.00000
     0.00000
     0.00000
     0.00000
     0.00000
     0.00000
     0.00000
     0.00000
     0.00000
     0.00000
     0.00000
     0.00000
     0.00000
     0.00000
     0.00000
     0.00000
     0.00000
     0.00000
     0.00000
     0.00000
     0.00000
     0.00000
     0.00000
     0.00000
     0.00000
     0.00000
     0.00000
     0.00000
     0.00000
     0.00000
     0.00000
     0.00000
     0.00000
     0.00000
     0.00000
     0.00000
     0.00000
     0.00000
     0.00000
     0.00000
     0.00000
     0.00000
     0.00000
     0.00000
     0.00000
     0.00000
     0.00000
     0.00000
     0.00000
     0.00000
     0.00000
     0.00000
     0.00000
     0.00000
     0.00000
     0.00000
     0.00000
     0.00000
     0.00000
     0.00000
     0.00000
     0.00000
     0.00000
     0.00000
     0.00000
     0.00000
     0.00000
     0.00000
     0.00000
     0.00000
     0.00000
     0.00000
     0.00000
     0.00000
     0.00000
     0.00000
     0.00000
     0.00000
     0.00000
 
 Fermi energy:                      -0.1819715419 H           -4.9517 eV
 Band energy:                      -71.6739794511 H        -1950.3482 eV
 TS:                                 0.0000000000 H            0.0000 eV
 Band free energy (E-TS):          -71.6739794511 H        -1950.3482 eV
 Extrapolated E(0K):               -71.6739794511 H        -1950.3482 eV
 
 Energy H0:                        -71.6739794511 H        -1950.3482 eV
 Total Electronic energy:          -71.6739794511 H        -1950.3482 eV
 Repulsive energy:                   1.9926185763 H           54.2219 eV
 Total energy:                     -69.6813608748 H        -1896.1263 eV
 Total Mermin free energy:         -69.6813608748 H        -1896.1263 eV
 
 Non-SCC calculation
 
 Full geometry written in geo_end.{xyz|gen}
 
 Total Forces
 -3.080488065690413E-004  7.463592510044074E-003  2.784349527553015E-002
  9.021907843849590E-005 -4.463137098463145E-003  2.137229186410239E-004
  1.402593755116512E-003 -7.319634540629881E-003 -3.581382920037618E-002
 -1.338410552270532E-004  3.752767668127001E-003  2.997750839861424E-002
 -5.311545069351644E-005  8.833310287885792E-003 -1.272402889363361E-002
 -6.115086440695118E-004 -3.075992018853336E-003  1.846845797032717E-003
  5.214768874630526E-003 -3.313547574580033E-004  8.465806704063042E-003
 -2.782016459322943E-003 -8.740715695052287E-004 -9.363019525088348E-003
  1.626841623984805E-003  3.239961114710428E-003 -2.708704473478978E-002
  1.499219319036291E-003 -6.574272444802878E-003  2.283036185475217E-002
 -1.256749094680212E-003 -5.090607323565742E-003 -4.580910054802489E-003
  6.115521343771239E-003  2.230209552161130E-003  2.637607431922182E-003
 -1.300780853913446E-002 -9.775790623538505E-003 -4.288920655093709E-002
 -1.660963171907205E-003  3.130484204231580E-002 -1.043544620271269E-002
 -5.226339432863611E-004 -5.645016248374483E-003  2.551325245257882E-002
  1.332382203845179E-003  4.345626391552865E-003  1.296995172625515E-002
 -1.987113298595808E-002  7.630610700613341E-004 -8.639449592827229E-003
  9.293386552261386E-004  2.887178381697296E-003 -1.699114024783820E-002
  1.177619071985633E-002 -1.607707600908001E-002  2.417770435987142E-002
  1.030953701524911E-002 -1.940103791572248E-002  1.823512863070227E-002
  2.307712951805402E-004 -7.293870369231188E-003 -3.621860289575424E-003
 -4.193925810862704E-004  9.869652641346705E-003  1.503042378641424E-002
  6.911955994461368E-003 -4.895332513654666E-003  4.841130943459504E-002
  1.176938828875589E-003  1.816258284765088E-003 -1.636625290404750E-002
 -1.434176790189392E-003  1.741621834966758E-002 -1.251195542156910E-002
 -3.661143410654455E-003 -1.478708079296322E-002 -2.287446382930926E-002
 -2.893747774893661E-003  1.168159593150761E-002 -1.425451132346540E-002
 
 Total stress tensor
     -0.000070564365      0.000005914530     -0.000007957360
      0.000005914726     -0.000130638372      0.000004223283
     -0.000007956943      0.000004226068     -0.000011600922
 
 Total lattice derivs
      0.099180194898     -0.008313038260      0.011184292184
     -0.002078328416      0.045903974268     -0.001483985695
      0.001760709135     -0.000935142506      0.002567047336
 
 Maximal derivative component:       0.484113E-01 au
 Max force for moved atoms::         0.484113E-01 au
 
 Volume:                             0.104539E+05 au^3
 Pressure:                          -0.709346E-04 au    -0.208697E+10 Pa
 
 Geometry converged
 
