 KPT            1  SPIN            1  KWEIGHT    1.00000000000000     
   -24.76276     2.00000
   -24.70162     2.00000
   -24.65619     2.00000
   -24.54570     2.00000
   -24.44823     2.00000
   -24.40906     2.00000
   -24.36726     2.00000
   -24.35306     2.00000
   -24.29673     2.00000
   -24.28783     2.00000
   -24.27395     2.00000
   -24.26425     2.00000
   -24.21738     2.00000
   -24.17419     2.00000
   -24.16375     2.00000
   -24.02839     2.00000
   -23.98242     2.00000
   -23.93792     2.00000
   -11.71309     2.00000
   -11.62290     2.00000
   -11.54849     2.00000
   -11.42922     2.00000
   -11.20491     2.00000
   -11.18816     2.00000
   -11.10296     2.00000
   -11.05174     2.00000
   -11.00851     2.00000
   -10.95583     2.00000
   -10.92008     2.00000
   -10.86335     2.00000
   -10.83535     2.00000
   -10.75748     2.00000
   -10.65205     2.00000
   -10.59052     2.00000
   -10.51021     2.00000
   -10.39199     2.00000
   -10.36319     2.00000
   -10.33641     2.00000
   -10.30078     2.00000
   -10.24142     2.00000
   -10.15641     2.00000
   -10.12644     2.00000
   -10.10024     2.00000
   -10.05834     2.00000
   -10.04333     2.00000
    -9.94414     2.00000
    -9.89349     2.00000
    -9.85107     2.00000
    -9.81519     2.00000
    -9.75370     2.00000
    -9.66605     2.00000
    -9.65015     2.00000
    -9.64077     2.00000
    -9.56329     2.00000
    -9.49911     2.00000
    -9.41729     2.00000
    -9.40872     2.00000
    -9.36679     2.00000
    -9.33089     2.00000
    -9.23287     2.00000
    -9.22372     2.00000
    -9.19717     2.00000
    -9.17856     2.00000
    -9.07573     2.00000
    -9.04861     2.00000
    -9.01780     2.00000
    -9.00844     2.00000
    -8.96208     2.00000
    -8.91909     2.00000
    -8.87630     2.00000
    -8.73802     2.00000
    -8.69358     2.00000
    -5.09463     0.00000
    -4.84823     0.00000
    -4.35934     0.00000
    -4.33945     0.00000
    -4.30388     0.00000
    -4.19041     0.00000
    -4.16033     0.00000
    -4.06633     0.00000
    -4.03763     0.00000
    -4.00004     0.00000
    -3.96406     0.00000
    -3.94415     0.00000
    -3.91473     0.00000
    -3.86116     0.00000
    -3.77856     0.00000
    -3.75227     0.00000
    -3.73568     0.00000
    -3.63979     0.00000
    -3.61849     0.00000
    -3.58457     0.00000
    -3.48479     0.00000
    -3.43824     0.00000
    -3.41238     0.00000
    -3.33911     0.00000
    -3.32584     0.00000
    -3.30702     0.00000
    -3.26051     0.00000
    -3.12580     0.00000
    -3.04021     0.00000
    -2.89714     0.00000
    -2.84005     0.00000
    -2.70304     0.00000
    -2.67258     0.00000
    -2.54397     0.00000
    -2.46105     0.00000
    -2.26619     0.00000
    -2.15477     0.00000
    -1.92635     0.00000
    -1.62506     0.00000
    -1.10762     0.00000
    -0.47607     0.00000
     0.05695     0.00000
     0.12996     0.00000
     0.31235     0.00000
     0.48104     0.00000
     0.74161     0.00000
     0.99782     0.00000
     1.39796     0.00000
     2.01419     0.00000
     3.52153     0.00000
     4.07925     0.00000
     4.58336     0.00000
     4.79339     0.00000
     5.57775     0.00000
     5.91936     0.00000
     6.69092     0.00000
     7.07781     0.00000
     7.49925     0.00000
     7.71505     0.00000
     9.00905     0.00000
     9.23378     0.00000
     9.80420     0.00000
     9.88268     0.00000
    10.14483     0.00000
    10.38251     0.00000
    10.53547     0.00000
    10.84787     0.00000
    11.28700     0.00000
    11.84844     0.00000
    11.91808     0.00000
    11.96096     0.00000
    12.47799     0.00000
    12.82450     0.00000
    13.04704     0.00000
    13.17766     0.00000
    13.54197     0.00000
    13.75593     0.00000
    14.20210     0.00000
    14.66798     0.00000
    14.97496     0.00000
    15.75294     0.00000
 
