 Fermi distribution function
 
 Coordinates of moved atoms (au):
    1      0.00000000      3.71886736     12.01815780
    2      0.00000000      0.00000000     11.33835593
    3      3.71886736      3.71886736     12.69795967
    4      0.00000000     11.15660209     12.01815780
    5      0.00000000      7.43773472     11.33835593
    6      3.71886736     11.15660209     12.69795967
    7      0.00000000     18.59433681     12.01815780
    8      0.00000000     14.87546945     11.33835593
    9      3.71886736     18.59433681     12.69795967
   10      0.00000000     26.03207153     12.01815780
   11      0.00000000     22.31320417     11.33835593
   12      3.71886736     26.03207153     12.69795967
   13      7.43090765     11.12866905     15.80308196
   14      7.42367745     18.24001067     15.85797397
   15      4.13803228     22.66660024     21.50210512
   16      3.61310796      1.93853995     18.73467483
   17      5.54515083     18.03040626     22.59765618
   18      3.70278018     17.40148156     16.29442979
   19      0.31286697     26.31808968     15.73802371
   20      4.03690742     22.67569712     18.00290213
   21      3.69943807     14.25812045     18.04955524
   22      3.70723562      7.64079912     17.80861080
   23      7.39149254      3.59552856      8.33239747
   24      3.69674274     29.72275302     11.15677300
   25      3.77559931      4.37349773     16.40546108
   26      0.36239116     22.70116108     22.51246328
   27      3.71966590     10.95561456     16.43620136
 
 COMPONENT = q
  
 Eigenvalues /H
   -0.91001462
   -0.90776768
   -0.90609832
   -0.90203784
   -0.89845594
   -0.89701648
   -0.89548041
   -0.89495865
   -0.89288852
   -0.89256118
   -0.89205117
   -0.89169475
   -0.88997246
   -0.88838507
   -0.88800162
   -0.88302706
   -0.88133784
   -0.87970222
   -0.43044800
   -0.42713371
   -0.42439903
   -0.42001619
   -0.41177303
   -0.41115716
   -0.40802643
   -0.40614415
   -0.40455534
   -0.40261931
   -0.40130549
   -0.39922066
   -0.39819175
   -0.39533025
   -0.39145570
   -0.38919454
   -0.38624329
   -0.38189863
   -0.38084027
   -0.37985605
   -0.37854681
   -0.37636530
   -0.37324103
   -0.37213979
   -0.37117706
   -0.36963728
   -0.36908567
   -0.36544048
   -0.36357898
   -0.36202019
   -0.36070173
   -0.35844196
   -0.35522070
   -0.35463647
   -0.35429163
   -0.35144451
   -0.34908599
   -0.34607905
   -0.34576401
   -0.34422324
   -0.34290406
   -0.33930184
   -0.33896540
   -0.33798997
   -0.33730602
   -0.33352703
   -0.33253035
   -0.33139794
   -0.33105392
   -0.32935055
   -0.32777035
   -0.32619787
   -0.32111623
   -0.31948316
   -0.18722431
   -0.17816927
   -0.16020277
   -0.15947201
   -0.15816485
   -0.15399480
   -0.15288914
   -0.14943497
   -0.14838028
   -0.14699895
   -0.14567667
   -0.14494488
   -0.14386375
   -0.14189500
   -0.13885969
   -0.13789338
   -0.13728365
   -0.13375971
   -0.13297712
   -0.13173057
   -0.12806356
   -0.12635304
   -0.12540261
   -0.12271009
   -0.12222240
   -0.12153082
   -0.11982145
   -0.11487100
   -0.11172567
   -0.10646811
   -0.10436991
   -0.09933477
   -0.09821569
   -0.09348900
   -0.09044207
   -0.08328093
   -0.07918622
   -0.07079223
   -0.05971986
   -0.04070417
   -0.01749520
    0.00209292
    0.00477611
    0.01147873
    0.01767791
    0.02725369
    0.03666911
    0.05137392
    0.07402025
    0.12941400
    0.14990953
    0.16843536
    0.17615374
    0.20497868
    0.21753260
    0.24588685
    0.26010489
    0.27559238
    0.28352286
    0.33107661
    0.33933516
    0.36029767
    0.36318184
    0.37281552
    0.38155005
    0.38717155
    0.39865191
    0.41478962
    0.43542216
    0.43798138
    0.43955730
    0.45855762
    0.47129187
    0.47946993
    0.48426996
    0.49765824
    0.50552109
    0.52191755
    0.53903820
    0.55031984
    0.57890973
 
 Eigenvalues /eV
  -24.76275775
  -24.70161544
  -24.65618970
  -24.54569855
  -24.44822994
  -24.40906047
  -24.36726163
  -24.35306395
  -24.29673278
  -24.28782549
  -24.27394743
  -24.26424880
  -24.21738291
  -24.17418768
  -24.16375361
  -24.02838887
  -23.98242297
  -23.93791541
  -11.71308614
  -11.62289957
  -11.54848527
  -11.42922197
  -11.20491433
  -11.18815564
  -11.10296405
  -11.05174461
  -11.00851092
  -10.95582892
  -10.92007806
  -10.86334694
  -10.83534886
  -10.75748347
  -10.65205159
  -10.59052228
  -10.51021464
  -10.39199041
  -10.36319113
  -10.33640892
  -10.30078289
  -10.24142077
  -10.15640529
  -10.12643898
  -10.10024168
  -10.05834211
  -10.04333210
   -9.94414132
   -9.89348755
   -9.85107056
   -9.81519338
   -9.75370194
   -9.66604717
   -9.65014937
   -9.64076582
   -9.56329176
   -9.49911314
   -9.41729008
   -9.40871731
   -9.36679106
   -9.33089435
   -9.23287284
   -9.22371793
   -9.19717491
   -9.17856372
   -9.07573233
   -9.04861126
   -9.01779680
   -9.00843557
   -8.96208449
   -8.91908514
   -8.87629568
   -8.73801720
   -8.69357923
   -5.09463280
   -4.84823259
   -4.35933930
   -4.33945423
   -4.30388468
   -4.19041176
   -4.16032513
   -4.06633246
   -4.03763275
   -4.00004494
   -3.96406387
   -3.94415082
   -3.91473176
   -3.86115950
   -3.77856430
   -3.75226965
   -3.73567818
   -3.63978681
   -3.61849155
   -3.58457112
   -3.48478683
   -3.43824115
   -3.41237851
   -3.33911153
   -3.32584079
   -3.30702198
   -3.26050753
   -3.12579897
   -3.04021016
   -2.89714476
   -2.84004970
   -2.70303659
   -2.67258481
   -2.54396514
   -2.46105401
   -2.26618954
   -2.15476666
   -1.92635453
   -1.62505995
   -1.10761675
   -0.47606854
    0.05695120
    0.12996459
    0.31235218
    0.48104048
    0.74161056
    0.99781727
    1.39795559
    2.01419349
    3.52153404
    4.07924577
    4.58335929
    4.79338729
    5.57775369
    5.91936325
    6.69092156
    7.07781427
    7.49925028
    7.71504964
    9.00905300
    9.23377939
    9.80419836
    9.88268065
   10.14482647
   10.38250510
   10.53547399
   10.84787034
   11.28699982
   11.84843979
   11.91807978
   11.96096273
   12.47798775
   12.82450426
   13.04704055
   13.17765617
   13.54196980
   13.75592884
   14.20209910
   14.66797567
   14.97496481
   15.75293523
 
 Fillings
     2.00000
     2.00000
     2.00000
     2.00000
     2.00000
     2.00000
     2.00000
     2.00000
     2.00000
     2.00000
     2.00000
     2.00000
     2.00000
     2.00000
     2.00000
     2.00000
     2.00000
     2.00000
     2.00000
     2.00000
     2.00000
     2.00000
     2.00000
     2.00000
     2.00000
     2.00000
     2.00000
     2.00000
     2.00000
     2.00000
     2.00000
     2.00000
     2.00000
     2.00000
     2.00000
     2.00000
     2.00000
     2.00000
     2.00000
     2.00000
     2.00000
     2.00000
     2.00000
     2.00000
     2.00000
     2.00000
     2.00000
     2.00000
     2.00000
     2.00000
     2.00000
     2.00000
     2.00000
     2.00000
     2.00000
     2.00000
     2.00000
     2.00000
     2.00000
     2.00000
     2.00000
     2.00000
     2.00000
     2.00000
     2.00000
     2.00000
     2.00000
     2.00000
     2.00000
     2.00000
     2.00000
     2.00000
     0.00000
     0.00000
     0.00000
     0.00000
     0.00000
     0.00000
     0.00000
     0.00000
     0.00000
     0.00000
     0.00000
     0.00000
     0.00000
     0.00000
     0.00000
     0.00000
     0.00000
     0.00000
     0.00000
     0.00000
     0.00000
     0.00000
     0.00000
     0.00000
     0.00000
     0.00000
     0.00000
     0.00000
     0.00000
     0.00000
     0.00000
     0.00000
     0.00000
     0.00000
     0.00000
     0.00000
     0.00000
     0.00000
     0.00000
     0.00000
     0.00000
     0.00000
     0.00000
     0.00000
     0.00000
     0.00000
     0.00000
     0.00000
     0.00000
     0.00000
     0.00000
     0.00000
     0.00000
     0.00000
     0.00000
     0.00000
     0.00000
     0.00000
     0.00000
     0.00000
     0.00000
     0.00000
     0.00000
     0.00000
     0.00000
     0.00000
     0.00000
     0.00000
     0.00000
     0.00000
     0.00000
     0.00000
     0.00000
     0.00000
     0.00000
     0.00000
     0.00000
     0.00000
     0.00000
     0.00000
     0.00000
 
 Fermi energy:                      -0.2598602178 H           -7.0712 eV
 Band energy:                      -72.0225548851 H        -1959.8334 eV
 TS:                                 0.0000000000 H            0.0000 eV
 Band free energy (E-TS):          -72.0225548851 H        -1959.8334 eV
 Extrapolated E(0K):               -72.0225548851 H        -1959.8334 eV
 
 Energy H0:                        -72.0225548851 H        -1959.8334 eV
 Total Electronic energy:          -72.0225548851 H        -1959.8334 eV
 Repulsive energy:                   2.0331101112 H           55.3237 eV
 Total energy:                     -69.9894447739 H        -1904.5097 eV
 Total Mermin free energy:         -69.9894447739 H        -1904.5097 eV
 
 Non-SCC calculation
 
 Full geometry written in geo_end.{xyz|gen}
 
 Total Forces
 -1.276623062862705E-003  8.526940337384675E-002 -4.177323604502275E-002
  2.231535765026736E-003 -2.146215674839648E-002 -1.435398258680796E-003
 -5.244479722094860E-004 -2.933388245960764E-002  8.185023986156975E-003
 -6.969762998437109E-005  2.296234409086394E-005  2.712515706228166E-002
  1.546418409904650E-004  1.575635985743725E-002  1.129217324594632E-002
 -3.195358267896307E-004 -1.374528960815277E-003 -8.997386168220114E-003
 -1.387476519755275E-004  1.111036596366697E-003  3.505736478040554E-002
  1.531042813460656E-005 -1.138034560147064E-003 -5.723911476928221E-003
 -7.284876181553534E-004 -1.065227338217105E-002 -2.130432750844923E-003
 -3.440937664587497E-003 -8.685336894024569E-002  6.472205443423490E-002
 -2.803981409179797E-005 -1.353627317609972E-003 -2.072918796143543E-003
  1.336180180686859E-002  3.496883623371898E-002 -4.789738645577717E-002
  4.330427530899319E-003 -3.772167221743013E-003 -5.887025246900296E-003
  1.160575794076989E-003 -9.084324978361296E-003 -7.448024476500809E-003
  3.859838188872778E-003 -2.097264803105820E-002 -1.596225423406052E-002
 -3.634590527258844E-004 -4.366862392926107E-003  7.242918527137210E-004
 -9.986201041890791E-003  1.148940497050792E-002 -7.068940310154626E-003
  2.171966481608569E-003  2.026489920874802E-002  1.054435084710363E-003
 -1.312729479495930E-002 -2.247878976784201E-003 -4.881274070624581E-003
  6.726888590493675E-005 -1.551753771858051E-002  2.756606194650990E-002
  2.454348697891531E-004 -9.026227286371355E-004 -1.927288707692194E-002
  2.132658051426134E-004  2.185722974028826E-003 -2.623854987927735E-003
  1.017672397367487E-004 -3.709493422072762E-004  1.366610972258465E-002
  2.497673612447687E-003  5.288880789240158E-003 -3.214612836817371E-003
  2.948097914185228E-004  5.603016261994331E-003  3.225658851442909E-003
  3.662840073903578E-003  8.533240582503689E-003 -1.235786586073619E-002
 -4.365685984589063E-003  1.890910056680753E-002 -3.870921914725454E-003
 
 Total stress tensor
     -0.000012395627      0.000003738037     -0.000006002336
      0.000003737926     -0.000046919392      0.000003110142
     -0.000006001946      0.000003110015     -0.000044815198
 
 Total lattice derivs
      0.017422401599     -0.005253916490      0.008436451959
     -0.001313439905      0.016486630631     -0.001092848013
      0.001328108056     -0.000688182929      0.009916688752
 
 Maximal derivative component:       0.868534E-01 au
 Max force for moved atoms::         0.868534E-01 au
 
 Volume:                             0.104539E+05 au^3
 Pressure:                          -0.347101E-04 au    -0.102121E+10 Pa
 
 Geometry converged
 
