 KPT            1  SPIN            1  KWEIGHT    1.00000000000000     
   -24.81450     2.00000
   -24.74088     2.00000
   -24.73690     2.00000
   -24.64049     2.00000
   -24.52904     2.00000
   -24.44861     2.00000
   -24.41509     2.00000
   -24.34472     2.00000
   -24.30754     2.00000
   -24.29186     2.00000
   -24.27178     2.00000
   -24.26306     2.00000
   -24.25478     2.00000
   -24.22014     2.00000
   -24.19880     2.00000
   -24.17314     2.00000
   -24.16086     2.00000
   -24.14003     2.00000
   -11.77779     2.00000
   -11.71540     2.00000
   -11.69216     2.00000
   -11.62192     2.00000
   -11.37850     2.00000
   -11.25220     2.00000
   -11.17071     2.00000
   -11.12926     2.00000
   -11.07802     2.00000
   -11.04512     2.00000
   -11.03343     2.00000
   -11.01786     2.00000
   -10.94771     2.00000
   -10.93130     2.00000
   -10.89784     2.00000
   -10.84010     2.00000
   -10.79078     2.00000
   -10.65601     2.00000
   -10.54930     2.00000
   -10.47602     2.00000
   -10.44430     2.00000
   -10.40820     2.00000
   -10.38682     2.00000
   -10.31420     2.00000
   -10.30442     2.00000
   -10.27322     2.00000
   -10.19101     2.00000
   -10.15334     2.00000
   -10.12700     2.00000
   -10.07213     2.00000
   -10.05734     2.00000
    -9.95292     2.00000
    -9.87723     2.00000
    -9.82765     2.00000
    -9.71955     2.00000
    -9.64260     2.00000
    -9.61392     2.00000
    -9.56515     2.00000
    -9.51771     2.00000
    -9.48841     2.00000
    -9.47597     2.00000
    -9.41615     2.00000
    -9.31247     2.00000
    -9.28662     2.00000
    -9.25451     2.00000
    -9.15873     2.00000
    -9.09961     2.00000
    -9.07336     2.00000
    -9.00515     2.00000
    -8.93893     2.00000
    -8.90325     2.00000
    -8.88982     2.00000
    -8.84016     2.00000
    -8.78821     2.00000
    -4.28462     0.00000
    -4.19327     0.00000
    -4.09736     0.00000
    -4.04241     0.00000
    -4.01731     0.00000
    -3.98023     0.00000
    -3.96132     0.00000
    -3.89260     0.00000
    -3.86784     0.00000
    -3.81425     0.00000
    -3.74198     0.00000
    -3.69964     0.00000
    -3.65900     0.00000
    -3.59239     0.00000
    -3.57742     0.00000
    -3.50952     0.00000
    -3.48260     0.00000
    -3.46313     0.00000
    -3.43114     0.00000
    -3.37797     0.00000
    -3.31807     0.00000
    -3.27894     0.00000
    -3.22202     0.00000
    -3.08657     0.00000
    -3.05221     0.00000
    -2.99530     0.00000
    -2.92411     0.00000
    -2.81759     0.00000
    -2.73720     0.00000
    -2.68011     0.00000
    -2.61385     0.00000
    -2.57676     0.00000
    -2.39970     0.00000
    -2.13077     0.00000
    -2.02674     0.00000
    -1.55646     0.00000
    -1.37181     0.00000
    -0.42675     0.00000
    -0.14060     0.00000
     0.11466     0.00000
     0.15939     0.00000
     0.24483     0.00000
     0.47519     0.00000
     0.56582     0.00000
     0.79440     0.00000
     2.24354     0.00000
     3.08599     0.00000
     4.33920     0.00000
     4.80703     0.00000
     5.28943     0.00000
     6.86010     0.00000
     7.55705     0.00000
     8.03573     0.00000
     8.14213     0.00000
     8.54900     0.00000
     9.25791     0.00000
     9.33731     0.00000
     9.66405     0.00000
     9.88993     0.00000
    10.06290     0.00000
    10.11703     0.00000
    10.32192     0.00000
    10.53563     0.00000
    10.76677     0.00000
    10.92150     0.00000
    11.21466     0.00000
    11.70506     0.00000
    12.12732     0.00000
    12.30774     0.00000
    12.77233     0.00000
    12.92979     0.00000
    13.23378     0.00000
    13.48503     0.00000
    13.60760     0.00000
    13.86938     0.00000
    14.11618     0.00000
    14.66723     0.00000
    15.13991     0.00000
    15.47328     0.00000
    16.05461     0.00000
    16.65869     0.00000
 
