 Fermi distribution function
 
 Coordinates of moved atoms (au):
    1      0.00000000      3.71886736     12.01815780
    2      0.00000000      0.00000000     11.33835593
    3      3.71886736      3.71886736     12.69795967
    4      0.00000000     11.15660209     12.01815780
    5      0.00000000      7.43773472     11.33835593
    6      3.71886736     11.15660209     12.69795967
    7      0.00000000     18.59433681     12.01815780
    8      0.00000000     14.87546945     11.33835593
    9      3.71886736     18.59433681     12.69795967
   10      0.00000000     26.03207153     12.01815780
   11      0.00000000     22.31320417     11.33835593
   12      3.71886736     26.03207153     12.69795967
   13      3.71883352     18.95770512     16.30789065
   14      3.71858476      5.21766795     18.71330297
   15      3.71899490      6.93628832      7.13946422
   16      0.00044410     10.97328159      8.18136656
   17      0.00012389      7.56022174      7.69393928
   18      3.71870658     22.35798590     17.64125447
   19      7.43760652      2.99271073     15.71082878
   20      7.43768207     25.78212061     15.75843243
   21      3.71866130     29.11776060     17.70126421
   22      3.71887396     12.10508831     16.25693691
   23      3.71882065     25.75484306     16.32685056
   24      3.71890615     15.41306111     17.20832676
   25      7.43768562     18.90265719     15.76663915
   26      0.00001765     11.52142973     15.91878171
   27      3.71876244      2.73387654     16.38327012
 
 COMPONENT = q
  
 Eigenvalues /H
   -0.91191628
   -0.90921062
   -0.90906436
   -0.90552130
   -0.90142578
   -0.89846976
   -0.89723817
   -0.89465210
   -0.89328553
   -0.89270953
   -0.89197142
   -0.89165125
   -0.89134665
   -0.89007390
   -0.88928949
   -0.88834645
   -0.88789537
   -0.88712970
   -0.43282584
   -0.43053295
   -0.42967892
   -0.42709787
   -0.41815212
   -0.41351083
   -0.41051615
   -0.40899276
   -0.40710981
   -0.40590080
   -0.40547105
   -0.40489886
   -0.40232092
   -0.40171774
   -0.40048810
   -0.39836628
   -0.39655396
   -0.39160131
   -0.38767961
   -0.38498674
   -0.38382089
   -0.38249421
   -0.38170866
   -0.37904004
   -0.37868037
   -0.37753380
   -0.37451256
   -0.37312851
   -0.37216034
   -0.37014382
   -0.36960042
   -0.36576316
   -0.36298165
   -0.36115960
   -0.35718683
   -0.35435921
   -0.35330521
   -0.35151295
   -0.34976954
   -0.34869277
   -0.34823536
   -0.34603724
   -0.34222685
   -0.34127702
   -0.34009703
   -0.33657716
   -0.33440459
   -0.33344001
   -0.33093311
   -0.32849975
   -0.32718825
   -0.32669480
   -0.32487008
   -0.32296087
   -0.15745699
   -0.15409982
   -0.15057530
   -0.14855599
   -0.14763331
   -0.14627073
   -0.14557581
   -0.14305040
   -0.14214042
   -0.14017128
   -0.13751527
   -0.13595912
   -0.13446575
   -0.13201787
   -0.13146774
   -0.12897246
   -0.12798337
   -0.12726773
   -0.12609211
   -0.12413822
   -0.12193696
   -0.12049882
   -0.11840712
   -0.11342949
   -0.11216676
   -0.11007507
   -0.10745913
   -0.10354461
   -0.10059008
   -0.09849226
   -0.09605734
   -0.09469415
   -0.08818732
   -0.07830435
   -0.07448117
   -0.05719880
   -0.05041323
   -0.01568261
   -0.00516686
    0.00421375
    0.00585749
    0.00899725
    0.01746277
    0.02079363
    0.02919366
    0.08244853
    0.11340813
    0.15946276
    0.17665517
    0.19438303
    0.25210397
    0.27771636
    0.29530761
    0.29921771
    0.31416997
    0.34022193
    0.34313972
    0.35514732
    0.36344832
    0.36980488
    0.37179403
    0.37932377
    0.38717731
    0.39567164
    0.40135787
    0.41213110
    0.43015304
    0.44567080
    0.45230130
    0.46937442
    0.47516118
    0.48633254
    0.49556575
    0.50007004
    0.50969021
    0.51876019
    0.53901090
    0.55638142
    0.56863261
    0.58999624
    0.61219551
 
 Eigenvalues /eV
  -24.81450456
  -24.74087983
  -24.73689994
  -24.64048817
  -24.52904351
  -24.44860613
  -24.41509290
  -24.34472223
  -24.30753605
  -24.29186229
  -24.27177719
  -24.26306491
  -24.25477628
  -24.22014312
  -24.19879820
  -24.17313691
  -24.16086229
  -24.14002736
  -11.77779047
  -11.71539774
  -11.69215829
  -11.62192446
  -11.37849811
  -11.25220232
  -11.17071279
  -11.12925934
  -11.07802146
  -11.04512287
  -11.03342859
  -11.01785869
  -10.94770925
  -10.93129585
  -10.89783561
  -10.84009798
  -10.79078221
  -10.65601368
  -10.54929895
  -10.47602219
  -10.44429785
  -10.40819695
  -10.38682109
  -10.31420426
  -10.30441723
  -10.27321740
  -10.19100517
  -10.15334334
  -10.12699808
  -10.07212578
  -10.05733904
   -9.95292208
   -9.87723318
   -9.82765275
   -9.71954829
   -9.64260471
   -9.61392392
   -9.56515402
   -9.51771337
   -9.48841308
   -9.47596641
   -9.41615252
   -9.31246638
   -9.28662012
   -9.25451104
   -9.15873039
   -9.09961182
   -9.07336445
   -9.00514806
   -8.93893305
   -8.90324539
   -8.88981793
   -8.84016472
   -8.78821236
   -4.28462280
   -4.19326956
   -4.09736242
   -4.04241413
   -4.01730689
   -3.98022898
   -3.96131927
   -3.89259945
   -3.86783769
   -3.81425466
   -3.74198084
   -3.69963579
   -3.65899915
   -3.59238889
   -3.57741914
   -3.50951912
   -3.48260479
   -3.46313105
   -3.43114083
   -3.37797270
   -3.31807361
   -3.27893967
   -3.22202170
   -3.08657341
   -3.05221278
   -2.99529508
   -2.92411166
   -2.81759220
   -2.73719538
   -2.68011087
   -2.61385331
   -2.57675898
   -2.39969894
   -2.13076985
   -2.02673565
   -1.55645844
   -1.37181368
   -0.42674561
   -0.14059752
    0.11466184
    0.15939028
    0.24482751
    0.47518621
    0.56582356
    0.79439984
    2.24353852
    3.08599218
    4.33920254
    4.80703183
    5.28943146
    6.86009812
    7.55704674
    8.03572891
    8.14212818
    8.54899995
    9.25790968
    9.33730683
    9.66405015
    9.88993192
   10.06290265
   10.11703019
   10.32192495
   10.53563067
   10.76677304
   10.92150324
   11.21465775
   11.70505974
   12.12731954
   12.30774459
   12.77232795
   12.92979369
   13.23378168
   13.48503006
   13.60759810
   13.86937620
   14.11618310
   14.66723279
   15.13990866
   15.47328054
   16.05461448
   16.65868748
 
 Fillings
     2.00000
     2.00000
     2.00000
     2.00000
     2.00000
     2.00000
     2.00000
     2.00000
     2.00000
     2.00000
     2.00000
     2.00000
     2.00000
     2.00000
     2.00000
     2.00000
     2.00000
     2.00000
     2.00000
     2.00000
     2.00000
     2.00000
     2.00000
     2.00000
     2.00000
     2.00000
     2.00000
     2.00000
     2.00000
     2.00000
     2.00000
     2.00000
     2.00000
     2.00000
     2.00000
     2.00000
     2.00000
     2.00000
     2.00000
     2.00000
     2.00000
     2.00000
     2.00000
     2.00000
     2.00000
     2.00000
     2.00000
     2.00000
     2.00000
     2.00000
     2.00000
     2.00000
     2.00000
     2.00000
     2.00000
     2.00000
     2.00000
     2.00000
     2.00000
     2.00000
     2.00000
     2.00000
     2.00000
     2.00000
     2.00000
     2.00000
     2.00000
     2.00000
     2.00000
     2.00000
     2.00000
     2.00000
     0.00000
     0.00000
     0.00000
     0.00000
     0.00000
     0.00000
     0.00000
     0.00000
     0.00000
     0.00000
     0.00000
     0.00000
     0.00000
     0.00000
     0.00000
     0.00000
     0.00000
     0.00000
     0.00000
     0.00000
     0.00000
     0.00000
     0.00000
     0.00000
     0.00000
     0.00000
     0.00000
     0.00000
     0.00000
     0.00000
     0.00000
     0.00000
     0.00000
     0.00000
     0.00000
     0.00000
     0.00000
     0.00000
     0.00000
     0.00000
     0.00000
     0.00000
     0.00000
     0.00000
     0.00000
     0.00000
     0.00000
     0.00000
     0.00000
     0.00000
     0.00000
     0.00000
     0.00000
     0.00000
     0.00000
     0.00000
     0.00000
     0.00000
     0.00000
     0.00000
     0.00000
     0.00000
     0.00000
     0.00000
     0.00000
     0.00000
     0.00000
     0.00000
     0.00000
     0.00000
     0.00000
     0.00000
     0.00000
     0.00000
     0.00000
     0.00000
     0.00000
     0.00000
     0.00000
     0.00000
     0.00000
 
 Fermi energy:                      -0.2463673714 H           -6.7040 eV
 Band energy:                      -72.6411939071 H        -1976.6675 eV
 TS:                                 0.0000000000 H            0.0000 eV
 Band free energy (E-TS):          -72.6411939071 H        -1976.6675 eV
 Extrapolated E(0K):               -72.6411939071 H        -1976.6675 eV
 
 Energy H0:                        -72.6411939071 H        -1976.6675 eV
 Total Electronic energy:          -72.6411939071 H        -1976.6675 eV
 Repulsive energy:                   2.3286054761 H           63.3646 eV
 Total energy:                     -70.3125884310 H        -1913.3029 eV
 Total Mermin free energy:         -70.3125884310 H        -1913.3029 eV
 
 Non-SCC calculation
 
 Full geometry written in geo_end.{xyz|gen}
 
 Total Forces
 -1.413935540098148E-006 -1.908603696049013E-002  2.790875816030330E-002
  1.255404054653094E-007 -3.689190751274502E-003 -8.557758455918704E-003
 -7.089710480274301E-006 -2.992732459614414E-003  1.427289320821770E-003
  3.138757657879547E-006  2.769611837364377E-002  7.172434719585626E-003
 -3.575985212451468E-007 -2.169505158782120E-002 -1.264805660046922E-002
  2.680445593422444E-006  6.867165176152591E-003  3.708679220871480E-003
 -3.813040384882890E-007  2.090454672053340E-004  1.892325806226218E-002
 -1.073680454484779E-006  1.705637727498937E-002  4.219370682419572E-003
 -2.671733976391836E-006  4.457444945573411E-003 -7.515452973978182E-003
 -4.186979396801691E-007 -8.236718177937032E-004  1.727204413926796E-002
  1.613606777208724E-008  3.464303306061935E-004 -7.796841658649818E-003
 -2.977018150323106E-006 -1.682713438200163E-003 -4.035918205323091E-003
 -5.347132578319068E-006 -2.928743042116710E-003 -8.034173211551601E-003
  3.342892337397805E-006 -1.151428960044804E-003  1.628934488048156E-003
  1.413621316712973E-007  1.743176420669779E-003 -5.710876012539820E-004
 -8.719922846242182E-006 -8.767281085918843E-003  2.339763146073710E-003
  5.090210510377713E-006  1.232012013918121E-003 -1.287691955410369E-003
  4.716270045277371E-006  1.985966945362463E-004 -9.126048966956041E-003
  1.604300375970851E-005 -1.586080373412467E-003 -1.258145022672907E-003
  1.346546092918570E-006  4.412068332679446E-004  2.774395177443614E-003
  4.817721573745443E-006 -1.510808393137073E-003 -9.154898483969998E-003
  6.727493652696810E-006  1.012390899468174E-002 -1.115552761547663E-002
 -3.361238656810399E-006  1.267972795197669E-003 -4.336673497658546E-003
 -2.409370929947333E-006  1.491035799152274E-003 -9.105333814163202E-004
  7.766846829996718E-006  8.648112082391577E-004  1.979543494229456E-003
 -6.790283366560174E-006 -3.817585519421181E-003  4.762351443230867E-003
 -1.294159917939683E-005 -4.263977938588306E-003 -7.728014423852347E-003
 
 Total stress tensor
     -0.000037236408      0.000000000031      0.000000006703
      0.000000000032     -0.000085779249      0.000002263380
      0.000000006704      0.000002262953     -0.000017959042
 
 Total lattice derivs
      0.052336816531     -0.000000043028     -0.000009420913
     -0.000000011084      0.030141285476     -0.000795311029
     -0.000001483405     -0.000500745330      0.003973969505
 
 Maximal derivative component:       0.279088E-01 au
 Max force for moved atoms::         0.279088E-01 au
 
 Volume:                             0.104539E+05 au^3
 Pressure:                          -0.469916E-04 au    -0.138254E+10 Pa
 
 Geometry converged
 
