 KPT            1  SPIN            1  KWEIGHT    1.00000000000000     
   -24.78121     2.00000
   -24.71317     2.00000
   -24.69952     2.00000
   -24.61246     2.00000
   -24.54655     2.00000
   -24.46653     2.00000
   -24.43317     2.00000
   -24.33117     2.00000
   -24.29796     2.00000
   -24.27581     2.00000
   -24.26817     2.00000
   -24.26171     2.00000
   -24.21641     2.00000
   -24.17865     2.00000
   -24.17350     2.00000
   -24.14156     2.00000
   -24.08803     2.00000
   -23.99502     2.00000
   -11.71856     2.00000
   -11.68552     2.00000
   -11.64938     2.00000
   -11.39091     2.00000
   -11.31912     2.00000
   -11.21583     2.00000
   -11.14982     2.00000
   -11.11185     2.00000
   -11.03911     2.00000
   -10.99266     2.00000
   -10.96930     2.00000
   -10.95351     2.00000
   -10.90834     2.00000
   -10.83973     2.00000
   -10.70448     2.00000
   -10.62347     2.00000
   -10.59299     2.00000
   -10.50463     2.00000
   -10.42501     2.00000
   -10.41144     2.00000
   -10.36575     2.00000
   -10.32349     2.00000
   -10.29122     2.00000
   -10.24872     2.00000
   -10.20558     2.00000
   -10.18552     2.00000
   -10.09916     2.00000
   -10.06906     2.00000
    -9.97799     2.00000
    -9.92001     2.00000
    -9.87128     2.00000
    -9.79348     2.00000
    -9.75491     2.00000
    -9.71495     2.00000
    -9.67564     2.00000
    -9.62793     2.00000
    -9.61100     2.00000
    -9.54320     2.00000
    -9.48585     2.00000
    -9.39022     2.00000
    -9.36222     2.00000
    -9.31870     2.00000
    -9.28809     2.00000
    -9.24054     2.00000
    -9.19948     2.00000
    -9.12408     2.00000
    -9.05196     2.00000
    -9.00612     2.00000
    -8.97861     2.00000
    -8.91985     2.00000
    -8.87667     2.00000
    -8.85066     2.00000
    -8.82481     2.00000
    -8.65792     2.00000
    -4.34963     0.00000
    -4.27308     0.00000
    -4.22081     0.00000
    -4.13278     0.00000
    -4.08567     0.00000
    -4.02577     0.00000
    -3.99382     0.00000
    -3.96327     0.00000
    -3.94699     0.00000
    -3.91673     0.00000
    -3.87087     0.00000
    -3.80484     0.00000
    -3.76124     0.00000
    -3.75104     0.00000
    -3.69638     0.00000
    -3.63728     0.00000
    -3.61398     0.00000
    -3.57929     0.00000
    -3.56442     0.00000
    -3.51831     0.00000
    -3.45681     0.00000
    -3.40570     0.00000
    -3.40080     0.00000
    -3.37659     0.00000
    -3.32449     0.00000
    -3.19589     0.00000
    -3.15573     0.00000
    -3.08496     0.00000
    -3.03493     0.00000
    -2.96281     0.00000
    -2.76011     0.00000
    -2.73779     0.00000
    -2.67934     0.00000
    -2.59338     0.00000
    -2.54468     0.00000
    -2.15724     0.00000
    -1.96432     0.00000
    -1.85597     0.00000
    -1.21583     0.00000
    -1.10547     0.00000
    -0.28981     0.00000
     0.06289     0.00000
     0.13084     0.00000
     0.21750     0.00000
     0.28394     0.00000
     0.45584     0.00000
     0.49154     0.00000
     0.95461     0.00000
     1.97796     0.00000
     2.58332     0.00000
     4.11201     0.00000
     4.49832     0.00000
     4.70810     0.00000
     5.29323     0.00000
     7.89527     0.00000
     8.27517     0.00000
     8.54545     0.00000
     8.72396     0.00000
     8.89975     0.00000
     9.21928     0.00000
     9.97709     0.00000
    10.23601     0.00000
    10.60740     0.00000
    10.69615     0.00000
    10.96649     0.00000
    11.28775     0.00000
    11.59964     0.00000
    11.79316     0.00000
    12.05262     0.00000
    12.35751     0.00000
    12.51588     0.00000
    12.83529     0.00000
    12.91294     0.00000
    13.10240     0.00000
    13.43861     0.00000
    13.63675     0.00000
    14.27381     0.00000
    14.51772     0.00000
    14.81099     0.00000
    16.23286     0.00000
    18.12917     0.00000
 
