 Fermi distribution function
 
 Coordinates of moved atoms (au):
    1      0.00000000      3.71886736     12.01815780
    2      0.00000000      0.00000000     11.33835593
    3      3.71886736      3.71886736     12.69795967
    4      0.00000000     11.15660209     12.01815780
    5      0.00000000      7.43773472     11.33835593
    6      3.71886736     11.15660209     12.69795967
    7      0.00000000     18.59433681     12.01815780
    8      0.00000000     14.87546945     11.33835593
    9      3.71886736     18.59433681     12.69795967
   10      0.00000000     26.03207153     12.01815780
   11      0.00000000     22.31320417     11.33835593
   12      3.71886736     26.03207153     12.69795967
   13      7.43252834     11.05324626     15.81451498
   14      7.41682613     18.56042524     15.80878085
   15      3.87468403     19.75569832     19.51548259
   16      0.07664707      3.86807561     15.80703183
   17      2.14764909     27.49520248     22.40919148
   18      3.71594778     11.30866294     16.44018818
   19      3.80801123      3.66005209     16.36978636
   20      3.99942883     24.43009970     18.73652381
   21      1.08969597     28.78601517     19.30697609
   22      3.70148105     17.95541646     16.39939937
   23      3.70856777     14.66220714     17.32751690
   24      6.38997822     22.23968606     19.29594221
   25      4.43479883      8.71961142     18.98265832
   26      4.15229681      0.58216400     18.19712971
   27      0.08202263     26.18288920     15.68155798
 
 COMPONENT = q
  
 Eigenvalues /H
   -0.91069259
   -0.90819235
   -0.90769065
   -0.90449110
   -0.90206919
   -0.89912858
   -0.89790262
   -0.89415416
   -0.89293380
   -0.89211944
   -0.89183877
   -0.89160143
   -0.88993672
   -0.88854908
   -0.88835993
   -0.88718599
   -0.88521892
   -0.88180066
   -0.43064930
   -0.42943506
   -0.42810677
   -0.41860825
   -0.41596989
   -0.41217411
   -0.40974819
   -0.40835315
   -0.40567989
   -0.40397300
   -0.40311453
   -0.40253420
   -0.40087408
   -0.39835289
   -0.39338247
   -0.39040548
   -0.38928515
   -0.38603812
   -0.38311206
   -0.38261346
   -0.38093417
   -0.37938113
   -0.37819547
   -0.37663361
   -0.37504835
   -0.37431086
   -0.37113746
   -0.37003128
   -0.36668429
   -0.36455374
   -0.36276289
   -0.35990372
   -0.35848637
   -0.35701793
   -0.35557325
   -0.35381996
   -0.35319785
   -0.35070625
   -0.34859858
   -0.34508439
   -0.34405524
   -0.34245589
   -0.34133114
   -0.33958356
   -0.33807482
   -0.33530390
   -0.33265330
   -0.33096898
   -0.32995772
   -0.32779834
   -0.32621151
   -0.32525583
   -0.32430584
   -0.31817286
   -0.15984600
   -0.15703276
   -0.15511207
   -0.15187691
   -0.15014566
   -0.14794433
   -0.14677006
   -0.14564748
   -0.14504909
   -0.14393732
   -0.14225184
   -0.13982530
   -0.13822292
   -0.13784823
   -0.13583956
   -0.13366768
   -0.13281117
   -0.13153632
   -0.13098986
   -0.12929558
   -0.12703553
   -0.12515729
   -0.12497715
   -0.12408727
   -0.12217264
   -0.11744680
   -0.11597110
   -0.11337019
   -0.11153151
   -0.10888126
   -0.10143218
   -0.10061207
   -0.09846405
   -0.09530506
   -0.09351517
   -0.07927725
   -0.07218758
   -0.06820558
   -0.04468100
   -0.04062535
   -0.01065048
    0.00231125
    0.00480837
    0.00799298
    0.01043447
    0.01675170
    0.01806360
    0.03508114
    0.07268879
    0.09493510
    0.15111356
    0.16531010
    0.17301960
    0.19452259
    0.29014600
    0.30410686
    0.31403949
    0.32059968
    0.32705978
    0.33880227
    0.36665143
    0.37616657
    0.38981470
    0.39307626
    0.40301120
    0.41481733
    0.42627877
    0.43339077
    0.44292580
    0.45413013
    0.45995026
    0.47168817
    0.47454179
    0.48150450
    0.49385998
    0.50114145
    0.52455278
    0.53351638
    0.54429392
    0.59654646
    0.66623473
 
 Eigenvalues /eV
  -24.78120615
  -24.71317113
  -24.69951924
  -24.61245512
  -24.54655149
  -24.46653348
  -24.43317335
  -24.33117256
  -24.29796493
  -24.27580518
  -24.26816769
  -24.26170925
  -24.21641038
  -24.17865080
  -24.17350364
  -24.14155923
  -24.08803245
  -23.99501673
  -11.71856362
  -11.68552258
  -11.64937799
  -11.39090996
  -11.31911670
  -11.21582814
  -11.14981566
  -11.11185450
  -11.03911160
  -10.99266461
  -10.96930444
  -10.95351287
  -10.90833879
  -10.83973370
  -10.70448172
  -10.62347372
  -10.59298793
  -10.50463174
  -10.42500954
  -10.41144210
  -10.36574609
  -10.32348582
  -10.29122244
  -10.24872203
  -10.20558495
  -10.18551683
  -10.09916405
  -10.06906356
   -9.97798714
   -9.92001199
   -9.87128057
   -9.79347861
   -9.75491046
   -9.71495215
   -9.67564044
   -9.62793091
   -9.61100255
   -9.54320261
   -9.48585006
   -9.39022415
   -9.36221941
   -9.31869887
   -9.28809280
   -9.24053870
   -9.19948396
   -9.12408338
   -9.05195696
   -9.00612415
   -8.97860640
   -8.91984663
   -8.87666672
   -8.85066149
   -8.82481079
   -8.65792398
   -4.34963109
   -4.27307887
   -4.22081429
   -4.13278106
   -4.08567121
   -4.02577008
   -3.99381642
   -3.96326965
   -3.94698650
   -3.91673380
   -3.87086954
   -3.80484004
   -3.76123702
   -3.75104122
   -3.69638263
   -3.63728273
   -3.61397569
   -3.57928545
   -3.56441552
   -3.51831172
   -3.45681263
   -3.40570316
   -3.40080125
   -3.37658642
   -3.32448675
   -3.19589006
   -3.15573424
   -3.08495996
   -3.03492669
   -2.96280970
   -2.76010998
   -2.73779377
   -2.67934301
   -2.59338270
   -2.54467734
   -2.15724366
   -1.96432392
   -1.85596838
   -1.21583178
   -1.10547207
   -0.28981421
    0.06289242
    0.13084244
    0.21749996
    0.28393645
    0.45583700
    0.49153569
    0.95460648
    1.97796269
    2.58331541
    4.11200919
    4.49831671
    4.70810298
    5.29322900
    7.89527438
    8.27516869
    8.54544920
    8.72396111
    8.89974955
    9.21927895
    9.97709311
   10.23601318
   10.60739762
   10.69614916
   10.96649285
   11.28775378
   11.59963560
   11.79316291
   12.05262422
   12.35750949
   12.51588324
   12.83528814
   12.91293923
   13.10240422
   13.43861381
   13.63675279
   14.27380746
   14.51771925
   14.81099109
   16.23285502
   18.12916947
 
 Fillings
     2.00000
     2.00000
     2.00000
     2.00000
     2.00000
     2.00000
     2.00000
     2.00000
     2.00000
     2.00000
     2.00000
     2.00000
     2.00000
     2.00000
     2.00000
     2.00000
     2.00000
     2.00000
     2.00000
     2.00000
     2.00000
     2.00000
     2.00000
     2.00000
     2.00000
     2.00000
     2.00000
     2.00000
     2.00000
     2.00000
     2.00000
     2.00000
     2.00000
     2.00000
     2.00000
     2.00000
     2.00000
     2.00000
     2.00000
     2.00000
     2.00000
     2.00000
     2.00000
     2.00000
     2.00000
     2.00000
     2.00000
     2.00000
     2.00000
     2.00000
     2.00000
     2.00000
     2.00000
     2.00000
     2.00000
     2.00000
     2.00000
     2.00000
     2.00000
     2.00000
     2.00000
     2.00000
     2.00000
     2.00000
     2.00000
     2.00000
     2.00000
     2.00000
     2.00000
     2.00000
     2.00000
     2.00000
     0.00000
     0.00000
     0.00000
     0.00000
     0.00000
     0.00000
     0.00000
     0.00000
     0.00000
     0.00000
     0.00000
     0.00000
     0.00000
     0.00000
     0.00000
     0.00000
     0.00000
     0.00000
     0.00000
     0.00000
     0.00000
     0.00000
     0.00000
     0.00000
     0.00000
     0.00000
     0.00000
     0.00000
     0.00000
     0.00000
     0.00000
     0.00000
     0.00000
     0.00000
     0.00000
     0.00000
     0.00000
     0.00000
     0.00000
     0.00000
     0.00000
     0.00000
     0.00000
     0.00000
     0.00000
     0.00000
     0.00000
     0.00000
     0.00000
     0.00000
     0.00000
     0.00000
     0.00000
     0.00000
     0.00000
     0.00000
     0.00000
     0.00000
     0.00000
     0.00000
     0.00000
     0.00000
     0.00000
     0.00000
     0.00000
     0.00000
     0.00000
     0.00000
     0.00000
     0.00000
     0.00000
     0.00000
     0.00000
     0.00000
     0.00000
     0.00000
     0.00000
     0.00000
     0.00000
     0.00000
     0.00000
 
 Fermi energy:                      -0.2220368848 H           -6.0419 eV
 Band energy:                      -72.2889330617 H        -1967.0820 eV
 TS:                                 0.0000000000 H            0.0000 eV
 Band free energy (E-TS):          -72.2889330617 H        -1967.0820 eV
 Extrapolated E(0K):               -72.2889330617 H        -1967.0820 eV
 
 Energy H0:                        -72.2889330617 H        -1967.0820 eV
 Total Electronic energy:          -72.2889330617 H        -1967.0820 eV
 Repulsive energy:                   2.1457578891 H           58.3890 eV
 Total energy:                     -70.1431751726 H        -1908.6929 eV
 Total Mermin free energy:         -70.1431751726 H        -1908.6929 eV
 
 Non-SCC calculation
 
 Full geometry written in geo_end.{xyz|gen}
 
 Total Forces
  4.265554742405854E-003  1.686320516446686E-003  2.220025607021027E-002
 -7.297579168492347E-006  2.466577026492740E-003 -5.407798742176607E-003
  4.555161419653074E-003 -3.115716123046265E-003 -1.091188702841209E-003
  3.203733652502958E-005 -1.967488693276305E-003  3.032803710538720E-002
  1.248498529342550E-005 -2.069499684970523E-004 -5.703699974978778E-003
  2.733011955462598E-004 -1.675007846443029E-003 -1.301252305486181E-002
 -3.161050081646636E-004  3.958276026287968E-003  2.584453643912198E-002
 -3.024004179551892E-006 -4.553636203202599E-004 -4.407456776587854E-003
 -6.812540005754394E-004 -1.249484441190545E-003 -1.382080134844096E-002
  3.204699769002134E-004  3.084398374080742E-003  5.058197226653986E-002
  1.260650462088331E-005 -2.044691795740268E-003 -4.382540496529735E-003
  4.037560118376104E-003 -1.134758903941602E-003 -3.392797493221221E-002
  1.120295710511612E-002  2.991370942511513E-003 -1.498974830628336E-002
  5.898773573872760E-003 -4.987976171505693E-003 -8.889051721503650E-003
 -1.422316654226620E-002 -1.421450285680489E-002  2.575778419126484E-003
  6.273551699511102E-003  2.658887032045490E-003  1.748329004735330E-003
 -1.529652914952052E-002  1.011704489702121E-002 -1.631187342904084E-002
  2.308216539502250E-003 -7.515430259658590E-003  1.018983918860584E-002
 -5.622057870349216E-003  9.393242740724783E-003 -7.841161112804723E-003
 -1.535759808621306E-004 -5.643074919452484E-004  3.624870298060086E-003
 -1.541629570811331E-003 -1.044082173761414E-002 -1.251112899108994E-002
 -3.725207742804497E-003  4.722040754743251E-004  2.136294917071242E-003
  3.769121453672063E-005 -1.040367387328526E-002  6.899469273735637E-004
  1.736720464869884E-002  1.308843536163025E-002 -3.854915204278761E-003
 -1.631948521669205E-002 -1.644827759881812E-003 -1.820830048399540E-002
 -3.668330462215041E-003 -2.344270419923106E-003  6.226985967369779E-003
  4.960092067050226E-003  1.404851497035820E-002  8.213316674024071E-003
 
 Total stress tensor
     -0.000046392689      0.000005441179     -0.000019684610
      0.000005440547     -0.000076405749     -0.000000791559
     -0.000019683840     -0.000000791454     -0.000037484484
 
 Total lattice derivs
      0.065206226472     -0.007647729162      0.027667271534
     -0.001911710539      0.026847606103      0.000278139569
      0.004355632078      0.000175132613      0.008294551355
 
 Maximal derivative component:       0.505820E-01 au
 Max force for moved atoms::         0.505820E-01 au
 
 Volume:                             0.104539E+05 au^3
 Pressure:                          -0.534276E-04 au    -0.157189E+10 Pa
 
 Geometry converged
 
