 KPT            1  SPIN            1  KWEIGHT    1.00000000000000     
   -24.77672     2.00000
   -24.71664     2.00000
   -24.71267     2.00000
   -24.59280     2.00000
   -24.57718     2.00000
   -24.43061     2.00000
   -24.38953     2.00000
   -24.36660     2.00000
   -24.32532     2.00000
   -24.30199     2.00000
   -24.27069     2.00000
   -24.26634     2.00000
   -24.26342     2.00000
   -24.22946     2.00000
   -24.17739     2.00000
   -24.15745     2.00000
   -24.15529     2.00000
   -24.12534     2.00000
   -11.73522     2.00000
   -11.69336     2.00000
   -11.45521     2.00000
   -11.43078     2.00000
   -11.32094     2.00000
   -11.30176     2.00000
   -11.21945     2.00000
   -11.17202     2.00000
   -11.12583     2.00000
   -11.07931     2.00000
   -11.04305     2.00000
   -10.95908     2.00000
   -10.91741     2.00000
   -10.89164     2.00000
   -10.86240     2.00000
   -10.82564     2.00000
   -10.77794     2.00000
   -10.69080     2.00000
   -10.60307     2.00000
   -10.47443     2.00000
   -10.45255     2.00000
   -10.36863     2.00000
   -10.34547     2.00000
   -10.26444     2.00000
   -10.24050     2.00000
   -10.23067     2.00000
   -10.11184     2.00000
   -10.06564     2.00000
    -9.99906     2.00000
    -9.97917     2.00000
    -9.91422     2.00000
    -9.87356     2.00000
    -9.78689     2.00000
    -9.76166     2.00000
    -9.65939     2.00000
    -9.60860     2.00000
    -9.59618     2.00000
    -9.54239     2.00000
    -9.50637     2.00000
    -9.42287     2.00000
    -9.37366     2.00000
    -9.26916     2.00000
    -9.24475     2.00000
    -9.18158     2.00000
    -9.14976     2.00000
    -9.09576     2.00000
    -9.08647     2.00000
    -9.00791     2.00000
    -8.98210     2.00000
    -8.97252     2.00000
    -8.90877     2.00000
    -8.84877     2.00000
    -8.83173     2.00000
    -8.80547     2.00000
    -4.54387     0.00000
    -4.32938     0.00000
    -4.18100     0.00000
    -4.09409     0.00000
    -4.06982     0.00000
    -4.02979     0.00000
    -4.00926     0.00000
    -3.98837     0.00000
    -3.92345     0.00000
    -3.88732     0.00000
    -3.87229     0.00000
    -3.82365     0.00000
    -3.80482     0.00000
    -3.75529     0.00000
    -3.72727     0.00000
    -3.68155     0.00000
    -3.55762     0.00000
    -3.45948     0.00000
    -3.44870     0.00000
    -3.40510     0.00000
    -3.31677     0.00000
    -3.25305     0.00000
    -3.17221     0.00000
    -3.13614     0.00000
    -3.11969     0.00000
    -3.07990     0.00000
    -3.04808     0.00000
    -2.99355     0.00000
    -2.79287     0.00000
    -2.76087     0.00000
    -2.72354     0.00000
    -2.65000     0.00000
    -2.50565     0.00000
    -2.47664     0.00000
    -2.33656     0.00000
    -2.18084     0.00000
    -1.70154     0.00000
    -1.67271     0.00000
    -1.62865     0.00000
    -0.27089     0.00000
    -0.24646     0.00000
     0.11558     0.00000
     0.16457     0.00000
     0.25547     0.00000
     0.31056     0.00000
     0.48054     0.00000
     3.39266     0.00000
     3.60214     0.00000
     3.68200     0.00000
     4.09810     0.00000
     4.45446     0.00000
     4.67650     0.00000
     5.13575     0.00000
     7.83026     0.00000
     8.29269     0.00000
     8.44414     0.00000
     8.88205     0.00000
     9.73215     0.00000
     9.89767     0.00000
    10.05350     0.00000
    10.25561     0.00000
    10.34533     0.00000
    10.57972     0.00000
    10.92783     0.00000
    11.26364     0.00000
    11.35181     0.00000
    11.54407     0.00000
    11.74656     0.00000
    12.01824     0.00000
    12.16493     0.00000
    12.35772     0.00000
    12.77484     0.00000
    12.88384     0.00000
    13.29090     0.00000
    13.67290     0.00000
    13.92874     0.00000
    14.13040     0.00000
    14.89991     0.00000
    15.25432     0.00000
    15.89089     0.00000
    16.21649     0.00000
 
