 Fermi distribution function
 
 Coordinates of moved atoms (au):
    1      0.00000000      3.71886736     12.01815780
    2      0.00000000      0.00000000     11.33835593
    3      3.71886736      3.71886736     12.69795967
    4      0.00000000     11.15660209     12.01815780
    5      0.00000000      7.43773472     11.33835593
    6      3.71886736     11.15660209     12.69795967
    7      0.00000000     18.59433681     12.01815780
    8      0.00000000     14.87546945     11.33835593
    9      3.71886736     18.59433681     12.69795967
   10      0.00000000     26.03207153     12.01815780
   11      0.00000000     22.31320417     11.33835593
   12      3.71886736     26.03207153     12.69795967
   13      3.79711568     27.19368014     19.36124056
   14      0.00576935     15.13169975     17.64067622
   15      3.68972631      7.87356079     17.59568584
   16      0.00523680     11.91844906     15.88232814
   17      3.78899435     29.72546649     21.62262075
   18      0.07354126     29.68623175     22.47433064
   19      7.43526167     25.61154819     15.74791167
   20      0.01808353      4.05334442     15.75095503
   21      3.79271757      2.55689668     19.44285367
   22      3.72551104     15.09478327     18.52229275
   23      0.00595773     17.91606533     15.70567982
   24      3.75119302      4.45630953     16.39307848
   25      3.76350404     21.98509581     17.34563244
   26      7.37318963      8.99953105     17.86103581
   27      3.74330848     25.18889624     16.37375905
 
 COMPONENT = q
  
 Eigenvalues /H
   -0.91052770
   -0.90831999
   -0.90817400
   -0.90376882
   -0.90319467
   -0.89780854
   -0.89629882
   -0.89545624
   -0.89393923
   -0.89308154
   -0.89193163
   -0.89177162
   -0.89166436
   -0.89041642
   -0.88850262
   -0.88776989
   -0.88769058
   -0.88659003
   -0.43126158
   -0.42972304
   -0.42097110
   -0.42007327
   -0.41603702
   -0.41533191
   -0.41230729
   -0.41056430
   -0.40886684
   -0.40715728
   -0.40582459
   -0.40273871
   -0.40120761
   -0.40026041
   -0.39918594
   -0.39783498
   -0.39608196
   -0.39287976
   -0.38965555
   -0.38492811
   -0.38412423
   -0.38104030
   -0.38018908
   -0.37721123
   -0.37633155
   -0.37597018
   -0.37160338
   -0.36990544
   -0.36745883
   -0.36672788
   -0.36434074
   -0.36284679
   -0.35966170
   -0.35873446
   -0.35497592
   -0.35310946
   -0.35265307
   -0.35067636
   -0.34935272
   -0.34628415
   -0.34447566
   -0.34063538
   -0.33973822
   -0.33741689
   -0.33624736
   -0.33426288
   -0.33392171
   -0.33103451
   -0.33008626
   -0.32973400
   -0.32739132
   -0.32518639
   -0.32456022
   -0.32359500
   -0.16698423
   -0.15910185
   -0.15364879
   -0.15045488
   -0.14956305
   -0.14809214
   -0.14733756
   -0.14657001
   -0.14418404
   -0.14285655
   -0.14230401
   -0.14051645
   -0.13982449
   -0.13800450
   -0.13697482
   -0.13529463
   -0.13074030
   -0.12713348
   -0.12673751
   -0.12513513
   -0.12188892
   -0.11954757
   -0.11657658
   -0.11525097
   -0.11464637
   -0.11318413
   -0.11201496
   -0.11001078
   -0.10263606
   -0.10145997
   -0.10008819
   -0.09738576
   -0.09208085
   -0.09101474
   -0.08586701
   -0.08014453
   -0.06253043
   -0.06147082
   -0.05985175
   -0.00995506
   -0.00905711
    0.00424751
    0.00604770
    0.00938843
    0.01141294
    0.01765951
    0.12467791
    0.13237636
    0.13531105
    0.15060257
    0.16369838
    0.17185828
    0.18873527
    0.28775680
    0.30475059
    0.31031629
    0.32640917
    0.35765005
    0.36373259
    0.36945922
    0.37688682
    0.38018386
    0.38879767
    0.40159039
    0.41393101
    0.41717123
    0.42423662
    0.43167810
    0.44166211
    0.44705311
    0.45413784
    0.46946665
    0.47347224
    0.48843145
    0.50246969
    0.51187172
    0.51928253
    0.54756172
    0.56058591
    0.58397937
    0.59594487
 
 Eigenvalues /eV
  -24.77671925
  -24.71664441
  -24.71267204
  -24.59280076
  -24.57717754
  -24.43061344
  -24.38953170
  -24.36660395
  -24.32532416
  -24.30198524
  -24.27069444
  -24.26634037
  -24.26342178
  -24.22946344
  -24.17738633
  -24.15744792
  -24.15528960
  -24.12534218
  -11.73522476
  -11.69335890
  -11.45520641
  -11.43077514
  -11.32094328
  -11.30175633
  -11.21945217
  -11.17202294
  -11.12583291
  -11.07931328
  -11.04304893
  -10.95907780
  -10.91741461
  -10.89163996
  -10.86240220
  -10.82564054
  -10.77793857
  -10.69080231
  -10.60306697
  -10.47442691
  -10.45255200
  -10.36863405
  -10.34547121
  -10.26443985
  -10.24050237
  -10.23066903
  -10.11184234
  -10.06563925
   -9.99906364
   -9.97917341
   -9.91421600
   -9.87356362
   -9.78689279
   -9.76166136
   -9.65938621
   -9.60859720
   -9.59617817
   -9.54238934
   -9.50637127
   -9.42287117
   -9.37365970
   -9.26916028
   -9.24474741
   -9.18158086
   -9.14975619
   -9.09575566
   -9.08647197
   -9.00790741
   -8.98210409
   -8.97251860
   -8.90877115
   -8.84877183
   -8.83173286
   -8.80546793
   -4.54387205
   -4.32938152
   -4.18099617
   -4.09408571
   -4.06981768
   -4.02979213
   -4.00925907
   -3.98837277
   -3.92344742
   -3.88732457
   -3.87228911
   -3.82364712
   -3.80481794
   -3.75529350
   -3.72727460
   -3.68155407
   -3.55762463
   -3.45947790
   -3.44870311
   -3.40510011
   -3.31676633
   -3.25305492
   -3.17221006
   -3.13613851
   -3.11968644
   -3.07989678
   -3.04808220
   -2.99354552
   -2.79286935
   -2.76086627
   -2.72353818
   -2.65000130
   -2.50564755
   -2.47663703
   -2.33656019
   -2.18084360
   -1.70153962
   -1.67270600
   -1.62864898
   -0.27089096
   -0.24645657
    0.11558076
    0.16456620
    0.25547223
    0.31056195
    0.48053959
    3.39265852
    3.60214402
    3.68200105
    4.09810433
    4.45445943
    4.67650166
    5.13574795
    7.83026085
    8.29268545
    8.44413579
    8.88204547
    9.73215295
    9.89766742
   10.05349702
   10.25561218
   10.34532909
   10.57972281
   10.92783046
   11.26363585
   11.35180669
   11.54406578
   11.74655874
   12.01823753
   12.16493402
   12.35771949
   12.77483758
   12.88383506
   13.29089601
   13.67289606
   13.92873819
   14.13039665
   14.89991237
   15.25431882
   15.89088717
   16.21648503
 
 Fillings
     2.00000
     2.00000
     2.00000
     2.00000
     2.00000
     2.00000
     2.00000
     2.00000
     2.00000
     2.00000
     2.00000
     2.00000
     2.00000
     2.00000
     2.00000
     2.00000
     2.00000
     2.00000
     2.00000
     2.00000
     2.00000
     2.00000
     2.00000
     2.00000
     2.00000
     2.00000
     2.00000
     2.00000
     2.00000
     2.00000
     2.00000
     2.00000
     2.00000
     2.00000
     2.00000
     2.00000
     2.00000
     2.00000
     2.00000
     2.00000
     2.00000
     2.00000
     2.00000
     2.00000
     2.00000
     2.00000
     2.00000
     2.00000
     2.00000
     2.00000
     2.00000
     2.00000
     2.00000
     2.00000
     2.00000
     2.00000
     2.00000
     2.00000
     2.00000
     2.00000
     2.00000
     2.00000
     2.00000
     2.00000
     2.00000
     2.00000
     2.00000
     2.00000
     2.00000
     2.00000
     2.00000
     2.00000
     0.00000
     0.00000
     0.00000
     0.00000
     0.00000
     0.00000
     0.00000
     0.00000
     0.00000
     0.00000
     0.00000
     0.00000
     0.00000
     0.00000
     0.00000
     0.00000
     0.00000
     0.00000
     0.00000
     0.00000
     0.00000
     0.00000
     0.00000
     0.00000
     0.00000
     0.00000
     0.00000
     0.00000
     0.00000
     0.00000
     0.00000
     0.00000
     0.00000
     0.00000
     0.00000
     0.00000
     0.00000
     0.00000
     0.00000
     0.00000
     0.00000
     0.00000
     0.00000
     0.00000
     0.00000
     0.00000
     0.00000
     0.00000
     0.00000
     0.00000
     0.00000
     0.00000
     0.00000
     0.00000
     0.00000
     0.00000
     0.00000
     0.00000
     0.00000
     0.00000
     0.00000
     0.00000
     0.00000
     0.00000
     0.00000
     0.00000
     0.00000
     0.00000
     0.00000
     0.00000
     0.00000
     0.00000
     0.00000
     0.00000
     0.00000
     0.00000
     0.00000
     0.00000
     0.00000
     0.00000
     0.00000
 
 Fermi energy:                      -0.2526959481 H           -6.8762 eV
 Band energy:                      -72.4625624027 H        -1971.8066 eV
 TS:                                 0.0000000000 H            0.0000 eV
 Band free energy (E-TS):          -72.4625624027 H        -1971.8066 eV
 Extrapolated E(0K):               -72.4625624027 H        -1971.8066 eV
 
 Energy H0:                        -72.4625624027 H        -1971.8066 eV
 Total Electronic energy:          -72.4625624027 H        -1971.8066 eV
 Repulsive energy:                   2.2296909897 H           60.6730 eV
 Total energy:                     -70.2328714130 H        -1911.1337 eV
 Total Mermin free energy:         -70.2328714130 H        -1911.1337 eV
 
 Non-SCC calculation
 
 Full geometry written in geo_end.{xyz|gen}
 
 Total Forces
  1.282191624130761E-004  2.867935554493606E-004  1.570089193543646E-002
  1.155913429039465E-005  3.504961791656936E-005 -2.275860034763655E-003
  1.061928089983717E-003  7.782888626372206E-004 -1.027600022810423E-002
  1.142129431552692E-004  7.675395376388961E-003  2.972196236885739E-002
 -1.001515546217008E-005  2.466705352670152E-003 -3.468120690095750E-003
  1.270770457118283E-004 -4.058808423883649E-003 -2.593842581382616E-002
 -3.713600060724631E-005 -4.076182555976242E-003  3.162730682445213E-002
 -7.690523083308308E-006 -1.262370683782400E-003 -1.139742949443050E-002
  2.291010800154588E-004  4.528930593895354E-003 -3.020588348490064E-002
  2.752002922255152E-005 -6.116009489744723E-004  1.921288186380525E-002
  9.225868996212036E-006 -1.244511283375673E-003 -5.183648023491062E-003
  3.983523387614350E-005 -1.320040136765212E-003 -1.295713406441605E-002
 -1.288202889981632E-003 -2.198110629815464E-002 -1.449301245684630E-002
  2.261072588955630E-004 -2.265660441677451E-002  1.037366085723163E-002
  6.983698364830621E-003  1.040290101131519E-004  2.505821268913612E-003
 -4.680929025148140E-004  1.797624811920621E-002  1.295656272590456E-003
  8.563563277443371E-004 -9.973467975127695E-003  2.279090308464782E-002
 -7.320747578854511E-004  7.462431679588276E-004  1.999134759075254E-003
  1.388840524529843E-002  2.558923295923094E-003  1.833867778859299E-004
  6.056733677462025E-003 -8.917037148914089E-003  1.376726413542841E-003
 -8.195657045431284E-004  2.949141066136134E-002 -2.256518726293548E-002
 -1.703321301363668E-004 -8.655172449399944E-004 -2.176649098271879E-003
 -1.747546300050218E-004  1.383312844978216E-002 -8.627244611601467E-003
 -7.349885941373241E-003 -1.601125516236350E-003  6.224195030533071E-003
 -5.517317930036451E-004 -2.044066376155299E-002  3.794760154361421E-003
 -5.927101874580790E-003 -4.630457147662123E-003  1.681135124261657E-003
 -1.222339515871878E-002  2.315834747881748E-002  1.076172528088101E-003
 
 Total stress tensor
     -0.000098282053     -0.000000059138     -0.000002476467
     -0.000000059120     -0.000044432971     -0.000010357615
     -0.000002475661     -0.000010356813      0.000002503255
 
 Total lattice derivs
      0.138138183149      0.000083120181      0.003480743494
      0.000020773534      0.015612947057      0.003639479501
      0.000547813339      0.002291751409     -0.000553919335
 
 Maximal derivative component:       0.316273E-01 au
 Max force for moved atoms::         0.316273E-01 au
 
 Volume:                             0.104539E+05 au^3
 Pressure:                          -0.467373E-04 au    -0.137506E+10 Pa
 
 Geometry converged
 
