 KPT            1  SPIN            1  KWEIGHT    1.00000000000000     
   -24.81769     2.00000
   -24.76160     2.00000
   -24.70819     2.00000
   -24.64212     2.00000
   -24.57356     2.00000
   -24.46481     2.00000
   -24.38927     2.00000
   -24.32500     2.00000
   -24.30328     2.00000
   -24.27671     2.00000
   -24.26869     2.00000
   -24.26650     2.00000
   -24.24881     2.00000
   -24.22815     2.00000
   -24.18672     2.00000
   -24.18217     2.00000
   -24.17138     2.00000
   -24.15044     2.00000
   -11.77940     2.00000
   -11.71963     2.00000
   -11.69725     2.00000
   -11.66197     2.00000
   -11.37898     2.00000
   -11.29399     2.00000
   -11.21475     2.00000
   -11.12273     2.00000
   -11.06877     2.00000
   -11.03064     2.00000
   -11.01401     2.00000
   -10.98278     2.00000
   -10.97992     2.00000
   -10.95230     2.00000
   -10.93859     2.00000
   -10.87265     2.00000
   -10.68279     2.00000
   -10.65907     2.00000
   -10.61528     2.00000
   -10.50331     2.00000
   -10.45779     2.00000
   -10.38901     2.00000
   -10.35678     2.00000
   -10.35077     2.00000
   -10.31144     2.00000
   -10.26257     2.00000
   -10.22813     2.00000
   -10.20028     2.00000
   -10.15212     2.00000
   -10.07067     2.00000
   -10.01916     2.00000
    -9.89978     2.00000
    -9.79272     2.00000
    -9.76554     2.00000
    -9.71454     2.00000
    -9.67512     2.00000
    -9.61994     2.00000
    -9.60287     2.00000
    -9.53661     2.00000
    -9.49938     2.00000
    -9.44490     2.00000
    -9.39432     2.00000
    -9.32157     2.00000
    -9.30065     2.00000
    -9.21237     2.00000
    -9.14717     2.00000
    -9.10221     2.00000
    -9.04179     2.00000
    -9.00888     2.00000
    -8.99243     2.00000
    -8.89465     2.00000
    -8.88802     2.00000
    -8.84344     2.00000
    -8.78275     2.00000
    -4.24309     0.00000
    -4.11175     0.00000
    -4.08417     0.00000
    -4.00251     0.00000
    -3.97857     0.00000
    -3.96110     0.00000
    -3.92560     0.00000
    -3.90261     0.00000
    -3.88419     0.00000
    -3.84568     0.00000
    -3.78187     0.00000
    -3.63655     0.00000
    -3.62623     0.00000
    -3.57184     0.00000
    -3.52052     0.00000
    -3.51034     0.00000
    -3.50116     0.00000
    -3.44384     0.00000
    -3.39543     0.00000
    -3.38820     0.00000
    -3.37207     0.00000
    -3.29757     0.00000
    -3.18002     0.00000
    -3.13794     0.00000
    -3.06568     0.00000
    -3.04797     0.00000
    -2.86205     0.00000
    -2.79355     0.00000
    -2.69381     0.00000
    -2.66021     0.00000
    -2.61892     0.00000
    -2.54872     0.00000
    -2.48516     0.00000
    -2.31106     0.00000
    -2.17506     0.00000
    -1.91892     0.00000
    -1.78931     0.00000
    -0.28078     0.00000
     0.14492     0.00000
     0.16591     0.00000
     0.29506     0.00000
     0.33198     0.00000
     0.48598     0.00000
     0.66197     0.00000
     0.87791     0.00000
     3.50788     0.00000
     4.02548     0.00000
     4.44600     0.00000
     4.54050     0.00000
     5.05081     0.00000
     5.27001     0.00000
     7.38396     0.00000
     7.61038     0.00000
     7.64067     0.00000
     8.09302     0.00000
     8.30283     0.00000
     9.20314     0.00000
     9.39278     0.00000
     9.61432     0.00000
    10.11352     0.00000
    10.23911     0.00000
    10.39830     0.00000
    10.62237     0.00000
    10.69253     0.00000
    11.21308     0.00000
    11.29279     0.00000
    11.73740     0.00000
    12.19080     0.00000
    12.28015     0.00000
    12.63560     0.00000
    13.10824     0.00000
    13.26623     0.00000
    13.45942     0.00000
    13.62944     0.00000
    14.01026     0.00000
    14.36858     0.00000
    14.90117     0.00000
    15.03231     0.00000
    15.78665     0.00000
    16.14466     0.00000
    16.80980     0.00000
 
