 Fermi distribution function
 
 Coordinates of moved atoms (au):
    1      0.00000000      3.71886736     12.01815780
    2      0.00000000      0.00000000     11.33835593
    3      3.71886736      3.71886736     12.69795967
    4      0.00000000     11.15660209     12.01815780
    5      0.00000000      7.43773472     11.33835593
    6      3.71886736     11.15660209     12.69795967
    7      0.00000000     18.59433681     12.01815780
    8      0.00000000     14.87546945     11.33835593
    9      3.71886736     18.59433681     12.69795967
   10      0.00000000     26.03207153     12.01815780
   11      0.00000000     22.31320417     11.33835593
   12      3.71886736     26.03207153     12.69795967
   13      3.71312268     15.05556595     17.51003649
   14      7.43696281     18.49873350     15.77613234
   15      3.85244127      7.35290179     21.33827194
   16      0.00863937     11.50351303     15.75676136
   17      3.74840159      4.92657713     16.24684293
   18      3.72014006     25.17853726     16.40245486
   19      3.74631495     27.19966575     19.11658267
   20      3.71956635     21.86488042     17.47526769
   21      3.71936639     18.45873678     16.29845592
   22      0.00718948     25.50298106     15.72946363
   23      3.80404205      8.38320843     17.83873159
   24      3.80382089      4.08791031     19.88285374
   25      0.02519354      4.58009410     15.69699159
   26      3.72566262     11.64934116     16.26226436
   27      0.14802376      7.69953889     21.97785862
 
 COMPONENT = q
  
 Eigenvalues /H
   -0.91203326
   -0.90997202
   -0.90800919
   -0.90558128
   -0.90306176
   -0.89906512
   -0.89628904
   -0.89392734
   -0.89312921
   -0.89215277
   -0.89185788
   -0.89177731
   -0.89112748
   -0.89036832
   -0.88884567
   -0.88867847
   -0.88828173
   -0.88751219
   -0.43288505
   -0.43068860
   -0.42986592
   -0.42856947
   -0.41816995
   -0.41504652
   -0.41213453
   -0.40875296
   -0.40676994
   -0.40536867
   -0.40475757
   -0.40360989
   -0.40350470
   -0.40248981
   -0.40198582
   -0.39956256
   -0.39258522
   -0.39171352
   -0.39010434
   -0.38598940
   -0.38431684
   -0.38178926
   -0.38060465
   -0.38038398
   -0.37893835
   -0.37714249
   -0.37587701
   -0.37485327
   -0.37308339
   -0.37009038
   -0.36819739
   -0.36381023
   -0.35987581
   -0.35887708
   -0.35700265
   -0.35555410
   -0.35352640
   -0.35289892
   -0.35046398
   -0.34909585
   -0.34709352
   -0.34523478
   -0.34256127
   -0.34179279
   -0.33854839
   -0.33615227
   -0.33450004
   -0.33227963
   -0.33107026
   -0.33046569
   -0.32687248
   -0.32662861
   -0.32499041
   -0.32275996
   -0.15593063
   -0.15110404
   -0.15009057
   -0.14708949
   -0.14620987
   -0.14556784
   -0.14426318
   -0.14341830
   -0.14274125
   -0.14132625
   -0.13898119
   -0.13364073
   -0.13326144
   -0.13126275
   -0.12937689
   -0.12900246
   -0.12866517
   -0.12655897
   -0.12477978
   -0.12451399
   -0.12392127
   -0.12118349
   -0.11686360
   -0.11531712
   -0.11266152
   -0.11201082
   -0.10517827
   -0.10266102
   -0.09899556
   -0.09776102
   -0.09624338
   -0.09366358
   -0.09132779
   -0.08493002
   -0.07993184
   -0.07051884
   -0.06575602
   -0.01031863
    0.00532565
    0.00609697
    0.01084333
    0.01219999
    0.01785931
    0.02432689
    0.03226242
    0.12891228
    0.14793354
    0.16338735
    0.16686013
    0.18561371
    0.19366926
    0.27135539
    0.27967649
    0.28078959
    0.29741316
    0.30512343
    0.33820913
    0.34517814
    0.35331985
    0.37166493
    0.37628048
    0.38213054
    0.39036508
    0.39294321
    0.41207305
    0.41500225
    0.43134142
    0.44800362
    0.45128729
    0.46434963
    0.48171901
    0.48752486
    0.49462468
    0.50087285
    0.51486750
    0.52803550
    0.54760779
    0.55242736
    0.58014869
    0.59330552
    0.61774885
 
 Eigenvalues /eV
  -24.81768775
  -24.76159853
  -24.70818730
  -24.64212054
  -24.57356080
  -24.46480680
  -24.38926575
  -24.32500044
  -24.30328238
  -24.27671217
  -24.26868766
  -24.26649538
  -24.24881244
  -24.22815457
  -24.18672136
  -24.18217167
  -24.17137570
  -24.15043536
  -11.77940162
  -11.71963318
  -11.69724674
  -11.66196862
  -11.37898342
  -11.29399054
  -11.21475114
  -11.12273408
  -11.06877321
  -11.03064288
  -11.01401375
  -10.98278399
  -10.97992160
  -10.95230485
  -10.93859061
  -10.87265048
  -10.68278730
  -10.65906708
  -10.61527922
  -10.50330591
  -10.45779338
  -10.38901430
  -10.35677946
  -10.35077479
  -10.31143706
  -10.26256932
  -10.22813395
  -10.20027652
  -10.15211565
  -10.07067157
  -10.01916066
   -9.89978001
   -9.79271914
   -9.76554221
   -9.71453645
   -9.67511930
   -9.61994280
   -9.60286824
   -9.53661010
   -9.49938134
   -9.44489511
   -9.39431647
   -9.32156641
   -9.30065489
   -9.21237033
   -9.14716865
   -9.10220907
   -9.04178864
   -9.00888022
   -8.99242885
   -8.89465287
   -8.88801658
   -8.84343902
   -8.78274526
   -4.24308828
   -4.11175011
   -4.08417226
   -4.00250877
   -3.97857295
   -3.96110253
   -3.92560100
   -3.90261050
   -3.88418692
   -3.84568302
   -3.78187068
   -3.63654930
   -3.62622820
   -3.57184104
   -3.52052426
   -3.51033557
   -3.50115740
   -3.44384489
   -3.39543059
   -3.38819819
   -3.37206928
   -3.29757052
   -3.18002023
   -3.13793839
   -3.06567598
   -3.04796962
   -2.86204636
   -2.79354840
   -2.69380636
   -2.66021261
   -2.61891571
   -2.54871568
   -2.48515566
   -2.31106334
   -2.17505606
   -1.91891523
   -1.78931236
   -0.28078418
    0.14491825
    0.16590693
    0.29506212
    0.33197874
    0.48597646
    0.66196826
    0.87790520
    3.50788153
    4.02547638
    4.44599608
    4.54049519
    5.05080597
    5.27000881
    7.38395595
    7.61038455
    7.64067351
    8.09302386
    8.30283102
    9.20313880
    9.39277521
    9.61432216
   10.11351720
   10.23911292
   10.39830104
   10.62237423
   10.69252883
   11.21307821
   11.29278572
   11.73739726
   12.19079866
   12.28015207
   12.63559635
   13.10824110
   13.26622649
   13.45942227
   13.62944371
   14.01025754
   14.36857706
   14.90116599
   15.03231322
   15.78664910
   16.14466452
   16.80980150
 
 Fillings
     2.00000
     2.00000
     2.00000
     2.00000
     2.00000
     2.00000
     2.00000
     2.00000
     2.00000
     2.00000
     2.00000
     2.00000
     2.00000
     2.00000
     2.00000
     2.00000
     2.00000
     2.00000
     2.00000
     2.00000
     2.00000
     2.00000
     2.00000
     2.00000
     2.00000
     2.00000
     2.00000
     2.00000
     2.00000
     2.00000
     2.00000
     2.00000
     2.00000
     2.00000
     2.00000
     2.00000
     2.00000
     2.00000
     2.00000
     2.00000
     2.00000
     2.00000
     2.00000
     2.00000
     2.00000
     2.00000
     2.00000
     2.00000
     2.00000
     2.00000
     2.00000
     2.00000
     2.00000
     2.00000
     2.00000
     2.00000
     2.00000
     2.00000
     2.00000
     2.00000
     2.00000
     2.00000
     2.00000
     2.00000
     2.00000
     2.00000
     2.00000
     2.00000
     2.00000
     2.00000
     2.00000
     2.00000
     0.00000
     0.00000
     0.00000
     0.00000
     0.00000
     0.00000
     0.00000
     0.00000
     0.00000
     0.00000
     0.00000
     0.00000
     0.00000
     0.00000
     0.00000
     0.00000
     0.00000
     0.00000
     0.00000
     0.00000
     0.00000
     0.00000
     0.00000
     0.00000
     0.00000
     0.00000
     0.00000
     0.00000
     0.00000
     0.00000
     0.00000
     0.00000
     0.00000
     0.00000
     0.00000
     0.00000
     0.00000
     0.00000
     0.00000
     0.00000
     0.00000
     0.00000
     0.00000
     0.00000
     0.00000
     0.00000
     0.00000
     0.00000
     0.00000
     0.00000
     0.00000
     0.00000
     0.00000
     0.00000
     0.00000
     0.00000
     0.00000
     0.00000
     0.00000
     0.00000
     0.00000
     0.00000
     0.00000
     0.00000
     0.00000
     0.00000
     0.00000
     0.00000
     0.00000
     0.00000
     0.00000
     0.00000
     0.00000
     0.00000
     0.00000
     0.00000
     0.00000
     0.00000
     0.00000
     0.00000
     0.00000
 
 Fermi energy:                      -0.2440035873 H           -6.6397 eV
 Band energy:                      -72.6471132315 H        -1976.8285 eV
 TS:                                 0.0000000000 H            0.0000 eV
 Band free energy (E-TS):          -72.6471132315 H        -1976.8285 eV
 Extrapolated E(0K):               -72.6471132315 H        -1976.8285 eV
 
 Energy H0:                        -72.6471132315 H        -1976.8285 eV
 Total Electronic energy:          -72.6471132315 H        -1976.8285 eV
 Repulsive energy:                   2.3255768235 H           63.2822 eV
 Total energy:                     -70.3215364080 H        -1913.5464 eV
 Total Mermin free energy:         -70.3215364080 H        -1913.5464 eV
 
 Non-SCC calculation
 
 Full geometry written in geo_end.{xyz|gen}
 
 Total Forces
  2.332990905972713E-004  2.754782512199693E-003  2.132310205548338E-002
  1.113928081337914E-005  3.989554223312563E-004 -8.045779314403353E-004
  1.343002057196732E-003 -2.098908163148012E-003 -1.536055123114118E-002
  4.250592869139167E-003 -8.536937042676294E-004  6.878882593880434E-003
 -4.112370371867848E-005  5.122103528448857E-003 -9.073571867952202E-003
  4.433307423020387E-004  8.320797112331656E-004 -1.827232195053730E-002
  4.374061902626263E-004 -1.123582815877847E-004  1.693201315317071E-002
 -3.964107623804366E-006  1.034844377003113E-003 -7.217243472984129E-003
 -3.208165273399457E-005 -1.008564336972283E-003 -1.566406623011662E-002
  5.112192570195557E-005 -1.106433037249121E-003  1.850758972976069E-002
 -5.675974645311943E-006 -2.828041595816410E-003 -7.587221914286894E-003
  3.815752338914503E-004 -1.556927806173232E-004 -4.291674399130266E-003
  4.409856472099293E-004 -9.025574665696218E-003 -4.125267930754156E-003
  3.713342001816324E-004 -8.305421258477177E-004  1.180830056212029E-004
  6.539570609620071E-003  5.216732670543595E-003 -4.745053714974939E-003
  6.535365389951958E-005  1.957440097134830E-003  6.545994208473904E-004
 -2.281604422027163E-003  8.735866509606515E-003  4.559102852772320E-003
  2.843488270695885E-003 -1.523758173086976E-002 -1.819063476213152E-002
 -2.451914610904612E-004  1.398542719079436E-002  1.494648036794646E-002
  3.163309459459760E-005 -7.572257748678299E-004  4.737085532383750E-004
 -8.478219122071684E-004 -3.544583985018704E-003 -1.649652942277646E-003
 -3.087459930951121E-003 -2.147432486525746E-004 -7.746843042615720E-004
 -1.372651987614381E-003 -1.744824898665016E-003  2.678914121949282E-003
  9.668200758952260E-005 -1.042958700414959E-002  7.358295560647432E-004
  1.908028431048260E-003 -4.419437719385382E-003  1.021532833152546E-003
 -3.694092773356575E-003  1.358109185825234E-002  1.603519410994835E-002
 -7.836875378775379E-003  7.484691752636177E-004  2.891490298152860E-003
 
 Total stress tensor
     -0.000024842550     -0.000000655494     -0.000003949830
     -0.000000655429     -0.000082493765      0.000000484250
     -0.000003949486      0.000000480787      0.000007329624
 
 Total lattice derivs
      0.034916900748      0.000921314788      0.005551596726
      0.000230306022      0.028986825496     -0.000170156885
      0.000873940585     -0.000106388457     -0.001621896172
 
 Maximal derivative component:       0.213231E-01 au
 Max force for moved atoms::         0.213231E-01 au
 
 Volume:                             0.104539E+05 au^3
 Pressure:                          -0.333356E-04 au    -0.980766E+09 Pa
 
 Geometry converged
 
