 KPT            1  SPIN            1  KWEIGHT    1.00000000000000     
   -24.83851     2.00000
   -24.77656     2.00000
   -24.72981     2.00000
   -24.65600     2.00000
   -24.53992     2.00000
   -24.47311     2.00000
   -24.43273     2.00000
   -24.37572     2.00000
   -24.30666     2.00000
   -24.28340     2.00000
   -24.26980     2.00000
   -24.25808     2.00000
   -24.25352     2.00000
   -24.19300     2.00000
   -24.18247     2.00000
   -24.16658     2.00000
   -24.15827     2.00000
   -24.07875     2.00000
   -11.80546     2.00000
   -11.73937     2.00000
   -11.71453     2.00000
   -11.68335     2.00000
   -11.43178     2.00000
   -11.30338     2.00000
   -11.27104     2.00000
   -11.15825     2.00000
   -11.08197     2.00000
   -11.07522     2.00000
   -11.00227     2.00000
   -10.98641     2.00000
   -10.97597     2.00000
   -10.92195     2.00000
   -10.88095     2.00000
   -10.75178     2.00000
   -10.67279     2.00000
   -10.65997     2.00000
   -10.58847     2.00000
   -10.47064     2.00000
   -10.46198     2.00000
   -10.40068     2.00000
   -10.36910     2.00000
   -10.33343     2.00000
   -10.28735     2.00000
   -10.28560     2.00000
   -10.21882     2.00000
   -10.16455     2.00000
   -10.10990     2.00000
   -10.07421     2.00000
   -10.01601     2.00000
    -9.95410     2.00000
    -9.76278     2.00000
    -9.73353     2.00000
    -9.67687     2.00000
    -9.62828     2.00000
    -9.58194     2.00000
    -9.50151     2.00000
    -9.45236     2.00000
    -9.44384     2.00000
    -9.34911     2.00000
    -9.32572     2.00000
    -9.24951     2.00000
    -9.23872     2.00000
    -9.22023     2.00000
    -9.14304     2.00000
    -9.09555     2.00000
    -9.04704     2.00000
    -8.98832     2.00000
    -8.92068     2.00000
    -8.86655     2.00000
    -8.82489     2.00000
    -8.81877     2.00000
    -8.76943     2.00000
    -4.39350     0.00000
    -4.37160     0.00000
    -4.23804     0.00000
    -4.11196     0.00000
    -4.07753     0.00000
    -4.01833     0.00000
    -3.97567     0.00000
    -3.95938     0.00000
    -3.95027     0.00000
    -3.88455     0.00000
    -3.88302     0.00000
    -3.84373     0.00000
    -3.80880     0.00000
    -3.62686     0.00000
    -3.61182     0.00000
    -3.58235     0.00000
    -3.49396     0.00000
    -3.46866     0.00000
    -3.41601     0.00000
    -3.37859     0.00000
    -3.36179     0.00000
    -3.36013     0.00000
    -3.18501     0.00000
    -3.13701     0.00000
    -3.04569     0.00000
    -3.03677     0.00000
    -2.94339     0.00000
    -2.82111     0.00000
    -2.77679     0.00000
    -2.62089     0.00000
    -2.58971     0.00000
    -2.50445     0.00000
    -2.39722     0.00000
    -2.01042     0.00000
    -1.95558     0.00000
    -1.75309     0.00000
    -1.70074     0.00000
    -0.41164     0.00000
    -0.26246     0.00000
    -0.23426     0.00000
     0.18121     0.00000
     0.20150     0.00000
     0.36835     0.00000
     0.45254     0.00000
     0.56763     0.00000
     0.80429     0.00000
     1.03653     0.00000
     3.21170     0.00000
     4.16111     0.00000
     4.60570     0.00000
     4.60819     0.00000
     5.14206     0.00000
     6.90523     0.00000
     7.08450     0.00000
     8.36863     0.00000
     8.53301     0.00000
     9.61667     0.00000
     9.65352     0.00000
    10.07533     0.00000
    10.20111     0.00000
    10.22952     0.00000
    10.32611     0.00000
    10.66506     0.00000
    10.86662     0.00000
    11.44950     0.00000
    11.85647     0.00000
    11.89376     0.00000
    12.07246     0.00000
    12.55341     0.00000
    12.58459     0.00000
    12.77659     0.00000
    13.54432     0.00000
    13.71519     0.00000
    14.14592     0.00000
    14.28769     0.00000
    15.32547     0.00000
    15.55846     0.00000
    15.81732     0.00000
    16.21779     0.00000
    16.57611     0.00000
    17.74396     0.00000
 
