 Fermi distribution function
 
 Coordinates of moved atoms (au):
    1      0.00000000      3.71886736     12.01815780
    2      0.00000000      0.00000000     11.33835593
    3      3.71886736      3.71886736     12.69795967
    4      0.00000000     11.15660209     12.01815780
    5      0.00000000      7.43773472     11.33835593
    6      3.71886736     11.15660209     12.69795967
    7      0.00000000     18.59433681     12.01815780
    8      0.00000000     14.87546945     11.33835593
    9      3.71886736     18.59433681     12.69795967
   10      0.00000000     26.03207153     12.01815780
   11      0.00000000     22.31320417     11.33835593
   12      3.71886736     26.03207153     12.69795967
   13      0.00000000     10.57857337     15.67682141
   14      3.71886736     11.98724919     19.27226791
   15      3.71886736     10.25157277     16.34566691
   16      0.00000000      3.41840775     15.73787204
   17      3.71886736      6.92948159     17.00125580
   18      0.00000000     19.17238019     15.67681330
   19      0.00000000     26.33252569     15.73786824
   20      3.71886736     14.87545175     23.17146184
   21      3.71886736     26.38843321     16.25622192
   22      3.71886736      3.36238493     16.25629819
   23      3.71886736     17.76352993     19.27239785
   24      3.71886736      0.00012918     17.51926811
   25      3.71886736     19.49934067     16.34569725
   26      0.00000000     14.87564679     22.09696219
   27      3.71886736     22.82148052     17.00128274
 
 COMPONENT = q
  
 Eigenvalues /H
   -0.91279858
   -0.91052196
   -0.90880384
   -0.90609132
   -0.90182545
   -0.89937039
   -0.89788645
   -0.89579128
   -0.89325341
   -0.89239872
   -0.89189886
   -0.89146793
   -0.89130059
   -0.88907659
   -0.88868934
   -0.88810532
   -0.88780017
   -0.88487788
   -0.43384274
   -0.43141403
   -0.43050120
   -0.42935507
   -0.42011009
   -0.41539156
   -0.41420298
   -0.41005825
   -0.40725489
   -0.40700685
   -0.40432598
   -0.40374303
   -0.40335937
   -0.40137441
   -0.39986742
   -0.39512056
   -0.39221798
   -0.39174667
   -0.38911914
   -0.38478883
   -0.38447060
   -0.38221810
   -0.38105745
   -0.37974642
   -0.37805306
   -0.37798897
   -0.37553468
   -0.37354018
   -0.37153211
   -0.37022038
   -0.36808160
   -0.36580631
   -0.35877548
   -0.35770057
   -0.35561856
   -0.35383286
   -0.35212978
   -0.34917415
   -0.34736792
   -0.34705476
   -0.34357347
   -0.34271376
   -0.33991315
   -0.33951688
   -0.33883717
   -0.33600057
   -0.33425540
   -0.33247260
   -0.33031453
   -0.32782910
   -0.32583954
   -0.32430874
   -0.32408402
   -0.32227049
   -0.16145829
   -0.16065340
   -0.15574497
   -0.15111158
   -0.14984644
   -0.14767080
   -0.14610308
   -0.14550458
   -0.14516961
   -0.14275469
   -0.14269842
   -0.14125459
   -0.13997098
   -0.13328457
   -0.13273177
   -0.13164878
   -0.12840053
   -0.12747080
   -0.12553600
   -0.12416092
   -0.12354362
   -0.12348256
   -0.11704699
   -0.11528294
   -0.11192707
   -0.11159918
   -0.10816769
   -0.10367407
   -0.10204508
   -0.09631579
   -0.09517014
   -0.09203695
   -0.08809638
   -0.07388156
   -0.07186618
   -0.06442503
   -0.06250091
   -0.01512767
   -0.00964537
   -0.00860904
    0.00665937
    0.00740507
    0.01353674
    0.01663050
    0.02085999
    0.02955726
    0.03809166
    0.11802789
    0.15291780
    0.16925636
    0.16934793
    0.18896706
    0.25376259
    0.26035049
    0.30754146
    0.31358221
    0.35340627
    0.35476021
    0.37026164
    0.37488380
    0.37592799
    0.37947753
    0.39193375
    0.39934104
    0.42076128
    0.43571741
    0.43708768
    0.44365459
    0.46132920
    0.46247526
    0.46953106
    0.49774454
    0.50402400
    0.51985310
    0.52506280
    0.56320065
    0.57176298
    0.58127578
    0.59599294
    0.60916069
    0.65207847
 
 Eigenvalues /eV
  -24.83851317
  -24.77656303
  -24.72981067
  -24.65599939
  -24.53991911
  -24.47311355
  -24.43273356
  -24.37572105
  -24.30666194
  -24.28340463
  -24.26980286
  -24.25807661
  -24.25352298
  -24.19300490
  -24.18246745
  -24.16657529
  -24.15827187
  -24.07875223
  -11.80546157
  -11.73937316
  -11.71453359
  -11.68334578
  -11.43177715
  -11.30337938
  -11.27103648
  -11.15825267
  -11.08196932
  -11.07522000
  -11.00226964
  -10.98640694
  -10.97596701
  -10.92195334
  -10.88094607
  -10.75177736
  -10.67279427
  -10.65996918
  -10.58847043
  -10.47063693
  -10.46197742
  -10.40068366
  -10.36910091
  -10.33342595
  -10.28734719
  -10.28560325
  -10.21881864
  -10.16454554
  -10.10990306
  -10.07420914
  -10.01600982
   -9.95409624
   -9.76277748
   -9.73352775
   -9.67687336
   -9.62828212
   -9.58193889
   -9.50151212
   -9.45236206
   -9.44384056
   -9.34910980
   -9.32571595
   -9.24950749
   -9.23872431
   -9.22022860
   -9.14304057
   -9.09555221
   -9.04703987
   -8.98831560
   -8.92068361
   -8.86654503
   -8.82488983
   -8.81877481
   -8.76942627
   -4.39350356
   -4.37160142
   -4.23803626
   -4.11195529
   -4.07752897
   -4.01832685
   -3.97566706
   -3.95938099
   -3.95026619
   -3.88455268
   -3.88302168
   -3.84373302
   -3.80880420
   -3.62685770
   -3.61181519
   -3.58234567
   -3.49395623
   -3.46865706
   -3.41600840
   -3.37859051
   -3.36179305
   -3.36013143
   -3.18501057
   -3.13700851
   -3.04569055
   -3.03676816
   -2.94339254
   -2.82111489
   -2.77678790
   -2.62088594
   -2.58971131
   -2.50445292
   -2.39722443
   -2.01041941
   -1.95557822
   -1.75309419
   -1.70073638
   -0.41164483
   -0.26246401
   -0.23426395
    0.18121081
    0.20150224
    0.36835333
    0.45253904
    0.56762918
    0.80429398
    1.03652687
    3.21170237
    4.16110515
    4.60569979
    4.60819165
    5.14205529
    6.90523147
    7.08449728
    8.36862882
    8.53300609
    9.61667395
    9.65351661
   10.07533183
   10.20110719
   10.22952108
   10.32610888
   10.66505995
   10.86662264
   11.44949704
   11.85647388
   11.89376093
   12.07245568
   12.55340633
   12.58459219
   12.77659013
   13.54431799
   13.71519098
   14.14592272
   14.28768566
   15.32546938
   15.55846233
   15.81731866
   16.21779296
   16.57610573
   17.74395792
 
 Fillings
     2.00000
     2.00000
     2.00000
     2.00000
     2.00000
     2.00000
     2.00000
     2.00000
     2.00000
     2.00000
     2.00000
     2.00000
     2.00000
     2.00000
     2.00000
     2.00000
     2.00000
     2.00000
     2.00000
     2.00000
     2.00000
     2.00000
     2.00000
     2.00000
     2.00000
     2.00000
     2.00000
     2.00000
     2.00000
     2.00000
     2.00000
     2.00000
     2.00000
     2.00000
     2.00000
     2.00000
     2.00000
     2.00000
     2.00000
     2.00000
     2.00000
     2.00000
     2.00000
     2.00000
     2.00000
     2.00000
     2.00000
     2.00000
     2.00000
     2.00000
     2.00000
     2.00000
     2.00000
     2.00000
     2.00000
     2.00000
     2.00000
     2.00000
     2.00000
     2.00000
     2.00000
     2.00000
     2.00000
     2.00000
     2.00000
     2.00000
     2.00000
     2.00000
     2.00000
     2.00000
     2.00000
     2.00000
     0.00000
     0.00000
     0.00000
     0.00000
     0.00000
     0.00000
     0.00000
     0.00000
     0.00000
     0.00000
     0.00000
     0.00000
     0.00000
     0.00000
     0.00000
     0.00000
     0.00000
     0.00000
     0.00000
     0.00000
     0.00000
     0.00000
     0.00000
     0.00000
     0.00000
     0.00000
     0.00000
     0.00000
     0.00000
     0.00000
     0.00000
     0.00000
     0.00000
     0.00000
     0.00000
     0.00000
     0.00000
     0.00000
     0.00000
     0.00000
     0.00000
     0.00000
     0.00000
     0.00000
     0.00000
     0.00000
     0.00000
     0.00000
     0.00000
     0.00000
     0.00000
     0.00000
     0.00000
     0.00000
     0.00000
     0.00000
     0.00000
     0.00000
     0.00000
     0.00000
     0.00000
     0.00000
     0.00000
     0.00000
     0.00000
     0.00000
     0.00000
     0.00000
     0.00000
     0.00000
     0.00000
     0.00000
     0.00000
     0.00000
     0.00000
     0.00000
     0.00000
     0.00000
     0.00000
     0.00000
     0.00000
 
 Fermi energy:                      -0.2294148722 H           -6.2427 eV
 Band energy:                      -72.5771850129 H        -1974.9257 eV
 TS:                                 0.0000000000 H            0.0000 eV
 Band free energy (E-TS):          -72.5771850129 H        -1974.9257 eV
 Extrapolated E(0K):               -72.5771850129 H        -1974.9257 eV
 
 Energy H0:                        -72.5771850129 H        -1974.9257 eV
 Total Electronic energy:          -72.5771850129 H        -1974.9257 eV
 Repulsive energy:                   2.3242625632 H           63.2464 eV
 Total energy:                     -70.2529224498 H        -1911.6793 eV
 Total Mermin free energy:         -70.2529224498 H        -1911.6793 eV
 
 Non-SCC calculation
 
 Full geometry written in geo_end.{xyz|gen}
 
 Total Forces
  5.293571117506604E-013  1.233361153450524E-003 -9.260143944129703E-003
  8.752671492737854E-016 -2.841855849960974E-007 -8.287121874229298E-003
  7.213318015643090E-015 -3.290596791659058E-003 -3.258266859422133E-002
  7.632159408210184E-014 -1.253570818308569E-003  1.890928787494547E-002
 -1.501497422049132E-014 -3.820133406312269E-003 -7.679658055421160E-003
  6.633491908400469E-013  4.394175014047780E-003 -1.827553554177305E-002
  7.836724741820838E-014  1.253956946704826E-003  1.890999654276805E-002
 -7.927504894327639E-016  3.730366176471245E-008 -1.435130173335814E-003
  6.537704623263420E-013 -4.391489029124999E-003 -1.826728472370042E-002
  5.280065651501085E-013 -1.236748904155944E-003 -9.314981679683212E-003
 -1.497888991155683E-014  3.820356242718031E-003 -7.679838260310927E-003
  3.507883070223828E-015  3.286182133000335E-003 -3.261607101459391E-002
 -1.493365525776511E-011  4.764591617387694E-003  7.500416546892125E-004
  1.993401632418937E-013  2.144612096830054E-002  2.053748442297001E-002
  1.377471697605347E-011  1.683237114522775E-002 -1.239397171646069E-002
  3.336816296905555E-013 -4.982020163453362E-004  5.379733429580855E-003
  2.223682439562485E-013 -4.528362948877279E-002  1.369148940419507E-002
 -1.484339334659277E-011 -4.765632979345623E-003  7.546293839268414E-004
  3.348564000138932E-013  5.019001704874224E-004  5.382561568217911E-003
 -7.011690676721671E-013 -4.093278095494474E-007  8.931400888184671E-005
 -8.636372437566255E-013 -1.570777573283191E-002  3.151732351167150E-002
 -8.678992182897517E-013  1.591231356483258E-002  3.135744417877860E-002
  1.933241867459217E-013 -2.138065380127592E-002  2.042806083444640E-002
  1.624078874624050E-014 -1.927098080753512E-004  6.002017228895318E-003
  1.369725080921262E-011 -1.687107643808708E-002 -1.228890948494457E-002
  7.096128583319232E-013  3.249874248826557E-006 -1.731370955436388E-002
  2.183272426896293E-013  4.524429659362138E-002  1.368564057320087E-002
 
 Total stress tensor
     -0.000033004268      0.000000000000      0.000000000000
      0.000000000000     -0.000060959636     -0.000000004374
      0.000000000000     -0.000000004372      0.000042681026
 
 Total lattice derivs
      0.046388424282      0.000000000000     -0.000000000001
      0.000000000000      0.021420119867      0.000001536925
      0.000000000000      0.000000967523     -0.009444440020
 
 Maximal derivative component:       0.452836E-01 au
 Max force for moved atoms::         0.452836E-01 au
 
 Volume:                             0.104539E+05 au^3
 Pressure:                          -0.170943E-04 au    -0.502931E+09 Pa
 
 Geometry converged
 
