 KPT            1  SPIN            1  KWEIGHT    1.00000000000000     
   -24.79932     2.00000
   -24.75687     2.00000
   -24.70086     2.00000
   -24.62023     2.00000
   -24.57604     2.00000
   -24.46135     2.00000
   -24.43918     2.00000
   -24.37026     2.00000
   -24.31837     2.00000
   -24.29473     2.00000
   -24.27230     2.00000
   -24.26805     2.00000
   -24.25472     2.00000
   -24.23522     2.00000
   -24.19590     2.00000
   -24.16355     2.00000
   -24.16126     2.00000
   -24.11613     2.00000
   -11.74979     2.00000
   -11.70132     2.00000
   -11.68543     2.00000
   -11.45527     2.00000
   -11.42547     2.00000
   -11.39043     2.00000
   -11.34756     2.00000
   -11.22304     2.00000
   -11.16694     2.00000
   -11.09192     2.00000
   -11.01558     2.00000
   -10.99497     2.00000
   -10.98417     2.00000
   -10.91330     2.00000
   -10.86522     2.00000
   -10.81160     2.00000
   -10.74015     2.00000
   -10.63633     2.00000
   -10.57955     2.00000
   -10.49602     2.00000
   -10.43553     2.00000
   -10.39113     2.00000
   -10.36812     2.00000
   -10.34892     2.00000
   -10.26870     2.00000
   -10.25371     2.00000
   -10.21558     2.00000
   -10.17718     2.00000
   -10.07055     2.00000
   -10.04494     2.00000
   -10.01413     2.00000
    -9.93200     2.00000
    -9.88787     2.00000
    -9.80054     2.00000
    -9.73490     2.00000
    -9.63232     2.00000
    -9.60967     2.00000
    -9.55144     2.00000
    -9.53310     2.00000
    -9.47534     2.00000
    -9.41120     2.00000
    -9.32102     2.00000
    -9.30794     2.00000
    -9.28639     2.00000
    -9.22188     2.00000
    -9.09899     2.00000
    -9.08127     2.00000
    -9.06495     2.00000
    -9.02651     2.00000
    -8.96296     2.00000
    -8.93992     2.00000
    -8.86255     2.00000
    -8.85678     2.00000
    -8.80302     2.00000
    -4.35768     0.00000
    -4.22802     0.00000
    -4.08244     0.00000
    -4.07126     0.00000
    -4.02009     0.00000
    -3.97805     0.00000
    -3.92713     0.00000
    -3.90272     0.00000
    -3.84534     0.00000
    -3.83564     0.00000
    -3.81213     0.00000
    -3.78160     0.00000
    -3.75878     0.00000
    -3.66494     0.00000
    -3.55215     0.00000
    -3.48887     0.00000
    -3.44084     0.00000
    -3.41671     0.00000
    -3.39320     0.00000
    -3.30990     0.00000
    -3.23685     0.00000
    -3.19747     0.00000
    -3.09625     0.00000
    -3.09299     0.00000
    -3.02861     0.00000
    -3.01602     0.00000
    -2.90713     0.00000
    -2.82906     0.00000
    -2.71137     0.00000
    -2.67105     0.00000
    -2.63457     0.00000
    -2.56773     0.00000
    -2.50300     0.00000
    -2.22316     0.00000
    -2.04463     0.00000
    -1.74957     0.00000
    -1.60714     0.00000
    -1.39202     0.00000
    -0.26950     0.00000
    -0.00461     0.00000
     0.16163     0.00000
     0.19420     0.00000
     0.34418     0.00000
     0.44287     0.00000
     0.76584     0.00000
     2.18014     0.00000
     3.50448     0.00000
     3.91142     0.00000
     4.38323     0.00000
     4.66942     0.00000
     5.15812     0.00000
     6.34089     0.00000
     7.43230     0.00000
     8.09464     0.00000
     8.85185     0.00000
     8.95257     0.00000
     9.65218     0.00000
     9.93836     0.00000
    10.16862     0.00000
    10.57889     0.00000
    10.60367     0.00000
    10.76119     0.00000
    10.94597     0.00000
    11.13482     0.00000
    11.18504     0.00000
    11.28600     0.00000
    11.56178     0.00000
    11.79473     0.00000
    12.28410     0.00000
    12.30560     0.00000
    12.59440     0.00000
    12.76180     0.00000
    13.22836     0.00000
    13.54477     0.00000
    13.72430     0.00000
    14.06776     0.00000
    14.78177     0.00000
    15.19368     0.00000
    15.58969     0.00000
    16.72157     0.00000
    17.13391     0.00000
 
