 Fermi distribution function
 
 Coordinates of moved atoms (au):
    1      0.00000000      3.71886736     12.01815780
    2      0.00000000      0.00000000     11.33835593
    3      3.71886736      3.71886736     12.69795967
    4      0.00000000     11.15660209     12.01815780
    5      0.00000000      7.43773472     11.33835593
    6      3.71886736     11.15660209     12.69795967
    7      0.00000000     18.59433681     12.01815780
    8      0.00000000     14.87546945     11.33835593
    9      3.71886736     18.59433681     12.69795967
   10      0.00000000     26.03207153     12.01815780
   11      0.00000000     22.31320417     11.33835593
   12      3.71886736     26.03207153     12.69795967
   13      3.66520437      0.44563730     17.70839979
   14      3.72968988     20.01633525     19.43322854
   15      3.72030393     18.26350756     16.42872935
   16      7.43608317     14.08082609     17.39367624
   17      3.70810225     26.91380117     16.38410867
   18      7.42336114     26.52101078     15.75063812
   19      7.43439507     11.11659607     15.72424718
   20      7.43749249     17.65437428     15.83250784
   21      3.71769034     14.73162041     17.84931307
   22      3.72870440     25.18461482     19.36831961
   23      7.42357767      3.64842062     15.73934889
   24      0.04150524     22.68610993     22.57975947
   25      3.70179533      3.65896206     16.34691133
   26      3.76343709     22.59111485     21.66916673
   27      3.69712495      6.49254911     18.30449108
 
 COMPONENT = q
  
 Eigenvalues /H
   -0.91135827
   -0.90979825
   -0.90773983
   -0.90477687
   -0.90315297
   -0.89893819
   -0.89812350
   -0.89559065
   -0.89368384
   -0.89281480
   -0.89199049
   -0.89183450
   -0.89134442
   -0.89062801
   -0.88918282
   -0.88799421
   -0.88790987
   -0.88625146
   -0.43179698
   -0.43001560
   -0.42943167
   -0.42097355
   -0.41987842
   -0.41859058
   -0.41701505
   -0.41243931
   -0.41037756
   -0.40762048
   -0.40481525
   -0.40405754
   -0.40366101
   -0.40105655
   -0.39928938
   -0.39731883
   -0.39469314
   -0.39087786
   -0.38879143
   -0.38572183
   -0.38349855
   -0.38186703
   -0.38102137
   -0.38031578
   -0.37736761
   -0.37681675
   -0.37541567
   -0.37400446
   -0.37008586
   -0.36914465
   -0.36801246
   -0.36499424
   -0.36337265
   -0.36016328
   -0.35775086
   -0.35398126
   -0.35314887
   -0.35100915
   -0.35033512
   -0.34821244
   -0.34585507
   -0.34254102
   -0.34206062
   -0.34126842
   -0.33889787
   -0.33438169
   -0.33373061
   -0.33313072
   -0.33171832
   -0.32938265
   -0.32853607
   -0.32569263
   -0.32548065
   -0.32350500
   -0.16014162
   -0.15537682
   -0.15002695
   -0.14961596
   -0.14773560
   -0.14619056
   -0.14431954
   -0.14342228
   -0.14131349
   -0.14095705
   -0.14009335
   -0.13897115
   -0.13813266
   -0.13468406
   -0.13053916
   -0.12821378
   -0.12644837
   -0.12556191
   -0.12469783
   -0.12163655
   -0.11895221
   -0.11750475
   -0.11378503
   -0.11366531
   -0.11129945
   -0.11083662
   -0.10683496
   -0.10396612
   -0.09964111
   -0.09815912
   -0.09681861
   -0.09436239
   -0.09198343
   -0.08169968
   -0.07513871
   -0.06429553
   -0.05906134
   -0.05115594
   -0.00990405
   -0.00016941
    0.00593991
    0.00713684
    0.01264824
    0.01627511
    0.02814403
    0.08011850
    0.12878738
    0.14374215
    0.16108087
    0.17159814
    0.18955747
    0.23302355
    0.27313199
    0.29747243
    0.32529942
    0.32900073
    0.35471121
    0.36522815
    0.37368983
    0.38876716
    0.38967779
    0.39546643
    0.40225712
    0.40919705
    0.41104284
    0.41475303
    0.42488767
    0.43344828
    0.45143237
    0.45222265
    0.46283586
    0.46898743
    0.48613320
    0.49776133
    0.50435893
    0.51698064
    0.54322002
    0.55835744
    0.57291064
    0.61450642
    0.62965960
 
 Eigenvalues /eV
  -24.79932037
  -24.75687007
  -24.70085762
  -24.62023123
  -24.57604275
  -24.46135269
  -24.43918385
  -24.37026152
  -24.31837458
  -24.29472673
  -24.27229632
  -24.26805138
  -24.25471563
  -24.23522114
  -24.19589563
  -24.16355181
  -24.16125692
  -24.11612917
  -11.74979371
  -11.70131970
  -11.68543034
  -11.45527313
  -11.42547310
  -11.39042917
  -11.34755690
  -11.22304469
  -11.16694168
  -11.09191752
  -11.01558336
  -10.99496517
  -10.98417491
  -10.91330403
  -10.86521675
  -10.81159547
  -10.74014689
  -10.63632771
  -10.57955321
  -10.49602494
  -10.43552637
  -10.39113052
  -10.36811904
  -10.34891899
  -10.26869519
  -10.25370550
  -10.21558025
  -10.17717928
  -10.07054861
  -10.04493699
  -10.01412863
   -9.93199866
   -9.88787279
   -9.80054140
   -9.73489629
   -9.63232007
   -9.60966979
   -9.55144495
   -9.53310370
   -9.47534248
   -9.41119539
   -9.32101529
   -9.30794294
   -9.28638632
   -9.22188037
   -9.09898864
   -9.08127195
   -9.06494821
   -9.02651475
   -8.96295801
   -8.93992130
   -8.86254752
   -8.85677916
   -8.80301883
   -4.35767517
   -4.22801844
   -4.08244109
   -4.07125740
   -4.02009033
   -3.97804745
   -3.92713437
   -3.90271869
   -3.84533568
   -3.83563654
   -3.81213413
   -3.78159727
   -3.75878097
   -3.66493969
   -3.55215119
   -3.48887452
   -3.44083528
   -3.41671342
   -3.39320056
   -3.30989882
   -3.23685428
   -3.19746692
   -3.09624816
   -3.09299041
   -3.02861222
   -3.01601785
   -2.90712716
   -2.82906196
   -2.71137259
   -2.67104549
   -2.63456840
   -2.56773124
   -2.50299640
   -2.22316131
   -2.04462844
   -1.74957044
   -1.60714070
   -1.39202407
   -0.26950284
   -0.00460987
    0.16163317
    0.19420325
    0.34417617
    0.44286815
    0.76583802
    2.18013524
    3.50448280
    3.91142299
    4.38323359
    4.66942288
    5.15812133
    6.34089334
    7.43229949
    8.09463667
    8.85184747
    8.95256544
    9.65218301
    9.93836358
   10.16861752
   10.57889277
   10.60367221
   10.76118916
   10.94597321
   11.13481814
   11.18504464
   11.28600415
   11.56178187
   11.79472786
   12.28409987
   12.30560439
   12.59440450
   12.76179727
   13.22835730
   13.54477491
   13.72430465
   14.06775893
   14.78176892
   15.19367901
   15.58969175
   16.72157057
   17.13390959
 
 Fillings
     2.00000
     2.00000
     2.00000
     2.00000
     2.00000
     2.00000
     2.00000
     2.00000
     2.00000
     2.00000
     2.00000
     2.00000
     2.00000
     2.00000
     2.00000
     2.00000
     2.00000
     2.00000
     2.00000
     2.00000
     2.00000
     2.00000
     2.00000
     2.00000
     2.00000
     2.00000
     2.00000
     2.00000
     2.00000
     2.00000
     2.00000
     2.00000
     2.00000
     2.00000
     2.00000
     2.00000
     2.00000
     2.00000
     2.00000
     2.00000
     2.00000
     2.00000
     2.00000
     2.00000
     2.00000
     2.00000
     2.00000
     2.00000
     2.00000
     2.00000
     2.00000
     2.00000
     2.00000
     2.00000
     2.00000
     2.00000
     2.00000
     2.00000
     2.00000
     2.00000
     2.00000
     2.00000
     2.00000
     2.00000
     2.00000
     2.00000
     2.00000
     2.00000
     2.00000
     2.00000
     2.00000
     2.00000
     0.00000
     0.00000
     0.00000
     0.00000
     0.00000
     0.00000
     0.00000
     0.00000
     0.00000
     0.00000
     0.00000
     0.00000
     0.00000
     0.00000
     0.00000
     0.00000
     0.00000
     0.00000
     0.00000
     0.00000
     0.00000
     0.00000
     0.00000
     0.00000
     0.00000
     0.00000
     0.00000
     0.00000
     0.00000
     0.00000
     0.00000
     0.00000
     0.00000
     0.00000
     0.00000
     0.00000
     0.00000
     0.00000
     0.00000
     0.00000
     0.00000
     0.00000
     0.00000
     0.00000
     0.00000
     0.00000
     0.00000
     0.00000
     0.00000
     0.00000
     0.00000
     0.00000
     0.00000
     0.00000
     0.00000
     0.00000
     0.00000
     0.00000
     0.00000
     0.00000
     0.00000
     0.00000
     0.00000
     0.00000
     0.00000
     0.00000
     0.00000
     0.00000
     0.00000
     0.00000
     0.00000
     0.00000
     0.00000
     0.00000
     0.00000
     0.00000
     0.00000
     0.00000
     0.00000
     0.00000
     0.00000
 
 Fermi energy:                      -0.2384129515 H           -6.4875 eV
 Band energy:                      -72.6364687530 H        -1976.5389 eV
 TS:                                 0.0000000000 H            0.0000 eV
 Band free energy (E-TS):          -72.6364687530 H        -1976.5389 eV
 Extrapolated E(0K):               -72.6364687530 H        -1976.5389 eV
 
 Energy H0:                        -72.6364687530 H        -1976.5389 eV
 Total Electronic energy:          -72.6364687530 H        -1976.5389 eV
 Repulsive energy:                   2.3496376561 H           63.9369 eV
 Total energy:                     -70.2868310969 H        -1912.6020 eV
 Total Mermin free energy:         -70.2868310969 H        -1912.6020 eV
 
 Non-SCC calculation
 
 Full geometry written in geo_end.{xyz|gen}
 
 Total Forces
 -1.016575903754762E-004 -1.937014892380668E-004  1.742503918644916E-002
  7.753344112773173E-006  1.695927409464246E-003 -8.021978711471880E-003
 -8.388605770030463E-004  2.629848157642336E-003 -1.002593457500348E-002
  1.378125668589061E-005 -2.786919551884840E-003  3.043534738692628E-002
 -1.112023098744519E-006 -1.362785961328476E-003 -4.863328061762907E-003
 -1.428561213718349E-004  2.803223676558096E-004 -3.198883475133838E-002
 -2.857023976852165E-006 -8.008578850755579E-003  1.849019994698003E-002
  1.193059628374458E-006 -2.608618713159208E-003 -8.221299942157385E-003
  1.001389883118919E-005  8.472807613908399E-003 -1.022892184816451E-002
 -1.134890647691642E-004  1.022810076847703E-003  2.048098538750628E-002
 -1.245340256891964E-006 -8.483126406994730E-004 -6.393821064342026E-004
 -7.507737709679770E-004  1.656988311542994E-003 -5.376479270044879E-003
  1.135548876194203E-003  7.101526507454540E-003  1.241052748247817E-003
  3.202006064506732E-004 -7.116654366407293E-003 -1.171229222676635E-002
  1.136032716314496E-005 -2.903957208693330E-002  1.828497099732481E-002
 -3.432882113837003E-004  2.305621363939302E-002 -1.085990656580466E-003
 -1.830230446108823E-003 -9.554849174352956E-003 -1.169898384297194E-003
  2.565971370033960E-003  8.066685431310852E-004 -1.756826636363271E-003
  1.505458827295454E-004 -4.072293827739215E-003 -2.635763406314880E-003
  5.587052477294340E-004  1.566361635814098E-003  4.101536490140482E-003
 -1.650615092728186E-004  9.983997354012404E-003 -5.457215743337594E-003
  3.489674088083700E-004 -1.120937895368155E-002  9.913465576055391E-003
 -1.337523539989320E-003  1.776381193619079E-003 -1.719879006728542E-003
 -2.203458623482662E-004 -2.427407887421733E-003 -2.492044192611020E-003
  1.422428940881007E-003  1.344458517533698E-002  1.681490260950838E-004
 -8.304497429471353E-004  1.927245614694564E-002 -6.922538870115791E-003
  1.332806046215176E-004 -1.353782062916670E-002 -6.222138356233045E-003
 
 Total stress tensor
     -0.000059050572      0.000000148647      0.000000326973
      0.000000148477     -0.000071947390      0.000005985901
      0.000000327107      0.000005984000     -0.000012629160
 
 Total lattice derivs
      0.082997235651     -0.000208927176     -0.000459570171
     -0.000052172259      0.025281018966     -0.002103338017
     -0.000072382117     -0.001324137128      0.002794575446
 
 Maximal derivative component:       0.319888E-01 au
 Max force for moved atoms::         0.319888E-01 au
 
 Volume:                             0.104539E+05 au^3
 Pressure:                          -0.478757E-04 au    -0.140855E+10 Pa
 
 Geometry converged
 
