 KPT            1  SPIN            1  KWEIGHT    1.00000000000000     
   -24.80697     2.00000
   -24.74376     2.00000
   -24.71690     2.00000
   -24.64246     2.00000
   -24.51497     2.00000
   -24.45020     2.00000
   -24.40963     2.00000
   -24.34642     2.00000
   -24.30156     2.00000
   -24.27808     2.00000
   -24.26926     2.00000
   -24.26562     2.00000
   -24.25850     2.00000
   -24.22991     2.00000
   -24.18261     2.00000
   -24.17420     2.00000
   -24.15801     2.00000
   -24.12418     2.00000
   -11.76868     2.00000
   -11.71263     2.00000
   -11.69508     2.00000
   -11.66457     2.00000
   -11.33165     2.00000
   -11.22439     2.00000
   -11.16812     2.00000
   -11.11543     2.00000
   -11.06790     2.00000
   -11.04304     2.00000
   -10.99267     2.00000
   -10.98057     2.00000
   -10.95779     2.00000
   -10.93007     2.00000
   -10.90493     2.00000
   -10.75118     2.00000
   -10.64734     2.00000
   -10.63853     2.00000
   -10.48624     2.00000
   -10.46078     2.00000
   -10.41441     2.00000
   -10.38117     2.00000
   -10.34096     2.00000
   -10.31120     2.00000
   -10.24075     2.00000
   -10.22283     2.00000
   -10.18227     2.00000
   -10.15013     2.00000
   -10.13869     2.00000
   -10.08278     2.00000
   -10.02616     2.00000
    -9.94203     2.00000
    -9.84114     2.00000
    -9.77923     2.00000
    -9.69725     2.00000
    -9.65553     2.00000
    -9.62963     2.00000
    -9.58013     2.00000
    -9.53700     2.00000
    -9.51498     2.00000
    -9.45716     2.00000
    -9.43507     2.00000
    -9.36495     2.00000
    -9.33936     2.00000
    -9.22836     2.00000
    -9.18159     2.00000
    -9.10339     2.00000
    -9.05592     2.00000
    -9.01967     2.00000
    -8.94558     2.00000
    -8.90128     2.00000
    -8.88840     2.00000
    -8.84840     2.00000
    -8.78418     2.00000
    -4.28844     0.00000
    -4.11706     0.00000
    -4.08789     0.00000
    -4.08080     0.00000
    -3.97862     0.00000
    -3.97149     0.00000
    -3.96077     0.00000
    -3.88882     0.00000
    -3.88403     0.00000
    -3.87701     0.00000
    -3.78820     0.00000
    -3.65021     0.00000
    -3.63256     0.00000
    -3.59575     0.00000
    -3.53824     0.00000
    -3.51086     0.00000
    -3.47816     0.00000
    -3.45501     0.00000
    -3.44277     0.00000
    -3.39552     0.00000
    -3.34765     0.00000
    -3.26682     0.00000
    -3.20444     0.00000
    -3.16391     0.00000
    -3.07986     0.00000
    -2.99030     0.00000
    -2.89702     0.00000
    -2.86102     0.00000
    -2.77625     0.00000
    -2.71695     0.00000
    -2.67850     0.00000
    -2.54982     0.00000
    -2.53378     0.00000
    -2.34073     0.00000
    -2.16680     0.00000
    -2.03571     0.00000
    -1.93066     0.00000
    -0.29385     0.00000
     0.03061     0.00000
     0.11661     0.00000
     0.20043     0.00000
     0.26454     0.00000
     0.34528     0.00000
     0.46695     0.00000
     0.65113     0.00000
     0.83950     0.00000
     3.01785     0.00000
     4.05991     0.00000
     4.48620     0.00000
     4.53326     0.00000
     5.05858     0.00000
     7.54352     0.00000
     7.59650     0.00000
     7.92381     0.00000
     8.19388     0.00000
     8.35514     0.00000
     9.38135     0.00000
     9.40398     0.00000
     9.59754     0.00000
     9.97529     0.00000
    10.13302     0.00000
    10.25315     0.00000
    10.34757     0.00000
    10.64758     0.00000
    10.73254     0.00000
    10.82075     0.00000
    11.50974     0.00000
    12.13552     0.00000
    12.48222     0.00000
    12.53457     0.00000
    13.07635     0.00000
    13.30975     0.00000
    13.45086     0.00000
    13.85656     0.00000
    13.96866     0.00000
    14.19046     0.00000
    14.47744     0.00000
    14.82114     0.00000
    14.96133     0.00000
    15.36568     0.00000
    16.31338     0.00000
 
