 Fermi distribution function
 
 Coordinates of moved atoms (au):
    1      0.00000000      3.71886736     12.01815780
    2      0.00000000      0.00000000     11.33835593
    3      3.71886736      3.71886736     12.69795967
    4      0.00000000     11.15660209     12.01815780
    5      0.00000000      7.43773472     11.33835593
    6      3.71886736     11.15660209     12.69795967
    7      0.00000000     18.59433681     12.01815780
    8      0.00000000     14.87546945     11.33835593
    9      3.71886736     18.59433681     12.69795967
   10      0.00000000     26.03207153     12.01815780
   11      0.00000000     22.31320417     11.33835593
   12      3.71886736     26.03207153     12.69795967
   13      7.40710385     19.29975554     15.70935118
   14      7.41540928     10.58269202     15.73492066
   15      7.43586228      3.55817090     15.77634916
   16      3.71866668      6.79220954     17.57377739
   17      7.25466231     16.02698227     20.00845885
   18      3.70457226      0.00173786     17.53652216
   19      3.71060277     26.32928103     16.30001535
   20      3.66163915     17.18182167     19.14988335
   21      7.26646735     15.40355904     23.30359010
   22      3.67464778     22.95561215     17.56457633
   23      3.68475027     19.56217705     16.34476619
   24      3.69895802     10.15265728     16.32729158
   25      3.61903605     12.24755040     19.08427774
   26      3.71660389      3.41147643     16.29702100
   27      7.43179914     26.27336541     15.77041574
 
 COMPONENT = q
  
 Eigenvalues /H
   -0.91163949
   -0.90931655
   -0.90832927
   -0.90559388
   -0.90090865
   -0.89852828
   -0.89703731
   -0.89471451
   -0.89306593
   -0.89220314
   -0.89187907
   -0.89174521
   -0.89148360
   -0.89043291
   -0.88869448
   -0.88838568
   -0.88779049
   -0.88654724
   -0.43249107
   -0.43043136
   -0.42978630
   -0.42866495
   -0.41643047
   -0.41248890
   -0.41042072
   -0.40848446
   -0.40673771
   -0.40582427
   -0.40397319
   -0.40352841
   -0.40269140
   -0.40167275
   -0.40074882
   -0.39509875
   -0.39128268
   -0.39095870
   -0.38536239
   -0.38442673
   -0.38272238
   -0.38150110
   -0.38002331
   -0.37892947
   -0.37634066
   -0.37568223
   -0.37419156
   -0.37301030
   -0.37259008
   -0.37053522
   -0.36845473
   -0.36536295
   -0.36165521
   -0.35938008
   -0.35636748
   -0.35483434
   -0.35388251
   -0.35206348
   -0.35047832
   -0.34966899
   -0.34754435
   -0.34673243
   -0.34415575
   -0.34321506
   -0.33913595
   -0.33741707
   -0.33454356
   -0.33279882
   -0.33146686
   -0.32874412
   -0.32711614
   -0.32664269
   -0.32517284
   -0.32281268
   -0.15759712
   -0.15129900
   -0.15022709
   -0.14996669
   -0.14621158
   -0.14594948
   -0.14555545
   -0.14291167
   -0.14273542
   -0.14247768
   -0.13921376
   -0.13414274
   -0.13349402
   -0.13214139
   -0.13002803
   -0.12902161
   -0.12781997
   -0.12696939
   -0.12651930
   -0.12478320
   -0.12302403
   -0.12005348
   -0.11776105
   -0.11627145
   -0.11318285
   -0.10989149
   -0.10646360
   -0.10514054
   -0.10202534
   -0.09984598
   -0.09843289
   -0.09370430
   -0.09311462
   -0.08602007
   -0.07962841
   -0.07481081
   -0.07095032
   -0.01079882
    0.00112483
    0.00428523
    0.00736558
    0.00972158
    0.01268875
    0.01716021
    0.02392862
    0.03085109
    0.11090383
    0.14919911
    0.16486495
    0.16659433
    0.18589937
    0.27721925
    0.27916626
    0.29119461
    0.30111962
    0.30704563
    0.34475830
    0.34558993
    0.35270308
    0.36658535
    0.37238166
    0.37679628
    0.38026622
    0.39129149
    0.39441374
    0.39765512
    0.42297515
    0.44597203
    0.45871327
    0.46063696
    0.48054691
    0.48912433
    0.49431002
    0.50921927
    0.51333865
    0.52148995
    0.53203618
    0.54466687
    0.54981889
    0.56467825
    0.59950553
 
 Eigenvalues /eV
  -24.80697264
  -24.74376220
  -24.71689698
  -24.64246338
  -24.51497166
  -24.45019862
  -24.40962719
  -24.34642042
  -24.30156052
  -24.27808261
  -24.26926433
  -24.26562189
  -24.25850302
  -24.22991240
  -24.18260726
  -24.17420423
  -24.15800846
  -24.12417774
  -11.76868075
  -11.71263329
  -11.69508039
  -11.66456689
  -11.33164956
  -11.22439416
  -11.16811605
  -11.11542781
  -11.06789627
  -11.04304015
  -10.99266983
  -10.98056685
  -10.95779051
  -10.93007173
  -10.90493032
  -10.75118406
  -10.64734343
  -10.63852757
  -10.48624413
  -10.46078363
  -10.41440588
  -10.38117306
  -10.34096047
  -10.31119545
  -10.24075048
  -10.22283360
  -10.18227047
  -10.15012673
  -10.13869204
  -10.08277640
  -10.02616334
   -9.94203172
   -9.84113908
   -9.77922949
   -9.69725239
   -9.65553377
   -9.62963294
   -9.58013472
   -9.53700034
   -9.51497733
   -9.45716296
   -9.43506942
   -9.36495443
   -9.33935701
   -9.22835869
   -9.18158575
   -9.10339350
   -9.05591674
   -9.01967217
   -8.94558266
   -8.90128312
   -8.88839974
   -8.84840329
   -8.78417997
   -4.28843584
   -4.11705536
   -4.08788705
   -4.08080126
   -3.97861953
   -3.97148755
   -3.96076519
   -3.88882434
   -3.88402842
   -3.87701488
   -3.78819905
   -3.65020964
   -3.63255723
   -3.59575008
   -3.53824280
   -3.51085670
   -3.47815834
   -3.45501276
   -3.44276543
   -3.39552353
   -3.34765407
   -3.26682131
   -3.20444118
   -3.16390711
   -3.07986198
   -2.99029968
   -2.89702188
   -2.86101960
   -2.77625082
   -2.71694727
   -2.67849525
   -2.54982369
   -2.53377771
   -2.34072523
   -2.16679936
   -2.03570582
   -1.93065652
   -0.29385073
    0.03060816
    0.11660716
    0.20042757
    0.26453769
    0.34527840
    0.46695319
    0.65113081
    0.83950076
    3.01784666
    4.05991448
    4.48620342
    4.53326226
    5.05857930
    7.54351959
    7.59650032
    7.92380846
    8.19388165
    8.35513680
    9.38135068
    9.40398045
    9.59753916
    9.97529482
   10.13302044
   10.25314832
   10.34757031
   10.64758326
   10.73254381
   10.82074627
   11.50973939
   12.13551639
   12.48222328
   12.53456953
   13.07634686
   13.30975009
   13.45085994
   13.85656136
   13.96865534
   14.19046363
   14.47744103
   14.82113963
   14.96133316
   15.36567710
   16.31337541
 
 Fillings
     2.00000
     2.00000
     2.00000
     2.00000
     2.00000
     2.00000
     2.00000
     2.00000
     2.00000
     2.00000
     2.00000
     2.00000
     2.00000
     2.00000
     2.00000
     2.00000
     2.00000
     2.00000
     2.00000
     2.00000
     2.00000
     2.00000
     2.00000
     2.00000
     2.00000
     2.00000
     2.00000
     2.00000
     2.00000
     2.00000
     2.00000
     2.00000
     2.00000
     2.00000
     2.00000
     2.00000
     2.00000
     2.00000
     2.00000
     2.00000
     2.00000
     2.00000
     2.00000
     2.00000
     2.00000
     2.00000
     2.00000
     2.00000
     2.00000
     2.00000
     2.00000
     2.00000
     2.00000
     2.00000
     2.00000
     2.00000
     2.00000
     2.00000
     2.00000
     2.00000
     2.00000
     2.00000
     2.00000
     2.00000
     2.00000
     2.00000
     2.00000
     2.00000
     2.00000
     2.00000
     2.00000
     2.00000
     0.00000
     0.00000
     0.00000
     0.00000
     0.00000
     0.00000
     0.00000
     0.00000
     0.00000
     0.00000
     0.00000
     0.00000
     0.00000
     0.00000
     0.00000
     0.00000
     0.00000
     0.00000
     0.00000
     0.00000
     0.00000
     0.00000
     0.00000
     0.00000
     0.00000
     0.00000
     0.00000
     0.00000
     0.00000
     0.00000
     0.00000
     0.00000
     0.00000
     0.00000
     0.00000
     0.00000
     0.00000
     0.00000
     0.00000
     0.00000
     0.00000
     0.00000
     0.00000
     0.00000
     0.00000
     0.00000
     0.00000
     0.00000
     0.00000
     0.00000
     0.00000
     0.00000
     0.00000
     0.00000
     0.00000
     0.00000
     0.00000
     0.00000
     0.00000
     0.00000
     0.00000
     0.00000
     0.00000
     0.00000
     0.00000
     0.00000
     0.00000
     0.00000
     0.00000
     0.00000
     0.00000
     0.00000
     0.00000
     0.00000
     0.00000
     0.00000
     0.00000
     0.00000
     0.00000
     0.00000
     0.00000
 
 Fermi energy:                      -0.2517635440 H           -6.8508 eV
 Band energy:                      -72.5899449981 H        -1975.2729 eV
 TS:                                 0.0000000000 H            0.0000 eV
 Band free energy (E-TS):          -72.5899449981 H        -1975.2729 eV
 Extrapolated E(0K):               -72.5899449981 H        -1975.2729 eV
 
 Energy H0:                        -72.5899449981 H        -1975.2729 eV
 Total Electronic energy:          -72.5899449981 H        -1975.2729 eV
 Repulsive energy:                   2.2776788520 H           61.9788 eV
 Total energy:                     -70.3122661461 H        -1913.2941 eV
 Total Mermin free energy:         -70.3122661461 H        -1913.2941 eV
 
 Non-SCC calculation
 
 Full geometry written in geo_end.{xyz|gen}
 
 Total Forces
  6.040391236804464E-004 -8.806259960171103E-006  2.042855446331289E-002
  4.008299022315657E-008  2.557084994446822E-004 -6.916511512635899E-003
 -1.090285879316460E-004 -2.533376458012715E-003 -1.196562830150194E-002
 -2.069323387104399E-004 -8.148148073455815E-004  1.975895955084400E-002
  1.982319367537744E-005 -3.175389321587874E-003 -7.465549394522833E-003
 -1.222429608404127E-003 -8.443320311258412E-005 -1.248117114536693E-002
 -2.641816134739828E-004  8.441259071009961E-004  1.685650077346766E-002
 -1.493552635272625E-005  2.283180030520513E-004 -1.027317480371898E-003
 -1.711197725290640E-003  1.405580379730983E-003 -6.425446386323884E-003
  2.623469292633364E-004  7.252010532572952E-004  1.928035238057947E-002
  2.748879829830690E-005  3.830281863592375E-003 -8.105825982587873E-003
 -3.385968277584559E-004  1.818565752386930E-003 -1.106231116223004E-002
 -3.736990048878097E-004  1.004847013843194E-002 -1.029919601715629E-002
  1.350427217065267E-003 -3.364972704029152E-003 -2.567440102923466E-003
 -1.570770967125479E-004 -4.212735841452597E-003 -7.795713501586587E-004
 -3.077990535065597E-004 -5.075872009965699E-003 -2.559379511817811E-003
 -2.790822446886859E-003  5.153860326675922E-003  7.112915532847375E-003
  3.726239086341125E-004 -9.521519060063524E-004 -5.869732984231907E-003
  4.201220431663728E-004  7.565050664402238E-003 -4.282535060498131E-003
 -4.165305400532397E-003  3.018842104873382E-003 -1.157940281013924E-003
  2.392421606323241E-004 -8.120465836756324E-005  3.091662001010576E-003
  9.818368694288065E-004 -1.041365831256148E-002 -4.224103254465525E-003
  1.967649020208890E-003  8.485649685251135E-003  7.950725934877204E-003
 -1.527217692614454E-003  8.592615989189690E-003  1.884281219210089E-002
  8.650969446570088E-003 -2.126963908345314E-002 -1.334532205776941E-002
 -5.169537416273681E-004 -9.845605794359565E-004 -2.887075423791123E-003
 -1.190432128923572E-003  9.993447779010948E-004  9.957458032758271E-005
 
 Total stress tensor
     -0.000026347109     -0.000002595053      0.000001473563
     -0.000002595072     -0.000091039516     -0.000006280605
      0.000001472804     -0.000006280140     -0.000005605814
 
 Total lattice derivs
      0.037031601557      0.003647419166     -0.002071134010
      0.000911861489      0.031989648487      0.002206891702
     -0.000325901427      0.001389666818      0.001240452176
 
 Maximal derivative component:       0.212696E-01 au
 Max force for moved atoms::         0.212696E-01 au
 
 Volume:                             0.104539E+05 au^3
 Pressure:                          -0.409975E-04 au    -0.120619E+10 Pa
 
 Geometry converged
 
