 KPT            1  SPIN            1  KWEIGHT    1.00000000000000     
   -24.81585     2.00000
   -24.74650     2.00000
   -24.73600     2.00000
   -24.65082     2.00000
   -24.53215     2.00000
   -24.45376     2.00000
   -24.41600     2.00000
   -24.35337     2.00000
   -24.30257     2.00000
   -24.28987     2.00000
   -24.26718     2.00000
   -24.26064     2.00000
   -24.25125     2.00000
   -24.21440     2.00000
   -24.18739     2.00000
   -24.17838     2.00000
   -24.16471     2.00000
   -24.10922     2.00000
   -11.77186     2.00000
   -11.71923     2.00000
   -11.69982     2.00000
   -11.62224     2.00000
   -11.46905     2.00000
   -11.32886     2.00000
   -11.23232     2.00000
   -11.14129     2.00000
   -11.08153     2.00000
   -11.06657     2.00000
   -11.01673     2.00000
   -10.99192     2.00000
   -10.97296     2.00000
   -10.93204     2.00000
   -10.88567     2.00000
   -10.75565     2.00000
   -10.68807     2.00000
   -10.64110     2.00000
   -10.55721     2.00000
   -10.51525     2.00000
   -10.46236     2.00000
   -10.42309     2.00000
   -10.38069     2.00000
   -10.32981     2.00000
   -10.30113     2.00000
   -10.26003     2.00000
   -10.20388     2.00000
   -10.15145     2.00000
   -10.14183     2.00000
   -10.06775     2.00000
   -10.02184     2.00000
    -9.99361     2.00000
    -9.81890     2.00000
    -9.75100     2.00000
    -9.70472     2.00000
    -9.63351     2.00000
    -9.62058     2.00000
    -9.56962     2.00000
    -9.47937     2.00000
    -9.46913     2.00000
    -9.44219     2.00000
    -9.39460     2.00000
    -9.33318     2.00000
    -9.32654     2.00000
    -9.24780     2.00000
    -9.16681     2.00000
    -9.12523     2.00000
    -9.03895     2.00000
    -8.99025     2.00000
    -8.97508     2.00000
    -8.91294     2.00000
    -8.89315     2.00000
    -8.85354     2.00000
    -8.77504     2.00000
    -4.31135     0.00000
    -4.28934     0.00000
    -4.11053     0.00000
    -4.07805     0.00000
    -4.03116     0.00000
    -3.97441     0.00000
    -3.94680     0.00000
    -3.91063     0.00000
    -3.87719     0.00000
    -3.82686     0.00000
    -3.74258     0.00000
    -3.68008     0.00000
    -3.62861     0.00000
    -3.59875     0.00000
    -3.53185     0.00000
    -3.49998     0.00000
    -3.48436     0.00000
    -3.43419     0.00000
    -3.39037     0.00000
    -3.34303     0.00000
    -3.28621     0.00000
    -3.21414     0.00000
    -3.17720     0.00000
    -3.10523     0.00000
    -3.04933     0.00000
    -3.00209     0.00000
    -2.87457     0.00000
    -2.76010     0.00000
    -2.71525     0.00000
    -2.65595     0.00000
    -2.63692     0.00000
    -2.61302     0.00000
    -2.39281     0.00000
    -2.16281     0.00000
    -2.01208     0.00000
    -1.83738     0.00000
    -0.93409     0.00000
    -0.48907     0.00000
    -0.28003     0.00000
     0.17033     0.00000
     0.18251     0.00000
     0.38665     0.00000
     0.56131     0.00000
     0.71386     0.00000
     0.88546     0.00000
     1.90141     0.00000
     4.01549     0.00000
     4.40617     0.00000
     4.53581     0.00000
     5.03206     0.00000
     6.60290     0.00000
     7.01397     0.00000
     7.50562     0.00000
     7.91499     0.00000
     8.65782     0.00000
     8.86993     0.00000
     9.16572     0.00000
     9.22244     0.00000
     9.52115     0.00000
     9.89213     0.00000
    10.12215     0.00000
    10.24331     0.00000
    10.41335     0.00000
    10.69318     0.00000
    10.77669     0.00000
    11.34458     0.00000
    11.57122     0.00000
    12.00052     0.00000
    12.20812     0.00000
    12.43288     0.00000
    13.18251     0.00000
    13.30401     0.00000
    13.60697     0.00000
    13.90440     0.00000
    14.12635     0.00000
    14.36069     0.00000
    14.75112     0.00000
    15.46356     0.00000
    15.74547     0.00000
    16.01708     0.00000
    16.99021     0.00000
 
