 Fermi distribution function
 
 Coordinates of moved atoms (au):
    1      0.00000000      3.71886736     12.01815780
    2      0.00000000      0.00000000     11.33835593
    3      3.71886736      3.71886736     12.69795967
    4      0.00000000     11.15660209     12.01815780
    5      0.00000000      7.43773472     11.33835593
    6      3.71886736     11.15660209     12.69795967
    7      0.00000000     18.59433681     12.01815780
    8      0.00000000     14.87546945     11.33835593
    9      3.71886736     18.59433681     12.69795967
   10      0.00000000     26.03207153     12.01815780
   11      0.00000000     22.31320417     11.33835593
   12      3.71886736     26.03207153     12.69795967
   13      3.72400799     20.37092390     18.51157898
   14      0.00210067     24.31437601     19.28383221
   15      0.05357013     22.10954891     21.92493843
   16      3.73150331     25.32899848     19.36615624
   17      3.73610075      0.87973121     17.26403297
   18      0.00135678      4.35132230     15.74134149
   19      3.71985929      7.74218930     17.64521433
   20      3.73061388     14.44576663     17.59790693
   21      7.43762594     18.11334919     15.70217391
   22      3.72101065      4.37746143     16.25750052
   23      0.00863363     26.11692874     15.89531907
   24      3.71740192     17.77877051     16.26976472
   25      3.72065482     11.09672267     16.30174475
   26      3.72633015     27.34311844     16.25658350
   27      0.00020664     11.11742844     15.77440144
 
 COMPONENT = q
  
 Eigenvalues /H
   -0.91196584
   -0.90941711
   -0.90903147
   -0.90590099
   -0.90154009
   -0.89865915
   -0.89727159
   -0.89497007
   -0.89310290
   -0.89263645
   -0.89180265
   -0.89156202
   -0.89121701
   -0.88986284
   -0.88887033
   -0.88853922
   -0.88803690
   -0.88599751
   -0.43260793
   -0.43067379
   -0.42996047
   -0.42710958
   -0.42147988
   -0.41632798
   -0.41278024
   -0.40943495
   -0.40723892
   -0.40668885
   -0.40485747
   -0.40394580
   -0.40324879
   -0.40174491
   -0.40004103
   -0.39526303
   -0.39277923
   -0.39105339
   -0.38797037
   -0.38642818
   -0.38448478
   -0.38304156
   -0.38148346
   -0.37961337
   -0.37855962
   -0.37704928
   -0.37498585
   -0.37305906
   -0.37270550
   -0.36998314
   -0.36829568
   -0.36725851
   -0.36083780
   -0.35834279
   -0.35664206
   -0.35402495
   -0.35354973
   -0.35167715
   -0.34836057
   -0.34798414
   -0.34699404
   -0.34524530
   -0.34298823
   -0.34274420
   -0.33985031
   -0.33687390
   -0.33534588
   -0.33217524
   -0.33038566
   -0.32982800
   -0.32754451
   -0.32681724
   -0.32536166
   -0.32247678
   -0.15843935
   -0.15763029
   -0.15105923
   -0.14986540
   -0.14814238
   -0.14605679
   -0.14504221
   -0.14371288
   -0.14248412
   -0.14063436
   -0.13753717
   -0.13524042
   -0.13334914
   -0.13225145
   -0.12979313
   -0.12862175
   -0.12804794
   -0.12620404
   -0.12459384
   -0.12285413
   -0.12076616
   -0.11811748
   -0.11675985
   -0.11411521
   -0.11206096
   -0.11032491
   -0.10563854
   -0.10143185
   -0.09978356
   -0.09760453
   -0.09690516
   -0.09602680
   -0.08793401
   -0.07948180
   -0.07394264
   -0.06752247
   -0.03432720
   -0.01797303
   -0.01029083
    0.00625938
    0.00670727
    0.01420900
    0.02062759
    0.02623395
    0.03254009
    0.06987567
    0.14756644
    0.16192389
    0.16668806
    0.18492498
    0.24265223
    0.25775866
    0.27582637
    0.29087056
    0.31816885
    0.32596400
    0.33683394
    0.33891853
    0.34989568
    0.36352901
    0.37198202
    0.37643461
    0.38268369
    0.39296714
    0.39603617
    0.41690548
    0.42523436
    0.44101101
    0.44864017
    0.45689991
    0.48444829
    0.48891355
    0.50004678
    0.51097722
    0.51913393
    0.52774566
    0.54209382
    0.56827535
    0.57863557
    0.58861694
    0.62437874
 
 Eigenvalues /eV
  -24.81585321
  -24.74649852
  -24.73600489
  -24.65082020
  -24.53215414
  -24.45375967
  -24.41600215
  -24.35337461
  -24.30256637
  -24.28987368
  -24.26718478
  -24.26063694
  -24.25124876
  -24.21439977
  -24.18739232
  -24.17838232
  -24.16471361
  -24.10921889
  -11.77186061
  -11.71923020
  -11.69981969
  -11.62224308
  -11.46905118
  -11.32886085
  -11.23232181
  -11.14129180
  -11.08153490
  -11.06656679
  -11.01673231
  -10.99192455
  -10.97295775
  -10.93203531
  -10.88567030
  -10.75565436
  -10.68806653
  -10.64110426
  -10.55721086
  -10.51524573
  -10.46236313
  -10.42309130
  -10.38069319
  -10.32980544
  -10.30113141
  -10.26003298
  -10.20388428
  -10.15145345
  -10.14183256
  -10.06775359
  -10.02183527
   -9.99361241
   -9.81889619
   -9.75100333
   -9.70472415
   -9.63350905
   -9.62057755
   -9.56962207
   -9.47937332
   -9.46913013
   -9.44218819
   -9.39460257
   -9.33318464
   -9.32654427
   -9.24779745
   -9.16680524
   -9.12522559
   -9.03894808
   -8.99025111
   -8.97507653
   -8.91293950
   -8.89314957
   -8.85354121
   -8.77503965
   -4.31135414
   -4.28933834
   -4.11053071
   -4.07804514
   -4.03115921
   -3.97440746
   -3.94679923
   -3.91062631
   -3.87719019
   -3.82685556
   -3.74257677
   -3.68007907
   -3.62861464
   -3.59874506
   -3.53185089
   -3.49997585
   -3.48436167
   -3.43418666
   -3.39037096
   -3.34303085
   -3.28621441
   -3.21414014
   -3.17719704
   -3.10523292
   -3.04933382
   -3.00209342
   -2.87457095
   -2.76010109
   -2.71524884
   -2.65595445
   -2.63692346
   -2.61302208
   -2.39280623
   -2.16280973
   -2.01208171
   -1.83737988
   -0.93409054
   -0.48907094
   -0.28002772
    0.17032632
    0.18251421
    0.38664657
    0.56130521
    0.71386222
    0.88546081
    1.90141386
    4.01548713
    4.40617310
    4.53581279
    5.03206475
    6.60290303
    7.01397000
    7.50561747
    7.91499063
    8.65781501
    8.86993184
    9.16571775
    9.22244249
    9.52114583
    9.89212779
   10.12214574
   10.24330699
   10.41335304
   10.69317983
   10.77669240
   11.34457520
   11.57121575
   12.00052027
   12.20812009
   12.43287913
   13.18250878
   13.30401453
   13.60696527
   13.90439762
   14.12635304
   14.36069005
   14.75112345
   15.46355892
   15.74547497
   16.01708180
   16.99020996
 
 Fillings
     2.00000
     2.00000
     2.00000
     2.00000
     2.00000
     2.00000
     2.00000
     2.00000
     2.00000
     2.00000
     2.00000
     2.00000
     2.00000
     2.00000
     2.00000
     2.00000
     2.00000
     2.00000
     2.00000
     2.00000
     2.00000
     2.00000
     2.00000
     2.00000
     2.00000
     2.00000
     2.00000
     2.00000
     2.00000
     2.00000
     2.00000
     2.00000
     2.00000
     2.00000
     2.00000
     2.00000
     2.00000
     2.00000
     2.00000
     2.00000
     2.00000
     2.00000
     2.00000
     2.00000
     2.00000
     2.00000
     2.00000
     2.00000
     2.00000
     2.00000
     2.00000
     2.00000
     2.00000
     2.00000
     2.00000
     2.00000
     2.00000
     2.00000
     2.00000
     2.00000
     2.00000
     2.00000
     2.00000
     2.00000
     2.00000
     2.00000
     2.00000
     2.00000
     2.00000
     2.00000
     2.00000
     2.00000
     0.00000
     0.00000
     0.00000
     0.00000
     0.00000
     0.00000
     0.00000
     0.00000
     0.00000
     0.00000
     0.00000
     0.00000
     0.00000
     0.00000
     0.00000
     0.00000
     0.00000
     0.00000
     0.00000
     0.00000
     0.00000
     0.00000
     0.00000
     0.00000
     0.00000
     0.00000
     0.00000
     0.00000
     0.00000
     0.00000
     0.00000
     0.00000
     0.00000
     0.00000
     0.00000
     0.00000
     0.00000
     0.00000
     0.00000
     0.00000
     0.00000
     0.00000
     0.00000
     0.00000
     0.00000
     0.00000
     0.00000
     0.00000
     0.00000
     0.00000
     0.00000
     0.00000
     0.00000
     0.00000
     0.00000
     0.00000
     0.00000
     0.00000
     0.00000
     0.00000
     0.00000
     0.00000
     0.00000
     0.00000
     0.00000
     0.00000
     0.00000
     0.00000
     0.00000
     0.00000
     0.00000
     0.00000
     0.00000
     0.00000
     0.00000
     0.00000
     0.00000
     0.00000
     0.00000
     0.00000
     0.00000
 
 Fermi energy:                      -0.2410650882 H           -6.5597 eV
 Band energy:                      -72.6371777279 H        -1976.5582 eV
 TS:                                 0.0000000000 H            0.0000 eV
 Band free energy (E-TS):          -72.6371777279 H        -1976.5582 eV
 Extrapolated E(0K):               -72.6371777279 H        -1976.5582 eV
 
 Energy H0:                        -72.6371777279 H        -1976.5582 eV
 Total Electronic energy:          -72.6371777279 H        -1976.5582 eV
 Repulsive energy:                   2.3263210806 H           63.3024 eV
 Total energy:                     -70.3108566474 H        -1913.2558 eV
 Total Mermin free energy:         -70.3108566474 H        -1913.2558 eV
 
 Non-SCC calculation
 
 Full geometry written in geo_end.{xyz|gen}
 
 Total Forces
 -6.179738760172779E-004  3.481077068924731E-003  2.266919643969066E-002
 -6.565917015449112E-006  1.394305946569782E-003 -1.925953130214552E-003
  6.407895208754126E-005  5.363066995738627E-003 -1.209642045808103E-002
  1.298925777597996E-003 -8.347466152460944E-005  1.801094553959251E-002
 -6.645469996752969E-007  2.472913540036497E-003 -8.729375584697375E-003
  2.099583001576043E-005 -5.330402341659391E-004 -1.520668363620878E-002
  3.911583949050153E-006 -5.724544762629267E-004  1.724810252052965E-002
 -1.467160347785983E-007 -2.576815537731906E-003 -7.745476612417018E-003
 -7.510875420913773E-006 -1.806560964893497E-003 -9.534139930351217E-003
  8.292530161752078E-005 -7.532725680401000E-003  2.730019722737008E-002
 -7.158206780808813E-007  5.025723190204504E-004 -2.608249165744914E-003
  4.232570913410236E-004  1.092854491770686E-002 -2.505245699470006E-003
 -1.852959234176885E-003 -3.802953754223765E-003 -4.146655332243829E-003
  5.110001010005005E-003 -1.413169057411613E-002  1.379707250536566E-002
 -8.881821091335567E-004  1.027287273453155E-002 -1.063223819395182E-002
  9.471877698835247E-004  4.149136323191423E-003 -3.499004295891284E-003
 -4.543135516827654E-004  1.510738546907767E-003 -3.796636411251331E-003
  4.031291451108066E-004 -2.788451277860638E-003 -1.533621120943372E-003
  2.403883822654695E-005 -5.280664344961258E-003 -5.590953167075891E-003
 -3.810431515800200E-004  2.253218371647253E-003  2.408103260114175E-003
 -5.480654482580420E-004 -5.764124912188767E-003 -1.639098553456689E-003
  4.406954445774466E-004 -5.070550989495291E-003 -3.395975658202530E-003
 -1.695855918151306E-004  5.907856547397724E-003 -5.225483488503499E-003
  8.568455583791304E-004  1.107546031539430E-002  2.250538039752524E-003
 -1.793838178328464E-003 -9.012617385319879E-003 -1.613512779751365E-003
 -3.638170219983011E-003  4.989023125063913E-004 -1.981407060092720E-003
  6.837429343327464E-004 -8.545411464275246E-004 -2.780252538659711E-004
 
 Total stress tensor
     -0.000018675796     -0.000000069258      0.000000289536
     -0.000000069278     -0.000097037541     -0.000001804940
      0.000000289650     -0.000001806312     -0.000015431248
 
 Total lattice derivs
      0.026249354989      0.000097344576     -0.000406950343
      0.000024343012      0.034097246818      0.000634223543
     -0.000064093713      0.000399700057      0.003414620253
 
 Maximal derivative component:       0.273002E-01 au
 Max force for moved atoms::         0.273002E-01 au
 
 Volume:                             0.104539E+05 au^3
 Pressure:                          -0.437149E-04 au    -0.128614E+10 Pa
 
 Geometry converged
 
