 KPT            1  SPIN            1  KWEIGHT    1.00000000000000     
   -24.87717     2.00000
   -24.73738     2.00000
   -24.67630     2.00000
   -24.62288     2.00000
   -24.52764     2.00000
   -24.46013     2.00000
   -24.35293     2.00000
   -24.31017     2.00000
   -24.29760     2.00000
   -24.29258     2.00000
   -24.29049     2.00000
   -24.26036     2.00000
   -24.21411     2.00000
   -24.18199     2.00000
   -24.18120     2.00000
   -24.17065     2.00000
   -24.16444     2.00000
   -24.11726     2.00000
   -11.79311     2.00000
   -11.70169     2.00000
   -11.67589     2.00000
   -11.56141     2.00000
   -11.49152     2.00000
   -11.31978     2.00000
   -11.13512     2.00000
   -11.12837     2.00000
   -11.08137     2.00000
   -11.04657     2.00000
   -11.02835     2.00000
   -10.97221     2.00000
   -10.96462     2.00000
   -10.95929     2.00000
   -10.92146     2.00000
   -10.84255     2.00000
   -10.69826     2.00000
   -10.63901     2.00000
   -10.61549     2.00000
   -10.53068     2.00000
   -10.46452     2.00000
   -10.37312     2.00000
   -10.35925     2.00000
   -10.27868     2.00000
   -10.26127     2.00000
   -10.19629     2.00000
   -10.11976     2.00000
   -10.09696     2.00000
   -10.02668     2.00000
   -10.02504     2.00000
    -9.90123     2.00000
    -9.84644     2.00000
    -9.71159     2.00000
    -9.70971     2.00000
    -9.66682     2.00000
    -9.62964     2.00000
    -9.53285     2.00000
    -9.48380     2.00000
    -9.44349     2.00000
    -9.41523     2.00000
    -9.35225     2.00000
    -9.34124     2.00000
    -9.29391     2.00000
    -9.28640     2.00000
    -9.20866     2.00000
    -9.08059     2.00000
    -9.04043     2.00000
    -9.00080     2.00000
    -8.96316     2.00000
    -8.93307     2.00000
    -8.92843     2.00000
    -8.85716     2.00000
    -8.85383     2.00000
    -8.83836     2.00000
    -4.38705     0.00000
    -4.10773     0.00000
    -4.04949     0.00000
    -4.00280     0.00000
    -3.99730     0.00000
    -3.97882     0.00000
    -3.95870     0.00000
    -3.92071     0.00000
    -3.89305     0.00000
    -3.89009     0.00000
    -3.86694     0.00000
    -3.84109     0.00000
    -3.77623     0.00000
    -3.65715     0.00000
    -3.65219     0.00000
    -3.58513     0.00000
    -3.57874     0.00000
    -3.55883     0.00000
    -3.50619     0.00000
    -3.48144     0.00000
    -3.44329     0.00000
    -3.40497     0.00000
    -3.38394     0.00000
    -3.35086     0.00000
    -3.34251     0.00000
    -3.22074     0.00000
    -3.06139     0.00000
    -3.01787     0.00000
    -2.96873     0.00000
    -2.81449     0.00000
    -2.72918     0.00000
    -2.66424     0.00000
    -2.60183     0.00000
    -2.53142     0.00000
    -2.36120     0.00000
    -0.93557     0.00000
    -0.35661     0.00000
    -0.18003     0.00000
     0.14961     0.00000
     0.17765     0.00000
     0.24946     0.00000
     0.31872     0.00000
     0.53169     0.00000
     0.56084     0.00000
     0.56572     0.00000
     1.86452     0.00000
     4.21396     0.00000
     4.44877     0.00000
     4.51255     0.00000
     4.57145     0.00000
     4.90136     0.00000
     6.23042     0.00000
     6.27618     0.00000
     6.57878     0.00000
     8.70870     0.00000
     9.17043     0.00000
     9.34646     0.00000
     9.88715     0.00000
     9.98423     0.00000
    10.15817     0.00000
    10.20590     0.00000
    10.34282     0.00000
    10.36928     0.00000
    10.43343     0.00000
    10.59564     0.00000
    11.26722     0.00000
    11.33617     0.00000
    11.55149     0.00000
    11.66740     0.00000
    11.92056     0.00000
    12.30684     0.00000
    12.49605     0.00000
    12.53179     0.00000
    12.87991     0.00000
    13.18799     0.00000
    13.27005     0.00000
    13.62123     0.00000
    14.45199     0.00000
    14.98533     0.00000
    16.40459     0.00000
    16.64357     0.00000
 
