 Fermi distribution function
 
 Coordinates of moved atoms (au):
    1      0.00000000      3.71886736     12.01815780
    2      0.00000000      0.00000000     11.33835593
    3      3.71886736      3.71886736     12.69795967
    4      0.00000000     11.15660209     12.01815780
    5      0.00000000      7.43773472     11.33835593
    6      3.71886736     11.15660209     12.69795967
    7      0.00000000     18.59433681     12.01815780
    8      0.00000000     14.87546945     11.33835593
    9      3.71886736     18.59433681     12.69795967
   10      0.00000000     26.03207153     12.01815780
   11      0.00000000     22.31320417     11.33835593
   12      3.71886736     26.03207153     12.69795967
   13      3.71885013     11.41808741     16.41703413
   14      3.71877594     18.59434958     20.31945394
   15      3.71877956     14.86075547     20.91480399
   16      7.43772110     18.59435326     15.76465542
   17      3.71883255     14.92983028     17.14928442
   18      3.71878868     26.02647203     20.04976521
   19      3.71883650     22.25890245     17.14927733
   20      3.71876933     22.32799664     20.91476984
   21      7.43772310     10.94248906     15.78822761
   22      3.71880171     11.16223596     20.04974938
   23      3.71885106     25.77056893     16.41704652
   24      3.71884614     18.59436543     16.48052083
   25      7.43772438     26.24621581     15.78822646
   26      7.43764767     14.80319155     21.73947596
   27      7.43763755     22.38552209     21.73947491
 
 COMPONENT = q
  
 Eigenvalues /H
   -0.91421920
   -0.90908203
   -0.90683742
   -0.90487439
   -0.90137428
   -0.89889322
   -0.89495375
   -0.89338243
   -0.89292027
   -0.89273606
   -0.89265916
   -0.89155178
   -0.88985230
   -0.88867196
   -0.88864259
   -0.88825510
   -0.88802669
   -0.88629318
   -0.43338875
   -0.43002930
   -0.42908095
   -0.42487416
   -0.42230568
   -0.41599432
   -0.40920825
   -0.40896014
   -0.40723289
   -0.40595400
   -0.40528427
   -0.40322131
   -0.40294226
   -0.40274648
   -0.40135620
   -0.39845657
   -0.39315387
   -0.39097634
   -0.39011219
   -0.38699546
   -0.38456392
   -0.38120505
   -0.38069540
   -0.37773451
   -0.37709479
   -0.37470675
   -0.37189445
   -0.37105643
   -0.36847388
   -0.36841331
   -0.36386366
   -0.36184998
   -0.35689420
   -0.35682544
   -0.35524922
   -0.35388289
   -0.35032593
   -0.34852323
   -0.34704203
   -0.34600346
   -0.34368886
   -0.34328435
   -0.34154488
   -0.34126896
   -0.33841206
   -0.33370562
   -0.33222965
   -0.33077344
   -0.32939019
   -0.32828429
   -0.32811388
   -0.32549481
   -0.32537235
   -0.32480374
   -0.16122100
   -0.15095634
   -0.14881584
   -0.14710026
   -0.14689814
   -0.14621890
   -0.14547949
   -0.14408361
   -0.14306691
   -0.14295806
   -0.14210734
   -0.14115736
   -0.13877379
   -0.13439773
   -0.13421543
   -0.13175102
   -0.13151616
   -0.13078465
   -0.12885006
   -0.12794041
   -0.12653845
   -0.12513042
   -0.12435752
   -0.12314169
   -0.12283499
   -0.11835998
   -0.11250394
   -0.11090450
   -0.10909892
   -0.10343044
   -0.10029562
   -0.09790903
   -0.09561549
   -0.09302811
   -0.08677234
   -0.03438154
   -0.01310505
   -0.00661607
    0.00549804
    0.00652861
    0.00916766
    0.01171260
    0.01953913
    0.02061039
    0.02078997
    0.06851968
    0.15486030
    0.16348921
    0.16583304
    0.16799764
    0.18012151
    0.22896383
    0.23064526
    0.24176572
    0.32003888
    0.33700722
    0.34347613
    0.36334616
    0.36691366
    0.37330594
    0.37505999
    0.38009171
    0.38106388
    0.38342138
    0.38938259
    0.41406264
    0.41659677
    0.42450944
    0.42876913
    0.43807246
    0.45226803
    0.45922127
    0.46053471
    0.47332794
    0.48464970
    0.48766553
    0.50057116
    0.53110086
    0.55070086
    0.60285760
    0.61164013
 
 Eigenvalues /eV
  -24.87717027
  -24.73738066
  -24.67630184
  -24.62288483
  -24.52764211
  -24.46012912
  -24.35293047
  -24.31017274
  -24.29759683
  -24.29258421
  -24.29049169
  -24.26035830
  -24.21411300
  -24.18199444
  -24.18119517
  -24.17065102
  -24.16443584
  -24.11726451
  -11.79310799
  -11.70169261
  -11.67588664
  -11.56141408
  -11.49152219
  -11.31978147
  -11.13512311
  -11.12837163
  -11.08137068
  -11.04657043
  -11.02834617
  -10.97221016
  -10.96461665
  -10.95928931
  -10.92145780
  -10.84255481
  -10.69826121
  -10.63900748
  -10.61549273
  -10.53068228
  -10.46451663
  -10.37311731
  -10.35924903
  -10.27867888
  -10.26127120
  -10.19628951
  -10.11976298
  -10.09695916
  -10.02668441
  -10.02503617
   -9.90123399
   -9.84643884
   -9.71158524
   -9.70971416
   -9.66682309
   -9.62964349
   -9.53285369
   -9.48379961
   -9.44349405
   -9.41523308
   -9.35224962
   -9.34124246
   -9.29390903
   -9.28640078
   -9.20866078
   -9.08059185
   -9.04042873
   -9.00080332
   -8.96316306
   -8.93307001
   -8.92843290
   -8.85716440
   -8.85383222
   -8.83835958
   -4.38704651
   -4.10773099
   -4.04948510
   -4.00280182
   -3.99730175
   -3.97881866
   -3.95869832
   -3.92071461
   -3.89304873
   -3.89008675
   -3.86693751
   -3.84108723
   -3.77622689
   -3.65714820
   -3.65218761
   -3.58512766
   -3.57873668
   -3.55883144
   -3.50618856
   -3.48143575
   -3.44328633
   -3.40497191
   -3.38394039
   -3.35085585
   -3.34251001
   -3.22073885
   -3.06138788
   -3.01786510
   -2.96873254
   -2.81448547
   -2.72918272
   -2.66424022
   -2.60182995
   -2.53142366
   -2.36119550
   -0.93556932
   -0.35660663
   -0.18003236
    0.14960926
    0.17765258
    0.24946464
    0.31871596
    0.53168680
    0.56083720
    0.56572373
    1.86451531
    4.21396317
    4.44876780
    4.51254662
    4.57144830
    4.90135574
    6.23042273
    6.27617691
    6.57877998
    8.70870091
    9.17043295
    9.34646104
    9.88715213
    9.98422876
   10.15817137
   10.20590151
   10.34282165
   10.36927563
   10.43342666
   10.59563936
   11.26721760
   11.33617488
   11.55148965
   11.66740156
   11.92055825
   12.30683919
   12.49604656
   12.53178714
   12.87990848
   13.18798931
   13.27005431
   13.62123438
   14.45198961
   14.98533288
   16.40458992
   16.64357488
 
 Fillings
     2.00000
     2.00000
     2.00000
     2.00000
     2.00000
     2.00000
     2.00000
     2.00000
     2.00000
     2.00000
     2.00000
     2.00000
     2.00000
     2.00000
     2.00000
     2.00000
     2.00000
     2.00000
     2.00000
     2.00000
     2.00000
     2.00000
     2.00000
     2.00000
     2.00000
     2.00000
     2.00000
     2.00000
     2.00000
     2.00000
     2.00000
     2.00000
     2.00000
     2.00000
     2.00000
     2.00000
     2.00000
     2.00000
     2.00000
     2.00000
     2.00000
     2.00000
     2.00000
     2.00000
     2.00000
     2.00000
     2.00000
     2.00000
     2.00000
     2.00000
     2.00000
     2.00000
     2.00000
     2.00000
     2.00000
     2.00000
     2.00000
     2.00000
     2.00000
     2.00000
     2.00000
     2.00000
     2.00000
     2.00000
     2.00000
     2.00000
     2.00000
     2.00000
     2.00000
     2.00000
     2.00000
     2.00000
     0.00000
     0.00000
     0.00000
     0.00000
     0.00000
     0.00000
     0.00000
     0.00000
     0.00000
     0.00000
     0.00000
     0.00000
     0.00000
     0.00000
     0.00000
     0.00000
     0.00000
     0.00000
     0.00000
     0.00000
     0.00000
     0.00000
     0.00000
     0.00000
     0.00000
     0.00000
     0.00000
     0.00000
     0.00000
     0.00000
     0.00000
     0.00000
     0.00000
     0.00000
     0.00000
     0.00000
     0.00000
     0.00000
     0.00000
     0.00000
     0.00000
     0.00000
     0.00000
     0.00000
     0.00000
     0.00000
     0.00000
     0.00000
     0.00000
     0.00000
     0.00000
     0.00000
     0.00000
     0.00000
     0.00000
     0.00000
     0.00000
     0.00000
     0.00000
     0.00000
     0.00000
     0.00000
     0.00000
     0.00000
     0.00000
     0.00000
     0.00000
     0.00000
     0.00000
     0.00000
     0.00000
     0.00000
     0.00000
     0.00000
     0.00000
     0.00000
     0.00000
     0.00000
     0.00000
     0.00000
     0.00000
 
 Fermi energy:                      -0.2479057430 H           -6.7459 eV
 Band energy:                      -72.4963295984 H        -1972.7255 eV
 TS:                                 0.0000000000 H            0.0000 eV
 Band free energy (E-TS):          -72.4963295984 H        -1972.7255 eV
 Extrapolated E(0K):               -72.4963295984 H        -1972.7255 eV
 
 Energy H0:                        -72.4963295984 H        -1972.7255 eV
 Total Electronic energy:          -72.4963295984 H        -1972.7255 eV
 Repulsive energy:                   2.2018266220 H           59.9148 eV
 Total energy:                     -70.2945029764 H        -1912.8107 eV
 Total Mermin free energy:         -70.2945029764 H        -1912.8107 eV
 
 Non-SCC calculation
 
 Full geometry written in geo_end.{xyz|gen}
 
 Total Forces
  2.435175334837328E-010 -1.012225869080608E-008  3.028675443428642E-003
 -1.213710865526595E-009  1.942171839485140E-003 -2.533259355144670E-003
 -4.002464849227319E-010  2.515177902580177E-009 -4.598777399871457E-003
 -1.151089198521620E-007 -3.265015184288678E-003  2.287846734690382E-002
 -4.429106520591618E-010 -1.942055004221192E-003 -2.533103339444478E-003
 -6.561959402105460E-007 -1.742195340722983E-004 -2.404205441089886E-002
 -1.033216461909378E-007  3.734448758419816E-008  1.876677942487251E-002
 -8.144553447079042E-009 -5.411319670509780E-004 -4.225131438162302E-003
 -8.477374921362188E-007  1.699744261819927E-007 -1.339780524356501E-002
 -9.990110768722640E-008  3.265386786082340E-003  2.287867359689683E-002
 -8.095851760379883E-009  5.412321084811248E-004 -4.225183250535770E-003
 -6.229379503372574E-007  1.740421569421504E-004 -2.404197471512494E-002
  2.259197182941010E-006 -5.879526494241005E-004  1.361809442028222E-002
  4.544488365865516E-007  1.534249888057670E-005 -2.804836071487272E-003
  4.815628707655102E-007 -7.172433393875469E-003 -4.332065886420336E-003
 -4.203941932344147E-006  4.604462925251627E-007  4.564057636369863E-003
  2.484903322895730E-007 -4.531163591543694E-004  6.875261814219547E-005
  3.180242850704406E-007 -3.870873740862438E-003 -1.597411543542870E-003
  9.528919980375407E-008  4.108973003342231E-004  7.050205342752636E-005
  6.086443612886888E-007  7.104836200998731E-003 -4.268599177396415E-003
 -2.268670952784218E-006  5.196217472601336E-004  7.305981554886071E-004
  1.599167433185572E-007  3.882613017254011E-003 -1.592816658065002E-003
  2.388805756394803E-006  6.719242189375529E-004  1.355645144036217E-002
  4.036009702470306E-006 -1.555664196459661E-006 -4.121381340846074E-004
 -2.573319690004861E-006 -5.205958380087444E-004  7.310933054194488E-004
  1.799848844675783E-007  1.311079269267894E-003 -3.142933517895886E-003
  2.788152317271002E-007 -1.310857966894648E-003 -3.144055299954034E-003
 
 Total stress tensor
     -0.000089592914      0.000000000040      0.000000002540
      0.000000000040     -0.000065633226     -0.000000022402
      0.000000002540     -0.000000022401     -0.000007772305
 
 Total lattice derivs
      0.125925354979     -0.000000055712     -0.000003570162
     -0.000000013923      0.023062335094      0.000007871508
     -0.000000562027      0.000004956839      0.001719852478
 
 Maximal derivative component:       0.240421E-01 au
 Max force for moved atoms::         0.240421E-01 au
 
 Volume:                             0.104539E+05 au^3
 Pressure:                          -0.543328E-04 au    -0.159853E+10 Pa
 
 Geometry converged
 
