 KPT            1  SPIN            1  KWEIGHT    1.00000000000000     
   -24.80927     2.00000
   -24.74488     2.00000
   -24.69195     2.00000
   -24.61839     2.00000
   -24.53010     2.00000
   -24.45678     2.00000
   -24.40994     2.00000
   -24.35138     2.00000
   -24.31957     2.00000
   -24.29334     2.00000
   -24.28475     2.00000
   -24.26578     2.00000
   -24.25309     2.00000
   -24.20412     2.00000
   -24.18028     2.00000
   -24.16782     2.00000
   -24.16457     2.00000
   -24.00316     2.00000
   -11.78433     2.00000
   -11.73502     2.00000
   -11.70686     2.00000
   -11.45980     2.00000
   -11.39125     2.00000
   -11.33176     2.00000
   -11.19758     2.00000
   -11.13111     2.00000
   -11.10885     2.00000
   -11.03047     2.00000
   -11.00467     2.00000
   -10.99437     2.00000
   -10.94806     2.00000
   -10.92549     2.00000
   -10.87371     2.00000
   -10.71595     2.00000
   -10.66573     2.00000
   -10.53444     2.00000
   -10.43945     2.00000
   -10.41841     2.00000
   -10.37993     2.00000
   -10.34783     2.00000
   -10.32972     2.00000
   -10.29039     2.00000
   -10.24089     2.00000
   -10.19550     2.00000
   -10.16948     2.00000
   -10.15437     2.00000
   -10.11049     2.00000
   -10.04899     2.00000
    -9.92361     2.00000
    -9.90673     2.00000
    -9.84268     2.00000
    -9.76246     2.00000
    -9.74885     2.00000
    -9.62878     2.00000
    -9.58225     2.00000
    -9.52292     2.00000
    -9.50397     2.00000
    -9.45420     2.00000
    -9.41482     2.00000
    -9.37870     2.00000
    -9.32293     2.00000
    -9.24963     2.00000
    -9.13368     2.00000
    -9.12195     2.00000
    -9.08021     2.00000
    -9.02641     2.00000
    -9.01412     2.00000
    -8.95742     2.00000
    -8.91687     2.00000
    -8.86644     2.00000
    -8.79255     2.00000
    -8.74568     2.00000
    -4.81605     0.00000
    -4.40987     0.00000
    -4.26448     0.00000
    -4.09594     0.00000
    -4.07807     0.00000
    -4.05109     0.00000
    -3.98326     0.00000
    -3.96317     0.00000
    -3.90911     0.00000
    -3.88363     0.00000
    -3.84315     0.00000
    -3.76923     0.00000
    -3.66432     0.00000
    -3.62779     0.00000
    -3.52967     0.00000
    -3.50661     0.00000
    -3.48545     0.00000
    -3.44540     0.00000
    -3.41793     0.00000
    -3.35328     0.00000
    -3.28039     0.00000
    -3.23674     0.00000
    -3.17346     0.00000
    -3.08829     0.00000
    -3.05939     0.00000
    -2.96166     0.00000
    -2.93269     0.00000
    -2.74696     0.00000
    -2.69666     0.00000
    -2.66904     0.00000
    -2.58763     0.00000
    -2.45876     0.00000
    -2.35517     0.00000
    -2.25933     0.00000
    -2.13842     0.00000
    -1.91452     0.00000
    -1.77916     0.00000
    -1.42083     0.00000
    -0.69304     0.00000
    -0.22291     0.00000
     0.16473     0.00000
     0.23446     0.00000
     0.29078     0.00000
     0.42644     0.00000
     0.52409     0.00000
     0.78220     0.00000
     3.45720     0.00000
     3.57110     0.00000
     4.18905     0.00000
     4.65443     0.00000
     4.83480     0.00000
     5.45578     0.00000
     5.99261     0.00000
     7.94148     0.00000
     8.35523     0.00000
     8.61058     0.00000
     8.97257     0.00000
     9.53456     0.00000
     9.88912     0.00000
    10.01207     0.00000
    10.34706     0.00000
    10.43987     0.00000
    10.62211     0.00000
    10.87639     0.00000
    11.11203     0.00000
    11.45815     0.00000
    11.94147     0.00000
    12.23091     0.00000
    12.58073     0.00000
    12.91745     0.00000
    13.03656     0.00000
    13.29898     0.00000
    13.45902     0.00000
    13.85893     0.00000
    13.88040     0.00000
    14.46619     0.00000
    14.57453     0.00000
    14.87456     0.00000
    15.68449     0.00000
    15.78043     0.00000
    16.61688     0.00000
 
