 Fermi distribution function
 
 Coordinates of moved atoms (au):
    1      0.00000000      3.71886736     12.01815780
    2      0.00000000      0.00000000     11.33835593
    3      3.71886736      3.71886736     12.69795967
    4      0.00000000     11.15660209     12.01815780
    5      0.00000000      7.43773472     11.33835593
    6      3.71886736     11.15660209     12.69795967
    7      0.00000000     18.59433681     12.01815780
    8      0.00000000     14.87546945     11.33835593
    9      3.71886736     18.59433681     12.69795967
   10      0.00000000     26.03207153     12.01815780
   11      0.00000000     22.31320417     11.33835593
   12      3.71886736     26.03207153     12.69795967
   13      3.72152470      0.04412594     10.34465297
   14      7.43753574      3.54733292     15.60734955
   15      7.43737895     25.61382041     15.69284675
   16      0.00013019     18.77898207     15.74183998
   17      3.71863055     22.13367170     17.62721186
   18      3.71445073      7.33086596     21.31051076
   19      3.71869494     18.79812870     16.29536262
   20      3.72439941      4.21703610     19.87940881
   21      3.71787778      9.72653766     18.83930014
   22      7.43352398      7.54336140     22.20035559
   23      3.71922080     28.07580258     18.59383226
   24      0.00576080     11.89545655     15.69165876
   25      3.71975487     15.44678962     17.60680767
   26      3.71939717     25.51531729     16.43020831
   27      3.71416121     12.08963438     16.33469968
 
 COMPONENT = q
  
 Eigenvalues /H
   -0.91172376
   -0.90935781
   -0.90741241
   -0.90470932
   -0.90146471
   -0.89877026
   -0.89704886
   -0.89489679
   -0.89372770
   -0.89276393
   -0.89244811
   -0.89175091
   -0.89128466
   -0.88948520
   -0.88860882
   -0.88815092
   -0.88803162
   -0.88209990
   -0.43306610
   -0.43125389
   -0.43021913
   -0.42113976
   -0.41862093
   -0.41643449
   -0.41150337
   -0.40906093
   -0.40824256
   -0.40536245
   -0.40441431
   -0.40403567
   -0.40233368
   -0.40150451
   -0.39960149
   -0.39380376
   -0.39195827
   -0.38713365
   -0.38364263
   -0.38286967
   -0.38145556
   -0.38027571
   -0.37961038
   -0.37816501
   -0.37634567
   -0.37467791
   -0.37372146
   -0.37316620
   -0.37155375
   -0.36929362
   -0.36468582
   -0.36406557
   -0.36171189
   -0.35876374
   -0.35826366
   -0.35385132
   -0.35214122
   -0.34996099
   -0.34926461
   -0.34743553
   -0.34598838
   -0.34466091
   -0.34261144
   -0.33991781
   -0.33565644
   -0.33522553
   -0.33369157
   -0.33171458
   -0.33126278
   -0.32917922
   -0.32768908
   -0.32583580
   -0.32312030
   -0.32139780
   -0.17698666
   -0.16205966
   -0.15671667
   -0.15052321
   -0.14986628
   -0.14887466
   -0.14638209
   -0.14564372
   -0.14365708
   -0.14272092
   -0.14123310
   -0.13851679
   -0.13466136
   -0.13331866
   -0.12971303
   -0.12886560
   -0.12808778
   -0.12661627
   -0.12560655
   -0.12323064
   -0.12055210
   -0.11894788
   -0.11662262
   -0.11349255
   -0.11243057
   -0.10883895
   -0.10777430
   -0.10094880
   -0.09910053
   -0.09808545
   -0.09509382
   -0.09035789
   -0.08655106
   -0.08302870
   -0.07858547
   -0.07035718
   -0.06538277
   -0.05221470
   -0.02546890
   -0.00819196
    0.00605364
    0.00861629
    0.01068580
    0.01567134
    0.01925994
    0.02874530
    0.12704965
    0.13123567
    0.15394473
    0.17104706
    0.17767554
    0.20049612
    0.22022447
    0.29184411
    0.30704920
    0.31643299
    0.32973577
    0.35038879
    0.36341858
    0.36793668
    0.38024756
    0.38365818
    0.39035551
    0.39970016
    0.40835947
    0.42107937
    0.43884091
    0.44947750
    0.46233335
    0.47470771
    0.47908473
    0.48872846
    0.49461006
    0.50930624
    0.51009542
    0.53162258
    0.53560408
    0.54663015
    0.57639447
    0.57992032
    0.61065928
 
 Eigenvalues /eV
  -24.80926591
  -24.74488489
  -24.69194795
  -24.61839330
  -24.53010277
  -24.45678325
  -24.40994156
  -24.35138069
  -24.31956805
  -24.29334247
  -24.28474859
  -24.26577699
  -24.25308946
  -24.20412382
  -24.18027627
  -24.16781617
  -24.16456991
  -24.00315966
  -11.78432826
  -11.73501537
  -11.70685826
  -11.45979592
  -11.39125496
  -11.33175894
  -11.19757649
  -11.13111435
  -11.10884520
  -11.03047352
  -11.00467341
  -10.99437007
  -10.94805656
  -10.92549361
  -10.87370987
  -10.71594544
  -10.66572730
  -10.53444255
  -10.43944699
  -10.41841380
  -10.37993397
  -10.34782857
  -10.32972411
  -10.29039344
  -10.24088662
  -10.19550474
  -10.16947828
  -10.15436886
  -10.11049189
  -10.04899078
   -9.92360616
   -9.90672818
   -9.84268128
   -9.76245803
   -9.74885014
   -9.62878436
   -9.58225002
   -9.52292310
   -9.50397365
   -9.45420171
   -9.41482283
   -9.37870055
   -9.32293164
   -9.24963410
   -9.13367651
   -9.12195082
   -9.08020964
   -9.02641309
   -9.01411887
   -8.95742225
   -8.91687349
   -8.86644333
   -8.79255067
   -8.74567905
   -4.81605217
   -4.40986772
   -4.26447744
   -4.09594490
   -4.07806885
   -4.05108553
   -3.98325921
   -3.96316727
   -3.90910796
   -3.88363386
   -3.84314831
   -3.76923350
   -3.66432217
   -3.62778519
   -3.52967102
   -3.50661145
   -3.48544588
   -3.44540402
   -3.41792804
   -3.35327626
   -3.28038964
   -3.23673645
   -3.17346295
   -3.08828941
   -3.05939151
   -2.96165846
   -2.93268789
   -2.74695656
   -2.69666255
   -2.66904077
   -2.58763453
   -2.45876325
   -2.35517406
   -2.25932584
   -2.13841952
   -1.91451628
   -1.77915572
   -1.42083437
   -0.69304411
   -0.22291463
    0.16472794
    0.23446120
    0.29077538
    0.42643897
    0.52408963
    0.78219941
    3.45719685
    3.57110434
    4.18904924
    4.65442719
    4.83479754
    5.45577705
    5.99261279
    7.94148241
    8.35523374
    8.61057968
    8.97256689
    9.53456412
    9.88912261
   10.01206659
   10.34706259
   10.43987028
   10.62211389
   10.87639468
   11.11202656
   11.45815267
   11.94146864
   12.23090514
   12.58073048
   12.91745393
   13.03655878
   13.29897812
   13.45902449
   13.85892791
   13.88040259
   14.46618633
   14.57452857
   14.87456313
   15.68449153
   15.78043491
   16.61688454
 
 Fillings
     2.00000
     2.00000
     2.00000
     2.00000
     2.00000
     2.00000
     2.00000
     2.00000
     2.00000
     2.00000
     2.00000
     2.00000
     2.00000
     2.00000
     2.00000
     2.00000
     2.00000
     2.00000
     2.00000
     2.00000
     2.00000
     2.00000
     2.00000
     2.00000
     2.00000
     2.00000
     2.00000
     2.00000
     2.00000
     2.00000
     2.00000
     2.00000
     2.00000
     2.00000
     2.00000
     2.00000
     2.00000
     2.00000
     2.00000
     2.00000
     2.00000
     2.00000
     2.00000
     2.00000
     2.00000
     2.00000
     2.00000
     2.00000
     2.00000
     2.00000
     2.00000
     2.00000
     2.00000
     2.00000
     2.00000
     2.00000
     2.00000
     2.00000
     2.00000
     2.00000
     2.00000
     2.00000
     2.00000
     2.00000
     2.00000
     2.00000
     2.00000
     2.00000
     2.00000
     2.00000
     2.00000
     2.00000
     0.00000
     0.00000
     0.00000
     0.00000
     0.00000
     0.00000
     0.00000
     0.00000
     0.00000
     0.00000
     0.00000
     0.00000
     0.00000
     0.00000
     0.00000
     0.00000
     0.00000
     0.00000
     0.00000
     0.00000
     0.00000
     0.00000
     0.00000
     0.00000
     0.00000
     0.00000
     0.00000
     0.00000
     0.00000
     0.00000
     0.00000
     0.00000
     0.00000
     0.00000
     0.00000
     0.00000
     0.00000
     0.00000
     0.00000
     0.00000
     0.00000
     0.00000
     0.00000
     0.00000
     0.00000
     0.00000
     0.00000
     0.00000
     0.00000
     0.00000
     0.00000
     0.00000
     0.00000
     0.00000
     0.00000
     0.00000
     0.00000
     0.00000
     0.00000
     0.00000
     0.00000
     0.00000
     0.00000
     0.00000
     0.00000
     0.00000
     0.00000
     0.00000
     0.00000
     0.00000
     0.00000
     0.00000
     0.00000
     0.00000
     0.00000
     0.00000
     0.00000
     0.00000
     0.00000
     0.00000
     0.00000
 
 Fermi energy:                      -0.2469311813 H           -6.7193 eV
 Band energy:                      -72.4925964222 H        -1972.6239 eV
 TS:                                 0.0000000000 H            0.0000 eV
 Band free energy (E-TS):          -72.4925964222 H        -1972.6239 eV
 Extrapolated E(0K):               -72.4925964222 H        -1972.6239 eV
 
 Energy H0:                        -72.4925964222 H        -1972.6239 eV
 Total Electronic energy:          -72.4925964222 H        -1972.6239 eV
 Repulsive energy:                   2.3101296098 H           62.8618 eV
 Total energy:                     -70.1824668124 H        -1909.7621 eV
 Total Mermin free energy:         -70.1824668124 H        -1909.7621 eV
 
 Non-SCC calculation
 
 Full geometry written in geo_end.{xyz|gen}
 
 Total Forces
  3.603340921883928E-004  6.788181035319862E-002  7.109425157283750E-002
 -6.502909001773510E-006 -2.973843581068608E-003 -3.233548523004792E-002
  1.279711484677492E-005 -2.927940111559422E-002 -5.579342138860343E-002
  3.183645356604078E-005  1.743655050866329E-003  1.665497873632632E-002
 -7.537088936082608E-007  2.268063570484653E-003 -2.334697548828604E-003
  2.577515688789832E-004 -6.584032054198774E-004 -1.226117588732186E-002
 -1.543020094779578E-004  3.573126571925376E-004  1.366069251962691E-002
 -8.050536164656659E-006  4.057008136474716E-003 -9.057404898501851E-003
  4.964912194673674E-006  9.343570017721157E-004 -1.659277787711276E-002
 -2.174928937281316E-004 -7.097633501676491E-002  4.532743527928454E-002
 -4.436376730501864E-007 -7.773243961504982E-004 -8.407130184946640E-003
 -5.407001430856943E-007  2.542306807104603E-002 -3.358332947701553E-002
 -1.777460547858420E-004  4.895062488688229E-003  1.128933863536750E-002
  1.467886887262692E-005  1.615921606510061E-003 -1.984619285754496E-003
  4.785218910837386E-004  4.502857752256405E-004 -5.215178398412651E-004
 -1.091528197312894E-004 -2.618541196962990E-004  3.237507346805515E-003
  7.339351985928176E-006 -2.007036938164383E-006  4.741119628396365E-003
  1.642973592630116E-004 -1.549056108602701E-002 -1.127125635340204E-002
  2.682667358013110E-004 -5.043443512716845E-003 -1.777552096344552E-003
 -2.194280579932343E-004  2.111825538640094E-002  8.974010127894588E-003
  2.386859011231190E-005 -2.808608928291709E-003  2.912231547762976E-003
  1.125009998743250E-004 -1.073437999383309E-003 -1.133316846462694E-003
 -1.193497436443474E-005  1.773209138456439E-002  1.915541967980616E-002
 -6.258571827867421E-003 -1.782180189953396E-003  3.034216076084860E-003
  1.048036021886138E-005 -1.327514394489551E-003 -5.813132352042866E-004
 -4.479195594002167E-004 -1.837386543649108E-002 -1.745969522326436E-002
  5.865201390337683E-003  2.351888536561177E-003  5.013492222459059E-003
 
 Total stress tensor
     -0.000007371196      0.000000347954      0.000000433245
      0.000000347970     -0.000049115427     -0.000000359603
      0.000000433211     -0.000000361086      0.000001031365
 
 Total lattice derivs
      0.010360423432     -0.000489059808     -0.000608937934
     -0.000122270414      0.017258277887      0.000126357881
     -0.000095860650      0.000079901010     -0.000228220095
 
 Maximal derivative component:       0.710943E-01 au
 Max force for moved atoms::         0.710943E-01 au
 
 Volume:                             0.104539E+05 au^3
 Pressure:                          -0.184851E-04 au    -0.543850E+09 Pa
 
 Geometry converged
 
