 KPT            1  SPIN            1  KWEIGHT    1.00000000000000     
   -24.92280     2.00000
   -24.80167     2.00000
   -24.76520     2.00000
   -24.64621     2.00000
   -24.56818     2.00000
   -24.45901     2.00000
   -24.41854     2.00000
   -24.39851     2.00000
   -24.32136     2.00000
   -24.31758     2.00000
   -24.27104     2.00000
   -24.25874     2.00000
   -24.25622     2.00000
   -24.22937     2.00000
   -24.19008     2.00000
   -24.17309     2.00000
   -24.14498     2.00000
   -23.99785     2.00000
   -11.81565     2.00000
   -11.76760     2.00000
   -11.72941     2.00000
   -11.69203     2.00000
   -11.34371     2.00000
   -11.32819     2.00000
   -11.20523     2.00000
   -11.18287     2.00000
   -11.13062     2.00000
   -11.12580     2.00000
   -11.05805     2.00000
   -11.05237     2.00000
   -11.00844     2.00000
   -10.99506     2.00000
   -10.95952     2.00000
   -10.90658     2.00000
   -10.84949     2.00000
   -10.82315     2.00000
   -10.62130     2.00000
   -10.60123     2.00000
   -10.55859     2.00000
   -10.46367     2.00000
   -10.42232     2.00000
   -10.41093     2.00000
   -10.34384     2.00000
   -10.31344     2.00000
   -10.21233     2.00000
   -10.18478     2.00000
   -10.17018     2.00000
   -10.13759     2.00000
   -10.11036     2.00000
   -10.00386     2.00000
    -9.92079     2.00000
    -9.81207     2.00000
    -9.79647     2.00000
    -9.62999     2.00000
    -9.62878     2.00000
    -9.53092     2.00000
    -9.50904     2.00000
    -9.45954     2.00000
    -9.45291     2.00000
    -9.38606     2.00000
    -9.37429     2.00000
    -9.14816     2.00000
    -9.06019     2.00000
    -9.04600     2.00000
    -9.03967     2.00000
    -8.97148     2.00000
    -8.94422     2.00000
    -8.91856     2.00000
    -8.87120     2.00000
    -8.79035     2.00000
    -8.72589     2.00000
    -8.64533     2.00000
    -4.11888     0.00000
    -4.10872     0.00000
    -4.05875     0.00000
    -4.02474     0.00000
    -3.97185     0.00000
    -3.92186     0.00000
    -3.91122     0.00000
    -3.88935     0.00000
    -3.85248     0.00000
    -3.80035     0.00000
    -3.77096     0.00000
    -3.64314     0.00000
    -3.63840     0.00000
    -3.58245     0.00000
    -3.58076     0.00000
    -3.51045     0.00000
    -3.48641     0.00000
    -3.42299     0.00000
    -3.41969     0.00000
    -3.38025     0.00000
    -3.25353     0.00000
    -3.21667     0.00000
    -3.07709     0.00000
    -3.07363     0.00000
    -2.94294     0.00000
    -2.89261     0.00000
    -2.77118     0.00000
    -2.76363     0.00000
    -2.68295     0.00000
    -2.62509     0.00000
    -2.49414     0.00000
    -2.35470     0.00000
    -2.27631     0.00000
    -2.06681     0.00000
    -2.00131     0.00000
    -1.82976     0.00000
    -1.62428     0.00000
    -0.71314     0.00000
    -0.22800     0.00000
     0.19640     0.00000
     0.21462     0.00000
     0.43105     0.00000
     0.44708     0.00000
     0.64234     0.00000
     0.73053     0.00000
     0.84315     0.00000
     4.06307     0.00000
     4.46943     0.00000
     4.51887     0.00000
     5.02540     0.00000
     7.44934     0.00000
     7.53440     0.00000
     8.07310     0.00000
     8.66166     0.00000
     8.79056     0.00000
     9.13287     0.00000
     9.28318     0.00000
     9.69228     0.00000
     9.84617     0.00000
    10.17191     0.00000
    10.40362     0.00000
    10.66743     0.00000
    10.77606     0.00000
    11.00139     0.00000
    11.14525     0.00000
    11.62625     0.00000
    11.86223     0.00000
    12.53654     0.00000
    13.03242     0.00000
    13.04757     0.00000
    13.26285     0.00000
    13.68668     0.00000
    14.12434     0.00000
    14.46709     0.00000
    14.86677     0.00000
    15.06878     0.00000
    15.52111     0.00000
    15.65208     0.00000
    16.40682     0.00000
    17.08976     0.00000
    17.71338     0.00000
 
