 Fermi distribution function
 
 Coordinates of moved atoms (au):
    1      0.00000000      3.71886736     12.01815780
    2      0.00000000      0.00000000     11.33835593
    3      3.71886736      3.71886736     12.69795967
    4      0.00000000     11.15660209     12.01815780
    5      0.00000000      7.43773472     11.33835593
    6      3.71886736     11.15660209     12.69795967
    7      0.00000000     18.59433681     12.01815780
    8      0.00000000     14.87546945     11.33835593
    9      3.71886736     18.59433681     12.69795967
   10      0.00000000     26.03207153     12.01815780
   11      0.00000000     22.31320417     11.33835593
   12      3.71886736     26.03207153     12.69795967
   13      3.71813049      7.43760477     17.75376356
   14      3.72136423     10.79345855     16.31761029
   15      3.86126419     14.20535302     17.49260936
   16      7.43335283     10.81380953     15.78202226
   17      3.16896491     19.77475972     18.72170371
   18      0.06290508     27.17662216     15.47294532
   19      3.16962929     24.85197500     18.72177952
   20      6.42626965     22.31314926     15.97276802
   21      0.67559456     22.31267491     18.93999285
   22      3.72141382      4.08210118     16.31759280
   23      3.86134066      0.67015516     17.49262096
   24      3.81732266     17.47832566     16.14537592
   25      0.06283356     17.44981828     15.47296185
   26      7.43336426      4.06163403     15.78201164
   27      3.81738706     27.14807989     16.14532689
 
 COMPONENT = q
  
 Eigenvalues /H
   -0.91589603
   -0.91144458
   -0.91010425
   -0.90573146
   -0.90286403
   -0.89885194
   -0.89736481
   -0.89662893
   -0.89379352
   -0.89365472
   -0.89194417
   -0.89149226
   -0.89139964
   -0.89041291
   -0.88896910
   -0.88834480
   -0.88731178
   -0.88190492
   -0.43421709
   -0.43245129
   -0.43104788
   -0.42967403
   -0.41687363
   -0.41630332
   -0.41178476
   -0.41096294
   -0.40904268
   -0.40886560
   -0.40637576
   -0.40616718
   -0.40455270
   -0.40406092
   -0.40275512
   -0.40080937
   -0.39871145
   -0.39774357
   -0.39032555
   -0.38958817
   -0.38802089
   -0.38453287
   -0.38301319
   -0.38259479
   -0.38012920
   -0.37901199
   -0.37529638
   -0.37428387
   -0.37374721
   -0.37254950
   -0.37154881
   -0.36763494
   -0.36458215
   -0.36058713
   -0.36001352
   -0.35389575
   -0.35385109
   -0.35025500
   -0.34945087
   -0.34763184
   -0.34738800
   -0.34493154
   -0.34449877
   -0.33618867
   -0.33295573
   -0.33243437
   -0.33220164
   -0.32969590
   -0.32869421
   -0.32775093
   -0.32601066
   -0.32303944
   -0.32067044
   -0.31771007
   -0.15136598
   -0.15099274
   -0.14915644
   -0.14790640
   -0.14596268
   -0.14412570
   -0.14373479
   -0.14293086
   -0.14157596
   -0.13966027
   -0.13858008
   -0.13388294
   -0.13370865
   -0.13165273
   -0.13159059
   -0.12900680
   -0.12812333
   -0.12579265
   -0.12567143
   -0.12422184
   -0.11956513
   -0.11821034
   -0.11308104
   -0.11295377
   -0.10815090
   -0.10630142
   -0.10183912
   -0.10156158
   -0.09859642
   -0.09647024
   -0.09165803
   -0.08653346
   -0.08365280
   -0.07595371
   -0.07354669
   -0.06724241
   -0.05969133
   -0.02620750
   -0.00837872
    0.00721758
    0.00788706
    0.01584083
    0.01642978
    0.02360555
    0.02684656
    0.03098524
    0.14931502
    0.16424859
    0.16606529
    0.18468019
    0.27375828
    0.27688397
    0.29668096
    0.31831029
    0.32304715
    0.33562664
    0.34115077
    0.35618480
    0.36184026
    0.37381077
    0.38232608
    0.39202100
    0.39601286
    0.40429351
    0.40958058
    0.42725682
    0.43592893
    0.46070953
    0.47893276
    0.47948952
    0.48740068
    0.50297607
    0.51906013
    0.53165588
    0.54634377
    0.55376756
    0.57039038
    0.57520345
    0.60293958
    0.62803705
    0.65095484
 
 Eigenvalues /eV
  -24.92279891
  -24.80166882
  -24.76519667
  -24.64620693
  -24.56818031
  -24.45900572
  -24.41853896
  -24.39851443
  -24.32135910
  -24.31758213
  -24.27103572
  -24.25873857
  -24.25621821
  -24.22936803
  -24.19007989
  -24.17309202
  -24.14498209
  -23.99785375
  -11.81564827
  -11.76759826
  -11.72940948
  -11.69202533
  -11.34370860
  -11.32818976
  -11.20523337
  -11.18287066
  -11.13061757
  -11.12579914
  -11.05804695
  -11.05237132
  -11.00843904
  -10.99505704
  -10.95952442
  -10.90657788
  -10.84949064
  -10.82315327
  -10.62129868
  -10.60123359
  -10.55858568
  -10.46367171
  -10.42231925
  -10.41093383
  -10.34384190
  -10.31344086
  -10.21233406
  -10.18478223
  -10.17017902
  -10.13758782
  -10.11035758
  -10.00385562
   -9.92078501
   -9.81207499
   -9.79646621
   -9.62999337
   -9.62877813
   -9.53092348
   -9.50904206
   -9.45954362
   -9.45290840
   -9.38606471
   -9.37428842
   -9.14815914
   -9.06018634
   -9.04599952
   -9.03966667
   -8.97148200
   -8.94422456
   -8.91855649
   -8.87120134
   -8.79035050
   -8.72588655
   -8.64533077
   -4.11887796
   -4.10872154
   -4.05875323
   -4.02473797
   -3.97184665
   -3.92185974
   -3.91122264
   -3.88934667
   -3.85247786
   -3.80034936
   -3.77095575
   -3.64314026
   -3.63839749
   -3.58245294
   -3.58076208
   -3.51045368
   -3.48641322
   -3.42299213
   -3.41969372
   -3.38024817
   -3.25353264
   -3.21666694
   -3.07709175
   -3.07362834
   -2.94293572
   -2.89260876
   -2.77118334
   -2.76363116
   -2.68294520
   -2.62508887
   -2.49414200
   -2.35469518
   -2.27630860
   -2.06680548
   -2.00130731
   -1.82975898
   -1.62428364
   -0.71314228
   -0.22799645
    0.19640038
    0.21461792
    0.43105082
    0.44707715
    0.64233979
    0.73053199
    0.84315133
    4.06306833
    4.46943166
    4.51886642
    5.02540379
    7.44934170
    7.53439628
    8.07309968
    8.66166374
    8.79056008
    9.13286564
    9.28318481
    9.69228161
    9.84617448
   10.17190853
   10.40362190
   10.66743406
   10.77605812
   11.00138611
   11.14525470
   11.62624964
   11.86222969
   12.53654427
   13.03242336
   13.04757366
   13.26284728
   13.68667520
   14.12434481
   14.46709268
   14.86677051
   15.06878189
   15.52111205
   15.65208215
   16.40682085
   17.08975769
   17.71338248
 
 Fillings
     2.00000
     2.00000
     2.00000
     2.00000
     2.00000
     2.00000
     2.00000
     2.00000
     2.00000
     2.00000
     2.00000
     2.00000
     2.00000
     2.00000
     2.00000
     2.00000
     2.00000
     2.00000
     2.00000
     2.00000
     2.00000
     2.00000
     2.00000
     2.00000
     2.00000
     2.00000
     2.00000
     2.00000
     2.00000
     2.00000
     2.00000
     2.00000
     2.00000
     2.00000
     2.00000
     2.00000
     2.00000
     2.00000
     2.00000
     2.00000
     2.00000
     2.00000
     2.00000
     2.00000
     2.00000
     2.00000
     2.00000
     2.00000
     2.00000
     2.00000
     2.00000
     2.00000
     2.00000
     2.00000
     2.00000
     2.00000
     2.00000
     2.00000
     2.00000
     2.00000
     2.00000
     2.00000
     2.00000
     2.00000
     2.00000
     2.00000
     2.00000
     2.00000
     2.00000
     2.00000
     2.00000
     2.00000
     0.00000
     0.00000
     0.00000
     0.00000
     0.00000
     0.00000
     0.00000
     0.00000
     0.00000
     0.00000
     0.00000
     0.00000
     0.00000
     0.00000
     0.00000
     0.00000
     0.00000
     0.00000
     0.00000
     0.00000
     0.00000
     0.00000
     0.00000
     0.00000
     0.00000
     0.00000
     0.00000
     0.00000
     0.00000
     0.00000
     0.00000
     0.00000
     0.00000
     0.00000
     0.00000
     0.00000
     0.00000
     0.00000
     0.00000
     0.00000
     0.00000
     0.00000
     0.00000
     0.00000
     0.00000
     0.00000
     0.00000
     0.00000
     0.00000
     0.00000
     0.00000
     0.00000
     0.00000
     0.00000
     0.00000
     0.00000
     0.00000
     0.00000
     0.00000
     0.00000
     0.00000
     0.00000
     0.00000
     0.00000
     0.00000
     0.00000
     0.00000
     0.00000
     0.00000
     0.00000
     0.00000
     0.00000
     0.00000
     0.00000
     0.00000
     0.00000
     0.00000
     0.00000
     0.00000
     0.00000
     0.00000
 
 Fermi energy:                      -0.2316487711 H           -6.3035 eV
 Band energy:                      -72.7144563588 H        -1978.6610 eV
 TS:                                 0.0000000000 H            0.0000 eV
 Band free energy (E-TS):          -72.7144563588 H        -1978.6610 eV
 Extrapolated E(0K):               -72.7144563588 H        -1978.6610 eV
 
 Energy H0:                        -72.7144563588 H        -1978.6610 eV
 Total Electronic energy:          -72.7144563588 H        -1978.6610 eV
 Repulsive energy:                   2.4011430570 H           65.3384 eV
 Total energy:                     -70.3133133017 H        -1913.3226 eV
 Total Mermin free energy:         -70.3133133017 H        -1913.3226 eV
 
 Non-SCC calculation
 
 Full geometry written in geo_end.{xyz|gen}
 
 Total Forces
  1.481558423672803E-006  1.419384778601252E-003  2.358124971902932E-002
 -1.594787815241183E-004  9.954683000640266E-003 -1.563929629709875E-002
 -2.261642573761469E-004  3.311692045217996E-003 -4.601200616168769E-003
  1.447220857249740E-006 -1.420417148673626E-003  2.358489525511386E-002
 -1.059599430080590E-006  1.164454015671825E-007 -8.201825695019430E-003
 -2.271076642146052E-004 -3.310016616001455E-003 -4.596232604141617E-003
  1.931575600536816E-002  4.145637617790139E-003  8.509070159935100E-004
 -1.592602010574400E-004 -9.954164569395272E-003 -1.563829647827549E-002
  2.301119905032537E-003  7.762665470890523E-004 -1.584778758890314E-002
  1.931806853145046E-002 -4.145636549883973E-003  8.485783127252927E-004
  2.639922760757258E-003  4.576675430067064E-007 -1.297412861135794E-002
  2.304525878229775E-003 -7.841349252929314E-004 -1.586506508798701E-002
  1.978872462357820E-004  1.913297145359521E-005 -1.096091957173191E-002
 -1.951650844818691E-003 -2.431355279116469E-003 -6.743303986504107E-003
 -4.055282094216473E-003 -2.285188273758242E-002  5.417307173415514E-003
  4.969721640111083E-003  2.880745972833254E-004 -4.960235056811903E-003
  5.668735759161506E-003 -9.090871448269223E-004  1.692883413265724E-002
  9.798823692804569E-003 -3.909911948676605E-003  5.897978842039742E-003
  5.393962208872172E-003  6.689384251705942E-004  1.688880008203444E-002
  7.632004066488743E-003 -6.014445715455497E-006  6.692924059879923E-003
 -1.604799324191927E-002  3.106011132955522E-004 -1.309186018237884E-002
 -1.963875255190413E-003  2.393435047270367E-003 -6.738662675280005E-003
 -4.057041689873416E-003  2.287483137706552E-002  5.412791573694856E-003
 -3.272837040892627E-002 -1.471555372364792E-003  1.436141813866660E-002
  9.800180342476934E-003  3.904737311205726E-003  5.897845349890712E-003
  4.982489371222842E-003 -2.884991763127849E-004 -4.959498610343976E-003
 -3.274884214894579E-002  1.414686968814915E-003  1.445478340686202E-002
 
 Total stress tensor
      0.000008935707     -0.000000073092     -0.000022065573
     -0.000000073087     -0.000067109770      0.000000031549
     -0.000022065612      0.000000031545      0.000022115752
 
 Total lattice derivs
     -0.012559387515      0.000102733255      0.031013781430
      0.000025681573      0.023581166137     -0.000011085646
      0.004882669541     -0.000006980211     -0.004893764528
 
 Maximal derivative component:       0.327488E-01 au
 Max force for moved atoms::         0.327488E-01 au
 
 Volume:                             0.104539E+05 au^3
 Pressure:                          -0.120194E-04 au    -0.353624E+09 Pa
 
 Geometry converged
 
