 KPT            1  SPIN            1  KWEIGHT    1.00000000000000     
   -24.81456     2.00000
   -24.75332     2.00000
   -24.72575     2.00000
   -24.64942     2.00000
   -24.56881     2.00000
   -24.45938     2.00000
   -24.44832     2.00000
   -24.37116     2.00000
   -24.35368     2.00000
   -24.30518     2.00000
   -24.26767     2.00000
   -24.26577     2.00000
   -24.26244     2.00000
   -24.25291     2.00000
   -24.18996     2.00000
   -24.18100     2.00000
   -24.17665     2.00000
   -24.15688     2.00000
   -11.77881     2.00000
   -11.72273     2.00000
   -11.71361     2.00000
   -11.68802     2.00000
   -11.36808     2.00000
   -11.36140     2.00000
   -11.28141     2.00000
   -11.16589     2.00000
   -11.16105     2.00000
   -11.07527     2.00000
   -11.05898     2.00000
   -11.04857     2.00000
   -10.98443     2.00000
   -10.97744     2.00000
   -10.95755     2.00000
   -10.92814     2.00000
   -10.87334     2.00000
   -10.67469     2.00000
   -10.64537     2.00000
   -10.50119     2.00000
   -10.46947     2.00000
   -10.42933     2.00000
   -10.42234     2.00000
   -10.39963     2.00000
   -10.32196     2.00000
   -10.28866     2.00000
   -10.24672     2.00000
   -10.15824     2.00000
   -10.15321     2.00000
   -10.09646     2.00000
   -10.07981     2.00000
   -10.05045     2.00000
    -9.98560     2.00000
    -9.77563     2.00000
    -9.73551     2.00000
    -9.68147     2.00000
    -9.64444     2.00000
    -9.60905     2.00000
    -9.51875     2.00000
    -9.47938     2.00000
    -9.45202     2.00000
    -9.40299     2.00000
    -9.40013     2.00000
    -9.30899     2.00000
    -9.19892     2.00000
    -9.12929     2.00000
    -9.04487     2.00000
    -9.02082     2.00000
    -9.00747     2.00000
    -9.00167     2.00000
    -8.91436     2.00000
    -8.89396     2.00000
    -8.84896     2.00000
    -8.78185     2.00000
    -4.11448     0.00000
    -4.09818     0.00000
    -4.07142     0.00000
    -4.04710     0.00000
    -3.97329     0.00000
    -3.92155     0.00000
    -3.91592     0.00000
    -3.86867     0.00000
    -3.82464     0.00000
    -3.81349     0.00000
    -3.79775     0.00000
    -3.63253     0.00000
    -3.62682     0.00000
    -3.53435     0.00000
    -3.51711     0.00000
    -3.49483     0.00000
    -3.43665     0.00000
    -3.39237     0.00000
    -3.34236     0.00000
    -3.33257     0.00000
    -3.27321     0.00000
    -3.16572     0.00000
    -3.09819     0.00000
    -3.06461     0.00000
    -3.00023     0.00000
    -2.84087     0.00000
    -2.74429     0.00000
    -2.72845     0.00000
    -2.67802     0.00000
    -2.67324     0.00000
    -2.52909     0.00000
    -2.50256     0.00000
    -2.30408     0.00000
    -2.25705     0.00000
    -1.94258     0.00000
    -1.70510     0.00000
    -1.48658     0.00000
    -0.27901     0.00000
     0.14284     0.00000
     0.14482     0.00000
     0.28051     0.00000
     0.31130     0.00000
     0.49451     0.00000
     0.70390     0.00000
     0.88997     0.00000
     3.58661     0.00000
     4.06026     0.00000
     4.48430     0.00000
     4.53106     0.00000
     5.06099     0.00000
     7.81183     0.00000
     7.90368     0.00000
     8.10261     0.00000
     8.13635     0.00000
     9.34539     0.00000
     9.41518     0.00000
     9.81762     0.00000
     9.94437     0.00000
    10.12743     0.00000
    10.25071     0.00000
    10.35248     0.00000
    10.61090     0.00000
    10.79365     0.00000
    10.99586     0.00000
    11.01869     0.00000
    11.36430     0.00000
    11.66450     0.00000
    12.30433     0.00000
    12.51395     0.00000
    13.02877     0.00000
    13.07304     0.00000
    13.45083     0.00000
    13.47736     0.00000
    13.91556     0.00000
    14.10732     0.00000
    14.68895     0.00000
    14.92015     0.00000
    15.06934     0.00000
    15.24131     0.00000
    15.83919     0.00000
    16.68438     0.00000
 
