 Fermi distribution function
 
 Coordinates of moved atoms (au):
    1      0.00000000      3.71886736     12.01815780
    2      0.00000000      0.00000000     11.33835593
    3      3.71886736      3.71886736     12.69795967
    4      0.00000000     11.15660209     12.01815780
    5      0.00000000      7.43773472     11.33835593
    6      3.71886736     11.15660209     12.69795967
    7      0.00000000     18.59433681     12.01815780
    8      0.00000000     14.87546945     11.33835593
    9      3.71886736     18.59433681     12.69795967
   10      0.00000000     26.03207153     12.01815780
   11      0.00000000     22.31320417     11.33835593
   12      3.71886736     26.03207153     12.69795967
   13      3.71886736      2.61662445     16.29385830
   14      3.71886736     29.01724895     17.58739763
   15      0.00000000      2.99340627     15.69538319
   16      3.71886736     15.60915982     17.58739893
   17      3.71886736     25.67927020     16.28089007
   18      3.71886736     22.31320078     17.60483101
   19      3.71886736      7.43767660     21.16884096
   20      3.71886736     10.16346306     19.13094507
   21      0.00000000      7.43773493     22.05189103
   22      0.00000000     25.74398159     15.75966872
   23      3.71886736     18.94714180     16.28089002
   24      0.00000000     11.88206343     15.69538384
   25      0.00000000     18.88242651     15.75966898
   26      3.71886736      4.71201963     19.13093106
   27      3.71886736     12.25888968     16.29380183
 
 COMPONENT = q
  
 Eigenvalues /H
   -0.91191838
   -0.90966761
   -0.90865443
   -0.90584940
   -0.90288730
   -0.89886554
   -0.89845937
   -0.89562353
   -0.89498129
   -0.89319891
   -0.89182049
   -0.89175053
   -0.89162812
   -0.89127811
   -0.88896457
   -0.88863529
   -0.88847556
   -0.88774902
   -0.43286321
   -0.43080244
   -0.43046730
   -0.42952666
   -0.41776936
   -0.41752379
   -0.41458412
   -0.41033894
   -0.41016107
   -0.40700880
   -0.40641000
   -0.40602739
   -0.40367050
   -0.40341333
   -0.40268257
   -0.40160178
   -0.39958798
   -0.39228765
   -0.39121033
   -0.38591179
   -0.38474577
   -0.38327101
   -0.38301378
   -0.38217944
   -0.37932488
   -0.37810112
   -0.37655995
   -0.37330843
   -0.37312363
   -0.37103815
   -0.37042607
   -0.36934739
   -0.36696392
   -0.35924786
   -0.35777338
   -0.35578743
   -0.35442648
   -0.35312602
   -0.34980761
   -0.34836081
   -0.34735521
   -0.34555347
   -0.34544835
   -0.34209894
   -0.33805412
   -0.33549535
   -0.33239279
   -0.33150912
   -0.33101849
   -0.33080524
   -0.32759653
   -0.32684684
   -0.32519324
   -0.32272718
   -0.15120448
   -0.15060532
   -0.14962207
   -0.14872802
   -0.14601579
   -0.14411415
   -0.14390736
   -0.14217089
   -0.14055287
   -0.14014334
   -0.13956484
   -0.13349304
   -0.13328304
   -0.12988513
   -0.12925148
   -0.12843257
   -0.12629462
   -0.12466714
   -0.12282961
   -0.12246952
   -0.12028828
   -0.11633815
   -0.11385646
   -0.11262234
   -0.11025625
   -0.10440004
   -0.10085089
   -0.10026861
   -0.09841538
   -0.09823962
   -0.09294225
   -0.09196744
   -0.08467331
   -0.08294489
   -0.07138851
   -0.06266111
   -0.05463069
   -0.01025348
    0.00524927
    0.00532218
    0.01030867
    0.01144017
    0.01817305
    0.02586797
    0.03270586
    0.13180549
    0.14921177
    0.16479512
    0.16651325
    0.18598780
    0.28707941
    0.29045498
    0.29776546
    0.29900522
    0.34343676
    0.34600158
    0.36079085
    0.36544876
    0.37217633
    0.37670682
    0.38044650
    0.38994355
    0.39665921
    0.40409050
    0.40492959
    0.41763024
    0.42866264
    0.45217571
    0.45987909
    0.47879857
    0.48042532
    0.49430901
    0.49528397
    0.51138743
    0.51843447
    0.53980910
    0.54830528
    0.55378808
    0.56010768
    0.58207940
    0.61313986
 
 Eigenvalues /eV
  -24.81456172
  -24.75331520
  -24.72574503
  -24.64941627
  -24.56881343
  -24.45937581
  -24.44832337
  -24.37115626
  -24.35368007
  -24.30517892
  -24.26767018
  -24.26576665
  -24.26243559
  -24.25291123
  -24.18995665
  -24.18099658
  -24.17664996
  -24.15688000
  -11.77880726
  -11.72273085
  -11.71361134
  -11.68801520
  -11.36808264
  -11.36140043
  -11.28140798
  -11.16589064
  -11.16105057
  -11.07527286
  -11.05897874
  -11.04856750
  -10.98443324
  -10.97743525
  -10.95755029
  -10.92814056
  -10.87334230
  -10.67468995
  -10.64537480
  -10.50119412
  -10.46946520
  -10.42933473
  -10.42233534
  -10.39963180
  -10.32195525
  -10.28865505
  -10.24671749
  -10.15823915
  -10.15321060
  -10.09646187
  -10.07980626
  -10.05045388
   -9.98559639
   -9.77563161
   -9.73550910
   -9.68146849
   -9.64443528
   -9.60904789
   -9.51874940
   -9.47937992
   -9.45201623
   -9.40298845
   -9.40012798
   -9.30898570
   -9.19892058
   -9.12929290
   -9.04486814
   -9.02082201
   -9.00747128
   -9.00166863
   -8.91435509
   -8.89395503
   -8.84895830
   -8.78185329
   -4.11448329
   -4.09817921
   -4.07142373
   -4.04709535
   -3.97329188
   -3.92154544
   -3.91591862
   -3.86866676
   -3.82463827
   -3.81349436
   -3.79775258
   -3.63253035
   -3.62681614
   -3.53435431
   -3.51711169
   -3.49482802
   -3.43665159
   -3.39236537
   -3.34236382
   -3.33256512
   -3.27321073
   -3.16572203
   -3.09819193
   -3.06460968
   -3.00022522
   -2.84086959
   -2.74429234
   -2.72844763
   -2.67801877
   -2.67323620
   -2.52908742
   -2.50256131
   -2.30407806
   -2.25704527
   -1.94258022
   -1.70509553
   -1.48657659
   -0.27901142
    0.14283991
    0.14482391
    0.28051311
    0.31130292
    0.49451398
    0.70390337
    0.88997167
    3.58660990
    4.06025883
    4.48430346
    4.53105619
    5.06098540
    7.81182818
    7.90368203
    8.10261033
    8.13634595
    9.34538979
    9.41518208
    9.81761863
    9.94436681
   10.12743319
   10.25071406
   10.35247588
   10.61090380
   10.79364639
   10.99586198
   11.01869473
   11.36429705
   11.66450395
   12.30432712
   12.51394685
   13.02877202
   13.07303814
   13.45083249
   13.47736250
   13.91556005
   14.10731979
   14.68895289
   14.92014579
   15.06934028
   15.24130547
   15.83918627
   16.68438442
 
 Fillings
     2.00000
     2.00000
     2.00000
     2.00000
     2.00000
     2.00000
     2.00000
     2.00000
     2.00000
     2.00000
     2.00000
     2.00000
     2.00000
     2.00000
     2.00000
     2.00000
     2.00000
     2.00000
     2.00000
     2.00000
     2.00000
     2.00000
     2.00000
     2.00000
     2.00000
     2.00000
     2.00000
     2.00000
     2.00000
     2.00000
     2.00000
     2.00000
     2.00000
     2.00000
     2.00000
     2.00000
     2.00000
     2.00000
     2.00000
     2.00000
     2.00000
     2.00000
     2.00000
     2.00000
     2.00000
     2.00000
     2.00000
     2.00000
     2.00000
     2.00000
     2.00000
     2.00000
     2.00000
     2.00000
     2.00000
     2.00000
     2.00000
     2.00000
     2.00000
     2.00000
     2.00000
     2.00000
     2.00000
     2.00000
     2.00000
     2.00000
     2.00000
     2.00000
     2.00000
     2.00000
     2.00000
     2.00000
     0.00000
     0.00000
     0.00000
     0.00000
     0.00000
     0.00000
     0.00000
     0.00000
     0.00000
     0.00000
     0.00000
     0.00000
     0.00000
     0.00000
     0.00000
     0.00000
     0.00000
     0.00000
     0.00000
     0.00000
     0.00000
     0.00000
     0.00000
     0.00000
     0.00000
     0.00000
     0.00000
     0.00000
     0.00000
     0.00000
     0.00000
     0.00000
     0.00000
     0.00000
     0.00000
     0.00000
     0.00000
     0.00000
     0.00000
     0.00000
     0.00000
     0.00000
     0.00000
     0.00000
     0.00000
     0.00000
     0.00000
     0.00000
     0.00000
     0.00000
     0.00000
     0.00000
     0.00000
     0.00000
     0.00000
     0.00000
     0.00000
     0.00000
     0.00000
     0.00000
     0.00000
     0.00000
     0.00000
     0.00000
     0.00000
     0.00000
     0.00000
     0.00000
     0.00000
     0.00000
     0.00000
     0.00000
     0.00000
     0.00000
     0.00000
     0.00000
     0.00000
     0.00000
     0.00000
     0.00000
     0.00000
 
 Fermi energy:                      -0.2459554020 H           -6.6928 eV
 Band energy:                      -72.7725689761 H        -1980.2424 eV
 TS:                                 0.0000000000 H            0.0000 eV
 Band free energy (E-TS):          -72.7725689761 H        -1980.2424 eV
 Extrapolated E(0K):               -72.7725689761 H        -1980.2424 eV
 
 Energy H0:                        -72.7725689761 H        -1980.2424 eV
 Total Electronic energy:          -72.7725689761 H        -1980.2424 eV
 Repulsive energy:                   2.4027395244 H           65.3819 eV
 Total energy:                     -70.3698294518 H        -1914.8605 eV
 Total Mermin free energy:         -70.3698294518 H        -1914.8605 eV
 
 Non-SCC calculation
 
 Full geometry written in geo_end.{xyz|gen}
 
 Total Forces
 -8.199245048103737E-016 -1.200295420583215E-003  1.672581127081237E-002
 -2.275342931396520E-017 -4.389017580281221E-003 -8.395566995485163E-003
  2.526527775285175E-016 -8.520976507557058E-004 -1.145519759316747E-002
  5.096021261224992E-016  1.199965007805920E-003  1.672561907735469E-002
  1.801891676449476E-016  5.266588734329395E-008 -6.294077997237232E-004
 -7.461662429081380E-016  8.503614816921176E-004 -1.146389093170400E-002
 -4.412356087903221E-016  2.259057801049019E-004  1.054811662674125E-002
 -9.657111305407945E-017  4.389047389609727E-003 -8.395522910496851E-003
 -2.352577781814768E-015  1.660787858217083E-003 -1.788141273948814E-002
 -1.958806693329510E-014 -2.259149648475645E-004  1.054786907620621E-002
 -1.528178069025669E-017  2.045538816452049E-009 -7.914164227209457E-003
  1.951313335360662E-015 -1.660735804644113E-003 -1.788151570294334E-002
 -3.118795991305648E-016 -9.757729910096186E-003 -2.683482144935356E-004
 -2.612097787386940E-015  1.099606877481801E-002 -2.298479958002253E-004
  2.078332456164208E-015 -9.712353941316949E-004  3.203038742815689E-003
  9.543265851124522E-016 -1.098370828340451E-002 -2.273324652330155E-004
  3.632074716189058E-014 -1.114434606139423E-002  5.948039657265980E-003
 -2.550897995589900E-015  2.972228185825277E-006 -3.708808699480121E-003
 -5.955279916401396E-015  6.790145429854237E-005  1.465072077942597E-002
  8.675761376179542E-016  3.758213320216669E-003 -2.114584037061096E-004
  5.382830767130431E-015 -1.503558930279668E-006  1.668481494932171E-004
 -1.395943604040119E-014 -1.175495930376250E-003  7.647383660780160E-004
  1.490977209316763E-014  1.114045092186343E-002  5.947079917276311E-003
 -1.802462394834628E-015  9.717759224990503E-004  3.201696945826199E-003
 -1.356881729371040E-014  1.175406481519623E-003  7.646295913052992E-004
 -3.751537424579926E-017 -3.827964787523827E-003 -2.659407191858590E-004
  1.478757848492201E-015  9.751134014711720E-003 -2.657928024840661E-004
 
 Total stress tensor
     -0.000025861122      0.000000000000      0.000000000000
      0.000000000000     -0.000074842040      0.000000014442
      0.000000000000      0.000000014416      0.000015697676
 
 Total lattice derivs
      0.036348532697      0.000000000000      0.000000000000
      0.000000000000      0.026298146819     -0.000005074537
      0.000000000000     -0.000003190053     -0.003473575306
 
 Maximal derivative component:       0.178815E-01 au
 Max force for moved atoms::         0.178815E-01 au
 
 Volume:                             0.104539E+05 au^3
 Pressure:                          -0.283352E-04 au    -0.833649E+09 Pa
 
 Geometry converged
 
