 KPT            1  SPIN            1  KWEIGHT    1.00000000000000     
   -24.77193     2.00000
   -24.71822     2.00000
   -24.65509     2.00000
   -24.51030     2.00000
   -24.49283     2.00000
   -24.42937     2.00000
   -24.40664     2.00000
   -24.35247     2.00000
   -24.31295     2.00000
   -24.26886     2.00000
   -24.26387     2.00000
   -24.24511     2.00000
   -24.22945     2.00000
   -24.18851     2.00000
   -24.18301     2.00000
   -23.91851     2.00000
   -23.89806     2.00000
   -23.87830     2.00000
   -11.73726     2.00000
   -11.63757     2.00000
   -11.58753     2.00000
   -11.38367     2.00000
   -11.28644     2.00000
   -11.20641     2.00000
   -11.12405     2.00000
   -11.11569     2.00000
   -11.03014     2.00000
   -11.02132     2.00000
   -10.97777     2.00000
   -10.94456     2.00000
   -10.89910     2.00000
   -10.84674     2.00000
   -10.68616     2.00000
   -10.65243     2.00000
   -10.58675     2.00000
   -10.55027     2.00000
   -10.48746     2.00000
   -10.45021     2.00000
   -10.43058     2.00000
   -10.32241     2.00000
   -10.25961     2.00000
   -10.16927     2.00000
   -10.10439     2.00000
   -10.06336     2.00000
    -9.99465     2.00000
    -9.90166     2.00000
    -9.88279     2.00000
    -9.79969     2.00000
    -9.66673     2.00000
    -9.59067     2.00000
    -9.55088     2.00000
    -9.51919     2.00000
    -9.46876     2.00000
    -9.44427     2.00000
    -9.39804     2.00000
    -9.39176     2.00000
    -9.33953     2.00000
    -9.19958     2.00000
    -9.16911     2.00000
    -9.15428     2.00000
    -9.12529     2.00000
    -9.06218     2.00000
    -9.05629     2.00000
    -9.04152     2.00000
    -9.00423     2.00000
    -8.98250     2.00000
    -8.93703     2.00000
    -8.91315     2.00000
    -8.87737     2.00000
    -8.85032     2.00000
    -8.79598     2.00000
    -8.67121     2.00000
    -5.35590     0.00000
    -4.70504     0.00000
    -4.57539     0.00000
    -4.41928     0.00000
    -4.33655     0.00000
    -4.24629     0.00000
    -4.19797     0.00000
    -4.17062     0.00000
    -4.10958     0.00000
    -4.05628     0.00000
    -4.03027     0.00000
    -3.99237     0.00000
    -3.92823     0.00000
    -3.91326     0.00000
    -3.87593     0.00000
    -3.82125     0.00000
    -3.79511     0.00000
    -3.76072     0.00000
    -3.73947     0.00000
    -3.65403     0.00000
    -3.60104     0.00000
    -3.57917     0.00000
    -3.55352     0.00000
    -3.50840     0.00000
    -3.42058     0.00000
    -3.41062     0.00000
    -3.33119     0.00000
    -3.27776     0.00000
    -3.22212     0.00000
    -3.03786     0.00000
    -3.01248     0.00000
    -2.93479     0.00000
    -2.80900     0.00000
    -2.77896     0.00000
    -2.73659     0.00000
    -2.46352     0.00000
    -2.33797     0.00000
    -1.73827     0.00000
    -0.91657     0.00000
    -0.74918     0.00000
    -0.52829     0.00000
    -0.34238     0.00000
    -0.22285     0.00000
     0.13021     0.00000
     0.14269     0.00000
     0.27676     0.00000
     0.80595     0.00000
     1.07885     0.00000
     1.95940     0.00000
     2.61346     0.00000
     2.86351     0.00000
     3.56429     0.00000
     4.06303     0.00000
     4.42665     0.00000
     4.66476     0.00000
     6.94155     0.00000
     7.66498     0.00000
     7.88302     0.00000
     7.99422     0.00000
     8.40905     0.00000
     9.00033     0.00000
     9.04657     0.00000
     9.22374     0.00000
     9.60631     0.00000
    10.23397     0.00000
    10.32749     0.00000
    10.71002     0.00000
    10.75942     0.00000
    11.43272     0.00000
    11.91375     0.00000
    12.48493     0.00000
    12.59113     0.00000
    12.94696     0.00000
    13.27881     0.00000
    13.59063     0.00000
    13.67210     0.00000
    13.84404     0.00000
    14.22952     0.00000
    14.93547     0.00000
    15.98317     0.00000
    17.82569     0.00000
 
