 Fermi distribution function
 
 Coordinates of moved atoms (au):
    1      0.00000000      3.71886736     12.01815780
    2      0.00000000      0.00000000     11.33835593
    3      3.71886736      3.71886736     12.69795967
    4      0.00000000     11.15660209     12.01815780
    5      0.00000000      7.43773472     11.33835593
    6      3.71886736     11.15660209     12.69795967
    7      0.00000000     18.59433681     12.01815780
    8      0.00000000     14.87546945     11.33835593
    9      3.71886736     18.59433681     12.69795967
   10      0.00000000     26.03207153     12.01815780
   11      0.00000000     22.31320417     11.33835593
   12      3.71886736     26.03207153     12.69795967
   13      0.00660355      3.13766702     15.91268378
   14      3.72126243      2.36370416     16.06592908
   15      7.39539334     12.55920935     15.79479565
   16      3.67002503     19.03581289     16.29586654
   17      3.72280866     22.23078240     17.62565259
   18      4.53235229      7.81899755     23.85609699
   19      7.42906789     25.62659789     15.78337849
   20      3.78625843     15.60668637      7.77338446
   21      3.69530598     12.60095884     16.06633721
   22      7.02820830      8.68325663     18.72555640
   23      1.73086234      3.95677881     21.59427031
   24      3.71679280     25.55277437     16.29326163
   25      3.74107296     15.87869427     17.59640213
   26      5.27908387      3.78688967     20.86403566
   27      3.66296257     28.89404607     17.63593306
 
 COMPONENT = q
  
 Eigenvalues /H
   -0.91035170
   -0.90837797
   -0.90605779
   -0.90073680
   -0.90009490
   -0.89776283
   -0.89692738
   -0.89493692
   -0.89348442
   -0.89186435
   -0.89168089
   -0.89099154
   -0.89041581
   -0.88891152
   -0.88870934
   -0.87898902
   -0.87823771
   -0.87751138
   -0.43133621
   -0.42767278
   -0.42583397
   -0.41834229
   -0.41476918
   -0.41182785
   -0.40880146
   -0.40849421
   -0.40535017
   -0.40502603
   -0.40342559
   -0.40220531
   -0.40053439
   -0.39861044
   -0.39270908
   -0.39146946
   -0.38905594
   -0.38771519
   -0.38540707
   -0.38403815
   -0.38331671
   -0.37934165
   -0.37703382
   -0.37371392
   -0.37132936
   -0.36982176
   -0.36729682
   -0.36387927
   -0.36318586
   -0.36013186
   -0.35524594
   -0.35245067
   -0.35098840
   -0.34982383
   -0.34797051
   -0.34707055
   -0.34537162
   -0.34514088
   -0.34322142
   -0.33807833
   -0.33695871
   -0.33641349
   -0.33534840
   -0.33302914
   -0.33281265
   -0.33226957
   -0.33089939
   -0.33010074
   -0.32842982
   -0.32755238
   -0.32623750
   -0.32524337
   -0.32324632
   -0.31866120
   -0.19682578
   -0.17290703
   -0.16814241
   -0.16240548
   -0.15936535
   -0.15604821
   -0.15427268
   -0.15326730
   -0.15102418
   -0.14906550
   -0.14810976
   -0.14671703
   -0.14435971
   -0.14380984
   -0.14243764
   -0.14042822
   -0.13946767
   -0.13820407
   -0.13742302
   -0.13428321
   -0.13233567
   -0.13153220
   -0.13058944
   -0.12893115
   -0.12570397
   -0.12533814
   -0.12241880
   -0.12045553
   -0.11841089
   -0.11163917
   -0.11070679
   -0.10785161
   -0.10322890
   -0.10212484
   -0.10056794
   -0.09053263
   -0.08591898
   -0.06388041
   -0.03368325
   -0.02753169
   -0.01941416
   -0.01258242
   -0.00818974
    0.00478528
    0.00524371
    0.01017076
    0.02961794
    0.03964705
    0.07200676
    0.09604286
    0.10523224
    0.13098521
    0.14931369
    0.16267653
    0.17142672
    0.25509715
    0.28168287
    0.28969562
    0.29378219
    0.30902678
    0.33075600
    0.33245516
    0.33896611
    0.35302539
    0.37609164
    0.37952842
    0.39358609
    0.39540134
    0.42014474
    0.43782233
    0.45881283
    0.46271551
    0.47579205
    0.48798743
    0.49944658
    0.50244045
    0.50875927
    0.52292521
    0.54886852
    0.58737086
    0.65508191
 
 Eigenvalues /eV
  -24.77193010
  -24.71822214
  -24.65508688
  -24.51029539
  -24.49282855
  -24.42936963
  -24.40663592
  -24.35247265
  -24.31294814
  -24.26886385
  -24.26387149
  -24.24511342
  -24.22944695
  -24.18851322
  -24.18301164
  -23.91850831
  -23.89806400
  -23.87829957
  -11.73725554
  -11.63756842
  -11.58753200
  -11.38367285
  -11.28644362
  -11.20640610
  -11.12405370
  -11.11569306
  -11.03013920
  -11.02131907
  -10.97776878
  -10.94456336
  -10.89909529
  -10.84674188
  -10.68615771
  -10.65242596
  -10.58675068
  -10.55026722
  -10.48745988
  -10.45020976
  -10.43057827
  -10.32241140
  -10.25961224
  -10.16927326
  -10.10438595
  -10.06336215
   -9.99465487
   -9.90165860
   -9.88279019
   -9.79968643
   -9.66673373
   -9.59067070
   -9.55088027
   -9.51919077
   -9.46875929
   -9.44427012
   -9.39803991
   -9.39176116
   -9.33953011
   -9.19957940
   -9.16911298
   -9.15427692
   -9.12529415
   -9.06218388
   -9.05629290
   -9.04151513
   -9.00423040
   -8.98249807
   -8.93703020
   -8.91315376
   -8.87737406
   -8.85032239
   -8.79597987
   -8.67121248
   -5.35590204
   -4.70503981
   -4.57538788
   -4.41927796
   -4.33655173
   -4.24628787
   -4.19797310
   -4.17061545
   -4.10957707
   -4.05627858
   -4.03027156
   -3.99237354
   -3.92822769
   -3.91326475
   -3.87592543
   -3.82124620
   -3.79510848
   -3.76072419
   -3.73947072
   -3.65403193
   -3.60103676
   -3.57917338
   -3.55351957
   -3.50839515
   -3.42057896
   -3.41062422
   -3.33118516
   -3.27776180
   -3.22212424
   -3.03785643
   -3.01248491
   -2.93479156
   -2.80900137
   -2.77895834
   -2.73659288
   -2.46351807
   -2.33797432
   -1.73827448
   -0.91656798
   -0.74917551
   -0.52828626
   -0.34238498
   -0.22285421
    0.13021403
    0.14268857
    0.27676042
    0.80594516
    1.07885118
    1.95940362
    2.61345912
    2.86351485
    3.56428888
    4.06303211
    4.42665356
    4.66475840
    6.94154653
    7.66498102
    7.88301886
    7.99422022
    8.40904658
    9.00032880
    9.04656520
    9.22373706
    9.60630964
   10.23397435
   10.32749385
   10.71002232
   10.75941790
   11.43271998
   11.91375168
   12.48493222
   12.59112959
   12.94696048
   13.27881372
   13.59063296
   13.67210035
   13.84404401
   14.22951901
   14.93547229
   15.98317434
   17.82568574
 
 Fillings
     2.00000
     2.00000
     2.00000
     2.00000
     2.00000
     2.00000
     2.00000
     2.00000
     2.00000
     2.00000
     2.00000
     2.00000
     2.00000
     2.00000
     2.00000
     2.00000
     2.00000
     2.00000
     2.00000
     2.00000
     2.00000
     2.00000
     2.00000
     2.00000
     2.00000
     2.00000
     2.00000
     2.00000
     2.00000
     2.00000
     2.00000
     2.00000
     2.00000
     2.00000
     2.00000
     2.00000
     2.00000
     2.00000
     2.00000
     2.00000
     2.00000
     2.00000
     2.00000
     2.00000
     2.00000
     2.00000
     2.00000
     2.00000
     2.00000
     2.00000
     2.00000
     2.00000
     2.00000
     2.00000
     2.00000
     2.00000
     2.00000
     2.00000
     2.00000
     2.00000
     2.00000
     2.00000
     2.00000
     2.00000
     2.00000
     2.00000
     2.00000
     2.00000
     2.00000
     2.00000
     2.00000
     2.00000
     0.00000
     0.00000
     0.00000
     0.00000
     0.00000
     0.00000
     0.00000
     0.00000
     0.00000
     0.00000
     0.00000
     0.00000
     0.00000
     0.00000
     0.00000
     0.00000
     0.00000
     0.00000
     0.00000
     0.00000
     0.00000
     0.00000
     0.00000
     0.00000
     0.00000
     0.00000
     0.00000
     0.00000
     0.00000
     0.00000
     0.00000
     0.00000
     0.00000
     0.00000
     0.00000
     0.00000
     0.00000
     0.00000
     0.00000
     0.00000
     0.00000
     0.00000
     0.00000
     0.00000
     0.00000
     0.00000
     0.00000
     0.00000
     0.00000
     0.00000
     0.00000
     0.00000
     0.00000
     0.00000
     0.00000
     0.00000
     0.00000
     0.00000
     0.00000
     0.00000
     0.00000
     0.00000
     0.00000
     0.00000
     0.00000
     0.00000
     0.00000
     0.00000
     0.00000
     0.00000
     0.00000
     0.00000
     0.00000
     0.00000
     0.00000
     0.00000
     0.00000
     0.00000
     0.00000
     0.00000
     0.00000
 
 Fermi energy:                      -0.2267244948 H           -6.1695 eV
 Band energy:                      -71.9605657644 H        -1958.1466 eV
 TS:                                 0.0000000000 H            0.0000 eV
 Band free energy (E-TS):          -71.9605657644 H        -1958.1466 eV
 Extrapolated E(0K):               -71.9605657644 H        -1958.1466 eV
 
 Energy H0:                        -71.9605657644 H        -1958.1466 eV
 Total Electronic energy:          -71.9605657644 H        -1958.1466 eV
 Repulsive energy:                   1.9697412270 H           53.5994 eV
 Total energy:                     -69.9908245373 H        -1904.5472 eV
 Total Mermin free energy:         -69.9908245373 H        -1904.5472 eV
 
 Non-SCC calculation
 
 Full geometry written in geo_end.{xyz|gen}
 
 Total Forces
  1.778307460354534E-003  5.840545239822677E-003  1.243911337381334E-002
 -1.949194960218308E-005 -2.562616416363030E-003 -4.608333181325027E-003
  4.060381752235025E-004 -8.429646573928286E-003 -8.427952494628486E-003
 -3.266730263916941E-003  5.849325951787099E-003  2.317907819692741E-002
  2.892081918527321E-006  1.892024772989808E-004  3.676387255842142E-004
 -1.569544561046974E-003  5.202407280065546E-003  8.549290352340144E-005
 -9.578298782473089E-003 -6.146319340555735E-003 -3.183481143407539E-002
  5.613209107791345E-004  7.054565297621767E-003 -6.198059894235552E-003
 -2.606333961866101E-004  6.645161637327573E-003  2.181292587950454E-002
 -1.113581921774500E-004 -1.988222717731627E-003  2.603737322313190E-002
  6.027709122509469E-006 -3.693870663780351E-003 -3.443772397387600E-003
 -3.965109857286458E-004 -3.129591867775084E-003 -7.389935771009506E-003
  1.595850047823397E-003 -2.286824847283153E-003 -6.283044358431814E-003
  2.496022954965945E-004  5.357655621721288E-004  1.048961238823718E-002
  3.776347582543018E-003 -1.567240827807136E-002 -1.148662413607559E-002
  9.319986344865234E-003  1.205886502518956E-002 -2.463937475605259E-003
 -2.803110498245560E-004 -1.819589838458460E-002  3.120020694287226E-003
 -2.464366185939362E-003 -6.789406607379637E-004  1.502864341129862E-003
  1.705743019842339E-003  3.722908348779341E-004 -8.245358368089171E-003
 -1.807681277763094E-004  3.362143149484435E-003  1.289117284134428E-003
  7.049285158037428E-003  1.630673084577192E-003  7.859285454484173E-003
  3.291944184089818E-004 -4.316325967160917E-003  2.830266175749908E-003
 -5.861501487843389E-003  1.594719506573300E-002 -1.816340043297142E-002
 -1.911242644091123E-003  1.998944400250611E-002 -1.522314028449568E-002
 -1.073086923216291E-003 -1.357609923672605E-002  7.839835267645090E-004
 -5.286809947656138E-004 -3.893829776784688E-003  1.615317379574594E-002
  7.219303401733539E-004 -1.069898769813366E-004 -4.181575734687554E-003
 
 Total stress tensor
     -0.000047295204      0.000004087875     -0.000000381005
      0.000004088170     -0.000085238283     -0.000003128057
     -0.000000380232     -0.000003129431     -0.000008421296
 
 Total lattice derivs
      0.066474735644     -0.005745623136      0.000535512819
     -0.001436509293      0.029951199555      0.001099142836
      0.000084137524      0.000692479130      0.001863461015
 
 Maximal derivative component:       0.318348E-01 au
 Max force for moved atoms::         0.318348E-01 au
 
 Volume:                             0.104539E+05 au^3
 Pressure:                          -0.469849E-04 au    -0.138234E+10 Pa
 
 Geometry converged
 
