 KPT            1  SPIN            1  KWEIGHT    1.00000000000000     
   -24.81756     2.00000
   -24.76392     2.00000
   -24.69733     2.00000
   -24.62434     2.00000
   -24.55448     2.00000
   -24.45544     2.00000
   -24.41991     2.00000
   -24.36706     2.00000
   -24.32084     2.00000
   -24.30829     2.00000
   -24.27048     2.00000
   -24.26090     2.00000
   -24.22890     2.00000
   -24.21302     2.00000
   -24.18032     2.00000
   -24.16474     2.00000
   -24.15240     2.00000
   -24.12730     2.00000
   -11.75873     2.00000
   -11.69244     2.00000
   -11.68618     2.00000
   -11.52508     2.00000
   -11.47683     2.00000
   -11.28677     2.00000
   -11.20337     2.00000
   -11.16839     2.00000
   -11.07501     2.00000
   -11.03121     2.00000
   -11.01851     2.00000
   -10.97465     2.00000
   -10.96772     2.00000
   -10.95418     2.00000
   -10.91730     2.00000
   -10.80540     2.00000
   -10.78284     2.00000
   -10.64827     2.00000
   -10.61406     2.00000
   -10.51307     2.00000
   -10.45432     2.00000
   -10.40784     2.00000
   -10.36196     2.00000
   -10.31648     2.00000
   -10.27072     2.00000
   -10.24427     2.00000
   -10.15285     2.00000
   -10.12719     2.00000
   -10.08850     2.00000
   -10.05659     2.00000
    -9.98642     2.00000
    -9.82531     2.00000
    -9.80375     2.00000
    -9.72934     2.00000
    -9.68501     2.00000
    -9.64438     2.00000
    -9.56449     2.00000
    -9.54557     2.00000
    -9.51921     2.00000
    -9.46228     2.00000
    -9.43614     2.00000
    -9.34176     2.00000
    -9.33005     2.00000
    -9.29497     2.00000
    -9.16394     2.00000
    -9.09375     2.00000
    -9.07331     2.00000
    -9.02155     2.00000
    -8.98298     2.00000
    -8.93319     2.00000
    -8.92500     2.00000
    -8.86682     2.00000
    -8.85227     2.00000
    -8.78900     2.00000
    -4.36288     0.00000
    -4.22328     0.00000
    -4.15160     0.00000
    -4.09469     0.00000
    -4.02791     0.00000
    -3.99921     0.00000
    -3.95667     0.00000
    -3.94852     0.00000
    -3.91523     0.00000
    -3.88829     0.00000
    -3.83788     0.00000
    -3.75733     0.00000
    -3.70702     0.00000
    -3.59340     0.00000
    -3.56191     0.00000
    -3.53643     0.00000
    -3.50486     0.00000
    -3.47476     0.00000
    -3.44719     0.00000
    -3.39993     0.00000
    -3.30899     0.00000
    -3.25621     0.00000
    -3.20393     0.00000
    -3.10058     0.00000
    -3.06335     0.00000
    -3.05043     0.00000
    -2.91659     0.00000
    -2.83113     0.00000
    -2.78386     0.00000
    -2.68773     0.00000
    -2.61521     0.00000
    -2.55549     0.00000
    -2.38092     0.00000
    -2.23688     0.00000
    -2.18539     0.00000
    -2.07679     0.00000
    -1.90333     0.00000
    -0.57347     0.00000
    -0.26788     0.00000
    -0.08064     0.00000
     0.14123     0.00000
     0.20661     0.00000
     0.28444     0.00000
     0.41728     0.00000
     0.49666     0.00000
     0.76194     0.00000
     3.75391     0.00000
     4.02284     0.00000
     4.41161     0.00000
     4.57543     0.00000
     5.03597     0.00000
     6.25858     0.00000
     7.37993     0.00000
     7.79227     0.00000
     8.44815     0.00000
     8.63599     0.00000
     9.14524     0.00000
     9.34364     0.00000
     9.47627     0.00000
     9.65905     0.00000
     9.98682     0.00000
    10.12952     0.00000
    10.19623     0.00000
    10.47038     0.00000
    10.81073     0.00000
    11.10232     0.00000
    11.95291     0.00000
    12.13022     0.00000
    12.19504     0.00000
    12.50929     0.00000
    12.87498     0.00000
    13.25469     0.00000
    13.60364     0.00000
    13.73482     0.00000
    14.17079     0.00000
    14.37862     0.00000
    14.74861     0.00000
    15.22392     0.00000
    15.48606     0.00000
    15.81355     0.00000
    16.57826     0.00000
 
