 Fermi distribution function
 
 Coordinates of moved atoms (au):
    1      0.00000000      3.71886736     12.01815780
    2      0.00000000      0.00000000     11.33835593
    3      3.71886736      3.71886736     12.69795967
    4      0.00000000     11.15660209     12.01815780
    5      0.00000000      7.43773472     11.33835593
    6      3.71886736     11.15660209     12.69795967
    7      0.00000000     18.59433681     12.01815780
    8      0.00000000     14.87546945     11.33835593
    9      3.71886736     18.59433681     12.69795967
   10      0.00000000     26.03207153     12.01815780
   11      0.00000000     22.31320417     11.33835593
   12      3.71886736     26.03207153     12.69795967
   13      0.09815575      7.34688416     17.91850156
   14      3.69631232     21.77603198     17.59047849
   15      7.43647988     18.37645652     15.76816836
   16      1.31342063      1.98723503     21.76464619
   17      3.71624826     18.38783001     16.30143213
   18      3.74713228     11.53132402     16.30216339
   19      3.68517770     25.18499400     16.36768675
   20      0.03247380     10.71768784     15.85506886
   21      5.02798542      1.52452528     22.26701270
   22      3.72690525     14.92252173     17.39149041
   23      7.39613416     25.35318907     15.69957055
   24      0.75722432      5.21082557     20.78435547
   25      0.01782159      4.87472624     15.63124824
   26      3.41860286     27.80993361     18.53069226
   27      3.81305179      8.45957023     18.27724974
 
 COMPONENT = q
  
 Eigenvalues /H
   -0.91202863
   -0.91005725
   -0.90761030
   -0.90492801
   -0.90236043
   -0.89872100
   -0.89741506
   -0.89547297
   -0.89377433
   -0.89331312
   -0.89192388
   -0.89157164
   -0.89039575
   -0.88981225
   -0.88861034
   -0.88803796
   -0.88758452
   -0.88666193
   -0.43212526
   -0.42968930
   -0.42945908
   -0.42353901
   -0.42176591
   -0.41478131
   -0.41171623
   -0.41043079
   -0.40699927
   -0.40538966
   -0.40492264
   -0.40331101
   -0.40305622
   -0.40255870
   -0.40120358
   -0.39709107
   -0.39626221
   -0.39131659
   -0.39005958
   -0.38634805
   -0.38418937
   -0.38248123
   -0.38079517
   -0.37912381
   -0.37744212
   -0.37647008
   -0.37311038
   -0.37216737
   -0.37074556
   -0.36957307
   -0.36699424
   -0.36107362
   -0.36028114
   -0.35754675
   -0.35591743
   -0.35442444
   -0.35148856
   -0.35079322
   -0.34982460
   -0.34773239
   -0.34677167
   -0.34330338
   -0.34287309
   -0.34158403
   -0.33676852
   -0.33418917
   -0.33343809
   -0.33153574
   -0.33011854
   -0.32828885
   -0.32798787
   -0.32584972
   -0.32531493
   -0.32298965
   -0.16033276
   -0.15520266
   -0.15256836
   -0.15047717
   -0.14802298
   -0.14696838
   -0.14540502
   -0.14510529
   -0.14388191
   -0.14289199
   -0.14103956
   -0.13807936
   -0.13623061
   -0.13205510
   -0.13089788
   -0.12996158
   -0.12880121
   -0.12769504
   -0.12668201
   -0.12494515
   -0.12160305
   -0.11966343
   -0.11774242
   -0.11394424
   -0.11257618
   -0.11210130
   -0.10718258
   -0.10404199
   -0.10230490
   -0.09877224
   -0.09610709
   -0.09391257
   -0.08749708
   -0.08220369
   -0.08031161
   -0.07632081
   -0.06994594
   -0.02107454
   -0.00984433
   -0.00296342
    0.00519004
    0.00759269
    0.01045284
    0.01533458
    0.01825177
    0.02800075
    0.13795373
    0.14783683
    0.16212379
    0.16814394
    0.18506836
    0.22999842
    0.27120739
    0.28636050
    0.31046397
    0.31736677
    0.33608137
    0.34337235
    0.34824655
    0.35496346
    0.36700887
    0.37225285
    0.37470442
    0.38477938
    0.39728707
    0.40800263
    0.43926119
    0.44577753
    0.44815945
    0.45970780
    0.47314691
    0.48710076
    0.49992473
    0.50474531
    0.52076689
    0.52840467
    0.54200156
    0.55946890
    0.56910235
    0.58113741
    0.60923991
 
 Eigenvalues /eV
  -24.81756175
  -24.76391774
  -24.69733285
  -24.62434413
  -24.55447670
  -24.45544277
  -24.41990633
  -24.36705919
  -24.32083691
  -24.30828668
  -24.27048371
  -24.26089871
  -24.22890106
  -24.21302338
  -24.18031772
  -24.16474238
  -24.15240373
  -24.12729877
  -11.75872650
  -11.69244074
  -11.68617609
  -11.52508280
  -11.47683432
  -11.28677362
  -11.20336874
  -11.16838997
  -11.07501370
  -11.03121381
  -11.01850564
  -10.97465101
  -10.96771785
  -10.95417970
  -10.91730490
  -10.80539792
  -10.78284323
  -10.64826616
  -10.61406113
  -10.51306524
  -10.45432470
  -10.40784369
  -10.36196378
  -10.31648384
  -10.27072266
  -10.24427216
  -10.15284995
  -10.12718954
  -10.08849996
  -10.05659493
   -9.98642125
   -9.82531318
   -9.80374864
   -9.72934204
   -9.68500614
   -9.64437973
   -9.56449037
   -9.54556913
   -9.51921166
   -9.46227972
   -9.43613718
   -9.34176033
   -9.33005157
   -9.29497429
   -9.16393768
   -9.09374999
   -9.07331201
   -9.02154643
   -8.98298242
   -8.93319400
   -8.92500405
   -8.86682212
   -8.85226966
   -8.78899557
   -4.36287641
   -4.22327915
   -4.15159630
   -4.09469223
   -4.02791013
   -3.99921309
   -3.95667184
   -3.94851587
   -3.91522597
   -3.88828891
   -3.83788168
   -3.75733053
   -3.70702347
   -3.59340215
   -3.56191242
   -3.53643443
   -3.50485938
   -3.47475870
   -3.44719284
   -3.39993051
   -3.30898743
   -3.25620768
   -3.20393430
   -3.10058062
   -3.06335371
   -3.05043156
   -2.91658630
   -2.83112653
   -2.78385793
   -2.68772927
   -2.61520708
   -2.55549095
   -2.38091668
   -2.23687610
   -2.18539012
   -2.07679486
   -1.90332586
   -0.57346735
   -0.26787791
   -0.08063871
    0.14122812
    0.20660754
    0.28443623
    0.41727516
    0.49665602
    0.76193916
    3.75391196
    4.02284469
    4.41161268
    4.57542949
    5.03596622
    6.25857541
    7.37992860
    7.79226563
    8.44815445
    8.63598928
    9.14523946
    9.34363706
    9.47627070
    9.65904729
    9.98681953
   10.12951537
   10.19622597
   10.47037966
   10.81073121
   11.10231644
   11.95290501
   12.13022382
   12.19503914
   12.50928566
   12.87498247
   13.25468604
   13.60364418
   13.73481869
   14.17078803
   14.37862270
   14.74861296
   15.22392329
   15.48606285
   15.81355350
   16.57826152
 
 Fillings
     2.00000
     2.00000
     2.00000
     2.00000
     2.00000
     2.00000
     2.00000
     2.00000
     2.00000
     2.00000
     2.00000
     2.00000
     2.00000
     2.00000
     2.00000
     2.00000
     2.00000
     2.00000
     2.00000
     2.00000
     2.00000
     2.00000
     2.00000
     2.00000
     2.00000
     2.00000
     2.00000
     2.00000
     2.00000
     2.00000
     2.00000
     2.00000
     2.00000
     2.00000
     2.00000
     2.00000
     2.00000
     2.00000
     2.00000
     2.00000
     2.00000
     2.00000
     2.00000
     2.00000
     2.00000
     2.00000
     2.00000
     2.00000
     2.00000
     2.00000
     2.00000
     2.00000
     2.00000
     2.00000
     2.00000
     2.00000
     2.00000
     2.00000
     2.00000
     2.00000
     2.00000
     2.00000
     2.00000
     2.00000
     2.00000
     2.00000
     2.00000
     2.00000
     2.00000
     2.00000
     2.00000
     2.00000
     0.00000
     0.00000
     0.00000
     0.00000
     0.00000
     0.00000
     0.00000
     0.00000
     0.00000
     0.00000
     0.00000
     0.00000
     0.00000
     0.00000
     0.00000
     0.00000
     0.00000
     0.00000
     0.00000
     0.00000
     0.00000
     0.00000
     0.00000
     0.00000
     0.00000
     0.00000
     0.00000
     0.00000
     0.00000
     0.00000
     0.00000
     0.00000
     0.00000
     0.00000
     0.00000
     0.00000
     0.00000
     0.00000
     0.00000
     0.00000
     0.00000
     0.00000
     0.00000
     0.00000
     0.00000
     0.00000
     0.00000
     0.00000
     0.00000
     0.00000
     0.00000
     0.00000
     0.00000
     0.00000
     0.00000
     0.00000
     0.00000
     0.00000
     0.00000
     0.00000
     0.00000
     0.00000
     0.00000
     0.00000
     0.00000
     0.00000
     0.00000
     0.00000
     0.00000
     0.00000
     0.00000
     0.00000
     0.00000
     0.00000
     0.00000
     0.00000
     0.00000
     0.00000
     0.00000
     0.00000
     0.00000
 
 Fermi energy:                      -0.2477236430 H           -6.7409 eV
 Band energy:                      -72.5709852785 H        -1974.7570 eV
 TS:                                 0.0000000000 H            0.0000 eV
 Band free energy (E-TS):          -72.5709852785 H        -1974.7570 eV
 Extrapolated E(0K):               -72.5709852785 H        -1974.7570 eV
 
 Energy H0:                        -72.5709852785 H        -1974.7570 eV
 Total Electronic energy:          -72.5709852785 H        -1974.7570 eV
 Repulsive energy:                   2.2877056995 H           62.2516 eV
 Total energy:                     -70.2832795790 H        -1912.5053 eV
 Total Mermin free energy:         -70.2832795790 H        -1912.5053 eV
 
 Non-SCC calculation
 
 Full geometry written in geo_end.{xyz|gen}
 
 Total Forces
 -7.887516424540607E-005  1.129581093686656E-002  4.034930674979535E-002
 -1.219521768678763E-005 -1.062883626602140E-003 -1.502332445651455E-004
  6.569237654605627E-004 -7.005966718498203E-003 -2.732186073897045E-002
  3.884233026212145E-003 -9.060354702521945E-003  2.146905190843582E-002
 -4.891813067674935E-005  6.167798224421692E-003 -1.518930486867603E-002
  1.668531420256950E-003  5.708166115787927E-003 -6.227216031526955E-003
  1.558630402429221E-004 -6.988821127852495E-004  1.943898579005604E-002
  6.493708163414082E-006 -1.662567916621160E-003 -4.219357076446141E-003
 -7.636855001581836E-005 -1.730321961739435E-004 -1.259460787014081E-002
 -3.720362325738279E-004 -1.925244593373548E-003  1.731102438853774E-002
  4.506085081059135E-005 -3.887394535238710E-003 -8.417771810566476E-003
 -2.313201441189127E-003  2.102301001908474E-004 -1.058899959742619E-002
  3.556569122001859E-003  1.215496717459752E-002  2.611513755032416E-002
  1.686826348612513E-006  2.369826491723292E-003 -5.380242774815316E-003
 -5.429407011945344E-004  1.848756525085543E-003  1.539663618915624E-003
  8.708604707615697E-004 -8.119303996763305E-003 -5.315983871276207E-003
  2.283464488062421E-004  9.069987532833376E-004 -3.074041501792621E-003
 -2.765921980965647E-003 -1.208035275637229E-002 -3.230605414479303E-003
 -5.228135514983854E-003 -8.886910331928011E-003  1.591108154661638E-003
  6.636531806813719E-004  1.185452843947747E-002 -6.205294361420758E-003
 -1.428128089732828E-003 -3.784766347592328E-003 -1.071918693223508E-003
  8.493332297533304E-005  1.240383480907533E-002  1.299318594396026E-003
  2.662540294650067E-003 -1.245737784391224E-003  1.674778266803428E-003
  4.380277211244940E-004  8.758571402004020E-003 -7.347473854393612E-003
 -1.644548074585658E-003 -2.396815597791474E-002 -2.382049465071336E-002
 -2.962695811113259E-003  8.423926319205327E-003  1.177216158947487E-002
  2.550241710467278E-003  1.458138305057706E-003 -2.405130250967641E-003
 
 Total stress tensor
     -0.000048599586      0.000011280754     -0.000001287949
      0.000011279818     -0.000096140473      0.000004646416
     -0.000001288368      0.000004646428     -0.000006894574
 
 Total lattice derivs
      0.068308082385     -0.015855415693      0.001810248034
     -0.003963525057      0.033782033123     -0.001632667082
      0.000285089582     -0.001028159622      0.001525628618
 
 Maximal derivative component:       0.403493E-01 au
 Max force for moved atoms::         0.403493E-01 au
 
 Volume:                             0.104539E+05 au^3
 Pressure:                          -0.505449E-04 au    -0.148708E+10 Pa
 
 Geometry converged
 
