 KPT            1  SPIN            1  KWEIGHT    1.00000000000000     
   -24.81109     2.00000
   -24.73338     2.00000
   -24.71834     2.00000
   -24.63426     2.00000
   -24.49929     2.00000
   -24.45407     2.00000
   -24.41699     2.00000
   -24.34168     2.00000
   -24.30724     2.00000
   -24.27248     2.00000
   -24.26582     2.00000
   -24.26084     2.00000
   -24.22992     2.00000
   -24.19224     2.00000
   -24.18064     2.00000
   -24.17333     2.00000
   -24.05654     2.00000
   -23.94226     2.00000
   -11.77314     2.00000
   -11.69893     2.00000
   -11.65827     2.00000
   -11.62381     2.00000
   -11.45828     2.00000
   -11.38201     2.00000
   -11.26372     2.00000
   -11.21433     2.00000
   -11.07438     2.00000
   -11.03257     2.00000
   -11.00866     2.00000
   -10.98119     2.00000
   -10.94604     2.00000
   -10.87207     2.00000
   -10.84666     2.00000
   -10.73585     2.00000
   -10.66864     2.00000
   -10.62476     2.00000
   -10.51393     2.00000
   -10.44379     2.00000
   -10.42333     2.00000
   -10.37949     2.00000
   -10.34552     2.00000
   -10.31029     2.00000
   -10.23057     2.00000
   -10.14466     2.00000
   -10.13920     2.00000
   -10.08836     2.00000
   -10.03320     2.00000
    -9.93957     2.00000
    -9.85364     2.00000
    -9.76513     2.00000
    -9.70632     2.00000
    -9.65703     2.00000
    -9.62050     2.00000
    -9.60781     2.00000
    -9.59467     2.00000
    -9.55555     2.00000
    -9.47647     2.00000
    -9.46207     2.00000
    -9.44179     2.00000
    -9.33379     2.00000
    -9.27589     2.00000
    -9.16337     2.00000
    -9.12335     2.00000
    -9.07706     2.00000
    -9.02659     2.00000
    -9.01215     2.00000
    -8.97270     2.00000
    -8.93802     2.00000
    -8.87234     2.00000
    -8.84363     2.00000
    -8.82122     2.00000
    -8.79601     2.00000
    -4.35443     0.00000
    -4.21312     0.00000
    -4.14122     0.00000
    -4.12951     0.00000
    -4.09307     0.00000
    -4.06994     0.00000
    -4.02244     0.00000
    -3.98916     0.00000
    -3.96407     0.00000
    -3.89560     0.00000
    -3.85464     0.00000
    -3.82373     0.00000
    -3.76756     0.00000
    -3.69740     0.00000
    -3.66757     0.00000
    -3.57146     0.00000
    -3.54471     0.00000
    -3.53485     0.00000
    -3.50615     0.00000
    -3.45763     0.00000
    -3.43745     0.00000
    -3.41141     0.00000
    -3.31645     0.00000
    -3.26808     0.00000
    -3.22004     0.00000
    -3.11790     0.00000
    -3.02597     0.00000
    -2.96840     0.00000
    -2.88775     0.00000
    -2.84622     0.00000
    -2.75397     0.00000
    -2.71318     0.00000
    -2.66975     0.00000
    -2.53753     0.00000
    -2.24359     0.00000
    -2.01909     0.00000
    -1.52202     0.00000
    -1.18672     0.00000
    -0.32249     0.00000
    -0.11152     0.00000
     0.13179     0.00000
     0.16096     0.00000
     0.34606     0.00000
     0.81115     0.00000
     1.06000     0.00000
     1.80495     0.00000
     2.52856     0.00000
     3.84564     0.00000
     4.29465     0.00000
     4.47936     0.00000
     4.92206     0.00000
     5.31875     0.00000
     6.72750     0.00000
     6.83612     0.00000
     7.09121     0.00000
     7.49306     0.00000
     8.15906     0.00000
     8.87654     0.00000
     9.46235     0.00000
     9.57842     0.00000
     9.81149     0.00000
     9.91769     0.00000
    10.44690     0.00000
    10.51792     0.00000
    10.72789     0.00000
    10.78296     0.00000
    11.18941     0.00000
    11.48248     0.00000
    11.70545     0.00000
    12.30987     0.00000
    12.44485     0.00000
    12.81967     0.00000
    13.25164     0.00000
    13.36536     0.00000
    13.47653     0.00000
    13.68402     0.00000
    13.85425     0.00000
    14.44192     0.00000
    14.90861     0.00000
    15.86957     0.00000
    17.13257     0.00000
 
