 Fermi distribution function
 
 Coordinates of moved atoms (au):
    1      0.00000000      3.71886736     12.01815780
    2      0.00000000      0.00000000     11.33835593
    3      3.71886736      3.71886736     12.69795967
    4      0.00000000     11.15660209     12.01815780
    5      0.00000000      7.43773472     11.33835593
    6      3.71886736     11.15660209     12.69795967
    7      0.00000000     18.59433681     12.01815780
    8      0.00000000     14.87546945     11.33835593
    9      3.71886736     18.59433681     12.69795967
   10      0.00000000     26.03207153     12.01815780
   11      0.00000000     22.31320417     11.33835593
   12      3.71886736     26.03207153     12.69795967
   13      3.71461542      4.04324749     16.28807183
   14      3.74645332      7.60093342     17.22437721
   15      3.84965681     27.01231854     16.39886940
   16      7.41654875      3.91796429     15.83201837
   17      3.75292979      0.59744271     17.13900525
   18      7.42592450     11.06047845     15.80614642
   19      4.00784525     21.42397989     18.22289661
   20      3.72763944     14.57254771     17.22829301
   21      0.14892869     21.57528359     19.03596664
   22      0.12258477     26.32532193     15.82058544
   23      3.72550026     11.09559427     16.31723922
   24      0.11379527     18.71953744     16.04314337
   25      3.80447871     18.01499689     16.29572894
   26      1.52090536     20.72698535     23.08322451
   27      0.04497280     25.36543804     20.56967254
 
 COMPONENT = q
  
 Eigenvalues /H
   -0.91179075
   -0.90893484
   -0.90838228
   -0.90529259
   -0.90033227
   -0.89867041
   -0.89730803
   -0.89454022
   -0.89327476
   -0.89199725
   -0.89175232
   -0.89156938
   -0.89043310
   -0.88904858
   -0.88862222
   -0.88835346
   -0.88406162
   -0.87986190
   -0.43265509
   -0.42992795
   -0.42843353
   -0.42716720
   -0.42108417
   -0.41828119
   -0.41393407
   -0.41211891
   -0.40697581
   -0.40543939
   -0.40456093
   -0.40355146
   -0.40225970
   -0.39954105
   -0.39860734
   -0.39453517
   -0.39206517
   -0.39045262
   -0.38637972
   -0.38380230
   -0.38305033
   -0.38143928
   -0.38019101
   -0.37889627
   -0.37596639
   -0.37280944
   -0.37260887
   -0.37074058
   -0.36871328
   -0.36527257
   -0.36211450
   -0.35886181
   -0.35670058
   -0.35488919
   -0.35354687
   -0.35308058
   -0.35259762
   -0.35116012
   -0.34825396
   -0.34772480
   -0.34697930
   -0.34301047
   -0.34088275
   -0.33674752
   -0.33527678
   -0.33357590
   -0.33172122
   -0.33119032
   -0.32974057
   -0.32846613
   -0.32605257
   -0.32499729
   -0.32417374
   -0.32324746
   -0.16002219
   -0.15482941
   -0.15218691
   -0.15175672
   -0.15041740
   -0.14956762
   -0.14782196
   -0.14659911
   -0.14567689
   -0.14316057
   -0.14165542
   -0.14051958
   -0.13845544
   -0.13587713
   -0.13478068
   -0.13124883
   -0.13026568
   -0.12990319
   -0.12884880
   -0.12706541
   -0.12632389
   -0.12536688
   -0.12187734
   -0.12009974
   -0.11833438
   -0.11458073
   -0.11120253
   -0.10908685
   -0.10612288
   -0.10459672
   -0.10120638
   -0.09970758
   -0.09811147
   -0.09325266
   -0.08245050
   -0.07420008
   -0.05593336
   -0.04361127
   -0.01185113
   -0.00409812
    0.00484337
    0.00591523
    0.01271739
    0.02980913
    0.03895439
    0.06633066
    0.09292275
    0.14132473
    0.15782540
    0.16461352
    0.18088236
    0.19546060
    0.24723112
    0.25122268
    0.26059725
    0.27536478
    0.29984006
    0.32620667
    0.34773495
    0.35200056
    0.36056561
    0.36446845
    0.38391636
    0.38652638
    0.39424269
    0.39626643
    0.41120318
    0.42197344
    0.43016744
    0.45237952
    0.45733998
    0.47111428
    0.48698884
    0.49116812
    0.49525332
    0.50287834
    0.50913427
    0.53073095
    0.54788145
    0.58319615
    0.62961034
 
 Eigenvalues /eV
  -24.81108860
  -24.73337542
  -24.71833938
  -24.63426469
  -24.49928759
  -24.45406619
  -24.41699377
  -24.34167800
  -24.30724309
  -24.27248005
  -24.26581522
  -24.26083734
  -24.22991743
  -24.19224276
  -24.18064085
  -24.17332746
  -24.05654076
  -23.94226049
  -11.77314412
  -11.69893482
  -11.65826944
  -11.62381081
  -11.45828315
  -11.38201034
  -11.26371911
  -11.21432601
  -11.07437519
  -11.03256700
  -11.00866298
  -10.98119407
  -10.94604339
  -10.87206523
  -10.84665766
  -10.73584825
  -10.66863601
  -10.62475629
  -10.51392721
  -10.44379204
  -10.42332984
  -10.37949085
  -10.34552372
  -10.31029213
  -10.23056591
  -10.14466090
  -10.13920311
  -10.08836447
  -10.03319873
   -9.93957234
   -9.85363685
   -9.76512668
   -9.70631674
   -9.65702617
   -9.62049990
   -9.60781135
   -9.59466949
   -9.55555309
   -9.47647252
   -9.46207314
   -9.44178709
   -9.33378965
   -9.27589162
   -9.16336627
   -9.12334534
   -9.07706194
   -9.02659366
   -9.01214723
   -8.97269735
   -8.93801822
   -8.87234182
   -8.84362635
   -8.82121639
   -8.79601098
   -4.35442547
   -4.21312268
   -4.14121664
   -4.12951035
   -4.09306569
   -4.06994201
   -4.02244030
   -3.98916464
   -3.96406976
   -3.89559726
   -3.85464023
   -3.82373224
   -3.76756434
   -3.69740480
   -3.66756887
   -3.57146232
   -3.54470961
   -3.53484555
   -3.50615411
   -3.45762579
   -3.43744800
   -3.41140645
   -3.31645110
   -3.26808016
   -3.22004233
   -3.11790042
   -3.02597490
   -2.96840421
   -2.88775042
   -2.84622153
   -2.75396581
   -2.71318124
   -2.66974895
   -2.53753394
   -2.24359230
   -2.01908684
   -1.52202414
   -1.18672307
   -0.32248565
   -0.11151551
    0.13179476
    0.16096166
    0.34605767
    0.81114769
    1.06000293
    1.80494903
    2.52855658
    3.84564158
    4.29464753
    4.47936191
    4.92205931
    5.31875341
    6.72750097
    6.83611694
    7.09121209
    7.49305683
    8.15906316
    8.87653520
    9.46234955
    9.57842256
    9.81148958
    9.91769122
   10.44689575
   10.51791789
   10.72788950
   10.78295818
   11.18940787
   11.48248144
   11.70545164
   12.30987312
   12.44485415
   12.81967186
   13.25164063
   13.36536454
   13.47652863
   13.68401574
   13.85424843
   14.44192393
   14.90861283
   15.86957470
   17.13256893
 
 Fillings
     2.00000
     2.00000
     2.00000
     2.00000
     2.00000
     2.00000
     2.00000
     2.00000
     2.00000
     2.00000
     2.00000
     2.00000
     2.00000
     2.00000
     2.00000
     2.00000
     2.00000
     2.00000
     2.00000
     2.00000
     2.00000
     2.00000
     2.00000
     2.00000
     2.00000
     2.00000
     2.00000
     2.00000
     2.00000
     2.00000
     2.00000
     2.00000
     2.00000
     2.00000
     2.00000
     2.00000
     2.00000
     2.00000
     2.00000
     2.00000
     2.00000
     2.00000
     2.00000
     2.00000
     2.00000
     2.00000
     2.00000
     2.00000
     2.00000
     2.00000
     2.00000
     2.00000
     2.00000
     2.00000
     2.00000
     2.00000
     2.00000
     2.00000
     2.00000
     2.00000
     2.00000
     2.00000
     2.00000
     2.00000
     2.00000
     2.00000
     2.00000
     2.00000
     2.00000
     2.00000
     2.00000
     2.00000
     0.00000
     0.00000
     0.00000
     0.00000
     0.00000
     0.00000
     0.00000
     0.00000
     0.00000
     0.00000
     0.00000
     0.00000
     0.00000
     0.00000
     0.00000
     0.00000
     0.00000
     0.00000
     0.00000
     0.00000
     0.00000
     0.00000
     0.00000
     0.00000
     0.00000
     0.00000
     0.00000
     0.00000
     0.00000
     0.00000
     0.00000
     0.00000
     0.00000
     0.00000
     0.00000
     0.00000
     0.00000
     0.00000
     0.00000
     0.00000
     0.00000
     0.00000
     0.00000
     0.00000
     0.00000
     0.00000
     0.00000
     0.00000
     0.00000
     0.00000
     0.00000
     0.00000
     0.00000
     0.00000
     0.00000
     0.00000
     0.00000
     0.00000
     0.00000
     0.00000
     0.00000
     0.00000
     0.00000
     0.00000
     0.00000
     0.00000
     0.00000
     0.00000
     0.00000
     0.00000
     0.00000
     0.00000
     0.00000
     0.00000
     0.00000
     0.00000
     0.00000
     0.00000
     0.00000
     0.00000
     0.00000
 
 Fermi energy:                      -0.2386777733 H           -6.4948 eV
 Band energy:                      -72.4213576170 H        -1970.6854 eV
 TS:                                 0.0000000000 H            0.0000 eV
 Band free energy (E-TS):          -72.4213576170 H        -1970.6854 eV
 Extrapolated E(0K):               -72.4213576170 H        -1970.6854 eV
 
 Energy H0:                        -72.4213576170 H        -1970.6854 eV
 Total Electronic energy:          -72.4213576170 H        -1970.6854 eV
 Repulsive energy:                   2.1809908856 H           59.3478 eV
 Total energy:                     -70.2403667314 H        -1911.3376 eV
 Total Mermin free energy:         -70.2403667314 H        -1911.3376 eV
 
 Non-SCC calculation
 
 Full geometry written in geo_end.{xyz|gen}
 
 Total Forces
 -3.369311511619070E-003  7.333122294126320E-004  3.064697697512977E-002
 -5.419057847750466E-005  1.927902715828132E-003 -4.987881182091435E-003
 -9.695362300312616E-004  3.551559895351003E-003 -1.536994442888293E-002
 -1.405816806224649E-004 -9.840026163764188E-004  2.718796039417150E-002
  1.101380455135209E-005  2.462839331105409E-004 -5.969937497489877E-003
 -4.806749700000245E-004 -1.584619385295073E-004 -9.336812436788924E-003
  1.426348003837195E-002  8.898205331053968E-003  1.134119942372920E-002
  4.783209056053156E-006  6.968727162096233E-004 -3.147827828495490E-003
  4.717465790456004E-003 -7.073303554971593E-003  2.387772265587368E-003
  1.280383627353849E-003 -8.360374087274429E-004  3.234731948322349E-002
  7.464337885113573E-006 -4.750892625713573E-004 -3.195561974937929E-003
  6.969802059534012E-003  9.489037827422730E-003  7.933582779398880E-003
 -8.299438195612579E-004  3.225138046054926E-002 -1.195021229647551E-002
 -1.554766379587047E-003 -9.353647142551739E-003  5.045334120082241E-003
 -2.765578616859040E-003 -1.732930482770928E-002 -1.672546221138872E-002
  6.748107777971696E-003  4.666595207647679E-003 -1.432661283809454E-002
  4.945868460201749E-004 -2.827980918957218E-002  1.376403034841706E-002
  6.918388706951228E-003  2.189284982760125E-003 -7.359037308630335E-003
 -7.072132058639428E-003 -7.182022194846267E-003  3.921332280718830E-003
  9.742005341366235E-004  5.794874746135190E-003  7.579289605306461E-003
  1.333978590932974E-002  2.385276261964926E-002  2.050533587355392E-002
 -4.910372233187394E-003 -2.834793385495624E-003 -8.387113176112709E-003
 -5.267177154956813E-003 -1.047971409527753E-002 -1.811347219069336E-002
 -1.284287087614925E-002  4.015221606840605E-003  5.142450591672679E-003
  7.777746682296680E-005  1.360575115865527E-002  3.465814681228994E-003
 -1.466952812664424E-002  1.745276220781128E-003 -3.159424185766020E-002
 -8.805758721060038E-004 -2.867813603477840E-002 -2.080428159447837E-002
 
 Total stress tensor
     -0.000022456736     -0.000000704252     -0.000016263171
     -0.000000703986     -0.000105849408     -0.000015083475
     -0.000016262853     -0.000015083753     -0.000048029316
 
 Total lattice derivs
      0.031563572290      0.000989845950      0.022858342892
      0.000247368110      0.037193578147      0.005300061940
      0.003598637482      0.003337726732      0.010627907327
 
 Maximal derivative component:       0.323473E-01 au
 Max force for moved atoms::         0.323473E-01 au
 
 Volume:                             0.104539E+05 au^3
 Pressure:                          -0.587785E-04 au    -0.172932E+10 Pa
 
 Geometry converged
 
