 KPT            1  SPIN            1  KWEIGHT    1.00000000000000     
   -24.82063     2.00000
   -24.75883     2.00000
   -24.69329     2.00000
   -24.58384     2.00000
   -24.49698     2.00000
   -24.45640     2.00000
   -24.40943     2.00000
   -24.33723     2.00000
   -24.31476     2.00000
   -24.29022     2.00000
   -24.26906     2.00000
   -24.22857     2.00000
   -24.21506     2.00000
   -24.14103     2.00000
   -24.09881     2.00000
   -24.07512     2.00000
   -23.95182     2.00000
   -23.93300     2.00000
   -11.75290     2.00000
   -11.55422     2.00000
   -11.50925     2.00000
   -11.45282     2.00000
   -11.39705     2.00000
   -11.33438     2.00000
   -11.13304     2.00000
   -11.09130     2.00000
   -11.02455     2.00000
   -10.99806     2.00000
   -10.95666     2.00000
   -10.91934     2.00000
   -10.86941     2.00000
   -10.78108     2.00000
   -10.67608     2.00000
   -10.61894     2.00000
   -10.57006     2.00000
   -10.53741     2.00000
   -10.42886     2.00000
   -10.37340     2.00000
   -10.31660     2.00000
   -10.26379     2.00000
   -10.24489     2.00000
   -10.20717     2.00000
   -10.18519     2.00000
   -10.11915     2.00000
   -10.03719     2.00000
    -9.99679     2.00000
    -9.93576     2.00000
    -9.89398     2.00000
    -9.86818     2.00000
    -9.77929     2.00000
    -9.73531     2.00000
    -9.68446     2.00000
    -9.62270     2.00000
    -9.56347     2.00000
    -9.49215     2.00000
    -9.40893     2.00000
    -9.37069     2.00000
    -9.30597     2.00000
    -9.25221     2.00000
    -9.21307     2.00000
    -9.19099     2.00000
    -9.13597     2.00000
    -9.05480     2.00000
    -9.03753     2.00000
    -9.01959     2.00000
    -8.98813     2.00000
    -8.91783     2.00000
    -8.90816     2.00000
    -8.90393     2.00000
    -8.84899     2.00000
    -8.74897     2.00000
    -8.69120     2.00000
    -4.80753     0.00000
    -4.65646     0.00000
    -4.49591     0.00000
    -4.37283     0.00000
    -4.27970     0.00000
    -4.22260     0.00000
    -4.18578     0.00000
    -4.09499     0.00000
    -4.05180     0.00000
    -3.96731     0.00000
    -3.93346     0.00000
    -3.89188     0.00000
    -3.86201     0.00000
    -3.82895     0.00000
    -3.78801     0.00000
    -3.75503     0.00000
    -3.70794     0.00000
    -3.63840     0.00000
    -3.58149     0.00000
    -3.55330     0.00000
    -3.47170     0.00000
    -3.43871     0.00000
    -3.33778     0.00000
    -3.28092     0.00000
    -3.22641     0.00000
    -3.08365     0.00000
    -3.03687     0.00000
    -2.99007     0.00000
    -2.90686     0.00000
    -2.86753     0.00000
    -2.79093     0.00000
    -2.66344     0.00000
    -2.49102     0.00000
    -2.43281     0.00000
    -2.39673     0.00000
    -2.08056     0.00000
    -2.05647     0.00000
    -1.88480     0.00000
    -1.78542     0.00000
    -1.26661     0.00000
    -0.94580     0.00000
    -0.43671     0.00000
    -0.08461     0.00000
     0.27789     0.00000
     0.44361     0.00000
     0.63584     0.00000
     1.12322     0.00000
     1.87950     0.00000
     1.99575     0.00000
     3.85253     0.00000
     4.18623     0.00000
     4.53245     0.00000
     4.63989     0.00000
     5.01022     0.00000
     5.68781     0.00000
     5.99501     0.00000
     6.93669     0.00000
     6.96100     0.00000
     7.96919     0.00000
     8.61987     0.00000
     9.10051     0.00000
     9.24584     0.00000
     9.57726     0.00000
    10.15465     0.00000
    10.49940     0.00000
    10.65955     0.00000
    10.89001     0.00000
    11.76378     0.00000
    12.16816     0.00000
    12.40704     0.00000
    12.71990     0.00000
    12.93807     0.00000
    13.31505     0.00000
    13.73307     0.00000
    14.08019     0.00000
    14.26088     0.00000
    15.13508     0.00000
    15.52888     0.00000
    17.21225     0.00000
    17.76261     0.00000
    18.85055     0.00000
 
