 Fermi distribution function
 
 Coordinates of moved atoms (au):
    1      0.00000000      3.71886736     12.01815780
    2      0.00000000      0.00000000     11.33835593
    3      3.71886736      3.71886736     12.69795967
    4      0.00000000     11.15660209     12.01815780
    5      0.00000000      7.43773472     11.33835593
    6      3.71886736     11.15660209     12.69795967
    7      0.00000000     18.59433681     12.01815780
    8      0.00000000     14.87546945     11.33835593
    9      3.71886736     18.59433681     12.69795967
   10      0.00000000     26.03207153     12.01815780
   11      0.00000000     22.31320417     11.33835593
   12      3.71886736     26.03207153     12.69795967
   13      7.22346882      4.65057076     15.64623906
   14      3.71494282     16.60386842     17.83595727
   15      0.04172609     19.67140487     15.68635841
   16      3.46650290      5.77029791     19.09173466
   17      3.72637659     13.81409360     15.40013493
   18      3.63098959     11.83934066     18.35038993
   19      4.59348203     19.92031381     17.53972109
   20      3.58316036     25.53838065     16.75159256
   21      3.71706294      0.01884110     10.75836803
   22      0.00691959      9.81281562     15.79707641
   23      3.33936634      8.42934392     17.18247361
   24      7.25729666     25.51496020     15.65213970
   25      2.68749223     28.14903219     18.65087659
   26      1.46108089     11.74720791      7.01754730
   27      3.62896913     22.89454654     19.21565477
 
 COMPONENT = q
  
 Eigenvalues /H
   -0.91214154
   -0.90987045
   -0.90746191
   -0.90343961
   -0.90024729
   -0.89875605
   -0.89703023
   -0.89437692
   -0.89355117
   -0.89264924
   -0.89187154
   -0.89038346
   -0.88988694
   -0.88716669
   -0.88561489
   -0.88474448
   -0.88021316
   -0.87952149
   -0.43191124
   -0.42460996
   -0.42295703
   -0.42088330
   -0.41883388
   -0.41653079
   -0.40913158
   -0.40759793
   -0.40514487
   -0.40417119
   -0.40265002
   -0.40127855
   -0.39944351
   -0.39619741
   -0.39233878
   -0.39023888
   -0.38844272
   -0.38724279
   -0.38325349
   -0.38121560
   -0.37912814
   -0.37718719
   -0.37649283
   -0.37510649
   -0.37429874
   -0.37187209
   -0.36885980
   -0.36737512
   -0.36513243
   -0.36359724
   -0.36264896
   -0.35938234
   -0.35776592
   -0.35589727
   -0.35362783
   -0.35145110
   -0.34883006
   -0.34577196
   -0.34436669
   -0.34198801
   -0.34001238
   -0.33857417
   -0.33776271
   -0.33574061
   -0.33275763
   -0.33212331
   -0.33146381
   -0.33030781
   -0.32772416
   -0.32736882
   -0.32721333
   -0.32519424
   -0.32151888
   -0.31939555
   -0.17667334
   -0.17112176
   -0.16522154
   -0.16069844
   -0.15727612
   -0.15517787
   -0.15382454
   -0.15048824
   -0.14890109
   -0.14579603
   -0.14455194
   -0.14302410
   -0.14192614
   -0.14071116
   -0.13920669
   -0.13799470
   -0.13626422
   -0.13370876
   -0.13161722
   -0.13058122
   -0.12758255
   -0.12637012
   -0.12266106
   -0.12057159
   -0.11856841
   -0.11332200
   -0.11160293
   -0.10988291
   -0.10682524
   -0.10537983
   -0.10256476
   -0.09787969
   -0.09154322
   -0.08940428
   -0.08807817
   -0.07645910
   -0.07557388
   -0.06926525
   -0.06561310
   -0.04654723
   -0.03475739
   -0.01604878
   -0.00310935
    0.01021228
    0.01630242
    0.02336662
    0.04127774
    0.06907023
    0.07334236
    0.14157802
    0.15384098
    0.16656458
    0.17051282
    0.18412215
    0.20902336
    0.22031242
    0.25491851
    0.25581208
    0.29286239
    0.31677426
    0.33443750
    0.33977841
    0.35195796
    0.37317668
    0.38584594
    0.39173139
    0.40020055
    0.43231100
    0.44717155
    0.45595041
    0.46744771
    0.47546521
    0.48931927
    0.50468100
    0.51743754
    0.52407778
    0.55620389
    0.57067586
    0.63253851
    0.65276401
    0.69274499
 
 Eigenvalues /eV
  -24.82063430
  -24.75883456
  -24.69329498
  -24.58384269
  -24.49697504
  -24.45639634
  -24.40943444
  -24.33723428
  -24.31476448
  -24.29022172
  -24.26905942
  -24.22856675
  -24.21505563
  -24.14103384
  -24.09880726
  -24.07512232
  -23.95181880
  -23.93299749
  -11.75290279
  -11.55422477
  -11.50924647
  -11.45281737
  -11.39704965
  -11.33437948
  -11.13303663
  -11.09130394
  -11.02455280
  -10.99805755
  -10.95666451
  -10.91934496
  -10.86941081
  -10.78108017
  -10.67608146
  -10.61894022
  -10.57006413
  -10.53741238
  -10.42885805
  -10.37340426
  -10.31660172
  -10.26378563
  -10.24489112
  -10.20716693
  -10.18518686
  -10.11915451
  -10.03718575
   -9.99678552
   -9.93575901
   -9.89398436
   -9.86818015
   -9.77929094
   -9.73530602
   -9.68445752
   -9.62270286
   -9.56347106
   -9.49214890
   -9.40893368
   -9.37069429
   -9.30596720
   -9.25220760
   -9.21307183
   -9.19099087
   -9.13596679
   -9.05479578
   -9.03753498
   -9.01958923
   -8.98813272
   -8.91782825
   -8.90815870
   -8.90392775
   -8.84898557
   -8.74897380
   -8.69119519
   -4.80752617
   -4.65645989
   -4.49590672
   -4.37282694
   -4.27970098
   -4.22260467
   -4.18577880
   -4.09499344
   -4.05180486
   -3.96731189
   -3.93345850
   -3.89188385
   -3.86200682
   -3.82894560
   -3.78800667
   -3.75502676
   -3.70793800
   -3.63840036
   -3.58148671
   -3.55329572
   -3.47169779
   -3.43870599
   -3.33777736
   -3.28091978
   -3.22641067
   -3.08364852
   -3.03687028
   -2.99006607
   -2.90686262
   -2.86753108
   -2.79092913
   -2.66344187
   -2.49101786
   -2.43281411
   -2.39672882
   -2.08055792
   -2.05646983
   -1.88480326
   -1.78542326
   -1.26661469
   -0.94579664
   -0.43670952
   -0.08460966
    0.27789036
    0.44361146
    0.63583804
    1.12322437
    1.87949648
    1.99574720
    3.85253400
    4.18622596
    4.53245286
    4.63989000
    5.01021870
    5.68781489
    5.99500596
    6.93668567
    6.96100081
    7.96919110
    8.61986606
    9.10050743
    9.24584097
    9.57726328
   10.15465406
   10.49940232
   10.65955345
   10.89001107
   11.76378077
   12.16815704
   12.40704179
   12.71989935
   12.93806659
   13.31505484
   13.73306872
   14.08019178
   14.26088205
   15.13507785
   15.52888036
   17.21224858
   17.76261233
   18.85055030
 
 Fillings
     2.00000
     2.00000
     2.00000
     2.00000
     2.00000
     2.00000
     2.00000
     2.00000
     2.00000
     2.00000
     2.00000
     2.00000
     2.00000
     2.00000
     2.00000
     2.00000
     2.00000
     2.00000
     2.00000
     2.00000
     2.00000
     2.00000
     2.00000
     2.00000
     2.00000
     2.00000
     2.00000
     2.00000
     2.00000
     2.00000
     2.00000
     2.00000
     2.00000
     2.00000
     2.00000
     2.00000
     2.00000
     2.00000
     2.00000
     2.00000
     2.00000
     2.00000
     2.00000
     2.00000
     2.00000
     2.00000
     2.00000
     2.00000
     2.00000
     2.00000
     2.00000
     2.00000
     2.00000
     2.00000
     2.00000
     2.00000
     2.00000
     2.00000
     2.00000
     2.00000
     2.00000
     2.00000
     2.00000
     2.00000
     2.00000
     2.00000
     2.00000
     2.00000
     2.00000
     2.00000
     2.00000
     2.00000
     0.00000
     0.00000
     0.00000
     0.00000
     0.00000
     0.00000
     0.00000
     0.00000
     0.00000
     0.00000
     0.00000
     0.00000
     0.00000
     0.00000
     0.00000
     0.00000
     0.00000
     0.00000
     0.00000
     0.00000
     0.00000
     0.00000
     0.00000
     0.00000
     0.00000
     0.00000
     0.00000
     0.00000
     0.00000
     0.00000
     0.00000
     0.00000
     0.00000
     0.00000
     0.00000
     0.00000
     0.00000
     0.00000
     0.00000
     0.00000
     0.00000
     0.00000
     0.00000
     0.00000
     0.00000
     0.00000
     0.00000
     0.00000
     0.00000
     0.00000
     0.00000
     0.00000
     0.00000
     0.00000
     0.00000
     0.00000
     0.00000
     0.00000
     0.00000
     0.00000
     0.00000
     0.00000
     0.00000
     0.00000
     0.00000
     0.00000
     0.00000
     0.00000
     0.00000
     0.00000
     0.00000
     0.00000
     0.00000
     0.00000
     0.00000
     0.00000
     0.00000
     0.00000
     0.00000
     0.00000
     0.00000
 
 Fermi energy:                      -0.3128090941 H           -8.5120 eV
 Band energy:                      -72.1018763191 H        -1961.9919 eV
 TS:                                 0.0000000000 H            0.0000 eV
 Band free energy (E-TS):          -72.1018763191 H        -1961.9919 eV
 Extrapolated E(0K):               -72.1018763191 H        -1961.9919 eV
 
 Energy H0:                        -72.1018763191 H        -1961.9919 eV
 Total Electronic energy:          -72.1018763191 H        -1961.9919 eV
 Repulsive energy:                   2.1211079760 H           57.7183 eV
 Total energy:                     -69.9807683431 H        -1904.2736 eV
 Total Mermin free energy:         -69.9807683431 H        -1904.2736 eV
 
 Non-SCC calculation
 
 Full geometry written in geo_end.{xyz|gen}
 
 Total Forces
 -2.105543837365234E-005  9.478226263149395E-002  6.482620438261964E-002
 -8.078647877250036E-004 -9.175772111155184E-004 -2.055557377398116E-002
 -8.570843740546549E-003 -4.194433263566701E-002 -4.863241946760894E-002
  7.017715081104620E-004 -2.523017173996538E-002  1.636282339778975E-002
 -4.727089910149423E-006 -2.701964333511323E-003 -1.826133169324141E-002
  2.708256300048313E-003  2.464921384612272E-002 -1.676389016892286E-002
  1.548077629372048E-003  1.605921534115064E-002  3.632962926581544E-002
 -1.164703680206028E-003  8.365181036260713E-004  2.030112906756663E-002
 -5.884889007067300E-004 -1.784966171939551E-002 -2.335213276598352E-002
 -1.740076076724132E-003 -9.079678912013901E-002  5.111569430703532E-002
  1.509622309821390E-004  3.131488901189729E-003 -1.534152220726470E-002
 -9.867397553050059E-003  2.994874378916642E-002 -1.600345030683182E-002
 -1.124893065669991E-002 -1.756467234656662E-002 -7.857126259595351E-003
  6.658118810822650E-004  7.605205120670352E-003 -4.113257247149033E-003
  3.286723335495650E-003  2.019949681977371E-003 -2.074385604864823E-003
 -1.128033583228095E-003  1.512432210377460E-002  3.899438630107277E-003
 -7.643401573853743E-004  2.061039351949946E-002 -5.384984410961580E-003
  2.948959524434548E-003 -2.076146054099733E-002  1.364232594761791E-002
  5.448633241963985E-005 -2.478509337974796E-002 -1.341836363528760E-002
  2.692375220440330E-003 -1.138887280296903E-002 -2.206604625335756E-002
  4.779213156989416E-004  6.435175316661948E-003  4.065226124686877E-003
 -2.476139479937908E-003 -1.270680285422251E-002 -2.429664115545065E-003
  1.838480759415162E-002  1.386722554104845E-002 -2.122744772972585E-003
 -2.288991538178353E-003 -3.382814788362724E-003  3.713540715488961E-003
  8.725753337267994E-003  2.130834670547860E-002  1.315810460280700E-002
 -7.354504443605539E-004 -1.857367883463175E-003 -1.263596754308600E-004
 -9.388630824714791E-004  1.550952075426284E-002 -8.910864082535885E-003
 
 Total stress tensor
      0.000017884309      0.000009865941      0.000011276682
      0.000009865556     -0.000023522126      0.000009955890
      0.000011276481      0.000009954729     -0.000017124776
 
 Total lattice derivs
     -0.025136898832     -0.013866856572     -0.015849693173
     -0.003466579058      0.008265251917     -0.003498320859
     -0.002495255114     -0.002202778457      0.003789363464
 
 Maximal derivative component:       0.947823E-01 au
 Max force for moved atoms::         0.947823E-01 au
 
 Volume:                             0.104539E+05 au^3
 Pressure:                          -0.758753E-05 au    -0.223233E+09 Pa
 
 Geometry converged
 
