 KPT            1  SPIN            1  KWEIGHT    1.00000000000000     
   -24.79769     2.00000
   -24.74620     2.00000
   -24.69778     2.00000
   -24.61537     2.00000
   -24.52160     2.00000
   -24.45932     2.00000
   -24.42694     2.00000
   -24.35664     2.00000
   -24.33104     2.00000
   -24.30918     2.00000
   -24.27524     2.00000
   -24.26752     2.00000
   -24.23553     2.00000
   -24.20266     2.00000
   -24.18324     2.00000
   -24.16834     2.00000
   -24.16093     2.00000
   -24.13365     2.00000
   -11.75908     2.00000
   -11.70740     2.00000
   -11.68061     2.00000
   -11.47477     2.00000
   -11.40956     2.00000
   -11.29884     2.00000
   -11.25699     2.00000
   -11.18463     2.00000
   -11.06355     2.00000
   -11.02068     2.00000
   -11.01405     2.00000
   -10.98068     2.00000
   -10.94801     2.00000
   -10.89991     2.00000
   -10.86892     2.00000
   -10.82172     2.00000
   -10.78381     2.00000
   -10.64076     2.00000
   -10.59016     2.00000
   -10.49137     2.00000
   -10.41073     2.00000
   -10.37407     2.00000
   -10.34418     2.00000
   -10.28747     2.00000
   -10.23506     2.00000
   -10.18009     2.00000
   -10.13129     2.00000
   -10.12684     2.00000
   -10.06246     2.00000
    -9.99841     2.00000
    -9.95784     2.00000
    -9.89444     2.00000
    -9.82212     2.00000
    -9.80304     2.00000
    -9.73222     2.00000
    -9.64372     2.00000
    -9.61832     2.00000
    -9.59084     2.00000
    -9.53339     2.00000
    -9.52033     2.00000
    -9.44370     2.00000
    -9.38818     2.00000
    -9.31858     2.00000
    -9.25303     2.00000
    -9.18208     2.00000
    -9.15344     2.00000
    -9.09684     2.00000
    -9.04296     2.00000
    -8.96433     2.00000
    -8.94780     2.00000
    -8.91040     2.00000
    -8.87583     2.00000
    -8.85979     2.00000
    -8.82709     2.00000
    -4.31371     0.00000
    -4.15708     0.00000
    -4.11788     0.00000
    -4.06793     0.00000
    -4.04724     0.00000
    -4.00094     0.00000
    -3.94994     0.00000
    -3.90983     0.00000
    -3.85706     0.00000
    -3.82991     0.00000
    -3.81383     0.00000
    -3.78907     0.00000
    -3.65794     0.00000
    -3.59560     0.00000
    -3.56736     0.00000
    -3.52849     0.00000
    -3.47567     0.00000
    -3.45208     0.00000
    -3.41681     0.00000
    -3.34996     0.00000
    -3.33142     0.00000
    -3.25154     0.00000
    -3.15280     0.00000
    -3.12341     0.00000
    -3.09605     0.00000
    -3.01279     0.00000
    -2.94585     0.00000
    -2.84594     0.00000
    -2.82433     0.00000
    -2.74982     0.00000
    -2.70155     0.00000
    -2.63760     0.00000
    -2.59041     0.00000
    -2.47072     0.00000
    -2.09100     0.00000
    -2.06254     0.00000
    -1.84429     0.00000
    -1.34209     0.00000
    -0.29375     0.00000
    -0.21536     0.00000
     0.09117     0.00000
     0.18213     0.00000
     0.25437     0.00000
     0.43543     0.00000
     0.79534     0.00000
     2.11060     0.00000
     3.54699     0.00000
     4.08401     0.00000
     4.48738     0.00000
     4.57362     0.00000
     5.06110     0.00000
     6.76728     0.00000
     7.24706     0.00000
     7.89882     0.00000
     8.36940     0.00000
     8.87294     0.00000
     9.38522     0.00000
     9.47249     0.00000
     9.52759     0.00000
     9.60474     0.00000
    10.06194     0.00000
    10.22392     0.00000
    10.40663     0.00000
    10.54032     0.00000
    10.74460     0.00000
    11.01288     0.00000
    11.19795     0.00000
    11.90095     0.00000
    12.09273     0.00000
    12.22092     0.00000
    12.43446     0.00000
    12.85282     0.00000
    13.21900     0.00000
    13.43186     0.00000
    13.63336     0.00000
    14.09615     0.00000
    14.20770     0.00000
    14.72202     0.00000
    15.14453     0.00000
    15.77953     0.00000
    16.04295     0.00000
 
