 Fermi distribution function
 
 Coordinates of moved atoms (au):
    1      0.00000000      3.71886736     12.01815780
    2      0.00000000      0.00000000     11.33835593
    3      3.71886736      3.71886736     12.69795967
    4      0.00000000     11.15660209     12.01815780
    5      0.00000000      7.43773472     11.33835593
    6      3.71886736     11.15660209     12.69795967
    7      0.00000000     18.59433681     12.01815780
    8      0.00000000     14.87546945     11.33835593
    9      3.71886736     18.59433681     12.69795967
   10      0.00000000     26.03207153     12.01815780
   11      0.00000000     22.31320417     11.33835593
   12      3.71886736     26.03207153     12.69795967
   13      7.33813846     29.70172488     17.71769276
   14      7.39110091     26.36108940     15.85833595
   15      7.43660260     18.67154170     15.78897984
   16      0.03116361     11.43467808     15.74826404
   17      3.71555539     18.67100695     16.31286313
   18      3.67286580     25.57852387     16.32176557
   19      3.75125039     11.79934936     16.40079390
   20      3.68616154     15.23875450     17.44379780
   21      4.69537501      3.89355747     20.59423340
   22      7.42152453      2.67187261     15.69763241
   23      3.69371233     22.14379149     17.38823283
   24      4.31767852      7.11292854     21.62523148
   25      4.04861927      9.47627084     19.15039828
   26      3.61095855     28.77202975     18.33017374
   27      0.60182214      7.31275276     22.57138298
 
 COMPONENT = q
  
 Eigenvalues /H
   -0.91129818
   -0.90940599
   -0.90762689
   -0.90459821
   -0.90115226
   -0.89886362
   -0.89767361
   -0.89509003
   -0.89414939
   -0.89334590
   -0.89209867
   -0.89181505
   -0.89063939
   -0.88943128
   -0.88871785
   -0.88817009
   -0.88789801
   -0.88689541
   -0.43213835
   -0.43023888
   -0.42925466
   -0.42169022
   -0.41929362
   -0.41522471
   -0.41368680
   -0.41102770
   -0.40657795
   -0.40500249
   -0.40475882
   -0.40353259
   -0.40233215
   -0.40056441
   -0.39942544
   -0.39769101
   -0.39629759
   -0.39104068
   -0.38918106
   -0.38555079
   -0.38258737
   -0.38124010
   -0.38014168
   -0.37805772
   -0.37613157
   -0.37411130
   -0.37231809
   -0.37215445
   -0.36978857
   -0.36743468
   -0.36594377
   -0.36361412
   -0.36095639
   -0.36025524
   -0.35765242
   -0.35440032
   -0.35346677
   -0.35245675
   -0.35034547
   -0.34986555
   -0.34704958
   -0.34500924
   -0.34245146
   -0.34004256
   -0.33743517
   -0.33638289
   -0.33430267
   -0.33232258
   -0.32943296
   -0.32882551
   -0.32745100
   -0.32618083
   -0.32559143
   -0.32438958
   -0.15852592
   -0.15276993
   -0.15132918
   -0.14949379
   -0.14873343
   -0.14703199
   -0.14515750
   -0.14368352
   -0.14174440
   -0.14074651
   -0.14015576
   -0.13924572
   -0.13442678
   -0.13213574
   -0.13109814
   -0.12966970
   -0.12772870
   -0.12686155
   -0.12556537
   -0.12310874
   -0.12242731
   -0.11949194
   -0.11586340
   -0.11478322
   -0.11377759
   -0.11071814
   -0.10825788
   -0.10458620
   -0.10379239
   -0.10105397
   -0.09928031
   -0.09692991
   -0.09519585
   -0.09079735
   -0.07684281
   -0.07579710
   -0.06777625
   -0.04932106
   -0.01079501
   -0.00791432
    0.00335056
    0.00669319
    0.00934811
    0.01600177
    0.02922831
    0.07756313
    0.13034935
    0.15008464
    0.16490811
    0.16807741
    0.18599182
    0.24869286
    0.26632468
    0.29027619
    0.30756996
    0.32607441
    0.34490056
    0.34810751
    0.35013260
    0.35296775
    0.36976933
    0.37572208
    0.38243645
    0.38734958
    0.39485680
    0.40471581
    0.41151692
    0.43735173
    0.44439983
    0.44911045
    0.45695801
    0.47233254
    0.48578935
    0.49361175
    0.50101666
    0.51802384
    0.52212333
    0.54102411
    0.55655127
    0.57988700
    0.58956751
 
 Eigenvalues /eV
  -24.79768515
  -24.74619611
  -24.69778432
  -24.61536968
  -24.52160053
  -24.45932359
  -24.42694163
  -24.35663886
  -24.33104279
  -24.30917884
  -24.27523999
  -24.26752230
  -24.23553103
  -24.20265649
  -24.18324321
  -24.16833792
  -24.16093418
  -24.13365189
  -11.75908284
  -11.70739551
  -11.68061359
  -11.47477473
  -11.40956002
  -11.29883922
  -11.25699047
  -11.18463267
  -11.06354885
  -11.02067854
  -11.01404801
  -10.98068046
  -10.94801480
  -10.89991216
  -10.86891917
  -10.82172298
  -10.78380614
  -10.64075820
  -10.59015548
  -10.49137080
  -10.41073196
  -10.37407083
  -10.34418129
  -10.28747395
  -10.23506078
  -10.18008647
  -10.13129066
  -10.12683773
  -10.06245898
   -9.99840646
   -9.95783654
   -9.89444355
   -9.82212323
   -9.80304388
   -9.73221763
   -9.64372340
   -9.61832015
   -9.59083628
   -9.53338525
   -9.52032591
   -9.44369951
   -9.38817906
   -9.31857839
   -9.25302890
   -9.18207822
   -9.15344405
   -9.09683836
   -9.04295761
   -8.96432704
   -8.94779749
   -8.91039506
   -8.87583210
   -8.85979358
   -8.82708962
   -4.31370979
   -4.15708138
   -4.11787640
   -4.06793294
   -4.04724252
   -4.00094396
   -3.94993658
   -3.90982745
   -3.85706150
   -3.82990730
   -3.81383225
   -3.78906874
   -3.65793873
   -3.59559642
   -3.56736189
   -3.52849201
   -3.47567480
   -3.45207851
   -3.41680759
   -3.34995933
   -3.33141657
   -3.25154112
   -3.15280347
   -3.12341030
   -3.09604585
   -3.01279397
   -2.94584668
   -2.84593535
   -2.82433458
   -2.74981854
   -2.70155475
   -2.63759700
   -2.59041100
   -2.47072151
   -2.09099913
   -2.06254397
   -1.84428554
   -1.34209431
   -0.29374718
   -0.21535955
    0.09117342
    0.18213091
    0.25437497
    0.43543030
    0.79534288
    2.11060015
    3.54698620
    4.08401091
    4.48737797
    4.57361904
    5.06109504
    6.76727706
    7.24706315
    7.89881693
    8.36940440
    8.87293628
    9.38522186
    9.47248735
    9.52759273
    9.60474105
   10.06193535
   10.22391797
   10.40662531
   10.54031840
   10.74460025
   11.01287757
   11.19794524
   11.90094618
   12.09273456
   12.22091720
   12.43446007
   12.85282244
   13.21900077
   13.43185904
   13.63335685
   14.09614579
   14.20769866
   14.72201510
   15.14453047
   15.77952803
   16.04294830
 
 Fillings
     2.00000
     2.00000
     2.00000
     2.00000
     2.00000
     2.00000
     2.00000
     2.00000
     2.00000
     2.00000
     2.00000
     2.00000
     2.00000
     2.00000
     2.00000
     2.00000
     2.00000
     2.00000
     2.00000
     2.00000
     2.00000
     2.00000
     2.00000
     2.00000
     2.00000
     2.00000
     2.00000
     2.00000
     2.00000
     2.00000
     2.00000
     2.00000
     2.00000
     2.00000
     2.00000
     2.00000
     2.00000
     2.00000
     2.00000
     2.00000
     2.00000
     2.00000
     2.00000
     2.00000
     2.00000
     2.00000
     2.00000
     2.00000
     2.00000
     2.00000
     2.00000
     2.00000
     2.00000
     2.00000
     2.00000
     2.00000
     2.00000
     2.00000
     2.00000
     2.00000
     2.00000
     2.00000
     2.00000
     2.00000
     2.00000
     2.00000
     2.00000
     2.00000
     2.00000
     2.00000
     2.00000
     2.00000
     0.00000
     0.00000
     0.00000
     0.00000
     0.00000
     0.00000
     0.00000
     0.00000
     0.00000
     0.00000
     0.00000
     0.00000
     0.00000
     0.00000
     0.00000
     0.00000
     0.00000
     0.00000
     0.00000
     0.00000
     0.00000
     0.00000
     0.00000
     0.00000
     0.00000
     0.00000
     0.00000
     0.00000
     0.00000
     0.00000
     0.00000
     0.00000
     0.00000
     0.00000
     0.00000
     0.00000
     0.00000
     0.00000
     0.00000
     0.00000
     0.00000
     0.00000
     0.00000
     0.00000
     0.00000
     0.00000
     0.00000
     0.00000
     0.00000
     0.00000
     0.00000
     0.00000
     0.00000
     0.00000
     0.00000
     0.00000
     0.00000
     0.00000
     0.00000
     0.00000
     0.00000
     0.00000
     0.00000
     0.00000
     0.00000
     0.00000
     0.00000
     0.00000
     0.00000
     0.00000
     0.00000
     0.00000
     0.00000
     0.00000
     0.00000
     0.00000
     0.00000
     0.00000
     0.00000
     0.00000
     0.00000
 
 Fermi energy:                      -0.1608653330 H           -4.3774 eV
 Band energy:                      -72.5663390654 H        -1974.6306 eV
 TS:                                 0.0000000000 H            0.0000 eV
 Band free energy (E-TS):          -72.5663390654 H        -1974.6306 eV
 Extrapolated E(0K):               -72.5663390654 H        -1974.6306 eV
 
 Energy H0:                        -72.5663390654 H        -1974.6306 eV
 Total Electronic energy:          -72.5663390654 H        -1974.6306 eV
 Repulsive energy:                   2.2662659416 H           61.6682 eV
 Total energy:                     -70.3000731238 H        -1912.9623 eV
 Total Mermin free energy:         -70.3000731238 H        -1912.9623 eV
 
 Non-SCC calculation
 
 Full geometry written in geo_end.{xyz|gen}
 
 Total Forces
  9.061250301425344E-005 -1.109355502591142E-002  4.576905743778813E-002
  3.355036063021295E-005 -5.277595177795349E-003 -1.275235216260992E-002
 -5.713566139346597E-004  6.247332621383506E-003 -2.721685275492653E-002
  2.601669488047969E-004 -5.432550332617296E-004  1.744095306561248E-002
  5.281843240711870E-006  6.022943533645094E-004 -1.275282601009280E-003
  1.905772721719909E-003  5.345197957812159E-004 -1.094323365524293E-002
  2.837266354853457E-005  1.889654887354656E-004  2.191102422266901E-002
 -1.067529786564434E-005  1.638281105906567E-003 -6.106966338339667E-003
 -7.297990805440244E-005  2.348763158855414E-004 -9.944252559555014E-003
  2.666554288896048E-004  6.968683630560051E-003  2.529648089240166E-002
 -9.646108761869161E-006  9.970500010791211E-004 -3.651408907781369E-003
 -2.454215961337069E-003 -6.794768119671821E-003 -6.388319720163071E-005
 -3.204724748434790E-003 -1.865247374353704E-002  9.270456811724392E-003
  2.775248929368841E-004  3.256141758260042E-003 -4.966450910183703E-004
 -1.504901516672025E-003 -2.909281618395437E-004 -2.200592507340005E-003
  2.060812556384117E-003  2.914834483689895E-003  4.283730985155915E-003
  5.211024862045244E-004  4.401732048620699E-003 -8.423324043121849E-003
 -8.893934732365569E-004 -3.962335661046364E-003 -1.024782403893099E-002
  3.675643133419920E-004  1.165976139643574E-003  1.173104297203076E-002
  1.664703583760267E-003 -4.818058866777376E-003 -2.286002844150994E-003
  2.832534593747819E-004 -9.240488325407525E-003 -1.060846760366190E-002
  7.177716106964152E-004  1.520240970127446E-002 -1.676866609151105E-002
  1.272993186009709E-004  3.058174139921162E-003 -3.408279328475608E-003
  5.289668709697760E-004  3.003365117289339E-003  4.238423984159745E-003
 -1.251335371971541E-003  4.711377789972195E-003 -1.031271324588432E-002
 -7.706589154680513E-004  3.405131054468914E-003 -1.618964988906874E-003
  1.600476353618970E-003  2.142312569411971E-003 -1.615458411873619E-003
 
 Total stress tensor
     -0.000064137811      0.000008294581      0.000000666739
      0.000008293935     -0.000106476625     -0.000000190025
      0.000000667611     -0.000000191510     -0.000022031439
 
 Total lattice derivs
      0.090147492746     -0.011658266344     -0.000937120813
     -0.002914339683      0.037413971172      0.000066771217
     -0.000147728760      0.000042377298      0.004875107825
 
 Maximal derivative component:       0.457691E-01 au
 Max force for moved atoms::         0.457691E-01 au
 
 Volume:                             0.104539E+05 au^3
 Pressure:                          -0.642153E-04 au    -0.188928E+10 Pa
 
 Geometry converged
 
