 KPT            1  SPIN            1  KWEIGHT    1.00000000000000     
   -24.80297     2.00000
   -24.73322     2.00000
   -24.71061     2.00000
   -24.63401     2.00000
   -24.48810     2.00000
   -24.43154     2.00000
   -24.41314     2.00000
   -24.35376     2.00000
   -24.30317     2.00000
   -24.27998     2.00000
   -24.26360     2.00000
   -24.24916     2.00000
   -24.22659     2.00000
   -24.18106     2.00000
   -24.16730     2.00000
   -24.16097     2.00000
   -24.13764     2.00000
   -23.90913     2.00000
   -11.75496     2.00000
   -11.69684     2.00000
   -11.68069     2.00000
   -11.65021     2.00000
   -11.34401     2.00000
   -11.29694     2.00000
   -11.20556     2.00000
   -11.12116     2.00000
   -11.08481     2.00000
   -11.01875     2.00000
   -10.98737     2.00000
   -10.96558     2.00000
   -10.93675     2.00000
   -10.89559     2.00000
   -10.84621     2.00000
   -10.67187     2.00000
   -10.63804     2.00000
   -10.61821     2.00000
   -10.46541     2.00000
   -10.43942     2.00000
   -10.38897     2.00000
   -10.36260     2.00000
   -10.33643     2.00000
   -10.29813     2.00000
   -10.23762     2.00000
   -10.18748     2.00000
   -10.14387     2.00000
   -10.11653     2.00000
   -10.07136     2.00000
    -9.97177     2.00000
    -9.94480     2.00000
    -9.79532     2.00000
    -9.75529     2.00000
    -9.70390     2.00000
    -9.64230     2.00000
    -9.60624     2.00000
    -9.53410     2.00000
    -9.46140     2.00000
    -9.45151     2.00000
    -9.39610     2.00000
    -9.35361     2.00000
    -9.24269     2.00000
    -9.21370     2.00000
    -9.13154     2.00000
    -9.08786     2.00000
    -9.04589     2.00000
    -9.03612     2.00000
    -9.01553     2.00000
    -9.00061     2.00000
    -8.95207     2.00000
    -8.89841     2.00000
    -8.89122     2.00000
    -8.84873     2.00000
    -8.79324     2.00000
    -4.46837     0.00000
    -4.39823     0.00000
    -4.32239     0.00000
    -4.10528     0.00000
    -4.07399     0.00000
    -4.04655     0.00000
    -3.98291     0.00000
    -3.97727     0.00000
    -3.94383     0.00000
    -3.90836     0.00000
    -3.88828     0.00000
    -3.86865     0.00000
    -3.83274     0.00000
    -3.70131     0.00000
    -3.68203     0.00000
    -3.64314     0.00000
    -3.56360     0.00000
    -3.53637     0.00000
    -3.49868     0.00000
    -3.47628     0.00000
    -3.44908     0.00000
    -3.40218     0.00000
    -3.39062     0.00000
    -3.25021     0.00000
    -3.22249     0.00000
    -3.10696     0.00000
    -3.05604     0.00000
    -2.95150     0.00000
    -2.83678     0.00000
    -2.78325     0.00000
    -2.70966     0.00000
    -2.68919     0.00000
    -2.58262     0.00000
    -2.40060     0.00000
    -2.38939     0.00000
    -2.06901     0.00000
    -2.04270     0.00000
    -0.47337     0.00000
    -0.30472     0.00000
    -0.04137     0.00000
    -0.03306     0.00000
     0.05149     0.00000
     0.14459     0.00000
     0.21890     0.00000
     0.30409     0.00000
     0.45841     0.00000
     0.76103     0.00000
     3.95167     0.00000
     4.21488     0.00000
     4.43602     0.00000
     4.46705     0.00000
     4.97720     0.00000
     6.58019     0.00000
     7.88050     0.00000
     8.02952     0.00000
     8.15093     0.00000
     8.28619     0.00000
     8.83066     0.00000
     9.31920     0.00000
     9.83810     0.00000
     9.90029     0.00000
    10.04692     0.00000
    10.21985     0.00000
    10.51525     0.00000
    10.72187     0.00000
    11.06707     0.00000
    11.16006     0.00000
    11.49768     0.00000
    11.81220     0.00000
    12.19499     0.00000
    12.48774     0.00000
    12.94704     0.00000
    13.20189     0.00000
    13.32837     0.00000
    13.54091     0.00000
    13.66880     0.00000
    13.87403     0.00000
    14.56787     0.00000
    15.07443     0.00000
    15.28816     0.00000
    16.11209     0.00000
 
