 Fermi distribution function
 
 Coordinates of moved atoms (au):
    1      0.00000000      3.71886736     12.01815780
    2      0.00000000      0.00000000     11.33835593
    3      3.71886736      3.71886736     12.69795967
    4      0.00000000     11.15660209     12.01815780
    5      0.00000000      7.43773472     11.33835593
    6      3.71886736     11.15660209     12.69795967
    7      0.00000000     18.59433681     12.01815780
    8      0.00000000     14.87546945     11.33835593
    9      3.71886736     18.59433681     12.69795967
   10      0.00000000     26.03207153     12.01815780
   11      0.00000000     22.31320417     11.33835593
   12      3.71886736     26.03207153     12.69795967
   13      3.66122597     27.16221197     19.17570034
   14      0.00497526     18.24423125     15.76970876
   15      3.70562013     21.62717218     17.58721287
   16      3.72189815     18.26080669     16.29356937
   17      3.81519623      2.76139262     19.49641840
   18      0.26079108      2.15866955     20.04760800
   19      3.68984283     11.59085793     16.41550877
   20      3.72816993      4.80627811     16.32944689
   21      3.68864509     15.02129876     17.88963620
   22      0.35170624      9.07909680     21.34151857
   23      7.42646946     25.33136728     15.69657312
   24      7.42366629      4.27381474     15.80630320
   25      7.42712890     11.84036155     15.72357061
   26      3.70464673     24.99140243     16.37637969
   27      3.74965921      8.10135585     17.40716123
 
 COMPONENT = q
  
 Eigenvalues /H
   -0.91149236
   -0.90892904
   -0.90809807
   -0.90528338
   -0.89992127
   -0.89784253
   -0.89716646
   -0.89498427
   -0.89312497
   -0.89227278
   -0.89167081
   -0.89114013
   -0.89031071
   -0.88863746
   -0.88813209
   -0.88789946
   -0.88704183
   -0.87864445
   -0.43198669
   -0.42985111
   -0.42925747
   -0.42813720
   -0.41688458
   -0.41515501
   -0.41179685
   -0.40869517
   -0.40735937
   -0.40493176
   -0.40377842
   -0.40297773
   -0.40191811
   -0.40040563
   -0.39859106
   -0.39218419
   -0.39094078
   -0.39021195
   -0.38459686
   -0.38364176
   -0.38178750
   -0.38081850
   -0.37985696
   -0.37844924
   -0.37622564
   -0.37438303
   -0.37278025
   -0.37177568
   -0.37011551
   -0.36645582
   -0.36546451
   -0.35997145
   -0.35850031
   -0.35661175
   -0.35434819
   -0.35302277
   -0.35037174
   -0.34770018
   -0.34733659
   -0.34530032
   -0.34373872
   -0.33966266
   -0.33859717
   -0.33557807
   -0.33397269
   -0.33243032
   -0.33207115
   -0.33131464
   -0.33076623
   -0.32898254
   -0.32701046
   -0.32674620
   -0.32518477
   -0.32314552
   -0.16420955
   -0.16163189
   -0.15884485
   -0.15086615
   -0.14971625
   -0.14870803
   -0.14636929
   -0.14616208
   -0.14493311
   -0.14362972
   -0.14289161
   -0.14217028
   -0.14085056
   -0.13602067
   -0.13531223
   -0.13388287
   -0.13095995
   -0.12995939
   -0.12857422
   -0.12775104
   -0.12675135
   -0.12502791
   -0.12460302
   -0.11944294
   -0.11842439
   -0.11417853
   -0.11230755
   -0.10846568
   -0.10424979
   -0.10228250
   -0.09957827
   -0.09882594
   -0.09490972
   -0.08822028
   -0.08780841
   -0.07603472
   -0.07506770
   -0.01739589
   -0.01119819
   -0.00152030
   -0.00121493
    0.00189211
    0.00531375
    0.00804427
    0.01117526
    0.01684633
    0.02796738
    0.14522128
    0.15489412
    0.16302077
    0.16416091
    0.18290857
    0.24181759
    0.28960310
    0.29507958
    0.29954129
    0.30451196
    0.32452095
    0.34247433
    0.36154352
    0.36382883
    0.36921762
    0.37557266
    0.38642820
    0.39402136
    0.40670747
    0.41012457
    0.42253185
    0.43409038
    0.44815761
    0.45891618
    0.47579498
    0.48516038
    0.48980862
    0.49761926
    0.50231916
    0.50986106
    0.53535950
    0.55397499
    0.56182960
    0.59210850
 
 Eigenvalues /eV
  -24.80296902
  -24.73321753
  -24.71060563
  -24.63401411
  -24.48810361
  -24.43153822
  -24.41314148
  -24.35376120
  -24.30316699
  -24.27997763
  -24.26359724
  -24.24915668
  -24.22658712
  -24.18105556
  -24.16730368
  -24.16097365
  -24.13763642
  -23.90913194
  -11.75495599
  -11.69684390
  -11.68068998
  -11.65020601
  -11.34400667
  -11.29694249
  -11.20556244
  -11.12116141
  -11.08481241
  -11.01875384
  -10.98736983
  -10.96558187
  -10.93674825
  -10.89559143
  -10.84621449
  -10.67187481
  -10.63803997
  -10.61820742
  -10.46541315
  -10.43942357
  -10.38896652
  -10.36259866
  -10.33643373
  -10.29812773
  -10.23762046
  -10.18748050
  -10.14386668
  -10.11653097
  -10.07135548
   -9.97177027
   -9.94479531
   -9.79532146
   -9.75528967
   -9.70389951
   -9.64230479
   -9.60623843
   -9.53410016
   -9.46140339
   -9.45150938
   -9.39609990
   -9.35360639
   -9.24269120
   -9.21369766
   -9.13154383
   -9.08785936
   -9.04588934
   -9.03611565
   -9.01553013
   -9.00060719
   -8.95207033
   -8.89840724
   -8.89121650
   -8.84872769
   -8.79323691
   -4.46836923
   -4.39822758
   -4.32238818
   -4.10527680
   -4.07398658
   -4.04655142
   -3.98291113
   -3.97727260
   -3.94383048
   -3.90836353
   -3.88827847
   -3.86865002
   -3.83273870
   -3.70131074
   -3.68203315
   -3.64313815
   -3.56360157
   -3.53637488
   -3.49868267
   -3.47628256
   -3.44907979
   -3.40218255
   -3.39062067
   -3.25020768
   -3.22249159
   -3.10695583
   -3.05604393
   -2.95150121
   -2.83678106
   -2.78324852
   -2.70966258
   -2.68919071
   -2.58262486
   -2.40059593
   -2.38938829
   -2.06900991
   -2.04269593
   -0.47336623
   -0.30471816
   -0.04136944
   -0.03305979
    0.05148692
    0.14459440
    0.21889571
    0.30409437
    0.45841205
    0.76103110
    3.95167207
    4.21488352
    4.43602077
    4.46704576
    4.97719533
    6.58019138
    7.88050142
    8.02952399
    8.15093317
    8.28619200
    8.83066445
    9.31920069
    9.83809983
    9.90028627
   10.04692256
   10.21985202
   10.51524620
   10.72186684
   11.06707330
   11.16005731
   11.49767674
   11.81220024
   12.19498897
   12.48774472
   12.94704013
   13.20188564
   13.32837064
   13.54090910
   13.66879967
   13.87402536
   14.56787321
   15.07442640
   15.28816134
   16.11209210
 
 Fillings
     2.00000
     2.00000
     2.00000
     2.00000
     2.00000
     2.00000
     2.00000
     2.00000
     2.00000
     2.00000
     2.00000
     2.00000
     2.00000
     2.00000
     2.00000
     2.00000
     2.00000
     2.00000
     2.00000
     2.00000
     2.00000
     2.00000
     2.00000
     2.00000
     2.00000
     2.00000
     2.00000
     2.00000
     2.00000
     2.00000
     2.00000
     2.00000
     2.00000
     2.00000
     2.00000
     2.00000
     2.00000
     2.00000
     2.00000
     2.00000
     2.00000
     2.00000
     2.00000
     2.00000
     2.00000
     2.00000
     2.00000
     2.00000
     2.00000
     2.00000
     2.00000
     2.00000
     2.00000
     2.00000
     2.00000
     2.00000
     2.00000
     2.00000
     2.00000
     2.00000
     2.00000
     2.00000
     2.00000
     2.00000
     2.00000
     2.00000
     2.00000
     2.00000
     2.00000
     2.00000
     2.00000
     2.00000
     0.00000
     0.00000
     0.00000
     0.00000
     0.00000
     0.00000
     0.00000
     0.00000
     0.00000
     0.00000
     0.00000
     0.00000
     0.00000
     0.00000
     0.00000
     0.00000
     0.00000
     0.00000
     0.00000
     0.00000
     0.00000
     0.00000
     0.00000
     0.00000
     0.00000
     0.00000
     0.00000
     0.00000
     0.00000
     0.00000
     0.00000
     0.00000
     0.00000
     0.00000
     0.00000
     0.00000
     0.00000
     0.00000
     0.00000
     0.00000
     0.00000
     0.00000
     0.00000
     0.00000
     0.00000
     0.00000
     0.00000
     0.00000
     0.00000
     0.00000
     0.00000
     0.00000
     0.00000
     0.00000
     0.00000
     0.00000
     0.00000
     0.00000
     0.00000
     0.00000
     0.00000
     0.00000
     0.00000
     0.00000
     0.00000
     0.00000
     0.00000
     0.00000
     0.00000
     0.00000
     0.00000
     0.00000
     0.00000
     0.00000
     0.00000
     0.00000
     0.00000
     0.00000
     0.00000
     0.00000
     0.00000
 
 Fermi energy:                      -0.2549169819 H           -6.9366 eV
 Band energy:                      -72.3727416411 H        -1969.3625 eV
 TS:                                 0.0000000000 H            0.0000 eV
 Band free energy (E-TS):          -72.3727416411 H        -1969.3625 eV
 Extrapolated E(0K):               -72.3727416411 H        -1969.3625 eV
 
 Energy H0:                        -72.3727416411 H        -1969.3625 eV
 Total Electronic energy:          -72.3727416411 H        -1969.3625 eV
 Repulsive energy:                   2.1635753624 H           58.8739 eV
 Total energy:                     -70.2091662787 H        -1910.4886 eV
 Total Mermin free energy:         -70.2091662787 H        -1910.4886 eV
 
 Non-SCC calculation
 
 Full geometry written in geo_end.{xyz|gen}
 
 Total Forces
  1.773585199526718E-005 -3.456669825191959E-004  3.067502244016834E-002
 -2.051626843954618E-006  5.712536762554665E-004 -1.032122530535480E-003
 -4.345294507700445E-004  5.341968990650370E-003 -1.692373561342261E-003
 -9.857996188076840E-005  4.681104989063056E-003  2.011642796068963E-002
 -6.036741133499398E-006  2.808479515937698E-003 -4.971074830196077E-003
 -7.202561232739083E-004  8.326271847117657E-004 -1.044584453955574E-002
 -1.955570705034879E-004 -1.978532168020092E-003  2.127390765448754E-002
 -1.245655080242400E-006  1.719549955218741E-003 -1.074312177888651E-002
  2.447351550139136E-004 -2.160077318892903E-003 -1.329398361662606E-002
 -9.062424324703236E-005 -1.533680753523455E-003  1.721689220515528E-002
  1.360913667894143E-005 -4.368625725372695E-003 -8.053809573933198E-003
 -7.095299207889407E-004 -3.635942733597779E-003  2.399870713724092E-003
 -2.236281702929317E-003  7.811179115570221E-003 -1.996565076184814E-003
 -1.695824833517289E-003  1.814260807486702E-003 -2.843786295506807E-003
  3.595065676040400E-004 -8.143675123335654E-003 -1.376523124778789E-003
  6.894796964529606E-004  3.077552792803313E-003  1.354354816747193E-003
  9.196940381494337E-004 -1.317265547750954E-003  3.585980569305661E-003
 -1.323040474254952E-003 -4.533802421367954E-003 -1.874831303142790E-002
  8.662351737145121E-003 -9.397759340991556E-003 -5.044626109929611E-003
 -9.904711610678867E-003  8.683667319511618E-003 -1.091737685176036E-003
  1.061556744321245E-003  8.438902242197746E-004 -4.408914052687007E-003
  1.812357790942016E-005  4.251228531363887E-004 -2.234977331194694E-003
 -1.393481983201118E-003 -5.589361977946438E-004  5.150211005115021E-003
  1.443030951169227E-002 -6.065425596664877E-003 -9.501236393856007E-004
 -8.377789883563257E-003 -9.901101237407537E-003  5.088747457533134E-003
  1.321684610492780E-003  9.219213676568579E-003 -9.110087616054544E-003
 -5.492453457886896E-004  6.110620046105471E-003 -8.823430429524756E-003
 
 Total stress tensor
     -0.000035737169      0.000001266812      0.000000078626
      0.000001266505     -0.000100914916      0.000000044617
      0.000000078328      0.000000042700     -0.000026403498
 
 Total lattice derivs
      0.050229594021     -0.001780539824     -0.000110510421
     -0.000445027245      0.035459686597     -0.000015677765
     -0.000017332493     -0.000009448739      0.005842555145
 
 Maximal derivative component:       0.306750E-01 au
 Max force for moved atoms::         0.306750E-01 au
 
 Volume:                             0.104539E+05 au^3
 Pressure:                          -0.543519E-04 au    -0.159909E+10 Pa
 
 Geometry converged
 
