 KPT            1  SPIN            1  KWEIGHT    1.00000000000000     
   -24.83007     2.00000
   -24.75569     2.00000
   -24.69012     2.00000
   -24.59606     2.00000
   -24.50188     2.00000
   -24.43450     2.00000
   -24.37693     2.00000
   -24.32320     2.00000
   -24.29364     2.00000
   -24.28086     2.00000
   -24.26135     2.00000
   -24.25874     2.00000
   -24.23895     2.00000
   -24.17507     2.00000
   -24.16394     2.00000
   -24.14763     2.00000
   -23.98019     2.00000
   -23.87010     2.00000
   -11.73149     2.00000
   -11.67478     2.00000
   -11.44529     2.00000
   -11.34093     2.00000
   -11.25488     2.00000
   -11.15192     2.00000
   -11.10488     2.00000
   -11.05974     2.00000
   -10.96268     2.00000
   -10.95076     2.00000
   -10.92247     2.00000
   -10.89881     2.00000
   -10.82477     2.00000
   -10.74601     2.00000
   -10.64545     2.00000
   -10.59537     2.00000
   -10.55523     2.00000
   -10.46904     2.00000
   -10.41594     2.00000
   -10.37013     2.00000
   -10.33168     2.00000
   -10.29689     2.00000
   -10.27137     2.00000
   -10.19949     2.00000
   -10.16379     2.00000
   -10.12377     2.00000
   -10.07795     2.00000
   -10.06076     2.00000
   -10.01906     2.00000
    -9.92641     2.00000
    -9.89546     2.00000
    -9.79772     2.00000
    -9.74655     2.00000
    -9.66015     2.00000
    -9.62488     2.00000
    -9.59474     2.00000
    -9.57887     2.00000
    -9.51712     2.00000
    -9.47147     2.00000
    -9.40081     2.00000
    -9.32672     2.00000
    -9.31239     2.00000
    -9.21966     2.00000
    -9.17992     2.00000
    -9.07747     2.00000
    -9.05023     2.00000
    -9.00726     2.00000
    -8.95962     2.00000
    -8.85208     2.00000
    -8.83031     2.00000
    -8.75183     2.00000
    -8.67247     2.00000
    -8.60880     2.00000
    -8.42903     2.00000
    -5.44166     0.00000
    -4.75383     0.00000
    -4.55582     0.00000
    -4.50111     0.00000
    -4.29465     0.00000
    -4.13213     0.00000
    -4.08845     0.00000
    -4.03360     0.00000
    -3.98310     0.00000
    -3.94377     0.00000
    -3.91934     0.00000
    -3.90509     0.00000
    -3.82539     0.00000
    -3.77623     0.00000
    -3.75468     0.00000
    -3.69455     0.00000
    -3.64905     0.00000
    -3.59635     0.00000
    -3.54940     0.00000
    -3.51433     0.00000
    -3.46127     0.00000
    -3.43077     0.00000
    -3.41866     0.00000
    -3.36857     0.00000
    -3.29060     0.00000
    -3.25045     0.00000
    -3.22855     0.00000
    -3.16599     0.00000
    -3.07214     0.00000
    -2.93945     0.00000
    -2.84336     0.00000
    -2.81023     0.00000
    -2.72758     0.00000
    -2.63190     0.00000
    -2.50001     0.00000
    -2.40638     0.00000
    -2.16899     0.00000
    -2.06016     0.00000
    -1.68275     0.00000
    -1.22740     0.00000
    -0.66534     0.00000
    -0.10359     0.00000
     0.14695     0.00000
     0.21207     0.00000
     0.38708     0.00000
     0.50991     0.00000
     0.92799     0.00000
     1.17068     0.00000
     1.94609     0.00000
     2.77243     0.00000
     4.23446     0.00000
     4.67689     0.00000
     4.95426     0.00000
     5.06416     0.00000
     6.35099     0.00000
     7.21675     0.00000
     7.31104     0.00000
     7.79856     0.00000
     8.32329     0.00000
     8.70873     0.00000
     9.14206     0.00000
     9.45270     0.00000
     9.75555     0.00000
    10.17548     0.00000
    10.40210     0.00000
    10.57995     0.00000
    10.94159     0.00000
    11.38873     0.00000
    11.87100     0.00000
    12.04526     0.00000
    12.57804     0.00000
    12.74251     0.00000
    13.10682     0.00000
    13.21362     0.00000
    13.58404     0.00000
    13.93354     0.00000
    14.23329     0.00000
    15.23584     0.00000
    15.57331     0.00000
    16.34535     0.00000
    16.94652     0.00000
 
