 Fermi distribution function
 
 Coordinates of moved atoms (au):
    1      0.00000000      3.71886736     12.01815780
    2      0.00000000      0.00000000     11.33835593
    3      3.71886736      3.71886736     12.69795967
    4      0.00000000     11.15660209     12.01815780
    5      0.00000000      7.43773472     11.33835593
    6      3.71886736     11.15660209     12.69795967
    7      0.00000000     18.59433681     12.01815780
    8      0.00000000     14.87546945     11.33835593
    9      3.71886736     18.59433681     12.69795967
   10      0.00000000     26.03207153     12.01815780
   11      0.00000000     22.31320417     11.33835593
   12      3.71886736     26.03207153     12.69795967
   13      3.74343908     18.41384386     16.36419926
   14      3.61653663     25.10964883     16.33020806
   15      3.65457286     11.62702685     16.47827373
   16      6.96524123      4.69343785     15.46739544
   17      2.03840025      2.51012090     18.84313467
   18      3.78314010     21.81097951     17.56561190
   19      3.71959145     15.01067629     17.87213987
   20      3.11242021     27.32207318     19.32812446
   21      3.49434389      9.02883263     18.66989890
   22      6.07193510      2.06947027     22.76061170
   23      7.37713092     11.59724300     15.75250862
   24      3.56487405     29.44772077     22.45600987
   25      0.01433790     18.36431006     15.78151338
   26      4.91744813     29.49830642     15.43308109
   27      0.19433509     29.47487659     17.90554781
 
 COMPONENT = q
  
 Eigenvalues /H
   -0.91248824
   -0.90975486
   -0.90734522
   -0.90388869
   -0.90042766
   -0.89795148
   -0.89583587
   -0.89386111
   -0.89277498
   -0.89230534
   -0.89158808
   -0.89149234
   -0.89076490
   -0.88841745
   -0.88800843
   -0.88740907
   -0.88125578
   -0.87721002
   -0.43112416
   -0.42904035
   -0.42060681
   -0.41677135
   -0.41360911
   -0.40982537
   -0.40809700
   -0.40643787
   -0.40287121
   -0.40243292
   -0.40139339
   -0.40052400
   -0.39780312
   -0.39490848
   -0.39121322
   -0.38937267
   -0.38789748
   -0.38472998
   -0.38277892
   -0.38109526
   -0.37968226
   -0.37840375
   -0.37746605
   -0.37482423
   -0.37351253
   -0.37204161
   -0.37035771
   -0.36972598
   -0.36819356
   -0.36478887
   -0.36365149
   -0.36005975
   -0.35817908
   -0.35500390
   -0.35370802
   -0.35260010
   -0.35201686
   -0.34974781
   -0.34807021
   -0.34547335
   -0.34275073
   -0.34222419
   -0.33881638
   -0.33735601
   -0.33359082
   -0.33258972
   -0.33101083
   -0.32926008
   -0.32530813
   -0.32450782
   -0.32162400
   -0.31870748
   -0.31636777
   -0.30976102
   -0.19997747
   -0.17469996
   -0.16742329
   -0.16541286
   -0.15782565
   -0.15185295
   -0.15024783
   -0.14823226
   -0.14637624
   -0.14493104
   -0.14403308
   -0.14350947
   -0.14058042
   -0.13877391
   -0.13798203
   -0.13577219
   -0.13410005
   -0.13216348
   -0.13043811
   -0.12914924
   -0.12719930
   -0.12607862
   -0.12563329
   -0.12379282
   -0.12092717
   -0.11945177
   -0.11864720
   -0.11634806
   -0.11289906
   -0.10802296
   -0.10449155
   -0.10327414
   -0.10023674
   -0.09672050
   -0.09187373
   -0.08843269
   -0.07970875
   -0.07570957
   -0.06184007
   -0.04510616
   -0.02445097
   -0.00380674
    0.00540044
    0.00779333
    0.01422503
    0.01873885
    0.03410305
    0.04302167
    0.07151756
    0.10188490
    0.15561363
    0.17187256
    0.18206574
    0.18610432
    0.23339467
    0.26521085
    0.26867588
    0.28659178
    0.30587513
    0.32003990
    0.33596448
    0.34738025
    0.35850990
    0.37394183
    0.38227014
    0.38880614
    0.40209616
    0.41852813
    0.43625132
    0.44265525
    0.46223437
    0.46827849
    0.48166669
    0.48559152
    0.49920424
    0.51204826
    0.52306397
    0.55990676
    0.57230867
    0.60068044
    0.62277307
 
 Eigenvalues /eV
  -24.83006842
  -24.75568920
  -24.69011979
  -24.59606264
  -24.50188315
  -24.43450287
  -24.37693439
  -24.32319829
  -24.29364315
  -24.28086367
  -24.26134601
  -24.25874082
  -24.23894623
  -24.17506890
  -24.16393882
  -24.14762945
  -23.98018979
  -23.87009912
  -11.73148520
  -11.67478195
  -11.44529373
  -11.34092540
  -11.25487644
  -11.15191582
  -11.10488447
  -11.05973716
  -10.96268343
  -10.95075686
  -10.92246978
  -10.89881251
  -10.82477355
  -10.74600639
  -10.64545334
  -10.59536938
  -10.55522758
  -10.46903533
  -10.41594428
  -10.37012976
  -10.33167987
  -10.29688985
  -10.27137393
  -10.19948621
  -10.16379295
  -10.12376726
  -10.07794618
  -10.06075591
  -10.01905647
   -9.92641009
   -9.89546043
   -9.79772438
   -9.74654877
   -9.66014766
   -9.62488481
   -9.59473697
   -9.57886625
   -9.51712215
   -9.47147230
   -9.40080815
   -9.32672187
   -9.31239402
   -9.21966283
   -9.17992403
   -9.07746805
   -9.05022671
   -9.00726296
   -8.95962264
   -8.85208464
   -8.83030704
   -8.75183438
   -8.67247179
   -8.60880499
   -8.42902619
   -5.44166371
   -4.75382777
   -4.55581948
   -4.50111302
   -4.29465455
   -4.13212895
   -4.08845136
   -4.03360494
   -3.98310001
   -3.94377436
   -3.91933959
   -3.90509145
   -3.82538783
   -3.77623014
   -3.75468213
   -3.69454914
   -3.64904806
   -3.59635128
   -3.54940145
   -3.51432964
   -3.46126901
   -3.43077373
   -3.41865580
   -3.36857407
   -3.29059568
   -3.25044813
   -3.22855447
   -3.16599172
   -3.07213982
   -2.93945440
   -2.84335984
   -2.81023244
   -2.72758058
   -2.63189882
   -2.50001149
   -2.40637600
   -2.16898531
   -2.06016213
   -1.68275385
   -1.22740112
   -0.66534465
   -0.10358670
    0.14695351
    0.21206719
    0.38708267
    0.50991007
    0.92799124
    1.17067927
    1.94609169
    2.77242914
    4.23446241
    4.67689023
    4.95426076
    5.06415615
    6.35099224
    7.21675455
    7.31104254
    7.79855920
    8.32328576
    8.70872866
    9.14205874
    9.45269766
    9.75555074
   10.17547501
   10.40209982
   10.57995336
   10.94159330
   11.38872996
   11.87100238
   12.04526211
   12.57803714
   12.74250604
   13.10681754
   13.21361750
   13.58403862
   13.93354211
   14.23329470
   15.23583803
   15.57331132
   16.34534652
   16.94651737
 
 Fillings
     2.00000
     2.00000
     2.00000
     2.00000
     2.00000
     2.00000
     2.00000
     2.00000
     2.00000
     2.00000
     2.00000
     2.00000
     2.00000
     2.00000
     2.00000
     2.00000
     2.00000
     2.00000
     2.00000
     2.00000
     2.00000
     2.00000
     2.00000
     2.00000
     2.00000
     2.00000
     2.00000
     2.00000
     2.00000
     2.00000
     2.00000
     2.00000
     2.00000
     2.00000
     2.00000
     2.00000
     2.00000
     2.00000
     2.00000
     2.00000
     2.00000
     2.00000
     2.00000
     2.00000
     2.00000
     2.00000
     2.00000
     2.00000
     2.00000
     2.00000
     2.00000
     2.00000
     2.00000
     2.00000
     2.00000
     2.00000
     2.00000
     2.00000
     2.00000
     2.00000
     2.00000
     2.00000
     2.00000
     2.00000
     2.00000
     2.00000
     2.00000
     2.00000
     2.00000
     2.00000
     2.00000
     2.00000
     0.00000
     0.00000
     0.00000
     0.00000
     0.00000
     0.00000
     0.00000
     0.00000
     0.00000
     0.00000
     0.00000
     0.00000
     0.00000
     0.00000
     0.00000
     0.00000
     0.00000
     0.00000
     0.00000
     0.00000
     0.00000
     0.00000
     0.00000
     0.00000
     0.00000
     0.00000
     0.00000
     0.00000
     0.00000
     0.00000
     0.00000
     0.00000
     0.00000
     0.00000
     0.00000
     0.00000
     0.00000
     0.00000
     0.00000
     0.00000
     0.00000
     0.00000
     0.00000
     0.00000
     0.00000
     0.00000
     0.00000
     0.00000
     0.00000
     0.00000
     0.00000
     0.00000
     0.00000
     0.00000
     0.00000
     0.00000
     0.00000
     0.00000
     0.00000
     0.00000
     0.00000
     0.00000
     0.00000
     0.00000
     0.00000
     0.00000
     0.00000
     0.00000
     0.00000
     0.00000
     0.00000
     0.00000
     0.00000
     0.00000
     0.00000
     0.00000
     0.00000
     0.00000
     0.00000
     0.00000
     0.00000
 
 Fermi energy:                      -0.2420614197 H           -6.5868 eV
 Band energy:                      -72.0533885181 H        -1960.6725 eV
 TS:                                 0.0000000000 H            0.0000 eV
 Band free energy (E-TS):          -72.0533885181 H        -1960.6725 eV
 Extrapolated E(0K):               -72.0533885181 H        -1960.6725 eV
 
 Energy H0:                        -72.0533885181 H        -1960.6725 eV
 Total Electronic energy:          -72.0533885181 H        -1960.6725 eV
 Repulsive energy:                   2.0174966223 H           54.8989 eV
 Total energy:                     -70.0358918959 H        -1905.7736 eV
 Total Mermin free energy:         -70.0358918959 H        -1905.7736 eV
 
 Non-SCC calculation
 
 Full geometry written in geo_end.{xyz|gen}
 
 Total Forces
  6.899043797164751E-004  1.306716054801188E-002  4.361565717078597E-002
  5.077746438665490E-003 -4.298812423099200E-003 -9.273637594026957E-003
 -2.677727924651319E-002 -6.697641466387060E-003 -4.125315181437637E-002
 -4.518130261168096E-004  1.561356468709769E-003  2.042825953129705E-002
  9.410386109747486E-004  8.757336583890862E-003 -1.312086542330716E-002
 -3.553494718500283E-003 -8.130081613877188E-004  1.114853185891003E-003
  1.290610711302864E-004 -1.961595832384100E-003  2.178832358296033E-002
  2.276583425154538E-005  1.189227021793945E-003 -8.324785890759315E-003
  8.973968013245646E-004 -1.497262095649193E-003 -1.986350822549304E-003
 -2.027647893075751E-004  6.455660725526936E-003 -1.015736940289542E-002
 -3.539144773163810E-005  1.556939409124950E-003  8.265139350739636E-006
 -1.016313020428314E-002 -2.357642703151893E-002 -1.351223070286935E-003
 -4.235823960024245E-003 -2.241014115474935E-003 -1.414377772683695E-002
  4.219449678622286E-003  1.190643180750635E-002  1.270561697460088E-002
  2.616263223313231E-003  2.157556072364285E-002 -9.181425968930124E-003
  2.034426048081973E-002 -8.483922616675403E-003  4.930074595347958E-003
 -9.635399649914750E-003 -1.472671199576242E-002  6.301049670426835E-003
 -3.886937338752460E-004 -3.708893416577593E-003 -4.268076966354867E-003
 -1.032132047619262E-003 -1.056894306015049E-002 -1.027934841045650E-002
 -2.514272735964753E-002 -6.287278797901124E-003  2.236480950962553E-002
  2.853592336021758E-003  8.095436505421161E-004  1.415919912775676E-003
 -8.462872813590261E-003 -4.158883470098979E-002 -6.314446006280510E-003
 -1.329887415250268E-004 -1.422275306316804E-003 -1.579376388240322E-004
  9.003529161415308E-003  2.629142419351516E-002 -1.759674766532730E-002
  3.962729359730432E-003  9.757892779116472E-004 -7.315262342401860E-004
  3.567584226812462E-002 -2.365327719696362E-003  1.887646145548658E-002
  3.780932094538378E-003  3.609151832979475E-002 -5.408620093096604E-003
 
 Total stress tensor
     -0.000027037495      0.000001242812     -0.000002540272
      0.000001244197     -0.000098321681     -0.000010673273
     -0.000002541921     -0.000010673682     -0.000012385455
 
 Total lattice derivs
      0.038001958465     -0.001746807462      0.003570424228
     -0.000437188360      0.034548470245      0.003750396182
      0.000562475190      0.002361867995      0.002740648521
 
 Maximal derivative component:       0.436157E-01 au
 Max force for moved atoms::         0.436157E-01 au
 
 Volume:                             0.104539E+05 au^3
 Pressure:                          -0.459149E-04 au    -0.135086E+10 Pa
 
 Geometry converged
 
