 KPT            1  SPIN            1  KWEIGHT    1.00000000000000     
   -24.81227     2.00000
   -24.74634     2.00000
   -24.72151     2.00000
   -24.64687     2.00000
   -24.56341     2.00000
   -24.46172     2.00000
   -24.43734     2.00000
   -24.36484     2.00000
   -24.35498     2.00000
   -24.30431     2.00000
   -24.27362     2.00000
   -24.26803     2.00000
   -24.26131     2.00000
   -24.25451     2.00000
   -24.19289     2.00000
   -24.17686     2.00000
   -24.17597     2.00000
   -24.15763     2.00000
   -11.77981     2.00000
   -11.72246     2.00000
   -11.70613     2.00000
   -11.68043     2.00000
   -11.36342     2.00000
   -11.30920     2.00000
   -11.25919     2.00000
   -11.19530     2.00000
   -11.16731     2.00000
   -11.09154     2.00000
   -11.04203     2.00000
   -11.04060     2.00000
   -10.98700     2.00000
   -10.97668     2.00000
   -10.94509     2.00000
   -10.92081     2.00000
   -10.85171     2.00000
   -10.67317     2.00000
   -10.64468     2.00000
   -10.48994     2.00000
   -10.46332     2.00000
   -10.42582     2.00000
   -10.41879     2.00000
   -10.38447     2.00000
   -10.31187     2.00000
   -10.28186     2.00000
   -10.22786     2.00000
   -10.16507     2.00000
   -10.15529     2.00000
   -10.09836     2.00000
   -10.04189     2.00000
   -10.00032     2.00000
    -9.95959     2.00000
    -9.78156     2.00000
    -9.73915     2.00000
    -9.67584     2.00000
    -9.63789     2.00000
    -9.60520     2.00000
    -9.52507     2.00000
    -9.50049     2.00000
    -9.44388     2.00000
    -9.41660     2.00000
    -9.38167     2.00000
    -9.32087     2.00000
    -9.20040     2.00000
    -9.13773     2.00000
    -9.05785     2.00000
    -9.02190     2.00000
    -9.01629     2.00000
    -8.98586     2.00000
    -8.90033     2.00000
    -8.89516     2.00000
    -8.85347     2.00000
    -8.79096     2.00000
    -4.11548     0.00000
    -4.09523     0.00000
    -4.07992     0.00000
    -4.03957     0.00000
    -3.97564     0.00000
    -3.93264     0.00000
    -3.92158     0.00000
    -3.87074     0.00000
    -3.82347     0.00000
    -3.81693     0.00000
    -3.76986     0.00000
    -3.63206     0.00000
    -3.63090     0.00000
    -3.53128     0.00000
    -3.51114     0.00000
    -3.49377     0.00000
    -3.44575     0.00000
    -3.39191     0.00000
    -3.33914     0.00000
    -3.32815     0.00000
    -3.27198     0.00000
    -3.18317     0.00000
    -3.11301     0.00000
    -3.06840     0.00000
    -3.04911     0.00000
    -2.87815     0.00000
    -2.78736     0.00000
    -2.71811     0.00000
    -2.70591     0.00000
    -2.67109     0.00000
    -2.55341     0.00000
    -2.53062     0.00000
    -2.33301     0.00000
    -2.32975     0.00000
    -2.01031     0.00000
    -1.75120     0.00000
    -1.62301     0.00000
    -0.28991     0.00000
     0.09900     0.00000
     0.12454     0.00000
     0.25093     0.00000
     0.25703     0.00000
     0.46226     0.00000
     0.68820     0.00000
     0.88417     0.00000
     3.52734     0.00000
     4.06753     0.00000
     4.49878     0.00000
     4.53567     0.00000
     5.06860     0.00000
     7.56516     0.00000
     7.59259     0.00000
     8.15550     0.00000
     8.23906     0.00000
     9.37964     0.00000
     9.44733     0.00000
     9.76725     0.00000
     9.84091     0.00000
    10.22357     0.00000
    10.46387     0.00000
    10.46494     0.00000
    10.48705     0.00000
    10.51641     0.00000
    10.75395     0.00000
    10.80924     0.00000
    11.11464     0.00000
    11.68390     0.00000
    12.22850     0.00000
    12.49909     0.00000
    12.97959     0.00000
    13.04348     0.00000
    13.21956     0.00000
    13.55157     0.00000
    13.78956     0.00000
    13.99698     0.00000
    14.43427     0.00000
    14.52938     0.00000
    15.13558     0.00000
    15.19429     0.00000
    15.52895     0.00000
    16.64183     0.00000
 
