 Fermi distribution function
 
 Coordinates of moved atoms (au):
    1      0.00000000      3.71886736     12.01815780
    2      0.00000000      0.00000000     11.33835593
    3      3.71886736      3.71886736     12.69795967
    4      0.00000000     11.15660209     12.01815780
    5      0.00000000      7.43773472     11.33835593
    6      3.71886736     11.15660209     12.69795967
    7      0.00000000     18.59433681     12.01815780
    8      0.00000000     14.87546945     11.33835593
    9      3.71886736     18.59433681     12.69795967
   10      0.00000000     26.03207153     12.01815780
   11      0.00000000     22.31320417     11.33835593
   12      3.71886736     26.03207153     12.69795967
   13      3.71886736      3.38568374     16.28740273
   14      3.71886736     10.15927080     16.33581710
   15     -0.00000001     14.87546946     22.35347655
   16      0.00000000     10.57784813     15.74381128
   17      0.00000000     26.32331908     15.75311992
   18      3.71886736     19.59166811     16.33581710
   19      3.71886736     17.51974774     19.28614286
   20      3.71886736      6.78962058     17.45394035
   21      3.71886736     22.96131832     17.45394035
   22      3.71886736     12.23119117     19.28614286
   23      0.00000000     19.17309077     15.74381128
   24      3.71886736     14.87546945     21.40993383
   25      3.71886736      0.00000001     17.57861324
   26      3.71886736     26.36525517     16.28740273
   27      0.00000000      3.42761982     15.75311992
 
 COMPONENT = q
  
 Eigenvalues /H
   -0.91183426
   -0.90941146
   -0.90849889
   -0.90575596
   -0.90268871
   -0.89895182
   -0.89805556
   -0.89539158
   -0.89502918
   -0.89316712
   -0.89203917
   -0.89183385
   -0.89158671
   -0.89133669
   -0.88907233
   -0.88848319
   -0.88845044
   -0.88777648
   -0.43290001
   -0.43079250
   -0.43019227
   -0.42924788
   -0.41759785
   -0.41560531
   -0.41376763
   -0.41141962
   -0.41039097
   -0.40760651
   -0.40578698
   -0.40573476
   -0.40376477
   -0.40338550
   -0.40222474
   -0.40133251
   -0.39879316
   -0.39223177
   -0.39118482
   -0.38549830
   -0.38452006
   -0.38314183
   -0.38288338
   -0.38162235
   -0.37895413
   -0.37785141
   -0.37586696
   -0.37355953
   -0.37320006
   -0.37110780
   -0.36903272
   -0.36750497
   -0.36600815
   -0.35946587
   -0.35790700
   -0.35558045
   -0.35418581
   -0.35298463
   -0.35003974
   -0.34913652
   -0.34705635
   -0.34605355
   -0.34477011
   -0.34253555
   -0.33810860
   -0.33580554
   -0.33286991
   -0.33154888
   -0.33134271
   -0.33022418
   -0.32708120
   -0.32689096
   -0.32535914
   -0.32306175
   -0.15124126
   -0.15049711
   -0.14993448
   -0.14845154
   -0.14610224
   -0.14452171
   -0.14411535
   -0.14224701
   -0.14050992
   -0.14026970
   -0.13853997
   -0.13347582
   -0.13343300
   -0.12977214
   -0.12903217
   -0.12839350
   -0.12662909
   -0.12465027
   -0.12271101
   -0.12230744
   -0.12024288
   -0.11697930
   -0.11440105
   -0.11276144
   -0.11205271
   -0.10577019
   -0.10243367
   -0.09988879
   -0.09944038
   -0.09816085
   -0.09383624
   -0.09299864
   -0.08573657
   -0.08561675
   -0.07387752
   -0.06435527
   -0.05964467
   -0.01065383
    0.00363801
    0.00457692
    0.00922133
    0.00944556
    0.01698759
    0.02529077
    0.03249272
    0.12962720
    0.14947897
    0.16532720
    0.16668282
    0.18626780
    0.27801463
    0.27902272
    0.29970927
    0.30277984
    0.34469540
    0.34718313
    0.35893980
    0.36164671
    0.37570924
    0.38454024
    0.38457936
    0.38539212
    0.38647095
    0.39520051
    0.39723209
    0.40845545
    0.42937560
    0.44938917
    0.45933323
    0.47699124
    0.47933898
    0.48580979
    0.49801103
    0.50675692
    0.51437972
    0.53044979
    0.53394494
    0.55622221
    0.55837979
    0.57067827
    0.61157610
 
 Eigenvalues /eV
  -24.81227270
  -24.74634490
  -24.72151251
  -24.64687368
  -24.56340951
  -24.46172360
  -24.43733526
  -24.36484460
  -24.35498317
  -24.30431395
  -24.27362097
  -24.26803377
  -24.26130872
  -24.25450531
  -24.19288894
  -24.17685772
  -24.17596661
  -24.15762709
  -11.77980872
  -11.72246026
  -11.70612727
  -11.68042923
  -11.36341574
  -11.30919583
  -11.25919002
  -11.19529759
  -11.16730655
  -11.09153742
  -11.04202541
  -11.04060448
  -10.98699845
  -10.97667784
  -10.94509210
  -10.92081327
  -10.85171408
  -10.67316959
  -10.64468057
  -10.48994242
  -10.46332328
  -10.42581974
  -10.41878693
  -10.38447247
  -10.31186667
  -10.28186010
  -10.22786039
  -10.16507202
  -10.15529021
  -10.09835714
  -10.04189110
  -10.00031918
   -9.95958838
   -9.78156399
   -9.73914509
   -9.67583634
   -9.63788628
   -9.60520047
   -9.52506588
   -9.50048796
   -9.44388370
   -9.41659610
   -9.38167204
   -9.32086656
   -9.20040316
   -9.13773361
   -9.05785119
   -9.02190415
   -9.01629379
   -8.98585726
   -8.90033237
   -8.89515571
   -8.85347263
   -8.79095753
   -4.11548411
   -4.09523466
   -4.07992485
   -4.03957199
   -3.97564421
   -3.93263584
   -3.92157829
   -3.87073810
   -3.82346943
   -3.81693287
   -3.76986437
   -3.63206185
   -3.63089670
   -3.53127948
   -3.51114410
   -3.49376501
   -3.44575289
   -3.39190632
   -3.33913648
   -3.32815473
   -3.27197530
   -3.18316868
   -3.11301083
   -3.06839503
   -3.04910949
   -2.87815318
   -2.78736195
   -2.71811228
   -2.70591037
   -2.67109260
   -2.55341395
   -2.53062181
   -2.33301089
   -2.32975041
   -2.01030954
   -1.75119593
   -1.62301405
   -0.28990548
    0.09899537
    0.12454420
    0.25092509
    0.25702685
    0.46225596
    0.68819693
    0.88417190
    3.52733555
    4.06752986
    4.49878193
    4.53567033
    5.06860485
    7.56516302
    7.59259458
    8.15550417
    8.23905865
    9.37963905
    9.44733371
    9.76724883
    9.84090781
   10.22356869
   10.46387227
   10.46493692
   10.48705324
   10.51640959
   10.75395312
   10.80923520
   11.11463836
   11.68390444
   12.22850146
   12.49909321
   12.97959202
   13.04347722
   13.21955706
   13.55156958
   13.78955743
   13.99698430
   14.43427332
   14.52938098
   15.13557635
   15.19428711
   15.52894585
   16.64183236
 
 Fillings
     2.00000
     2.00000
     2.00000
     2.00000
     2.00000
     2.00000
     2.00000
     2.00000
     2.00000
     2.00000
     2.00000
     2.00000
     2.00000
     2.00000
     2.00000
     2.00000
     2.00000
     2.00000
     2.00000
     2.00000
     2.00000
     2.00000
     2.00000
     2.00000
     2.00000
     2.00000
     2.00000
     2.00000
     2.00000
     2.00000
     2.00000
     2.00000
     2.00000
     2.00000
     2.00000
     2.00000
     2.00000
     2.00000
     2.00000
     2.00000
     2.00000
     2.00000
     2.00000
     2.00000
     2.00000
     2.00000
     2.00000
     2.00000
     2.00000
     2.00000
     2.00000
     2.00000
     2.00000
     2.00000
     2.00000
     2.00000
     2.00000
     2.00000
     2.00000
     2.00000
     2.00000
     2.00000
     2.00000
     2.00000
     2.00000
     2.00000
     2.00000
     2.00000
     2.00000
     2.00000
     2.00000
     2.00000
     0.00000
     0.00000
     0.00000
     0.00000
     0.00000
     0.00000
     0.00000
     0.00000
     0.00000
     0.00000
     0.00000
     0.00000
     0.00000
     0.00000
     0.00000
     0.00000
     0.00000
     0.00000
     0.00000
     0.00000
     0.00000
     0.00000
     0.00000
     0.00000
     0.00000
     0.00000
     0.00000
     0.00000
     0.00000
     0.00000
     0.00000
     0.00000
     0.00000
     0.00000
     0.00000
     0.00000
     0.00000
     0.00000
     0.00000
     0.00000
     0.00000
     0.00000
     0.00000
     0.00000
     0.00000
     0.00000
     0.00000
     0.00000
     0.00000
     0.00000
     0.00000
     0.00000
     0.00000
     0.00000
     0.00000
     0.00000
     0.00000
     0.00000
     0.00000
     0.00000
     0.00000
     0.00000
     0.00000
     0.00000
     0.00000
     0.00000
     0.00000
     0.00000
     0.00000
     0.00000
     0.00000
     0.00000
     0.00000
     0.00000
     0.00000
     0.00000
     0.00000
     0.00000
     0.00000
     0.00000
     0.00000
 
 Fermi energy:                      -0.2465922293 H           -6.7101 eV
 Band energy:                      -72.7521661567 H        -1979.6872 eV
 TS:                                 0.0000000000 H            0.0000 eV
 Band free energy (E-TS):          -72.7521661567 H        -1979.6872 eV
 Extrapolated E(0K):               -72.7521661567 H        -1979.6872 eV
 
 Energy H0:                        -72.7521661567 H        -1979.6872 eV
 Total Electronic energy:          -72.7521661567 H        -1979.6872 eV
 Repulsive energy:                   2.3826684642 H           64.8357 eV
 Total energy:                     -70.3694976925 H        -1914.8515 eV
 Total Mermin free energy:         -70.3694976925 H        -1914.8515 eV
 
 Non-SCC calculation
 
 Full geometry written in geo_end.{xyz|gen}
 
 Total Forces
 -2.632241921288032E-010 -8.035705475200050E-004  1.455177484465985E-002
 -1.029551143348846E-012  3.284656698059614E-011 -8.006146134368102E-003
  3.240176980124018E-011 -2.147139966033284E-003 -1.581736289148537E-002
 -2.342744996207315E-012 -1.210643017649149E-003  2.158671267138636E-002
  5.310818869305508E-014 -3.272317344248284E-003 -7.035258920652557E-003
 -1.312554712333727E-011 -1.947361587192879E-003 -8.033209040653397E-003
 -2.469432769841616E-012  1.210643071611292E-003  2.158671277983656E-002
 -2.843133808885220E-013  5.941316461095694E-012 -1.242203845708386E-003
 -1.386709230705617E-011  1.947361658877107E-003 -8.033208797973271E-003
 -2.509539448629051E-010  8.035705249283456E-004  1.455177427179144E-002
  6.962188036945402E-014  3.272317414688847E-003 -7.035258942697794E-003
  3.192532186988505E-011  2.147140000595182E-003 -1.581736309701358E-002
  6.092379157349576E-010 -6.341318990348763E-003 -2.663761116260266E-004
  9.956430875835399E-011  1.320434037621848E-002  7.443069239612764E-003
  1.610538039262537E-011 -3.911337827804700E-011 -1.964262264718710E-003
 -1.344314999965391E-010 -4.446249066594474E-004 -1.492320876278749E-003
 -3.462543830216186E-010  5.143070363346726E-004  2.706945513717349E-003
  9.965060382118945E-011 -1.320433996859444E-002  7.443068932234030E-003
  3.813489729131256E-011  2.464945980417341E-002 -2.104367913495024E-002
 -1.175550178500569E-011 -5.595342752296676E-003  3.350548629909036E-003
 -1.135889616121133E-011  5.595342314064375E-003  3.350548560919361E-003
  3.815590064849525E-011 -2.464946029468011E-002 -2.104367959833801E-002
 -1.337360214297102E-010  4.446248796257084E-004 -1.492320989431063E-003
  3.126316820688787E-011  3.149949772804537E-010  2.340814669164462E-002
 -4.495569223939164E-011 -2.532570238202356E-010 -4.097222115295493E-003
  5.884263232932495E-010  6.341319266920099E-003 -2.663750671456216E-004
 -3.551995490474308E-010 -5.143070342269827E-004  2.706945692625320E-003
 
 Total stress tensor
     -0.000033336705      0.000000000000      0.000000000000
      0.000000000000     -0.000075851146      0.000000000000
      0.000000000000      0.000000000000     -0.000003652168
 
 Total lattice derivs
      0.046855674003      0.000000000001     -0.000000000406
      0.000000000000      0.026652728483      0.000000000065
     -0.000000000064      0.000000000041      0.000808150306
 
 Maximal derivative component:       0.246495E-01 au
 Max force for moved atoms::         0.246495E-01 au
 
 Volume:                             0.104539E+05 au^3
 Pressure:                          -0.376133E-04 au    -0.110662E+10 Pa
 
 Geometry converged
 
