 KPT            1  SPIN            1  KWEIGHT    1.00000000000000     
   -24.84394     2.00000
   -24.75048     2.00000
   -24.74921     2.00000
   -24.63049     2.00000
   -24.51256     2.00000
   -24.43847     2.00000
   -24.42914     2.00000
   -24.36556     2.00000
   -24.32502     2.00000
   -24.30681     2.00000
   -24.26829     2.00000
   -24.25930     2.00000
   -24.25661     2.00000
   -24.23506     2.00000
   -24.18445     2.00000
   -24.17342     2.00000
   -24.16956     2.00000
   -24.05926     2.00000
   -11.76039     2.00000
   -11.70421     2.00000
   -11.68063     2.00000
   -11.63739     2.00000
   -11.31549     2.00000
   -11.21124     2.00000
   -11.15670     2.00000
   -11.10823     2.00000
   -11.05239     2.00000
   -11.05055     2.00000
   -11.00761     2.00000
   -10.97251     2.00000
   -10.96222     2.00000
   -10.93510     2.00000
   -10.92329     2.00000
   -10.89326     2.00000
   -10.73314     2.00000
   -10.71373     2.00000
   -10.57700     2.00000
   -10.55760     2.00000
   -10.49653     2.00000
   -10.44371     2.00000
   -10.40766     2.00000
   -10.40549     2.00000
   -10.34594     2.00000
   -10.25542     2.00000
   -10.24864     2.00000
   -10.15698     2.00000
   -10.13326     2.00000
   -10.12210     2.00000
   -10.08692     2.00000
    -9.98097     2.00000
    -9.96335     2.00000
    -9.78687     2.00000
    -9.74793     2.00000
    -9.68458     2.00000
    -9.62003     2.00000
    -9.58906     2.00000
    -9.51194     2.00000
    -9.46731     2.00000
    -9.43531     2.00000
    -9.39038     2.00000
    -9.36226     2.00000
    -9.19200     2.00000
    -9.10899     2.00000
    -9.09947     2.00000
    -9.05435     2.00000
    -9.03469     2.00000
    -8.97795     2.00000
    -8.92538     2.00000
    -8.92475     2.00000
    -8.87464     2.00000
    -8.75348     2.00000
    -8.68935     2.00000
    -4.39875     0.00000
    -4.12441     0.00000
    -4.10762     0.00000
    -4.08096     0.00000
    -4.01917     0.00000
    -4.00954     0.00000
    -3.98578     0.00000
    -3.88718     0.00000
    -3.88117     0.00000
    -3.85746     0.00000
    -3.72212     0.00000
    -3.68436     0.00000
    -3.67949     0.00000
    -3.58525     0.00000
    -3.57191     0.00000
    -3.49456     0.00000
    -3.48913     0.00000
    -3.44586     0.00000
    -3.42996     0.00000
    -3.39777     0.00000
    -3.37373     0.00000
    -3.34818     0.00000
    -3.22006     0.00000
    -3.11456     0.00000
    -3.08929     0.00000
    -2.92198     0.00000
    -2.83863     0.00000
    -2.80417     0.00000
    -2.73089     0.00000
    -2.70171     0.00000
    -2.60268     0.00000
    -2.55358     0.00000
    -2.50208     0.00000
    -2.07574     0.00000
    -2.01782     0.00000
    -1.74739     0.00000
    -1.46921     0.00000
    -0.27783     0.00000
     0.05427     0.00000
     0.06927     0.00000
     0.17469     0.00000
     0.23073     0.00000
     0.42582     0.00000
     0.56644     0.00000
     0.75547     0.00000
     0.84383     0.00000
     3.82594     0.00000
     4.19671     0.00000
     4.41000     0.00000
     4.94561     0.00000
     7.29308     0.00000
     7.72387     0.00000
     7.92036     0.00000
     7.94732     0.00000
     8.45132     0.00000
     8.86921     0.00000
     9.00925     0.00000
     9.22031     0.00000
     9.25369     0.00000
     9.51065     0.00000
    10.18077     0.00000
    10.30950     0.00000
    10.58799     0.00000
    10.70626     0.00000
    10.98518     0.00000
    11.13288     0.00000
    11.73401     0.00000
    12.13029     0.00000
    12.52115     0.00000
    12.58853     0.00000
    13.17621     0.00000
    13.48316     0.00000
    13.71199     0.00000
    13.88685     0.00000
    14.04473     0.00000
    14.34881     0.00000
    14.96624     0.00000
    15.12884     0.00000
    15.85067     0.00000
    16.29473     0.00000
    17.18936     0.00000
 
