 Fermi distribution function
 
 Coordinates of moved atoms (au):
    1      0.00000000      3.71886736     12.01815780
    2      0.00000000      0.00000000     11.33835593
    3      3.71886736      3.71886736     12.69795967
    4      0.00000000     11.15660209     12.01815780
    5      0.00000000      7.43773472     11.33835593
    6      3.71886736     11.15660209     12.69795967
    7      0.00000000     18.59433681     12.01815780
    8      0.00000000     14.87546945     11.33835593
    9      3.71886736     18.59433681     12.69795967
   10      0.00000000     26.03207153     12.01815780
   11      0.00000000     22.31320417     11.33835593
   12      3.71886736     26.03207153     12.69795967
   13      6.03004377     14.85675863     18.58315717
   14      3.72771991     29.73538413     17.77771749
   15      3.75815790     19.78939275     16.35447696
   16      3.70174860     23.09686539     17.73796468
   17      0.03764492     19.68713978     15.69214330
   18      4.29054768     17.86699146     19.32808909
   19      3.76301450      9.92038486     16.35298865
   20      1.20054928     14.85632026     16.42908248
   21      4.31184365     11.85682265     19.31685229
   22      0.00292249      3.34212049     15.76329182
   23      3.70464437      6.61712592     17.74646440
   24      3.72222723      3.28788789     16.31597653
   25      3.72077185     26.43076735     16.32013148
   26      0.00224966     26.37453057     15.76572206
   27      0.04130220     10.02678583     15.69390155
 
 COMPONENT = q
  
 Eigenvalues /H
   -0.91299816
   -0.90956355
   -0.90951657
   -0.90515385
   -0.90082014
   -0.89809743
   -0.89775428
   -0.89541773
   -0.89392814
   -0.89325898
   -0.89184320
   -0.89151301
   -0.89141415
   -0.89062210
   -0.88876202
   -0.88835681
   -0.88821516
   -0.88416160
   -0.43218633
   -0.43012181
   -0.42925508
   -0.42766614
   -0.41583658
   -0.41200557
   -0.41000101
   -0.40821990
   -0.40616770
   -0.40610038
   -0.40452214
   -0.40323224
   -0.40285409
   -0.40185760
   -0.40142358
   -0.40032009
   -0.39443582
   -0.39372246
   -0.38869763
   -0.38798484
   -0.38574040
   -0.38379929
   -0.38247442
   -0.38239457
   -0.38020641
   -0.37687979
   -0.37663052
   -0.37326233
   -0.37239052
   -0.37198028
   -0.37068752
   -0.36679390
   -0.36614647
   -0.35966074
   -0.35822975
   -0.35590167
   -0.35352979
   -0.35239150
   -0.34955739
   -0.34791715
   -0.34674112
   -0.34509025
   -0.34405667
   -0.33779983
   -0.33474938
   -0.33439938
   -0.33274123
   -0.33201866
   -0.32993372
   -0.32800177
   -0.32797841
   -0.32613700
   -0.32168451
   -0.31932768
   -0.16165099
   -0.15156937
   -0.15095214
   -0.14997245
   -0.14770196
   -0.14734771
   -0.14647476
   -0.14285140
   -0.14263027
   -0.14175896
   -0.13678552
   -0.13539772
   -0.13521864
   -0.13175533
   -0.13126530
   -0.12842264
   -0.12822333
   -0.12663309
   -0.12604875
   -0.12486581
   -0.12398233
   -0.12304319
   -0.11833508
   -0.11445798
   -0.11352943
   -0.10738077
   -0.10431771
   -0.10305147
   -0.10035836
   -0.09928597
   -0.09564686
   -0.09384246
   -0.09194993
   -0.07628187
   -0.07415340
   -0.06421547
   -0.05399239
   -0.01021008
    0.00199422
    0.00254572
    0.00641986
    0.00847899
    0.01564870
    0.02081641
    0.02776302
    0.03101010
    0.14060062
    0.15422639
    0.16206455
    0.18174785
    0.26801587
    0.28384713
    0.29106778
    0.29205870
    0.31058033
    0.32593741
    0.33108401
    0.33884002
    0.34006692
    0.34951008
    0.37413644
    0.37886711
    0.38910156
    0.39344775
    0.40369781
    0.40912588
    0.43121696
    0.44577981
    0.46014397
    0.46261992
    0.48421671
    0.49549699
    0.50390645
    0.51033227
    0.51613444
    0.52730898
    0.54999913
    0.55597471
    0.58250141
    0.59882017
    0.63169726
 
 Eigenvalues /eV
  -24.84394400
  -24.75048348
  -24.74920508
  -24.63048940
  -24.51256329
  -24.43847462
  -24.42913688
  -24.36555608
  -24.32502231
  -24.30681344
  -24.26828819
  -24.25930326
  -24.25661313
  -24.23506031
  -24.18444518
  -24.17341869
  -24.16956434
  -24.05926124
  -11.76038827
  -11.70420990
  -11.68062509
  -11.63738781
  -11.31548896
  -11.21124191
  -11.15669517
  -11.10822860
  -11.05238534
  -11.05055355
  -11.00760752
  -10.97250741
  -10.96221751
  -10.93510174
  -10.92329138
  -10.89326397
  -10.73314481
  -10.71373333
  -10.57700076
  -10.55760455
  -10.49653045
  -10.44371006
  -10.40765858
  -10.40548573
  -10.34594277
  -10.25542081
  -10.24863801
  -10.15698465
  -10.13326154
  -10.12209845
  -10.08692068
   -9.98096973
   -9.96335225
   -9.78686671
   -9.74792746
   -9.68457708
   -9.62003499
   -9.58906058
   -9.51194048
   -9.46730733
   -9.43530582
   -9.39038345
   -9.36225834
   -9.19200117
   -9.10899409
   -9.09947006
   -9.05434960
   -9.03468755
   -8.97795328
   -8.92538240
   -8.92474673
   -8.87463940
   -8.75348098
   -8.68934840
   -4.39874724
   -4.12441232
   -4.10761679
   -4.08095807
   -4.01917488
   -4.00953509
   -3.98578111
   -3.88718440
   -3.88116720
   -3.85745757
   -3.72212348
   -3.68435931
   -3.67948629
   -3.58524506
   -3.57191044
   -3.49455786
   -3.48913443
   -3.44586183
   -3.42996089
   -3.39777151
   -3.37373094
   -3.34817553
   -3.22006138
   -3.11456013
   -3.08929301
   -2.92197955
   -2.83862931
   -2.80417328
   -2.73088983
   -2.70170873
   -2.60268361
   -2.55358319
   -2.50208480
   -2.07573527
   -2.01781660
   -1.74739175
   -1.46920757
   -0.27783029
    0.05426551
    0.06927247
    0.17469335
    0.23072505
    0.42582276
    0.56644347
    0.75547030
    0.84382767
    3.82593747
    4.19671352
    4.41000070
    4.94561050
    7.29308282
    7.72387344
    7.92035717
    7.94732168
    8.45132067
    8.86920806
    9.00925421
    9.22030615
    9.25369173
    9.51065307
   10.18077044
   10.30949855
   10.58799206
   10.70625812
   10.98517638
   11.13288171
   11.73401044
   12.13028586
   12.52115446
   12.58852848
   13.17620715
   13.48315909
   13.71199213
   13.88684768
   14.04473266
   14.34880747
   14.96623789
   15.12884168
   15.85066988
   16.29472579
   17.18935705
 
 Fillings
     2.00000
     2.00000
     2.00000
     2.00000
     2.00000
     2.00000
     2.00000
     2.00000
     2.00000
     2.00000
     2.00000
     2.00000
     2.00000
     2.00000
     2.00000
     2.00000
     2.00000
     2.00000
     2.00000
     2.00000
     2.00000
     2.00000
     2.00000
     2.00000
     2.00000
     2.00000
     2.00000
     2.00000
     2.00000
     2.00000
     2.00000
     2.00000
     2.00000
     2.00000
     2.00000
     2.00000
     2.00000
     2.00000
     2.00000
     2.00000
     2.00000
     2.00000
     2.00000
     2.00000
     2.00000
     2.00000
     2.00000
     2.00000
     2.00000
     2.00000
     2.00000
     2.00000
     2.00000
     2.00000
     2.00000
     2.00000
     2.00000
     2.00000
     2.00000
     2.00000
     2.00000
     2.00000
     2.00000
     2.00000
     2.00000
     2.00000
     2.00000
     2.00000
     2.00000
     2.00000
     2.00000
     2.00000
     0.00000
     0.00000
     0.00000
     0.00000
     0.00000
     0.00000
     0.00000
     0.00000
     0.00000
     0.00000
     0.00000
     0.00000
     0.00000
     0.00000
     0.00000
     0.00000
     0.00000
     0.00000
     0.00000
     0.00000
     0.00000
     0.00000
     0.00000
     0.00000
     0.00000
     0.00000
     0.00000
     0.00000
     0.00000
     0.00000
     0.00000
     0.00000
     0.00000
     0.00000
     0.00000
     0.00000
     0.00000
     0.00000
     0.00000
     0.00000
     0.00000
     0.00000
     0.00000
     0.00000
     0.00000
     0.00000
     0.00000
     0.00000
     0.00000
     0.00000
     0.00000
     0.00000
     0.00000
     0.00000
     0.00000
     0.00000
     0.00000
     0.00000
     0.00000
     0.00000
     0.00000
     0.00000
     0.00000
     0.00000
     0.00000
     0.00000
     0.00000
     0.00000
     0.00000
     0.00000
     0.00000
     0.00000
     0.00000
     0.00000
     0.00000
     0.00000
     0.00000
     0.00000
     0.00000
     0.00000
     0.00000
 
 Fermi energy:                      -0.2384439139 H           -6.4884 eV
 Band energy:                      -72.6304837696 H        -1976.3760 eV
 TS:                                 0.0000000000 H            0.0000 eV
 Band free energy (E-TS):          -72.6304837696 H        -1976.3760 eV
 Extrapolated E(0K):               -72.6304837696 H        -1976.3760 eV
 
 Energy H0:                        -72.6304837696 H        -1976.3760 eV
 Total Electronic energy:          -72.6304837696 H        -1976.3760 eV
 Repulsive energy:                   2.3107188384 H           62.8779 eV
 Total energy:                     -70.3197649312 H        -1913.4982 eV
 Total Mermin free energy:         -70.3197649312 H        -1913.4982 eV
 
 Non-SCC calculation
 
 Full geometry written in geo_end.{xyz|gen}
 
 Total Forces
  1.806065982337137E-005 -1.342676045437292E-003  1.958537891620356E-002
 -1.506856911033951E-007 -1.446066337743418E-004 -8.601625003030838E-003
  1.762588663706733E-004 -3.016680335452729E-003 -4.034646241300302E-003
  9.325727836517183E-004 -6.360351861776727E-003  3.469282424564160E-002
 -7.675598756198827E-005 -6.497937354423862E-003 -1.128119409990291E-002
  3.064413953924714E-003 -5.574700710057355E-003  6.257101080064845E-003
  8.336247926079705E-004  6.229565459099185E-003  3.408674159161854E-002
 -8.028974460019223E-004  3.490898307815850E-005 -4.003518463087271E-003
  2.875061224331554E-003  5.209243029982456E-003  6.152340952773987E-003
  1.403231313443366E-005  1.184303894809752E-003  1.949209946094756E-002
 -6.541540100820846E-005  6.254711461544005E-003 -1.110188397713998E-002
  1.321304497942877E-004  2.907469822428553E-003 -3.871129306185606E-003
 -7.057871919405496E-005  1.381146398594975E-003  1.807440554588240E-002
 -2.788031953305139E-004  1.312204701998593E-004 -6.280046786281870E-003
 -4.642460341469333E-003  7.579276913109792E-004 -1.321273419423667E-002
  7.685559341739667E-004  1.430917094075062E-002 -6.738536441747045E-003
  3.279883864481777E-005 -5.722806549958569E-003 -1.275013108551496E-002
 -3.369079016493581E-003  1.943436334385637E-003  4.561091556957220E-003
 -5.134148461616150E-003  2.944955198204043E-004 -1.242329213225431E-002
  9.269842143615703E-003 -4.662865328352805E-005 -2.020769264749725E-002
 -4.375207499198210E-003 -3.732173011463003E-003  4.325894321192875E-003
 -1.967177456292575E-004  3.430482793264945E-004 -9.620364288473321E-004
  7.347515335075347E-004 -1.454966966688368E-002 -6.910101240183486E-003
 -2.515394488038631E-004  9.674096089733627E-003 -4.999925187856552E-003
  4.327991359943484E-005 -9.420370886472372E-003 -5.647871339987259E-003
 -4.690950225721506E-004 -4.675918044481486E-005 -8.427601928666789E-004
  8.374655633901912E-004  5.800616514363480E-003 -1.335875290336243E-002
 
 Total stress tensor
      0.000000871483      0.000000045932     -0.000004479942
      0.000000045339     -0.000079380671      0.000000193866
     -0.000004479120      0.000000193402     -0.000024168209
 
 Total lattice derivs
     -0.001224894123     -0.000064558665      0.006296683915
     -0.000015931290      0.027892940171     -0.000068120916
      0.000991137862     -0.000042795825      0.005347931401
 
 Maximal derivative component:       0.346928E-01 au
 Max force for moved atoms::         0.346928E-01 au
 
 Volume:                             0.104539E+05 au^3
 Pressure:                          -0.342258E-04 au    -0.100696E+10 Pa
 
 Geometry converged
 
