================================================================================
==
==   Density Functional based Tight Binding with a lot of extensions (DFTB+)    
==
==                              Release: 1.2 (p1)
==
==                            (ParserVersion = 4)
==
================================================================================


********************************************************************************
** Parsing and initializing
********************************************************************************

Interpreting input file 'dftb_in.hsd'
--------------------------------------------------------------------------------
Reading SK-files:
  /home/mkb/DFT/dftb_parameters/tiorg/Ti-Ti.skf
  /home/mkb/DFT/dftb_parameters/tiorg/Ti-O.skf
  /home/mkb/DFT/dftb_parameters/tiorg/O-Ti.skf
  /home/mkb/DFT/dftb_parameters/tiorg/O-O.skf
Done.


Processed input in HSD format written to 'dftb_pin.hsd'

Starting initialization...
--------------------------------------------------------------------------------
Mode:                        Conjugate gradient relaxation
Self consistent charges:     No
Spin polarisation:           No
Nr. of up electrons:            72.000000
Nr. of down electrons:          72.000000
Periodic boundaries:         Yes
Diagonalizer:                Divide and Conquer
Nr. of moved atoms:                      27
Max. nr. of geometry steps:               0
Force tolerance:               0.100000E-03
Electronic temperature:        0.100000E-07
Included shells:             Ti:  s, p, d
                              O:  s, p
K-points and weights:           1:  0.250000  0.000000  0.000000     1.000000
Extra options:
--------------------------------------------------------------------------------
 

********************************************************************************
** Geometry step: 0
********************************************************************************

 
 Total Energy:                     -70.3197649312 H
 Total Mermin free energy:         -70.3197649312 H
 Volume:                             0.104539E+05 au^3
 Pressure:                          -0.342258E-04 au    -0.100696E+10 Pa
 Maximal force component:            0.346928E-01
 
 Geometry converged
