 KPT            1  SPIN            1  KWEIGHT    1.00000000000000     
   -24.79191     2.00000
   -24.72417     2.00000
   -24.66099     2.00000
   -24.60262     2.00000
   -24.55799     2.00000
   -24.46371     2.00000
   -24.42128     2.00000
   -24.40115     2.00000
   -24.31760     2.00000
   -24.29568     2.00000
   -24.27424     2.00000
   -24.26917     2.00000
   -24.23978     2.00000
   -24.22718     2.00000
   -24.19400     2.00000
   -24.17224     2.00000
   -24.14089     2.00000
   -24.10425     2.00000
   -11.74959     2.00000
   -11.68541     2.00000
   -11.49513     2.00000
   -11.45025     2.00000
   -11.37126     2.00000
   -11.32776     2.00000
   -11.23500     2.00000
   -11.17425     2.00000
   -11.08598     2.00000
   -11.04831     2.00000
   -11.02936     2.00000
   -10.98816     2.00000
   -10.92561     2.00000
   -10.90178     2.00000
   -10.83442     2.00000
   -10.82301     2.00000
   -10.75388     2.00000
   -10.73420     2.00000
   -10.62292     2.00000
   -10.51849     2.00000
   -10.40765     2.00000
   -10.37340     2.00000
   -10.33605     2.00000
   -10.31554     2.00000
   -10.27821     2.00000
   -10.19849     2.00000
   -10.14957     2.00000
   -10.06125     2.00000
   -10.01744     2.00000
    -9.99690     2.00000
    -9.90921     2.00000
    -9.85479     2.00000
    -9.79650     2.00000
    -9.77599     2.00000
    -9.66964     2.00000
    -9.63315     2.00000
    -9.59915     2.00000
    -9.55489     2.00000
    -9.52153     2.00000
    -9.46304     2.00000
    -9.40801     2.00000
    -9.31840     2.00000
    -9.29735     2.00000
    -9.24168     2.00000
    -9.22453     2.00000
    -9.14566     2.00000
    -9.10192     2.00000
    -9.07075     2.00000
    -9.00436     2.00000
    -8.95818     2.00000
    -8.89938     2.00000
    -8.88568     2.00000
    -8.84045     2.00000
    -8.81820     2.00000
    -4.33730     0.00000
    -4.14513     0.00000
    -4.11302     0.00000
    -4.07500     0.00000
    -4.05316     0.00000
    -4.00376     0.00000
    -3.95801     0.00000
    -3.93197     0.00000
    -3.90284     0.00000
    -3.85764     0.00000
    -3.80757     0.00000
    -3.75269     0.00000
    -3.70016     0.00000
    -3.62781     0.00000
    -3.55930     0.00000
    -3.54450     0.00000
    -3.53262     0.00000
    -3.47624     0.00000
    -3.42518     0.00000
    -3.38971     0.00000
    -3.35861     0.00000
    -3.24452     0.00000
    -3.19136     0.00000
    -3.14074     0.00000
    -3.09327     0.00000
    -3.03794     0.00000
    -2.99858     0.00000
    -2.94146     0.00000
    -2.91394     0.00000
    -2.75276     0.00000
    -2.68741     0.00000
    -2.64609     0.00000
    -2.53378     0.00000
    -2.45134     0.00000
    -2.19711     0.00000
    -2.00230     0.00000
    -1.79107     0.00000
    -1.74497     0.00000
    -1.24413     0.00000
    -0.26911     0.00000
    -0.12616     0.00000
     0.18560     0.00000
     0.19743     0.00000
     0.34278     0.00000
     0.48577     0.00000
     2.17992     0.00000
     3.19930     0.00000
     4.09677     0.00000
     4.17971     0.00000
     4.54665     0.00000
     4.62532     0.00000
     5.14924     0.00000
     7.16179     0.00000
     8.21715     0.00000
     8.44073     0.00000
     8.52606     0.00000
     9.29439     0.00000
     9.54700     0.00000
     9.59044     0.00000
     9.70917     0.00000
    10.02282     0.00000
    10.10450     0.00000
    10.38627     0.00000
    10.40158     0.00000
    10.75175     0.00000
    11.06323     0.00000
    11.67973     0.00000
    11.75581     0.00000
    12.04741     0.00000
    12.13747     0.00000
    12.30954     0.00000
    12.46744     0.00000
    12.86326     0.00000
    13.21197     0.00000
    13.49816     0.00000
    13.79060     0.00000
    14.19953     0.00000
    14.78546     0.00000
    15.12161     0.00000
    16.03429     0.00000
    16.53018     0.00000
 
