 Fermi distribution function
 
 Coordinates of moved atoms (au):
    1      0.00000000      3.71886736     12.01815780
    2      0.00000000      0.00000000     11.33835593
    3      3.71886736      3.71886736     12.69795967
    4      0.00000000     11.15660209     12.01815780
    5      0.00000000      7.43773472     11.33835593
    6      3.71886736     11.15660209     12.69795967
    7      0.00000000     18.59433681     12.01815780
    8      0.00000000     14.87546945     11.33835593
    9      3.71886736     18.59433681     12.69795967
   10      0.00000000     26.03207153     12.01815780
   11      0.00000000     22.31320417     11.33835593
   12      3.71886736     26.03207153     12.69795967
   13      3.84441808      9.36461997     19.06873074
   14      3.73467546     18.36852133     16.32078740
   15      7.41294566     11.49481753     15.73819407
   16      0.25754901      3.17244535     15.82012373
   17      0.18027011      0.14229894     21.16067193
   18      4.06908128      3.98085167     20.13440180
   19      3.66041870     15.14968795     17.51975606
   20      0.29483803      7.33514564     22.52526146
   21      0.00672906     19.12278077     15.84087686
   22      3.70633517     11.73902355     16.37252717
   23      0.30365981      3.01320235     19.37903892
   24      3.74143717     21.61453138     18.28201633
   25      0.01387108     22.42871892     17.69184691
   26      0.03650823     25.13171128     15.69180881
   27      3.97866516      7.21243998     21.68049334
 
 COMPONENT = q
  
 Eigenvalues /H
   -0.91108584
   -0.90859657
   -0.90627479
   -0.90412959
   -0.90248956
   -0.89902498
   -0.89746537
   -0.89672586
   -0.89365532
   -0.89284967
   -0.89206199
   -0.89187574
   -0.89079564
   -0.89033235
   -0.88911306
   -0.88831351
   -0.88716131
   -0.88581500
   -0.43178963
   -0.42943100
   -0.42243818
   -0.42078899
   -0.41788600
   -0.41628752
   -0.41287869
   -0.41064604
   -0.40740233
   -0.40601802
   -0.40532157
   -0.40380757
   -0.40150881
   -0.40063297
   -0.39815756
   -0.39773848
   -0.39519794
   -0.39447446
   -0.39038508
   -0.38654742
   -0.38247425
   -0.38121551
   -0.37984290
   -0.37908903
   -0.37771735
   -0.37478756
   -0.37298969
   -0.36974406
   -0.36813418
   -0.36737947
   -0.36415671
   -0.36215704
   -0.36001458
   -0.35926106
   -0.35535283
   -0.35401178
   -0.35276220
   -0.35113571
   -0.34990971
   -0.34776042
   -0.34573794
   -0.34244480
   -0.34167139
   -0.33962541
   -0.33899529
   -0.33609698
   -0.33448950
   -0.33334409
   -0.33090402
   -0.32920690
   -0.32704630
   -0.32654284
   -0.32488071
   -0.32406282
   -0.15939270
   -0.15233071
   -0.15115070
   -0.14975341
   -0.14895075
   -0.14713541
   -0.14545406
   -0.14449718
   -0.14342688
   -0.14176549
   -0.13992545
   -0.13790891
   -0.13597853
   -0.13331953
   -0.13080204
   -0.13025782
   -0.12982124
   -0.12774945
   -0.12587304
   -0.12456946
   -0.12342682
   -0.11923403
   -0.11728044
   -0.11542022
   -0.11367542
   -0.11164230
   -0.11019562
   -0.10809659
   -0.10708547
   -0.10116202
   -0.09876045
   -0.09724209
   -0.09311487
   -0.09008514
   -0.08074214
   -0.07358329
   -0.06582066
   -0.06412645
   -0.04572097
   -0.00988962
   -0.00463622
    0.00682054
    0.00725539
    0.01259688
    0.01785173
    0.08011069
    0.11757228
    0.15055350
    0.15360146
    0.16708617
    0.16997756
    0.18923111
    0.26319087
    0.30197457
    0.31019094
    0.31332678
    0.34156239
    0.35084563
    0.35244211
    0.35680534
    0.36833201
    0.37133345
    0.38168834
    0.38225099
    0.39511941
    0.40656605
    0.42922218
    0.43201813
    0.44273408
    0.44604395
    0.45236717
    0.45816996
    0.47271604
    0.48553081
    0.49604812
    0.50679537
    0.52182331
    0.54335564
    0.55570884
    0.58924925
    0.60747304
 
 Eigenvalues /eV
  -24.79190700
  -24.72417049
  -24.66099167
  -24.60261803
  -24.55799042
  -24.46371452
  -24.42127516
  -24.40115228
  -24.31759846
  -24.29567567
  -24.27424191
  -24.26917357
  -24.23978275
  -24.22717594
  -24.19399742
  -24.17224045
  -24.14088740
  -24.10425257
  -11.74959365
  -11.68541209
  -11.49512764
  -11.45025095
  -11.37125651
  -11.32775986
  -11.23500068
  -11.17424733
  -11.08598140
  -11.04831259
  -11.02936119
  -10.98816295
  -10.92561055
  -10.90177766
  -10.83441843
  -10.82301478
  -10.75388296
  -10.73419616
  -10.62291855
  -10.51849041
  -10.40765396
  -10.37340168
  -10.33605119
  -10.31553744
  -10.27821214
  -10.19848828
  -10.14956594
  -10.06124772
  -10.01744064
   -9.99690411
   -9.90920816
   -9.85479451
   -9.79649505
   -9.77599076
   -9.66964254
   -9.63315059
   -9.59914778
   -9.55488874
   -9.52152770
   -9.46304249
   -9.40800789
   -9.31839724
   -9.29735158
   -9.24167772
   -9.22453128
   -9.14566420
   -9.10192228
   -9.07075432
   -9.00435648
   -8.95817551
   -8.89938269
   -8.88568274
   -8.84045399
   -8.81819801
   -4.33729616
   -4.14512942
   -4.11301976
   -4.07499768
   -4.05315604
   -4.00375822
   -3.95800624
   -3.93196842
   -3.90284410
   -3.85763522
   -3.80756509
   -3.75269245
   -3.70016397
   -3.62780894
   -3.55930455
   -3.54449556
   -3.53261561
   -3.47623952
   -3.42517967
   -3.38970741
   -3.35861467
   -3.24452313
   -3.19136308
   -3.14074407
   -3.09326567
   -3.03794163
   -2.99857529
   -2.94145795
   -2.91394392
   -2.75275859
   -2.68740845
   -2.64609177
   -2.53378450
   -2.45134127
   -2.19710540
   -2.00230326
   -1.79107118
   -1.74496952
   -1.24413081
   -0.26911025
   -0.12615803
    0.18559635
    0.19742928
    0.34277864
    0.48577033
    2.17992271
    3.19930451
    4.09676925
    4.17970831
    4.54664597
    4.62532464
    5.14924059
    7.16178789
    8.21714614
    8.44072501
    8.52605560
    9.29438559
    9.54699522
    9.59043781
    9.70916736
   10.02282407
   10.10449729
   10.38626829
   10.40157860
   10.75174611
   11.06322517
   11.67972981
   11.75581138
   12.04740724
   12.13747349
   12.30953699
   12.46743894
   12.86325792
   13.21196558
   13.49815605
   13.79060380
   14.19953462
   14.78545912
   15.12160700
   16.03428788
   16.53018249
 
 Fillings
     2.00000
     2.00000
     2.00000
     2.00000
     2.00000
     2.00000
     2.00000
     2.00000
     2.00000
     2.00000
     2.00000
     2.00000
     2.00000
     2.00000
     2.00000
     2.00000
     2.00000
     2.00000
     2.00000
     2.00000
     2.00000
     2.00000
     2.00000
     2.00000
     2.00000
     2.00000
     2.00000
     2.00000
     2.00000
     2.00000
     2.00000
     2.00000
     2.00000
     2.00000
     2.00000
     2.00000
     2.00000
     2.00000
     2.00000
     2.00000
     2.00000
     2.00000
     2.00000
     2.00000
     2.00000
     2.00000
     2.00000
     2.00000
     2.00000
     2.00000
     2.00000
     2.00000
     2.00000
     2.00000
     2.00000
     2.00000
     2.00000
     2.00000
     2.00000
     2.00000
     2.00000
     2.00000
     2.00000
     2.00000
     2.00000
     2.00000
     2.00000
     2.00000
     2.00000
     2.00000
     2.00000
     2.00000
     0.00000
     0.00000
     0.00000
     0.00000
     0.00000
     0.00000
     0.00000
     0.00000
     0.00000
     0.00000
     0.00000
     0.00000
     0.00000
     0.00000
     0.00000
     0.00000
     0.00000
     0.00000
     0.00000
     0.00000
     0.00000
     0.00000
     0.00000
     0.00000
     0.00000
     0.00000
     0.00000
     0.00000
     0.00000
     0.00000
     0.00000
     0.00000
     0.00000
     0.00000
     0.00000
     0.00000
     0.00000
     0.00000
     0.00000
     0.00000
     0.00000
     0.00000
     0.00000
     0.00000
     0.00000
     0.00000
     0.00000
     0.00000
     0.00000
     0.00000
     0.00000
     0.00000
     0.00000
     0.00000
     0.00000
     0.00000
     0.00000
     0.00000
     0.00000
     0.00000
     0.00000
     0.00000
     0.00000
     0.00000
     0.00000
     0.00000
     0.00000
     0.00000
     0.00000
     0.00000
     0.00000
     0.00000
     0.00000
     0.00000
     0.00000
     0.00000
     0.00000
     0.00000
     0.00000
     0.00000
     0.00000
 
 Fermi energy:                      -0.2479663274 H           -6.7475 eV
 Band energy:                      -72.5240988311 H        -1973.4811 eV
 TS:                                 0.0000000000 H            0.0000 eV
 Band free energy (E-TS):          -72.5240988311 H        -1973.4811 eV
 Extrapolated E(0K):               -72.5240988311 H        -1973.4811 eV
 
 Energy H0:                        -72.5240988311 H        -1973.4811 eV
 Total Electronic energy:          -72.5240988311 H        -1973.4811 eV
 Repulsive energy:                   2.2588768161 H           61.4672 eV
 Total energy:                     -70.2652220150 H        -1912.0140 eV
 Total Mermin free energy:         -70.2652220150 H        -1912.0140 eV
 
 Non-SCC calculation
 
 Full geometry written in geo_end.{xyz|gen}
 
 Total Forces
  5.395853534134881E-004 -7.643122272205609E-003  5.481943285954115E-002
 -1.686838698407625E-004 -1.877560826510724E-003 -4.652545858943150E-003
  9.000289361171983E-003  3.597071328627085E-003 -2.952046510667710E-002
 -1.789068184458328E-004  5.150666299380893E-005  1.665911818764930E-002
 -1.300762202318068E-005  4.006109742434834E-004 -2.020577819778654E-003
 -1.219792364318773E-003 -8.048742092479320E-004 -1.357384304130316E-002
  5.891663876541743E-005  8.223324004544450E-003  2.340755630395085E-002
  1.226925550747842E-005  2.663873456560377E-003 -4.798620673917876E-003
  4.428219779672854E-004 -5.738872483011484E-003 -4.061673652523093E-003
 -5.646160800129270E-005 -7.062931317357066E-003  3.696982657173947E-002
 -4.680703751204244E-005 -3.801137424052798E-003 -1.272002303583876E-002
  1.321624698713495E-003  5.692541603283452E-003 -2.853570039470632E-002
 -7.722018878542360E-004  2.231397985068173E-002 -2.253080888533381E-002
 -3.656649174658400E-003  1.019026872928105E-002 -5.405604002039408E-003
  9.533809821671485E-003 -3.646394364057956E-005  4.547585200570428E-003
 -8.574952163128553E-003  5.805678780246761E-004 -9.417013061329263E-003
  1.940819409372492E-003 -1.213029851332503E-002 -1.336628899210088E-003
  1.667640835199846E-003 -4.655594813379585E-003 -7.996368018596003E-003
  1.635385144605617E-003 -5.114047769731234E-003 -4.655374682523014E-003
 -1.010038313155804E-002  3.772784374689253E-003  4.424111286276476E-003
  1.834093761249603E-003 -2.059072477616265E-003 -2.893148803179823E-003
 -6.519096598787479E-003  4.339523750968658E-003  8.394198693110397E-003
 -5.189355999556498E-003  8.135346130866583E-003 -7.050046583682945E-003
 -1.703376427887710E-004  9.583362570542847E-005 -2.373668180899825E-003
  6.528788726598838E-004 -3.583437642676632E-002  1.076015942634836E-002
 -1.338744405694415E-003  2.344642746830394E-002 -1.455791637071319E-002
  9.365245193870128E-003 -6.745307361929388E-003  1.811803854200927E-002
 
 Total stress tensor
     -0.000080319841      0.000001396526     -0.000004676200
      0.000001396568     -0.000066102256     -0.000003935255
     -0.000004676837     -0.000003935484     -0.000014434421
 
 Total lattice derivs
      0.112891790724     -0.001962856493      0.006572530865
     -0.000490728957      0.023227143761      0.001382777670
      0.001034888617      0.000870842329      0.003194042699
 
 Maximal derivative component:       0.548194E-01 au
 Max force for moved atoms::         0.548194E-01 au
 
 Volume:                             0.104539E+05 au^3
 Pressure:                          -0.536188E-04 au    -0.157752E+10 Pa
 
 Geometry converged
 
