 KPT            1  SPIN            1  KWEIGHT    1.00000000000000     
   -24.88969     2.00000
   -24.79877     2.00000
   -24.75387     2.00000
   -24.67226     2.00000
   -24.58998     2.00000
   -24.45800     2.00000
   -24.42436     2.00000
   -24.36514     2.00000
   -24.34865     2.00000
   -24.29116     2.00000
   -24.26943     2.00000
   -24.26420     2.00000
   -24.24859     2.00000
   -24.19401     2.00000
   -24.18963     2.00000
   -24.17733     2.00000
   -24.06159     2.00000
   -24.05963     2.00000
   -11.78314     2.00000
   -11.72996     2.00000
   -11.63856     2.00000
   -11.63414     2.00000
   -11.47388     2.00000
   -11.38233     2.00000
   -11.30841     2.00000
   -11.26236     2.00000
   -11.24286     2.00000
   -11.22844     2.00000
   -11.10989     2.00000
   -11.01672     2.00000
   -10.99832     2.00000
   -10.94580     2.00000
   -10.89464     2.00000
   -10.80012     2.00000
   -10.75185     2.00000
   -10.65011     2.00000
   -10.61851     2.00000
   -10.58889     2.00000
   -10.54484     2.00000
   -10.48031     2.00000
   -10.43495     2.00000
   -10.38794     2.00000
   -10.32929     2.00000
   -10.25883     2.00000
   -10.20434     2.00000
   -10.16168     2.00000
   -10.13921     2.00000
   -10.09643     2.00000
   -10.00850     2.00000
    -9.99755     2.00000
    -9.82415     2.00000
    -9.76710     2.00000
    -9.75843     2.00000
    -9.68079     2.00000
    -9.62814     2.00000
    -9.60368     2.00000
    -9.51168     2.00000
    -9.46071     2.00000
    -9.41462     2.00000
    -9.34706     2.00000
    -9.32036     2.00000
    -9.26063     2.00000
    -9.23470     2.00000
    -9.15753     2.00000
    -9.11384     2.00000
    -9.04639     2.00000
    -8.96679     2.00000
    -8.90908     2.00000
    -8.88948     2.00000
    -8.84497     2.00000
    -8.77624     2.00000
    -8.69375     2.00000
    -4.19450     0.00000
    -4.16801     0.00000
    -4.09873     0.00000
    -4.04911     0.00000
    -3.99233     0.00000
    -3.98398     0.00000
    -3.95099     0.00000
    -3.86561     0.00000
    -3.86467     0.00000
    -3.73576     0.00000
    -3.71360     0.00000
    -3.60597     0.00000
    -3.56437     0.00000
    -3.52624     0.00000
    -3.51137     0.00000
    -3.48524     0.00000
    -3.43800     0.00000
    -3.39960     0.00000
    -3.30133     0.00000
    -3.29088     0.00000
    -3.18111     0.00000
    -3.16342     0.00000
    -3.06135     0.00000
    -3.03274     0.00000
    -2.96840     0.00000
    -2.89088     0.00000
    -2.70673     0.00000
    -2.69563     0.00000
    -2.65832     0.00000
    -2.56918     0.00000
    -2.50724     0.00000
    -2.39550     0.00000
    -2.02447     0.00000
    -1.91788     0.00000
    -1.87500     0.00000
    -1.73292     0.00000
    -0.98880     0.00000
    -0.88948     0.00000
    -0.50648     0.00000
    -0.26352     0.00000
     0.18049     0.00000
     0.24644     0.00000
     0.45257     0.00000
     0.70867     0.00000
     0.89487     0.00000
     3.85754     0.00000
     4.20592     0.00000
     4.56854     0.00000
     4.58971     0.00000
     5.06768     0.00000
     7.17059     0.00000
     7.26407     0.00000
     7.58074     0.00000
     7.87355     0.00000
     8.61667     0.00000
     8.78604     0.00000
     9.18742     0.00000
     9.44827     0.00000
     9.70324     0.00000
     9.86908     0.00000
    10.25471     0.00000
    10.29584     0.00000
    10.52841     0.00000
    10.53482     0.00000
    11.04703     0.00000
    11.68141     0.00000
    11.78356     0.00000
    11.94437     0.00000
    12.56310     0.00000
    12.67013     0.00000
    13.05791     0.00000
    13.56047     0.00000
    13.66199     0.00000
    14.25209     0.00000
    14.78048     0.00000
    15.38161     0.00000
    15.96479     0.00000
    16.20060     0.00000
    17.31087     0.00000
    17.93840     0.00000
    18.24386     0.00000
 
