 Fermi distribution function
 
 Coordinates of moved atoms (au):
    1      0.00000000      3.71886736     12.01815780
    2      0.00000000      0.00000000     11.33835593
    3      3.71886736      3.71886736     12.69795967
    4      0.00000000     11.15660209     12.01815780
    5      0.00000000      7.43773472     11.33835593
    6      3.71886736     11.15660209     12.69795967
    7      0.00000000     18.59433681     12.01815780
    8      0.00000000     14.87546945     11.33835593
    9      3.71886736     18.59433681     12.69795967
   10      0.00000000     26.03207153     12.01815780
   11      0.00000000     22.31320417     11.33835593
   12      3.71886736     26.03207153     12.69795967
   13      7.42136715     10.84126992     15.76690695
   14      7.42138679      4.04060353     15.76680862
   15      3.73114686      2.66267733     16.19782710
   16      3.69383961     15.54547124     17.05861627
   17      3.73042777     12.21657652     16.20023472
   18      7.43408612     19.11705568     15.72140129
   19      7.05630373      7.44262489     20.99916872
   20      3.69431920     29.09218667     17.05932435
   21      3.71520237     19.05601729     16.26772177
   22      3.72224066     22.31619431     17.88503134
   23      3.43544607      5.00938009     18.74230491
   24      0.83175925      7.44062026     17.74852690
   25      3.71525225     25.57573333     16.26771189
   26      7.43418465     25.51580804     15.72168345
   27      3.43416885      9.87725473     18.73930991
 
 COMPONENT = q
  
 Eigenvalues /H
   -0.91467944
   -0.91133802
   -0.90968782
   -0.90668875
   -0.90366503
   -0.89881485
   -0.89757866
   -0.89540257
   -0.89479656
   -0.89268361
   -0.89188529
   -0.89169278
   -0.89111947
   -0.88911343
   -0.88895261
   -0.88850052
   -0.88424702
   -0.88417498
   -0.43302251
   -0.43106824
   -0.42770939
   -0.42754669
   -0.42165745
   -0.41829304
   -0.41557633
   -0.41388394
   -0.41316743
   -0.41263756
   -0.40828089
   -0.40485703
   -0.40418076
   -0.40225071
   -0.40037066
   -0.39689709
   -0.39512307
   -0.39138442
   -0.39022317
   -0.38913442
   -0.38751569
   -0.38514415
   -0.38347721
   -0.38174970
   -0.37959442
   -0.37700494
   -0.37500252
   -0.37343484
   -0.37260899
   -0.37103712
   -0.36780545
   -0.36740304
   -0.36103086
   -0.35893419
   -0.35861570
   -0.35576251
   -0.35382781
   -0.35292885
   -0.34954783
   -0.34767457
   -0.34598091
   -0.34349823
   -0.34251691
   -0.34032194
   -0.33936906
   -0.33653293
   -0.33492743
   -0.33244882
   -0.32952366
   -0.32740281
   -0.32668230
   -0.32504650
   -0.32252097
   -0.31948939
   -0.15414503
   -0.15317146
   -0.15062555
   -0.14880197
   -0.14671543
   -0.14640851
   -0.14519619
   -0.14205854
   -0.14202393
   -0.13728681
   -0.13647225
   -0.13251714
   -0.13098803
   -0.12958689
   -0.12904057
   -0.12808038
   -0.12634429
   -0.12493298
   -0.12132176
   -0.12093768
   -0.11690360
   -0.11625349
   -0.11250260
   -0.11145102
   -0.10908659
   -0.10623797
   -0.09947035
   -0.09906258
   -0.09769156
   -0.09441577
   -0.09213940
   -0.08803317
   -0.07439804
   -0.07048097
   -0.06890487
   -0.06368356
   -0.03633762
   -0.03268787
   -0.01861289
   -0.00968436
    0.00663281
    0.00905664
    0.01663148
    0.02604299
    0.03288579
    0.14176181
    0.15456454
    0.16789078
    0.16866877
    0.18623377
    0.26351427
    0.26694968
    0.27858708
    0.28934776
    0.31665665
    0.32288113
    0.33763146
    0.34721767
    0.35658766
    0.36268188
    0.37685350
    0.37836516
    0.38691201
    0.38714765
    0.40597077
    0.42928394
    0.43303780
    0.43894735
    0.46168547
    0.46561873
    0.47986955
    0.49833798
    0.50206875
    0.52375467
    0.54317282
    0.56526379
    0.58669515
    0.59536113
    0.63616265
    0.65922395
    0.67044945
 
 Eigenvalues /eV
  -24.88969391
  -24.79876934
  -24.75386517
  -24.67225618
  -24.58997661
  -24.45799651
  -24.42435796
  -24.36514350
  -24.34865328
  -24.29115695
  -24.26943355
  -24.26419522
  -24.24859455
  -24.19400750
  -24.18963140
  -24.17732930
  -24.06158573
  -24.05962539
  -11.78314189
  -11.72996368
  -11.63856465
  -11.63413750
  -11.47388313
  -11.38233275
  -11.30840721
  -11.26235509
  -11.24285786
  -11.22843941
  -11.10988817
  -11.01672041
  -10.99831811
  -10.94579866
  -10.89464001
  -10.80011929
  -10.75184571
  -10.65011204
  -10.61851284
  -10.58888634
  -10.54483855
  -10.48030550
  -10.43494589
  -10.38793780
  -10.32928971
  -10.25882642
  -10.20433776
  -10.16167913
  -10.13920638
  -10.09643363
  -10.00849565
   -9.99754544
   -9.82414959
   -9.76709624
   -9.75842958
   -9.68079051
   -9.62814469
   -9.60368259
   -9.51168036
   -9.46070639
   -9.41461961
   -9.34706230
   -9.32035936
   -9.26063127
   -9.23470187
   -9.15752695
   -9.11383903
   -9.04639274
   -8.96679490
   -8.90908365
   -8.88947773
   -8.84496517
   -8.77624211
   -8.69374852
   -4.19449969
   -4.16800757
   -4.09872978
   -4.04910765
   -3.99233005
   -3.98397830
   -3.95098923
   -3.86560967
   -3.86466775
   -3.73576406
   -3.71359888
   -3.60597493
   -3.56436575
   -3.52623868
   -3.51137249
   -3.48524445
   -3.43800294
   -3.39959924
   -3.30133295
   -3.29088165
   -3.18110894
   -3.16341847
   -3.06135151
   -3.03273667
   -2.96839720
   -2.89088239
   -2.70672591
   -2.69562983
   -2.65832249
   -2.56918381
   -2.50724065
   -2.39550453
   -2.02447361
   -1.91788478
   -1.87499682
   -1.73291791
   -0.98879691
   -0.88948226
   -0.50648255
   -0.26352491
    0.18048803
    0.24644377
    0.45256572
    0.70866578
    0.89486796
    3.85753506
    4.20591523
    4.56854059
    4.58971083
    5.06767861
    7.17058802
    7.26407042
    7.58074012
    7.87355302
    8.61666590
    8.78604271
    9.18741952
    9.44827340
    9.70324394
    9.86907612
   10.25470549
   10.29583991
   10.52841152
   10.53482353
   11.04702671
   11.68141042
   11.78355809
   11.94436504
   12.56310092
   12.67013019
   13.05791495
   13.56046639
   13.66198578
   14.25208970
   14.78048456
   15.38161029
   15.96478726
   16.20060058
   17.31086644
   17.93839647
   18.24385767
 
 Fillings
     2.00000
     2.00000
     2.00000
     2.00000
     2.00000
     2.00000
     2.00000
     2.00000
     2.00000
     2.00000
     2.00000
     2.00000
     2.00000
     2.00000
     2.00000
     2.00000
     2.00000
     2.00000
     2.00000
     2.00000
     2.00000
     2.00000
     2.00000
     2.00000
     2.00000
     2.00000
     2.00000
     2.00000
     2.00000
     2.00000
     2.00000
     2.00000
     2.00000
     2.00000
     2.00000
     2.00000
     2.00000
     2.00000
     2.00000
     2.00000
     2.00000
     2.00000
     2.00000
     2.00000
     2.00000
     2.00000
     2.00000
     2.00000
     2.00000
     2.00000
     2.00000
     2.00000
     2.00000
     2.00000
     2.00000
     2.00000
     2.00000
     2.00000
     2.00000
     2.00000
     2.00000
     2.00000
     2.00000
     2.00000
     2.00000
     2.00000
     2.00000
     2.00000
     2.00000
     2.00000
     2.00000
     2.00000
     0.00000
     0.00000
     0.00000
     0.00000
     0.00000
     0.00000
     0.00000
     0.00000
     0.00000
     0.00000
     0.00000
     0.00000
     0.00000
     0.00000
     0.00000
     0.00000
     0.00000
     0.00000
     0.00000
     0.00000
     0.00000
     0.00000
     0.00000
     0.00000
     0.00000
     0.00000
     0.00000
     0.00000
     0.00000
     0.00000
     0.00000
     0.00000
     0.00000
     0.00000
     0.00000
     0.00000
     0.00000
     0.00000
     0.00000
     0.00000
     0.00000
     0.00000
     0.00000
     0.00000
     0.00000
     0.00000
     0.00000
     0.00000
     0.00000
     0.00000
     0.00000
     0.00000
     0.00000
     0.00000
     0.00000
     0.00000
     0.00000
     0.00000
     0.00000
     0.00000
     0.00000
     0.00000
     0.00000
     0.00000
     0.00000
     0.00000
     0.00000
     0.00000
     0.00000
     0.00000
     0.00000
     0.00000
     0.00000
     0.00000
     0.00000
     0.00000
     0.00000
     0.00000
     0.00000
     0.00000
     0.00000
 
 Fermi energy:                      -0.2224355519 H           -6.0528 eV
 Band energy:                      -72.7172969714 H        -1978.7383 eV
 TS:                                 0.0000000000 H            0.0000 eV
 Band free energy (E-TS):          -72.7172969714 H        -1978.7383 eV
 Extrapolated E(0K):               -72.7172969714 H        -1978.7383 eV
 
 Energy H0:                        -72.7172969714 H        -1978.7383 eV
 Total Electronic energy:          -72.7172969714 H        -1978.7383 eV
 Repulsive energy:                   2.4096977528 H           65.5712 eV
 Total energy:                     -70.3075992185 H        -1913.1671 eV
 Total Mermin free energy:         -70.3075992185 H        -1913.1671 eV
 
 Non-SCC calculation
 
 Full geometry written in geo_end.{xyz|gen}
 
 Total Forces
 -2.836008791446259E-004  8.040075834845411E-003  9.429780120781731E-003
 -2.011047191781985E-005 -8.281471147065996E-004 -1.438614019022729E-003
 -7.816704153459840E-004 -1.024534855387708E-002 -9.004243415033052E-003
 -2.893486394086324E-004 -7.986986582713507E-003  9.373852049138098E-003
  9.254154104890562E-005  1.323679465496827E-005 -6.998263842460058E-003
 -7.925150063369732E-004  1.019019946857824E-002 -8.932747447011287E-003
 -2.330657501669189E-003  1.737231002286503E-003  6.163750414629479E-003
 -1.966945059827806E-005  8.477320305976389E-004 -1.436158190124676E-003
 -1.709838575846132E-004  4.493523617626279E-003 -2.180409157133979E-002
 -2.283362569176378E-003 -1.667174225726801E-003  5.656363182349244E-003
  4.037807413294154E-006  3.216440544961585E-005 -1.103286860429134E-002
 -1.667624186217397E-004 -4.418902376083746E-003 -2.204369426658165E-002
 -1.613735891053503E-003  5.830644029767133E-003  6.447313892186113E-004
 -1.416626834503882E-003 -5.954180433240008E-003  7.088556704522991E-004
 -2.751602929085963E-003  1.145642569732801E-002 -6.340909293923704E-003
  6.982792130163008E-004 -8.188044978605209E-003  7.094178737196977E-003
 -2.656586449704453E-003 -8.808841290258896E-003 -5.729847278612185E-003
 -3.100898954398156E-005 -2.542188555397552E-003  5.278780301609436E-003
  4.129665078986294E-003  2.314364800602139E-005 -1.992870755578807E-002
  6.852088527394560E-004  2.879548142072835E-003  6.970935419532420E-003
  2.253266247644020E-003  7.114619610480044E-003  1.196334612686530E-002
 -3.152116913127940E-004  2.301046173195891E-005 -1.128769590883814E-002
  1.055919150360635E-002 -4.001537004652715E-003  1.961579065328733E-003
 -1.559398006630543E-002 -2.817319213055762E-004  3.981854280521441E-002
  2.207833582584542E-003 -4.708961752933914E-003  1.338613084637627E-002
 -4.633309949644786E-005  2.576172842160853E-003  5.350530722165139E-003
  1.093374333377155E-002  4.374317203916157E-003  2.176484542168344E-003
 
 Total stress tensor
      0.000008719936      0.000000089784      0.000007724172
      0.000000089842     -0.000097785905     -0.000000443046
      0.000007720049     -0.000000443114      0.000014884059
 
 Total lattice derivs
     -0.012256114622     -0.000126194265     -0.010856540044
     -0.000031568776      0.034360208283      0.000155678223
     -0.001708289313      0.000098052030     -0.003293538446
 
 Maximal derivative component:       0.398185E-01 au
 Max force for moved atoms::         0.398185E-01 au
 
 Volume:                             0.104539E+05 au^3
 Pressure:                          -0.247273E-04 au    -0.727502E+09 Pa
 
 Geometry converged
 
