 KPT            1  SPIN            1  KWEIGHT    1.00000000000000     
   -24.81848     2.00000
   -24.74813     2.00000
   -24.72795     2.00000
   -24.64195     2.00000
   -24.53799     2.00000
   -24.45634     2.00000
   -24.42546     2.00000
   -24.35770     2.00000
   -24.32379     2.00000
   -24.29126     2.00000
   -24.27478     2.00000
   -24.26198     2.00000
   -24.25529     2.00000
   -24.22023     2.00000
   -24.18659     2.00000
   -24.17705     2.00000
   -24.16579     2.00000
   -24.14401     2.00000
   -11.77138     2.00000
   -11.72081     2.00000
   -11.69606     2.00000
   -11.55554     2.00000
   -11.36480     2.00000
   -11.29930     2.00000
   -11.19887     2.00000
   -11.17508     2.00000
   -11.12144     2.00000
   -11.07549     2.00000
   -11.05590     2.00000
   -10.98919     2.00000
   -10.97943     2.00000
   -10.95288     2.00000
   -10.92328     2.00000
   -10.81836     2.00000
   -10.69409     2.00000
   -10.63882     2.00000
   -10.60223     2.00000
   -10.52898     2.00000
   -10.47262     2.00000
   -10.45663     2.00000
   -10.39876     2.00000
   -10.35332     2.00000
   -10.31386     2.00000
   -10.24903     2.00000
   -10.23972     2.00000
   -10.16402     2.00000
   -10.14212     2.00000
   -10.12689     2.00000
   -10.03676     2.00000
    -9.96651     2.00000
    -9.89903     2.00000
    -9.79784     2.00000
    -9.74817     2.00000
    -9.68771     2.00000
    -9.65145     2.00000
    -9.60648     2.00000
    -9.55874     2.00000
    -9.48052     2.00000
    -9.44885     2.00000
    -9.42750     2.00000
    -9.35686     2.00000
    -9.27868     2.00000
    -9.26411     2.00000
    -9.17405     2.00000
    -9.09880     2.00000
    -9.02369     2.00000
    -9.01660     2.00000
    -8.97061     2.00000
    -8.91553     2.00000
    -8.87751     2.00000
    -8.85746     2.00000
    -8.78218     2.00000
    -4.23530     0.00000
    -4.11150     0.00000
    -4.07966     0.00000
    -4.03398     0.00000
    -3.99883     0.00000
    -3.96722     0.00000
    -3.92448     0.00000
    -3.87877     0.00000
    -3.83633     0.00000
    -3.76738     0.00000
    -3.72805     0.00000
    -3.67069     0.00000
    -3.62140     0.00000
    -3.57005     0.00000
    -3.53219     0.00000
    -3.50797     0.00000
    -3.46491     0.00000
    -3.41481     0.00000
    -3.39924     0.00000
    -3.36687     0.00000
    -3.28787     0.00000
    -3.21239     0.00000
    -3.10223     0.00000
    -3.04427     0.00000
    -2.99008     0.00000
    -2.87216     0.00000
    -2.75278     0.00000
    -2.69578     0.00000
    -2.66775     0.00000
    -2.64007     0.00000
    -2.60392     0.00000
    -2.50394     0.00000
    -2.20155     0.00000
    -2.14360     0.00000
    -2.06901     0.00000
    -1.85028     0.00000
    -1.74342     0.00000
    -0.90392     0.00000
    -0.28555     0.00000
     0.15905     0.00000
     0.18543     0.00000
     0.37250     0.00000
     0.54961     0.00000
     0.71228     0.00000
     0.86088     0.00000
     3.62680     0.00000
     3.94571     0.00000
     4.36633     0.00000
     4.46007     0.00000
     4.98393     0.00000
     7.08733     0.00000
     7.47259     0.00000
     7.78502     0.00000
     8.03686     0.00000
     8.31283     0.00000
     8.92066     0.00000
     9.14066     0.00000
     9.33031     0.00000
     9.49428     0.00000
     9.77290     0.00000
    10.08863     0.00000
    10.29198     0.00000
    10.51227     0.00000
    10.86633     0.00000
    11.09290     0.00000
    11.46604     0.00000
    11.78401     0.00000
    12.10115     0.00000
    12.27268     0.00000
    12.68048     0.00000
    13.05098     0.00000
    13.29000     0.00000
    13.59004     0.00000
    13.91417     0.00000
    14.08869     0.00000
    14.40660     0.00000
    15.23358     0.00000
    15.46170     0.00000
    15.81127     0.00000
    16.49573     0.00000
    17.33837     0.00000
 
