 Fermi distribution function
 
 Coordinates of moved atoms (au):
    1      0.00000000      3.71886736     12.01815780
    2      0.00000000      0.00000000     11.33835593
    3      3.71886736      3.71886736     12.69795967
    4      0.00000000     11.15660209     12.01815780
    5      0.00000000      7.43773472     11.33835593
    6      3.71886736     11.15660209     12.69795967
    7      0.00000000     18.59433681     12.01815780
    8      0.00000000     14.87546945     11.33835593
    9      3.71886736     18.59433681     12.69795967
   10      0.00000000     26.03207153     12.01815780
   11      0.00000000     22.31320417     11.33835593
   12      3.71886736     26.03207153     12.69795967
   13      3.45281409     18.99441317     19.51931231
   14      0.01317029     18.79633482     15.96179654
   15      7.42359476     10.66209010     15.74559672
   16      0.93820512     21.50386380     18.70607254
   17      7.38804366     26.91104238     15.67961166
   18      7.42608441      4.04741504     15.75802240
   19      3.71565901     10.66619519     16.28630341
   20      3.46024985     24.00837887     18.11701176
   21      3.70402586      7.35870918     17.74837614
   22      6.99266661     22.21604894     21.68634244
   23      3.75590835     14.14602896     17.30032893
   24      3.70555011      4.03617741     16.30035342
   25      3.87023376     17.40117145     16.30100037
   26      3.63904486      0.65721243     17.53986119
   27      3.67590960     27.04111924     16.23442127
 
 COMPONENT = q
  
 Eigenvalues /H
   -0.91206244
   -0.90947706
   -0.90873546
   -0.90557501
   -0.90175473
   -0.89875402
   -0.89761910
   -0.89512915
   -0.89388301
   -0.89268739
   -0.89208185
   -0.89161128
   -0.89136555
   -0.89007692
   -0.88884072
   -0.88849022
   -0.88807659
   -0.88727589
   -0.43259042
   -0.43073194
   -0.42982230
   -0.42465837
   -0.41764888
   -0.41524180
   -0.41155077
   -0.41067668
   -0.40870551
   -0.40701677
   -0.40629679
   -0.40384532
   -0.40348649
   -0.40251108
   -0.40142302
   -0.39756749
   -0.39300064
   -0.39096945
   -0.38962462
   -0.38693301
   -0.38486189
   -0.38427427
   -0.38214727
   -0.38047770
   -0.37902749
   -0.37664499
   -0.37630268
   -0.37352089
   -0.37271591
   -0.37215641
   -0.36884429
   -0.36626261
   -0.36378277
   -0.36006391
   -0.35823852
   -0.35601682
   -0.35468434
   -0.35303164
   -0.35127727
   -0.34840280
   -0.34723904
   -0.34645433
   -0.34385819
   -0.34098537
   -0.34044997
   -0.33714030
   -0.33437479
   -0.33161458
   -0.33135384
   -0.32966394
   -0.32763954
   -0.32624241
   -0.32550556
   -0.32273926
   -0.15564443
   -0.15109492
   -0.14992491
   -0.14824604
   -0.14695429
   -0.14579271
   -0.14422189
   -0.14254211
   -0.14098246
   -0.13844862
   -0.13700332
   -0.13489526
   -0.13308391
   -0.13119688
   -0.12980550
   -0.12891549
   -0.12733318
   -0.12549214
   -0.12491994
   -0.12373018
   -0.12082691
   -0.11805298
   -0.11400480
   -0.11187476
   -0.10988331
   -0.10554986
   -0.10116298
   -0.09906827
   -0.09803793
   -0.09702065
   -0.09569242
   -0.09201796
   -0.08090544
   -0.07877572
   -0.07603469
   -0.06799648
   -0.06406966
   -0.03321836
   -0.01049387
    0.00584507
    0.00681426
    0.01368900
    0.02019779
    0.02617566
    0.03163681
    0.13328234
    0.14500209
    0.16045966
    0.16390444
    0.18315615
    0.26045444
    0.27461259
    0.28609407
    0.29534924
    0.30549102
    0.32782838
    0.33591325
    0.34288260
    0.34890826
    0.35914744
    0.37075024
    0.37822347
    0.38631867
    0.39933039
    0.40765660
    0.42136916
    0.43305449
    0.44470900
    0.45101285
    0.46599919
    0.47961474
    0.48839837
    0.49942475
    0.51133643
    0.51774997
    0.52943298
    0.55982374
    0.56820691
    0.58105367
    0.60620678
    0.63717328
 
 Eigenvalues /eV
  -24.81848168
  -24.74812997
  -24.72795010
  -24.64194973
  -24.53799469
  -24.45634120
  -24.42545843
  -24.35770353
  -24.32379415
  -24.29125978
  -24.27478226
  -24.26197750
  -24.25529084
  -24.22022541
  -24.18658650
  -24.17704887
  -24.16579366
  -24.14400528
  -11.77138432
  -11.72081234
  -11.69605979
  -11.55554224
  -11.36480438
  -11.29930439
  -11.19886632
  -11.17508100
  -11.12144270
  -11.07548977
  -11.05589826
  -10.98919042
  -10.97942614
  -10.95288367
  -10.92327617
  -10.81836181
  -10.69409148
  -10.63882016
  -10.60222547
  -10.52898295
  -10.47262474
  -10.45663499
  -10.39875618
  -10.35332487
  -10.31386285
  -10.24903172
  -10.23971691
  -10.16402051
  -10.14211584
  -10.12689111
  -10.03676367
   -9.96651264
   -9.89903275
   -9.79783739
   -9.74816621
   -9.68771069
   -9.65145202
   -9.60647972
   -9.55874097
   -9.48052256
   -9.44885498
   -9.42750206
   -9.35685745
   -9.27868391
   -9.26411497
   -9.17405446
   -9.09880105
   -9.02369198
   -9.01659672
   -8.97061222
   -8.91552545
   -8.87750767
   -8.85745706
   -8.78218215
   -4.23530038
   -4.11150199
   -4.07966446
   -4.03398010
   -3.99882968
   -3.96722158
   -3.92447722
   -3.87876804
   -3.83632784
   -3.76737860
   -3.72805012
   -3.67068679
   -3.62139751
   -3.57004881
   -3.53218729
   -3.50796904
   -3.46491204
   -3.41481480
   -3.39924459
   -3.36686960
   -3.28786751
   -3.21238512
   -3.10222854
   -3.04426708
   -2.99007692
   -2.87215792
   -2.75278484
   -2.69578466
   -2.66774786
   -2.64006625
   -2.60392327
   -2.50393617
   -2.20154899
   -2.14359654
   -2.06900911
   -1.85027838
   -1.74342405
   -0.90391766
   -0.28555268
    0.15905258
    0.18542550
    0.37249655
    0.54960970
    0.71227602
    0.86088149
    3.62679712
    3.94570768
    4.36632955
    4.46006664
    4.98393232
    7.08732583
    7.47258870
    7.78501586
    8.03686186
    8.31283360
    8.92066407
    9.14066458
    9.33031018
    9.49427689
    9.77289909
   10.08862738
   10.29198426
   10.51226578
   10.86633286
   11.09290054
   11.46603823
   11.78401221
   12.10114761
   12.27268417
   12.68048303
   13.05098107
   13.28999596
   13.59003896
   13.91417231
   14.08869351
   14.40660430
   15.23357896
   15.46169669
   15.81127472
   16.49572590
   17.33836701
 
 Fillings
     2.00000
     2.00000
     2.00000
     2.00000
     2.00000
     2.00000
     2.00000
     2.00000
     2.00000
     2.00000
     2.00000
     2.00000
     2.00000
     2.00000
     2.00000
     2.00000
     2.00000
     2.00000
     2.00000
     2.00000
     2.00000
     2.00000
     2.00000
     2.00000
     2.00000
     2.00000
     2.00000
     2.00000
     2.00000
     2.00000
     2.00000
     2.00000
     2.00000
     2.00000
     2.00000
     2.00000
     2.00000
     2.00000
     2.00000
     2.00000
     2.00000
     2.00000
     2.00000
     2.00000
     2.00000
     2.00000
     2.00000
     2.00000
     2.00000
     2.00000
     2.00000
     2.00000
     2.00000
     2.00000
     2.00000
     2.00000
     2.00000
     2.00000
     2.00000
     2.00000
     2.00000
     2.00000
     2.00000
     2.00000
     2.00000
     2.00000
     2.00000
     2.00000
     2.00000
     2.00000
     2.00000
     2.00000
     0.00000
     0.00000
     0.00000
     0.00000
     0.00000
     0.00000
     0.00000
     0.00000
     0.00000
     0.00000
     0.00000
     0.00000
     0.00000
     0.00000
     0.00000
     0.00000
     0.00000
     0.00000
     0.00000
     0.00000
     0.00000
     0.00000
     0.00000
     0.00000
     0.00000
     0.00000
     0.00000
     0.00000
     0.00000
     0.00000
     0.00000
     0.00000
     0.00000
     0.00000
     0.00000
     0.00000
     0.00000
     0.00000
     0.00000
     0.00000
     0.00000
     0.00000
     0.00000
     0.00000
     0.00000
     0.00000
     0.00000
     0.00000
     0.00000
     0.00000
     0.00000
     0.00000
     0.00000
     0.00000
     0.00000
     0.00000
     0.00000
     0.00000
     0.00000
     0.00000
     0.00000
     0.00000
     0.00000
     0.00000
     0.00000
     0.00000
     0.00000
     0.00000
     0.00000
     0.00000
     0.00000
     0.00000
     0.00000
     0.00000
     0.00000
     0.00000
     0.00000
     0.00000
     0.00000
     0.00000
     0.00000
 
 Fermi energy:                      -0.2355218130 H           -6.4089 eV
 Band energy:                      -72.6915867031 H        -1978.0387 eV
 TS:                                 0.0000000000 H            0.0000 eV
 Band free energy (E-TS):          -72.6915867031 H        -1978.0387 eV
 Extrapolated E(0K):               -72.6915867031 H        -1978.0387 eV
 
 Energy H0:                        -72.6915867031 H        -1978.0387 eV
 Total Electronic energy:          -72.6915867031 H        -1978.0387 eV
 Repulsive energy:                   2.3552991912 H           64.0910 eV
 Total energy:                     -70.3362875119 H        -1913.9478 eV
 Total Mermin free energy:         -70.3362875119 H        -1913.9478 eV
 
 Non-SCC calculation
 
 Full geometry written in geo_end.{xyz|gen}
 
 Total Forces
 -9.383322774503661E-004  1.355503586171041E-003  1.671187062531780E-002
  7.011788238028075E-005  5.192185258477224E-003 -9.652730232979072E-003
 -6.408285434623695E-004  2.110758449349879E-003 -1.099573212709536E-002
 -1.011902916347690E-004 -2.560555544464195E-003  1.828156522061745E-002
  9.893411099478869E-006 -7.390401700937147E-004 -9.340635323403047E-003
 -7.178515734600191E-004 -4.342534773952167E-003 -1.068100255271615E-002
  6.294631727346311E-004  9.244937666133494E-003  2.237129816079246E-002
 -1.205180617229948E-004 -4.828029108653123E-004 -1.331847724582880E-003
  1.200532467791725E-003 -1.142648619239508E-002 -4.609404749917473E-004
 -4.435268733325207E-004  3.129958850544495E-003  1.837493611733829E-002
 -3.576093936216680E-005  4.403966768154985E-004 -2.369965419266370E-003
 -2.673457774276172E-003  3.784537854124977E-003 -6.638311581384219E-003
 -6.477808894715088E-003  1.223351882637606E-002 -9.775060387825663E-003
 -3.584139559313880E-004 -8.314119637198220E-003 -2.940526161565442E-003
  5.187822950969046E-003  2.322695111377410E-003  1.864782568513176E-003
  6.224167323982455E-003  6.898452103135562E-003 -3.662570512194679E-003
  1.862385057410304E-003 -3.836099267455456E-003  1.842654666119457E-003
 -1.042575232089674E-003 -1.116873417185775E-003  1.035537112014165E-003
 -3.677592084503366E-003  6.018883126233728E-003 -6.232204694028284E-003
 -1.085133579538294E-003 -9.821304069611500E-003  3.641369685534010E-003
  1.266603065305161E-004 -2.782257537131796E-003 -6.153727469536865E-003
 -7.797374836219825E-003  3.638185242815298E-003  1.807939924021537E-002
  4.303060092564212E-004 -2.095148229451461E-002 -6.375008890994460E-004
  1.336449015215850E-003  2.659995086533386E-003 -1.788891765667586E-003
  9.049341215155240E-003  5.873514711240202E-003 -1.020619476452420E-002
  1.661499284107782E-003 -6.408323676474859E-003 -7.767103494421418E-004
 -1.678273178934705E-003  7.878356942014615E-003 -8.558860966159024E-003
 
 Total stress tensor
     -0.000014412053     -0.000005616095     -0.000003453898
     -0.000005615858     -0.000087720729     -0.000000522702
     -0.000003454947     -0.000000519439     -0.000005352273
 
 Total lattice derivs
      0.020256545414      0.007893579211      0.004854551071
      0.001973311373      0.030823486490      0.000183668195
      0.000764509312      0.000114941180      0.001184348878
 
 Maximal derivative component:       0.223713E-01 au
 Max force for moved atoms::         0.223713E-01 au
 
 Volume:                             0.104539E+05 au^3
 Pressure:                          -0.358284E-04 au    -0.105411E+10 Pa
 
 Geometry converged
 
