 KPT            1  SPIN            1  KWEIGHT    1.00000000000000     
   -24.82333     2.00000
   -24.75125     2.00000
   -24.73271     2.00000
   -24.63038     2.00000
   -24.55243     2.00000
   -24.47684     2.00000
   -24.45893     2.00000
   -24.40991     2.00000
   -24.36677     2.00000
   -24.30521     2.00000
   -24.27235     2.00000
   -24.26308     2.00000
   -24.24330     2.00000
   -24.21889     2.00000
   -24.18081     2.00000
   -24.16852     2.00000
   -24.16266     2.00000
   -23.84489     2.00000
   -11.77281     2.00000
   -11.72330     2.00000
   -11.70645     2.00000
   -11.48376     2.00000
   -11.39452     2.00000
   -11.29099     2.00000
   -11.19647     2.00000
   -11.16159     2.00000
   -11.10903     2.00000
   -11.08199     2.00000
   -11.05637     2.00000
   -10.99428     2.00000
   -10.98199     2.00000
   -10.97845     2.00000
   -10.93587     2.00000
   -10.86632     2.00000
   -10.66576     2.00000
   -10.65004     2.00000
   -10.54957     2.00000
   -10.45694     2.00000
   -10.43433     2.00000
   -10.41555     2.00000
   -10.38434     2.00000
   -10.35354     2.00000
   -10.28367     2.00000
   -10.25892     2.00000
   -10.16347     2.00000
   -10.15133     2.00000
   -10.11776     2.00000
   -10.09187     2.00000
   -10.03795     2.00000
    -9.99525     2.00000
    -9.84200     2.00000
    -9.68721     2.00000
    -9.68608     2.00000
    -9.63599     2.00000
    -9.53886     2.00000
    -9.51946     2.00000
    -9.50294     2.00000
    -9.42807     2.00000
    -9.42586     2.00000
    -9.35615     2.00000
    -9.26918     2.00000
    -9.19643     2.00000
    -9.14813     2.00000
    -9.07626     2.00000
    -9.03512     2.00000
    -8.95621     2.00000
    -8.93871     2.00000
    -8.91510     2.00000
    -8.84593     2.00000
    -8.80210     2.00000
    -8.77590     2.00000
    -8.27546     2.00000
    -4.67298     0.00000
    -4.28494     0.00000
    -4.15882     0.00000
    -4.12954     0.00000
    -4.09434     0.00000
    -4.02760     0.00000
    -4.02029     0.00000
    -3.97255     0.00000
    -3.93755     0.00000
    -3.89285     0.00000
    -3.86099     0.00000
    -3.82078     0.00000
    -3.79458     0.00000
    -3.76228     0.00000
    -3.63145     0.00000
    -3.57011     0.00000
    -3.52488     0.00000
    -3.47145     0.00000
    -3.46154     0.00000
    -3.39398     0.00000
    -3.37636     0.00000
    -3.30875     0.00000
    -3.28078     0.00000
    -3.17534     0.00000
    -3.08682     0.00000
    -3.06164     0.00000
    -2.96839     0.00000
    -2.88322     0.00000
    -2.83744     0.00000
    -2.71863     0.00000
    -2.67194     0.00000
    -2.62647     0.00000
    -2.59299     0.00000
    -2.52311     0.00000
    -2.22593     0.00000
    -1.91613     0.00000
    -1.84659     0.00000
    -1.34404     0.00000
    -0.86082     0.00000
    -0.25898     0.00000
     0.14708     0.00000
     0.20486     0.00000
     0.30229     0.00000
     0.41363     0.00000
     0.45944     0.00000
     0.51051     0.00000
     0.78134     0.00000
     3.41181     0.00000
     4.00582     0.00000
     4.42771     0.00000
     4.55246     0.00000
     5.08675     0.00000
     8.10350     0.00000
     8.37592     0.00000
     8.55321     0.00000
     9.15533     0.00000
     9.40358     0.00000
     9.54507     0.00000
    10.00920     0.00000
    10.14541     0.00000
    10.32099     0.00000
    10.35547     0.00000
    10.55675     0.00000
    10.80552     0.00000
    11.07242     0.00000
    11.13285     0.00000
    11.70607     0.00000
    12.05562     0.00000
    12.27379     0.00000
    12.50006     0.00000
    12.82586     0.00000
    13.03884     0.00000
    13.45969     0.00000
    13.62396     0.00000
    13.99291     0.00000
    14.54298     0.00000
    14.77190     0.00000
    15.22668     0.00000
    15.51700     0.00000
    16.11131     0.00000
    16.73136     0.00000
 
