 Fermi distribution function
 
 Coordinates of moved atoms (au):
    1      0.00000000      3.71886736     12.01815780
    2      0.00000000      0.00000000     11.33835593
    3      3.71886736      3.71886736     12.69795967
    4      0.00000000     11.15660209     12.01815780
    5      0.00000000      7.43773472     11.33835593
    6      3.71886736     11.15660209     12.69795967
    7      0.00000000     18.59433681     12.01815780
    8      0.00000000     14.87546945     11.33835593
    9      3.71886736     18.59433681     12.69795967
   10      0.00000000     26.03207153     12.01815780
   11      0.00000000     22.31320417     11.33835593
   12      3.71886736     26.03207153     12.69795967
   13      0.00238070     18.65307635     15.73498625
   14      3.74417868      9.32260037     18.60082075
   15      7.43673233     25.66366843     15.71871861
   16      3.72304229     12.07917224     16.30982409
   17      0.03633888      6.44502887     16.86169353
   18      3.72068017     25.35159521     16.35647478
   19      3.71900816      0.46580043     21.19982192
   20      3.75599603      5.91682891     17.54714551
   21      0.01400109      2.11641712     15.58411259
   22      0.00250813     11.85133024     15.69157522
   23      3.71877104     18.68368142     16.28465141
   24      3.76072307      3.75576094     20.22308699
   25      3.72049086     22.02698302     17.65439649
   26      3.72324801     15.38921026     17.69488557
   27      3.72047944     27.75385051     18.77164570
 
 COMPONENT = q
  
 Eigenvalues /H
   -0.91224059
   -0.90959157
   -0.90891036
   -0.90514997
   -0.90228520
   -0.89950728
   -0.89884908
   -0.89704773
   -0.89546250
   -0.89319987
   -0.89199256
   -0.89165198
   -0.89092492
   -0.89002781
   -0.88862857
   -0.88817691
   -0.88796128
   -0.87628361
   -0.43264299
   -0.43082340
   -0.43020424
   -0.42202030
   -0.41874105
   -0.41493622
   -0.41146266
   -0.41018094
   -0.40824953
   -0.40725553
   -0.40631417
   -0.40403229
   -0.40358082
   -0.40345062
   -0.40188591
   -0.39932980
   -0.39195934
   -0.39138194
   -0.38768940
   -0.38428534
   -0.38345448
   -0.38276432
   -0.38161755
   -0.38048575
   -0.37791786
   -0.37700847
   -0.37350074
   -0.37305445
   -0.37182082
   -0.37086926
   -0.36888787
   -0.36731860
   -0.36168682
   -0.35599838
   -0.35595687
   -0.35411618
   -0.35054654
   -0.34983390
   -0.34922648
   -0.34647513
   -0.34639387
   -0.34383233
   -0.34063621
   -0.33796258
   -0.33618767
   -0.33354642
   -0.33203459
   -0.32913473
   -0.32849171
   -0.32762394
   -0.32508191
   -0.32347130
   -0.32250825
   -0.30411759
   -0.17172885
   -0.15746849
   -0.15283398
   -0.15175787
   -0.15046414
   -0.14801151
   -0.14774297
   -0.14598841
   -0.14470229
   -0.14305952
   -0.14188870
   -0.14041095
   -0.13944829
   -0.13826123
   -0.13345342
   -0.13119904
   -0.12953690
   -0.12757353
   -0.12720922
   -0.12472664
   -0.12407886
   -0.12159439
   -0.12056630
   -0.11669161
   -0.11343846
   -0.11251305
   -0.10908643
   -0.10595645
   -0.10427383
   -0.09990779
   -0.09819208
   -0.09652101
   -0.09529046
   -0.09272249
   -0.08180132
   -0.07041649
   -0.06786109
   -0.04939273
   -0.03163465
   -0.00951741
    0.00540522
    0.00752830
    0.01110911
    0.01520072
    0.01688425
    0.01876073
    0.02871370
    0.12538153
    0.14721124
    0.16271538
    0.16729971
    0.18693458
    0.29779816
    0.30780955
    0.31432464
    0.33645234
    0.34557505
    0.35077493
    0.36783123
    0.37283689
    0.37928936
    0.38055649
    0.38795332
    0.39709544
    0.40690391
    0.40912487
    0.43019015
    0.44303578
    0.45105349
    0.45936879
    0.47134175
    0.47916870
    0.49463470
    0.50067133
    0.51422997
    0.53444476
    0.54285750
    0.55957028
    0.57023920
    0.59207959
    0.61486609
 
 Eigenvalues /eV
  -24.82332948
  -24.75124590
  -24.73270932
  -24.63038386
  -24.55242950
  -24.47683841
  -24.45892788
  -24.40991065
  -24.36677443
  -24.30520506
  -24.27235252
  -24.26308489
  -24.24330043
  -24.21888884
  -24.18081383
  -24.16852351
  -24.16265594
  -23.84489013
  -11.77281471
  -11.72330114
  -11.70645312
  -11.48375660
  -11.39452384
  -11.29098914
  -11.19646873
  -11.16159120
  -11.10903491
  -11.08198683
  -11.05637121
  -10.99427800
  -10.98199298
  -10.97844995
  -10.93587191
  -10.86631684
  -10.66575637
  -10.65004451
  -10.54956533
  -10.45693615
  -10.43432738
  -10.41554702
  -10.38434185
  -10.35354393
  -10.28366807
  -10.25892244
  -10.16347235
  -10.15132816
  -10.11775937
  -10.09186607
  -10.03794978
   -9.99524765
   -9.84199919
   -9.68720883
   -9.68607930
   -9.63599143
   -9.53885679
   -9.51946482
   -9.50293608
   -9.42806795
   -9.42585665
   -9.35615384
   -9.26918294
   -9.19642984
   -9.14813206
   -9.07625999
   -9.03512096
   -8.95621156
   -8.93871412
   -8.91510105
   -8.84592880
   -8.80210205
   -8.77589608
   -8.27546070
   -4.67297987
   -4.28493560
   -4.15882426
   -4.12954180
   -4.09433760
   -4.02759817
   -4.02029065
   -3.97254667
   -3.93754965
   -3.89284759
   -3.86098785
   -3.82077627
   -3.79458107
   -3.76227954
   -3.63145230
   -3.57010758
   -3.52487852
   -3.47145248
   -3.46153908
   -3.39398448
   -3.37635763
   -3.30875161
   -3.28077586
   -3.17534034
   -3.08681758
   -3.06163591
   -2.96839284
   -2.88322174
   -2.83743529
   -2.71862939
   -2.67194231
   -2.62647034
   -2.59298542
   -2.52310722
   -2.22592724
   -1.91613018
   -1.84659428
   -1.34404462
   -0.86082254
   -0.25898195
    0.14708359
    0.20485553
    0.30229427
    0.41363276
    0.45944393
    0.51050539
    0.78133964
    3.41180509
    4.00582175
    4.42771073
    4.55245663
    5.08674863
    8.10350019
    8.37592403
    8.55320859
    9.15533398
    9.40357550
    9.54507141
   10.00919701
   10.14540792
   10.32098860
   10.35546887
   10.55674699
   10.80551672
   11.07241863
   11.13285422
   11.70606961
   12.05561699
   12.27379002
   12.50006068
   12.82586151
   13.03884383
   13.45969491
   13.62396005
   13.99290935
   14.54298188
   14.77190405
   15.22668192
   15.51699811
   16.11130527
   16.73135759
 
 Fillings
     2.00000
     2.00000
     2.00000
     2.00000
     2.00000
     2.00000
     2.00000
     2.00000
     2.00000
     2.00000
     2.00000
     2.00000
     2.00000
     2.00000
     2.00000
     2.00000
     2.00000
     2.00000
     2.00000
     2.00000
     2.00000
     2.00000
     2.00000
     2.00000
     2.00000
     2.00000
     2.00000
     2.00000
     2.00000
     2.00000
     2.00000
     2.00000
     2.00000
     2.00000
     2.00000
     2.00000
     2.00000
     2.00000
     2.00000
     2.00000
     2.00000
     2.00000
     2.00000
     2.00000
     2.00000
     2.00000
     2.00000
     2.00000
     2.00000
     2.00000
     2.00000
     2.00000
     2.00000
     2.00000
     2.00000
     2.00000
     2.00000
     2.00000
     2.00000
     2.00000
     2.00000
     2.00000
     2.00000
     2.00000
     2.00000
     2.00000
     2.00000
     2.00000
     2.00000
     2.00000
     2.00000
     2.00000
     0.00000
     0.00000
     0.00000
     0.00000
     0.00000
     0.00000
     0.00000
     0.00000
     0.00000
     0.00000
     0.00000
     0.00000
     0.00000
     0.00000
     0.00000
     0.00000
     0.00000
     0.00000
     0.00000
     0.00000
     0.00000
     0.00000
     0.00000
     0.00000
     0.00000
     0.00000
     0.00000
     0.00000
     0.00000
     0.00000
     0.00000
     0.00000
     0.00000
     0.00000
     0.00000
     0.00000
     0.00000
     0.00000
     0.00000
     0.00000
     0.00000
     0.00000
     0.00000
     0.00000
     0.00000
     0.00000
     0.00000
     0.00000
     0.00000
     0.00000
     0.00000
     0.00000
     0.00000
     0.00000
     0.00000
     0.00000
     0.00000
     0.00000
     0.00000
     0.00000
     0.00000
     0.00000
     0.00000
     0.00000
     0.00000
     0.00000
     0.00000
     0.00000
     0.00000
     0.00000
     0.00000
     0.00000
     0.00000
     0.00000
     0.00000
     0.00000
     0.00000
     0.00000
     0.00000
     0.00000
     0.00000
 
 Fermi energy:                      -0.2453814181 H           -6.6772 eV
 Band energy:                      -72.5037637954 H        -1972.9278 eV
 TS:                                 0.0000000000 H            0.0000 eV
 Band free energy (E-TS):          -72.5037637954 H        -1972.9278 eV
 Extrapolated E(0K):               -72.5037637954 H        -1972.9278 eV
 
 Energy H0:                        -72.5037637954 H        -1972.9278 eV
 Total Electronic energy:          -72.5037637954 H        -1972.9278 eV
 Repulsive energy:                   2.2780069874 H           61.9877 eV
 Total energy:                     -70.2257568080 H        -1910.9401 eV
 Total Mermin free energy:         -70.2257568080 H        -1910.9401 eV
 
 Non-SCC calculation
 
 Full geometry written in geo_end.{xyz|gen}
 
 Total Forces
  9.712012247931770E-005 -1.282939322253317E-002  4.172946451569089E-002
 -4.276718353713633E-005 -1.081259683350412E-002 -1.953426668657333E-002
  4.710477137819641E-004  8.296546079785817E-003 -2.278686968970131E-002
  2.981360435440302E-005  1.092927767553247E-003  1.636602880252896E-002
 -1.216235519141114E-005  2.916821309194228E-003 -2.257385928394761E-003
  1.512245767091225E-004  7.790145568597820E-004 -1.299614538813816E-002
 -3.251665691656604E-005 -3.265523869409785E-004  1.593046062262821E-003
 -2.954872573281269E-006  3.501856535155462E-003 -9.271177141700771E-003
  1.190863606906080E-004  1.368553214965498E-004 -2.467346701315312E-002
 -4.714930736138371E-006  6.155106204321359E-004  1.693449376111045E-002
  4.117493166070375E-007 -1.531990202144796E-003 -7.565008428273626E-003
 -4.220010247892886E-005  2.914009866179894E-004 -1.594118379271647E-002
 -9.877810737915803E-004  1.064344077142694E-003  2.610802103648904E-003
 -1.179885931114304E-004  1.563110386355953E-002  7.317666767210365E-003
  1.695820024547238E-003 -3.922850834868423E-003  1.453933823961279E-003
 -9.554271380465356E-004 -1.382150606057082E-003  2.877306074262544E-003
  2.249591200579834E-005 -3.713873855127933E-003 -2.722961548058851E-004
 -1.572854999587548E-003 -1.212380048037425E-002 -1.582020087714843E-002
  1.113599538247155E-004 -4.928309559641603E-003 -1.868450291896792E-002
  1.422907510344857E-004 -3.207191092866338E-003 -6.459880449953576E-003
 -7.528720532108419E-004  2.122094266649114E-003  2.837631984161579E-003
  1.159417167309515E-003  1.063356759024913E-003  4.586863297541349E-003
  9.242778018850664E-004  1.234992709899597E-002  2.092846721909535E-002
 -2.691477972821170E-004 -9.502557501637199E-003  3.915227215143674E-004
 -1.790487002588989E-005 -1.226877076299821E-002 -1.764993655285485E-003
 -5.135011670434335E-005 -7.182936948916803E-003  2.404287859587517E-003
 -6.172299474508669E-005  3.387121504514339E-002  3.599586313223611E-002
 
 Total stress tensor
     -0.000024535247      0.000000368028     -0.000000398360
      0.000000368127     -0.000067900617      0.000006537045
     -0.000000398306      0.000006537555      0.000013293852
 
 Total lattice derivs
      0.034484978283     -0.000517273653      0.000559906062
     -0.000129353252      0.023859055613     -0.002297000097
      0.000088137058     -0.001446627517     -0.002941658244
 
 Maximal derivative component:       0.417295E-01 au
 Max force for moved atoms::         0.417295E-01 au
 
 Volume:                             0.104539E+05 au^3
 Pressure:                          -0.263807E-04 au    -0.776146E+09 Pa
 
 Geometry converged
 
