 KPT            1  SPIN            1  KWEIGHT    1.00000000000000     
   -24.81310     2.00000
   -24.75316     2.00000
   -24.71455     2.00000
   -24.64376     2.00000
   -24.47685     2.00000
   -24.42508     2.00000
   -24.39837     2.00000
   -24.34787     2.00000
   -24.30146     2.00000
   -24.27451     2.00000
   -24.26146     2.00000
   -24.25292     2.00000
   -24.23892     2.00000
   -24.20718     2.00000
   -24.18051     2.00000
   -24.17555     2.00000
   -24.14965     2.00000
   -24.13427     2.00000
   -11.77937     2.00000
   -11.73678     2.00000
   -11.70391     2.00000
   -11.66436     2.00000
   -11.31782     2.00000
   -11.14725     2.00000
   -11.13403     2.00000
   -11.07557     2.00000
   -11.05709     2.00000
   -11.01892     2.00000
   -10.99903     2.00000
   -10.98419     2.00000
   -10.97223     2.00000
   -10.93863     2.00000
   -10.90888     2.00000
   -10.67213     2.00000
   -10.63946     2.00000
   -10.59977     2.00000
   -10.48724     2.00000
   -10.45811     2.00000
   -10.41450     2.00000
   -10.35584     2.00000
   -10.31591     2.00000
   -10.30695     2.00000
   -10.25896     2.00000
   -10.20512     2.00000
   -10.15278     2.00000
   -10.11348     2.00000
   -10.08650     2.00000
   -10.07369     2.00000
    -9.94148     2.00000
    -9.88402     2.00000
    -9.75900     2.00000
    -9.70951     2.00000
    -9.67479     2.00000
    -9.64242     2.00000
    -9.59659     2.00000
    -9.56115     2.00000
    -9.48017     2.00000
    -9.45231     2.00000
    -9.43280     2.00000
    -9.35995     2.00000
    -9.27960     2.00000
    -9.26890     2.00000
    -9.19610     2.00000
    -9.14005     2.00000
    -9.06595     2.00000
    -9.03457     2.00000
    -9.01154     2.00000
    -8.96170     2.00000
    -8.90170     2.00000
    -8.88351     2.00000
    -8.84075     2.00000
    -8.77357     2.00000
    -4.34639     0.00000
    -4.19792     0.00000
    -4.11098     0.00000
    -4.07943     0.00000
    -4.00656     0.00000
    -3.99117     0.00000
    -3.97438     0.00000
    -3.94048     0.00000
    -3.88378     0.00000
    -3.86282     0.00000
    -3.86038     0.00000
    -3.75646     0.00000
    -3.65396     0.00000
    -3.63714     0.00000
    -3.61117     0.00000
    -3.58564     0.00000
    -3.52317     0.00000
    -3.50424     0.00000
    -3.49049     0.00000
    -3.44686     0.00000
    -3.40323     0.00000
    -3.39037     0.00000
    -3.34584     0.00000
    -3.25237     0.00000
    -3.21448     0.00000
    -3.09715     0.00000
    -3.04093     0.00000
    -2.88775     0.00000
    -2.84130     0.00000
    -2.77668     0.00000
    -2.67772     0.00000
    -2.65404     0.00000
    -2.50098     0.00000
    -2.39966     0.00000
    -2.30839     0.00000
    -1.99634     0.00000
    -1.92800     0.00000
    -1.43649     0.00000
    -0.28465     0.00000
    -0.14096     0.00000
     0.18287     0.00000
     0.20939     0.00000
     0.35141     0.00000
     0.50993     0.00000
     0.56205     0.00000
     0.79810     0.00000
     1.70904     0.00000
     4.05298     0.00000
     4.12792     0.00000
     4.45736     0.00000
     4.57641     0.00000
     5.06479     0.00000
     6.94857     0.00000
     7.68176     0.00000
     7.78057     0.00000
     8.54206     0.00000
     8.71721     0.00000
     9.21695     0.00000
     9.39835     0.00000
     9.78577     0.00000
    10.07476     0.00000
    10.18056     0.00000
    10.20130     0.00000
    10.52037     0.00000
    10.69383     0.00000
    10.81800     0.00000
    11.50313     0.00000
    11.90702     0.00000
    12.07212     0.00000
    12.24434     0.00000
    12.76308     0.00000
    13.03314     0.00000
    13.21714     0.00000
    13.40914     0.00000
    13.97165     0.00000
    14.17086     0.00000
    14.55539     0.00000
    14.78248     0.00000
    15.40241     0.00000
    15.86857     0.00000
    16.42782     0.00000
 
