 Fermi distribution function
 
 Coordinates of moved atoms (au):
    1      0.00000000      3.71886736     12.01815780
    2      0.00000000      0.00000000     11.33835593
    3      3.71886736      3.71886736     12.69795967
    4      0.00000000     11.15660209     12.01815780
    5      0.00000000      7.43773472     11.33835593
    6      3.71886736     11.15660209     12.69795967
    7      0.00000000     18.59433681     12.01815780
    8      0.00000000     14.87546945     11.33835593
    9      3.71886736     18.59433681     12.69795967
   10      0.00000000     26.03207153     12.01815780
   11      0.00000000     22.31320417     11.33835593
   12      3.71886736     26.03207153     12.69795967
   13      7.37798550     10.44995357     15.60575548
   14      3.60599662     23.15044054     17.55316336
   15      7.39861216     19.33427586     15.71420813
   16      3.72259253     10.25128355     16.26673100
   17      2.91189607     14.82015689     22.53331069
   18      7.40526629     26.74405196     15.67703502
   19      3.62361963     12.71594856     18.64961731
   20      7.39250389      3.61444954     15.78826413
   21      0.06273669     12.78228206     22.58327941
   22      3.41424995     17.95549891     19.58091455
   23      3.64957857     19.76860312     16.36078913
   24      3.71397953     26.63077804     16.25732719
   25      3.67349324      6.93762965     17.64950389
   26      3.69970597      3.54409716     16.30624550
   27      3.70407897      0.22303920     17.69856911
 
 COMPONENT = q
  
 Eigenvalues /H
   -0.91186451
   -0.90966177
   -0.90824308
   -0.90564152
   -0.89950771
   -0.89760508
   -0.89662357
   -0.89476788
   -0.89306231
   -0.89207194
   -0.89159225
   -0.89127847
   -0.89076389
   -0.88959767
   -0.88861739
   -0.88843502
   -0.88748327
   -0.88691805
   -0.43288381
   -0.43131857
   -0.43011089
   -0.42865723
   -0.41592226
   -0.40965379
   -0.40916804
   -0.40701956
   -0.40634072
   -0.40493802
   -0.40420698
   -0.40366158
   -0.40322195
   -0.40198745
   -0.40089399
   -0.39219362
   -0.39099289
   -0.38953456
   -0.38539901
   -0.38432850
   -0.38272580
   -0.38057029
   -0.37910269
   -0.37877357
   -0.37700977
   -0.37503112
   -0.37310791
   -0.37166372
   -0.37067199
   -0.37020136
   -0.36534253
   -0.36323109
   -0.35863682
   -0.35681797
   -0.35554203
   -0.35435247
   -0.35266826
   -0.35136587
   -0.34839001
   -0.34736595
   -0.34664917
   -0.34397199
   -0.34101888
   -0.34062588
   -0.33795040
   -0.33589056
   -0.33316743
   -0.33201436
   -0.33116786
   -0.32933648
   -0.32713148
   -0.32646315
   -0.32489143
   -0.32242270
   -0.15972693
   -0.15427076
   -0.15107569
   -0.14991615
   -0.14723853
   -0.14667263
   -0.14605580
   -0.14481015
   -0.14272621
   -0.14195618
   -0.14186620
   -0.13804726
   -0.13428061
   -0.13366229
   -0.13270789
   -0.13176978
   -0.12947400
   -0.12877838
   -0.12827317
   -0.12666968
   -0.12506632
   -0.12459368
   -0.12295719
   -0.11952254
   -0.11812994
   -0.11381799
   -0.11175223
   -0.10612277
   -0.10441568
   -0.10204126
   -0.09840422
   -0.09753416
   -0.09190930
   -0.08818601
   -0.08483177
   -0.07336427
   -0.07085254
   -0.05279014
   -0.01046060
   -0.00518012
    0.00672043
    0.00769486
    0.01291398
    0.01873976
    0.02065488
    0.02932968
    0.06280612
    0.14894410
    0.15169841
    0.16380499
    0.16817991
    0.18612765
    0.25535508
    0.28229964
    0.28593087
    0.31391493
    0.32035143
    0.33871663
    0.34538310
    0.35962056
    0.37024062
    0.37412876
    0.37489106
    0.38661657
    0.39299104
    0.39755432
    0.42273225
    0.43757494
    0.44364236
    0.44997140
    0.46903446
    0.47895915
    0.48572111
    0.49277675
    0.51344862
    0.52076963
    0.53490059
    0.54324618
    0.56602802
    0.58315905
    0.60371132
 
 Eigenvalues /eV
  -24.81309570
  -24.75315631
  -24.71455167
  -24.64375957
  -24.47685015
  -24.42507684
  -24.39836871
  -24.34787295
  -24.30146191
  -24.27451263
  -24.26145960
  -24.25292115
  -24.23891864
  -24.20718419
  -24.18050936
  -24.17554696
  -24.14964839
  -24.13426810
  -11.77936771
  -11.73677555
  -11.70391279
  -11.66435676
  -11.31782045
  -11.14724687
  -11.13402891
  -11.07556588
  -11.05709354
  -11.01892413
  -10.99903145
  -10.98419053
  -10.97222746
  -10.93863496
  -10.90888037
  -10.67213129
  -10.63945775
  -10.59977473
  -10.48724072
  -10.45811050
  -10.41449888
  -10.35584439
  -10.31590904
  -10.30695317
  -10.25895790
  -10.20511605
  -10.15278289
  -10.11348452
  -10.08649808
  -10.07369143
   -9.94147616
   -9.88402079
   -9.75900437
   -9.70951084
   -9.67479101
   -9.64242123
   -9.59659155
   -9.56115186
   -9.48017465
   -9.45230833
   -9.43280387
   -9.35995396
   -9.27959573
   -9.26890177
   -9.19609821
   -9.14004731
   -9.06594691
   -9.03457036
   -9.01153584
   -8.96170166
   -8.90170049
   -8.88351426
   -8.84074553
   -8.77356801
   -4.34639103
   -4.19792095
   -4.11097858
   -4.07942598
   -4.00656426
   -3.99116537
   -3.97438062
   -3.94048471
   -3.88377779
   -3.86282426
   -3.86037572
   -3.75645713
   -3.65396136
   -3.63713604
   -3.61116530
   -3.58563812
   -3.52316682
   -3.50423794
   -3.49049068
   -3.44685727
   -3.40322760
   -3.39036641
   -3.34583547
   -3.25237374
   -3.21447932
   -3.09714518
   -3.04093285
   -2.88774738
   -2.84129511
   -2.77668396
   -2.67771519
   -2.65403942
   -2.50097925
   -2.39966341
   -2.30839001
   -1.99634323
   -1.92799567
   -1.43649290
   -0.28464753
   -0.14095812
    0.18287214
    0.20938772
    0.35140736
    0.50993488
    0.56204779
    0.79810120
    1.70904157
    4.05297513
    4.12792370
    4.45736062
    4.57640807
    5.06479098
    6.94856538
    7.68176418
    7.78057492
    8.54205988
    8.71720601
    9.21694842
    9.39835228
    9.78577338
   10.07475981
   10.18056149
   10.20130486
   10.52037212
   10.69383037
   10.81800336
   11.50312990
   11.90701992
   12.07212288
   12.24434465
   12.76307713
   13.03314167
   13.21714386
   13.40913773
   13.97164777
   14.17086258
   14.55538559
   14.78248073
   15.40240615
   15.86856508
   16.42782076
 
 Fillings
     2.00000
     2.00000
     2.00000
     2.00000
     2.00000
     2.00000
     2.00000
     2.00000
     2.00000
     2.00000
     2.00000
     2.00000
     2.00000
     2.00000
     2.00000
     2.00000
     2.00000
     2.00000
     2.00000
     2.00000
     2.00000
     2.00000
     2.00000
     2.00000
     2.00000
     2.00000
     2.00000
     2.00000
     2.00000
     2.00000
     2.00000
     2.00000
     2.00000
     2.00000
     2.00000
     2.00000
     2.00000
     2.00000
     2.00000
     2.00000
     2.00000
     2.00000
     2.00000
     2.00000
     2.00000
     2.00000
     2.00000
     2.00000
     2.00000
     2.00000
     2.00000
     2.00000
     2.00000
     2.00000
     2.00000
     2.00000
     2.00000
     2.00000
     2.00000
     2.00000
     2.00000
     2.00000
     2.00000
     2.00000
     2.00000
     2.00000
     2.00000
     2.00000
     2.00000
     2.00000
     2.00000
     2.00000
     0.00000
     0.00000
     0.00000
     0.00000
     0.00000
     0.00000
     0.00000
     0.00000
     0.00000
     0.00000
     0.00000
     0.00000
     0.00000
     0.00000
     0.00000
     0.00000
     0.00000
     0.00000
     0.00000
     0.00000
     0.00000
     0.00000
     0.00000
     0.00000
     0.00000
     0.00000
     0.00000
     0.00000
     0.00000
     0.00000
     0.00000
     0.00000
     0.00000
     0.00000
     0.00000
     0.00000
     0.00000
     0.00000
     0.00000
     0.00000
     0.00000
     0.00000
     0.00000
     0.00000
     0.00000
     0.00000
     0.00000
     0.00000
     0.00000
     0.00000
     0.00000
     0.00000
     0.00000
     0.00000
     0.00000
     0.00000
     0.00000
     0.00000
     0.00000
     0.00000
     0.00000
     0.00000
     0.00000
     0.00000
     0.00000
     0.00000
     0.00000
     0.00000
     0.00000
     0.00000
     0.00000
     0.00000
     0.00000
     0.00000
     0.00000
     0.00000
     0.00000
     0.00000
     0.00000
     0.00000
     0.00000
 
 Fermi energy:                      -0.2500500839 H           -6.8042 eV
 Band energy:                      -72.4828834942 H        -1972.3596 eV
 TS:                                 0.0000000000 H            0.0000 eV
 Band free energy (E-TS):          -72.4828834942 H        -1972.3596 eV
 Extrapolated E(0K):               -72.4828834942 H        -1972.3596 eV
 
 Energy H0:                        -72.4828834942 H        -1972.3596 eV
 Total Electronic energy:          -72.4828834942 H        -1972.3596 eV
 Repulsive energy:                   2.2328799864 H           60.7598 eV
 Total energy:                     -70.2500035078 H        -1911.5999 eV
 Total Mermin free energy:         -70.2500035078 H        -1911.5999 eV
 
 Non-SCC calculation
 
 Full geometry written in geo_end.{xyz|gen}
 
 Total Forces
 -4.239075700075597E-003 -5.918737064256139E-006  1.720848451099444E-002
  4.259631960455350E-005  3.171051836303942E-003 -1.012982250593170E-002
 -2.270058965875990E-003 -1.590723520406156E-003 -1.127447745957984E-002
 -5.781092293918239E-004 -3.747261395146875E-003  2.453657390822644E-002
  8.400419144336324E-005 -4.779832857697044E-003 -9.908369372406391E-003
 -3.210790131566889E-003  3.108011667870662E-004 -1.259350216785352E-002
 -3.421738325585727E-004  1.891096003807390E-003  2.124063308239836E-002
 -3.027440324506710E-005  4.720787470117018E-004 -7.307667929295318E-004
 -2.622150444162031E-003  6.081663103137482E-003  5.206792912809042E-003
 -3.874420558772009E-003  2.478216552630447E-003  1.120388797614250E-002
  4.581308376064567E-005  4.631010072631912E-003 -7.193652524561295E-003
 -1.566052298504302E-003  1.622274906962679E-003 -1.457387871336507E-002
  2.132229784734397E-002  1.538746306841454E-003 -3.030413492641465E-003
  2.548288574964522E-003  6.173495859748787E-003 -7.236504078055775E-003
 -1.362849453123171E-002 -9.563761470698251E-004  1.831123123239929E-003
 -1.885722669343853E-002  6.388818474607809E-003  9.593011922251135E-003
 -8.201132650401538E-004 -1.084769584377766E-002 -6.445763705645297E-002
  1.203215080779044E-002 -7.877090933875008E-003  8.810321583658270E-003
 -4.597077440053712E-004  4.550416589911205E-003  1.663398881802808E-002
  1.081128466516348E-002 -1.280571409108420E-003 -3.176070086066560E-003
  8.357855312764229E-003  2.531798000329569E-002  9.353883310983052E-003
 -1.027111534239315E-003 -1.593455133502941E-002  9.373642469715407E-003
  1.054793905892851E-002 -1.150300566418064E-002  1.098111111372412E-002
 -7.722324541555614E-003  2.010418775644124E-003  6.099062938764402E-003
  2.556460328881479E-004 -1.298662133113059E-002 -6.605856773258187E-003
 -4.022080228943771E-003  1.415123277665024E-002  4.543552209759674E-003
 -7.777117920450981E-004 -9.279652001486064E-003 -5.705118857592589E-003
 
 Total stress tensor
     -0.000019322380     -0.000002274451      0.000009559569
     -0.000002276031     -0.000114264735     -0.000001134546
      0.000009559373     -0.000001134753     -0.000034538634
 
 Total lattice derivs
      0.027158147634      0.003196804837     -0.013436241916
      0.000799756456      0.040150572872      0.000398659147
     -0.002115294089      0.000251097720      0.007642694721
 
 Maximal derivative component:       0.644576E-01 au
 Max force for moved atoms::         0.644576E-01 au
 
 Volume:                             0.104539E+05 au^3
 Pressure:                          -0.560419E-04 au    -0.164881E+10 Pa
 
 Geometry converged
 
