 KPT            1  SPIN            1  KWEIGHT    1.00000000000000     
   -24.83727     2.00000
   -24.75710     2.00000
   -24.74436     2.00000
   -24.64413     2.00000
   -24.60646     2.00000
   -24.44861     2.00000
   -24.41164     2.00000
   -24.34188     2.00000
   -24.29947     2.00000
   -24.28796     2.00000
   -24.26511     2.00000
   -24.26037     2.00000
   -24.25896     2.00000
   -24.25082     2.00000
   -24.18243     2.00000
   -24.16941     2.00000
   -24.16177     2.00000
   -24.11786     2.00000
   -11.76177     2.00000
   -11.73175     2.00000
   -11.69603     2.00000
   -11.68295     2.00000
   -11.45444     2.00000
   -11.32195     2.00000
   -11.22944     2.00000
   -11.14521     2.00000
   -11.10666     2.00000
   -11.07063     2.00000
   -11.04642     2.00000
   -10.98628     2.00000
   -10.97884     2.00000
   -10.95331     2.00000
   -10.87729     2.00000
   -10.84441     2.00000
   -10.74890     2.00000
   -10.65106     2.00000
   -10.58749     2.00000
   -10.53034     2.00000
   -10.50123     2.00000
   -10.43152     2.00000
   -10.41488     2.00000
   -10.33570     2.00000
   -10.29474     2.00000
   -10.24825     2.00000
   -10.18200     2.00000
   -10.16265     2.00000
   -10.12762     2.00000
   -10.09663     2.00000
   -10.08400     2.00000
    -9.98537     2.00000
    -9.92631     2.00000
    -9.76813     2.00000
    -9.72327     2.00000
    -9.69361     2.00000
    -9.64188     2.00000
    -9.61626     2.00000
    -9.52501     2.00000
    -9.49196     2.00000
    -9.43560     2.00000
    -9.42818     2.00000
    -9.35528     2.00000
    -9.31319     2.00000
    -9.18253     2.00000
    -9.14019     2.00000
    -9.06930     2.00000
    -9.03506     2.00000
    -9.00259     2.00000
    -8.93154     2.00000
    -8.89813     2.00000
    -8.88565     2.00000
    -8.81794     2.00000
    -8.74263     2.00000
    -4.11432     0.00000
    -4.08716     0.00000
    -4.06475     0.00000
    -4.04099     0.00000
    -3.97710     0.00000
    -3.94275     0.00000
    -3.91622     0.00000
    -3.88841     0.00000
    -3.86276     0.00000
    -3.77641     0.00000
    -3.70691     0.00000
    -3.65552     0.00000
    -3.62079     0.00000
    -3.60333     0.00000
    -3.54347     0.00000
    -3.52283     0.00000
    -3.48846     0.00000
    -3.47416     0.00000
    -3.44518     0.00000
    -3.39742     0.00000
    -3.26074     0.00000
    -3.20721     0.00000
    -3.13968     0.00000
    -3.11145     0.00000
    -3.00142     0.00000
    -2.89823     0.00000
    -2.83947     0.00000
    -2.82380     0.00000
    -2.71414     0.00000
    -2.67193     0.00000
    -2.54951     0.00000
    -2.45343     0.00000
    -2.39150     0.00000
    -2.13413     0.00000
    -2.08059     0.00000
    -1.87792     0.00000
    -1.75712     0.00000
    -0.28946     0.00000
     0.11041     0.00000
     0.16768     0.00000
     0.30062     0.00000
     0.36790     0.00000
     0.38281     0.00000
     0.52175     0.00000
     0.62316     0.00000
     0.71487     0.00000
     4.01336     0.00000
     4.42526     0.00000
     4.49821     0.00000
     5.00959     0.00000
     7.19969     0.00000
     7.59462     0.00000
     7.66861     0.00000
     8.19526     0.00000
     8.43277     0.00000
     8.72819     0.00000
     9.12827     0.00000
     9.57880     0.00000
     9.73624     0.00000
    10.04777     0.00000
    10.20676     0.00000
    10.35879     0.00000
    10.54974     0.00000
    10.77118     0.00000
    11.15312     0.00000
    11.64658     0.00000
    12.18858     0.00000
    12.63917     0.00000
    12.86959     0.00000
    12.98194     0.00000
    13.32014     0.00000
    13.36764     0.00000
    13.55019     0.00000
    13.75825     0.00000
    13.95417     0.00000
    14.41085     0.00000
    14.92033     0.00000
    15.17878     0.00000
    15.72639     0.00000
    16.15028     0.00000
    17.68902     0.00000
 
