 Fermi distribution function
 
 Coordinates of moved atoms (au):
    1      0.00000000      3.71886736     12.01815780
    2      0.00000000      0.00000000     11.33835593
    3      3.71886736      3.71886736     12.69795967
    4      0.00000000     11.15660209     12.01815780
    5      0.00000000      7.43773472     11.33835593
    6      3.71886736     11.15660209     12.69795967
    7      0.00000000     18.59433681     12.01815780
    8      0.00000000     14.87546945     11.33835593
    9      3.71886736     18.59433681     12.69795967
   10      0.00000000     26.03207153     12.01815780
   11      0.00000000     22.31320417     11.33835593
   12      3.71886736     26.03207153     12.69795967
   13      7.39886380     25.08055033     15.65829802
   14      3.78411453      2.33328294     18.69987626
   15      3.63384107      4.82277606     16.19947478
   16      7.24036770      0.13059551     22.53325290
   17      3.72080323     18.27081404     16.35590515
   18      3.72343330     11.46710629     16.34543212
   19      3.68513218     24.90308222     16.21192626
   20      3.70268155     21.63681910     17.64743121
   21      0.00872665     11.38990552     15.78888258
   22      3.75327701      8.10644213     17.61960683
   23      3.70623573     14.83991910     17.85415127
   24      0.00255824     18.31216637     15.79002979
   25      7.37579216      4.31796697     15.72463956
   26      6.60900822      0.24141487     19.19817944
   27      4.25955223     27.54583449     18.45091800
 
 COMPONENT = q
  
 Eigenvalues /H
   -0.91275278
   -0.90980689
   -0.90933856
   -0.90565504
   -0.90427087
   -0.89846992
   -0.89711123
   -0.89454764
   -0.89298913
   -0.89256599
   -0.89172636
   -0.89155211
   -0.89150056
   -0.89120110
   -0.88868787
   -0.88820961
   -0.88792879
   -0.88631508
   -0.43223726
   -0.43113391
   -0.42982136
   -0.42934067
   -0.42094281
   -0.41607402
   -0.41267442
   -0.40957891
   -0.40816231
   -0.40683816
   -0.40594834
   -0.40373846
   -0.40346497
   -0.40252687
   -0.39973301
   -0.39852475
   -0.39501467
   -0.39141935
   -0.38908299
   -0.38698282
   -0.38591301
   -0.38335131
   -0.38273978
   -0.37982986
   -0.37832465
   -0.37661637
   -0.37418163
   -0.37347045
   -0.37218322
   -0.37104424
   -0.37058026
   -0.36695557
   -0.36478533
   -0.35897224
   -0.35732356
   -0.35623368
   -0.35433265
   -0.35339112
   -0.35003761
   -0.34882307
   -0.34675177
   -0.34647917
   -0.34380015
   -0.34225333
   -0.33745176
   -0.33589568
   -0.33329058
   -0.33203245
   -0.33083920
   -0.32822789
   -0.32700019
   -0.32654147
   -0.32405325
   -0.32128567
   -0.15119859
   -0.15020028
   -0.14937676
   -0.14850375
   -0.14615591
   -0.14489358
   -0.14391853
   -0.14289628
   -0.14195377
   -0.13878036
   -0.13622644
   -0.13433778
   -0.13306173
   -0.13241997
   -0.13022020
   -0.12946146
   -0.12819861
   -0.12767298
   -0.12660801
   -0.12485292
   -0.11982996
   -0.11786264
   -0.11538101
   -0.11434364
   -0.11030029
   -0.10650804
   -0.10434842
   -0.10377280
   -0.09974297
   -0.09819144
   -0.09369284
   -0.09016178
   -0.08788619
   -0.07842781
   -0.07646028
   -0.06901213
   -0.06457290
   -0.01063759
    0.00405731
    0.00616199
    0.01104741
    0.01351991
    0.01406795
    0.01917399
    0.02290081
    0.02627109
    0.14748810
    0.16262519
    0.16530610
    0.18409911
    0.26458370
    0.27909731
    0.28181606
    0.30117037
    0.30989851
    0.32075501
    0.33545759
    0.35201435
    0.35780031
    0.36924866
    0.37509140
    0.38067836
    0.38769571
    0.39583364
    0.40986944
    0.42800397
    0.44792224
    0.46448108
    0.47294875
    0.47707748
    0.48950604
    0.49125185
    0.49796043
    0.50560636
    0.51280633
    0.52958909
    0.54831213
    0.55780998
    0.57793415
    0.59351180
    0.65005944
 
 Eigenvalues /eV
  -24.83726686
  -24.75710499
  -24.74436109
  -24.64412757
  -24.60646245
  -24.44861057
  -24.41163874
  -24.34187992
  -24.29947055
  -24.28795636
  -24.26510874
  -24.26036730
  -24.25896457
  -24.25081575
  -24.18242727
  -24.16941311
  -24.16177174
  -24.11786037
  -11.76177431
  -11.73175072
  -11.69603429
  -11.68295412
  -11.45443660
  -11.32195014
  -11.22944237
  -11.14520921
  -11.10666150
  -11.07062952
  -11.04641630
  -10.98628238
  -10.97884052
  -10.95331356
  -10.87728853
  -10.84441012
  -10.74889600
  -10.65106241
  -10.58748692
  -10.53033821
  -10.50122723
  -10.43151987
  -10.41487942
  -10.33569638
  -10.29473751
  -10.24825298
  -10.18200022
  -10.16264811
  -10.12762066
  -10.09662758
  -10.08400191
   -9.98536900
   -9.92631391
   -9.76813166
   -9.72326877
   -9.69361153
   -9.64188192
   -9.61626157
   -9.52500802
   -9.49195867
   -9.43559564
   -9.42817794
   -9.35527795
   -9.31318684
   -9.18252954
   -9.14018661
   -9.06929824
   -9.03506273
   -9.00259279
   -8.93153538
   -8.89812785
   -8.88564539
   -8.81793760
   -8.74262794
   -4.11432300
   -4.08715752
   -4.06474852
   -4.04099277
   -3.97710456
   -3.94275494
   -3.91622239
   -3.88840563
   -3.86275858
   -3.77640579
   -3.70691012
   -3.65551706
   -3.62079389
   -3.60333071
   -3.54347200
   -3.52282553
   -3.48846180
   -3.47415843
   -3.44517914
   -3.39742083
   -3.26073904
   -3.20720566
   -3.13967700
   -3.11144883
   -3.00142354
   -2.89823129
   -2.83946502
   -2.82380168
   -2.71414418
   -2.67192508
   -2.54951195
   -2.45342678
   -2.39150494
   -2.13412939
   -2.08059017
   -1.87791563
   -1.75711811
   -0.28946359
    0.11040510
    0.16767617
    0.30061527
    0.36789556
    0.38280830
    0.52175074
    0.62316273
    0.71487264
    4.01335553
    4.42525646
    4.49820787
    5.00959173
    7.19968872
    7.59462414
    7.66860512
    8.19526280
    8.43276761
    8.72818799
    9.12826533
    9.57879788
    9.73624190
   10.04776730
   10.20675631
   10.35878536
   10.54973716
   10.77118149
   11.15311502
   11.64658047
   12.18858430
   12.63917314
   12.86959017
   12.98193872
   13.32013713
   13.36764284
   13.55019283
   13.75824896
   13.95417012
   14.41085235
   14.92033216
   15.17878194
   15.72638839
   16.15027791
   17.68901739
 
 Fillings
     2.00000
     2.00000
     2.00000
     2.00000
     2.00000
     2.00000
     2.00000
     2.00000
     2.00000
     2.00000
     2.00000
     2.00000
     2.00000
     2.00000
     2.00000
     2.00000
     2.00000
     2.00000
     2.00000
     2.00000
     2.00000
     2.00000
     2.00000
     2.00000
     2.00000
     2.00000
     2.00000
     2.00000
     2.00000
     2.00000
     2.00000
     2.00000
     2.00000
     2.00000
     2.00000
     2.00000
     2.00000
     2.00000
     2.00000
     2.00000
     2.00000
     2.00000
     2.00000
     2.00000
     2.00000
     2.00000
     2.00000
     2.00000
     2.00000
     2.00000
     2.00000
     2.00000
     2.00000
     2.00000
     2.00000
     2.00000
     2.00000
     2.00000
     2.00000
     2.00000
     2.00000
     2.00000
     2.00000
     2.00000
     2.00000
     2.00000
     2.00000
     2.00000
     2.00000
     2.00000
     2.00000
     2.00000
     0.00000
     0.00000
     0.00000
     0.00000
     0.00000
     0.00000
     0.00000
     0.00000
     0.00000
     0.00000
     0.00000
     0.00000
     0.00000
     0.00000
     0.00000
     0.00000
     0.00000
     0.00000
     0.00000
     0.00000
     0.00000
     0.00000
     0.00000
     0.00000
     0.00000
     0.00000
     0.00000
     0.00000
     0.00000
     0.00000
     0.00000
     0.00000
     0.00000
     0.00000
     0.00000
     0.00000
     0.00000
     0.00000
     0.00000
     0.00000
     0.00000
     0.00000
     0.00000
     0.00000
     0.00000
     0.00000
     0.00000
     0.00000
     0.00000
     0.00000
     0.00000
     0.00000
     0.00000
     0.00000
     0.00000
     0.00000
     0.00000
     0.00000
     0.00000
     0.00000
     0.00000
     0.00000
     0.00000
     0.00000
     0.00000
     0.00000
     0.00000
     0.00000
     0.00000
     0.00000
     0.00000
     0.00000
     0.00000
     0.00000
     0.00000
     0.00000
     0.00000
     0.00000
     0.00000
     0.00000
     0.00000
 
 Fermi energy:                      -0.2302724335 H           -6.2660 eV
 Band energy:                      -72.6857235098 H        -1977.8792 eV
 TS:                                 0.0000000000 H            0.0000 eV
 Band free energy (E-TS):          -72.6857235098 H        -1977.8792 eV
 Extrapolated E(0K):               -72.6857235098 H        -1977.8792 eV
 
 Energy H0:                        -72.6857235098 H        -1977.8792 eV
 Total Electronic energy:          -72.6857235098 H        -1977.8792 eV
 Repulsive energy:                   2.3643078658 H           64.3361 eV
 Total energy:                     -70.3214156440 H        -1913.5431 eV
 Total Mermin free energy:         -70.3214156440 H        -1913.5431 eV
 
 Non-SCC calculation
 
 Full geometry written in geo_end.{xyz|gen}
 
 Total Forces
 -1.144060166196247E-002 -4.012401028041674E-003  3.976134233762821E-003
 -5.305561181540790E-006 -9.333908389978010E-005 -3.756979432433909E-004
 -3.368258356553327E-003  4.624354870948803E-003 -8.644190713654944E-003
  8.828363072684687E-005  9.213239542137002E-004  2.372892876730182E-002
  6.910587404631827E-005  3.372121786035532E-003 -7.126130398041948E-003
  4.410175526472057E-004  3.155844756615223E-003 -2.104556546081646E-003
  1.869257841939950E-005 -1.285252735421137E-003  2.498946933843597E-002
 -2.174461124761213E-006 -1.483771169322753E-004 -7.278333670307308E-003
  1.396889127827861E-004 -2.683422887975153E-003 -2.116093908792471E-003
 -1.653289039749174E-004 -2.831525130351606E-003  1.747948539574273E-002
  3.669792044875719E-005 -5.891193940572897E-003 -1.055845561458744E-002
 -1.825116521571270E-003 -2.004561053934376E-003 -1.060947834098849E-002
  1.429462079463325E-002  2.519273048746197E-003 -1.425696493381444E-003
 -1.397256182948768E-002  2.037104976579268E-002  1.373792466710105E-002
  2.213620317189675E-002  7.288805384701887E-003  1.353912037892958E-003
  2.733751868676942E-005 -2.339006539350463E-004 -2.432415187332226E-003
  1.707968702209274E-004  3.184139941922813E-003 -1.079169382945367E-002
  1.561159682591629E-003  5.498320209176240E-003 -1.165058318207908E-002
 -3.597166373485387E-003  6.001391341110583E-003 -6.660037376284504E-003
  2.387138477570288E-004 -1.609863082185752E-002  1.891121571332963E-003
 -1.842246690053294E-003  2.887021978715871E-003 -4.648029774000827E-003
 -1.814391664110926E-003  2.388379851086786E-003 -2.078635408085949E-004
  6.070414521073399E-004 -3.118052639102691E-003 -8.383941461309677E-003
 -8.701701503440645E-004 -1.654845295398217E-003 -5.141912126493273E-003
 -1.623789146461319E-003  2.144474123087155E-002 -1.528539728929826E-002
  8.031959104470798E-003 -3.168953465310582E-002  1.853955065270321E-002
 -7.334207591124839E-003 -1.191173107940965E-002  9.743980731865685E-003
 
 Total stress tensor
      0.000001108794     -0.000001619968      0.000002840439
     -0.000001618699     -0.000062647514     -0.000007212607
      0.000002840481     -0.000007214180      0.000000532687
 
 Total lattice derivs
     -0.001558441460      0.002276910805     -0.003992316023
      0.000568781688      0.022013209881      0.002534380284
     -0.000628540400      0.001596350907     -0.000117872680
 
 Maximal derivative component:       0.316895E-01 au
 Max force for moved atoms::         0.316895E-01 au
 
 Volume:                             0.104539E+05 au^3
 Pressure:                          -0.203353E-04 au    -0.598286E+09 Pa
 
 Geometry converged
 
