 KPT            1  SPIN            1  KWEIGHT    1.00000000000000     
   -24.81944     2.00000
   -24.76079     2.00000
   -24.72953     2.00000
   -24.64667     2.00000
   -24.58726     2.00000
   -24.47457     2.00000
   -24.45832     2.00000
   -24.37952     2.00000
   -24.35773     2.00000
   -24.30792     2.00000
   -24.27075     2.00000
   -24.26407     2.00000
   -24.25889     2.00000
   -24.24823     2.00000
   -24.18278     2.00000
   -24.17993     2.00000
   -24.16891     2.00000
   -24.15193     2.00000
   -11.76608     2.00000
   -11.71702     2.00000
   -11.69888     2.00000
   -11.68130     2.00000
   -11.49469     2.00000
   -11.35988     2.00000
   -11.27940     2.00000
   -11.20852     2.00000
   -11.16611     2.00000
   -11.09328     2.00000
   -11.07143     2.00000
   -11.06081     2.00000
   -10.98082     2.00000
   -10.97172     2.00000
   -10.96119     2.00000
   -10.93406     2.00000
   -10.91279     2.00000
   -10.65958     2.00000
   -10.64247     2.00000
   -10.50741     2.00000
   -10.46879     2.00000
   -10.43567     2.00000
   -10.43334     2.00000
   -10.42423     2.00000
   -10.31368     2.00000
   -10.28731     2.00000
   -10.25023     2.00000
   -10.19387     2.00000
   -10.16526     2.00000
   -10.12386     2.00000
   -10.11246     2.00000
   -10.08715     2.00000
    -9.96799     2.00000
    -9.75755     2.00000
    -9.70091     2.00000
    -9.67906     2.00000
    -9.63971     2.00000
    -9.61796     2.00000
    -9.51688     2.00000
    -9.48040     2.00000
    -9.45457     2.00000
    -9.41956     2.00000
    -9.38896     2.00000
    -9.29400     2.00000
    -9.19025     2.00000
    -9.12962     2.00000
    -9.03557     2.00000
    -9.02091     2.00000
    -9.00393     2.00000
    -8.96798     2.00000
    -8.91148     2.00000
    -8.87640     2.00000
    -8.83784     2.00000
    -8.77063     2.00000
    -4.13154     0.00000
    -4.10537     0.00000
    -4.07065     0.00000
    -4.06400     0.00000
    -3.98237     0.00000
    -3.94229     0.00000
    -3.90612     0.00000
    -3.88422     0.00000
    -3.84716     0.00000
    -3.80026     0.00000
    -3.78128     0.00000
    -3.67187     0.00000
    -3.65121     0.00000
    -3.57814     0.00000
    -3.53981     0.00000
    -3.51611     0.00000
    -3.43911     0.00000
    -3.40527     0.00000
    -3.39033     0.00000
    -3.34459     0.00000
    -3.26309     0.00000
    -3.14675     0.00000
    -3.08193     0.00000
    -3.04421     0.00000
    -2.94486     0.00000
    -2.82973     0.00000
    -2.73618     0.00000
    -2.70040     0.00000
    -2.68749     0.00000
    -2.63822     0.00000
    -2.51367     0.00000
    -2.49923     0.00000
    -2.26164     0.00000
    -2.07229     0.00000
    -1.95214     0.00000
    -1.58293     0.00000
    -1.09699     0.00000
    -0.27688     0.00000
     0.14325     0.00000
     0.15215     0.00000
     0.28504     0.00000
     0.38295     0.00000
     0.50583     0.00000
     0.60585     0.00000
     0.75435     0.00000
     3.54097     0.00000
     4.00252     0.00000
     4.40836     0.00000
     4.47938     0.00000
     5.00186     0.00000
     7.36507     0.00000
     7.56097     0.00000
     8.17554     0.00000
     8.31193     0.00000
     9.14920     0.00000
     9.35644     0.00000
     9.68980     0.00000
     9.88263     0.00000
    10.12416     0.00000
    10.32379     0.00000
    10.49159     0.00000
    10.74198     0.00000
    10.85471     0.00000
    11.16754     0.00000
    11.30356     0.00000
    11.65196     0.00000
    12.10998     0.00000
    12.40515     0.00000
    12.54074     0.00000
    12.80047     0.00000
    13.17164     0.00000
    13.26475     0.00000
    13.51605     0.00000
    13.87522     0.00000
    14.06563     0.00000
    14.87026     0.00000
    14.94519     0.00000
    15.57500     0.00000
    15.65220     0.00000
    16.75325     0.00000
    17.69085     0.00000
 
