 Fermi distribution function
 
 Coordinates of moved atoms (au):
    1      0.00000000      3.71886736     12.01815780
    2      0.00000000      0.00000000     11.33835593
    3      3.71886736      3.71886736     12.69795967
    4      0.00000000     11.15660209     12.01815780
    5      0.00000000      7.43773472     11.33835593
    6      3.71886736     11.15660209     12.69795967
    7      0.00000000     18.59433681     12.01815780
    8      0.00000000     14.87546945     11.33835593
    9      3.71886736     18.59433681     12.69795967
   10      0.00000000     26.03207153     12.01815780
   11      0.00000000     22.31320417     11.33835593
   12      3.71886736     26.03207153     12.69795967
   13      3.66487903     19.74006835     16.27160633
   14      3.77069983     26.52275745     16.32314894
   15      0.01852395     26.56016880     15.76189573
   16      3.61850212     11.84892546     18.91461451
   17      3.61875499     17.69745847     19.11551712
   18      3.78962116     23.08824359     17.47424384
   19      3.70349652      3.45366428     16.37154528
   20      3.59314964     14.80156305     20.80045539
   21      3.65266122      9.83504202     16.26045418
   22      7.40202041     19.38279572     15.69506468
   23      3.73121458      0.10688246     17.73417149
   24      7.43606136      3.57176955     15.77107043
   25      7.32816383     14.61366521     21.46676539
   26      3.67782924      6.62643536     17.83274389
   27      7.40035351     10.30584206     15.67788187
 
 COMPONENT = q
  
 Eigenvalues /H
   -0.91209754
   -0.90994223
   -0.90879343
   -0.90574843
   -0.90356503
   -0.89942403
   -0.89882671
   -0.89593077
   -0.89513000
   -0.89329952
   -0.89193362
   -0.89168812
   -0.89149764
   -0.89110618
   -0.88870087
   -0.88859594
   -0.88819125
   -0.88756726
   -0.43239562
   -0.43059267
   -0.42992600
   -0.42927996
   -0.42242220
   -0.41746788
   -0.41451026
   -0.41190547
   -0.41034687
   -0.40767047
   -0.40686742
   -0.40647737
   -0.40353789
   -0.40320316
   -0.40281623
   -0.40181924
   -0.40103753
   -0.39173247
   -0.39110343
   -0.38614017
   -0.38472083
   -0.38350389
   -0.38341828
   -0.38308358
   -0.37902078
   -0.37805162
   -0.37668902
   -0.37461793
   -0.37356643
   -0.37204503
   -0.37162608
   -0.37069607
   -0.36631686
   -0.35858350
   -0.35650184
   -0.35569893
   -0.35425265
   -0.35345365
   -0.34973874
   -0.34839847
   -0.34744899
   -0.34616229
   -0.34503783
   -0.34154809
   -0.33773541
   -0.33550755
   -0.33205119
   -0.33151220
   -0.33088825
   -0.32956721
   -0.32749078
   -0.32620180
   -0.32478481
   -0.32231484
   -0.15183138
   -0.15086944
   -0.14959355
   -0.14934912
   -0.14634936
   -0.14487668
   -0.14354718
   -0.14274252
   -0.14138062
   -0.13965713
   -0.13895956
   -0.13493862
   -0.13417939
   -0.13149435
   -0.13008554
   -0.12921471
   -0.12638494
   -0.12514153
   -0.12459249
   -0.12291147
   -0.11991625
   -0.11564108
   -0.11325879
   -0.11187282
   -0.10822149
   -0.10399077
   -0.10055278
   -0.09923783
   -0.09876334
   -0.09695286
   -0.09237557
   -0.09184486
   -0.08311386
   -0.07615536
   -0.07173972
   -0.05817170
   -0.04031369
   -0.01017507
    0.00526451
    0.00559150
    0.01047502
    0.01407303
    0.01858896
    0.02226464
    0.02772184
    0.13012843
    0.14708974
    0.16200442
    0.16461421
    0.18381507
    0.27066145
    0.27786066
    0.30044557
    0.30545774
    0.33622703
    0.34384298
    0.35609377
    0.36317996
    0.37205603
    0.37939225
    0.38555875
    0.39476061
    0.39890340
    0.41039966
    0.41539807
    0.42820172
    0.44503344
    0.45588098
    0.46086375
    0.47040855
    0.48404878
    0.48747067
    0.49670556
    0.50990484
    0.51690230
    0.54647202
    0.54922580
    0.57237069
    0.57520787
    0.61567071
    0.65012682
 
 Eigenvalues /eV
  -24.81943673
  -24.76078786
  -24.72952733
  -24.64666867
  -24.58725538
  -24.47457316
  -24.45831917
  -24.37951667
  -24.35772659
  -24.30791683
  -24.27074867
  -24.26406830
  -24.25888517
  -24.24823298
  -24.18278105
  -24.17992591
  -24.16891359
  -24.15193406
  -11.76608360
  -11.71702284
  -11.69888158
  -11.68130200
  -11.49469302
  -11.35987889
  -11.27939805
  -11.20851804
  -11.16610656
  -11.09327783
  -11.07142589
  -11.06081212
  -10.98082466
  -10.97171625
  -10.96118741
  -10.93405786
  -10.91278630
  -10.65958293
  -10.64246573
  -10.50740864
  -10.46878639
  -10.43567171
  -10.43334217
  -10.42423468
  -10.31368014
  -10.28730801
  -10.25022979
  -10.19387252
  -10.16525967
  -10.12386046
  -10.11246018
  -10.08715329
   -9.96798904
   -9.75755355
   -9.70090878
   -9.67906022
   -9.63970502
   -9.61796305
   -9.51687539
   -9.48040477
   -9.45456803
   -9.41955512
   -9.38895700
   -9.29399642
   -9.19024809
   -9.12962481
   -9.03557267
   -9.02090594
   -9.00392732
   -8.96797995
   -8.91147756
   -8.87640257
   -8.83784440
   -8.77063305
   -4.13154218
   -4.10536643
   -4.07064768
   -4.06399635
   -3.98236863
   -3.94229500
   -3.90611745
   -3.88422149
   -3.84716237
   -3.80026377
   -3.78128195
   -3.67186658
   -3.65120705
   -3.57814326
   -3.53980773
   -3.51611104
   -3.43910929
   -3.40527430
   -3.39033425
   -3.34459137
   -3.26308718
   -3.14675385
   -3.08192854
   -3.04421429
   -2.94485662
   -2.82973279
   -2.73618038
   -2.70039884
   -2.68748731
   -2.63822164
   -2.51366723
   -2.49922570
   -2.26164319
   -2.07229289
   -1.95213715
   -1.58293238
   -1.09699119
   -0.27687778
    0.14325466
    0.15215252
    0.28503987
    0.38294654
    0.50583135
    0.60585165
    0.75434955
    3.54097486
    4.00251548
    4.40836453
    4.47938048
    5.00186245
    7.36507278
    7.56097328
    8.17553985
    8.31192802
    9.14920287
    9.35644355
    9.68980457
    9.88262959
   10.12415963
   10.32378831
   10.49158731
   10.74198280
   10.85471387
   11.16754285
   11.30355654
   11.65196176
   12.10997612
   12.40515272
   12.54074059
   12.80046798
   13.17163738
   13.26475182
   13.51604610
   13.87521679
   14.06562731
   14.87026016
   14.94519437
   15.57499887
   15.65220248
   16.75325255
   17.69085081
 
 Fillings
     2.00000
     2.00000
     2.00000
     2.00000
     2.00000
     2.00000
     2.00000
     2.00000
     2.00000
     2.00000
     2.00000
     2.00000
     2.00000
     2.00000
     2.00000
     2.00000
     2.00000
     2.00000
     2.00000
     2.00000
     2.00000
     2.00000
     2.00000
     2.00000
     2.00000
     2.00000
     2.00000
     2.00000
     2.00000
     2.00000
     2.00000
     2.00000
     2.00000
     2.00000
     2.00000
     2.00000
     2.00000
     2.00000
     2.00000
     2.00000
     2.00000
     2.00000
     2.00000
     2.00000
     2.00000
     2.00000
     2.00000
     2.00000
     2.00000
     2.00000
     2.00000
     2.00000
     2.00000
     2.00000
     2.00000
     2.00000
     2.00000
     2.00000
     2.00000
     2.00000
     2.00000
     2.00000
     2.00000
     2.00000
     2.00000
     2.00000
     2.00000
     2.00000
     2.00000
     2.00000
     2.00000
     2.00000
     0.00000
     0.00000
     0.00000
     0.00000
     0.00000
     0.00000
     0.00000
     0.00000
     0.00000
     0.00000
     0.00000
     0.00000
     0.00000
     0.00000
     0.00000
     0.00000
     0.00000
     0.00000
     0.00000
     0.00000
     0.00000
     0.00000
     0.00000
     0.00000
     0.00000
     0.00000
     0.00000
     0.00000
     0.00000
     0.00000
     0.00000
     0.00000
     0.00000
     0.00000
     0.00000
     0.00000
     0.00000
     0.00000
     0.00000
     0.00000
     0.00000
     0.00000
     0.00000
     0.00000
     0.00000
     0.00000
     0.00000
     0.00000
     0.00000
     0.00000
     0.00000
     0.00000
     0.00000
     0.00000
     0.00000
     0.00000
     0.00000
     0.00000
     0.00000
     0.00000
     0.00000
     0.00000
     0.00000
     0.00000
     0.00000
     0.00000
     0.00000
     0.00000
     0.00000
     0.00000
     0.00000
     0.00000
     0.00000
     0.00000
     0.00000
     0.00000
     0.00000
     0.00000
     0.00000
     0.00000
     0.00000
 
 Fermi energy:                      -0.2298743807 H           -6.2552 eV
 Band energy:                      -72.7910525882 H        -1980.7453 eV
 TS:                                 0.0000000000 H            0.0000 eV
 Band free energy (E-TS):          -72.7910525882 H        -1980.7453 eV
 Extrapolated E(0K):               -72.7910525882 H        -1980.7453 eV
 
 Energy H0:                        -72.7910525882 H        -1980.7453 eV
 Total Electronic energy:          -72.7910525882 H        -1980.7453 eV
 Repulsive energy:                   2.4370660316 H           66.3159 eV
 Total energy:                     -70.3539865566 H        -1914.4294 eV
 Total Mermin free energy:         -70.3539865566 H        -1914.4294 eV
 
 Non-SCC calculation
 
 Full geometry written in geo_end.{xyz|gen}
 
 Total Forces
 -2.132477990113699E-005 -3.837521864051997E-006  1.890002404128026E-002
 -2.584759429995525E-007  1.364644508781028E-003 -8.455284053162926E-003
 -2.068482046028737E-004 -1.683806862893907E-003 -5.344069123073961E-003
 -3.100586011774134E-004 -1.575298746611716E-003  1.791650259483400E-002
  6.538669317572610E-005 -4.939148936229984E-003 -9.889495600450781E-003
 -2.254433850282232E-003 -4.627962750101848E-003 -3.756407560338126E-003
 -2.818175432597594E-004  1.741029593187466E-003  1.840879586102406E-002
 -2.755193048776251E-005  1.717090619284777E-004 -2.492438498643591E-004
 -1.940282675136564E-003  5.497198434644204E-005 -1.286160200018854E-002
 -5.784665113326887E-004  3.245877003711274E-003  2.462024000139788E-002
  6.650344043509437E-005  5.044563186951611E-003 -8.135614974294318E-003
  1.293048641345766E-003  3.840249513021627E-003 -3.415509354280463E-003
  1.003065191192834E-002 -1.098847801629738E-003  4.919397525218194E-004
 -1.092481490771162E-002 -7.282822541399347E-003 -1.215649870649380E-002
  1.093921230667799E-002 -4.284213545904858E-003 -3.234268383868547E-003
  7.902850149477845E-004  3.329522486060461E-002  3.354754617364128E-002
  1.044800222905110E-003  2.841026868607731E-002 -1.987952155446396E-002
 -2.328524468634065E-003  1.821870428401448E-002 -2.880543958615339E-004
  6.702764299497372E-003 -1.143678855610993E-002 -1.382432042967345E-002
  7.526938986464457E-003 -3.723900187295308E-002  2.271692495817526E-002
  1.389303946802657E-002 -1.062037244931903E-002 -3.737964919270589E-002
 -7.422319535940769E-003 -1.108082197018435E-003  1.454698559216622E-004
 -8.475619590787308E-005 -9.949699275685429E-005 -4.483475516275870E-003
 -6.907504739826684E-003 -4.380851888012660E-003 -5.073010139324263E-004
 -7.508562162176292E-003  3.509421947260572E-003  7.679017741785817E-003
  8.049610803158540E-004 -3.851627884607724E-003  2.018671243522951E-003
 -1.236006748339930E-002 -4.664504082471625E-003 -2.584816515176114E-003
 
 Total stress tensor
     -0.000026859678     -0.000000022673      0.000002256771
     -0.000000022524     -0.000062805171      0.000002538480
      0.000002256350      0.000002540359      0.000005342598
 
 Total lattice derivs
      0.037752031212      0.000031868208     -0.003171955645
      0.000007914692      0.022068607688     -0.000891976174
     -0.000499284207     -0.000562129688     -0.001182207836
 
 Maximal derivative component:       0.373796E-01 au
 Max force for moved atoms::         0.373796E-01 au
 
 Volume:                             0.104539E+05 au^3
 Pressure:                          -0.281074E-04 au    -0.826948E+09 Pa
 
 Geometry converged
 
