 KPT            1  SPIN            1  KWEIGHT    1.00000000000000     
   -24.77881     2.00000
   -24.73442     2.00000
   -24.66370     2.00000
   -24.57150     2.00000
   -24.53275     2.00000
   -24.45413     2.00000
   -24.43820     2.00000
   -24.32993     2.00000
   -24.31528     2.00000
   -24.30614     2.00000
   -24.25745     2.00000
   -24.25162     2.00000
   -24.24057     2.00000
   -24.22059     2.00000
   -24.20639     2.00000
   -24.15637     2.00000
   -24.12368     2.00000
   -24.02169     2.00000
   -11.70755     2.00000
   -11.59027     2.00000
   -11.46019     2.00000
   -11.40056     2.00000
   -11.31543     2.00000
   -11.28223     2.00000
   -11.24396     2.00000
   -11.12598     2.00000
   -11.06912     2.00000
   -10.98622     2.00000
   -10.98018     2.00000
   -10.94894     2.00000
   -10.90947     2.00000
   -10.88652     2.00000
   -10.79705     2.00000
   -10.72353     2.00000
   -10.61643     2.00000
   -10.60380     2.00000
   -10.54583     2.00000
   -10.52168     2.00000
   -10.51433     2.00000
   -10.49567     2.00000
   -10.32903     2.00000
   -10.26399     2.00000
   -10.21448     2.00000
   -10.16628     2.00000
   -10.13936     2.00000
   -10.04840     2.00000
    -9.98213     2.00000
    -9.93628     2.00000
    -9.87117     2.00000
    -9.85365     2.00000
    -9.79647     2.00000
    -9.72859     2.00000
    -9.64408     2.00000
    -9.58940     2.00000
    -9.54860     2.00000
    -9.53211     2.00000
    -9.49019     2.00000
    -9.47546     2.00000
    -9.39527     2.00000
    -9.30369     2.00000
    -9.28557     2.00000
    -9.22566     2.00000
    -9.18009     2.00000
    -9.12174     2.00000
    -9.06831     2.00000
    -9.03817     2.00000
    -8.96269     2.00000
    -8.89470     2.00000
    -8.86652     2.00000
    -8.82025     2.00000
    -8.79181     2.00000
    -8.55821     2.00000
    -4.29190     0.00000
    -4.25921     0.00000
    -4.21302     0.00000
    -4.11661     0.00000
    -4.10717     0.00000
    -4.02375     0.00000
    -3.98477     0.00000
    -3.94799     0.00000
    -3.89660     0.00000
    -3.88380     0.00000
    -3.85594     0.00000
    -3.80674     0.00000
    -3.79025     0.00000
    -3.72628     0.00000
    -3.71027     0.00000
    -3.66660     0.00000
    -3.61150     0.00000
    -3.52492     0.00000
    -3.51999     0.00000
    -3.48632     0.00000
    -3.41886     0.00000
    -3.40816     0.00000
    -3.35423     0.00000
    -3.27220     0.00000
    -3.22715     0.00000
    -3.16290     0.00000
    -3.09306     0.00000
    -3.06478     0.00000
    -2.97160     0.00000
    -2.94157     0.00000
    -2.70124     0.00000
    -2.63551     0.00000
    -2.60955     0.00000
    -2.41777     0.00000
    -2.30511     0.00000
    -2.19955     0.00000
    -1.92892     0.00000
    -1.75119     0.00000
    -1.46853     0.00000
    -1.22233     0.00000
    -0.47252     0.00000
    -0.08069     0.00000
     0.06070     0.00000
     0.26781     0.00000
     0.33453     0.00000
     2.41685     0.00000
     2.45038     0.00000
     2.74375     0.00000
     3.27699     0.00000
     3.99292     0.00000
     4.60602     0.00000
     4.73204     0.00000
     5.07785     0.00000
     6.95949     0.00000
     7.02303     0.00000
     7.17116     0.00000
     8.08730     0.00000
     9.21695     0.00000
     9.56126     0.00000
     9.82441     0.00000
    10.03833     0.00000
    10.21431     0.00000
    10.63645     0.00000
    10.92843     0.00000
    11.00614     0.00000
    11.46536     0.00000
    11.74068     0.00000
    11.86457     0.00000
    12.01122     0.00000
    12.27538     0.00000
    12.46247     0.00000
    12.66408     0.00000
    12.76786     0.00000
    12.99425     0.00000
    13.39772     0.00000
    13.65631     0.00000
    14.16078     0.00000
    14.41256     0.00000
    15.23976     0.00000
    15.36706     0.00000
    16.31998     0.00000
 
