 Fermi distribution function
 
 Coordinates of moved atoms (au):
    1      0.00000000      3.71886736     12.01815780
    2      0.00000000      0.00000000     11.33835593
    3      3.71886736      3.71886736     12.69795967
    4      0.00000000     11.15660209     12.01815780
    5      0.00000000      7.43773472     11.33835593
    6      3.71886736     11.15660209     12.69795967
    7      0.00000000     18.59433681     12.01815780
    8      0.00000000     14.87546945     11.33835593
    9      3.71886736     18.59433681     12.69795967
   10      0.00000000     26.03207153     12.01815780
   11      0.00000000     22.31320417     11.33835593
   12      3.71886736     26.03207153     12.69795967
   13      7.37286071      8.77097659     17.77509397
   14      0.07094999      5.20964606     16.53653725
   15      3.95433363     25.78595605     20.07968120
   16      3.65265743      9.51832804     18.05256797
   17      0.00383883     17.74032043     15.87213074
   18      0.03147794     25.92259752     15.76228184
   19      3.86038284     29.05300178     21.17002112
   20      3.71848683     18.41936982     16.27905941
   21      0.23512361     29.40381660     22.13508334
   22      3.83366637      5.38712404     20.56863966
   23      3.79046516      0.81635908     17.97774266
   24      3.78665434      4.22551260     17.20145573
   25      3.76046730     25.29400996     16.43314173
   26      3.74199190     21.78299640     16.82559602
   27      7.41687372     11.63872358     15.61372062
 
 COMPONENT = q
  
 Eigenvalues /H
   -0.91060443
   -0.90897334
   -0.90637437
   -0.90298597
   -0.90156210
   -0.89867261
   -0.89808719
   -0.89410859
   -0.89357001
   -0.89323417
   -0.89144493
   -0.89123056
   -0.89082439
   -0.89009027
   -0.88956845
   -0.88773035
   -0.88652913
   -0.88278084
   -0.43024467
   -0.42593469
   -0.42115436
   -0.41896306
   -0.41583449
   -0.41461436
   -0.41320810
   -0.40887211
   -0.40678258
   -0.40373618
   -0.40351415
   -0.40236615
   -0.40091575
   -0.40007233
   -0.39678440
   -0.39408234
   -0.39014680
   -0.38968257
   -0.38755218
   -0.38666464
   -0.38639468
   -0.38570874
   -0.37958493
   -0.37719460
   -0.37537538
   -0.37360406
   -0.37261475
   -0.36927187
   -0.36683652
   -0.36515162
   -0.36275879
   -0.36211501
   -0.36001366
   -0.35751898
   -0.35441350
   -0.35240384
   -0.35090451
   -0.35029863
   -0.34875790
   -0.34821684
   -0.34526987
   -0.34190416
   -0.34123850
   -0.33903660
   -0.33736208
   -0.33521772
   -0.33325440
   -0.33214678
   -0.32937267
   -0.32687429
   -0.32583849
   -0.32413818
   -0.32309299
   -0.31450850
   -0.15772444
   -0.15652323
   -0.15482582
   -0.15128274
   -0.15093567
   -0.14787021
   -0.14643768
   -0.14508602
   -0.14319754
   -0.14272713
   -0.14170308
   -0.13989495
   -0.13928896
   -0.13693840
   -0.13634986
   -0.13474520
   -0.13272027
   -0.12953851
   -0.12935715
   -0.12811982
   -0.12564090
   -0.12524750
   -0.12326587
   -0.12025106
   -0.11859547
   -0.11623430
   -0.11366784
   -0.11262869
   -0.10920444
   -0.10810088
   -0.09926857
   -0.09685324
   -0.09589934
   -0.08885132
   -0.08471110
   -0.08083198
   -0.07088662
   -0.06435516
   -0.05396751
   -0.04491982
   -0.01736472
   -0.00296535
    0.00223076
    0.00984190
    0.01229369
    0.08881750
    0.09004975
    0.10083101
    0.12042735
    0.14673695
    0.16926820
    0.17389922
    0.18660745
    0.25575672
    0.25809148
    0.26353510
    0.29720267
    0.33871680
    0.35136980
    0.36104046
    0.36890203
    0.37536881
    0.39088234
    0.40161227
    0.40446827
    0.42134413
    0.43146200
    0.43601487
    0.44140419
    0.45111181
    0.45798732
    0.46539632
    0.46921025
    0.47752976
    0.49235707
    0.50186004
    0.52039898
    0.52965171
    0.56005094
    0.56472902
    0.59974840
 
 Eigenvalues /eV
  -24.77880726
  -24.73442312
  -24.66370159
  -24.57149841
  -24.53275298
  -24.45412584
  -24.43819576
  -24.32993251
  -24.31527723
  -24.30613836
  -24.25745078
  -24.25161751
  -24.24056507
  -24.22058855
  -24.20638905
  -24.15637198
  -24.12368493
  -24.02168892
  -11.70755314
  -11.59027270
  -11.46019333
  -11.40056482
  -11.31543207
  -11.28223076
  -11.24396440
  -11.12597608
  -11.06911715
  -10.98622034
  -10.98017872
  -10.94894003
  -10.90947273
  -10.88652202
  -10.79705297
  -10.72352617
  -10.61643463
  -10.60380227
  -10.54583133
  -10.52168017
  -10.51433408
  -10.49566882
  -10.32903158
  -10.26398720
  -10.21448368
  -10.16628383
  -10.13936321
  -10.04839890
   -9.98212958
   -9.93628106
   -9.87116886
   -9.85365080
   -9.79647014
   -9.72858656
   -9.64408192
   -9.58939626
   -9.54859741
   -9.53211084
   -9.49018540
   -9.47546241
   -9.39527109
   -9.30368566
   -9.28557202
   -9.22565525
   -9.18008924
   -9.12173830
   -9.06831350
   -9.03817377
   -8.96268647
   -8.89470192
   -8.86651650
   -8.82024858
   -8.79180747
   -8.55821164
   -4.29190048
   -4.25921380
   -4.21302487
   -4.11661271
   -4.10716857
   -4.02375306
   -3.98477199
   -3.94799144
   -3.89660328
   -3.88380276
   -3.85593703
   -3.80673536
   -3.79024537
   -3.72628359
   -3.71026833
   -3.66660339
   -3.61150232
   -3.52492210
   -3.51998716
   -3.48631776
   -3.41886297
   -3.40815791
   -3.35423488
   -3.27219770
   -3.22714703
   -3.16289615
   -3.09305939
   -3.06478263
   -2.97160392
   -2.94157462
   -2.70123512
   -2.63551062
   -2.60955377
   -2.41776739
   -2.30510635
   -2.19954996
   -1.92892304
   -1.75119288
   -1.46853079
   -1.22233049
   -0.47251819
   -0.08069134
    0.06070204
    0.26781181
    0.33452827
    2.41684701
    2.45037846
    2.74375151
    3.27699497
    3.99291545
    4.60602195
    4.73203847
    5.07784704
    6.95949436
    7.02302637
    7.17115502
    8.08729607
    9.21695304
    9.56125874
    9.82441067
   10.03833489
   10.21430501
   10.63644961
   10.92842603
   11.00614158
   11.46535719
   11.74067850
   11.86456825
   12.01121912
   12.27537689
   12.46246896
   12.66407822
   12.76786055
   12.99424590
   13.39771749
   13.65630643
   14.16077667
   14.41255641
   15.23976135
   15.36705852
   16.31998425
 
 Fillings
     2.00000
     2.00000
     2.00000
     2.00000
     2.00000
     2.00000
     2.00000
     2.00000
     2.00000
     2.00000
     2.00000
     2.00000
     2.00000
     2.00000
     2.00000
     2.00000
     2.00000
     2.00000
     2.00000
     2.00000
     2.00000
     2.00000
     2.00000
     2.00000
     2.00000
     2.00000
     2.00000
     2.00000
     2.00000
     2.00000
     2.00000
     2.00000
     2.00000
     2.00000
     2.00000
     2.00000
     2.00000
     2.00000
     2.00000
     2.00000
     2.00000
     2.00000
     2.00000
     2.00000
     2.00000
     2.00000
     2.00000
     2.00000
     2.00000
     2.00000
     2.00000
     2.00000
     2.00000
     2.00000
     2.00000
     2.00000
     2.00000
     2.00000
     2.00000
     2.00000
     2.00000
     2.00000
     2.00000
     2.00000
     2.00000
     2.00000
     2.00000
     2.00000
     2.00000
     2.00000
     2.00000
     2.00000
     0.00000
     0.00000
     0.00000
     0.00000
     0.00000
     0.00000
     0.00000
     0.00000
     0.00000
     0.00000
     0.00000
     0.00000
     0.00000
     0.00000
     0.00000
     0.00000
     0.00000
     0.00000
     0.00000
     0.00000
     0.00000
     0.00000
     0.00000
     0.00000
     0.00000
     0.00000
     0.00000
     0.00000
     0.00000
     0.00000
     0.00000
     0.00000
     0.00000
     0.00000
     0.00000
     0.00000
     0.00000
     0.00000
     0.00000
     0.00000
     0.00000
     0.00000
     0.00000
     0.00000
     0.00000
     0.00000
     0.00000
     0.00000
     0.00000
     0.00000
     0.00000
     0.00000
     0.00000
     0.00000
     0.00000
     0.00000
     0.00000
     0.00000
     0.00000
     0.00000
     0.00000
     0.00000
     0.00000
     0.00000
     0.00000
     0.00000
     0.00000
     0.00000
     0.00000
     0.00000
     0.00000
     0.00000
     0.00000
     0.00000
     0.00000
     0.00000
     0.00000
     0.00000
     0.00000
     0.00000
     0.00000
 
 Fermi energy:                      -0.2510750678 H           -6.8321 eV
 Band energy:                      -72.3557832683 H        -1968.9010 eV
 TS:                                 0.0000000000 H            0.0000 eV
 Band free energy (E-TS):          -72.3557832683 H        -1968.9010 eV
 Extrapolated E(0K):               -72.3557832683 H        -1968.9010 eV
 
 Energy H0:                        -72.3557832683 H        -1968.9010 eV
 Total Electronic energy:          -72.3557832683 H        -1968.9010 eV
 Repulsive energy:                   2.1517331411 H           58.5516 eV
 Total energy:                     -70.2040501273 H        -1910.3494 eV
 Total Mermin free energy:         -70.2040501273 H        -1910.3494 eV
 
 Non-SCC calculation
 
 Full geometry written in geo_end.{xyz|gen}
 
 Total Forces
  1.910449916738027E-004  5.547479556647199E-003  1.166747192578243E-002
  1.665220569068517E-005  1.775167407155555E-003 -1.536085495744726E-003
  1.188502282844488E-003  5.251460845450435E-004  1.069242129169950E-002
  1.311071975258759E-004  7.605276577728179E-003  3.874183195385737E-002
 -3.272656677387168E-005  1.515702811180383E-004 -3.944008158204608E-003
 -1.042319496982443E-003 -3.845905229854486E-003 -3.423704441743673E-002
 -1.639026810046948E-004 -8.148728894159201E-003  6.329824305926074E-003
  1.302918232819964E-005  1.826746230983402E-003 -1.180043198688863E-002
  1.029660647758680E-004 -1.026554878272691E-003 -2.227643147784571E-002
  2.269176430729626E-004  2.417075110332634E-003  1.798543190712722E-002
  1.782420062565526E-007 -2.525776306819443E-003 -3.159524263465774E-003
  2.057724794772209E-003 -2.147021064168001E-003 -4.396742576890954E-003
 -9.842395368451192E-004  1.341805581832377E-002 -4.698834812360234E-003
 -1.346332374101026E-003  4.607799883752997E-003 -2.032677412024019E-003
 -2.863091897513282E-003  1.435227090219843E-002 -4.905180491102584E-003
  1.493408324604389E-003 -1.206966891600318E-003  1.076571942601290E-002
 -1.745721834402330E-003  7.159299472387380E-003  2.231735545283650E-003
  1.113828601641446E-003 -4.552041845640380E-003  9.846076743230466E-003
  4.540585109681302E-003 -1.300494131383702E-002  4.314465830779657E-003
  2.047581744131721E-003 -2.433734586325509E-003  9.325171786932929E-003
 -4.730884796476879E-003  8.073686328590127E-004 -2.308618987704951E-003
  2.032035612829876E-003 -1.932272732693370E-003  2.381283587535227E-003
  7.916530861463793E-004  2.974254823098127E-003 -1.372812339908841E-002
 -1.044175962562337E-003 -2.678118134326299E-002 -1.226982095736728E-002
 -9.100149327864468E-004  1.310583625308324E-002 -1.082537451032657E-003
 -5.291106891727930E-004 -6.187360946227696E-004  5.690502741493478E-003
 -5.546943151042241E-004 -8.049485852956784E-003 -7.595875158503504E-003
 
 Total stress tensor
     -0.000087621121     -0.000000162380     -0.000001556312
     -0.000000162493     -0.000069317098     -0.000002016338
     -0.000001555767     -0.000002018775     -0.000005692861
 
 Total lattice derivs
      0.123153944169      0.000228229898      0.002187440514
      0.000057096983      0.024356781742      0.000708504947
      0.000344259430      0.000446713669      0.001259713981
 
 Maximal derivative component:       0.387418E-01 au
 Max force for moved atoms::         0.387418E-01 au
 
 Volume:                             0.104539E+05 au^3
 Pressure:                          -0.542104E-04 au    -0.159492E+10 Pa
 
 Geometry converged
 
