 KPT            1  SPIN            1  KWEIGHT    1.00000000000000     
   -24.67625     2.00000
   -24.62936     2.00000
   -24.57568     2.00000
   -24.47854     2.00000
   -24.44303     2.00000
   -24.41437     2.00000
   -24.38020     2.00000
   -24.34729     2.00000
   -24.30630     2.00000
   -24.29211     2.00000
   -24.26724     2.00000
   -24.26365     2.00000
   -24.24003     2.00000
   -24.19891     2.00000
   -24.19119     2.00000
   -24.10146     2.00000
   -23.99617     2.00000
   -23.92630     2.00000
   -11.49196     2.00000
   -11.35155     2.00000
   -11.25989     2.00000
   -11.19824     2.00000
   -11.13933     2.00000
   -11.02901     2.00000
   -10.98243     2.00000
   -10.92561     2.00000
   -10.88824     2.00000
   -10.87041     2.00000
   -10.85877     2.00000
   -10.82827     2.00000
   -10.77067     2.00000
   -10.65061     2.00000
   -10.59262     2.00000
   -10.52015     2.00000
   -10.38516     2.00000
   -10.31328     2.00000
   -10.29193     2.00000
   -10.23820     2.00000
   -10.17418     2.00000
   -10.15240     2.00000
   -10.09846     2.00000
   -10.05748     2.00000
   -10.02381     2.00000
    -9.96987     2.00000
    -9.94641     2.00000
    -9.91796     2.00000
    -9.87311     2.00000
    -9.81515     2.00000
    -9.76721     2.00000
    -9.72722     2.00000
    -9.70430     2.00000
    -9.65125     2.00000
    -9.60968     2.00000
    -9.55211     2.00000
    -9.52244     2.00000
    -9.49285     2.00000
    -9.38522     2.00000
    -9.35493     2.00000
    -9.32291     2.00000
    -9.29387     2.00000
    -9.24442     2.00000
    -9.20193     2.00000
    -9.14192     2.00000
    -9.09414     2.00000
    -9.06193     2.00000
    -9.03836     2.00000
    -8.99155     2.00000
    -8.94435     2.00000
    -8.90292     2.00000
    -8.84774     2.00000
    -8.84158     2.00000
    -8.69211     2.00000
    -5.23543     0.00000
    -4.71899     0.00000
    -4.69450     0.00000
    -4.49431     0.00000
    -4.35489     0.00000
    -4.27246     0.00000
    -4.23933     0.00000
    -4.17921     0.00000
    -4.15512     0.00000
    -4.11356     0.00000
    -4.08077     0.00000
    -4.04478     0.00000
    -3.99457     0.00000
    -3.95370     0.00000
    -3.91678     0.00000
    -3.87769     0.00000
    -3.81337     0.00000
    -3.79186     0.00000
    -3.72464     0.00000
    -3.70428     0.00000
    -3.69211     0.00000
    -3.63648     0.00000
    -3.57132     0.00000
    -3.49637     0.00000
    -3.45142     0.00000
    -3.41682     0.00000
    -3.39900     0.00000
    -3.33725     0.00000
    -3.24963     0.00000
    -3.09883     0.00000
    -3.07805     0.00000
    -2.98841     0.00000
    -2.93355     0.00000
    -2.91401     0.00000
    -2.80994     0.00000
    -2.58412     0.00000
    -2.42833     0.00000
    -2.25111     0.00000
    -2.11198     0.00000
    -1.93312     0.00000
    -1.80870     0.00000
    -0.99115     0.00000
    -0.62881     0.00000
    -0.14226     0.00000
    -0.04795     0.00000
     0.10108     0.00000
     0.15878     0.00000
     0.20905     0.00000
     0.95984     0.00000
     1.16243     0.00000
     2.20122     0.00000
     2.53687     0.00000
     3.16065     0.00000
     3.32031     0.00000
     4.36495     0.00000
     4.83773     0.00000
     6.03834     0.00000
     6.41193     0.00000
     6.50506     0.00000
     6.79515     0.00000
     6.85574     0.00000
     8.16865     0.00000
     8.57728     0.00000
     8.94556     0.00000
    10.37468     0.00000
    10.41499     0.00000
    11.06890     0.00000
    11.53469     0.00000
    11.56889     0.00000
    11.70950     0.00000
    11.84688     0.00000
    12.04168     0.00000
    12.22731     0.00000
    12.67991     0.00000
    12.82467     0.00000
    12.93805     0.00000
    13.12075     0.00000
    14.28461     0.00000
    14.62545     0.00000
    15.54539     0.00000
    16.92288     0.00000
 
