 Fermi distribution function
 
 Coordinates of moved atoms (au):
    1      0.00000000      3.71886736     12.01815780
    2      0.00000000      0.00000000     11.33835593
    3      3.71886736      3.71886736     12.69795967
    4      0.00000000     11.15660209     12.01815780
    5      0.00000000      7.43773472     11.33835593
    6      3.71886736     11.15660209     12.69795967
    7      0.00000000     18.59433681     12.01815780
    8      0.00000000     14.87546945     11.33835593
    9      3.71886736     18.59433681     12.69795967
   10      0.00000000     26.03207153     12.01815780
   11      0.00000000     22.31320417     11.33835593
   12      3.71886736     26.03207153     12.69795967
   13      7.22118519     15.02393642     20.15639533
   14      7.09890930     29.38375479     19.22713712
   15      7.43652185     18.57832261      8.30567850
   16      3.43838407     14.64682223     18.85017359
   17      2.88113460      7.57708687     19.10684582
   18      7.23375093     16.50461304     23.09128281
   19      0.11902676      3.79427027     15.79068722
   20      7.43554250     26.94700251      6.62526985
   21      4.06512656     10.78624664     18.13589204
   22      3.35842157      0.93157792     19.60332104
   23      3.63677365     19.33207523     16.40603725
   24      2.90839461      4.20666690     17.98905711
   25      7.01550570     26.52052923     17.48064737
   26      3.62049983     21.93761751     18.45133346
   27      6.81776848     11.40145696     20.36437545
 
 COMPONENT = q
  
 Eigenvalues /H
   -0.90683548
   -0.90511241
   -0.90313972
   -0.89956997
   -0.89826468
   -0.89721151
   -0.89595592
   -0.89474644
   -0.89323992
   -0.89271851
   -0.89180460
   -0.89167265
   -0.89080456
   -0.88929370
   -0.88900980
   -0.88571244
   -0.88184300
   -0.87927523
   -0.42232175
   -0.41716188
   -0.41379317
   -0.41152784
   -0.40936294
   -0.40530873
   -0.40359693
   -0.40150890
   -0.40013541
   -0.39948019
   -0.39905234
   -0.39793158
   -0.39581482
   -0.39140280
   -0.38927156
   -0.38660846
   -0.38164779
   -0.37900599
   -0.37822136
   -0.37624702
   -0.37389431
   -0.37309370
   -0.37111175
   -0.36960567
   -0.36836808
   -0.36638582
   -0.36552385
   -0.36447837
   -0.36283020
   -0.36070004
   -0.35893852
   -0.35746869
   -0.35662662
   -0.35467678
   -0.35314917
   -0.35103371
   -0.34994339
   -0.34885568
   -0.34490050
   -0.34378753
   -0.34261062
   -0.34154361
   -0.33972617
   -0.33816455
   -0.33595944
   -0.33420341
   -0.33301989
   -0.33215366
   -0.33043342
   -0.32869881
   -0.32717618
   -0.32514834
   -0.32492207
   -0.31942913
   -0.19239844
   -0.17341970
   -0.17251955
   -0.16516289
   -0.16003944
   -0.15701002
   -0.15579263
   -0.15358312
   -0.15269792
   -0.15117051
   -0.14996572
   -0.14864293
   -0.14679765
   -0.14529587
   -0.14393917
   -0.14250249
   -0.14013873
   -0.13934823
   -0.13687793
   -0.13612983
   -0.13568238
   -0.13363802
   -0.13124342
   -0.12848910
   -0.12683729
   -0.12556600
   -0.12491080
   -0.12264153
   -0.11942153
   -0.11387984
   -0.11311629
   -0.10982206
   -0.10780596
   -0.10708788
   -0.10326327
   -0.09496476
   -0.08923934
   -0.08272681
   -0.07761371
   -0.07104092
   -0.06646868
   -0.03642412
   -0.02310824
   -0.00522794
   -0.00176202
    0.00371459
    0.00583492
    0.00768261
    0.03527342
    0.04271840
    0.08089318
    0.09322817
    0.11615181
    0.12201902
    0.16040881
    0.17778321
    0.22190499
    0.23563402
    0.23905650
    0.24971709
    0.25194376
    0.30019255
    0.31520909
    0.32874311
    0.38126242
    0.38274385
    0.40677468
    0.42389194
    0.42514876
    0.43031604
    0.43536471
    0.44252362
    0.44934535
    0.46597803
    0.47129786
    0.47546451
    0.48217888
    0.52494976
    0.53747539
    0.57128252
    0.62190425
 
 Eigenvalues /eV
  -24.67624901
  -24.62936191
  -24.57568218
  -24.47854447
  -24.44302563
  -24.41436743
  -24.38020110
  -24.34728952
  -24.30629501
  -24.29210673
  -24.26723792
  -24.26364742
  -24.24002553
  -24.19891290
  -24.19118753
  -24.10146183
  -23.99616894
  -23.92629632
  -11.49195943
  -11.35155229
  -11.25988511
  -11.19824225
  -11.13933249
  -11.02901157
  -10.98243125
  -10.92561318
  -10.88823848
  -10.87040903
  -10.85876679
  -10.82826916
  -10.77066935
  -10.65061206
  -10.59261821
  -10.52015138
  -10.38516487
  -10.31327764
  -10.29192675
  -10.23820239
  -10.17418189
  -10.15239618
  -10.09846445
  -10.05748201
  -10.02380541
   -9.96986542
   -9.94640993
   -9.91796118
   -9.87311218
   -9.81514738
   -9.76721413
   -9.72721807
   -9.70430397
   -9.65124617
   -9.60967780
   -9.55211328
   -9.52244404
   -9.49284592
   -9.38522000
   -9.35493477
   -9.32290934
   -9.29387436
   -9.24441936
   -9.20192571
   -9.14192142
   -9.09413739
   -9.06193219
   -9.03836083
   -8.99155084
   -8.94434983
   -8.90291690
   -8.84773657
   -8.84157941
   -8.69210893
   -5.23542795
   -4.71899018
   -4.69449585
   -4.49431102
   -4.35489475
   -4.27246011
   -4.23933323
   -4.17920931
   -4.15512182
   -4.11355876
   -4.08077493
   -4.04477984
   -3.99456735
   -3.95370167
   -3.91678403
   -3.87769001
   -3.81336875
   -3.79185827
   -3.72463786
   -3.70428118
   -3.69210544
   -3.63647542
   -3.57131526
   -3.49636632
   -3.45141821
   -3.41682473
   -3.39899583
   -3.33724589
   -3.24962522
   -3.09882819
   -3.07805076
   -2.98841039
   -2.93354956
   -2.91400954
   -2.80993658
   -2.58412262
   -2.42832590
   -2.25111101
   -2.11197640
   -1.93312173
   -1.80870482
   -0.99115075
   -0.62880711
   -0.14225948
   -0.04794698
    0.10107924
    0.15877615
    0.20905442
    0.95983848
    1.16242670
    2.20121531
    2.53686755
    3.16065150
    3.32030650
    4.36494567
    4.83772717
    6.03834189
    6.41192801
    6.50505830
    6.79514782
    6.85573844
    8.16865497
    8.57727585
    8.94555528
   10.37467832
   10.41499019
   11.06890234
   11.53468663
   11.56888648
   11.70949521
   11.84687657
   12.04168027
   12.22730901
   12.67990729
   12.82466723
   12.93804756
   13.12075494
   14.28460980
   14.62544942
   15.54538844
   16.92287571
 
 Fillings
     2.00000
     2.00000
     2.00000
     2.00000
     2.00000
     2.00000
     2.00000
     2.00000
     2.00000
     2.00000
     2.00000
     2.00000
     2.00000
     2.00000
     2.00000
     2.00000
     2.00000
     2.00000
     2.00000
     2.00000
     2.00000
     2.00000
     2.00000
     2.00000
     2.00000
     2.00000
     2.00000
     2.00000
     2.00000
     2.00000
     2.00000
     2.00000
     2.00000
     2.00000
     2.00000
     2.00000
     2.00000
     2.00000
     2.00000
     2.00000
     2.00000
     2.00000
     2.00000
     2.00000
     2.00000
     2.00000
     2.00000
     2.00000
     2.00000
     2.00000
     2.00000
     2.00000
     2.00000
     2.00000
     2.00000
     2.00000
     2.00000
     2.00000
     2.00000
     2.00000
     2.00000
     2.00000
     2.00000
     2.00000
     2.00000
     2.00000
     2.00000
     2.00000
     2.00000
     2.00000
     2.00000
     2.00000
     0.00000
     0.00000
     0.00000
     0.00000
     0.00000
     0.00000
     0.00000
     0.00000
     0.00000
     0.00000
     0.00000
     0.00000
     0.00000
     0.00000
     0.00000
     0.00000
     0.00000
     0.00000
     0.00000
     0.00000
     0.00000
     0.00000
     0.00000
     0.00000
     0.00000
     0.00000
     0.00000
     0.00000
     0.00000
     0.00000
     0.00000
     0.00000
     0.00000
     0.00000
     0.00000
     0.00000
     0.00000
     0.00000
     0.00000
     0.00000
     0.00000
     0.00000
     0.00000
     0.00000
     0.00000
     0.00000
     0.00000
     0.00000
     0.00000
     0.00000
     0.00000
     0.00000
     0.00000
     0.00000
     0.00000
     0.00000
     0.00000
     0.00000
     0.00000
     0.00000
     0.00000
     0.00000
     0.00000
     0.00000
     0.00000
     0.00000
     0.00000
     0.00000
     0.00000
     0.00000
     0.00000
     0.00000
     0.00000
     0.00000
     0.00000
     0.00000
     0.00000
     0.00000
     0.00000
     0.00000
     0.00000
 
 Fermi energy:                      -0.2392618492 H           -6.5106 eV
 Band energy:                      -71.7883474369 H        -1953.4603 eV
 TS:                                 0.0000000000 H            0.0000 eV
 Band free energy (E-TS):          -71.7883474369 H        -1953.4603 eV
 Extrapolated E(0K):               -71.7883474369 H        -1953.4603 eV
 
 Energy H0:                        -71.7883474369 H        -1953.4603 eV
 Total Electronic energy:          -71.7883474369 H        -1953.4603 eV
 Repulsive energy:                   1.8591567790 H           50.5902 eV
 Total energy:                     -69.9291906579 H        -1902.8701 eV
 Total Mermin free energy:         -69.9291906579 H        -1902.8701 eV
 
 Non-SCC calculation
 
 Full geometry written in geo_end.{xyz|gen}
 
 Total Forces
 -1.241008505148481E-003 -4.472742811764531E-004  3.230984790510140E-002
 -1.377192873729383E-005  2.557798981535448E-003  1.393414007195243E-003
  7.956895726225779E-003 -1.089902863722812E-003 -3.915252221047159E-002
  5.901334610550856E-005  8.576824236295122E-004  1.131756273297480E-003
 -2.804330843957739E-005  2.131385232165814E-003 -1.999621196089138E-003
  9.180550778360951E-004 -7.207279522510087E-004  3.897538504664989E-003
 -2.781662164461995E-004 -2.300650073843506E-003 -5.492335549014081E-002
  1.211636537341903E-005 -2.085647768467389E-002  1.544691609024369E-002
 -1.160132401430616E-004  8.506521084136857E-003  2.706008116127061E-002
 -1.085504593656977E-003  2.152468676371212E-003  1.023461113266515E-002
  4.198653947398733E-005  1.831703684111251E-002  1.625104970939330E-002
 -8.224203940231727E-004 -5.515275022475149E-004 -6.779413716426159E-003
  2.640302856105845E-003 -9.306744407139264E-003  1.174308423745962E-002
 -4.933472904753344E-003 -3.488458014438700E-004  1.499990416562177E-002
  2.795884674765435E-005  7.022668001246035E-004  7.616993206310985E-003
 -1.423550371435452E-003  2.282817142580263E-003 -1.134001959734818E-004
  3.635361034254450E-003 -4.756596955152513E-003 -1.267118999725689E-003
 -3.015953511134287E-004 -8.220208063660625E-003 -1.581869773200018E-002
 -6.828107562042759E-003  1.394828866241777E-002 -2.989871975830144E-003
  3.662469064901203E-006 -3.451400354516833E-003  8.407012556798885E-003
  6.169765659886004E-003  1.347760190644136E-002  6.131683531270943E-003
  5.072153034372598E-004  3.012615031159918E-003 -6.623297707697706E-003
 -1.783116051176820E-004 -8.099605500370338E-003 -1.159911602245572E-003
  8.103023745655025E-004 -1.136835702796562E-002  4.137229775751140E-003
  2.668648350805014E-003 -4.863050387581308E-003 -1.727341809649326E-002
  1.401091862063416E-004 -2.064363894892118E-003 -7.951068440138431E-003
 -8.341427155030431E-003  1.049924996896229E-002 -4.709424893812930E-003
 
 Total stress tensor
     -0.000080518965      0.000002103587     -0.000002903936
      0.000002103958     -0.000066911973     -0.000006351543
     -0.000002904319     -0.000006350746     -0.000026339749
 
 Total lattice derivs
      0.113171664856     -0.002956650283      0.004081563348
     -0.000739293145      0.023511664010      0.002231818095
      0.000642666431      0.001405290562      0.005828448988
 
 Maximal derivative component:       0.549234E-01 au
 Max force for moved atoms::         0.549234E-01 au
 
 Volume:                             0.104539E+05 au^3
 Pressure:                          -0.579236E-04 au    -0.170417E+10 Pa
 
 Geometry converged
 
