 KPT            1  SPIN            1  KWEIGHT    1.00000000000000     
   -24.85768     2.00000
   -24.76404     2.00000
   -24.75858     2.00000
   -24.64567     2.00000
   -24.56572     2.00000
   -24.45845     2.00000
   -24.43945     2.00000
   -24.35610     2.00000
   -24.34804     2.00000
   -24.31366     2.00000
   -24.27140     2.00000
   -24.26367     2.00000
   -24.25835     2.00000
   -24.21619     2.00000
   -24.18742     2.00000
   -24.18074     2.00000
   -24.17599     2.00000
   -24.02325     2.00000
   -11.78221     2.00000
   -11.72460     2.00000
   -11.70884     2.00000
   -11.68004     2.00000
   -11.34247     2.00000
   -11.25293     2.00000
   -11.20840     2.00000
   -11.12850     2.00000
   -11.10260     2.00000
   -11.07342     2.00000
   -11.05735     2.00000
   -11.01149     2.00000
   -10.98607     2.00000
   -10.98383     2.00000
   -10.96029     2.00000
   -10.92841     2.00000
   -10.73129     2.00000
   -10.69829     2.00000
   -10.58382     2.00000
   -10.58292     2.00000
   -10.51444     2.00000
   -10.44862     2.00000
   -10.39176     2.00000
   -10.38838     2.00000
   -10.33442     2.00000
   -10.29129     2.00000
   -10.26309     2.00000
   -10.16261     2.00000
   -10.13845     2.00000
   -10.12999     2.00000
   -10.03072     2.00000
    -9.98591     2.00000
    -9.96116     2.00000
    -9.77767     2.00000
    -9.76344     2.00000
    -9.70915     2.00000
    -9.64471     2.00000
    -9.57481     2.00000
    -9.51747     2.00000
    -9.48184     2.00000
    -9.47019     2.00000
    -9.40603     2.00000
    -9.38585     2.00000
    -9.23419     2.00000
    -9.12753     2.00000
    -9.12158     2.00000
    -9.03435     2.00000
    -9.03379     2.00000
    -8.98904     2.00000
    -8.91970     2.00000
    -8.90941     2.00000
    -8.87772     2.00000
    -8.75575     2.00000
    -8.68741     2.00000
    -4.23184     0.00000
    -4.12217     0.00000
    -4.08255     0.00000
    -4.01750     0.00000
    -3.98655     0.00000
    -3.97664     0.00000
    -3.90571     0.00000
    -3.87768     0.00000
    -3.87288     0.00000
    -3.76791     0.00000
    -3.73913     0.00000
    -3.63726     0.00000
    -3.62537     0.00000
    -3.55652     0.00000
    -3.55407     0.00000
    -3.51762     0.00000
    -3.49284     0.00000
    -3.46645     0.00000
    -3.41769     0.00000
    -3.38444     0.00000
    -3.31430     0.00000
    -3.30379     0.00000
    -3.11234     0.00000
    -3.06968     0.00000
    -3.02322     0.00000
    -2.92477     0.00000
    -2.86271     0.00000
    -2.75212     0.00000
    -2.66528     0.00000
    -2.65997     0.00000
    -2.51196     0.00000
    -2.50195     0.00000
    -2.38583     0.00000
    -2.22426     0.00000
    -1.89932     0.00000
    -1.72838     0.00000
    -1.65519     0.00000
    -0.28733     0.00000
    -0.18641     0.00000
     0.11471     0.00000
     0.13904     0.00000
     0.24533     0.00000
     0.25800     0.00000
     0.47766     0.00000
     0.66481     0.00000
     0.86605     0.00000
     4.03291     0.00000
     4.44263     0.00000
     4.53325     0.00000
     5.06171     0.00000
     7.65136     0.00000
     7.66645     0.00000
     7.97061     0.00000
     8.11177     0.00000
     9.25388     0.00000
     9.31021     0.00000
     9.49989     0.00000
     9.56382     0.00000
    10.00949     0.00000
    10.13688     0.00000
    10.27826     0.00000
    10.50977     0.00000
    10.74536     0.00000
    10.82887     0.00000
    10.97427     0.00000
    11.19328     0.00000
    11.82569     0.00000
    12.25046     0.00000
    12.49664     0.00000
    12.82603     0.00000
    13.33104     0.00000
    13.57328     0.00000
    13.79526     0.00000
    14.11883     0.00000
    14.19209     0.00000
    14.79747     0.00000
    15.03348     0.00000
    15.34690     0.00000
    15.48380     0.00000
    16.15297     0.00000
    16.68752     0.00000
 
