 Fermi distribution function
 
 Coordinates of moved atoms (au):
    1      0.00000000      3.71886736     12.01815780
    2      0.00000000      0.00000000     11.33835593
    3      3.71886736      3.71886736     12.69795967
    4      0.00000000     11.15660209     12.01815780
    5      0.00000000      7.43773472     11.33835593
    6      3.71886736     11.15660209     12.69795967
    7      0.00000000     18.59433681     12.01815780
    8      0.00000000     14.87546945     11.33835593
    9      3.71886736     18.59433681     12.69795967
   10      0.00000000     26.03207153     12.01815780
   11      0.00000000     22.31320417     11.33835593
   12      3.71886736     26.03207153     12.69795967
   13      3.58612224     25.19721420     19.37919448
   14      0.03824706     26.88715605     15.66721429
   15      6.82555063     22.29959703     17.12961684
   16      3.72040141      4.05989996     16.27665554
   17      3.74637036      0.67603836     17.59714361
   18      3.77667959     17.50382983     16.33841036
   19      0.00189936      3.96529130     15.75029281
   20      3.77068328     14.17903539     17.58410963
   21      0.05089975     17.72549683     15.66399242
   22      1.75272823     22.28826435     19.61807126
   23      0.00714172     10.89840843     15.75200577
   24      3.76295204     27.10735479     16.34869854
   25      3.59995469     19.40373495     19.38186618
   26      3.71608212      7.42908577     17.55162421
   27      3.71488348     10.80342498     16.28713720
 
 COMPONENT = q
  
 Eigenvalues /H
   -0.91350284
   -0.91006188
   -0.90986109
   -0.90571155
   -0.90277360
   -0.89883146
   -0.89813345
   -0.89507011
   -0.89477406
   -0.89351054
   -0.89195755
   -0.89167365
   -0.89147813
   -0.88992850
   -0.88887149
   -0.88862599
   -0.88845112
   -0.88283803
   -0.43298816
   -0.43087106
   -0.43029203
   -0.42923370
   -0.41682802
   -0.41353771
   -0.41190098
   -0.40896474
   -0.40801292
   -0.40694061
   -0.40635006
   -0.40466498
   -0.40373077
   -0.40364817
   -0.40278310
   -0.40161152
   -0.39436748
   -0.39315504
   -0.38894839
   -0.38891516
   -0.38639870
   -0.38397960
   -0.38189010
   -0.38176588
   -0.37978291
   -0.37819778
   -0.37716157
   -0.37346914
   -0.37258110
   -0.37227047
   -0.36862220
   -0.36697528
   -0.36606595
   -0.35932281
   -0.35879991
   -0.35680487
   -0.35443645
   -0.35186785
   -0.34976062
   -0.34845135
   -0.34802300
   -0.34566533
   -0.34492379
   -0.33935033
   -0.33543055
   -0.33521205
   -0.33200617
   -0.33198580
   -0.33034110
   -0.32779311
   -0.32741468
   -0.32625020
   -0.32176799
   -0.31925639
   -0.15551710
   -0.15148713
   -0.15003096
   -0.14764046
   -0.14650290
   -0.14613876
   -0.14353225
   -0.14250197
   -0.14232571
   -0.13846807
   -0.13741049
   -0.13366691
   -0.13323002
   -0.13069985
   -0.13060954
   -0.12927003
   -0.12835950
   -0.12738964
   -0.12559764
   -0.12437580
   -0.12179839
   -0.12141191
   -0.11437654
   -0.11280851
   -0.11110133
   -0.10748329
   -0.10520275
   -0.10113872
   -0.09794706
   -0.09775208
   -0.09231268
   -0.09194512
   -0.08767758
   -0.08173997
   -0.06979872
   -0.06351682
   -0.06082698
   -0.01055902
   -0.00685040
    0.00421557
    0.00510949
    0.00901582
    0.00948144
    0.01755355
    0.02443133
    0.03182661
    0.14820656
    0.16326381
    0.16659370
    0.18601432
    0.28118214
    0.28173679
    0.29291451
    0.29810205
    0.34007400
    0.34214410
    0.34911454
    0.35146411
    0.36784192
    0.37252360
    0.37771898
    0.38622687
    0.39488485
    0.39795381
    0.40329686
    0.41134562
    0.43458611
    0.45019598
    0.45924311
    0.47134811
    0.48990665
    0.49880891
    0.50696651
    0.51885746
    0.52154971
    0.54379715
    0.55247028
    0.56398804
    0.56901914
    0.59361071
    0.61325521
 
 Eigenvalues /eV
  -24.85767710
  -24.76404372
  -24.75857987
  -24.64566510
  -24.56571960
  -24.45844846
  -24.43945461
  -24.35609700
  -24.34804097
  -24.31365896
  -24.27139973
  -24.26367451
  -24.25835428
  -24.21618646
  -24.18742390
  -24.18074353
  -24.17598515
  -24.02324514
  -11.78220743
  -11.72459796
  -11.70884181
  -11.68004326
  -11.34246748
  -11.25293358
  -11.20839605
  -11.12849670
  -11.10259645
  -11.07341734
  -11.05734779
  -11.01149433
  -10.98607312
  -10.98382550
  -10.96028572
  -10.92840546
  -10.73128526
  -10.69829285
  -10.58382410
  -10.58292007
  -10.51444357
  -10.44861648
  -10.39175830
  -10.38837804
  -10.33441867
  -10.29128513
  -10.26308841
  -10.16261228
  -10.13844752
  -10.12999498
  -10.03072053
   -9.98590551
   -9.96116125
   -9.77767124
   -9.76344221
   -9.70915447
   -9.64470642
   -9.57481127
   -9.51747079
   -9.48184363
   -9.47018760
   -9.40603228
   -9.38585384
   -9.23419230
   -9.12752964
   -9.12158388
   -9.03434746
   -9.03379329
   -8.98903865
   -8.91970428
   -8.90940677
   -8.87771954
   -8.75575253
   -8.68740847
   -4.23183557
   -4.12217458
   -4.08255023
   -4.01750122
   -3.98654668
   -3.97663787
   -3.90571111
   -3.87767587
   -3.87287951
   -3.76790777
   -3.73912968
   -3.63726168
   -3.62537343
   -3.55652377
   -3.55406652
   -3.51761650
   -3.49283980
   -3.46644847
   -3.41768576
   -3.38443774
   -3.31430281
   -3.30378627
   -3.11234410
   -3.06967564
   -3.02322097
   -2.92476919
   -2.86271247
   -2.75212470
   -2.66527519
   -2.65996935
   -2.51195586
   -2.50195397
   -2.38582833
   -2.22425782
   -1.89931971
   -1.72838050
   -1.65518626
   -0.28732556
   -0.18640880
    0.11471148
    0.13903621
    0.24533305
    0.25800324
    0.47765649
    0.66481020
    0.86604600
    4.03290564
    4.44263430
    4.53324521
    5.06170724
    7.65135525
    7.66644819
    7.97060948
    8.11176956
    9.25388427
    9.31021453
    9.49988996
    9.56382497
   10.00948799
   10.13688292
   10.27825643
   10.50976791
   10.74536361
   10.82887424
   10.97426594
   11.19328381
   11.82568964
   12.25045596
   12.49664088
   12.82603459
   13.33103810
   13.57328098
   13.79526051
   14.11882983
   14.19208972
   14.79747321
   15.03348112
   15.34689529
   15.48379868
   16.15296928
   16.68752325
 
 Fillings
     2.00000
     2.00000
     2.00000
     2.00000
     2.00000
     2.00000
     2.00000
     2.00000
     2.00000
     2.00000
     2.00000
     2.00000
     2.00000
     2.00000
     2.00000
     2.00000
     2.00000
     2.00000
     2.00000
     2.00000
     2.00000
     2.00000
     2.00000
     2.00000
     2.00000
     2.00000
     2.00000
     2.00000
     2.00000
     2.00000
     2.00000
     2.00000
     2.00000
     2.00000
     2.00000
     2.00000
     2.00000
     2.00000
     2.00000
     2.00000
     2.00000
     2.00000
     2.00000
     2.00000
     2.00000
     2.00000
     2.00000
     2.00000
     2.00000
     2.00000
     2.00000
     2.00000
     2.00000
     2.00000
     2.00000
     2.00000
     2.00000
     2.00000
     2.00000
     2.00000
     2.00000
     2.00000
     2.00000
     2.00000
     2.00000
     2.00000
     2.00000
     2.00000
     2.00000
     2.00000
     2.00000
     2.00000
     0.00000
     0.00000
     0.00000
     0.00000
     0.00000
     0.00000
     0.00000
     0.00000
     0.00000
     0.00000
     0.00000
     0.00000
     0.00000
     0.00000
     0.00000
     0.00000
     0.00000
     0.00000
     0.00000
     0.00000
     0.00000
     0.00000
     0.00000
     0.00000
     0.00000
     0.00000
     0.00000
     0.00000
     0.00000
     0.00000
     0.00000
     0.00000
     0.00000
     0.00000
     0.00000
     0.00000
     0.00000
     0.00000
     0.00000
     0.00000
     0.00000
     0.00000
     0.00000
     0.00000
     0.00000
     0.00000
     0.00000
     0.00000
     0.00000
     0.00000
     0.00000
     0.00000
     0.00000
     0.00000
     0.00000
     0.00000
     0.00000
     0.00000
     0.00000
     0.00000
     0.00000
     0.00000
     0.00000
     0.00000
     0.00000
     0.00000
     0.00000
     0.00000
     0.00000
     0.00000
     0.00000
     0.00000
     0.00000
     0.00000
     0.00000
     0.00000
     0.00000
     0.00000
     0.00000
     0.00000
     0.00000
 
 Fermi energy:                      -0.2467961958 H           -6.7157 eV
 Band energy:                      -72.6956492458 H        -1978.1493 eV
 TS:                                 0.0000000000 H            0.0000 eV
 Band free energy (E-TS):          -72.6956492458 H        -1978.1493 eV
 Extrapolated E(0K):               -72.6956492458 H        -1978.1493 eV
 
 Energy H0:                        -72.6956492458 H        -1978.1493 eV
 Total Electronic energy:          -72.6956492458 H        -1978.1493 eV
 Repulsive energy:                   2.3728909689 H           64.5696 eV
 Total energy:                     -70.3227582770 H        -1913.5796 eV
 Total Mermin free energy:         -70.3227582770 H        -1913.5796 eV
 
 Non-SCC calculation
 
 Full geometry written in geo_end.{xyz|gen}
 
 Total Forces
  9.565020495420077E-004 -5.726606688821511E-004  4.946861016851753E-003
 -5.377632474278683E-005  5.151226163385054E-003 -9.871040477539186E-003
  9.599025479906085E-005  1.469471229868350E-003 -2.048577869979921E-002
 -2.604511271166815E-003 -2.696349161400236E-004  1.501321499061581E-002
 -6.711699614296168E-006 -4.692938690572015E-005 -7.644957375725507E-003
  3.085335694639668E-004 -2.068769873858168E-003 -1.491571726266333E-002
  3.647420490554964E-004 -1.631381497895580E-003  1.692838491792192E-002
 -7.619861085014707E-005 -5.270998900103457E-003 -9.965924518144306E-003
  2.579254355857629E-003 -2.585315221263502E-003 -7.415871184885542E-004
  2.880714614383521E-004  1.671252017493550E-003  1.701650482101558E-002
  1.044387675798037E-004  2.878165185855126E-006 -9.893403889282074E-004
  1.882275448705470E-003  2.850716846901712E-003  4.193558859183766E-004
 -6.905189656633490E-003 -5.851384765205594E-003  3.701891802387738E-003
  1.344774946884732E-003  2.218245312530998E-003  4.914652775383284E-003
  1.692855450058996E-002 -4.747725665660263E-005  1.417374575618466E-002
 -7.902487956499785E-004 -1.036915211471518E-002  1.722418226457621E-002
 -2.504708895506670E-004  2.156512118299588E-002 -2.216539479436452E-003
 -9.160453938592381E-004  7.579216873377620E-003 -8.090715293455716E-003
  1.413566060400543E-004  1.429284352738451E-003  2.924525063495581E-003
 -8.175119331455768E-004 -1.710689445102525E-002 -3.150739662901442E-004
  1.553570242396992E-003 -2.415632724415735E-003  4.901223624518128E-003
 -1.288980260553476E-002  4.639927139232643E-003 -1.879671664546873E-002
 -3.525489893715258E-003 -1.668455623249822E-003  2.831553421553709E-003
 -1.783051932942462E-004 -6.612132057626847E-003 -1.180860663098870E-002
 -4.370102762527112E-003  1.029486035992733E-004  9.848185030384010E-004
  3.107187102593812E-004  3.007603271380446E-004  3.204218927129188E-004
  6.525582067671581E-003  7.535771243496074E-003 -4.593388792459019E-004
 
 Total stress tensor
     -0.000006342161     -0.000000861446     -0.000007427881
     -0.000000861845     -0.000073987557      0.000000944066
     -0.000007427046      0.000000943689     -0.000001013329
 
 Total lattice derivs
      0.008914085501      0.001210786409      0.010440095005
      0.000302836934      0.025997896983     -0.000331727928
      0.001643453755     -0.000208819074      0.000224229106
 
 Maximal derivative component:       0.215651E-01 au
 Max force for moved atoms::         0.215651E-01 au
 
 Volume:                             0.104539E+05 au^3
 Pressure:                          -0.271143E-04 au    -0.797731E+09 Pa
 
 Geometry converged
 
