 KPT            1  SPIN            1  KWEIGHT    1.00000000000000     
   -24.84459     2.00000
   -24.71085     2.00000
   -24.66247     2.00000
   -24.58736     2.00000
   -24.41245     2.00000
   -24.36779     2.00000
   -24.35244     2.00000
   -24.31067     2.00000
   -24.29402     2.00000
   -24.25190     2.00000
   -24.22474     2.00000
   -24.21175     2.00000
   -24.18166     2.00000
   -24.16699     2.00000
   -24.15639     2.00000
   -24.08395     2.00000
   -23.91758     2.00000
   -23.86513     2.00000
   -11.72773     2.00000
   -11.61953     2.00000
   -11.56718     2.00000
   -11.51643     2.00000
   -11.31834     2.00000
   -11.13692     2.00000
   -11.10753     2.00000
   -11.04378     2.00000
   -10.96602     2.00000
   -10.93362     2.00000
   -10.91028     2.00000
   -10.86786     2.00000
   -10.84840     2.00000
   -10.77237     2.00000
   -10.58404     2.00000
   -10.55499     2.00000
   -10.49863     2.00000
   -10.40784     2.00000
   -10.36386     2.00000
   -10.31977     2.00000
   -10.29840     2.00000
   -10.16826     2.00000
   -10.13685     2.00000
   -10.09089     2.00000
   -10.01552     2.00000
    -9.94158     2.00000
    -9.91489     2.00000
    -9.88692     2.00000
    -9.79652     2.00000
    -9.72456     2.00000
    -9.69036     2.00000
    -9.66800     2.00000
    -9.63193     2.00000
    -9.53265     2.00000
    -9.52373     2.00000
    -9.45579     2.00000
    -9.40753     2.00000
    -9.39686     2.00000
    -9.28889     2.00000
    -9.22489     2.00000
    -9.20161     2.00000
    -9.13282     2.00000
    -9.07521     2.00000
    -9.06628     2.00000
    -9.03643     2.00000
    -9.01924     2.00000
    -9.00699     2.00000
    -8.97303     2.00000
    -8.92300     2.00000
    -8.87653     2.00000
    -8.83624     2.00000
    -8.80557     2.00000
    -8.73179     2.00000
    -8.65187     2.00000
    -4.77497     0.00000
    -4.57942     0.00000
    -4.48329     0.00000
    -4.42964     0.00000
    -4.21441     0.00000
    -4.18654     0.00000
    -4.14737     0.00000
    -4.12749     0.00000
    -4.11585     0.00000
    -4.08789     0.00000
    -4.03454     0.00000
    -4.00896     0.00000
    -3.96366     0.00000
    -3.91249     0.00000
    -3.87811     0.00000
    -3.84196     0.00000
    -3.79793     0.00000
    -3.78549     0.00000
    -3.75631     0.00000
    -3.70362     0.00000
    -3.64184     0.00000
    -3.59232     0.00000
    -3.53496     0.00000
    -3.49385     0.00000
    -3.45805     0.00000
    -3.43531     0.00000
    -3.39565     0.00000
    -3.34994     0.00000
    -3.29490     0.00000
    -3.23891     0.00000
    -3.08976     0.00000
    -3.02422     0.00000
    -3.00321     0.00000
    -2.92180     0.00000
    -2.83087     0.00000
    -2.79249     0.00000
    -2.68491     0.00000
    -2.64978     0.00000
    -2.21171     0.00000
    -1.52293     0.00000
    -1.50123     0.00000
    -0.62109     0.00000
    -0.33094     0.00000
    -0.23413     0.00000
    -0.14315     0.00000
     0.12955     0.00000
     0.14639     0.00000
     0.36627     0.00000
     0.94753     0.00000
     2.85028     0.00000
     3.42077     0.00000
     4.00568     0.00000
     4.37236     0.00000
     4.42419     0.00000
     4.70887     0.00000
     5.14372     0.00000
     5.43083     0.00000
     6.85011     0.00000
     7.77261     0.00000
     7.96094     0.00000
     8.24444     0.00000
     8.71482     0.00000
     9.06882     0.00000
     9.62206     0.00000
    10.24958     0.00000
    10.40253     0.00000
    10.67948     0.00000
    10.92453     0.00000
    11.14443     0.00000
    11.67920     0.00000
    11.85655     0.00000
    12.13785     0.00000
    12.29758     0.00000
    12.40238     0.00000
    12.60589     0.00000
    12.78588     0.00000
    12.98338     0.00000
    13.21206     0.00000
    13.65316     0.00000
    14.28023     0.00000
    15.38868     0.00000
 
