 Fermi distribution function
 
 Coordinates of moved atoms (au):
    1      0.00000000      3.71886736     12.01815780
    2      0.00000000      0.00000000     11.33835593
    3      3.71886736      3.71886736     12.69795967
    4      0.00000000     11.15660209     12.01815780
    5      0.00000000      7.43773472     11.33835593
    6      3.71886736     11.15660209     12.69795967
    7      0.00000000     18.59433681     12.01815780
    8      0.00000000     14.87546945     11.33835593
    9      3.71886736     18.59433681     12.69795967
   10      0.00000000     26.03207153     12.01815780
   11      0.00000000     22.31320417     11.33835593
   12      3.71886736     26.03207153     12.69795967
   13      4.09538298     10.91310077     21.36233344
   14      3.70895917      3.59766718      7.37204194
   15      3.41807434     11.33573485     17.59852113
   16      3.79751078     18.45668105     16.51222963
   17      3.80849600      4.11212345     16.33452753
   18      7.41978837     25.42889233     15.93929115
   19      3.83863429     21.50344701     19.08121984
   20      0.08137867      3.59955391     16.10863606
   21      0.43151537     16.02077687     19.83536332
   22      3.71601359     24.52753629     16.38817222
   23      4.55961423      7.84341856     23.03221478
   24      7.34588883     11.40334943     15.77131216
   25      3.71670299     14.83897316     16.26489785
   26      3.87323151      7.64478198     16.31449018
   27      0.01811696     18.64681878     15.80121419
 
 COMPONENT = q
  
 Eigenvalues /H
   -0.91302173
   -0.90810710
   -0.90632904
   -0.90356902
   -0.89714089
   -0.89549992
   -0.89493574
   -0.89340076
   -0.89278895
   -0.89124104
   -0.89024278
   -0.88976536
   -0.88865976
   -0.88812048
   -0.88773113
   -0.88506881
   -0.87895509
   -0.87702730
   -0.43098622
   -0.42701006
   -0.42508610
   -0.42322099
   -0.41594140
   -0.40927433
   -0.40819437
   -0.40585133
   -0.40299365
   -0.40180310
   -0.40094541
   -0.39938667
   -0.39867132
   -0.39587726
   -0.38895636
   -0.38788877
   -0.38581773
   -0.38248105
   -0.38086468
   -0.37924475
   -0.37845908
   -0.37367654
   -0.37252255
   -0.37083354
   -0.36806362
   -0.36534630
   -0.36436553
   -0.36333748
   -0.36001549
   -0.35737105
   -0.35611430
   -0.35529253
   -0.35396688
   -0.35031837
   -0.34999051
   -0.34749397
   -0.34572019
   -0.34532839
   -0.34136032
   -0.33900852
   -0.33815282
   -0.33562507
   -0.33350791
   -0.33317962
   -0.33208278
   -0.33145086
   -0.33100081
   -0.32975274
   -0.32791428
   -0.32620639
   -0.32472577
   -0.32359883
   -0.32088755
   -0.31795032
   -0.17547708
   -0.16829076
   -0.16475794
   -0.16278629
   -0.15487677
   -0.15385251
   -0.15241310
   -0.15168264
   -0.15125462
   -0.15022737
   -0.14826647
   -0.14732652
   -0.14566193
   -0.14378119
   -0.14251779
   -0.14118934
   -0.13957148
   -0.13911437
   -0.13804181
   -0.13610568
   -0.13383507
   -0.13201528
   -0.12990745
   -0.12839667
   -0.12708103
   -0.12624549
   -0.12478777
   -0.12310810
   -0.12108534
   -0.11902776
   -0.11354653
   -0.11113794
   -0.11036582
   -0.10737428
   -0.10403269
   -0.10262205
   -0.09866877
   -0.09737759
   -0.08127880
   -0.05596683
   -0.05516926
   -0.02282482
   -0.01216182
   -0.00860421
   -0.00526074
    0.00476089
    0.00537983
    0.01346013
    0.03482121
    0.10474574
    0.12571100
    0.14720616
    0.16068116
    0.16258614
    0.17304782
    0.18902841
    0.19957916
    0.25173695
    0.28563809
    0.29255919
    0.30297749
    0.32026367
    0.33327283
    0.35360417
    0.37666500
    0.38228603
    0.39246373
    0.40146928
    0.40955046
    0.42920287
    0.43572008
    0.44605777
    0.45192762
    0.45577905
    0.46325801
    0.46987250
    0.47713050
    0.48553425
    0.50174432
    0.52478863
    0.56552367
 
 Eigenvalues /eV
  -24.84458549
  -24.71085140
  -24.66246793
  -24.58736397
  -24.41244571
  -24.36779251
  -24.35244046
  -24.31067165
  -24.29402349
  -24.25190265
  -24.22473864
  -24.21174735
  -24.18166231
  -24.16698795
  -24.15639305
  -24.08394758
  -23.91758495
  -23.86512696
  -11.72773173
  -11.61953500
  -11.56718144
  -11.51642901
  -11.31834148
  -11.13692113
  -11.10753398
  -11.04377670
  -10.96601511
  -10.93361859
  -10.91027980
  -10.86786419
  -10.84839869
  -10.77236840
  -10.58404118
  -10.55499044
  -10.49863470
  -10.40783882
  -10.36385536
  -10.31977480
  -10.29839541
  -10.16825611
  -10.13685425
  -10.09089404
  -10.01552074
   -9.94157852
   -9.91489044
   -9.88691590
   -9.79651986
   -9.72456113
   -9.69036318
   -9.66800156
   -9.63192879
   -9.53264778
   -9.52372641
   -9.45579199
   -9.40752504
   -9.39686360
   -9.28888700
   -9.22489115
   -9.20160629
   -9.13282280
   -9.07521198
   -9.06627874
   -9.03643213
   -9.01923676
   -9.00699041
   -8.97302865
   -8.92300145
   -8.87652753
   -8.83623777
   -8.80557220
   -8.73179462
   -8.65186830
   -4.77497430
   -4.57942451
   -4.48329169
   -4.42964044
   -4.21441139
   -4.18653981
   -4.14737144
   -4.12749453
   -4.11584760
   -4.08789462
   -4.03453583
   -4.00895857
   -3.96366273
   -3.91248536
   -3.87810648
   -3.84195749
   -3.79793307
   -3.78549474
   -3.75630871
   -3.70362388
   -3.64183748
   -3.59231849
   -3.53496160
   -3.49385110
   -3.45805082
   -3.43531467
   -3.39564796
   -3.34994175
   -3.29489984
   -3.23891019
   -3.08975822
   -3.02421709
   -3.00320665
   -2.92180269
   -2.83087356
   -2.79248815
   -2.68491394
   -2.64977899
   -2.21170877
   -1.52293497
   -1.50123181
   -0.62109495
   -0.33094007
   -0.23413235
   -0.14315201
    0.12955033
    0.14639258
    0.36626865
    0.94753335
    2.85027651
    3.42077046
    4.00568355
    4.37235691
    4.42419405
    4.70887071
    5.14372481
    5.43082529
    6.85011105
    7.77260786
    7.96094074
    8.24443710
    8.71481776
    9.06881505
    9.62205894
   10.24957623
   10.40253209
   10.67948147
   10.92453497
   11.14443495
   11.67920442
   11.85654671
   12.13784960
   12.29757637
   12.40237905
   12.60589192
   12.78588119
   12.98338150
   13.21205917
   13.65315751
   14.28022531
   15.38868216
 
 Fillings
     2.00000
     2.00000
     2.00000
     2.00000
     2.00000
     2.00000
     2.00000
     2.00000
     2.00000
     2.00000
     2.00000
     2.00000
     2.00000
     2.00000
     2.00000
     2.00000
     2.00000
     2.00000
     2.00000
     2.00000
     2.00000
     2.00000
     2.00000
     2.00000
     2.00000
     2.00000
     2.00000
     2.00000
     2.00000
     2.00000
     2.00000
     2.00000
     2.00000
     2.00000
     2.00000
     2.00000
     2.00000
     2.00000
     2.00000
     2.00000
     2.00000
     2.00000
     2.00000
     2.00000
     2.00000
     2.00000
     2.00000
     2.00000
     2.00000
     2.00000
     2.00000
     2.00000
     2.00000
     2.00000
     2.00000
     2.00000
     2.00000
     2.00000
     2.00000
     2.00000
     2.00000
     2.00000
     2.00000
     2.00000
     2.00000
     2.00000
     2.00000
     2.00000
     2.00000
     2.00000
     2.00000
     2.00000
     0.00000
     0.00000
     0.00000
     0.00000
     0.00000
     0.00000
     0.00000
     0.00000
     0.00000
     0.00000
     0.00000
     0.00000
     0.00000
     0.00000
     0.00000
     0.00000
     0.00000
     0.00000
     0.00000
     0.00000
     0.00000
     0.00000
     0.00000
     0.00000
     0.00000
     0.00000
     0.00000
     0.00000
     0.00000
     0.00000
     0.00000
     0.00000
     0.00000
     0.00000
     0.00000
     0.00000
     0.00000
     0.00000
     0.00000
     0.00000
     0.00000
     0.00000
     0.00000
     0.00000
     0.00000
     0.00000
     0.00000
     0.00000
     0.00000
     0.00000
     0.00000
     0.00000
     0.00000
     0.00000
     0.00000
     0.00000
     0.00000
     0.00000
     0.00000
     0.00000
     0.00000
     0.00000
     0.00000
     0.00000
     0.00000
     0.00000
     0.00000
     0.00000
     0.00000
     0.00000
     0.00000
     0.00000
     0.00000
     0.00000
     0.00000
     0.00000
     0.00000
     0.00000
     0.00000
     0.00000
     0.00000
 
 Fermi energy:                      -0.2674081182 H           -7.2765 eV
 Band energy:                      -71.7934427112 H        -1953.5990 eV
 TS:                                 0.0000000000 H            0.0000 eV
 Band free energy (E-TS):          -71.7934427112 H        -1953.5990 eV
 Extrapolated E(0K):               -71.7934427112 H        -1953.5990 eV
 
 Energy H0:                        -71.7934427112 H        -1953.5990 eV
 Total Electronic energy:          -71.7934427112 H        -1953.5990 eV
 Repulsive energy:                   1.8244387763 H           49.6455 eV
 Total energy:                     -69.9690039349 H        -1903.9535 eV
 Total Mermin free energy:         -69.9690039349 H        -1903.9535 eV
 
 Non-SCC calculation
 
 Full geometry written in geo_end.{xyz|gen}
 
 Total Forces
  1.048973809945109E-002 -5.206429958216253E-003  5.264674757097507E-003
 -2.152933140095433E-007 -1.494270071903731E-003 -1.262427820405601E-003
  3.365126826187883E-003 -1.388046864493312E-003  8.637856868842386E-003
 -5.489737226507261E-004  1.676517085185225E-003  2.941993020516009E-002
  8.436883301355713E-005 -5.549172225388962E-004 -2.477047702913356E-003
 -3.653095707214305E-003 -1.145036962337706E-003 -3.392588961043368E-002
  9.523353847853397E-005  1.517894342950079E-003  2.660731319221232E-002
  6.773387991681504E-005  1.785907157337439E-003 -5.993529705964725E-003
  1.595523618518304E-003  7.318041379415106E-003  2.586265881571577E-003
 -1.409242738690950E-004 -9.470614433758524E-005  2.946721974714937E-002
  2.945742379582328E-005 -1.441615259695740E-003 -6.458709917597272E-003
 -6.667186684959790E-004 -1.145494481539910E-002  4.931023856081809E-003
 -7.345929440419730E-003 -9.979185680055985E-003 -3.280469367634411E-002
 -1.352564245665720E-004  4.189206322514762E-004  1.152675852503465E-002
  1.440621810549283E-002 -2.915740402458365E-003 -5.104835142360015E-003
 -1.106811162506716E-002 -1.411471467892200E-002 -1.409605646266499E-002
 -1.324617518269141E-002  1.553945375365369E-002 -1.728503678793278E-002
  4.317460855153251E-004 -9.861251497186013E-003 -2.293012938853894E-005
 -2.707831088319557E-003  8.639066141371067E-003 -4.758013525737477E-002
  4.496843002943724E-004 -3.334382525204203E-003 -1.460723278371537E-002
 -7.905703457452798E-003 -6.544658382059292E-003  1.019508385232444E-002
  2.021165158220846E-003 -3.893976173290062E-003 -1.072458182291153E-003
 -1.563381151491017E-003  1.443384726849486E-002 -8.588043659103761E-003
  2.616851668011420E-003 -7.453755050015497E-003  2.823066540461432E-002
  3.484093452855415E-003  7.598581074418791E-003  2.031584977060451E-002
 -5.890290492962660E-003  1.088607488268525E-002  2.450955347364715E-002
  1.573566553876275E-002  1.106332797035075E-002 -1.041316869585000E-002
 
 Total stress tensor
     -0.000053297469      0.000003466250     -0.000011590929
      0.000003466159     -0.000107336349      0.000007770808
     -0.000011590443      0.000007770129     -0.000065520529
 
 Total lattice derivs
      0.074911087681     -0.004871911808      0.016291376404
     -0.001217945781      0.037716062644     -0.002730522289
      0.002564728412     -0.001719370911      0.014498355851
 
 Maximal derivative component:       0.475801E-01 au
 Max force for moved atoms::         0.475801E-01 au
 
 Volume:                             0.104539E+05 au^3
 Pressure:                          -0.753848E-04 au    -0.221790E+10 Pa
 
 Geometry converged
 
