 KPT            1  SPIN            1  KWEIGHT    1.00000000000000     
   -24.82395     2.00000
   -24.76272     2.00000
   -24.69742     2.00000
   -24.61536     2.00000
   -24.49781     2.00000
   -24.46234     2.00000
   -24.44181     2.00000
   -24.37956     2.00000
   -24.33502     2.00000
   -24.27634     2.00000
   -24.27006     2.00000
   -24.25993     2.00000
   -24.22160     2.00000
   -24.18672     2.00000
   -24.17433     2.00000
   -24.15974     2.00000
   -24.14648     2.00000
   -24.11218     2.00000
   -11.78774     2.00000
   -11.72630     2.00000
   -11.71448     2.00000
   -11.39184     2.00000
   -11.36399     2.00000
   -11.27036     2.00000
   -11.21276     2.00000
   -11.10776     2.00000
   -11.09107     2.00000
   -11.06270     2.00000
   -10.99480     2.00000
   -10.98234     2.00000
   -10.94223     2.00000
   -10.91586     2.00000
   -10.86929     2.00000
   -10.81977     2.00000
   -10.66522     2.00000
   -10.63336     2.00000
   -10.59927     2.00000
   -10.53800     2.00000
   -10.42834     2.00000
   -10.39067     2.00000
   -10.33483     2.00000
   -10.29283     2.00000
   -10.25562     2.00000
   -10.20165     2.00000
   -10.16248     2.00000
   -10.12011     2.00000
   -10.07905     2.00000
    -9.99536     2.00000
    -9.96689     2.00000
    -9.80059     2.00000
    -9.77581     2.00000
    -9.71934     2.00000
    -9.64508     2.00000
    -9.61500     2.00000
    -9.60144     2.00000
    -9.57617     2.00000
    -9.45556     2.00000
    -9.44832     2.00000
    -9.40788     2.00000
    -9.34666     2.00000
    -9.29502     2.00000
    -9.25098     2.00000
    -9.14952     2.00000
    -9.08155     2.00000
    -9.03095     2.00000
    -8.98992     2.00000
    -8.91931     2.00000
    -8.88794     2.00000
    -8.87422     2.00000
    -8.84287     2.00000
    -8.80597     2.00000
    -8.78523     2.00000
    -4.45194     0.00000
    -4.33453     0.00000
    -4.18874     0.00000
    -4.09067     0.00000
    -4.05992     0.00000
    -4.03742     0.00000
    -4.01365     0.00000
    -3.95428     0.00000
    -3.92574     0.00000
    -3.89310     0.00000
    -3.86002     0.00000
    -3.83833     0.00000
    -3.78375     0.00000
    -3.69315     0.00000
    -3.66230     0.00000
    -3.60635     0.00000
    -3.57466     0.00000
    -3.52197     0.00000
    -3.49344     0.00000
    -3.46653     0.00000
    -3.41599     0.00000
    -3.40843     0.00000
    -3.37230     0.00000
    -3.31773     0.00000
    -3.21027     0.00000
    -3.14082     0.00000
    -3.09314     0.00000
    -2.97210     0.00000
    -2.86562     0.00000
    -2.84561     0.00000
    -2.69361     0.00000
    -2.65588     0.00000
    -2.59958     0.00000
    -2.34902     0.00000
    -2.20942     0.00000
    -2.11542     0.00000
    -1.00283     0.00000
    -0.78696     0.00000
    -0.19464     0.00000
    -0.00266     0.00000
     0.06374     0.00000
     0.10685     0.00000
     0.17342     0.00000
     0.32639     0.00000
     0.37823     0.00000
     0.73514     0.00000
     0.92334     0.00000
     1.96424     0.00000
     4.30405     0.00000
     4.58947     0.00000
     5.04415     0.00000
     6.56065     0.00000
     6.78180     0.00000
     7.17697     0.00000
     8.43087     0.00000
     8.79269     0.00000
     8.92501     0.00000
     9.59486     0.00000
     9.73116     0.00000
    10.16126     0.00000
    10.29858     0.00000
    10.46097     0.00000
    10.64656     0.00000
    10.83907     0.00000
    10.96447     0.00000
    11.20341     0.00000
    11.49889     0.00000
    11.57392     0.00000
    11.83596     0.00000
    12.33855     0.00000
    12.60454     0.00000
    12.94316     0.00000
    13.19768     0.00000
    13.35210     0.00000
    13.73386     0.00000
    14.21537     0.00000
    14.50848     0.00000
    14.89977     0.00000
    15.48927     0.00000
    15.78135     0.00000
    17.14031     0.00000
 
