 Fermi distribution function
 
 Coordinates of moved atoms (au):
    1      0.00000000      3.71886736     12.01815780
    2      0.00000000      0.00000000     11.33835593
    3      3.71886736      3.71886736     12.69795967
    4      0.00000000     11.15660209     12.01815780
    5      0.00000000      7.43773472     11.33835593
    6      3.71886736     11.15660209     12.69795967
    7      0.00000000     18.59433681     12.01815780
    8      0.00000000     14.87546945     11.33835593
    9      3.71886736     18.59433681     12.69795967
   10      0.00000000     26.03207153     12.01815780
   11      0.00000000     22.31320417     11.33835593
   12      3.71886736     26.03207153     12.69795967
   13      3.72038253     18.80152917     16.31425678
   14      3.75916285     22.25953574     17.23774674
   15      0.00031543     18.69574916     15.70515111
   16      4.12634675      0.02222303     16.67425764
   17      4.42694098      0.60387749     20.17438852
   18      0.12972122     25.88241081     15.73713370
   19      3.27788827      9.25586312     18.65753363
   20      0.70633833      0.86843609     20.89799858
   21      3.85537133     25.98130878     16.50157149
   22      2.00208113      6.42070198     19.92859349
   23      4.69773552      4.25479116     20.34682915
   24      7.39347946     11.76494654     15.69960343
   25      3.68399394     15.37500305     17.57812322
   26      4.24697616     26.68828792     20.20488320
   27      3.65953134     12.02903895     16.32917249
 
 COMPONENT = q
  
 Eigenvalues /H
   -0.91226342
   -0.91001308
   -0.90761342
   -0.90459788
   -0.90027789
   -0.89897454
   -0.89822015
   -0.89593250
   -0.89429573
   -0.89213907
   -0.89190847
   -0.89153589
   -0.89012751
   -0.88884580
   -0.88839031
   -0.88785402
   -0.88736695
   -0.88610624
   -0.43319132
   -0.43093359
   -0.43049917
   -0.41864235
   -0.41761904
   -0.41417811
   -0.41206141
   -0.40820264
   -0.40758941
   -0.40654679
   -0.40405149
   -0.40359348
   -0.40211947
   -0.40115063
   -0.39943904
   -0.39761927
   -0.39193977
   -0.39076889
   -0.38951617
   -0.38726442
   -0.38323430
   -0.38185005
   -0.37979817
   -0.37825473
   -0.37688727
   -0.37490372
   -0.37346429
   -0.37190731
   -0.37039812
   -0.36732283
   -0.36627648
   -0.36016491
   -0.35925444
   -0.35717935
   -0.35445014
   -0.35334476
   -0.35284633
   -0.35191774
   -0.34748551
   -0.34721955
   -0.34573328
   -0.34348331
   -0.34158580
   -0.33996723
   -0.33623865
   -0.33374079
   -0.33188141
   -0.33037356
   -0.32777845
   -0.32662574
   -0.32612159
   -0.32496962
   -0.32361360
   -0.32285140
   -0.16360584
   -0.15929115
   -0.15393346
   -0.15032924
   -0.14919933
   -0.14837262
   -0.14749896
   -0.14531696
   -0.14426832
   -0.14306891
   -0.14185330
   -0.14105596
   -0.13905014
   -0.13572071
   -0.13458708
   -0.13253082
   -0.13136617
   -0.12943000
   -0.12838142
   -0.12739252
   -0.12553538
   -0.12525766
   -0.12392988
   -0.12192442
   -0.11797529
   -0.11542304
   -0.11367068
   -0.10922252
   -0.10530957
   -0.10457417
   -0.09898847
   -0.09760162
   -0.09553292
   -0.08632479
   -0.08119487
   -0.07774039
   -0.03685347
   -0.02892011
   -0.00715300
   -0.00009771
    0.00234240
    0.00392651
    0.00637309
    0.01199470
    0.01389954
    0.02701586
    0.03393194
    0.07218457
    0.15817089
    0.16865978
    0.18536926
    0.24109938
    0.24922660
    0.26374867
    0.30982886
    0.32312547
    0.32798824
    0.35260453
    0.35761353
    0.37341939
    0.37846579
    0.38443369
    0.39125387
    0.39832836
    0.40293704
    0.41171769
    0.42257654
    0.42533362
    0.43496372
    0.45343337
    0.46320834
    0.47565248
    0.48500585
    0.49068071
    0.50470995
    0.52240541
    0.53317698
    0.54755651
    0.56922030
    0.57995377
    0.62989488
 
 Eigenvalues /eV
  -24.82395068
  -24.76271592
  -24.69741780
  -24.61536073
  -24.49780777
  -24.46234191
  -24.44181399
  -24.37956364
  -24.33502493
  -24.27633931
  -24.27006438
  -24.25992588
  -24.22160204
  -24.18672481
  -24.17433018
  -24.15973705
  -24.14648322
  -24.11217749
  -11.78773563
  -11.72629961
  -11.71447848
  -11.39183786
  -11.36399240
  -11.27035975
  -11.21276149
  -11.10775907
  -11.09107217
  -11.06270094
  -10.99480056
  -10.98233737
  -10.94222742
  -10.91586399
  -10.86928923
  -10.81977097
  -10.66522377
  -10.63336255
  -10.59927424
  -10.53800113
  -10.42833581
  -10.39066846
  -10.33483393
  -10.29283486
  -10.25562434
  -10.20164930
  -10.16248041
  -10.12011270
  -10.07904566
   -9.99536264
   -9.96689019
   -9.80058583
   -9.77581081
   -9.71934462
   -9.64507897
   -9.61500023
   -9.60143702
   -9.57616892
   -9.45556169
   -9.44832464
   -9.40788113
   -9.34665636
   -9.29502246
   -9.25097888
   -9.14951907
   -9.08154892
   -9.03095278
   -8.98992196
   -8.91930538
   -8.88793864
   -8.87421987
   -8.84287325
   -8.80597413
   -8.78523356
   -4.45194131
   -4.33453266
   -4.18874250
   -4.09066683
   -4.05992040
   -4.03742453
   -4.01365086
   -3.95427578
   -3.92574073
   -3.89310324
   -3.86002476
   -3.83832809
   -3.78374696
   -3.69314835
   -3.66230090
   -3.60634707
   -3.57465545
   -3.52196955
   -3.49343614
   -3.46652680
   -3.41599145
   -3.40843423
   -3.37230358
   -3.31773231
   -3.21027091
   -3.14082083
   -3.09313660
   -2.97209606
   -2.86561912
   -2.84560782
   -2.69361345
   -2.65587511
   -2.59958298
   -2.34901694
   -2.20942495
   -2.11542364
   -1.00283397
   -0.78695624
   -0.19464295
   -0.00265886
    0.06373998
    0.10684567
    0.17342067
    0.32639242
    0.37822580
    0.73513907
    0.92333501
    1.96424212
    4.30404877
    4.58946608
    5.04415428
    6.56064797
    6.78180093
    7.17696654
    8.43087236
    8.79269129
    8.92501412
    9.59485731
    9.73115927
   10.16125850
   10.29857807
   10.46097284
   10.64655952
   10.83906629
   10.96447468
   11.20340850
   11.49889260
   11.57391659
   11.83596494
   12.33854978
   12.60454037
   12.94316249
   13.19768067
   13.35210144
   13.73385664
   14.21537457
   14.50848379
   14.89977084
   15.48927249
   15.78134504
   17.14031185
 
 Fillings
     2.00000
     2.00000
     2.00000
     2.00000
     2.00000
     2.00000
     2.00000
     2.00000
     2.00000
     2.00000
     2.00000
     2.00000
     2.00000
     2.00000
     2.00000
     2.00000
     2.00000
     2.00000
     2.00000
     2.00000
     2.00000
     2.00000
     2.00000
     2.00000
     2.00000
     2.00000
     2.00000
     2.00000
     2.00000
     2.00000
     2.00000
     2.00000
     2.00000
     2.00000
     2.00000
     2.00000
     2.00000
     2.00000
     2.00000
     2.00000
     2.00000
     2.00000
     2.00000
     2.00000
     2.00000
     2.00000
     2.00000
     2.00000
     2.00000
     2.00000
     2.00000
     2.00000
     2.00000
     2.00000
     2.00000
     2.00000
     2.00000
     2.00000
     2.00000
     2.00000
     2.00000
     2.00000
     2.00000
     2.00000
     2.00000
     2.00000
     2.00000
     2.00000
     2.00000
     2.00000
     2.00000
     2.00000
     0.00000
     0.00000
     0.00000
     0.00000
     0.00000
     0.00000
     0.00000
     0.00000
     0.00000
     0.00000
     0.00000
     0.00000
     0.00000
     0.00000
     0.00000
     0.00000
     0.00000
     0.00000
     0.00000
     0.00000
     0.00000
     0.00000
     0.00000
     0.00000
     0.00000
     0.00000
     0.00000
     0.00000
     0.00000
     0.00000
     0.00000
     0.00000
     0.00000
     0.00000
     0.00000
     0.00000
     0.00000
     0.00000
     0.00000
     0.00000
     0.00000
     0.00000
     0.00000
     0.00000
     0.00000
     0.00000
     0.00000
     0.00000
     0.00000
     0.00000
     0.00000
     0.00000
     0.00000
     0.00000
     0.00000
     0.00000
     0.00000
     0.00000
     0.00000
     0.00000
     0.00000
     0.00000
     0.00000
     0.00000
     0.00000
     0.00000
     0.00000
     0.00000
     0.00000
     0.00000
     0.00000
     0.00000
     0.00000
     0.00000
     0.00000
     0.00000
     0.00000
     0.00000
     0.00000
     0.00000
     0.00000
 
 Fermi energy:                      -0.2388191624 H           -6.4986 eV
 Band energy:                      -72.4730274425 H        -1972.0914 eV
 TS:                                 0.0000000000 H            0.0000 eV
 Band free energy (E-TS):          -72.4730274425 H        -1972.0914 eV
 Extrapolated E(0K):               -72.4730274425 H        -1972.0914 eV
 
 Energy H0:                        -72.4730274425 H        -1972.0914 eV
 Total Electronic energy:          -72.4730274425 H        -1972.0914 eV
 Repulsive energy:                   2.2331443126 H           60.7669 eV
 Total energy:                     -70.2398831299 H        -1911.3245 eV
 Total Mermin free energy:         -70.2398831299 H        -1911.3245 eV
 
 Non-SCC calculation
 
 Full geometry written in geo_end.{xyz|gen}
 
 Total Forces
 -2.914526168393891E-004 -1.204924429371338E-003  4.923960164627398E-003
  6.406847406180362E-005  1.359309793437301E-003 -1.440134734241490E-003
 -2.742817078231842E-004  7.788107098551279E-004 -5.170533490154301E-003
 -3.666408836561425E-004  1.451564679188465E-003  1.604808878432065E-002
 -1.816867077040736E-005 -7.198586470803053E-004  1.603134949155101E-004
 -2.645907717218910E-003  1.063980861190153E-003 -1.272267851172617E-002
 -1.907481135166490E-006 -1.130166921547637E-004  2.200620808209122E-002
  4.244826485914745E-005  2.923597809898610E-003 -8.512923241166995E-003
  3.890602734619633E-005  8.067099882529639E-004 -1.001305650650773E-002
  8.568407413612027E-004 -1.382054813537582E-003  1.810773377884504E-002
 -1.928482527760642E-005 -1.039072457007526E-004 -6.583979778426237E-003
  7.617874512317102E-003 -2.136906549555644E-004 -1.021748759499171E-002
 -7.153159937597631E-004 -1.619462105622237E-002 -1.399880858903367E-002
  5.614889500041440E-004  1.194162990740465E-002  2.311058892985413E-003
  5.799572047879161E-004  6.641853333119812E-004  9.109701507261231E-004
 -1.339407650211969E-003  1.147829986889962E-003 -1.388118363294402E-002
 -1.861340738680968E-003 -8.316121137795774E-003  1.293399327656486E-005
 -5.508802741779339E-004  1.864597842199690E-003  8.027237939771573E-003
  1.412300073426308E-002  4.137315705376754E-002 -2.092883448659909E-002
  5.080024597251207E-003 -4.447599719598714E-003 -1.691964045191882E-003
 -1.326567813465865E-003 -3.528770154405215E-003  4.728592764122512E-003
 -3.576662965584232E-004 -3.835230802324706E-002  1.352258035068510E-002
 -1.577306246564601E-002  1.649157429378191E-002 -1.340929544066012E-003
 -1.076245926243762E-002  9.799429100427644E-004  5.184934143582010E-003
  5.075085523647210E-004  1.400518108974385E-002 -1.058322640993231E-003
 -1.517795942492686E-004 -3.647814173818695E-003  2.431627343101331E-003
  6.984005933292091E-003 -1.862738551107673E-002  9.184596912992164E-003
 
 Total stress tensor
     -0.000043825698     -0.000005299475     -0.000002631691
     -0.000005298874     -0.000086640763     -0.000003482104
     -0.000002630545     -0.000003480380     -0.000005590940
 
 Total lattice derivs
      0.061598248859      0.007448560681      0.003698915445
      0.001861929018      0.030444005732      0.001223548804
      0.000582085917      0.000770137129      0.001237160932
 
 Maximal derivative component:       0.413732E-01 au
 Max force for moved atoms::         0.413732E-01 au
 
 Volume:                             0.104539E+05 au^3
 Pressure:                          -0.453525E-04 au    -0.133432E+10 Pa
 
 Geometry converged
 
