 KPT            1  SPIN            1  KWEIGHT    1.00000000000000     
   -24.81116     2.00000
   -24.75052     2.00000
   -24.72267     2.00000
   -24.65088     2.00000
   -24.55309     2.00000
   -24.45423     2.00000
   -24.44023     2.00000
   -24.36560     2.00000
   -24.34787     2.00000
   -24.30283     2.00000
   -24.27150     2.00000
   -24.26803     2.00000
   -24.25971     2.00000
   -24.23895     2.00000
   -24.18652     2.00000
   -24.17176     2.00000
   -24.17040     2.00000
   -24.15210     2.00000
   -11.78315     2.00000
   -11.72813     2.00000
   -11.71400     2.00000
   -11.68921     2.00000
   -11.35736     2.00000
   -11.32035     2.00000
   -11.25141     2.00000
   -11.18203     2.00000
   -11.14429     2.00000
   -11.06947     2.00000
   -11.04375     2.00000
   -11.02945     2.00000
   -10.98453     2.00000
   -10.97590     2.00000
   -10.94348     2.00000
   -10.90962     2.00000
   -10.76086     2.00000
   -10.66036     2.00000
   -10.64328     2.00000
   -10.48327     2.00000
   -10.44327     2.00000
   -10.41662     2.00000
   -10.38730     2.00000
   -10.37248     2.00000
   -10.29379     2.00000
   -10.26850     2.00000
   -10.21745     2.00000
   -10.15432     2.00000
   -10.14462     2.00000
   -10.09654     2.00000
   -10.02308     2.00000
   -10.00255     2.00000
    -9.95403     2.00000
    -9.76335     2.00000
    -9.71848     2.00000
    -9.67508     2.00000
    -9.63812     2.00000
    -9.59297     2.00000
    -9.52056     2.00000
    -9.49287     2.00000
    -9.44510     2.00000
    -9.41280     2.00000
    -9.38141     2.00000
    -9.32573     2.00000
    -9.20260     2.00000
    -9.17543     2.00000
    -9.07201     2.00000
    -9.02680     2.00000
    -9.01794     2.00000
    -8.99355     2.00000
    -8.90622     2.00000
    -8.89588     2.00000
    -8.85331     2.00000
    -8.79478     2.00000
    -4.11475     0.00000
    -4.09527     0.00000
    -4.08840     0.00000
    -4.04072     0.00000
    -3.97431     0.00000
    -3.92701     0.00000
    -3.91979     0.00000
    -3.87929     0.00000
    -3.83333     0.00000
    -3.82187     0.00000
    -3.76453     0.00000
    -3.63865     0.00000
    -3.63596     0.00000
    -3.55352     0.00000
    -3.51577     0.00000
    -3.48730     0.00000
    -3.45320     0.00000
    -3.39363     0.00000
    -3.35754     0.00000
    -3.34341     0.00000
    -3.29795     0.00000
    -3.18487     0.00000
    -3.10612     0.00000
    -3.08114     0.00000
    -3.06142     0.00000
    -2.92216     0.00000
    -2.80846     0.00000
    -2.76456     0.00000
    -2.71122     0.00000
    -2.66192     0.00000
    -2.59239     0.00000
    -2.54020     0.00000
    -2.37376     0.00000
    -2.34608     0.00000
    -2.07306     0.00000
    -1.77535     0.00000
    -1.70823     0.00000
    -0.28774     0.00000
     0.09560     0.00000
     0.12059     0.00000
     0.24292     0.00000
     0.26799     0.00000
     0.46883     0.00000
     0.57495     0.00000
     0.76154     0.00000
     3.15661     0.00000
     4.07756     0.00000
     4.50552     0.00000
     4.55905     0.00000
     5.09321     0.00000
     7.35312     0.00000
     7.51317     0.00000
     8.10434     0.00000
     8.18625     0.00000
     9.24679     0.00000
     9.37910     0.00000
     9.52265     0.00000
     9.71932     0.00000
     9.87658     0.00000
    10.08412     0.00000
    10.24948     0.00000
    10.45812     0.00000
    10.49328     0.00000
    10.61748     0.00000
    10.80020     0.00000
    10.92755     0.00000
    11.58594     0.00000
    12.20303     0.00000
    12.41451     0.00000
    12.87900     0.00000
    13.03233     0.00000
    13.26619     0.00000
    13.38021     0.00000
    13.82478     0.00000
    13.92018     0.00000
    14.36416     0.00000
    14.64942     0.00000
    15.03149     0.00000
    15.12313     0.00000
    15.62944     0.00000
    16.38814     0.00000
 
