 Fermi distribution function
 
 Coordinates of moved atoms (au):
    1      0.00000000      3.71886736     12.01815780
    2      0.00000000      0.00000000     11.33835593
    3      3.71886736      3.71886736     12.69795967
    4      0.00000000     11.15660209     12.01815780
    5      0.00000000      7.43773472     11.33835593
    6      3.71886736     11.15660209     12.69795967
    7      0.00000000     18.59433681     12.01815780
    8      0.00000000     14.87546945     11.33835593
    9      3.71886736     18.59433681     12.69795967
   10      0.00000000     26.03207153     12.01815780
   11      0.00000000     22.31320417     11.33835593
   12      3.71886736     26.03207153     12.69795967
   13      3.75138292      8.08159936     17.50763249
   14      3.86656039     21.67996587     17.58891370
   15      3.71778432     14.90157643     17.60687257
   16      0.02137632     18.36440227     15.73709457
   17      3.84973294     25.04053977     16.32372340
   18      3.72975419     18.28538874     16.30904761
   19      3.79590113      4.74795826     16.33407022
   20      3.98281953      0.01831212     21.35686256
   21      0.28208701      0.34620248     22.49078994
   22      0.00105829     11.42726912     15.74135009
   23      0.08679894      4.34793435     15.71824944
   24      4.16142510     27.09159661     19.27028603
   25      0.12773672     25.41301757     15.72614442
   26      3.71740124     11.50364242     16.32297068
   27      3.93349186      2.71403453     19.29321494
 
 COMPONENT = q
  
 Eigenvalues /H
   -0.91179336
   -0.90956499
   -0.90854141
   -0.90590323
   -0.90230957
   -0.89867647
   -0.89816188
   -0.89541946
   -0.89476787
   -0.89311262
   -0.89196120
   -0.89183388
   -0.89152801
   -0.89076501
   -0.88883844
   -0.88829579
   -0.88824605
   -0.88757352
   -0.43302275
   -0.43100094
   -0.43048174
   -0.42957068
   -0.41737530
   -0.41601532
   -0.41348170
   -0.41093204
   -0.40954496
   -0.40679538
   -0.40585035
   -0.40532484
   -0.40367395
   -0.40335704
   -0.40216560
   -0.40092116
   -0.39545439
   -0.39176106
   -0.39113324
   -0.38525314
   -0.38378301
   -0.38280367
   -0.38172639
   -0.38118167
   -0.37828971
   -0.37736042
   -0.37548425
   -0.37316427
   -0.37280795
   -0.37104097
   -0.36834145
   -0.36758695
   -0.36580388
   -0.35879637
   -0.35714760
   -0.35555264
   -0.35419439
   -0.35253530
   -0.34987422
   -0.34885670
   -0.34710090
   -0.34591390
   -0.34476064
   -0.34271418
   -0.33818940
   -0.33719070
   -0.33339039
   -0.33172896
   -0.33140318
   -0.33050672
   -0.32729763
   -0.32691740
   -0.32535332
   -0.32320219
   -0.15121438
   -0.15049846
   -0.15024590
   -0.14849369
   -0.14605306
   -0.14431482
   -0.14404981
   -0.14256130
   -0.14087234
   -0.14045102
   -0.13834395
   -0.13371779
   -0.13361904
   -0.13058934
   -0.12920203
   -0.12815606
   -0.12690292
   -0.12471359
   -0.12338747
   -0.12286814
   -0.12119752
   -0.11704164
   -0.11414776
   -0.11322984
   -0.11250518
   -0.10738726
   -0.10320909
   -0.10159558
   -0.09963550
   -0.09782374
   -0.09526843
   -0.09335074
   -0.08723414
   -0.08621700
   -0.07618346
   -0.06524286
   -0.06277618
   -0.01057438
    0.00351336
    0.00443148
    0.00892706
    0.00984846
    0.01722906
    0.02112897
    0.02798614
    0.11600338
    0.14984772
    0.16557469
    0.16754185
    0.18717212
    0.27022227
    0.27610405
    0.29782906
    0.30083908
    0.33981343
    0.34467546
    0.34995104
    0.35717862
    0.36295774
    0.37058455
    0.37666136
    0.38432884
    0.38562099
    0.39018533
    0.39690010
    0.40158021
    0.42577532
    0.44845293
    0.45622469
    0.47329459
    0.47892929
    0.48752344
    0.49171375
    0.50805118
    0.51155735
    0.52787315
    0.53835645
    0.55239697
    0.55576471
    0.57437139
    0.60225308
 
 Eigenvalues /eV
  -24.81115961
  -24.75052256
  -24.72266960
  -24.65088117
  -24.55309278
  -24.45423089
  -24.44022834
  -24.36560310
  -24.34787252
  -24.30283091
  -24.27149922
  -24.26803463
  -24.25971154
  -24.23894914
  -24.18652457
  -24.17175833
  -24.17040469
  -24.15210432
  -11.78314849
  -11.72813219
  -11.71400427
  -11.68921300
  -11.35735983
  -11.32035278
  -11.25140963
  -11.18202961
  -11.14428544
  -11.06946549
  -11.04375002
  -11.02945010
  -10.98452700
  -10.97590351
  -10.94348271
  -10.90961997
  -10.76086134
  -10.66036078
  -10.64327690
  -10.48327126
  -10.44326695
  -10.41661791
  -10.38730345
  -10.37248097
  -10.29378674
  -10.26849959
  -10.21744628
  -10.15431636
  -10.14462053
  -10.09653859
  -10.02308094
  -10.00254981
   -9.95403010
   -9.76334594
   -9.71848067
   -9.67507968
   -9.63811976
   -9.59297357
   -9.52056193
   -9.49287388
   -9.44509618
   -9.41279623
   -9.38141432
   -9.32572733
   -9.20260172
   -9.17542582
   -9.07201418
   -9.02680435
   -9.01793941
   -8.99354532
   -8.90622156
   -8.89587513
   -8.85331431
   -8.79477893
   -4.11475264
   -4.09527148
   -4.08839890
   -4.04071882
   -3.97430593
   -3.92700618
   -3.91979481
   -3.87929047
   -3.83333137
   -3.82186681
   -3.76453051
   -3.63864633
   -3.63595919
   -3.55351680
   -3.51576611
   -3.48730384
   -3.45320405
   -3.39362938
   -3.35754386
   -3.34341225
   -3.29795245
   -3.18486508
   -3.10611868
   -3.08114067
   -3.06142167
   -2.92215612
   -2.80846234
   -2.76455652
   -2.71121986
   -2.66191936
   -2.59238592
   -2.54020281
   -2.37376175
   -2.34608388
   -2.07305751
   -1.77534854
   -1.70822664
   -0.28774350
    0.09560351
    0.12058680
    0.24291764
    0.26799036
    0.46882649
    0.57494855
    0.76154160
    3.15661249
    4.07756399
    4.50551649
    4.55904565
    5.09321264
    7.35312210
    7.51317359
    8.10434110
    8.18624776
    9.24679399
    9.37909656
    9.52265233
    9.71932479
    9.87658267
   10.08411866
   10.24947716
   10.45811977
   10.49328097
   10.61748301
   10.80020111
   10.92755343
   11.58593590
   12.20302518
   12.41450550
   12.87900120
   13.03232905
   13.26618785
   13.38021199
   13.82477605
   13.92018382
   14.36415922
   14.64942423
   15.03148630
   15.12312733
   15.62944084
   16.38814017
 
 Fillings
     2.00000
     2.00000
     2.00000
     2.00000
     2.00000
     2.00000
     2.00000
     2.00000
     2.00000
     2.00000
     2.00000
     2.00000
     2.00000
     2.00000
     2.00000
     2.00000
     2.00000
     2.00000
     2.00000
     2.00000
     2.00000
     2.00000
     2.00000
     2.00000
     2.00000
     2.00000
     2.00000
     2.00000
     2.00000
     2.00000
     2.00000
     2.00000
     2.00000
     2.00000
     2.00000
     2.00000
     2.00000
     2.00000
     2.00000
     2.00000
     2.00000
     2.00000
     2.00000
     2.00000
     2.00000
     2.00000
     2.00000
     2.00000
     2.00000
     2.00000
     2.00000
     2.00000
     2.00000
     2.00000
     2.00000
     2.00000
     2.00000
     2.00000
     2.00000
     2.00000
     2.00000
     2.00000
     2.00000
     2.00000
     2.00000
     2.00000
     2.00000
     2.00000
     2.00000
     2.00000
     2.00000
     2.00000
     0.00000
     0.00000
     0.00000
     0.00000
     0.00000
     0.00000
     0.00000
     0.00000
     0.00000
     0.00000
     0.00000
     0.00000
     0.00000
     0.00000
     0.00000
     0.00000
     0.00000
     0.00000
     0.00000
     0.00000
     0.00000
     0.00000
     0.00000
     0.00000
     0.00000
     0.00000
     0.00000
     0.00000
     0.00000
     0.00000
     0.00000
     0.00000
     0.00000
     0.00000
     0.00000
     0.00000
     0.00000
     0.00000
     0.00000
     0.00000
     0.00000
     0.00000
     0.00000
     0.00000
     0.00000
     0.00000
     0.00000
     0.00000
     0.00000
     0.00000
     0.00000
     0.00000
     0.00000
     0.00000
     0.00000
     0.00000
     0.00000
     0.00000
     0.00000
     0.00000
     0.00000
     0.00000
     0.00000
     0.00000
     0.00000
     0.00000
     0.00000
     0.00000
     0.00000
     0.00000
     0.00000
     0.00000
     0.00000
     0.00000
     0.00000
     0.00000
     0.00000
     0.00000
     0.00000
     0.00000
     0.00000
 
 Fermi energy:                      -0.1547701374 H           -4.2115 eV
 Band energy:                      -72.7248193261 H        -1978.9430 eV
 TS:                                 0.0000000000 H            0.0000 eV
 Band free energy (E-TS):          -72.7248193261 H        -1978.9430 eV
 Extrapolated E(0K):               -72.7248193261 H        -1978.9430 eV
 
 Energy H0:                        -72.7248193261 H        -1978.9430 eV
 Total Electronic energy:          -72.7248193261 H        -1978.9430 eV
 Repulsive energy:                   2.3606105614 H           64.2355 eV
 Total energy:                     -70.3642087647 H        -1914.7075 eV
 Total Mermin free energy:         -70.3642087647 H        -1914.7075 eV
 
 Non-SCC calculation
 
 Full geometry written in geo_end.{xyz|gen}
 
 Total Forces
  6.083496940821496E-004  1.042040539803644E-003  1.805547387496068E-002
  5.840609221129465E-005 -5.826731885582162E-005 -1.057509257476837E-003
  4.774099993508778E-003  2.317342604407240E-003 -6.629448802247397E-003
  2.589551760262014E-005  6.733283396132489E-004  1.616622934199301E-002
 -8.386808337562227E-005  3.547679894014058E-003 -7.646224735867485E-003
  3.456557176903146E-005  3.209471770883234E-003 -4.626573675333062E-003
  1.626820978292997E-004 -5.059699452621197E-004  1.620178878081638E-002
 -9.741820950488837E-006  1.391235686749838E-004 -7.739401999012161E-003
  1.124613497212169E-003 -2.371467941493262E-003 -8.400883154799310E-003
  9.268758113783514E-004 -1.255219316748175E-003  1.916440313032342E-002
 -1.160114088011278E-004 -3.302915515319851E-003 -7.657391702955128E-003
  7.002196460909457E-003 -8.313999837541684E-004 -1.128980988330158E-002
 -9.064888509283304E-005  1.626868218367992E-002 -3.440997307004867E-004
 -3.306431232319693E-003 -6.022687415300560E-003 -7.594804959259155E-003
  5.658290721145037E-004 -1.604207869410388E-003 -6.325707410889780E-003
 -3.667595908511688E-003 -1.589739164393332E-003  4.552382107776670E-003
 -5.576572114940736E-004 -1.570047548317303E-003  1.492570462842278E-002
  4.581781915688588E-003  4.607050167354784E-003 -4.656915006713530E-003
  4.890010101006664E-003 -1.081648688511313E-002  1.269821649961533E-003
 -2.735111544701581E-003  4.601395214962211E-003  2.107743210989144E-002
  3.867256087568206E-003 -9.686606291447918E-003 -5.875692022739486E-003
 -6.312666597828639E-004  1.568761518588036E-003  4.976063513947929E-003
 -8.597209337232870E-003  1.009240138778265E-004  3.075831730770667E-003
 -7.173431926223155E-003 -1.415129878337570E-002 -1.294250946870602E-002
 -1.012666087402810E-003 -3.717559727917570E-004  9.395004560933604E-004
  1.111931562320800E-003 -1.194515868826723E-003 -1.052050319845062E-002
 -1.752853369313104E-003  1.725678600455108E-002 -1.709715631650575E-002
 
 Total stress tensor
     -0.000034841883     -0.000000007493     -0.000006225588
     -0.000000007558     -0.000089580288     -0.000002612224
     -0.000006225403     -0.000002611519     -0.000010747294
 
 Total lattice derivs
      0.048971244783      0.000010531899      0.008750238732
      0.000002655590      0.031476901975      0.000917888526
      0.001377554684      0.000577875765      0.002378156858
 
 Maximal derivative component:       0.210774E-01 au
 Max force for moved atoms::         0.210774E-01 au
 
 Volume:                             0.104539E+05 au^3
 Pressure:                          -0.450565E-04 au    -0.132561E+10 Pa
 
 Geometry converged
 
