 KPT            1  SPIN            1  KWEIGHT    1.00000000000000     
   -24.81756     2.00000
   -24.75300     2.00000
   -24.72754     2.00000
   -24.64818     2.00000
   -24.57440     2.00000
   -24.46264     2.00000
   -24.44194     2.00000
   -24.36876     2.00000
   -24.35962     2.00000
   -24.30490     2.00000
   -24.26961     2.00000
   -24.26739     2.00000
   -24.26111     2.00000
   -24.25380     2.00000
   -24.19128     2.00000
   -24.18253     2.00000
   -24.17720     2.00000
   -24.15870     2.00000
   -11.78205     2.00000
   -11.72437     2.00000
   -11.71554     2.00000
   -11.68891     2.00000
   -11.36258     2.00000
   -11.34763     2.00000
   -11.28094     2.00000
   -11.18200     2.00000
   -11.16649     2.00000
   -11.08880     2.00000
   -11.05741     2.00000
   -11.05549     2.00000
   -10.98634     2.00000
   -10.97840     2.00000
   -10.95924     2.00000
   -10.93006     2.00000
   -10.90270     2.00000
   -10.68173     2.00000
   -10.64494     2.00000
   -10.49882     2.00000
   -10.47352     2.00000
   -10.43705     2.00000
   -10.42796     2.00000
   -10.39822     2.00000
   -10.31968     2.00000
   -10.29504     2.00000
   -10.24835     2.00000
   -10.16190     2.00000
   -10.15531     2.00000
   -10.10466     2.00000
   -10.08249     2.00000
   -10.02579     2.00000
    -9.98656     2.00000
    -9.79175     2.00000
    -9.75283     2.00000
    -9.68258     2.00000
    -9.64726     2.00000
    -9.60107     2.00000
    -9.51005     2.00000
    -9.48890     2.00000
    -9.44208     2.00000
    -9.40692     2.00000
    -9.39609     2.00000
    -9.30743     2.00000
    -9.19693     2.00000
    -9.11547     2.00000
    -9.03952     2.00000
    -9.01975     2.00000
    -9.00106     2.00000
    -8.98894     2.00000
    -8.90992     2.00000
    -8.88976     2.00000
    -8.84642     2.00000
    -8.78039     2.00000
    -4.11402     0.00000
    -4.09772     0.00000
    -4.06880     0.00000
    -4.04792     0.00000
    -3.97440     0.00000
    -3.92010     0.00000
    -3.91663     0.00000
    -3.86748     0.00000
    -3.82513     0.00000
    -3.80867     0.00000
    -3.78928     0.00000
    -3.63053     0.00000
    -3.62758     0.00000
    -3.53733     0.00000
    -3.50946     0.00000
    -3.49927     0.00000
    -3.43472     0.00000
    -3.38746     0.00000
    -3.34828     0.00000
    -3.31657     0.00000
    -3.27922     0.00000
    -3.17140     0.00000
    -3.09321     0.00000
    -3.06296     0.00000
    -3.00852     0.00000
    -2.84214     0.00000
    -2.75201     0.00000
    -2.70898     0.00000
    -2.67480     0.00000
    -2.66641     0.00000
    -2.52657     0.00000
    -2.49813     0.00000
    -2.29631     0.00000
    -2.26901     0.00000
    -1.94648     0.00000
    -1.71645     0.00000
    -1.48734     0.00000
    -0.27655     0.00000
     0.15280     0.00000
     0.16272     0.00000
     0.29956     0.00000
     0.34484     0.00000
     0.50786     0.00000
     0.71458     0.00000
     0.91138     0.00000
     3.65891     0.00000
     4.05919     0.00000
     4.48473     0.00000
     4.52659     0.00000
     5.05835     0.00000
     7.72241     0.00000
     7.77351     0.00000
     8.22236     0.00000
     8.27707     0.00000
     9.37374     0.00000
     9.44389     0.00000
     9.83069     0.00000
     9.88887     0.00000
    10.20454     0.00000
    10.42155     0.00000
    10.44826     0.00000
    10.58359     0.00000
    10.78844     0.00000
    10.86393     0.00000
    10.91622     0.00000
    11.69820     0.00000
    11.82622     0.00000
    12.28925     0.00000
    12.54696     0.00000
    13.05931     0.00000
    13.13203     0.00000
    13.48615     0.00000
    13.58866     0.00000
    13.87502     0.00000
    14.13401     0.00000
    14.71270     0.00000
    14.80105     0.00000
    15.20484     0.00000
    15.29872     0.00000
    15.74050     0.00000
    16.81345     0.00000
 
