 Fermi distribution function
 
 Coordinates of moved atoms (au):
    1      0.00000000      3.71886736     12.01815780
    2      0.00000000      0.00000000     11.33835593
    3      3.71886736      3.71886736     12.69795967
    4      0.00000000     11.15660209     12.01815780
    5      0.00000000      7.43773472     11.33835593
    6      3.71886736     11.15660209     12.69795967
    7      0.00000000     18.59433681     12.01815780
    8      0.00000000     14.87546945     11.33835593
    9      3.71886736     18.59433681     12.69795967
   10      0.00000000     26.03207153     12.01815780
   11      0.00000000     22.31320417     11.33835593
   12      3.71886736     26.03207153     12.69795967
   13      7.43707198      4.06377152     15.75068962
   14      3.69360496     22.30149405     21.24537285
   15      3.71111791     27.10732959     16.28995004
   16      3.71891123      4.08704412     16.27489610
   17      7.41222516     22.32387142     22.02636149
   18      3.72808454      0.71175693     17.52329695
   19      7.42865864     26.78666884     15.69350721
   20      3.70600324      7.44440591     17.60601004
   21      7.43451877     10.81537188     15.75167978
   22      3.71285257     19.58003803     19.21672215
   23      3.71685151     17.53848603     16.29559163
   24      3.72274894     10.78807515     16.28321384
   25      7.43370643     17.88504760     15.70059186
   26      3.65429397     24.94346633     19.09444618
   27      3.71528471     14.17854697     17.49054746
 
 COMPONENT = q
  
 Eigenvalues /H
   -0.91202842
   -0.90965590
   -0.90872053
   -0.90580402
   -0.90309245
   -0.89898545
   -0.89822477
   -0.89553542
   -0.89519961
   -0.89318848
   -0.89189181
   -0.89181017
   -0.89157926
   -0.89131081
   -0.88901338
   -0.88869170
   -0.88849564
   -0.88781580
   -0.43298226
   -0.43086285
   -0.43053828
   -0.42955938
   -0.41756724
   -0.41701766
   -0.41456679
   -0.41093089
   -0.41036079
   -0.40750595
   -0.40635246
   -0.40628197
   -0.40374053
   -0.40344894
   -0.40274459
   -0.40167227
   -0.40066696
   -0.39254626
   -0.39119444
   -0.38582456
   -0.38489493
   -0.38355435
   -0.38322047
   -0.38212768
   -0.37924134
   -0.37833579
   -0.37662001
   -0.37344285
   -0.37320063
   -0.37133933
   -0.37052481
   -0.36844090
   -0.36699923
   -0.35984024
   -0.35840989
   -0.35582834
   -0.35453028
   -0.35283291
   -0.34948779
   -0.34871050
   -0.34698990
   -0.34569807
   -0.34530013
   -0.34204160
   -0.33798099
   -0.33498722
   -0.33219629
   -0.33146959
   -0.33078285
   -0.33033735
   -0.32743347
   -0.32669266
   -0.32510005
   -0.32267354
   -0.15118744
   -0.15058840
   -0.14952560
   -0.14875844
   -0.14605657
   -0.14406087
   -0.14393345
   -0.14212712
   -0.14057082
   -0.13996613
   -0.13925340
   -0.13341952
   -0.13331120
   -0.12999437
   -0.12897037
   -0.12859579
   -0.12622372
   -0.12448680
   -0.12304703
   -0.12188176
   -0.12050929
   -0.11654684
   -0.11367333
   -0.11256155
   -0.11056122
   -0.10444663
   -0.10113460
   -0.09955334
   -0.09829725
   -0.09798873
   -0.09284991
   -0.09180475
   -0.08438799
   -0.08338461
   -0.07153189
   -0.06307833
   -0.05465874
   -0.01016288
    0.00561529
    0.00597980
    0.01100845
    0.01267260
    0.01866363
    0.02626022
    0.03349267
    0.13446245
    0.14917240
    0.16481067
    0.16634913
    0.18589105
    0.28379348
    0.28567113
    0.30216625
    0.30417672
    0.34447853
    0.34705650
    0.36127113
    0.36340945
    0.37500998
    0.38298500
    0.38396661
    0.38893979
    0.39646799
    0.39924207
    0.40116367
    0.42990089
    0.43460551
    0.45162162
    0.46109215
    0.47992076
    0.48259313
    0.49560684
    0.49937401
    0.50989770
    0.51941524
    0.54068170
    0.54392874
    0.55876776
    0.56221746
    0.57845272
    0.61788300
 
 Eigenvalues /eV
  -24.81755593
  -24.75299642
  -24.72754374
  -24.64818144
  -24.57439583
  -24.46263886
  -24.44193960
  -24.36875851
  -24.35962071
  -24.30489511
  -24.26961111
  -24.26738947
  -24.26110604
  -24.25380128
  -24.19128478
  -24.18253166
  -24.17719658
  -24.15869703
  -11.78204682
  -11.72437474
  -11.71554273
  -11.68890549
  -11.36258266
  -11.34762791
  -11.28093645
  -11.18199857
  -11.16648526
  -11.08880111
  -11.05741310
  -11.05549480
  -10.98633887
  -10.97840426
  -10.95923792
  -10.93005845
  -10.90270277
  -10.68172727
  -10.64494231
  -10.49882052
  -10.47352403
  -10.43704502
  -10.42795950
  -10.39822316
  -10.31968179
  -10.29504057
  -10.24835188
  -10.16189698
  -10.15530584
  -10.10465730
  -10.08249308
  -10.02578706
   -9.98655704
   -9.79175112
   -9.75282931
   -9.68258170
   -9.64725963
   -9.60107184
   -9.51004667
   -9.48889542
   -9.44207569
   -9.40692314
   -9.39609452
   -9.30742549
   -9.19693073
   -9.11546602
   -9.03952110
   -9.01974642
   -9.00105940
   -8.98893653
   -8.90991813
   -8.88975946
   -8.84642237
   -8.78039384
   -4.11401962
   -4.09771890
   -4.06879859
   -4.04792315
   -3.97440135
   -3.92009560
   -3.91662845
   -3.86747559
   -3.82512659
   -3.80867222
   -3.78927768
   -3.63052989
   -3.62758238
   -3.53732672
   -3.50946246
   -3.49926956
   -3.43472219
   -3.38745816
   -3.34828005
   -3.31657135
   -3.27922466
   -3.17140087
   -3.09320878
   -3.06295559
   -3.00852384
   -2.84213739
   -2.75201244
   -2.70898420
   -2.67480424
   -2.66640903
   -2.52657464
   -2.49813440
   -2.29631403
   -2.26901059
   -1.94648171
   -1.71644869
   -1.48733993
   -0.27654601
    0.15279983
    0.16271864
    0.29955517
    0.34483891
    0.50786315
    0.71457699
    0.91138180
    3.65890933
    4.05918760
    4.48472660
    4.52659019
    5.05835282
    7.72241353
    7.77350688
    8.22236202
    8.27706970
    9.37373771
    9.44388785
    9.83068754
    9.88887422
   10.20454087
   10.42155205
   10.44826312
   10.58359009
   10.78844285
   10.86392952
   10.91621892
   11.69819849
   11.82621751
   12.28924955
   12.54695591
   13.05930840
   13.13202718
   13.48614826
   13.58865831
   13.87502245
   14.13400777
   14.71269750
   14.80105411
   15.20484438
   15.29871545
   15.74049932
   16.81345199
 
 Fillings
     2.00000
     2.00000
     2.00000
     2.00000
     2.00000
     2.00000
     2.00000
     2.00000
     2.00000
     2.00000
     2.00000
     2.00000
     2.00000
     2.00000
     2.00000
     2.00000
     2.00000
     2.00000
     2.00000
     2.00000
     2.00000
     2.00000
     2.00000
     2.00000
     2.00000
     2.00000
     2.00000
     2.00000
     2.00000
     2.00000
     2.00000
     2.00000
     2.00000
     2.00000
     2.00000
     2.00000
     2.00000
     2.00000
     2.00000
     2.00000
     2.00000
     2.00000
     2.00000
     2.00000
     2.00000
     2.00000
     2.00000
     2.00000
     2.00000
     2.00000
     2.00000
     2.00000
     2.00000
     2.00000
     2.00000
     2.00000
     2.00000
     2.00000
     2.00000
     2.00000
     2.00000
     2.00000
     2.00000
     2.00000
     2.00000
     2.00000
     2.00000
     2.00000
     2.00000
     2.00000
     2.00000
     2.00000
     0.00000
     0.00000
     0.00000
     0.00000
     0.00000
     0.00000
     0.00000
     0.00000
     0.00000
     0.00000
     0.00000
     0.00000
     0.00000
     0.00000
     0.00000
     0.00000
     0.00000
     0.00000
     0.00000
     0.00000
     0.00000
     0.00000
     0.00000
     0.00000
     0.00000
     0.00000
     0.00000
     0.00000
     0.00000
     0.00000
     0.00000
     0.00000
     0.00000
     0.00000
     0.00000
     0.00000
     0.00000
     0.00000
     0.00000
     0.00000
     0.00000
     0.00000
     0.00000
     0.00000
     0.00000
     0.00000
     0.00000
     0.00000
     0.00000
     0.00000
     0.00000
     0.00000
     0.00000
     0.00000
     0.00000
     0.00000
     0.00000
     0.00000
     0.00000
     0.00000
     0.00000
     0.00000
     0.00000
     0.00000
     0.00000
     0.00000
     0.00000
     0.00000
     0.00000
     0.00000
     0.00000
     0.00000
     0.00000
     0.00000
     0.00000
     0.00000
     0.00000
     0.00000
     0.00000
     0.00000
     0.00000
 
 Fermi energy:                      -0.2439421704 H           -6.6380 eV
 Band energy:                      -72.7773493403 H        -1980.3724 eV
 TS:                                 0.0000000000 H            0.0000 eV
 Band free energy (E-TS):          -72.7773493403 H        -1980.3724 eV
 Extrapolated E(0K):               -72.7773493403 H        -1980.3724 eV
 
 Energy H0:                        -72.7773493403 H        -1980.3724 eV
 Total Electronic energy:          -72.7773493403 H        -1980.3724 eV
 Repulsive energy:                   2.4075413571 H           65.5125 eV
 Total energy:                     -70.3698079833 H        -1914.8599 eV
 Total Mermin free energy:         -70.3698079833 H        -1914.8599 eV
 
 Non-SCC calculation
 
 Full geometry written in geo_end.{xyz|gen}
 
 Total Forces
  2.162241577637086E-005  2.850786201147003E-004  5.917775405409054E-003
  1.229558476006576E-005  4.587640488521390E-003 -8.483170120179042E-003
 -3.749022991755515E-005  1.461876960560516E-003 -2.032560883095366E-002
  2.933266098797328E-003 -9.480899869245846E-004  1.362171002625032E-002
  4.107163294685836E-006  4.404919164678244E-006 -8.579041303392546E-003
 -1.307628706203853E-004 -2.064702347911264E-003 -1.643114586174538E-002
 -2.903946567974045E-005 -1.299788213116229E-003  1.696204691090442E-002
  6.112619871748474E-006 -4.288390719152402E-003 -8.098782569818011E-003
 -2.093601513017590E-004  9.446150673573725E-005 -1.322857440368900E-002
 -7.902642819877369E-005  1.584942518387578E-003  1.707485460050319E-002
 -4.077245004794802E-006  1.824694766327034E-005 -5.993135485135095E-004
 -4.899442476544099E-004 -7.842206463170437E-006 -1.297504460602853E-002
  2.294435481456517E-004 -6.102590751107962E-004  2.003093576393278E-003
 -1.857821007960410E-004  8.457915846657362E-003  1.176932955211590E-002
 -6.775820042031124E-004  4.381234189179028E-003 -1.911556717909380E-003
 -2.667057890630969E-004  2.557281864961829E-003  1.349627249995346E-002
 -2.077352369229809E-004  8.488954627296999E-005  4.960713787450593E-003
 -4.230428058542412E-004  3.365915879114868E-003  1.049160739115026E-003
  6.917127014586512E-004 -1.043357973447674E-003  2.664335664276547E-003
  4.278243867870861E-004 -6.595485259646541E-003  1.010826624789601E-003
  2.273320692914130E-003  6.344559051885430E-004  1.966893981434931E-003
 -1.333283328926913E-004 -1.298844231967522E-002 -6.821305347189219E-003
 -1.184434756962516E-003 -1.825525625610114E-003 -2.058649331317386E-004
 -5.251379933074505E-003  4.891021699852952E-003 -1.504150848074030E-003
  1.386031302448169E-003  1.076093465519471E-003  3.121965537423048E-003
  1.317863242056225E-003  3.594576250694717E-003  1.561678478831719E-003
  6.091841836506002E-006 -5.408152881531474E-003  1.982901705772880E-003
 
 Total stress tensor
     -0.000020400031      0.000000208190     -0.000000998387
      0.000000208189     -0.000068944201      0.000000498815
     -0.000000998490      0.000000498653      0.000018679764
 
 Total lattice derivs
      0.028672815938     -0.000292616257      0.001403260740
     -0.000073154043      0.024225752283     -0.000175274755
      0.000220945456     -0.000110341751     -0.004133450636
 
 Maximal derivative component:       0.203256E-01 au
 Max force for moved atoms::         0.203256E-01 au
 
 Volume:                             0.104539E+05 au^3
 Pressure:                          -0.235548E-04 au    -0.693007E+09 Pa
 
 Geometry converged
 
