 KPT            1  SPIN            1  KWEIGHT    1.00000000000000     
   -24.79786     2.00000
   -24.71565     2.00000
   -24.69312     2.00000
   -24.60185     2.00000
   -24.55048     2.00000
   -24.47371     2.00000
   -24.43101     2.00000
   -24.37479     2.00000
   -24.35295     2.00000
   -24.30305     2.00000
   -24.27670     2.00000
   -24.26362     2.00000
   -24.25423     2.00000
   -24.24221     2.00000
   -24.20619     2.00000
   -24.17417     2.00000
   -24.16649     2.00000
   -24.14263     2.00000
   -11.75285     2.00000
   -11.69957     2.00000
   -11.59877     2.00000
   -11.51173     2.00000
   -11.36499     2.00000
   -11.29354     2.00000
   -11.18968     2.00000
   -11.15972     2.00000
   -11.13649     2.00000
   -11.10325     2.00000
   -11.04311     2.00000
   -10.99629     2.00000
   -10.97130     2.00000
   -10.93714     2.00000
   -10.90230     2.00000
   -10.87971     2.00000
   -10.85440     2.00000
   -10.69010     2.00000
   -10.62916     2.00000
   -10.60946     2.00000
   -10.46233     2.00000
   -10.42075     2.00000
   -10.36107     2.00000
   -10.34743     2.00000
   -10.33269     2.00000
   -10.26636     2.00000
   -10.17117     2.00000
   -10.13774     2.00000
   -10.12142     2.00000
   -10.02706     2.00000
    -9.97209     2.00000
    -9.93230     2.00000
    -9.87774     2.00000
    -9.75683     2.00000
    -9.70580     2.00000
    -9.65432     2.00000
    -9.63018     2.00000
    -9.52882     2.00000
    -9.49428     2.00000
    -9.44122     2.00000
    -9.43185     2.00000
    -9.40208     2.00000
    -9.38460     2.00000
    -9.30849     2.00000
    -9.18325     2.00000
    -9.11863     2.00000
    -9.04200     2.00000
    -9.02154     2.00000
    -8.99527     2.00000
    -8.96563     2.00000
    -8.88525     2.00000
    -8.86278     2.00000
    -8.83782     2.00000
    -8.77424     2.00000
    -4.20284     0.00000
    -4.11572     0.00000
    -4.09284     0.00000
    -4.05726     0.00000
    -4.02039     0.00000
    -3.98789     0.00000
    -3.94209     0.00000
    -3.91012     0.00000
    -3.88794     0.00000
    -3.85232     0.00000
    -3.82192     0.00000
    -3.74738     0.00000
    -3.62490     0.00000
    -3.58480     0.00000
    -3.55258     0.00000
    -3.53439     0.00000
    -3.48922     0.00000
    -3.42744     0.00000
    -3.41358     0.00000
    -3.38003     0.00000
    -3.34028     0.00000
    -3.30058     0.00000
    -3.21750     0.00000
    -3.16698     0.00000
    -3.08023     0.00000
    -3.03102     0.00000
    -2.96150     0.00000
    -2.86239     0.00000
    -2.77123     0.00000
    -2.72306     0.00000
    -2.64605     0.00000
    -2.62387     0.00000
    -2.48038     0.00000
    -2.40063     0.00000
    -2.11233     0.00000
    -1.96545     0.00000
    -1.75165     0.00000
    -0.88060     0.00000
    -0.34233     0.00000
     0.01090     0.00000
     0.14169     0.00000
     0.27620     0.00000
     0.43553     0.00000
     0.76635     0.00000
     0.96660     0.00000
     3.31517     0.00000
     3.59188     0.00000
     4.00233     0.00000
     4.37374     0.00000
     4.86091     0.00000
     6.47426     0.00000
     7.22171     0.00000
     7.52507     0.00000
     8.36895     0.00000
     8.54487     0.00000
     9.03823     0.00000
     9.43609     0.00000
     9.60243     0.00000
     9.66294     0.00000
     9.82657     0.00000
     9.99233     0.00000
    10.38077     0.00000
    10.52966     0.00000
    10.68457     0.00000
    10.99663     0.00000
    11.29633     0.00000
    11.45619     0.00000
    11.86366     0.00000
    12.04790     0.00000
    12.26812     0.00000
    12.40303     0.00000
    12.92157     0.00000
    12.98151     0.00000
    13.40816     0.00000
    13.56097     0.00000
    13.83657     0.00000
    14.30258     0.00000
    14.67715     0.00000
    15.08469     0.00000
    15.35239     0.00000
    16.50990     0.00000
 
