 Fermi distribution function
 
 Coordinates of moved atoms (au):
    1      0.00000000      3.71886736     12.01815780
    2      0.00000000      0.00000000     11.33835593
    3      3.71886736      3.71886736     12.69795967
    4      0.00000000     11.15660209     12.01815780
    5      0.00000000      7.43773472     11.33835593
    6      3.71886736     11.15660209     12.69795967
    7      0.00000000     18.59433681     12.01815780
    8      0.00000000     14.87546945     11.33835593
    9      3.71886736     18.59433681     12.69795967
   10      0.00000000     26.03207153     12.01815780
   11      0.00000000     22.31320417     11.33835593
   12      3.71886736     26.03207153     12.69795967
   13      3.58220228     25.41539164     19.98719515
   14      7.20824173      4.52877441     16.22001226
   15      7.33121785     26.70657277     15.89823745
   16      3.63242379     27.06447320     16.75568896
   17      3.78028541     20.07888609     19.22669735
   18      3.40511010      0.88259722     17.43324993
   19      3.58016566      7.69022327     17.60525775
   20      3.68927845     11.05542262     16.28709198
   21      3.77825470     22.42633307     21.77500140
   22      3.68328507      4.22606613     16.36216039
   23      3.70876970     14.51262485     17.35709013
   24      0.00354879     18.09515776     15.74567824
   25      7.41584483     11.03654137     15.79088896
   26      0.05804459     22.20332571     22.55654661
   27      3.74735605     17.91040287     16.37911657
 
 COMPONENT = q
  
 Eigenvalues /H
   -0.91130450
   -0.90828346
   -0.90745534
   -0.90410122
   -0.90221338
   -0.89939229
   -0.89782312
   -0.89575693
   -0.89495464
   -0.89312061
   -0.89215215
   -0.89167182
   -0.89132640
   -0.89088477
   -0.88956131
   -0.88838424
   -0.88810229
   -0.88722551
   -0.43190912
   -0.42995141
   -0.42624681
   -0.42304831
   -0.41765552
   -0.41503003
   -0.41121304
   -0.41011199
   -0.40925855
   -0.40803711
   -0.40582694
   -0.40410634
   -0.40318800
   -0.40193238
   -0.40065220
   -0.39982190
   -0.39889204
   -0.39285390
   -0.39061440
   -0.38989034
   -0.38448338
   -0.38295563
   -0.38076224
   -0.38026111
   -0.37971921
   -0.37728186
   -0.37378366
   -0.37255510
   -0.37195522
   -0.36848752
   -0.36646765
   -0.36500523
   -0.36300017
   -0.35855681
   -0.35668149
   -0.35478962
   -0.35390275
   -0.35017785
   -0.34890839
   -0.34695845
   -0.34661415
   -0.34552016
   -0.34487764
   -0.34208056
   -0.33747828
   -0.33510345
   -0.33228743
   -0.33153536
   -0.33057003
   -0.32948090
   -0.32652692
   -0.32570115
   -0.32478398
   -0.32244742
   -0.15445154
   -0.15124996
   -0.15040912
   -0.14910156
   -0.14774666
   -0.14655244
   -0.14486897
   -0.14369436
   -0.14287933
   -0.14157025
   -0.14045294
   -0.13771368
   -0.13321246
   -0.13173903
   -0.13055491
   -0.12988636
   -0.12822663
   -0.12595628
   -0.12544669
   -0.12421366
   -0.12275297
   -0.12129406
   -0.11824094
   -0.11638439
   -0.11319642
   -0.11138783
   -0.10883297
   -0.10519094
   -0.10184098
   -0.10007079
   -0.09724071
   -0.09642549
   -0.09115245
   -0.08822140
   -0.07762670
   -0.07222895
   -0.06437194
   -0.03236154
   -0.01258052
    0.00040057
    0.00520683
    0.01015021
    0.01600553
    0.02816277
    0.03552206
    0.12183013
    0.13199922
    0.14708307
    0.16073191
    0.17863499
    0.23792462
    0.26539306
    0.27654121
    0.30755331
    0.31401836
    0.33214895
    0.34676979
    0.35288264
    0.35510636
    0.36111988
    0.36721133
    0.38148643
    0.38695775
    0.39265073
    0.40411884
    0.41513255
    0.42100723
    0.43598138
    0.44275235
    0.45084518
    0.45580298
    0.47485903
    0.47706159
    0.49274078
    0.49835632
    0.50848459
    0.52561000
    0.53937551
    0.55435221
    0.56418987
    0.60672758
 
 Eigenvalues /eV
  -24.79785721
  -24.71565055
  -24.69311619
  -24.60184602
  -24.55047513
  -24.47370952
  -24.43101026
  -24.37478619
  -24.35295492
  -24.30304829
  -24.27669527
  -24.26362478
  -24.25422525
  -24.24220797
  -24.20619478
  -24.17416526
  -24.16649294
  -24.14263443
  -11.75284523
  -11.69957301
  -11.59876588
  -11.51173024
  -11.36498507
  -11.29354173
  -11.18967616
  -11.15971514
  -11.13649179
  -11.10325464
  -11.04311293
  -10.99629302
  -10.97130376
  -10.93713659
  -10.90230098
  -10.87970746
  -10.85440474
  -10.69009851
  -10.62915869
  -10.60945608
  -10.46232511
  -10.42075288
  -10.36106759
  -10.34743128
  -10.33268532
  -10.26636167
  -10.17117079
  -10.13774001
  -10.12141645
  -10.02705563
   -9.97209208
   -9.93229765
   -9.87773724
   -9.75682728
   -9.70579714
   -9.65431682
   -9.63018381
   -9.52882421
   -9.49428033
   -9.44121982
   -9.43185078
   -9.40208200
   -9.38459797
   -9.30848555
   -9.18325127
   -9.11862881
   -9.04200091
   -9.02153617
   -8.99526823
   -8.96563144
   -8.88524963
   -8.86277932
   -8.83782178
   -8.77424061
   -4.20284015
   -4.11572086
   -4.09284048
   -4.05725989
   -4.02039109
   -3.98789486
   -3.94208526
   -3.91012246
   -3.88794441
   -3.85232252
   -3.82191908
   -3.74738000
   -3.62489537
   -3.58480153
   -3.55257982
   -3.53438756
   -3.48922413
   -3.42744475
   -3.41357810
   -3.38002579
   -3.34027824
   -3.30057922
   -3.21749959
   -3.16698038
   -3.08023132
   -3.03101713
   -2.96149572
   -2.86239107
   -2.77123404
   -2.72306461
   -2.64605442
   -2.62387100
   -2.48038428
   -2.40062651
   -2.11232986
   -1.96544963
   -1.75164950
   -0.88060235
   -0.34233338
    0.01090015
    0.14168500
    0.27620114
    0.43553272
    0.76634788
    0.96660433
    3.31516640
    3.59188156
    4.00233401
    4.37373787
    4.86090540
    6.47425840
    7.22171251
    7.52506920
    8.36895128
    8.54487422
    9.03823286
    9.43608609
    9.60242521
    9.66293571
    9.82657193
    9.99232863
   10.38077399
   10.52965625
   10.68456986
   10.99663323
   11.29633145
   11.45618975
   11.86365707
   12.04790436
   12.26812161
   12.40303024
   12.92157161
   12.98150626
   13.40815877
   13.56096550
   13.83656958
   14.30257585
   14.67715446
   15.08469126
   15.35238761
   16.50989755
 
 Fillings
     2.00000
     2.00000
     2.00000
     2.00000
     2.00000
     2.00000
     2.00000
     2.00000
     2.00000
     2.00000
     2.00000
     2.00000
     2.00000
     2.00000
     2.00000
     2.00000
     2.00000
     2.00000
     2.00000
     2.00000
     2.00000
     2.00000
     2.00000
     2.00000
     2.00000
     2.00000
     2.00000
     2.00000
     2.00000
     2.00000
     2.00000
     2.00000
     2.00000
     2.00000
     2.00000
     2.00000
     2.00000
     2.00000
     2.00000
     2.00000
     2.00000
     2.00000
     2.00000
     2.00000
     2.00000
     2.00000
     2.00000
     2.00000
     2.00000
     2.00000
     2.00000
     2.00000
     2.00000
     2.00000
     2.00000
     2.00000
     2.00000
     2.00000
     2.00000
     2.00000
     2.00000
     2.00000
     2.00000
     2.00000
     2.00000
     2.00000
     2.00000
     2.00000
     2.00000
     2.00000
     2.00000
     2.00000
     0.00000
     0.00000
     0.00000
     0.00000
     0.00000
     0.00000
     0.00000
     0.00000
     0.00000
     0.00000
     0.00000
     0.00000
     0.00000
     0.00000
     0.00000
     0.00000
     0.00000
     0.00000
     0.00000
     0.00000
     0.00000
     0.00000
     0.00000
     0.00000
     0.00000
     0.00000
     0.00000
     0.00000
     0.00000
     0.00000
     0.00000
     0.00000
     0.00000
     0.00000
     0.00000
     0.00000
     0.00000
     0.00000
     0.00000
     0.00000
     0.00000
     0.00000
     0.00000
     0.00000
     0.00000
     0.00000
     0.00000
     0.00000
     0.00000
     0.00000
     0.00000
     0.00000
     0.00000
     0.00000
     0.00000
     0.00000
     0.00000
     0.00000
     0.00000
     0.00000
     0.00000
     0.00000
     0.00000
     0.00000
     0.00000
     0.00000
     0.00000
     0.00000
     0.00000
     0.00000
     0.00000
     0.00000
     0.00000
     0.00000
     0.00000
     0.00000
     0.00000
     0.00000
     0.00000
     0.00000
     0.00000
 
 Fermi energy:                      -0.2484154649 H           -6.7597 eV
 Band energy:                      -72.6313101891 H        -1976.3985 eV
 TS:                                 0.0000000000 H            0.0000 eV
 Band free energy (E-TS):          -72.6313101891 H        -1976.3985 eV
 Extrapolated E(0K):               -72.6313101891 H        -1976.3985 eV
 
 Energy H0:                        -72.6313101891 H        -1976.3985 eV
 Total Electronic energy:          -72.6313101891 H        -1976.3985 eV
 Repulsive energy:                   2.2973565968 H           62.5143 eV
 Total energy:                     -70.3339535923 H        -1913.8843 eV
 Total Mermin free energy:         -70.3339535923 H        -1913.8843 eV
 
 Non-SCC calculation
 
 Full geometry written in geo_end.{xyz|gen}
 
 Total Forces
 -2.346379769371697E-003  5.751312741550334E-003  2.963777132709434E-002
  4.770968442158244E-005  4.249111802717674E-003 -4.829322262283591E-003
 -5.956419480179808E-003  2.927127842174287E-003 -1.690799150456709E-003
 -1.317552852991226E-002 -2.783409954098034E-004  7.438406707068232E-003
  9.147190429412118E-005  3.199340931723926E-005 -6.358340450593868E-003
 -1.177312460007773E-003 -1.064281259081637E-003 -2.202226455264308E-002
  4.972740612266711E-005 -1.581851344085334E-003  1.959295850484716E-002
 -3.433359750817429E-006 -2.549295386807077E-003 -7.148194196467186E-003
  3.165259728064284E-004  1.916674898234100E-003 -1.329561348418493E-002
 -7.505679078395916E-004  3.591398210015371E-003  3.126230891829256E-002
 -1.477143030720373E-005  4.077447064244792E-004 -1.200554901801185E-003
 -4.890971852629552E-003  4.024997181452321E-003  8.672352865903355E-003
  4.362211015760028E-003  1.652043878560161E-003 -1.631982199685859E-002
  3.813678474305057E-002 -1.524535644278979E-002 -2.687030813469948E-002
  5.474249566332668E-003 -4.226603005138526E-003 -2.099193638204721E-003
 -5.323263717918303E-003  1.540304463714655E-002 -4.354895080094720E-004
 -5.272802941007960E-004  7.895741723562416E-003  1.129094683419150E-002
  4.878474413451666E-003 -4.185167080108061E-002  4.292501372880383E-003
 -2.831946172133781E-004  5.087157822496993E-003 -2.050622371804478E-004
  1.471902531596793E-002 -4.607134558113485E-005  2.170862882138092E-002
 -2.201332575291134E-003 -2.574689067201394E-003 -2.519130578973874E-002
 -2.751029823881879E-002  2.291073468081915E-002 -9.272589431562880E-003
 -1.064052298417326E-004 -1.582934506112047E-002  3.567242840370605E-003
  1.204085898667039E-002  5.341950170782421E-003  6.357832094183516E-004
 -2.521711945620287E-003  1.305157157087856E-003 -4.424284798003941E-003
 -1.405428763094623E-003  3.241816153711968E-003  2.711919822244932E-003
 -1.192273883698031E-002 -4.905023077574275E-004  5.523233089964608E-004
 
 Total stress tensor
     -0.000036272233      0.000002160334      0.000008978214
      0.000002160081     -0.000097684277     -0.000008149400
      0.000008979277     -0.000008150553     -0.000029973621
 
 Total lattice derivs
      0.050981640729     -0.003036409526     -0.012619131577
     -0.000759013499      0.034324498271      0.002863552698
     -0.001986930657      0.001803550939      0.006632550506
 
 Maximal derivative component:       0.418517E-01 au
 Max force for moved atoms::         0.418517E-01 au
 
 Volume:                             0.104539E+05 au^3
 Pressure:                          -0.546434E-04 au    -0.160766E+10 Pa
 
 Geometry converged
 
