 KPT            1  SPIN            1  KWEIGHT    1.00000000000000     
   -24.81883     2.00000
   -24.75912     2.00000
   -24.70554     2.00000
   -24.61845     2.00000
   -24.51270     2.00000
   -24.46890     2.00000
   -24.43889     2.00000
   -24.37520     2.00000
   -24.31910     2.00000
   -24.29587     2.00000
   -24.27887     2.00000
   -24.27342     2.00000
   -24.24882     2.00000
   -24.20972     2.00000
   -24.18620     2.00000
   -24.17501     2.00000
   -24.16820     2.00000
   -24.12546     2.00000
   -11.77635     2.00000
   -11.72629     2.00000
   -11.64470     2.00000
   -11.46561     2.00000
   -11.44312     2.00000
   -11.42028     2.00000
   -11.27164     2.00000
   -11.22831     2.00000
   -11.09339     2.00000
   -11.06962     2.00000
   -11.03624     2.00000
   -11.00184     2.00000
   -10.93876     2.00000
   -10.88233     2.00000
   -10.84631     2.00000
   -10.83656     2.00000
   -10.67090     2.00000
   -10.65825     2.00000
   -10.56467     2.00000
   -10.47836     2.00000
   -10.45480     2.00000
   -10.39937     2.00000
   -10.36132     2.00000
   -10.32160     2.00000
   -10.30400     2.00000
   -10.26687     2.00000
   -10.23579     2.00000
   -10.17268     2.00000
   -10.09987     2.00000
   -10.06607     2.00000
   -10.02104     2.00000
    -9.97459     2.00000
    -9.89442     2.00000
    -9.80564     2.00000
    -9.72808     2.00000
    -9.67364     2.00000
    -9.64725     2.00000
    -9.59856     2.00000
    -9.55699     2.00000
    -9.49897     2.00000
    -9.47528     2.00000
    -9.41731     2.00000
    -9.37448     2.00000
    -9.30446     2.00000
    -9.23956     2.00000
    -9.15828     2.00000
    -9.11399     2.00000
    -9.06484     2.00000
    -9.03777     2.00000
    -8.94857     2.00000
    -8.92544     2.00000
    -8.88763     2.00000
    -8.86327     2.00000
    -8.81670     2.00000
    -4.35429     0.00000
    -4.17803     0.00000
    -4.11254     0.00000
    -4.06660     0.00000
    -4.03479     0.00000
    -3.99838     0.00000
    -3.95050     0.00000
    -3.89700     0.00000
    -3.82764     0.00000
    -3.78399     0.00000
    -3.70639     0.00000
    -3.67436     0.00000
    -3.63981     0.00000
    -3.59697     0.00000
    -3.55849     0.00000
    -3.50136     0.00000
    -3.44378     0.00000
    -3.43753     0.00000
    -3.30873     0.00000
    -3.30357     0.00000
    -3.21117     0.00000
    -3.13401     0.00000
    -3.06541     0.00000
    -3.04444     0.00000
    -2.98377     0.00000
    -2.92790     0.00000
    -2.82995     0.00000
    -2.74523     0.00000
    -2.70224     0.00000
    -2.67952     0.00000
    -2.59701     0.00000
    -2.43808     0.00000
    -2.23802     0.00000
    -2.08468     0.00000
    -2.04464     0.00000
    -1.88507     0.00000
    -1.07980     0.00000
    -0.60666     0.00000
    -0.28048     0.00000
     0.00694     0.00000
     0.14250     0.00000
     0.21353     0.00000
     0.40636     0.00000
     0.66522     0.00000
     0.88288     0.00000
     2.17296     0.00000
     3.99809     0.00000
     4.31716     0.00000
     4.61704     0.00000
     5.03031     0.00000
     6.69952     0.00000
     6.94757     0.00000
     7.41467     0.00000
     7.84922     0.00000
     7.92887     0.00000
     9.00323     0.00000
     9.33551     0.00000
     9.44214     0.00000
     9.62231     0.00000
     9.93658     0.00000
    10.25965     0.00000
    10.37891     0.00000
    10.54987     0.00000
    10.82360     0.00000
    11.04541     0.00000
    11.27717     0.00000
    11.61523     0.00000
    11.96280     0.00000
    12.17013     0.00000
    12.29047     0.00000
    12.55959     0.00000
    13.29268     0.00000
    13.56331     0.00000
    13.77164     0.00000
    14.13129     0.00000
    14.43893     0.00000
    14.88530     0.00000
    15.63397     0.00000
    16.34134     0.00000
    17.29395     0.00000
    18.03139     0.00000
 
