 Fermi distribution function
 
 Coordinates of moved atoms (au):
    1      0.00000000      3.71886736     12.01815780
    2      0.00000000      0.00000000     11.33835593
    3      3.71886736      3.71886736     12.69795967
    4      0.00000000     11.15660209     12.01815780
    5      0.00000000      7.43773472     11.33835593
    6      3.71886736     11.15660209     12.69795967
    7      0.00000000     18.59433681     12.01815780
    8      0.00000000     14.87546945     11.33835593
    9      3.71886736     18.59433681     12.69795967
   10      0.00000000     26.03207153     12.01815780
   11      0.00000000     22.31320417     11.33835593
   12      3.71886736     26.03207153     12.69795967
   13      3.71687416     25.27101244     19.26718767
   14      7.43711971     21.12567123     19.90494174
   15      7.43752418     15.52418851     20.94765282
   16      3.71918761     27.40653886     16.19445645
   17      3.71945036      4.19352178     16.27014861
   18      7.43751000     17.70915596     15.69121831
   19      0.00147863     26.31335373     15.88302995
   20      3.71826248      0.79374042     17.48555717
   21      7.43578045     14.83137439     17.54273240
   22      3.71833734      7.46429894     17.71806670
   23      3.72063383     14.12168382     17.56754964
   24      3.72254553     10.74996773     16.29292885
   25      7.43709719     24.26718423     19.17938401
   26      7.43565859     11.20581604     15.90455468
   27      7.43770638      4.12063071     15.75230284
 
 COMPONENT = q
  
 Eigenvalues /H
   -0.91207537
   -0.90988111
   -0.90791200
   -0.90471153
   -0.90082514
   -0.89921570
   -0.89811257
   -0.89577215
   -0.89371060
   -0.89285668
   -0.89223206
   -0.89203175
   -0.89112785
   -0.88969079
   -0.88882633
   -0.88841528
   -0.88816516
   -0.88659452
   -0.43277295
   -0.43093329
   -0.42793494
   -0.42135358
   -0.42052682
   -0.41968750
   -0.41422499
   -0.41263286
   -0.40767458
   -0.40680094
   -0.40557429
   -0.40431030
   -0.40199216
   -0.39991830
   -0.39859451
   -0.39823614
   -0.39214825
   -0.39168332
   -0.38824467
   -0.38507255
   -0.38420683
   -0.38216995
   -0.38077149
   -0.37931167
   -0.37866506
   -0.37730068
   -0.37615837
   -0.37383913
   -0.37116338
   -0.36992124
   -0.36826641
   -0.36655928
   -0.36361335
   -0.36035083
   -0.35750031
   -0.35549982
   -0.35453007
   -0.35274050
   -0.35121307
   -0.34908084
   -0.34821031
   -0.34607986
   -0.34450595
   -0.34193268
   -0.33954741
   -0.33656055
   -0.33493312
   -0.33312674
   -0.33213187
   -0.32885388
   -0.32800381
   -0.32661424
   -0.32571911
   -0.32400764
   -0.16001730
   -0.15353963
   -0.15113300
   -0.14944466
   -0.14827578
   -0.14693770
   -0.14517816
   -0.14321195
   -0.14066302
   -0.13905925
   -0.13620730
   -0.13503008
   -0.13376070
   -0.13218633
   -0.13077203
   -0.12867261
   -0.12655665
   -0.12632681
   -0.12159343
   -0.12140392
   -0.11800838
   -0.11517258
   -0.11265178
   -0.11188130
   -0.10965160
   -0.10759818
   -0.10399869
   -0.10088537
   -0.09930542
   -0.09847040
   -0.09543839
   -0.08959788
   -0.08224559
   -0.07661043
   -0.07513907
   -0.06927493
   -0.03968206
   -0.02229436
   -0.01030747
    0.00025511
    0.00523672
    0.00784721
    0.01493335
    0.02444622
    0.03244537
    0.07985499
    0.14692713
    0.15865269
    0.16967328
    0.18486056
    0.24620289
    0.25531840
    0.27248412
    0.28845363
    0.29138071
    0.33086246
    0.34307380
    0.34699241
    0.35361342
    0.36516251
    0.37703515
    0.38141804
    0.38770064
    0.39776011
    0.40591134
    0.41442856
    0.42685199
    0.43962500
    0.44724400
    0.45166658
    0.46155650
    0.48849696
    0.49844231
    0.50609855
    0.51931535
    0.53062082
    0.54702487
    0.57453798
    0.60053319
    0.63554084
    0.66264142
 
 Eigenvalues /eV
  -24.81883362
  -24.75912474
  -24.70554247
  -24.61845343
  -24.51269925
  -24.46890407
  -24.43888636
  -24.37520032
  -24.31910268
  -24.29586637
  -24.27886973
  -24.27341898
  -24.24882249
  -24.20971805
  -24.18619512
  -24.17500971
  -24.16820360
  -24.12546425
  -11.77635104
  -11.72629145
  -11.64470226
  -11.46561417
  -11.44311704
  -11.42027798
  -11.27163550
  -11.22831134
  -11.09338979
  -11.06961673
  -11.03623799
  -11.00184307
  -10.93876317
  -10.88233064
  -10.84630835
  -10.83655686
  -10.67089690
  -10.65824541
  -10.56467490
  -10.47835731
  -10.45479984
  -10.39937347
  -10.36131933
  -10.32159565
  -10.30400055
  -10.26687393
  -10.23579012
  -10.17268024
  -10.09986942
  -10.06606897
  -10.02103879
   -9.97458553
   -9.89442274
   -9.80564494
   -9.72807841
   -9.67364223
   -9.64725418
   -9.59855740
   -9.55699384
   -9.49897285
   -9.47528468
   -9.41731223
   -9.37448379
   -9.30446158
   -9.23955504
   -9.15827859
   -9.11399379
   -9.06483970
   -9.03776808
   -8.94856932
   -8.92543779
   -8.88762568
   -8.86326797
   -8.81669658
   -4.35429233
   -4.17802595
   -4.11253809
   -4.06659614
   -4.03478935
   -3.99837814
   -3.95049876
   -3.89699546
   -3.82763545
   -3.78399481
   -3.70638928
   -3.67435532
   -3.63981386
   -3.59697302
   -3.55848791
   -3.50135988
   -3.44378179
   -3.43752734
   -3.30872546
   -3.30356864
   -3.21117127
   -3.13400527
   -3.06541095
   -3.04444496
   -2.98377172
   -2.92789533
   -2.82994846
   -2.74523063
   -2.70223808
   -2.67951605
   -2.59701068
   -2.43808245
   -2.23801628
   -2.08467595
   -2.04463800
   -1.88506679
   -1.07980377
   -0.60666039
   -0.28048048
    0.00694199
    0.14249839
    0.21353355
    0.40635723
    0.66521549
    0.88288334
    2.17296477
    3.99809059
    4.31715929
    4.61704483
    5.03031172
    6.69952153
    6.94756707
    7.41467014
    7.84922268
    7.92887260
    9.00322569
    9.33551300
    9.44214382
    9.62231061
    9.93657733
   10.25964848
   10.37891287
   10.54987122
   10.82360338
   11.04540952
   11.27717487
   11.61523373
   11.96280483
   12.17012837
   12.29047294
   12.55959132
   13.29267865
   13.56330544
   13.77164228
   14.13128956
   14.43892720
   14.88530419
   15.63397379
   16.34133952
   17.29394612
   18.03139057
 
 Fillings
     2.00000
     2.00000
     2.00000
     2.00000
     2.00000
     2.00000
     2.00000
     2.00000
     2.00000
     2.00000
     2.00000
     2.00000
     2.00000
     2.00000
     2.00000
     2.00000
     2.00000
     2.00000
     2.00000
     2.00000
     2.00000
     2.00000
     2.00000
     2.00000
     2.00000
     2.00000
     2.00000
     2.00000
     2.00000
     2.00000
     2.00000
     2.00000
     2.00000
     2.00000
     2.00000
     2.00000
     2.00000
     2.00000
     2.00000
     2.00000
     2.00000
     2.00000
     2.00000
     2.00000
     2.00000
     2.00000
     2.00000
     2.00000
     2.00000
     2.00000
     2.00000
     2.00000
     2.00000
     2.00000
     2.00000
     2.00000
     2.00000
     2.00000
     2.00000
     2.00000
     2.00000
     2.00000
     2.00000
     2.00000
     2.00000
     2.00000
     2.00000
     2.00000
     2.00000
     2.00000
     2.00000
     2.00000
     0.00000
     0.00000
     0.00000
     0.00000
     0.00000
     0.00000
     0.00000
     0.00000
     0.00000
     0.00000
     0.00000
     0.00000
     0.00000
     0.00000
     0.00000
     0.00000
     0.00000
     0.00000
     0.00000
     0.00000
     0.00000
     0.00000
     0.00000
     0.00000
     0.00000
     0.00000
     0.00000
     0.00000
     0.00000
     0.00000
     0.00000
     0.00000
     0.00000
     0.00000
     0.00000
     0.00000
     0.00000
     0.00000
     0.00000
     0.00000
     0.00000
     0.00000
     0.00000
     0.00000
     0.00000
     0.00000
     0.00000
     0.00000
     0.00000
     0.00000
     0.00000
     0.00000
     0.00000
     0.00000
     0.00000
     0.00000
     0.00000
     0.00000
     0.00000
     0.00000
     0.00000
     0.00000
     0.00000
     0.00000
     0.00000
     0.00000
     0.00000
     0.00000
     0.00000
     0.00000
     0.00000
     0.00000
     0.00000
     0.00000
     0.00000
     0.00000
     0.00000
     0.00000
     0.00000
     0.00000
     0.00000
 
 Fermi energy:                      -0.2243867734 H           -6.1059 eV
 Band energy:                      -72.6711258931 H        -1977.4819 eV
 TS:                                 0.0000000000 H            0.0000 eV
 Band free energy (E-TS):          -72.6711258931 H        -1977.4819 eV
 Extrapolated E(0K):               -72.6711258931 H        -1977.4819 eV
 
 Energy H0:                        -72.6711258931 H        -1977.4819 eV
 Total Electronic energy:          -72.6711258931 H        -1977.4819 eV
 Repulsive energy:                   2.3832014536 H           64.8502 eV
 Total energy:                     -70.2879244395 H        -1912.6317 eV
 Total Mermin free energy:         -70.2879244395 H        -1912.6317 eV
 
 Non-SCC calculation
 
 Full geometry written in geo_end.{xyz|gen}
 
 Total Forces
  3.794398188214903E-004  7.361224227537318E-004  1.175735136245448E-002
 -7.471302922802957E-007  1.595691003600336E-003 -3.053567112585604E-003
  2.201789458838693E-006  3.005869875584811E-003 -1.735764660516376E-002
 -3.669149762525824E-004  2.997103985995301E-003  2.321591987831823E-002
  1.738609201818275E-006  2.106002532488605E-003 -6.213124136874353E-003
 -5.167926333630715E-005 -6.309355892342503E-003 -8.480746904666270E-003
  5.284449585776702E-007 -7.510645839052314E-003  3.829216752837558E-002
  1.475565014334891E-006 -5.673830618217872E-003 -9.724294811108213E-003
 -9.683793064620978E-006  5.640398701996644E-003 -2.890986815229720E-002
  9.030930792648960E-006 -6.343271529303843E-003  2.722233515988462E-002
 -4.011993885208639E-007  1.915341381567601E-003 -1.145420584984087E-003
  5.834484531417178E-005  7.331729297632261E-003 -1.345850563935697E-002
  6.478470839283419E-005 -7.637614204779737E-003  2.120834111138906E-003
 -7.072411410167989E-006 -1.152853110136665E-002 -2.270160708538721E-003
  2.756843796576370E-005 -2.727710859611286E-003 -1.756695452274840E-002
 -2.751051337999069E-004 -3.182192338944523E-002  1.317845639797033E-003
 -5.706365961460316E-004 -1.655103718837180E-002  6.039030741589319E-004
  1.887764318125827E-005  6.050783093298678E-003 -3.028978592520101E-003
  8.291649653106361E-005 -7.718688892972550E-004 -3.356945315557407E-003
  2.182009620738962E-005  2.875946962407762E-002  5.425884338250128E-003
  5.410203882798134E-003  1.434350765095785E-002  2.688080095314642E-002
  4.948707038378048E-006  5.829625015446989E-003  5.444020297821484E-003
 -2.286912886805677E-003  1.103009672975927E-003  2.027598497040088E-003
 -5.693533910603857E-003 -1.385868323639205E-002 -1.801361005187927E-002
  5.801709330297206E-005  2.474429838818995E-002 -8.236378537244035E-003
  2.952928587100104E-003  4.364043590926146E-003 -4.331835893034579E-003
  1.678616450201694E-004  2.114765106879489E-004  8.393767281730941E-004
 
 Total stress tensor
     -0.000019679919      0.000001445657      0.000000286812
      0.000001445624     -0.000057351265      0.000006068753
      0.000000286800      0.000006071634     -0.000013137203
 
 Total lattice derivs
      0.027660678719     -0.002031911637     -0.000403122167
     -0.000507966423      0.020152202958     -0.002132450496
     -0.000063463075     -0.001343528647      0.002906994845
 
 Maximal derivative component:       0.382922E-01 au
 Max force for moved atoms::         0.382922E-01 au
 
 Volume:                             0.104539E+05 au^3
 Pressure:                          -0.300561E-04 au    -0.884282E+09 Pa
 
 Geometry converged
 
