 KPT            1  SPIN            1  KWEIGHT    1.00000000000000     
   -24.74484     2.00000
   -24.68790     2.00000
   -24.64790     2.00000
   -24.59436     2.00000
   -24.53924     2.00000
   -24.43167     2.00000
   -24.42767     2.00000
   -24.32613     2.00000
   -24.31402     2.00000
   -24.28850     2.00000
   -24.27743     2.00000
   -24.26048     2.00000
   -24.24589     2.00000
   -24.17573     2.00000
   -24.15662     2.00000
   -24.12355     2.00000
   -24.11943     2.00000
   -24.00372     2.00000
   -11.69330     2.00000
   -11.60537     2.00000
   -11.44012     2.00000
   -11.39526     2.00000
   -11.32464     2.00000
   -11.19232     2.00000
   -11.11805     2.00000
   -11.07719     2.00000
   -10.99941     2.00000
   -10.97716     2.00000
   -10.95991     2.00000
   -10.91279     2.00000
   -10.88954     2.00000
   -10.86627     2.00000
   -10.69717     2.00000
   -10.65452     2.00000
   -10.61156     2.00000
   -10.46743     2.00000
   -10.43909     2.00000
   -10.37892     2.00000
   -10.35477     2.00000
   -10.26931     2.00000
   -10.22972     2.00000
   -10.19698     2.00000
   -10.16880     2.00000
   -10.12345     2.00000
   -10.06955     2.00000
   -10.00504     2.00000
    -9.93684     2.00000
    -9.88818     2.00000
    -9.84383     2.00000
    -9.78475     2.00000
    -9.76185     2.00000
    -9.68555     2.00000
    -9.63442     2.00000
    -9.58244     2.00000
    -9.53758     2.00000
    -9.47872     2.00000
    -9.43538     2.00000
    -9.38505     2.00000
    -9.37056     2.00000
    -9.33420     2.00000
    -9.31184     2.00000
    -9.24345     2.00000
    -9.19518     2.00000
    -9.13887     2.00000
    -9.07646     2.00000
    -9.03849     2.00000
    -8.97617     2.00000
    -8.89678     2.00000
    -8.86997     2.00000
    -8.84954     2.00000
    -8.82434     2.00000
    -8.80986     2.00000
    -4.66303     0.00000
    -4.45803     0.00000
    -4.23976     0.00000
    -4.17648     0.00000
    -4.12040     0.00000
    -4.08916     0.00000
    -4.04423     0.00000
    -4.01079     0.00000
    -3.99840     0.00000
    -3.95306     0.00000
    -3.93833     0.00000
    -3.90901     0.00000
    -3.87523     0.00000
    -3.86421     0.00000
    -3.77562     0.00000
    -3.76630     0.00000
    -3.71676     0.00000
    -3.64411     0.00000
    -3.54963     0.00000
    -3.53160     0.00000
    -3.45267     0.00000
    -3.43341     0.00000
    -3.40792     0.00000
    -3.33823     0.00000
    -3.24453     0.00000
    -3.19426     0.00000
    -3.14779     0.00000
    -3.12311     0.00000
    -3.05696     0.00000
    -2.94974     0.00000
    -2.86707     0.00000
    -2.84081     0.00000
    -2.70709     0.00000
    -2.67973     0.00000
    -2.55158     0.00000
    -2.44298     0.00000
    -2.25407     0.00000
    -1.90866     0.00000
    -1.78366     0.00000
    -1.17264     0.00000
    -0.30968     0.00000
    -0.10251     0.00000
     0.04963     0.00000
     0.16132     0.00000
     0.20096     0.00000
     0.40348     0.00000
     1.27466     0.00000
     1.71255     0.00000
     2.37482     0.00000
     3.53663     0.00000
     3.92931     0.00000
     4.35689     0.00000
     4.64343     0.00000
     5.10085     0.00000
     6.48385     0.00000
     8.00209     0.00000
     8.18144     0.00000
     8.54907     0.00000
     8.60170     0.00000
     8.63585     0.00000
     9.41923     0.00000
     9.63499     0.00000
     9.90211     0.00000
    10.32400     0.00000
    10.71762     0.00000
    10.88839     0.00000
    11.22507     0.00000
    11.52766     0.00000
    11.94285     0.00000
    12.17168     0.00000
    12.27974     0.00000
    12.53950     0.00000
    12.68479     0.00000
    12.91441     0.00000
    13.04456     0.00000
    13.45678     0.00000
    13.67746     0.00000
    14.22821     0.00000
    14.47113     0.00000
    15.50847     0.00000
    16.08200     0.00000
 
