 Fermi distribution function
 
 Coordinates of moved atoms (au):
    1      0.00000000      3.71886736     12.01815780
    2      0.00000000      0.00000000     11.33835593
    3      3.71886736      3.71886736     12.69795967
    4      0.00000000     11.15660209     12.01815780
    5      0.00000000      7.43773472     11.33835593
    6      3.71886736     11.15660209     12.69795967
    7      0.00000000     18.59433681     12.01815780
    8      0.00000000     14.87546945     11.33835593
    9      3.71886736     18.59433681     12.69795967
   10      0.00000000     26.03207153     12.01815780
   11      0.00000000     22.31320417     11.33835593
   12      3.71886736     26.03207153     12.69795967
   13      0.02438075     11.05311554     15.79075037
   14      4.36596402     27.19565111     17.80991272
   15      5.11577908     21.50439373     21.35459026
   16      3.61339761     18.26837469     16.47114620
   17      3.79531012     24.47204043     19.96695345
   18      3.58278363     14.93732792     17.89544988
   19      3.66120767      6.94570475     18.05623682
   20      7.33173459     18.78327250     15.99515422
   21      7.00361009     23.37748101     24.38406870
   22      3.65146157      3.93447789     16.47343384
   23      0.96685591     20.24699522     20.81353749
   24      7.37947328     13.77989056     17.81343061
   25      3.65147213      0.74569522     18.43023106
   26      7.23775089     26.67502908     15.88571558
   27      7.37556972      3.61987598     15.78811196
 
 COMPONENT = q
  
 Eigenvalues /H
   -0.90935600
   -0.90726382
   -0.90579381
   -0.90382614
   -0.90180056
   -0.89784741
   -0.89770023
   -0.89396902
   -0.89352391
   -0.89258589
   -0.89217911
   -0.89155607
   -0.89101996
   -0.88844183
   -0.88773962
   -0.88652411
   -0.88637286
   -0.88212051
   -0.42972090
   -0.42648949
   -0.42041655
   -0.41876818
   -0.41617275
   -0.41131005
   -0.40858088
   -0.40707921
   -0.40422078
   -0.40340326
   -0.40276918
   -0.40103784
   -0.40018315
   -0.39932799
   -0.39311370
   -0.39154632
   -0.38996779
   -0.38467099
   -0.38362938
   -0.38141839
   -0.38053099
   -0.37739004
   -0.37593530
   -0.37473203
   -0.37369668
   -0.37203010
   -0.37004906
   -0.36767843
   -0.36517213
   -0.36338412
   -0.36175394
   -0.35958309
   -0.35874122
   -0.35593749
   -0.35405852
   -0.35214823
   -0.35049955
   -0.34833671
   -0.34674380
   -0.34489426
   -0.34436157
   -0.34302555
   -0.34220398
   -0.33969064
   -0.33791675
   -0.33584731
   -0.33355366
   -0.33215825
   -0.32986818
   -0.32695065
   -0.32596556
   -0.32521470
   -0.32428844
   -0.32375640
   -0.17136305
   -0.16382952
   -0.15580815
   -0.15348269
   -0.15142182
   -0.15027396
   -0.14862275
   -0.14739392
   -0.14693841
   -0.14527212
   -0.14473094
   -0.14365357
   -0.14241207
   -0.14200709
   -0.13875165
   -0.13840892
   -0.13658846
   -0.13391853
   -0.13044656
   -0.12978384
   -0.12688345
   -0.12617541
   -0.12523878
   -0.12267767
   -0.11923431
   -0.11738690
   -0.11567905
   -0.11477223
   -0.11234133
   -0.10840099
   -0.10536291
   -0.10439776
   -0.09948383
   -0.09847832
   -0.09376896
   -0.08977790
   -0.08283548
   -0.07014207
   -0.06554838
   -0.04309363
   -0.01138070
   -0.00376721
    0.00182375
    0.00592826
    0.00738501
    0.01482745
    0.04684307
    0.06293503
    0.08727321
    0.12996870
    0.14439934
    0.16011293
    0.17064297
    0.18745263
    0.23827721
    0.29407154
    0.30066231
    0.31417263
    0.31610650
    0.31736165
    0.34615023
    0.35407939
    0.36389598
    0.37940005
    0.39386524
    0.40014114
    0.41251378
    0.42363374
    0.43889185
    0.44730084
    0.45127214
    0.46081813
    0.46615750
    0.47459578
    0.47937886
    0.49452757
    0.50263731
    0.52287694
    0.53180440
    0.56992573
    0.59100271
 
 Eigenvalues /eV
  -24.74483567
  -24.68790461
  -24.64790365
  -24.59436060
  -24.53924187
  -24.43167104
  -24.42766616
  -24.32613463
  -24.31402275
  -24.28849788
  -24.27742868
  -24.26047501
  -24.24588670
  -24.17573217
  -24.15662410
  -24.12354854
  -24.11943261
  -24.00372048
  -11.69330061
  -11.60536960
  -11.44011652
  -11.39526203
  -11.32463669
  -11.19231604
  -11.11805131
  -11.07718878
  -10.99940714
  -10.97716116
  -10.95990695
  -10.91279500
  -10.88953755
  -10.86626760
  -10.69716810
  -10.65451757
  -10.61156359
  -10.46743014
  -10.43908663
  -10.37892255
  -10.35477495
  -10.26930560
  -10.22971997
  -10.19697737
  -10.16880413
  -10.12345414
  -10.06954714
  -10.00503925
   -9.93683912
   -9.88818490
   -9.84382567
   -9.78475365
   -9.76184539
   -9.68555195
   -9.63442254
   -9.58244101
   -9.53757802
   -9.47872417
   -9.43537876
   -9.38505026
   -9.37055501
   -9.33420013
   -9.31184410
   -9.24345262
   -9.19518264
   -9.13887036
   -9.07645679
   -9.03848598
   -8.97616996
   -8.89677992
   -8.86997419
   -8.84954233
   -8.82433736
   -8.80985997
   -4.66302583
   -4.45802815
   -4.23975537
   -4.17647649
   -4.12039728
   -4.08916239
   -4.04423082
   -4.01079256
   -3.99839745
   -3.95305547
   -3.93832938
   -3.90901255
   -3.87522962
   -3.86420941
   -3.77562439
   -3.76629829
   -3.71676112
   -3.64410874
   -3.54963142
   -3.53159784
   -3.45267445
   -3.43340762
   -3.40792067
   -3.33822935
   -3.24453058
   -3.19426001
   -3.14778707
   -3.12311131
   -3.05696325
   -2.94974098
   -2.86707075
   -2.84080760
   -2.70709271
   -2.67973151
   -2.55158320
   -2.44298085
   -2.25406822
   -1.90866286
   -1.78366222
   -1.17263740
   -0.30968461
   -0.10251102
    0.04962663
    0.16131608
    0.20095634
    0.40347542
    1.27466487
    1.71254943
    2.37482499
    3.53662833
    3.92930604
    4.35689456
    4.64343137
    5.10084565
    6.48385285
    8.00209380
    8.18143765
    8.54907234
    8.60169554
    8.63584976
    9.41922687
    9.63499030
    9.90211354
   10.32400074
   10.71761836
   10.88839432
   11.22507103
   11.52766065
   11.94285476
   12.17167502
   12.27973959
   12.53949923
   12.68479092
   12.91440838
   13.04456249
   13.45677973
   13.67745716
   14.22820555
   14.47113391
   15.50846807
   16.08200186
 
 Fillings
     2.00000
     2.00000
     2.00000
     2.00000
     2.00000
     2.00000
     2.00000
     2.00000
     2.00000
     2.00000
     2.00000
     2.00000
     2.00000
     2.00000
     2.00000
     2.00000
     2.00000
     2.00000
     2.00000
     2.00000
     2.00000
     2.00000
     2.00000
     2.00000
     2.00000
     2.00000
     2.00000
     2.00000
     2.00000
     2.00000
     2.00000
     2.00000
     2.00000
     2.00000
     2.00000
     2.00000
     2.00000
     2.00000
     2.00000
     2.00000
     2.00000
     2.00000
     2.00000
     2.00000
     2.00000
     2.00000
     2.00000
     2.00000
     2.00000
     2.00000
     2.00000
     2.00000
     2.00000
     2.00000
     2.00000
     2.00000
     2.00000
     2.00000
     2.00000
     2.00000
     2.00000
     2.00000
     2.00000
     2.00000
     2.00000
     2.00000
     2.00000
     2.00000
     2.00000
     2.00000
     2.00000
     2.00000
     0.00000
     0.00000
     0.00000
     0.00000
     0.00000
     0.00000
     0.00000
     0.00000
     0.00000
     0.00000
     0.00000
     0.00000
     0.00000
     0.00000
     0.00000
     0.00000
     0.00000
     0.00000
     0.00000
     0.00000
     0.00000
     0.00000
     0.00000
     0.00000
     0.00000
     0.00000
     0.00000
     0.00000
     0.00000
     0.00000
     0.00000
     0.00000
     0.00000
     0.00000
     0.00000
     0.00000
     0.00000
     0.00000
     0.00000
     0.00000
     0.00000
     0.00000
     0.00000
     0.00000
     0.00000
     0.00000
     0.00000
     0.00000
     0.00000
     0.00000
     0.00000
     0.00000
     0.00000
     0.00000
     0.00000
     0.00000
     0.00000
     0.00000
     0.00000
     0.00000
     0.00000
     0.00000
     0.00000
     0.00000
     0.00000
     0.00000
     0.00000
     0.00000
     0.00000
     0.00000
     0.00000
     0.00000
     0.00000
     0.00000
     0.00000
     0.00000
     0.00000
     0.00000
     0.00000
     0.00000
     0.00000
 
 Fermi energy:                      -0.2541990645 H           -6.9171 eV
 Band energy:                      -72.2030900002 H        -1964.7460 eV
 TS:                                 0.0000000000 H            0.0000 eV
 Band free energy (E-TS):          -72.2030900002 H        -1964.7460 eV
 Extrapolated E(0K):               -72.2030900002 H        -1964.7460 eV
 
 Energy H0:                        -72.2030900002 H        -1964.7460 eV
 Total Electronic energy:          -72.2030900002 H        -1964.7460 eV
 Repulsive energy:                   2.0691034516 H           56.3032 eV
 Total energy:                     -70.1339865487 H        -1908.4429 eV
 Total Mermin free energy:         -70.1339865487 H        -1908.4429 eV
 
 Non-SCC calculation
 
 Full geometry written in geo_end.{xyz|gen}
 
 Total Forces
 -5.196109066617095E-004 -1.738975764876506E-003  2.352489074101885E-002
  1.564691448762478E-004  1.689613857356192E-003 -7.582073904924713E-003
 -3.422681261251297E-003  3.952233013003770E-003 -5.506075614634544E-003
  9.735052129972882E-005 -2.841881548696413E-003  3.505189530830437E-002
 -1.848485705242011E-005 -1.161881679049572E-003 -4.686713753838567E-003
  8.979123629425850E-004  6.288528980255196E-004 -3.028649807002853E-002
 -1.219766459747607E-003  3.230190053227858E-003  2.815137429659448E-002
 -4.894190878059188E-005  1.051997180186211E-003 -2.295830663639326E-003
 -5.101541292316606E-003 -5.272512227711224E-003  5.782194194522479E-003
  7.864275565396708E-004  5.557228071916510E-003  3.734885553102206E-002
 -1.633854062262503E-005 -1.860346088520040E-004 -2.642825463317976E-003
 -9.150136370032961E-003 -4.783418893906124E-003 -3.119788487262581E-002
 -2.013267462986359E-003 -2.084864172009787E-003 -4.502495175183946E-003
 -5.589576426957142E-003  4.548903493034481E-003 -7.810988767944511E-003
 -4.106379889549455E-003  1.574671970430680E-002  3.307411051523113E-002
  1.721719203473083E-003 -6.303848228724235E-003 -2.337763398188843E-002
  6.862369890255904E-003  6.041529825687819E-003 -2.569679954605247E-003
 -2.069887201154353E-003  3.544469949314927E-003 -3.968340456503607E-003
  5.310019983087032E-006 -3.360563119411408E-003  5.709477863363732E-005
  2.093596331254633E-003  1.058541823876893E-003 -1.081105615711665E-002
 -2.315032843245038E-002 -1.466202493216381E-002 -1.955117570669651E-002
  2.540959889502424E-003 -1.296543178575586E-002 -7.532919667225461E-003
  2.244633726105837E-002 -3.155946436553460E-003  1.694252047351335E-003
  3.866122313645949E-003  5.388682543406478E-003  3.131874021925801E-003
  3.284811815893941E-003  2.831683572213084E-003 -2.100888291934597E-003
  1.060626596954478E-002 -1.212706014843195E-003  8.043877631728272E-004
  1.061288729293120E-003  4.459443426997257E-003 -2.197848695668393E-003
 
 Total stress tensor
     -0.000075193647     -0.000003581197     -0.000001949180
     -0.000003582707     -0.000077634729     -0.000001892972
     -0.000001950987     -0.000001893264     -0.000022457229
 
 Total lattice derivs
      0.105686780377      0.005033472667      0.002739627565
      0.001258898889      0.027279447552      0.000665156357
      0.000431713552      0.000418940629      0.004969326446
 
 Maximal derivative component:       0.373489E-01 au
 Max force for moved atoms::         0.373489E-01 au
 
 Volume:                             0.104539E+05 au^3
 Pressure:                          -0.584285E-04 au    -0.171903E+10 Pa
 
 Geometry converged
 
