 KPT            1  SPIN            1  KWEIGHT    1.00000000000000     
   -24.80872     2.00000
   -24.74612     2.00000
   -24.72211     2.00000
   -24.64980     2.00000
   -24.52526     2.00000
   -24.45130     2.00000
   -24.43000     2.00000
   -24.35035     2.00000
   -24.34166     2.00000
   -24.29940     2.00000
   -24.27201     2.00000
   -24.26729     2.00000
   -24.26007     2.00000
   -24.23010     2.00000
   -24.18821     2.00000
   -24.17535     2.00000
   -24.16644     2.00000
   -24.14873     2.00000
   -11.77070     2.00000
   -11.71480     2.00000
   -11.69070     2.00000
   -11.66202     2.00000
   -11.33831     2.00000
   -11.23448     2.00000
   -11.18588     2.00000
   -11.14142     2.00000
   -11.10144     2.00000
   -11.06198     2.00000
   -11.05236     2.00000
   -10.99695     2.00000
   -10.98447     2.00000
   -10.96949     2.00000
   -10.91916     2.00000
   -10.86373     2.00000
   -10.68586     2.00000
   -10.64457     2.00000
   -10.56496     2.00000
   -10.49500     2.00000
   -10.45562     2.00000
   -10.40966     2.00000
   -10.40063     2.00000
   -10.32483     2.00000
   -10.30039     2.00000
   -10.25647     2.00000
   -10.22578     2.00000
   -10.16614     2.00000
   -10.15402     2.00000
   -10.12288     2.00000
   -10.07122     2.00000
    -9.99100     2.00000
    -9.92016     2.00000
    -9.76460     2.00000
    -9.72156     2.00000
    -9.68498     2.00000
    -9.63294     2.00000
    -9.62403     2.00000
    -9.54497     2.00000
    -9.50588     2.00000
    -9.44807     2.00000
    -9.43428     2.00000
    -9.37256     2.00000
    -9.31063     2.00000
    -9.23853     2.00000
    -9.17930     2.00000
    -9.11171     2.00000
    -9.06260     2.00000
    -9.02231     2.00000
    -8.97231     2.00000
    -8.90695     2.00000
    -8.89321     2.00000
    -8.85187     2.00000
    -8.79070     2.00000
    -4.11617     0.00000
    -4.09387     0.00000
    -4.08119     0.00000
    -4.03463     0.00000
    -3.98539     0.00000
    -3.97445     0.00000
    -3.92823     0.00000
    -3.89420     0.00000
    -3.87726     0.00000
    -3.82602     0.00000
    -3.75123     0.00000
    -3.65831     0.00000
    -3.61199     0.00000
    -3.56696     0.00000
    -3.52259     0.00000
    -3.49844     0.00000
    -3.47565     0.00000
    -3.45090     0.00000
    -3.43236     0.00000
    -3.38580     0.00000
    -3.27758     0.00000
    -3.22278     0.00000
    -3.14565     0.00000
    -3.08106     0.00000
    -3.06432     0.00000
    -2.88492     0.00000
    -2.84665     0.00000
    -2.75691     0.00000
    -2.68483     0.00000
    -2.66353     0.00000
    -2.60061     0.00000
    -2.48264     0.00000
    -2.42517     0.00000
    -2.13633     0.00000
    -1.90665     0.00000
    -1.86776     0.00000
    -1.79301     0.00000
    -0.30683     0.00000
    -0.03526     0.00000
     0.08902     0.00000
     0.13733     0.00000
     0.25188     0.00000
     0.31694     0.00000
     0.46103     0.00000
     0.67747     0.00000
     0.86817     0.00000
     4.06550     0.00000
     4.49420     0.00000
     4.53406     0.00000
     5.06164     0.00000
     7.65130     0.00000
     7.73198     0.00000
     7.99225     0.00000
     8.05791     0.00000
     9.31574     0.00000
     9.37842     0.00000
     9.53263     0.00000
     9.73423     0.00000
     9.93242     0.00000
    10.13610     0.00000
    10.30109     0.00000
    10.39068     0.00000
    10.53826     0.00000
    10.69628     0.00000
    10.82356     0.00000
    11.53502     0.00000
    11.85196     0.00000
    12.35622     0.00000
    12.49710     0.00000
    12.74755     0.00000
    12.94293     0.00000
    13.26142     0.00000
    13.46276     0.00000
    13.74141     0.00000
    13.98854     0.00000
    14.34254     0.00000
    14.55916     0.00000
    15.06610     0.00000
    15.43891     0.00000
    15.71200     0.00000
    16.64587     0.00000
 
