 Fermi distribution function
 
 Coordinates of moved atoms (au):
    1      0.00000000      3.71886736     12.01815780
    2      0.00000000      0.00000000     11.33835593
    3      3.71886736      3.71886736     12.69795967
    4      0.00000000     11.15660209     12.01815780
    5      0.00000000      7.43773472     11.33835593
    6      3.71886736     11.15660209     12.69795967
    7      0.00000000     18.59433681     12.01815780
    8      0.00000000     14.87546945     11.33835593
    9      3.71886736     18.59433681     12.69795967
   10      0.00000000     26.03207153     12.01815780
   11      0.00000000     22.31320417     11.33835593
   12      3.71886736     26.03207153     12.69795967
   13      0.05499125     26.59229608     15.73647332
   14      7.43719852      3.92291951     15.76951328
   15      7.21830622     21.85197826     22.63921824
   16      7.37666112     18.12906582     15.77867389
   17      3.71807025      4.03445223     16.29691782
   18      3.70720346      0.67651157     17.58407515
   19      3.71612954      7.43069078     17.56076668
   20      3.71478540     14.19893786     17.51925656
   21      3.38236409     19.49616788     19.30957275
   22      5.91828174     21.88443343     19.49298775
   23      4.12365285     24.89942759     19.10340536
   24      3.77749663     27.05887536     16.31830886
   25      3.65314291     17.55388905     16.31810516
   26      0.00151217     10.90722757     15.76748665
   27      3.71738846     10.82573705     16.28861165
 
 COMPONENT = q
  
 Eigenvalues /H
   -0.91170381
   -0.90940314
   -0.90852073
   -0.90586351
   -0.90128675
   -0.89856859
   -0.89778616
   -0.89485893
   -0.89453948
   -0.89298662
   -0.89197999
   -0.89180634
   -0.89154105
   -0.89043996
   -0.88890029
   -0.88842778
   -0.88810033
   -0.88744964
   -0.43256535
   -0.43051092
   -0.42962516
   -0.42857147
   -0.41667514
   -0.41285939
   -0.41107339
   -0.40943954
   -0.40797030
   -0.40652038
   -0.40616667
   -0.40413043
   -0.40367175
   -0.40312123
   -0.40127170
   -0.39923481
   -0.39269815
   -0.39118066
   -0.38825532
   -0.38568407
   -0.38423698
   -0.38254786
   -0.38221595
   -0.37943044
   -0.37853254
   -0.37691851
   -0.37579064
   -0.37359885
   -0.37315351
   -0.37200883
   -0.37011053
   -0.36716235
   -0.36455931
   -0.35884251
   -0.35726090
   -0.35591636
   -0.35400400
   -0.35367664
   -0.35077135
   -0.34933481
   -0.34721021
   -0.34670348
   -0.34443520
   -0.34215951
   -0.33950975
   -0.33733316
   -0.33484930
   -0.33304457
   -0.33156376
   -0.32972615
   -0.32732438
   -0.32681944
   -0.32530007
   -0.32305243
   -0.15126659
   -0.15044697
   -0.14998082
   -0.14826997
   -0.14646040
   -0.14605846
   -0.14435962
   -0.14310907
   -0.14248675
   -0.14060358
   -0.13785527
   -0.13444056
   -0.13273825
   -0.13108334
   -0.12945273
   -0.12856515
   -0.12772795
   -0.12681833
   -0.12613704
   -0.12442578
   -0.12044888
   -0.11843497
   -0.11560041
   -0.11322686
   -0.11261186
   -0.10601876
   -0.10461229
   -0.10131464
   -0.09866571
   -0.09788278
   -0.09557056
   -0.09123523
   -0.08912334
   -0.07850886
   -0.07006818
   -0.06863887
   -0.06589181
   -0.01127566
   -0.00129570
    0.00327151
    0.00504668
    0.00925642
    0.01164720
    0.01694262
    0.02489643
    0.03190467
    0.14940430
    0.16515897
    0.16662372
    0.18601171
    0.28118001
    0.28414511
    0.29370965
    0.29612271
    0.34234719
    0.34465063
    0.35031780
    0.35772642
    0.36500977
    0.37249501
    0.37855799
    0.38185035
    0.38727378
    0.39308121
    0.39775852
    0.42390421
    0.43555140
    0.45408274
    0.45926003
    0.46846390
    0.47564410
    0.48734841
    0.49474747
    0.50498737
    0.51406952
    0.52707878
    0.53503944
    0.55366895
    0.56736937
    0.57740523
    0.61172448
 
 Eigenvalues /eV
  -24.80872284
  -24.74611838
  -24.72210684
  -24.64980037
  -24.52526023
  -24.45129528
  -24.43000430
  -24.35035051
  -24.34165774
  -24.29940230
  -24.27201060
  -24.26728514
  -24.26006623
  -24.23010425
  -24.18820759
  -24.17535005
  -24.16643966
  -24.14873327
  -11.77070216
  -11.71479807
  -11.69069541
  -11.66202307
  -11.33830757
  -11.23447555
  -11.18587610
  -11.14141674
  -11.10143679
  -11.06198226
  -11.05235745
  -10.99694859
  -10.98446712
  -10.96948690
  -10.91915860
  -10.86373180
  -10.68586023
  -10.64456736
  -10.56496493
  -10.49499740
  -10.45562029
  -10.40965682
  -10.40062508
  -10.32482758
  -10.30039449
  -10.25647454
  -10.22578352
  -10.16614200
  -10.15402370
  -10.12287521
  -10.07122002
   -9.99099587
   -9.92016366
   -9.76460159
   -9.72156371
   -9.68497694
   -9.63293901
   -9.62403116
   -9.54497404
   -9.50588374
   -9.44807054
   -9.43428173
   -9.37255879
   -9.31063408
   -9.23853045
   -9.17930243
   -9.11171310
   -9.06260398
   -9.02230904
   -8.97230500
   -8.90694950
   -8.89320953
   -8.85186528
   -8.79070393
   -4.11617337
   -4.09387046
   -4.08118579
   -4.03463106
   -3.98539034
   -3.97445294
   -3.92822521
   -3.89419595
   -3.87726162
   -3.82601794
   -3.75123267
   -3.65831370
   -3.61199144
   -3.56695905
   -3.52258798
   -3.49843577
   -3.47565444
   -3.45090237
   -3.43236355
   -3.38579765
   -3.27758090
   -3.22277942
   -3.14564710
   -3.08105972
   -3.06432463
   -2.88491715
   -2.84664515
   -2.75691166
   -2.68483057
   -2.66352596
   -2.60060724
   -2.48263703
   -2.42516941
   -2.13633474
   -1.90665207
   -1.86775863
   -1.79300745
   -0.30682643
   -0.03525775
    0.08902239
    0.13732722
    0.25188008
    0.31693637
    0.46103210
    0.67746638
    0.86817017
    4.06549795
    4.49420415
    4.53406216
    5.06163608
    7.65129748
    7.73198189
    7.99224631
    8.05790882
    9.31574106
    9.37842082
    9.53263229
    9.73423104
    9.93242106
   10.13610499
   10.30108704
   10.39067680
   10.53825575
   10.69628397
   10.82356003
   11.53502050
   11.85195655
   12.35621995
   12.49710138
   12.74755143
   12.94293452
   13.26142498
   13.46276353
   13.74140539
   13.98854346
   14.34254339
   14.55916395
   15.06609856
   15.43890596
   15.71199581
   16.64586991
 
 Fillings
     2.00000
     2.00000
     2.00000
     2.00000
     2.00000
     2.00000
     2.00000
     2.00000
     2.00000
     2.00000
     2.00000
     2.00000
     2.00000
     2.00000
     2.00000
     2.00000
     2.00000
     2.00000
     2.00000
     2.00000
     2.00000
     2.00000
     2.00000
     2.00000
     2.00000
     2.00000
     2.00000
     2.00000
     2.00000
     2.00000
     2.00000
     2.00000
     2.00000
     2.00000
     2.00000
     2.00000
     2.00000
     2.00000
     2.00000
     2.00000
     2.00000
     2.00000
     2.00000
     2.00000
     2.00000
     2.00000
     2.00000
     2.00000
     2.00000
     2.00000
     2.00000
     2.00000
     2.00000
     2.00000
     2.00000
     2.00000
     2.00000
     2.00000
     2.00000
     2.00000
     2.00000
     2.00000
     2.00000
     2.00000
     2.00000
     2.00000
     2.00000
     2.00000
     2.00000
     2.00000
     2.00000
     2.00000
     0.00000
     0.00000
     0.00000
     0.00000
     0.00000
     0.00000
     0.00000
     0.00000
     0.00000
     0.00000
     0.00000
     0.00000
     0.00000
     0.00000
     0.00000
     0.00000
     0.00000
     0.00000
     0.00000
     0.00000
     0.00000
     0.00000
     0.00000
     0.00000
     0.00000
     0.00000
     0.00000
     0.00000
     0.00000
     0.00000
     0.00000
     0.00000
     0.00000
     0.00000
     0.00000
     0.00000
     0.00000
     0.00000
     0.00000
     0.00000
     0.00000
     0.00000
     0.00000
     0.00000
     0.00000
     0.00000
     0.00000
     0.00000
     0.00000
     0.00000
     0.00000
     0.00000
     0.00000
     0.00000
     0.00000
     0.00000
     0.00000
     0.00000
     0.00000
     0.00000
     0.00000
     0.00000
     0.00000
     0.00000
     0.00000
     0.00000
     0.00000
     0.00000
     0.00000
     0.00000
     0.00000
     0.00000
     0.00000
     0.00000
     0.00000
     0.00000
     0.00000
     0.00000
     0.00000
     0.00000
     0.00000
 
 Fermi energy:                      -0.2464539334 H           -6.7064 eV
 Band energy:                      -72.6889864803 H        -1977.9680 eV
 TS:                                 0.0000000000 H            0.0000 eV
 Band free energy (E-TS):          -72.6889864803 H        -1977.9680 eV
 Extrapolated E(0K):               -72.6889864803 H        -1977.9680 eV
 
 Energy H0:                        -72.6889864803 H        -1977.9680 eV
 Total Electronic energy:          -72.6889864803 H        -1977.9680 eV
 Repulsive energy:                   2.3510379256 H           63.9750 eV
 Total energy:                     -70.3379485547 H        -1913.9930 eV
 Total Mermin free energy:         -70.3379485547 H        -1913.9930 eV
 
 Non-SCC calculation
 
 Full geometry written in geo_end.{xyz|gen}
 
 Total Forces
  2.714461810233236E-004  3.724275712341952E-004  1.945399632304491E-002
 -5.707757628608165E-005  3.119324465717484E-003 -7.167021232619749E-003
 -2.486372151366630E-005  2.301165863379957E-003 -1.197904110094827E-002
 -1.203127327981589E-003 -6.275192807239571E-004  1.737743420587069E-002
 -9.474883174786385E-007 -1.406753778547268E-004 -7.211654799500804E-003
  5.948775143971342E-005 -2.164968481844429E-003 -1.501807282326349E-002
 -7.985921271483904E-004  2.449911238982163E-004  2.621483913356376E-002
  5.050809863231930E-005 -2.472600909820710E-003 -5.970549171694366E-003
 -3.368853651371797E-003 -2.542163571163467E-003 -1.019860405704809E-002
  4.637553423193230E-004  5.090792340590612E-004  1.926582146647765E-002
  2.114541842331973E-005 -9.093296577823527E-005 -1.515500758223504E-003
  3.288376554283529E-003  1.919525881949446E-003 -1.061062118424323E-002
  3.785752347519444E-003  2.815076245201695E-003 -5.970755101181446E-004
 -2.990833403132386E-004  3.027450855352019E-003  1.484265239434096E-004
 -4.114717002513021E-003  7.943608699955088E-004 -7.106967428648997E-003
 -4.486116466046709E-003  2.061115998626463E-003 -3.589297285561434E-003
 -2.170008373636819E-004  6.890231434527477E-003 -5.875815457314033E-003
  1.174613840190414E-003 -1.096358745155184E-002 -3.233333459800328E-003
  9.680200539986621E-005 -3.305304413187347E-004 -4.714724050247601E-003
 -4.071343659470560E-004  2.371109698221692E-004  2.125145258655231E-003
  1.463487065969177E-002  4.946182648151672E-003  5.029347485993846E-003
  9.431789208994013E-006 -4.168691381956876E-003  9.804255211151858E-003
 -5.403111829899492E-003 -4.321564171070304E-003  6.980048754282139E-003
 -5.301996923176339E-003  1.487892851553658E-002 -2.553879052576286E-003
  7.487839017625737E-004 -3.599390592655034E-003 -6.839792473557371E-003
 -1.159200573899455E-003 -1.964770506494193E-003  2.446997691368802E-004
  2.236849341883382E-003 -1.072957654521944E-002 -2.462064286754731E-003
 
 Total stress tensor
     -0.000007735393     -0.000000849588      0.000000990534
     -0.000000850284     -0.000083720045     -0.000002398260
      0.000000992077     -0.000002397784     -0.000005398578
 
 Total lattice derivs
      0.010872311703      0.001194119468     -0.001392222896
      0.000298774603      0.029417718205      0.000842705485
     -0.000219526379      0.000530580764      0.001194595051
 
 Maximal derivative component:       0.262148E-01 au
 Max force for moved atoms::         0.262148E-01 au
 
 Volume:                             0.104539E+05 au^3
 Pressure:                          -0.322847E-04 au    -0.949848E+09 Pa
 
 Geometry converged
 
