 KPT            1  SPIN            1  KWEIGHT    1.00000000000000     
   -24.81696     2.00000
   -24.75006     2.00000
   -24.72208     2.00000
   -24.64381     2.00000
   -24.56347     2.00000
   -24.46461     2.00000
   -24.44151     2.00000
   -24.36977     2.00000
   -24.36106     2.00000
   -24.30602     2.00000
   -24.26904     2.00000
   -24.26542     2.00000
   -24.25864     2.00000
   -24.25117     2.00000
   -24.18968     2.00000
   -24.18391     2.00000
   -24.17696     2.00000
   -24.15817     2.00000
   -11.77672     2.00000
   -11.71845     2.00000
   -11.70856     2.00000
   -11.68202     2.00000
   -11.35423     2.00000
   -11.32801     2.00000
   -11.25604     2.00000
   -11.17797     2.00000
   -11.16727     2.00000
   -11.09136     2.00000
   -11.05543     2.00000
   -11.05023     2.00000
   -10.98420     2.00000
   -10.97187     2.00000
   -10.96211     2.00000
   -10.93207     2.00000
   -10.86915     2.00000
   -10.68315     2.00000
   -10.64097     2.00000
   -10.49423     2.00000
   -10.47529     2.00000
   -10.42694     2.00000
   -10.40786     2.00000
   -10.39397     2.00000
   -10.32192     2.00000
   -10.30220     2.00000
   -10.23262     2.00000
   -10.15949     2.00000
   -10.15428     2.00000
   -10.10081     2.00000
   -10.07562     2.00000
   -10.02163     2.00000
   -10.00289     2.00000
    -9.79244     2.00000
    -9.74442     2.00000
    -9.67583     2.00000
    -9.64879     2.00000
    -9.60527     2.00000
    -9.50853     2.00000
    -9.47938     2.00000
    -9.44728     2.00000
    -9.40981     2.00000
    -9.40325     2.00000
    -9.30259     2.00000
    -9.18759     2.00000
    -9.12285     2.00000
    -9.04312     2.00000
    -9.02157     2.00000
    -9.00318     2.00000
    -8.99349     2.00000
    -8.91300     2.00000
    -8.89121     2.00000
    -8.84702     2.00000
    -8.77944     2.00000
    -4.11489     0.00000
    -4.09576     0.00000
    -4.07675     0.00000
    -4.04841     0.00000
    -3.97836     0.00000
    -3.92186     0.00000
    -3.91361     0.00000
    -3.87175     0.00000
    -3.82734     0.00000
    -3.81899     0.00000
    -3.78851     0.00000
    -3.64111     0.00000
    -3.63534     0.00000
    -3.53922     0.00000
    -3.52650     0.00000
    -3.50898     0.00000
    -3.43374     0.00000
    -3.38756     0.00000
    -3.35626     0.00000
    -3.33075     0.00000
    -3.27744     0.00000
    -3.19825     0.00000
    -3.08715     0.00000
    -3.05677     0.00000
    -3.02809     0.00000
    -2.87181     0.00000
    -2.76069     0.00000
    -2.71898     0.00000
    -2.68739     0.00000
    -2.67493     0.00000
    -2.52321     0.00000
    -2.51985     0.00000
    -2.35992     0.00000
    -2.25342     0.00000
    -1.92197     0.00000
    -1.74441     0.00000
    -1.49573     0.00000
    -0.27795     0.00000
     0.13967     0.00000
     0.14155     0.00000
     0.27096     0.00000
     0.29706     0.00000
     0.48746     0.00000
     0.73577     0.00000
     0.92466     0.00000
     3.57665     0.00000
     4.01902     0.00000
     4.44014     0.00000
     4.49003     0.00000
     5.02273     0.00000
     7.85300     0.00000
     7.90714     0.00000
     8.16571     0.00000
     8.20876     0.00000
     9.33693     0.00000
     9.44418     0.00000
     9.64717     0.00000
     9.73114     0.00000
    10.16698     0.00000
    10.29492     0.00000
    10.40267     0.00000
    10.46267     0.00000
    10.51016     0.00000
    10.74346     0.00000
    10.88213     0.00000
    11.30794     0.00000
    11.67550     0.00000
    12.33246     0.00000
    12.56983     0.00000
    13.03234     0.00000
    13.12260     0.00000
    13.51643     0.00000
    13.53363     0.00000
    13.83139     0.00000
    14.13732     0.00000
    14.58617     0.00000
    14.84719     0.00000
    14.98159     0.00000
    15.26410     0.00000
    15.65235     0.00000
    16.96628     0.00000
 
