 Fermi distribution function
 
 Coordinates of moved atoms (au):
    1      0.00000000      3.71886736     12.01815780
    2      0.00000000      0.00000000     11.33835593
    3      3.71886736      3.71886736     12.69795967
    4      0.00000000     11.15660209     12.01815780
    5      0.00000000      7.43773472     11.33835593
    6      3.71886736     11.15660209     12.69795967
    7      0.00000000     18.59433681     12.01815780
    8      0.00000000     14.87546945     11.33835593
    9      3.71886736     18.59433681     12.69795967
   10      0.00000000     26.03207153     12.01815780
   11      0.00000000     22.31320417     11.33835593
   12      3.71886736     26.03207153     12.69795967
   13      7.43066427     17.84010419     15.70574780
   14      3.71492839      0.79454948     17.51909130
   15      3.71418374     19.62592352     19.19747013
   16      3.68164466     22.33836520     21.22879781
   17      7.43686181     26.85541610     15.69526584
   18      3.72904715     25.05314456     19.20147641
   19      3.71536329      7.47560724     17.64034012
   20      7.43638524      4.13596695     15.75222515
   21      3.71829388     27.17820309     16.28679948
   22      7.40163286     22.29867601     22.12786329
   23      0.00097171     10.80348092     15.75811819
   24      3.71656286     10.78534879     16.28881194
   25      3.71326178     17.49519750     16.29710911
   26      3.71945710     14.14395412     17.54069964
   27      3.71883172      4.13011856     16.28385098
 
 COMPONENT = q
  
 Eigenvalues /H
   -0.91200644
   -0.90954794
   -0.90851965
   -0.90564329
   -0.90269091
   -0.89905791
   -0.89820905
   -0.89557257
   -0.89525266
   -0.89322989
   -0.89187071
   -0.89173773
   -0.89148859
   -0.89121417
   -0.88895429
   -0.88874246
   -0.88848703
   -0.88779634
   -0.43278666
   -0.43064497
   -0.43028159
   -0.42930639
   -0.41726013
   -0.41629663
   -0.41365198
   -0.41078276
   -0.41038954
   -0.40760005
   -0.40627948
   -0.40608843
   -0.40366199
   -0.40320890
   -0.40284998
   -0.40174604
   -0.39943398
   -0.39259845
   -0.39104828
   -0.38565583
   -0.38495996
   -0.38318287
   -0.38248194
   -0.38197128
   -0.37932372
   -0.37859895
   -0.37604200
   -0.37335445
   -0.37316304
   -0.37119798
   -0.37027225
   -0.36828812
   -0.36759938
   -0.35986563
   -0.35810074
   -0.35558026
   -0.35458636
   -0.35298701
   -0.34943209
   -0.34836092
   -0.34718121
   -0.34580423
   -0.34556317
   -0.34186383
   -0.33763778
   -0.33525868
   -0.33232856
   -0.33153658
   -0.33086074
   -0.33050486
   -0.32754682
   -0.32674599
   -0.32512215
   -0.32263853
   -0.15121935
   -0.15051638
   -0.14981766
   -0.14877639
   -0.14620192
   -0.14412574
   -0.14382261
   -0.14228402
   -0.14065199
   -0.14034536
   -0.13922522
   -0.13380836
   -0.13359646
   -0.13006391
   -0.12959637
   -0.12895259
   -0.12618781
   -0.12449072
   -0.12334028
   -0.12240281
   -0.12044373
   -0.11753357
   -0.11345077
   -0.11233418
   -0.11128034
   -0.10553690
   -0.10145338
   -0.09992058
   -0.09875979
   -0.09830197
   -0.09272640
   -0.09260293
   -0.08672533
   -0.08281174
   -0.07063114
   -0.06410573
   -0.05496715
   -0.01021430
    0.00513292
    0.00520172
    0.00995760
    0.01091668
    0.01791397
    0.02703922
    0.03398050
    0.13143951
    0.14769622
    0.16317201
    0.16500570
    0.18458188
    0.28859251
    0.29058213
    0.30008431
    0.30166630
    0.34312588
    0.34706741
    0.35452698
    0.35761294
    0.37362964
    0.37833117
    0.38229103
    0.38449595
    0.38624141
    0.39481482
    0.39991108
    0.41555931
    0.42906685
    0.45320965
    0.46193271
    0.47892969
    0.48224684
    0.49671963
    0.49735180
    0.50829431
    0.51953688
    0.53603205
    0.54562409
    0.55056335
    0.56094545
    0.57521341
    0.62349951
 
 Eigenvalues /eV
  -24.81695779
  -24.75005862
  -24.72207749
  -24.64380774
  -24.56346933
  -24.46461039
  -24.44151193
  -24.36976949
  -24.36106449
  -24.30602193
  -24.26903681
  -24.26541834
  -24.25863887
  -24.25117146
  -24.18967706
  -24.18391275
  -24.17696232
  -24.15816749
  -11.77672421
  -11.71844584
  -11.70855789
  -11.68202113
  -11.35422575
  -11.32800761
  -11.25604305
  -11.17796753
  -11.16726763
  -11.09136170
  -11.05542719
  -11.05022854
  -10.98420163
  -10.97187251
  -10.96210570
  -10.93206598
  -10.86915165
  -10.68314744
  -10.64096500
  -10.49422898
  -10.47529339
  -10.42693628
  -10.40786312
  -10.39396746
  -10.32192360
  -10.30220155
  -10.23262356
  -10.15949137
  -10.15428292
  -10.10081083
  -10.07562046
  -10.02162954
  -10.00288810
   -9.79244213
   -9.74441700
   -9.67583128
   -9.64878565
   -9.60526529
   -9.50853084
   -9.47938296
   -9.44728148
   -9.40981200
   -9.40325242
   -9.30258825
   -9.18759151
   -9.12285281
   -9.04312021
   -9.02156936
   -9.00317885
   -8.99349490
   -8.91300239
   -8.89121068
   -8.84702387
   -8.77944101
   -4.11488791
   -4.09575901
   -4.07674595
   -4.04841156
   -3.97835667
   -3.92186087
   -3.91361234
   -3.87174518
   -3.82733534
   -3.81899145
   -3.78851107
   -3.64111067
   -3.63534457
   -3.53921911
   -3.52649674
   -3.50897848
   -3.43374496
   -3.38756496
   -3.35625976
   -3.33074996
   -3.27744074
   -3.19825124
   -3.08715261
   -3.05676843
   -3.02809202
   -2.87180504
   -2.76068686
   -2.71897735
   -2.68739061
   -2.67493260
   -2.52321374
   -2.51985387
   -2.35991627
   -2.25342205
   -1.92197111
   -1.74440562
   -1.49573228
   -0.27794521
    0.13967398
    0.14154605
    0.27095997
    0.29705797
    0.48746382
    0.73577461
    0.92465632
    3.57665107
    4.01901854
    4.44013634
    4.49003358
    5.02272845
    7.85300177
    7.90714206
    8.16570951
    8.20875772
    9.33693034
    9.44418466
    9.64716996
    9.73114324
   10.16697974
   10.29491506
   10.40266817
   10.46266724
   10.51016341
   10.74345775
   10.88213430
   11.30794414
   11.67550305
   12.33246214
   12.56982872
   13.03234006
   13.12260417
   13.51642897
   13.53363108
   13.83139187
   14.13731769
   14.58617408
   14.84718703
   14.98159104
   15.26410219
   15.65235315
   16.96628490
 
 Fillings
     2.00000
     2.00000
     2.00000
     2.00000
     2.00000
     2.00000
     2.00000
     2.00000
     2.00000
     2.00000
     2.00000
     2.00000
     2.00000
     2.00000
     2.00000
     2.00000
     2.00000
     2.00000
     2.00000
     2.00000
     2.00000
     2.00000
     2.00000
     2.00000
     2.00000
     2.00000
     2.00000
     2.00000
     2.00000
     2.00000
     2.00000
     2.00000
     2.00000
     2.00000
     2.00000
     2.00000
     2.00000
     2.00000
     2.00000
     2.00000
     2.00000
     2.00000
     2.00000
     2.00000
     2.00000
     2.00000
     2.00000
     2.00000
     2.00000
     2.00000
     2.00000
     2.00000
     2.00000
     2.00000
     2.00000
     2.00000
     2.00000
     2.00000
     2.00000
     2.00000
     2.00000
     2.00000
     2.00000
     2.00000
     2.00000
     2.00000
     2.00000
     2.00000
     2.00000
     2.00000
     2.00000
     2.00000
     0.00000
     0.00000
     0.00000
     0.00000
     0.00000
     0.00000
     0.00000
     0.00000
     0.00000
     0.00000
     0.00000
     0.00000
     0.00000
     0.00000
     0.00000
     0.00000
     0.00000
     0.00000
     0.00000
     0.00000
     0.00000
     0.00000
     0.00000
     0.00000
     0.00000
     0.00000
     0.00000
     0.00000
     0.00000
     0.00000
     0.00000
     0.00000
     0.00000
     0.00000
     0.00000
     0.00000
     0.00000
     0.00000
     0.00000
     0.00000
     0.00000
     0.00000
     0.00000
     0.00000
     0.00000
     0.00000
     0.00000
     0.00000
     0.00000
     0.00000
     0.00000
     0.00000
     0.00000
     0.00000
     0.00000
     0.00000
     0.00000
     0.00000
     0.00000
     0.00000
     0.00000
     0.00000
     0.00000
     0.00000
     0.00000
     0.00000
     0.00000
     0.00000
     0.00000
     0.00000
     0.00000
     0.00000
     0.00000
     0.00000
     0.00000
     0.00000
     0.00000
     0.00000
     0.00000
     0.00000
     0.00000
 
 Fermi energy:                      -0.2414725845 H           -6.5708 eV
 Band energy:                      -72.7630715237 H        -1979.9839 eV
 TS:                                 0.0000000000 H            0.0000 eV
 Band free energy (E-TS):          -72.7630715237 H        -1979.9839 eV
 Extrapolated E(0K):               -72.7630715237 H        -1979.9839 eV
 
 Energy H0:                        -72.7630715237 H        -1979.9839 eV
 Total Electronic energy:          -72.7630715237 H        -1979.9839 eV
 Repulsive energy:                   2.3939676776 H           65.1432 eV
 Total energy:                     -70.3691038461 H        -1914.8407 eV
 Total Mermin free energy:         -70.3691038461 H        -1914.8407 eV
 
 Non-SCC calculation
 
 Full geometry written in geo_end.{xyz|gen}
 
 Total Forces
 -3.138455136896085E-005  1.888687434185587E-003  1.899785545957240E-002
  8.628843268910133E-007  5.032977476322904E-003 -8.711542024044245E-003
 -6.364330454863680E-005  2.114849400670273E-003 -1.429277389840483E-002
 -4.677865327120735E-004 -1.534663623548437E-003  1.912719558324392E-002
 -4.906325627629134E-007  2.719827523472316E-004 -8.990717582900657E-003
  2.935341674605530E-005 -2.131304573676194E-003 -1.397781662156919E-002
 -5.697893748024264E-005 -1.913523493491460E-003  1.923385265787506E-002
  7.504799930309806E-006 -4.504558329752887E-003 -8.297617900895879E-003
 -3.689496632363036E-004 -1.102809668195481E-003 -1.007105812451106E-002
 -5.061161505258512E-006  2.396304956024744E-003  1.985542280296189E-002
 -1.767324973383795E-006  2.577063975613730E-005 -3.620262594394401E-004
 -4.570918134261300E-005  1.286353779880661E-003 -8.735664477780347E-003
  1.362154419875971E-003  1.454595326999128E-003  1.122403497126959E-003
  7.360214948670739E-005 -1.710077233956406E-002  5.547515458977817E-003
 -4.214744067346345E-004 -2.430056721608748E-002 -2.243810360248876E-002
  7.254100266072209E-005 -9.934061375699295E-004  2.697980039712974E-002
  3.410035175402495E-004 -2.614889843623501E-003  9.382564069550584E-004
 -6.940979595142904E-004  2.644015421471617E-002 -2.511536371872884E-002
  1.181979329203479E-004 -1.478053800865993E-002  5.583557597711786E-003
  4.119184415400470E-004 -1.401046374479971E-003  3.217675663877984E-004
 -1.089124143755833E-004 -5.798185948246737E-003  1.401725541063757E-002
  7.597380413107160E-004  1.304131629066723E-003  9.853373693934769E-005
 -1.166045901800639E-003  1.209840719561334E-003  4.760274985027291E-007
  1.525255382468919E-003  7.777564947739946E-003 -1.388784632737372E-002
 -7.860354404097912E-004  7.547818967978856E-003  1.052666056755322E-002
 -9.597974644463586E-005  4.454840952669670E-003  3.478331220672398E-003
 -3.878148297971540E-004  1.497039235897663E-002 -1.094835385310659E-002
 
 Total stress tensor
     -0.000030298359      0.000000008877      0.000000483311
      0.000000008874     -0.000062299970     -0.000003238415
      0.000000483303     -0.000003238135     -0.000001656004
 
 Total lattice derivs
      0.042585193677     -0.000012476473     -0.000679307408
     -0.000003118216      0.021891088905      0.001137920865
     -0.000106945156      0.000716533202      0.000366439818
 
 Maximal derivative component:       0.269798E-01 au
 Max force for moved atoms::         0.269798E-01 au
 
 Volume:                             0.104539E+05 au^3
 Pressure:                          -0.314181E-04 au    -0.924352E+09 Pa
 
 Geometry converged
 
