 KPT            1  SPIN            1  KWEIGHT    1.00000000000000     
   -24.77073     2.00000
   -24.69848     2.00000
   -24.62910     2.00000
   -24.61643     2.00000
   -24.48148     2.00000
   -24.43107     2.00000
   -24.35305     2.00000
   -24.31329     2.00000
   -24.29972     2.00000
   -24.27510     2.00000
   -24.23939     2.00000
   -24.21439     2.00000
   -24.19457     2.00000
   -24.18247     2.00000
   -24.14026     2.00000
   -24.13442     2.00000
   -24.00080     2.00000
   -23.91474     2.00000
   -11.74884     2.00000
   -11.68919     2.00000
   -11.57052     2.00000
   -11.46469     2.00000
   -11.29305     2.00000
   -11.19163     2.00000
   -11.11904     2.00000
   -11.06788     2.00000
   -11.01121     2.00000
   -10.96637     2.00000
   -10.94532     2.00000
   -10.89916     2.00000
   -10.87492     2.00000
   -10.68083     2.00000
   -10.60225     2.00000
   -10.57369     2.00000
   -10.44024     2.00000
   -10.42059     2.00000
   -10.37667     2.00000
   -10.30903     2.00000
   -10.30478     2.00000
   -10.25591     2.00000
   -10.23583     2.00000
   -10.17041     2.00000
   -10.15681     2.00000
   -10.06479     2.00000
    -9.92789     2.00000
    -9.91873     2.00000
    -9.86421     2.00000
    -9.78511     2.00000
    -9.76882     2.00000
    -9.74624     2.00000
    -9.67120     2.00000
    -9.60575     2.00000
    -9.58949     2.00000
    -9.47326     2.00000
    -9.44187     2.00000
    -9.39855     2.00000
    -9.36170     2.00000
    -9.31117     2.00000
    -9.26254     2.00000
    -9.23332     2.00000
    -9.16156     2.00000
    -9.12262     2.00000
    -9.09624     2.00000
    -9.07621     2.00000
    -9.04351     2.00000
    -9.03670     2.00000
    -9.02391     2.00000
    -8.96659     2.00000
    -8.93509     2.00000
    -8.87215     2.00000
    -8.84982     2.00000
    -8.74963     2.00000
    -4.84589     0.00000
    -4.46080     0.00000
    -4.44298     0.00000
    -4.27718     0.00000
    -4.22179     0.00000
    -4.19013     0.00000
    -4.14955     0.00000
    -4.10654     0.00000
    -4.03444     0.00000
    -4.01375     0.00000
    -3.99249     0.00000
    -3.96729     0.00000
    -3.94324     0.00000
    -3.88099     0.00000
    -3.86033     0.00000
    -3.79863     0.00000
    -3.72093     0.00000
    -3.69304     0.00000
    -3.63922     0.00000
    -3.57205     0.00000
    -3.54542     0.00000
    -3.49416     0.00000
    -3.44030     0.00000
    -3.38657     0.00000
    -3.25534     0.00000
    -3.18462     0.00000
    -3.17542     0.00000
    -3.13866     0.00000
    -3.08678     0.00000
    -3.04061     0.00000
    -3.02384     0.00000
    -2.88510     0.00000
    -2.75435     0.00000
    -2.72618     0.00000
    -2.46629     0.00000
    -2.36423     0.00000
    -2.21339     0.00000
    -2.06005     0.00000
    -1.60815     0.00000
    -1.08303     0.00000
    -0.54493     0.00000
    -0.13401     0.00000
    -0.06189     0.00000
     0.17520     0.00000
     0.26250     0.00000
     0.28809     0.00000
     0.47204     0.00000
     1.48161     0.00000
     2.13872     0.00000
     2.60708     0.00000
     2.78445     0.00000
     4.45211     0.00000
     4.70671     0.00000
     5.16598     0.00000
     5.91728     0.00000
     6.90430     0.00000
     7.47129     0.00000
     8.12400     0.00000
     8.34210     0.00000
     8.72288     0.00000
     9.08297     0.00000
     9.11519     0.00000
     9.63851     0.00000
    10.05841     0.00000
    10.49290     0.00000
    10.70040     0.00000
    11.14162     0.00000
    11.47259     0.00000
    11.64697     0.00000
    11.76287     0.00000
    11.83930     0.00000
    12.24562     0.00000
    12.55695     0.00000
    12.81876     0.00000
    12.93693     0.00000
    13.41147     0.00000
    14.00427     0.00000
    14.28572     0.00000
    14.54039     0.00000
    14.97178     0.00000
    15.33747     0.00000
 
