 Fermi distribution function
 
 Coordinates of moved atoms (au):
    1      0.00000000      3.71886736     12.01815780
    2      0.00000000      0.00000000     11.33835593
    3      3.71886736      3.71886736     12.69795967
    4      0.00000000     11.15660209     12.01815780
    5      0.00000000      7.43773472     11.33835593
    6      3.71886736     11.15660209     12.69795967
    7      0.00000000     18.59433681     12.01815780
    8      0.00000000     14.87546945     11.33835593
    9      3.71886736     18.59433681     12.69795967
   10      0.00000000     26.03207153     12.01815780
   11      0.00000000     22.31320417     11.33835593
   12      3.71886736     26.03207153     12.69795967
   13      7.37831483     18.96569825     15.63860800
   14      0.07825873     25.81208240     15.76157047
   15      3.52627230      5.68556730     19.15433684
   16      3.95602202     23.57783193     18.81164095
   17      7.41663869      3.67079166     15.73365975
   18      3.79347838     29.58574889     17.47632425
   19      0.88345480     19.25488584     21.72943686
   20      3.10142933     12.80531174     21.19795211
   21      3.02489973      9.64370309     23.16662568
   22      6.85615853     12.81351572     20.16940159
   23      3.76787106     26.16826920     16.41218900
   24      3.69662954      3.30018003     16.43782448
   25      3.71591632     22.38073803     10.13641772
   26      6.73791308     10.03547976     22.75342550
   27      7.03461588     12.04679159     16.88317697
 
 COMPONENT = q
  
 Eigenvalues /H
   -0.91030764
   -0.90765240
   -0.90510265
   -0.90463727
   -0.89967794
   -0.89782520
   -0.89495821
   -0.89349683
   -0.89299840
   -0.89209365
   -0.89078125
   -0.88986254
   -0.88913409
   -0.88868938
   -0.88713817
   -0.88692371
   -0.88201331
   -0.87885064
   -0.43176195
   -0.42956976
   -0.42520878
   -0.42131975
   -0.41501206
   -0.41128490
   -0.40861710
   -0.40673728
   -0.40465463
   -0.40300670
   -0.40223296
   -0.40053678
   -0.39964593
   -0.39251329
   -0.38962569
   -0.38857582
   -0.38367180
   -0.38294972
   -0.38133551
   -0.37884975
   -0.37869357
   -0.37689793
   -0.37615976
   -0.37375571
   -0.37325578
   -0.36987433
   -0.36484322
   -0.36450654
   -0.36250298
   -0.35959619
   -0.35899754
   -0.35816787
   -0.35541020
   -0.35300493
   -0.35240711
   -0.34813588
   -0.34698219
   -0.34539036
   -0.34403611
   -0.34217921
   -0.34039217
   -0.33931835
   -0.33668108
   -0.33525004
   -0.33428060
   -0.33354470
   -0.33234297
   -0.33209258
   -0.33162258
   -0.32951622
   -0.32835852
   -0.32604538
   -0.32522483
   -0.32154317
   -0.17808321
   -0.16393150
   -0.16327638
   -0.15718363
   -0.15514807
   -0.15398447
   -0.15249307
   -0.15091271
   -0.14826306
   -0.14750266
   -0.14672145
   -0.14579519
   -0.14491154
   -0.14262366
   -0.14186461
   -0.13959699
   -0.13674163
   -0.13571671
   -0.13373879
   -0.13127039
   -0.13029181
   -0.12840790
   -0.12642853
   -0.12445405
   -0.11963147
   -0.11703262
   -0.11669460
   -0.11534376
   -0.11343715
   -0.11174048
   -0.11112401
   -0.10602531
   -0.10122055
   -0.10018529
   -0.09063456
   -0.08688379
   -0.08134067
   -0.07570542
   -0.05909845
   -0.03980072
   -0.02002567
   -0.00492481
   -0.00227458
    0.00643862
    0.00964658
    0.01058707
    0.01734714
    0.05444830
    0.07859640
    0.09580827
    0.10232657
    0.16361192
    0.17296856
    0.18984644
    0.21745597
    0.25372827
    0.27456486
    0.29855169
    0.30656659
    0.32056007
    0.33379313
    0.33497703
    0.35420858
    0.36963994
    0.38560706
    0.39323243
    0.40944683
    0.42161003
    0.42801822
    0.43227742
    0.43508611
    0.45001834
    0.46145936
    0.47108059
    0.47542359
    0.49286241
    0.51464749
    0.52499047
    0.53434933
    0.55020269
    0.56364152
 
 Eigenvalues /eV
  -24.77073133
  -24.69847854
  -24.62909634
  -24.61643262
  -24.48148223
  -24.43106668
  -24.35305188
  -24.31328580
  -24.29972280
  -24.27510345
  -24.23939122
  -24.21439184
  -24.19456962
  -24.18246836
  -24.14025783
  -24.13442220
  -24.00080322
  -23.91474259
  -11.74884040
  -11.68918798
  -11.57051960
  -11.46469362
  -11.29305279
  -11.19163149
  -11.11903703
  -11.06788451
  -11.01121284
  -10.96637020
  -10.94531570
  -10.89916040
  -10.87491917
  -10.68083010
  -10.60225454
  -10.57368599
  -10.44024098
  -10.42059221
  -10.37666727
  -10.30902609
  -10.30477647
  -10.25591441
  -10.23582775
  -10.17041031
  -10.15680659
  -10.06479267
   -9.92788904
   -9.91872752
   -9.86420796
   -9.78511012
   -9.76882014
   -9.74624363
   -9.67120366
   -9.60575278
   -9.58948529
   -9.47325938
   -9.44186574
   -9.39854977
   -9.36169891
   -9.31116997
   -9.26254215
   -9.23332203
   -9.16155819
   -9.12261762
   -9.09623793
   -9.07621300
   -9.04351221
   -9.03669876
   -9.02390965
   -8.96659259
   -8.93509001
   -8.87214611
   -8.84981790
   -8.74963476
   -4.84589067
   -4.46080317
   -4.44297622
   -4.27718408
   -4.22179381
   -4.19013062
   -4.14954766
   -4.10654374
   -4.03444318
   -4.01375154
   -3.99249379
   -3.96728899
   -3.94324361
   -3.88098736
   -3.86033258
   -3.79862748
   -3.72092916
   -3.69303957
   -3.63921760
   -3.57204896
   -3.54542045
   -3.49415671
   -3.44029526
   -3.38656700
   -3.25533779
   -3.18461950
   -3.17542161
   -3.13866331
   -3.08678201
   -3.04061309
   -3.02383806
   -2.88509537
   -2.75435123
   -2.72618033
   -2.46629197
   -2.36422823
   -2.21339216
   -2.06004931
   -1.60815064
   -1.08303266
   -0.54492620
   -0.13401083
   -0.06189443
    0.17520369
    0.26249692
    0.28808895
    0.47203975
    1.48161350
    2.13871682
    2.60707573
    2.78444774
    4.45210680
    4.70671387
    5.16598459
    5.91727803
    6.90429749
    7.47129004
    8.12400494
    8.34210139
    8.72288327
    9.08297308
    9.11518887
    9.63850579
   10.05841451
   10.49290204
   10.70039884
   11.14161507
   11.47259266
   11.64696836
   11.76286711
   11.83929542
   12.24562215
   12.55694815
   12.81875509
   12.93693417
   13.41146857
   14.00427083
   14.28571745
   14.54038505
   14.97177694
   15.33746618
 
 Fillings
     2.00000
     2.00000
     2.00000
     2.00000
     2.00000
     2.00000
     2.00000
     2.00000
     2.00000
     2.00000
     2.00000
     2.00000
     2.00000
     2.00000
     2.00000
     2.00000
     2.00000
     2.00000
     2.00000
     2.00000
     2.00000
     2.00000
     2.00000
     2.00000
     2.00000
     2.00000
     2.00000
     2.00000
     2.00000
     2.00000
     2.00000
     2.00000
     2.00000
     2.00000
     2.00000
     2.00000
     2.00000
     2.00000
     2.00000
     2.00000
     2.00000
     2.00000
     2.00000
     2.00000
     2.00000
     2.00000
     2.00000
     2.00000
     2.00000
     2.00000
     2.00000
     2.00000
     2.00000
     2.00000
     2.00000
     2.00000
     2.00000
     2.00000
     2.00000
     2.00000
     2.00000
     2.00000
     2.00000
     2.00000
     2.00000
     2.00000
     2.00000
     2.00000
     2.00000
     2.00000
     2.00000
     2.00000
     0.00000
     0.00000
     0.00000
     0.00000
     0.00000
     0.00000
     0.00000
     0.00000
     0.00000
     0.00000
     0.00000
     0.00000
     0.00000
     0.00000
     0.00000
     0.00000
     0.00000
     0.00000
     0.00000
     0.00000
     0.00000
     0.00000
     0.00000
     0.00000
     0.00000
     0.00000
     0.00000
     0.00000
     0.00000
     0.00000
     0.00000
     0.00000
     0.00000
     0.00000
     0.00000
     0.00000
     0.00000
     0.00000
     0.00000
     0.00000
     0.00000
     0.00000
     0.00000
     0.00000
     0.00000
     0.00000
     0.00000
     0.00000
     0.00000
     0.00000
     0.00000
     0.00000
     0.00000
     0.00000
     0.00000
     0.00000
     0.00000
     0.00000
     0.00000
     0.00000
     0.00000
     0.00000
     0.00000
     0.00000
     0.00000
     0.00000
     0.00000
     0.00000
     0.00000
     0.00000
     0.00000
     0.00000
     0.00000
     0.00000
     0.00000
     0.00000
     0.00000
     0.00000
     0.00000
     0.00000
     0.00000
 
 Fermi energy:                      -0.2667048841 H           -7.2574 eV
 Band energy:                      -72.0005280498 H        -1959.2341 eV
 TS:                                 0.0000000000 H            0.0000 eV
 Band free energy (E-TS):          -72.0005280498 H        -1959.2341 eV
 Extrapolated E(0K):               -72.0005280498 H        -1959.2341 eV
 
 Energy H0:                        -72.0005280498 H        -1959.2341 eV
 Total Electronic energy:          -72.0005280498 H        -1959.2341 eV
 Repulsive energy:                   1.9991506217 H           54.3997 eV
 Total energy:                     -70.0013774282 H        -1904.8344 eV
 Total Mermin free energy:         -70.0013774282 H        -1904.8344 eV
 
 Non-SCC calculation
 
 Full geometry written in geo_end.{xyz|gen}
 
 Total Forces
 -1.659136446341157E-004  1.490124118807607E-003  1.811177944621979E-002
  8.114974600244053E-006 -1.592554498438711E-003 -4.398912168637314E-003
 -1.339199219448228E-003  3.090560237689437E-004 -1.194439840785221E-002
 -3.794007635229506E-004  2.977477291187399E-003  2.125773750033462E-002
 -1.396069239512262E-007  1.468752295149819E-003 -2.011253008784263E-003
 -2.227351867232384E-003 -1.239077755534776E-003 -1.155575284003210E-002
 -1.003803610185405E-003 -6.112969025838755E-002  8.506219737333649E-002
  5.487289379658197E-005 -1.574277524246581E-003 -1.925034730856125E-003
 -2.920026206854599E-003  1.944708167320638E-002 -5.020883362693036E-002
  8.903617580508366E-004  6.346063907478663E-002  4.527193487549762E-002
  4.426576390704365E-004  3.610947065771990E-003 -3.473744691451559E-002
  3.928044087381143E-003 -2.265441901031048E-002 -3.876658055763565E-002
  2.958974201507415E-003 -4.949204827141503E-003 -1.582066302151229E-002
 -1.486122377306755E-002  7.424662883938792E-003 -1.066444806735123E-003
  1.984195778833326E-003 -7.285490840884992E-003 -8.892112474018457E-003
 -2.966806830334854E-003  2.656216675993250E-003  2.588883861856239E-004
 -5.938337574158418E-004 -4.962147581141553E-003  5.721273507117222E-003
 -1.807694858787080E-003  1.888766802146875E-002 -4.639105203263147E-003
 -8.248795288340470E-004 -3.253738916855184E-003 -7.590533404324975E-004
 -5.501522018099404E-003  5.582567196061192E-003 -9.691456189920176E-003
  6.279685900914282E-003  2.002502197755718E-003 -2.030724457397283E-002
 -3.423871825736658E-003 -4.740328345328601E-003  2.130386887920888E-002
  1.317526181539042E-002 -1.193785597293195E-003  7.040232725747053E-003
  7.684299728075725E-005 -2.145295072356891E-003  2.138720714349260E-002
  3.772655832670679E-004  1.158986018404804E-003  4.313372317910652E-003
  7.353335639744525E-003 -1.046542015532589E-002 -1.404713950515293E-004
  4.860542412400276E-004 -3.291250153055487E-003 -1.286372889490076E-002
 
 Total stress tensor
     -0.000024583266      0.000000259250      0.000005485904
      0.000000259219     -0.000063122868     -0.000008177045
      0.000005485318     -0.000008175198     -0.000025831115
 
 Total lattice derivs
      0.034552470256     -0.000364383230     -0.007710592424
     -0.000091084839      0.022180240575      0.002873266648
     -0.001213788943      0.001809004406      0.005715898488
 
 Maximal derivative component:       0.850622E-01 au
 Max force for moved atoms::         0.850622E-01 au
 
 Volume:                             0.104539E+05 au^3
 Pressure:                          -0.378457E-04 au    -0.111346E+10 Pa
 
 Geometry converged
 
