 KPT            1  SPIN            1  KWEIGHT    1.00000000000000     
   -24.75103     2.00000
   -24.69524     2.00000
   -24.65660     2.00000
   -24.59878     2.00000
   -24.56654     2.00000
   -24.46578     2.00000
   -24.36735     2.00000
   -24.35619     2.00000
   -24.31209     2.00000
   -24.27935     2.00000
   -24.27621     2.00000
   -24.26735     2.00000
   -24.25969     2.00000
   -24.24025     2.00000
   -24.17536     2.00000
   -24.12864     2.00000
   -24.12167     2.00000
   -24.10734     2.00000
   -11.57858     2.00000
   -11.46531     2.00000
   -11.41646     2.00000
   -11.39383     2.00000
   -11.31376     2.00000
   -11.26736     2.00000
   -11.17588     2.00000
   -11.10515     2.00000
   -11.02877     2.00000
   -10.97966     2.00000
   -10.96572     2.00000
   -10.94308     2.00000
   -10.91871     2.00000
   -10.88637     2.00000
   -10.85070     2.00000
   -10.83344     2.00000
   -10.78614     2.00000
   -10.71693     2.00000
   -10.51809     2.00000
   -10.44680     2.00000
   -10.36158     2.00000
   -10.33707     2.00000
   -10.22502     2.00000
   -10.18349     2.00000
   -10.13191     2.00000
   -10.10990     2.00000
   -10.04734     2.00000
    -9.95480     2.00000
    -9.89721     2.00000
    -9.87646     2.00000
    -9.79873     2.00000
    -9.73321     2.00000
    -9.64729     2.00000
    -9.62185     2.00000
    -9.56369     2.00000
    -9.53046     2.00000
    -9.48079     2.00000
    -9.43852     2.00000
    -9.41334     2.00000
    -9.35683     2.00000
    -9.27313     2.00000
    -9.25835     2.00000
    -9.24757     2.00000
    -9.20789     2.00000
    -9.10463     2.00000
    -9.06678     2.00000
    -9.03163     2.00000
    -8.97031     2.00000
    -8.95058     2.00000
    -8.87719     2.00000
    -8.86618     2.00000
    -8.84997     2.00000
    -8.82356     2.00000
    -8.80130     2.00000
    -4.73410     0.00000
    -4.56209     0.00000
    -4.43581     0.00000
    -4.37897     0.00000
    -4.33280     0.00000
    -4.15833     0.00000
    -4.08189     0.00000
    -4.02475     0.00000
    -3.98223     0.00000
    -3.96525     0.00000
    -3.93845     0.00000
    -3.92423     0.00000
    -3.86172     0.00000
    -3.80438     0.00000
    -3.73537     0.00000
    -3.71316     0.00000
    -3.65944     0.00000
    -3.55902     0.00000
    -3.54907     0.00000
    -3.52292     0.00000
    -3.47470     0.00000
    -3.44266     0.00000
    -3.34722     0.00000
    -3.32096     0.00000
    -3.27878     0.00000
    -3.24027     0.00000
    -3.15842     0.00000
    -3.11800     0.00000
    -3.05030     0.00000
    -3.00018     0.00000
    -2.95904     0.00000
    -2.84463     0.00000
    -2.73760     0.00000
    -2.59778     0.00000
    -2.51383     0.00000
    -2.49533     0.00000
    -2.31613     0.00000
    -2.02491     0.00000
    -1.75573     0.00000
    -1.56869     0.00000
    -1.48493     0.00000
    -1.15222     0.00000
    -0.33449     0.00000
    -0.06228     0.00000
     0.19260     0.00000
     0.23131     0.00000
     0.33113     0.00000
     0.53890     0.00000
     3.11502     0.00000
     3.50047     0.00000
     3.61681     0.00000
     3.94890     0.00000
     4.55534     0.00000
     5.05847     0.00000
     5.62280     0.00000
     5.72248     0.00000
     8.45917     0.00000
    10.23105     0.00000
    10.31545     0.00000
    10.61678     0.00000
    10.79614     0.00000
    10.88902     0.00000
    11.12538     0.00000
    11.14719     0.00000
    11.25515     0.00000
    11.35109     0.00000
    11.42496     0.00000
    11.56059     0.00000
    11.98912     0.00000
    12.09805     0.00000
    12.30150     0.00000
    12.35745     0.00000
    12.71733     0.00000
    13.03962     0.00000
    13.14590     0.00000
    13.53253     0.00000
    14.34197     0.00000
    14.55704     0.00000
    14.93439     0.00000
    15.16108     0.00000
    16.38491     0.00000
 
