 Fermi distribution function
 
 Coordinates of moved atoms (au):
    1      0.00000000      3.71886736     12.01815780
    2      0.00000000      0.00000000     11.33835593
    3      3.71886736      3.71886736     12.69795967
    4      0.00000000     11.15660209     12.01815780
    5      0.00000000      7.43773472     11.33835593
    6      3.71886736     11.15660209     12.69795967
    7      0.00000000     18.59433681     12.01815780
    8      0.00000000     14.87546945     11.33835593
    9      3.71886736     18.59433681     12.69795967
   10      0.00000000     26.03207153     12.01815780
   11      0.00000000     22.31320417     11.33835593
   12      3.71886736     26.03207153     12.69795967
   13      3.71435673     20.86317675     23.69769586
   14      7.41625269     17.78507803     21.13580145
   15      3.68543449     15.10521325     18.11186023
   16      0.00446454     23.67611500     20.78367537
   17      0.00246864     26.20474038     15.77016252
   18      0.03634416      3.55393856      8.25485593
   19      7.42077255     18.35558564     15.72019349
   20      3.75476391     29.25587099      7.19480948
   21      0.00585649     26.70499770     19.12119683
   22      7.43331494     20.82027389     22.85148470
   23      7.40390955     16.01338417     18.17270871
   24      0.03670369      0.14722849      7.69869978
   25      3.72472443     27.53317102     19.49180084
   26      7.43380875     11.11565267     15.77940152
   27      7.38932370      7.90352180     16.74999784
 
 COMPONENT = q
  
 Eigenvalues /H
   -0.90958348
   -0.90753341
   -0.90611352
   -0.90398841
   -0.90280358
   -0.89910102
   -0.89548364
   -0.89507359
   -0.89345290
   -0.89224983
   -0.89213430
   -0.89180861
   -0.89152717
   -0.89081274
   -0.88842821
   -0.88671139
   -0.88645494
   -0.88592844
   -0.42550511
   -0.42134253
   -0.41954737
   -0.41871566
   -0.41577298
   -0.41406782
   -0.41070586
   -0.40810686
   -0.40529982
   -0.40349492
   -0.40298290
   -0.40215073
   -0.40125521
   -0.40006692
   -0.39875596
   -0.39812165
   -0.39638330
   -0.39383995
   -0.38653267
   -0.38391275
   -0.38078097
   -0.37988044
   -0.37576264
   -0.37423653
   -0.37234079
   -0.37153187
   -0.36923303
   -0.36583219
   -0.36371576
   -0.36295324
   -0.36009669
   -0.35768877
   -0.35453143
   -0.35359632
   -0.35145910
   -0.35023808
   -0.34841271
   -0.34685931
   -0.34593371
   -0.34385701
   -0.34078115
   -0.34023806
   -0.33984210
   -0.33838359
   -0.33458893
   -0.33319806
   -0.33190637
   -0.32965285
   -0.32892783
   -0.32623088
   -0.32582614
   -0.32523026
   -0.32425993
   -0.32344170
   -0.17397505
   -0.16765366
   -0.16301307
   -0.16092402
   -0.15922758
   -0.15281564
   -0.15000681
   -0.14790672
   -0.14634415
   -0.14572028
   -0.14473530
   -0.14421278
   -0.14191567
   -0.13980839
   -0.13727247
   -0.13645601
   -0.13448191
   -0.13079176
   -0.13042606
   -0.12946501
   -0.12769297
   -0.12651531
   -0.12300823
   -0.12204314
   -0.12049295
   -0.11907774
   -0.11606968
   -0.11458435
   -0.11209663
   -0.11025476
   -0.10874265
   -0.10453805
   -0.10060487
   -0.09546664
   -0.09238158
   -0.09170171
   -0.08511621
   -0.07441420
   -0.06452179
   -0.05764812
   -0.05457036
   -0.04234333
   -0.01229210
   -0.00228864
    0.00707789
    0.00850051
    0.01216884
    0.01980432
    0.11447497
    0.12863993
    0.13291515
    0.14511939
    0.16740574
    0.18589531
    0.20663427
    0.21029730
    0.31086881
    0.37598432
    0.37908580
    0.39015950
    0.39675084
    0.40016402
    0.40885027
    0.40965167
    0.41361920
    0.41714480
    0.41985974
    0.42484405
    0.44059194
    0.44459525
    0.45207169
    0.45412776
    0.46735313
    0.47919714
    0.48310292
    0.49731124
    0.52705754
    0.53496150
    0.54882861
    0.55715934
    0.60213420
 
 Eigenvalues /eV
  -24.75102568
  -24.69524068
  -24.65660335
  -24.59877618
  -24.56653544
  -24.46578361
  -24.36734970
  -24.35619152
  -24.31209045
  -24.27935326
  -24.27620954
  -24.26734712
  -24.25968853
  -24.24024809
  -24.17536175
  -24.12864456
  -24.12166634
  -24.10733953
  -11.57858313
  -11.46531349
  -11.41646468
  -11.39383269
  -11.31375849
  -11.26735857
  -11.17587520
  -11.10515264
  -11.02876915
  -10.97965531
  -10.96572275
  -10.94307801
  -10.91870969
  -10.88637487
  -10.85070167
  -10.83344118
  -10.78613848
  -10.71693025
  -10.51808899
  -10.44679748
  -10.36157744
  -10.33707283
  -10.22502171
  -10.18349416
  -10.13190838
  -10.10989665
  -10.04734201
   -9.95480035
   -9.89720948
   -9.87646022
   -9.79872937
   -9.73320665
   -9.64729105
   -9.62184539
   -9.56368870
   -9.53046313
   -9.48079235
   -9.43852209
   -9.41333526
   -9.35682523
   -9.27312679
   -9.25834872
   -9.24757410
   -9.20788597
   -9.10462810
   -9.06678042
   -9.03163198
   -8.97031050
   -8.95058152
   -8.87719399
   -8.86618038
   -8.84996556
   -8.82356164
   -8.80129644
   -4.73410211
   -4.56208832
   -4.43581120
   -4.37896541
   -4.33280280
   -4.15832514
   -4.08189294
   -4.02474653
   -3.98222682
   -3.96525070
   -3.93844797
   -3.92422927
   -3.86172181
   -3.80437995
   -3.73537395
   -3.71315702
   -3.65943892
   -3.55902473
   -3.54907377
   -3.52292228
   -3.47470257
   -3.44265675
   -3.34722412
   -3.32096273
   -3.27877997
   -3.24027024
   -3.15841660
   -3.11799882
   -3.05030453
   -3.00018468
   -2.95903818
   -2.84462513
   -2.73759776
   -2.59777957
   -2.51383063
   -2.49533053
   -2.31612986
   -2.02491347
   -1.75572731
   -1.56868521
   -1.48493495
   -1.15222061
   -0.33448507
   -0.06227703
    0.19259909
    0.23131074
    0.33113105
    0.53890310
    3.11502244
    3.50047061
    3.61680521
    3.94889948
    4.55534209
    5.05846864
    5.62280458
    5.72248082
    8.45917065
   10.23105384
   10.31544943
   10.61678016
   10.79613960
   10.88901704
   11.12538180
   11.14718919
   11.25515118
   11.35108748
   11.42496475
   11.56059470
   11.98911676
   12.09805240
   12.30149659
   12.35744505
   12.71732578
   13.03961776
   13.14589926
   13.53252750
   14.34196536
   14.55704299
   14.93438637
   15.16107706
   16.38490531
 
 Fillings
     2.00000
     2.00000
     2.00000
     2.00000
     2.00000
     2.00000
     2.00000
     2.00000
     2.00000
     2.00000
     2.00000
     2.00000
     2.00000
     2.00000
     2.00000
     2.00000
     2.00000
     2.00000
     2.00000
     2.00000
     2.00000
     2.00000
     2.00000
     2.00000
     2.00000
     2.00000
     2.00000
     2.00000
     2.00000
     2.00000
     2.00000
     2.00000
     2.00000
     2.00000
     2.00000
     2.00000
     2.00000
     2.00000
     2.00000
     2.00000
     2.00000
     2.00000
     2.00000
     2.00000
     2.00000
     2.00000
     2.00000
     2.00000
     2.00000
     2.00000
     2.00000
     2.00000
     2.00000
     2.00000
     2.00000
     2.00000
     2.00000
     2.00000
     2.00000
     2.00000
     2.00000
     2.00000
     2.00000
     2.00000
     2.00000
     2.00000
     2.00000
     2.00000
     2.00000
     2.00000
     2.00000
     2.00000
     0.00000
     0.00000
     0.00000
     0.00000
     0.00000
     0.00000
     0.00000
     0.00000
     0.00000
     0.00000
     0.00000
     0.00000
     0.00000
     0.00000
     0.00000
     0.00000
     0.00000
     0.00000
     0.00000
     0.00000
     0.00000
     0.00000
     0.00000
     0.00000
     0.00000
     0.00000
     0.00000
     0.00000
     0.00000
     0.00000
     0.00000
     0.00000
     0.00000
     0.00000
     0.00000
     0.00000
     0.00000
     0.00000
     0.00000
     0.00000
     0.00000
     0.00000
     0.00000
     0.00000
     0.00000
     0.00000
     0.00000
     0.00000
     0.00000
     0.00000
     0.00000
     0.00000
     0.00000
     0.00000
     0.00000
     0.00000
     0.00000
     0.00000
     0.00000
     0.00000
     0.00000
     0.00000
     0.00000
     0.00000
     0.00000
     0.00000
     0.00000
     0.00000
     0.00000
     0.00000
     0.00000
     0.00000
     0.00000
     0.00000
     0.00000
     0.00000
     0.00000
     0.00000
     0.00000
     0.00000
     0.00000
 
 Fermi energy:                      -0.2494569911 H           -6.7881 eV
 Band energy:                      -72.1943972073 H        -1964.5095 eV
 TS:                                 0.0000000000 H            0.0000 eV
 Band free energy (E-TS):          -72.1943972073 H        -1964.5095 eV
 Extrapolated E(0K):               -72.1943972073 H        -1964.5095 eV
 
 Energy H0:                        -72.1943972073 H        -1964.5095 eV
 Total Electronic energy:          -72.1943972073 H        -1964.5095 eV
 Repulsive energy:                   2.1099562450 H           57.4148 eV
 Total energy:                     -70.0844409624 H        -1907.0947 eV
 Total Mermin free energy:         -70.0844409624 H        -1907.0947 eV
 
 Non-SCC calculation
 
 Full geometry written in geo_end.{xyz|gen}
 
 Total Forces
  1.461184944100400E-004  2.903131165058419E-002 -3.908832390121783E-003
  4.701585792674572E-004 -2.063024903932577E-002 -1.237303753733070E-002
  2.360503482873204E-004  1.369457706963851E-003  4.134985693259118E-003
  1.780038665163413E-004  6.153564941051747E-003  2.430682794452128E-002
  4.273332725684249E-006  9.750552147026161E-003 -2.804692085439098E-003
 -1.338730780680405E-004 -8.762720869303518E-004 -2.916468106469654E-002
  8.338262370689484E-005 -1.602802076813972E-003  3.385680062674187E-002
  7.797405922717926E-006 -2.534673555076960E-004 -5.571448758145584E-003
 -7.238456247067822E-004  1.680749345842022E-003 -3.160867308716320E-002
 -1.054366635027543E-004 -1.493419340879023E-002  4.501417464961245E-002
  3.800289199359485E-006  8.194965938692360E-004 -3.423816855692825E-003
  1.026190248229050E-004 -7.649179184747048E-004 -3.045967718262114E-002
 -7.311565070760705E-005  5.251612394987940E-004 -1.157197159484223E-003
  7.823277239198671E-005  5.708704943176941E-003 -3.630340136819080E-003
  3.071733487091849E-004  3.571876298525161E-003  1.288296701242267E-003
 -9.663150117847986E-005  9.133271264020311E-003 -6.698680336748349E-003
 -4.678742084122633E-005 -3.875078036504078E-003 -1.941637819025908E-002
 -2.005936259772565E-004 -7.787448523022683E-003 -4.547787994142315E-003
  4.543260920448437E-004  1.230231555370395E-002 -1.295833609271971E-002
 -4.964279667319770E-005  2.313120675320149E-003 -2.520798491319188E-003
 -1.206824913098386E-005 -5.313654222686481E-003  2.115782598667737E-002
 -9.826476064323474E-005 -9.084910675091595E-003 -1.891726057117460E-004
  9.909451887978992E-005 -5.770316028746975E-003  2.345550729885503E-002
 -3.088998634800846E-004 -2.721043385663424E-003 -1.597741069836650E-003
 -5.364018697557985E-005 -1.571664387563558E-003  1.917913629678421E-003
  5.033444093599420E-004  1.697329880577161E-002 -4.224403178039892E-003
 -7.715756843591666E-004 -2.414686402023256E-002  2.112336168570322E-002
 
 Total stress tensor
     -0.000137890524     -0.000000131210      0.000000127966
     -0.000000131165     -0.000038415825     -0.000000477816
      0.000000127881     -0.000000474204      0.000015887191
 
 Total lattice derivs
      0.193809000949      0.000184418807     -0.000179860374
      0.000046089081      0.013498629958      0.000167895891
     -0.000028297349      0.000104931607     -0.003515511190
 
 Maximal derivative component:       0.450142E-01 au
 Max force for moved atoms::         0.450142E-01 au
 
 Volume:                             0.104539E+05 au^3
 Pressure:                          -0.534731E-04 au    -0.157323E+10 Pa
 
 Geometry converged
 
