 KPT            1  SPIN            1  KWEIGHT    1.00000000000000     
   -24.81631     2.00000
   -24.72031     2.00000
   -24.65856     2.00000
   -24.61494     2.00000
   -24.48681     2.00000
   -24.47412     2.00000
   -24.44751     2.00000
   -24.30829     2.00000
   -24.28882     2.00000
   -24.27406     2.00000
   -24.25173     2.00000
   -24.23858     2.00000
   -24.22560     2.00000
   -24.20825     2.00000
   -24.19659     2.00000
   -24.16815     2.00000
   -24.14623     2.00000
   -24.12160     2.00000
   -11.73233     2.00000
   -11.67519     2.00000
   -11.54167     2.00000
   -11.46684     2.00000
   -11.43854     2.00000
   -11.29589     2.00000
   -11.25394     2.00000
   -11.08421     2.00000
   -11.07569     2.00000
   -11.02016     2.00000
   -11.00843     2.00000
   -10.92280     2.00000
   -10.89024     2.00000
   -10.84232     2.00000
   -10.83664     2.00000
   -10.78435     2.00000
   -10.67311     2.00000
   -10.62239     2.00000
   -10.58624     2.00000
   -10.50578     2.00000
   -10.37577     2.00000
   -10.35262     2.00000
   -10.33116     2.00000
   -10.26497     2.00000
   -10.21339     2.00000
   -10.18278     2.00000
   -10.13724     2.00000
   -10.01385     2.00000
   -10.00540     2.00000
    -9.98469     2.00000
    -9.94303     2.00000
    -9.86397     2.00000
    -9.85259     2.00000
    -9.75887     2.00000
    -9.64930     2.00000
    -9.64301     2.00000
    -9.58890     2.00000
    -9.52796     2.00000
    -9.50935     2.00000
    -9.45488     2.00000
    -9.38907     2.00000
    -9.34443     2.00000
    -9.32821     2.00000
    -9.23908     2.00000
    -9.21565     2.00000
    -9.15511     2.00000
    -9.12954     2.00000
    -9.08160     2.00000
    -8.99226     2.00000
    -8.95198     2.00000
    -8.92187     2.00000
    -8.89482     2.00000
    -8.86183     2.00000
    -8.82840     2.00000
    -4.38825     0.00000
    -4.21558     0.00000
    -4.12946     0.00000
    -4.06890     0.00000
    -4.04294     0.00000
    -4.02789     0.00000
    -4.00348     0.00000
    -3.96428     0.00000
    -3.93602     0.00000
    -3.91032     0.00000
    -3.86518     0.00000
    -3.81706     0.00000
    -3.75681     0.00000
    -3.66601     0.00000
    -3.61183     0.00000
    -3.59148     0.00000
    -3.52682     0.00000
    -3.49554     0.00000
    -3.47110     0.00000
    -3.41996     0.00000
    -3.40183     0.00000
    -3.37882     0.00000
    -3.29211     0.00000
    -3.22897     0.00000
    -3.15349     0.00000
    -3.13996     0.00000
    -3.10490     0.00000
    -3.04222     0.00000
    -3.00029     0.00000
    -2.77543     0.00000
    -2.72792     0.00000
    -2.61120     0.00000
    -2.38845     0.00000
    -2.25027     0.00000
    -2.21578     0.00000
    -2.01152     0.00000
    -1.20282     0.00000
    -0.93140     0.00000
    -0.30711     0.00000
    -0.15432     0.00000
    -0.00071     0.00000
     0.15940     0.00000
     0.19079     0.00000
     0.33755     0.00000
     0.43519     0.00000
     1.86791     0.00000
     2.84365     0.00000
     4.04621     0.00000
     4.32817     0.00000
     4.56445     0.00000
     4.89965     0.00000
     6.09295     0.00000
     6.57142     0.00000
     7.25542     0.00000
     7.89482     0.00000
     8.31033     0.00000
     8.65320     0.00000
     9.09373     0.00000
     9.51103     0.00000
     9.71591     0.00000
    10.05925     0.00000
    10.29512     0.00000
    10.38643     0.00000
    10.48450     0.00000
    10.92630     0.00000
    11.44680     0.00000
    11.58753     0.00000
    11.65922     0.00000
    11.82790     0.00000
    12.17880     0.00000
    12.32689     0.00000
    12.56928     0.00000
    12.91404     0.00000
    13.13708     0.00000
    13.31773     0.00000
    13.62445     0.00000
    13.79882     0.00000
    14.70594     0.00000
    15.15660     0.00000
    16.07101     0.00000
    16.42671     0.00000
 
