 Fermi distribution function
 
 Coordinates of moved atoms (au):
    1      0.00000000      3.71886736     12.01815780
    2      0.00000000      0.00000000     11.33835593
    3      3.71886736      3.71886736     12.69795967
    4      0.00000000     11.15660209     12.01815780
    5      0.00000000      7.43773472     11.33835593
    6      3.71886736     11.15660209     12.69795967
    7      0.00000000     18.59433681     12.01815780
    8      0.00000000     14.87546945     11.33835593
    9      3.71886736     18.59433681     12.69795967
   10      0.00000000     26.03207153     12.01815780
   11      0.00000000     22.31320417     11.33835593
   12      3.71886736     26.03207153     12.69795967
   13      4.12883251     29.27737176     21.37664967
   14      0.03963945     10.55598467     15.75073250
   15      0.39430032     29.71280446     22.17994597
   16      0.06724585      7.78315330     17.77648932
   17      0.40247789      3.58264489     22.74452589
   18      4.12462649      3.28470925     22.06355760
   19      0.03419222      4.33880721     15.87449254
   20      3.76215386      3.65627799     16.30959632
   21      0.08197714      8.78821843     21.18387557
   22      3.78537880      6.85792956     17.98507266
   23      0.48671167      4.21519441     26.05247746
   24      0.06488355     26.14557923     15.78608276
   25      3.90304229      0.31245530     17.68823588
   26      3.76547868     26.55934948     16.40394039
   27      3.95131956     25.79775560     20.00708472
 
 COMPONENT = q
  
 Eigenvalues /H
   -0.91198261
   -0.90845477
   -0.90618528
   -0.90458235
   -0.89987365
   -0.89940737
   -0.89842935
   -0.89331328
   -0.89259781
   -0.89205545
   -0.89123474
   -0.89075154
   -0.89027443
   -0.88963681
   -0.88920837
   -0.88816308
   -0.88735748
   -0.88645235
   -0.43115506
   -0.42905537
   -0.42414874
   -0.42139876
   -0.42035845
   -0.41511644
   -0.41357477
   -0.40733721
   -0.40702415
   -0.40498346
   -0.40455222
   -0.40140536
   -0.40020914
   -0.39844782
   -0.39823905
   -0.39631761
   -0.39222957
   -0.39036555
   -0.38903724
   -0.38608025
   -0.38130262
   -0.38045169
   -0.37966297
   -0.37723069
   -0.37533512
   -0.37421037
   -0.37253685
   -0.36800208
   -0.36769167
   -0.36693057
   -0.36539974
   -0.36249424
   -0.36207591
   -0.35863173
   -0.35460530
   -0.35437406
   -0.35238559
   -0.35014602
   -0.34946236
   -0.34746037
   -0.34504204
   -0.34340152
   -0.34280533
   -0.33952982
   -0.33866881
   -0.33644416
   -0.33550444
   -0.33374279
   -0.33045947
   -0.32897916
   -0.32787262
   -0.32687873
   -0.32566616
   -0.32443776
   -0.16126517
   -0.15491973
   -0.15175486
   -0.14952933
   -0.14857522
   -0.14802208
   -0.14712517
   -0.14568461
   -0.14464592
   -0.14370164
   -0.14204290
   -0.14027437
   -0.13806026
   -0.13472333
   -0.13273231
   -0.13198455
   -0.12960839
   -0.12845889
   -0.12756064
   -0.12568104
   -0.12501500
   -0.12416919
   -0.12098278
   -0.11866232
   -0.11588873
   -0.11539135
   -0.11410293
   -0.11179964
   -0.11025877
   -0.10199509
   -0.10024905
   -0.09595993
   -0.08777385
   -0.08269595
   -0.08142828
   -0.07392210
   -0.04420265
   -0.03422849
   -0.01128611
   -0.00567119
   -0.00002615
    0.00585798
    0.00701137
    0.01240470
    0.01599308
    0.06864446
    0.10450204
    0.14869560
    0.15905739
    0.16774036
    0.18005867
    0.22391168
    0.24149519
    0.26663161
    0.29012939
    0.30539914
    0.31799927
    0.33418838
    0.34952411
    0.35705310
    0.36967060
    0.37833864
    0.38169413
    0.38529841
    0.40153405
    0.42066200
    0.42583387
    0.42846834
    0.43466750
    0.44756257
    0.45300471
    0.46191268
    0.47458219
    0.48277873
    0.48941748
    0.50068924
    0.50709725
    0.54043322
    0.55699478
    0.59059871
    0.60367065
 
 Eigenvalues /eV
  -24.81630955
  -24.72031194
  -24.65855621
  -24.61493804
  -24.48680790
  -24.47411988
  -24.44750640
  -24.30829106
  -24.28882230
  -24.27406386
  -24.25173122
  -24.23858266
  -24.22559980
  -24.20824929
  -24.19659091
  -24.16814711
  -24.14622562
  -24.12159568
  -11.73232599
  -11.67519066
  -11.54167432
  -11.46684371
  -11.43853539
  -11.29589312
  -11.25394201
  -11.08420933
  -11.07569060
  -11.02016075
  -11.00842598
  -10.92279572
  -10.89024482
  -10.84231671
  -10.83663600
  -10.78435089
  -10.67310954
  -10.62238698
  -10.58624204
  -10.50577813
  -10.37577213
  -10.35261731
  -10.33115518
  -10.26496935
  -10.21338840
  -10.18278216
  -10.13724334
  -10.01384599
  -10.00539935
   -9.98468883
   -9.94303269
   -9.86397023
   -9.85258678
   -9.75886580
   -9.64930120
   -9.64300868
   -9.58889971
   -9.52795786
   -9.50935457
   -9.45487782
   -9.38907152
   -9.34443079
   -9.32820763
   -9.23907651
   -9.21564708
   -9.15511146
   -9.12954040
   -9.08160351
   -8.99225959
   -8.95197833
   -8.92186798
   -8.89482281
   -8.86182707
   -8.82840051
   -4.38824855
   -4.21558042
   -4.12945986
   -4.06890010
   -4.04293742
   -4.02788585
   -4.00347944
   -3.96427983
   -3.93601580
   -3.91032062
   -3.86518393
   -3.81705992
   -3.75681081
   -3.66600845
   -3.61182982
   -3.59148243
   -3.52682386
   -3.49554437
   -3.47110175
   -3.41995519
   -3.40183111
   -3.37881564
   -3.29210898
   -3.22896610
   -3.15349286
   -3.13995841
   -3.10489860
   -3.04222292
   -3.00029373
   -2.77542756
   -2.72791551
   -2.61120243
   -2.38844789
   -2.25027127
   -2.21577627
   -2.01152275
   -1.20281531
   -0.93140458
   -0.30711072
   -0.15432083
   -0.00071157
    0.15940362
    0.19078916
    0.33754898
    0.43519383
    1.86791091
    2.84364522
    4.04621318
    4.32817173
    4.56444745
    4.89964573
    6.09294670
    6.57141836
    7.25541525
    7.89482226
    8.31033335
    8.65320038
    9.09372839
    9.51103486
    9.71590909
   10.05924896
   10.29511828
   10.38642576
   10.48450329
   10.92629733
   11.44679536
   11.58752912
   11.65921678
   11.82790439
   12.17879721
   12.32688532
   12.56928354
   12.91403844
   13.13707771
   13.31772716
   13.62444730
   13.79881822
   14.70593606
   15.15659915
   16.07100851
   16.42671415
 
 Fillings
     2.00000
     2.00000
     2.00000
     2.00000
     2.00000
     2.00000
     2.00000
     2.00000
     2.00000
     2.00000
     2.00000
     2.00000
     2.00000
     2.00000
     2.00000
     2.00000
     2.00000
     2.00000
     2.00000
     2.00000
     2.00000
     2.00000
     2.00000
     2.00000
     2.00000
     2.00000
     2.00000
     2.00000
     2.00000
     2.00000
     2.00000
     2.00000
     2.00000
     2.00000
     2.00000
     2.00000
     2.00000
     2.00000
     2.00000
     2.00000
     2.00000
     2.00000
     2.00000
     2.00000
     2.00000
     2.00000
     2.00000
     2.00000
     2.00000
     2.00000
     2.00000
     2.00000
     2.00000
     2.00000
     2.00000
     2.00000
     2.00000
     2.00000
     2.00000
     2.00000
     2.00000
     2.00000
     2.00000
     2.00000
     2.00000
     2.00000
     2.00000
     2.00000
     2.00000
     2.00000
     2.00000
     2.00000
     0.00000
     0.00000
     0.00000
     0.00000
     0.00000
     0.00000
     0.00000
     0.00000
     0.00000
     0.00000
     0.00000
     0.00000
     0.00000
     0.00000
     0.00000
     0.00000
     0.00000
     0.00000
     0.00000
     0.00000
     0.00000
     0.00000
     0.00000
     0.00000
     0.00000
     0.00000
     0.00000
     0.00000
     0.00000
     0.00000
     0.00000
     0.00000
     0.00000
     0.00000
     0.00000
     0.00000
     0.00000
     0.00000
     0.00000
     0.00000
     0.00000
     0.00000
     0.00000
     0.00000
     0.00000
     0.00000
     0.00000
     0.00000
     0.00000
     0.00000
     0.00000
     0.00000
     0.00000
     0.00000
     0.00000
     0.00000
     0.00000
     0.00000
     0.00000
     0.00000
     0.00000
     0.00000
     0.00000
     0.00000
     0.00000
     0.00000
     0.00000
     0.00000
     0.00000
     0.00000
     0.00000
     0.00000
     0.00000
     0.00000
     0.00000
     0.00000
     0.00000
     0.00000
     0.00000
     0.00000
     0.00000
 
 Fermi energy:                      -0.2501343110 H           -6.8065 eV
 Band energy:                      -72.4616393340 H        -1971.7815 eV
 TS:                                 0.0000000000 H            0.0000 eV
 Band free energy (E-TS):          -72.4616393340 H        -1971.7815 eV
 Extrapolated E(0K):               -72.4616393340 H        -1971.7815 eV
 
 Energy H0:                        -72.4616393340 H        -1971.7815 eV
 Total Electronic energy:          -72.4616393340 H        -1971.7815 eV
 Repulsive energy:                   2.2020776342 H           59.9216 eV
 Total energy:                     -70.2595616999 H        -1911.8599 eV
 Total Mermin free energy:         -70.2595616999 H        -1911.8599 eV
 
 Non-SCC calculation
 
 Full geometry written in geo_end.{xyz|gen}
 
 Total Forces
  1.069751058217580E-002  8.265343614418398E-003  7.805544692160590E-003
  1.018853229411876E-005  1.996157008551824E-003 -3.286503641089046E-003
  1.650275433743424E-003 -4.818009488964740E-003 -8.295520053610811E-003
 -9.519554959475139E-005 -5.471073609506355E-003  3.964198974683074E-002
 -4.352463549551192E-005 -1.753147802317936E-003 -1.034520324046907E-002
  1.509142775465199E-003  3.902885123987901E-003 -2.962125992721012E-002
 -3.480718910514535E-008 -2.071570130010721E-004  3.115353187681325E-003
  1.915974926020462E-006  1.993368988594868E-003  2.156651900505832E-004
  8.255412372363465E-007  3.725600894068605E-005 -4.636969030448770E-003
  5.001503908926733E-004 -1.124832216325583E-003  2.144327490206496E-002
  5.103474313190913E-006 -1.166185664833928E-003 -1.180946528066485E-003
  3.585049774853891E-003 -3.456802251204302E-004 -1.922660741638468E-002
 -9.711838015035671E-003  6.031569551362409E-003 -1.579722609925673E-002
 -9.826385457942907E-004 -6.398420852590320E-003  1.779912676650622E-003
  1.232717533581670E-003 -2.062819881229666E-003 -7.194630569298931E-004
 -8.134109540753826E-004  2.500986575082756E-003 -7.185237781444784E-003
  7.403522582329410E-003 -1.874781991089003E-002 -3.513745327174966E-003
 -1.740927627359862E-003  1.154090421011146E-003 -4.080579757649333E-003
  4.261832076143062E-003 -9.284921396301798E-003  1.253060962429046E-004
 -1.286992736252030E-002 -3.328080290926884E-003  1.209612712071661E-002
 -2.830937667366370E-004  5.258825437856177E-003  1.638510038089319E-003
 -1.418728703453158E-003  6.699242570531505E-003 -5.379194024225376E-003
 -9.938264609515007E-004  2.850700427560575E-003  9.547141523893521E-003
 -1.041036257882664E-002  5.382184204526935E-004  1.190545854603924E-003
 -1.020561441759668E-003  6.927765178733238E-003 -2.446387855638493E-003
  9.917234331984014E-003  6.927644306658341E-003  2.096051735911682E-002
 -3.913985551472147E-004 -3.759052817338404E-004 -3.845044648503389E-003
 
 Total stress tensor
     -0.000067370079      0.000001623230     -0.000008479243
      0.000001623565     -0.000079568518     -0.000001748393
     -0.000008478400     -0.000001748171     -0.000007605736
 
 Total lattice derivs
      0.094690535769     -0.002281495243      0.011917813749
     -0.000570491577      0.027958946065      0.000614353861
      0.001876096878      0.000386834558      0.001682994252
 
 Maximal derivative component:       0.396420E-01 au
 Max force for moved atoms::         0.396420E-01 au
 
 Volume:                             0.104539E+05 au^3
 Pressure:                          -0.515148E-04 au    -0.151562E+10 Pa
 
 Geometry converged
 
