 KPT            1  SPIN            1  KWEIGHT    1.00000000000000     
   -24.83753     2.00000
   -24.75123     2.00000
   -24.73505     2.00000
   -24.62821     2.00000
   -24.49702     2.00000
   -24.44393     2.00000
   -24.40524     2.00000
   -24.34515     2.00000
   -24.31174     2.00000
   -24.27609     2.00000
   -24.26191     2.00000
   -24.24593     2.00000
   -24.23160     2.00000
   -24.20861     2.00000
   -24.17346     2.00000
   -24.15439     2.00000
   -24.10370     2.00000
   -24.05022     2.00000
   -11.72182     2.00000
   -11.68597     2.00000
   -11.54474     2.00000
   -11.51424     2.00000
   -11.30406     2.00000
   -11.19881     2.00000
   -11.15531     2.00000
   -11.10310     2.00000
   -11.08099     2.00000
   -10.99820     2.00000
   -10.97338     2.00000
   -10.95032     2.00000
   -10.91927     2.00000
   -10.85692     2.00000
   -10.85088     2.00000
   -10.78694     2.00000
   -10.69055     2.00000
   -10.55881     2.00000
   -10.51674     2.00000
   -10.47950     2.00000
   -10.42002     2.00000
   -10.38643     2.00000
   -10.33853     2.00000
   -10.23384     2.00000
   -10.18033     2.00000
   -10.16598     2.00000
   -10.07977     2.00000
   -10.05113     2.00000
   -10.02641     2.00000
    -9.96130     2.00000
    -9.91837     2.00000
    -9.83178     2.00000
    -9.77632     2.00000
    -9.70747     2.00000
    -9.67826     2.00000
    -9.62004     2.00000
    -9.52859     2.00000
    -9.48937     2.00000
    -9.38996     2.00000
    -9.37230     2.00000
    -9.34382     2.00000
    -9.29205     2.00000
    -9.23350     2.00000
    -9.17302     2.00000
    -9.13775     2.00000
    -9.07277     2.00000
    -9.04241     2.00000
    -8.99326     2.00000
    -8.96011     2.00000
    -8.90988     2.00000
    -8.86307     2.00000
    -8.84320     2.00000
    -8.81802     2.00000
    -8.66368     2.00000
    -4.29865     0.00000
    -4.23083     0.00000
    -4.18835     0.00000
    -4.17095     0.00000
    -4.07323     0.00000
    -4.04448     0.00000
    -4.01327     0.00000
    -3.98750     0.00000
    -3.95534     0.00000
    -3.91846     0.00000
    -3.88439     0.00000
    -3.85887     0.00000
    -3.78294     0.00000
    -3.76187     0.00000
    -3.71872     0.00000
    -3.66906     0.00000
    -3.64920     0.00000
    -3.56175     0.00000
    -3.52688     0.00000
    -3.47707     0.00000
    -3.43007     0.00000
    -3.40230     0.00000
    -3.29062     0.00000
    -3.26736     0.00000
    -3.24856     0.00000
    -3.21116     0.00000
    -3.12705     0.00000
    -3.05951     0.00000
    -3.01140     0.00000
    -2.92719     0.00000
    -2.81384     0.00000
    -2.74236     0.00000
    -2.68771     0.00000
    -2.63813     0.00000
    -2.34743     0.00000
    -2.31031     0.00000
    -2.26845     0.00000
    -1.96632     0.00000
    -1.36594     0.00000
    -1.24934     0.00000
    -0.23188     0.00000
    -0.03887     0.00000
     0.15128     0.00000
     0.23018     0.00000
     0.31490     0.00000
     0.43193     0.00000
     0.53267     0.00000
     1.21979     0.00000
     3.37211     0.00000
     3.68209     0.00000
     4.02414     0.00000
     4.36084     0.00000
     4.55841     0.00000
     5.28674     0.00000
     7.15055     0.00000
     7.86525     0.00000
     8.41237     0.00000
     9.00392     0.00000
     9.31230     0.00000
     9.49478     0.00000
     9.96069     0.00000
    10.08307     0.00000
    10.29141     0.00000
    10.86475     0.00000
    11.27419     0.00000
    11.34213     0.00000
    11.96770     0.00000
    12.09724     0.00000
    12.17355     0.00000
    12.34560     0.00000
    12.55663     0.00000
    12.92069     0.00000
    13.20239     0.00000
    13.50162     0.00000
    13.91462     0.00000
    14.29423     0.00000
    14.55557     0.00000
    15.32626     0.00000
    15.79864     0.00000
    16.24863     0.00000
    17.13518     0.00000
 
