 Fermi distribution function
 
 Coordinates of moved atoms (au):
    1      0.00000000      3.71886736     12.01815780
    2      0.00000000      0.00000000     11.33835593
    3      3.71886736      3.71886736     12.69795967
    4      0.00000000     11.15660209     12.01815780
    5      0.00000000      7.43773472     11.33835593
    6      3.71886736     11.15660209     12.69795967
    7      0.00000000     18.59433681     12.01815780
    8      0.00000000     14.87546945     11.33835593
    9      3.71886736     18.59433681     12.69795967
   10      0.00000000     26.03207153     12.01815780
   11      0.00000000     22.31320417     11.33835593
   12      3.71886736     26.03207153     12.69795967
   13      3.67327397     19.62811066     16.33437854
   14      7.30499276      7.61531900     18.21037553
   15      3.55032399     17.10956056     18.89031561
   16      3.74071663     22.78647966     18.05447942
   17      7.40837227      2.92059226     15.69501166
   18      0.05831895     26.15089514     15.61693514
   19      7.41915787      9.64108557     15.56694154
   20      3.68650491      2.85182991     16.37765456
   21      3.44762305     13.78193305     17.52026648
   22      3.64730127     29.67290010     18.10997223
   23      7.16430500     14.08679869     16.80393227
   24      3.51961740     11.29358948     19.87198177
   25      7.37766055     19.46038858     15.68756603
   26      3.60343724      6.10932781     18.27521677
   27      6.19300607     25.07328766     18.63629638
 
 COMPONENT = q
  
 Eigenvalues /H
   -0.91276256
   -0.90959112
   -0.90899640
   -0.90507017
   -0.90024899
   -0.89829780
   -0.89687610
   -0.89466773
   -0.89344007
   -0.89213005
   -0.89160889
   -0.89102140
   -0.89049498
   -0.88965012
   -0.88835847
   -0.88765765
   -0.88579455
   -0.88382921
   -0.43076893
   -0.42945157
   -0.42426156
   -0.42314043
   -0.41541655
   -0.41154878
   -0.40995015
   -0.40803153
   -0.40721875
   -0.40417625
   -0.40326417
   -0.40241683
   -0.40127579
   -0.39898453
   -0.39876255
   -0.39641291
   -0.39287066
   -0.38802902
   -0.38648305
   -0.38511454
   -0.38292864
   -0.38169420
   -0.37993403
   -0.37608663
   -0.37412008
   -0.37359302
   -0.37042470
   -0.36937225
   -0.36846377
   -0.36607090
   -0.36449358
   -0.36131116
   -0.35927332
   -0.35674309
   -0.35566951
   -0.35352987
   -0.35016928
   -0.34872794
   -0.34507483
   -0.34442556
   -0.34337907
   -0.34147670
   -0.33932497
   -0.33710241
   -0.33580600
   -0.33341811
   -0.33230245
   -0.33049605
   -0.32927804
   -0.32743210
   -0.32571169
   -0.32498172
   -0.32405610
   -0.31838431
   -0.15797237
   -0.15547999
   -0.15391892
   -0.15327943
   -0.14968863
   -0.14863179
   -0.14748485
   -0.14653780
   -0.14535609
   -0.14400071
   -0.14274862
   -0.14181083
   -0.13902065
   -0.13824621
   -0.13666035
   -0.13483558
   -0.13410559
   -0.13089177
   -0.12961051
   -0.12777991
   -0.12605276
   -0.12503225
   -0.12092824
   -0.12007331
   -0.11938234
   -0.11800805
   -0.11491698
   -0.11243488
   -0.11066678
   -0.10757220
   -0.10340657
   -0.10077993
   -0.09877170
   -0.09694944
   -0.08626661
   -0.08490251
   -0.08336393
   -0.07226090
   -0.05019738
   -0.04591236
   -0.00852130
   -0.00142843
    0.00555936
    0.00845893
    0.01157246
    0.01587316
    0.01957515
    0.04482651
    0.12392263
    0.13531439
    0.14788443
    0.16025796
    0.16751865
    0.19428414
    0.26277793
    0.28904276
    0.30914909
    0.33088813
    0.34222078
    0.34892659
    0.36604873
    0.37054583
    0.37820231
    0.39927228
    0.41431869
    0.41681578
    0.43980493
    0.44456547
    0.44736992
    0.45369233
    0.46144776
    0.47482670
    0.48517877
    0.49617537
    0.51135282
    0.52530341
    0.53490755
    0.56322979
    0.58058927
    0.59712613
    0.62970632
 
 Eigenvalues /eV
  -24.83753299
  -24.75123368
  -24.73505062
  -24.62821245
  -24.49702149
  -24.44392696
  -24.40524040
  -24.34514752
  -24.31174134
  -24.27609376
  -24.26191226
  -24.24592600
  -24.23160125
  -24.20861139
  -24.17346400
  -24.15439357
  -24.10369611
  -24.05021645
  -11.72181902
  -11.68597193
  -11.54474449
  -11.51423696
  -11.30405941
  -11.19881218
  -11.15531106
  -11.10310285
  -11.08098609
  -10.99819536
  -10.97337650
  -10.95031919
  -10.91926983
  -10.85692132
  -10.85088117
  -10.78694398
  -10.69055459
  -10.55880684
  -10.51673886
  -10.47949980
  -10.42001857
  -10.38642776
  -10.33853096
  -10.23383793
  -10.18032539
  -10.16598325
  -10.07976900
  -10.05113023
  -10.02640933
   -9.96129599
   -9.91837485
   -9.83177701
   -9.77632435
   -9.70747341
   -9.67825980
   -9.62003726
   -9.52859087
   -9.48936994
   -9.38996382
   -9.37229629
   -9.34381991
   -9.29205365
   -9.23350231
   -9.17302319
   -9.13774622
   -9.07276834
   -9.04240965
   -8.99325507
   -8.96011127
   -8.90988075
   -8.86306593
   -8.84320258
   -8.81801517
   -8.66367791
   -4.29864699
   -4.23082566
   -4.18834701
   -4.17094551
   -4.07323477
   -4.04447679
   -4.01326695
   -3.98749655
   -3.95534041
   -3.91845874
   -3.88438747
   -3.85886899
   -3.78294423
   -3.76187073
   -3.71871738
   -3.66906274
   -3.64919891
   -3.56174626
   -3.52688155
   -3.47706829
   -3.43007015
   -3.40230071
   -3.29062470
   -3.26736105
   -3.24855870
   -3.21116252
   -3.12705026
   -3.05950863
   -3.01139618
   -2.92718851
   -2.81383606
   -2.74236149
   -2.68771467
   -2.63812851
   -2.34743377
   -2.31031491
   -2.26844796
   -1.96631907
   -1.36594009
   -1.24933883
   -0.23187644
   -0.03886955
    0.15127792
    0.23017926
    0.31490257
    0.43193074
    0.53266688
    1.21979147
    3.37210636
    3.68209198
    4.02414005
    4.36084103
    4.55841433
    5.28674056
    7.15055130
    7.86525371
    8.41237488
    9.00392407
    9.31230117
    9.49477548
    9.96069265
   10.08306514
   10.29140850
   10.86475163
   11.27418526
   11.34213442
   11.96770113
   12.09724206
   12.17355488
   12.34559652
   12.55663245
   12.92069194
   13.20238609
   13.50161875
   13.91461828
   14.29423305
   14.55557488
   15.32626235
   15.79863780
   16.24862860
   17.13518073
 
 Fillings
     2.00000
     2.00000
     2.00000
     2.00000
     2.00000
     2.00000
     2.00000
     2.00000
     2.00000
     2.00000
     2.00000
     2.00000
     2.00000
     2.00000
     2.00000
     2.00000
     2.00000
     2.00000
     2.00000
     2.00000
     2.00000
     2.00000
     2.00000
     2.00000
     2.00000
     2.00000
     2.00000
     2.00000
     2.00000
     2.00000
     2.00000
     2.00000
     2.00000
     2.00000
     2.00000
     2.00000
     2.00000
     2.00000
     2.00000
     2.00000
     2.00000
     2.00000
     2.00000
     2.00000
     2.00000
     2.00000
     2.00000
     2.00000
     2.00000
     2.00000
     2.00000
     2.00000
     2.00000
     2.00000
     2.00000
     2.00000
     2.00000
     2.00000
     2.00000
     2.00000
     2.00000
     2.00000
     2.00000
     2.00000
     2.00000
     2.00000
     2.00000
     2.00000
     2.00000
     2.00000
     2.00000
     2.00000
     0.00000
     0.00000
     0.00000
     0.00000
     0.00000
     0.00000
     0.00000
     0.00000
     0.00000
     0.00000
     0.00000
     0.00000
     0.00000
     0.00000
     0.00000
     0.00000
     0.00000
     0.00000
     0.00000
     0.00000
     0.00000
     0.00000
     0.00000
     0.00000
     0.00000
     0.00000
     0.00000
     0.00000
     0.00000
     0.00000
     0.00000
     0.00000
     0.00000
     0.00000
     0.00000
     0.00000
     0.00000
     0.00000
     0.00000
     0.00000
     0.00000
     0.00000
     0.00000
     0.00000
     0.00000
     0.00000
     0.00000
     0.00000
     0.00000
     0.00000
     0.00000
     0.00000
     0.00000
     0.00000
     0.00000
     0.00000
     0.00000
     0.00000
     0.00000
     0.00000
     0.00000
     0.00000
     0.00000
     0.00000
     0.00000
     0.00000
     0.00000
     0.00000
     0.00000
     0.00000
     0.00000
     0.00000
     0.00000
     0.00000
     0.00000
     0.00000
     0.00000
     0.00000
     0.00000
     0.00000
     0.00000
 
 Fermi energy:                      -0.2391824263 H           -6.5085 eV
 Band energy:                      -72.3266617775 H        -1968.1086 eV
 TS:                                 0.0000000000 H            0.0000 eV
 Band free energy (E-TS):          -72.3266617775 H        -1968.1086 eV
 Extrapolated E(0K):               -72.3266617775 H        -1968.1086 eV
 
 Energy H0:                        -72.3266617775 H        -1968.1086 eV
 Total Electronic energy:          -72.3266617775 H        -1968.1086 eV
 Repulsive energy:                   2.1493525091 H           58.4869 eV
 Total energy:                     -70.1773092683 H        -1909.6217 eV
 Total Mermin free energy:         -70.1773092683 H        -1909.6217 eV
 
 Non-SCC calculation
 
 Full geometry written in geo_end.{xyz|gen}
 
 Total Forces
 -2.594677879319913E-004 -3.032648779782758E-003  1.702067667655602E-002
 -2.344814748127408E-005 -1.533183351663866E-003 -1.092120144758778E-002
 -1.560471941656616E-003 -3.703757401458549E-003 -9.151176369394255E-003
 -5.684531857257185E-004 -1.182795860711815E-002  4.422866711017624E-002
  2.856614882476429E-005 -9.893176393212381E-003 -1.651847874567103E-002
 -1.648401545835464E-003  1.543015709467157E-002 -9.637745192873061E-003
 -5.596254640120484E-004  3.201778076449793E-003  2.083739010342174E-002
  1.344358477081840E-004  2.335790083121248E-003 -2.452333236801718E-003
 -3.052702790753250E-003  1.610215694031410E-003 -4.894395972046675E-003
  4.235752873164734E-004  1.058885686811896E-003  3.004455523900562E-002
  3.741268570623074E-005  3.097508419644354E-003 -1.056073055114445E-002
  2.521691782695274E-003 -1.120375958274140E-003 -3.363165390012342E-002
 -9.432600913033305E-003 -7.437753407614975E-003  7.795092176956786E-004
 -1.370597955823190E-002 -1.867926424472686E-002  1.330675685393701E-002
 -3.662292880127644E-004 -1.368289531248939E-003 -5.795769255997119E-003
 -1.865045995016260E-002 -2.780482118012524E-003  1.343107690901037E-003
 -1.904618699361684E-003  3.418901273951544E-003  1.577106145933233E-003
 -1.130840652421393E-002 -8.345383585888488E-003  3.027146916553860E-002
  1.421334185593739E-003  1.222557422430574E-002 -1.664673841053504E-002
  1.566167880869087E-003  1.614332542590814E-002 -6.321770776550162E-003
  1.423132073827531E-004 -7.513330245734782E-003 -4.422372480025777E-003
  8.755911969113347E-004 -9.526163008592325E-003  6.417437323296374E-003
  2.574992660911947E-003 -4.370411414175712E-004 -3.016288038092389E-003
  1.534349116025126E-002  1.054700985261926E-002 -5.572383452874002E-003
  1.026819677379029E-002 -9.971450870305005E-004  1.694831147568167E-003
 -2.514841523482188E-004  4.134048836120147E-003  6.360766379370775E-005
  2.795458113079936E-002  1.499275819414150E-002 -2.804207650810694E-002
 
 Total stress tensor
     -0.000065900104      0.000008980684      0.000007740166
      0.000008980756     -0.000069631937      0.000003593206
      0.000007737400      0.000003589764     -0.000014513767
 
 Total lattice derivs
      0.092624444741     -0.012622602748     -0.010879019982
     -0.003155676058      0.024467410196     -0.001262587929
     -0.001712128659     -0.000794341594      0.003211600359
 
 Maximal derivative component:       0.442287E-01 au
 Max force for moved atoms::         0.442287E-01 au
 
 Volume:                             0.104539E+05 au^3
 Pressure:                          -0.500153E-04 au    -0.147150E+10 Pa
 
 Geometry converged
 
