 KPT            1  SPIN            1  KWEIGHT    1.00000000000000     
   -24.79582     2.00000
   -24.73187     2.00000
   -24.69103     2.00000
   -24.62364     2.00000
   -24.53483     2.00000
   -24.46006     2.00000
   -24.44031     2.00000
   -24.36044     2.00000
   -24.33756     2.00000
   -24.30142     2.00000
   -24.27436     2.00000
   -24.26696     2.00000
   -24.26025     2.00000
   -24.19649     2.00000
   -24.17829     2.00000
   -24.16896     2.00000
   -24.14072     2.00000
   -24.11921     2.00000
   -11.76332     2.00000
   -11.71292     2.00000
   -11.69539     2.00000
   -11.43624     2.00000
   -11.34226     2.00000
   -11.27337     2.00000
   -11.15859     2.00000
   -11.11879     2.00000
   -11.07126     2.00000
   -11.02041     2.00000
   -11.00133     2.00000
   -10.99446     2.00000
   -10.97481     2.00000
   -10.96041     2.00000
   -10.89446     2.00000
   -10.82489     2.00000
   -10.70038     2.00000
   -10.63401     2.00000
   -10.57636     2.00000
   -10.45144     2.00000
   -10.43291     2.00000
   -10.38831     2.00000
   -10.31320     2.00000
   -10.30155     2.00000
   -10.23439     2.00000
   -10.19296     2.00000
   -10.17305     2.00000
   -10.14068     2.00000
   -10.07700     2.00000
   -10.05812     2.00000
    -9.91923     2.00000
    -9.86600     2.00000
    -9.77455     2.00000
    -9.75100     2.00000
    -9.65832     2.00000
    -9.64018     2.00000
    -9.61397     2.00000
    -9.58305     2.00000
    -9.52577     2.00000
    -9.46706     2.00000
    -9.43470     2.00000
    -9.41760     2.00000
    -9.32582     2.00000
    -9.25138     2.00000
    -9.23752     2.00000
    -9.15613     2.00000
    -9.10865     2.00000
    -9.05177     2.00000
    -8.94697     2.00000
    -8.93596     2.00000
    -8.88286     2.00000
    -8.86764     2.00000
    -8.83361     2.00000
    -8.81012     2.00000
    -4.37818     0.00000
    -4.14143     0.00000
    -4.08960     0.00000
    -4.05259     0.00000
    -4.01757     0.00000
    -3.98336     0.00000
    -3.96265     0.00000
    -3.94238     0.00000
    -3.90053     0.00000
    -3.88135     0.00000
    -3.85080     0.00000
    -3.76078     0.00000
    -3.74194     0.00000
    -3.66252     0.00000
    -3.61404     0.00000
    -3.57403     0.00000
    -3.50326     0.00000
    -3.47443     0.00000
    -3.44448     0.00000
    -3.40567     0.00000
    -3.38224     0.00000
    -3.32383     0.00000
    -3.24055     0.00000
    -3.17249     0.00000
    -3.13333     0.00000
    -3.09524     0.00000
    -2.97587     0.00000
    -2.85215     0.00000
    -2.80524     0.00000
    -2.79658     0.00000
    -2.69587     0.00000
    -2.68447     0.00000
    -2.53852     0.00000
    -2.40431     0.00000
    -2.20724     0.00000
    -2.09198     0.00000
    -1.99465     0.00000
    -1.90288     0.00000
    -0.28698     0.00000
     0.10637     0.00000
     0.17028     0.00000
     0.22041     0.00000
     0.27271     0.00000
     0.42691     0.00000
     0.47199     0.00000
     0.82228     0.00000
     3.06609     0.00000
     3.82619     0.00000
     4.13650     0.00000
     4.52862     0.00000
     4.69339     0.00000
     5.17806     0.00000
     6.17170     0.00000
     7.24166     0.00000
     7.67460     0.00000
     8.25463     0.00000
     9.10508     0.00000
     9.48261     0.00000
     9.75635     0.00000
    10.15884     0.00000
    10.25200     0.00000
    10.41316     0.00000
    10.55379     0.00000
    10.65681     0.00000
    10.86266     0.00000
    11.27747     0.00000
    11.52330     0.00000
    12.00289     0.00000
    12.19267     0.00000
    12.45731     0.00000
    12.91548     0.00000
    13.10361     0.00000
    13.40601     0.00000
    13.54991     0.00000
    13.85595     0.00000
    13.89949     0.00000
    14.40682     0.00000
    14.88076     0.00000
    15.34821     0.00000
    15.61324     0.00000
    16.06335     0.00000
 
