 Fermi distribution function
 
 Coordinates of moved atoms (au):
    1      0.00000000      3.71886736     12.01815780
    2      0.00000000      0.00000000     11.33835593
    3      3.71886736      3.71886736     12.69795967
    4      0.00000000     11.15660209     12.01815780
    5      0.00000000      7.43773472     11.33835593
    6      3.71886736     11.15660209     12.69795967
    7      0.00000000     18.59433681     12.01815780
    8      0.00000000     14.87546945     11.33835593
    9      3.71886736     18.59433681     12.69795967
   10      0.00000000     26.03207153     12.01815780
   11      0.00000000     22.31320417     11.33835593
   12      3.71886736     26.03207153     12.69795967
   13      7.43746640     10.99986675     15.77859357
   14      3.70259732     14.35052628     17.54830629
   15      1.17142254     27.55937049     21.15386212
   16      7.10274780     22.86632636     21.85423614
   17      0.01120337     26.42991668     15.78121272
   18      3.52782857     19.91200034     19.23576672
   19      3.71879347     10.97547593     16.30063648
   20      3.41288976     22.54420609     21.29947607
   21      0.02387974      3.99686924     15.77168196
   22      7.40573814     18.12514920     15.74160459
   23      3.74674371      4.17722441     16.29431215
   24      3.74226741      7.57636093     17.55229686
   25      0.12297044     28.84066382     18.17841678
   26      3.68945036     17.73428115     16.35286104
   27      3.84071336      0.75536800     17.92627878
 
 COMPONENT = q
  
 Eigenvalues /H
   -0.91122951
   -0.90887934
   -0.90737853
   -0.90490210
   -0.90163839
   -0.89889061
   -0.89816493
   -0.89522967
   -0.89438886
   -0.89306085
   -0.89206641
   -0.89179436
   -0.89154797
   -0.88920451
   -0.88853600
   -0.88819291
   -0.88715527
   -0.88636471
   -0.43229417
   -0.43044204
   -0.42979752
   -0.42027426
   -0.41682023
   -0.41428877
   -0.41007052
   -0.40860802
   -0.40686143
   -0.40499264
   -0.40429139
   -0.40403911
   -0.40331688
   -0.40278750
   -0.40036422
   -0.39780757
   -0.39323174
   -0.39079258
   -0.38867423
   -0.38408325
   -0.38340223
   -0.38176345
   -0.37900330
   -0.37857485
   -0.37610703
   -0.37458445
   -0.37385257
   -0.37266317
   -0.37032287
   -0.36962925
   -0.36452500
   -0.36256870
   -0.35920793
   -0.35834275
   -0.35493687
   -0.35426998
   -0.35330694
   -0.35217068
   -0.35006544
   -0.34790792
   -0.34671878
   -0.34609028
   -0.34271757
   -0.33998207
   -0.33947252
   -0.33648155
   -0.33473667
   -0.33264654
   -0.32879514
   -0.32839064
   -0.32643905
   -0.32587984
   -0.32462935
   -0.32376608
   -0.16089518
   -0.15219488
   -0.15028990
   -0.14892991
   -0.14764306
   -0.14638561
   -0.14562464
   -0.14487968
   -0.14334182
   -0.14263702
   -0.14151436
   -0.13820602
   -0.13751385
   -0.13459519
   -0.13281366
   -0.13134316
   -0.12874250
   -0.12768278
   -0.12658235
   -0.12515596
   -0.12429521
   -0.12214869
   -0.11908796
   -0.11658697
   -0.11514776
   -0.11374813
   -0.10936133
   -0.10481459
   -0.10309064
   -0.10277242
   -0.09907124
   -0.09865257
   -0.09328898
   -0.08835676
   -0.08111451
   -0.07687900
   -0.07330214
   -0.06992954
   -0.01054614
    0.00390920
    0.00625768
    0.00809977
    0.01002203
    0.01568871
    0.01734516
    0.03021815
    0.11267659
    0.14060978
    0.15201360
    0.16642384
    0.17247880
    0.19029033
    0.22680574
    0.26612619
    0.28203627
    0.30335206
    0.33460541
    0.34847949
    0.35853932
    0.37333056
    0.37675412
    0.38267665
    0.38784466
    0.39163050
    0.39919535
    0.41443923
    0.42347343
    0.44109811
    0.44807253
    0.45779780
    0.47463502
    0.48154890
    0.49266196
    0.49795002
    0.50919691
    0.51079678
    0.52944083
    0.54685784
    0.56403643
    0.57377599
    0.59031727
 
 Eigenvalues /eV
  -24.79581660
  -24.73186514
  -24.69102597
  -24.62363897
  -24.53482886
  -24.46005795
  -24.44031127
  -24.36043866
  -24.33755918
  -24.30142218
  -24.27436200
  -24.26695933
  -24.26025474
  -24.19648585
  -24.17829461
  -24.16895883
  -24.14072323
  -24.11921084
  -11.76332298
  -11.71292399
  -11.69538555
  -11.43624457
  -11.34225568
  -11.27337111
  -11.15858672
  -11.11878988
  -11.07126280
  -11.02041037
  -11.00132851
  -10.99446346
  -10.97481063
  -10.96040560
  -10.89446484
  -10.82489470
  -10.70038017
  -10.63400706
  -10.57636384
  -10.45143693
  -10.43290563
  -10.38831213
  -10.31320450
  -10.30154579
  -10.23439311
  -10.19296150
  -10.17304613
  -10.14068073
  -10.07699790
  -10.05812369
   -9.91922991
   -9.86599624
   -9.77454518
   -9.75100244
   -9.65832356
   -9.64017670
   -9.61397099
   -9.58305171
   -9.52576522
   -9.46705621
   -9.43469808
   -9.41759562
   -9.32581952
   -9.25138282
   -9.23751719
   -9.15612877
   -9.10864833
   -9.05177300
   -8.94697100
   -8.93596393
   -8.88285862
   -8.86764157
   -8.83361418
   -8.81012318
   -4.37818060
   -4.14143339
   -4.08959625
   -4.05258911
   -4.01757200
   -3.98335511
   -3.96264818
   -3.94237658
   -3.90052934
   -3.88135076
   -3.85080174
   -3.76077716
   -3.74194218
   -3.66252140
   -3.61404349
   -3.57402931
   -3.50326162
   -3.47442535
   -3.44448087
   -3.40566691
   -3.38224476
   -3.32383485
   -3.24054816
   -3.17249289
   -3.13332985
   -3.09524409
   -2.97587311
   -2.85215019
   -2.80523915
   -2.79657984
   -2.69586556
   -2.68447307
   -2.53852229
   -2.40430981
   -2.20723818
   -2.09198391
   -1.99465272
   -1.90287948
   -0.28697512
    0.10637475
    0.17028022
    0.22040603
    0.27271323
    0.42691150
    0.47198591
    0.82227764
    3.06608607
    3.82618682
    4.13650043
    4.52862319
    4.69338694
    5.17806335
    6.17169807
    7.24166203
    7.67459737
    8.25462956
    9.10507641
    9.48260936
    9.75635120
   10.15884128
   10.25200109
   10.41316137
   10.55379017
   10.65680799
   10.86265829
   11.27746518
   11.52329828
   12.00289019
   12.19267403
   12.45731188
   12.91547608
   13.10361222
   13.40601405
   13.54990953
   13.85595280
   13.89948764
   14.40681806
   14.88075893
   15.34821206
   15.61323906
   16.06335030
 
 Fillings
     2.00000
     2.00000
     2.00000
     2.00000
     2.00000
     2.00000
     2.00000
     2.00000
     2.00000
     2.00000
     2.00000
     2.00000
     2.00000
     2.00000
     2.00000
     2.00000
     2.00000
     2.00000
     2.00000
     2.00000
     2.00000
     2.00000
     2.00000
     2.00000
     2.00000
     2.00000
     2.00000
     2.00000
     2.00000
     2.00000
     2.00000
     2.00000
     2.00000
     2.00000
     2.00000
     2.00000
     2.00000
     2.00000
     2.00000
     2.00000
     2.00000
     2.00000
     2.00000
     2.00000
     2.00000
     2.00000
     2.00000
     2.00000
     2.00000
     2.00000
     2.00000
     2.00000
     2.00000
     2.00000
     2.00000
     2.00000
     2.00000
     2.00000
     2.00000
     2.00000
     2.00000
     2.00000
     2.00000
     2.00000
     2.00000
     2.00000
     2.00000
     2.00000
     2.00000
     2.00000
     2.00000
     2.00000
     0.00000
     0.00000
     0.00000
     0.00000
     0.00000
     0.00000
     0.00000
     0.00000
     0.00000
     0.00000
     0.00000
     0.00000
     0.00000
     0.00000
     0.00000
     0.00000
     0.00000
     0.00000
     0.00000
     0.00000
     0.00000
     0.00000
     0.00000
     0.00000
     0.00000
     0.00000
     0.00000
     0.00000
     0.00000
     0.00000
     0.00000
     0.00000
     0.00000
     0.00000
     0.00000
     0.00000
     0.00000
     0.00000
     0.00000
     0.00000
     0.00000
     0.00000
     0.00000
     0.00000
     0.00000
     0.00000
     0.00000
     0.00000
     0.00000
     0.00000
     0.00000
     0.00000
     0.00000
     0.00000
     0.00000
     0.00000
     0.00000
     0.00000
     0.00000
     0.00000
     0.00000
     0.00000
     0.00000
     0.00000
     0.00000
     0.00000
     0.00000
     0.00000
     0.00000
     0.00000
     0.00000
     0.00000
     0.00000
     0.00000
     0.00000
     0.00000
     0.00000
     0.00000
     0.00000
     0.00000
     0.00000
 
 Fermi energy:                      -0.2555527931 H           -6.9539 eV
 Band energy:                      -72.5328289464 H        -1973.7187 eV
 TS:                                 0.0000000000 H            0.0000 eV
 Band free energy (E-TS):          -72.5328289464 H        -1973.7187 eV
 Extrapolated E(0K):               -72.5328289464 H        -1973.7187 eV
 
 Energy H0:                        -72.5328289464 H        -1973.7187 eV
 Total Electronic energy:          -72.5328289464 H        -1973.7187 eV
 Repulsive energy:                   2.2507470929 H           61.2459 eV
 Total energy:                     -70.2820818534 H        -1912.4728 eV
 Total Mermin free energy:         -70.2820818534 H        -1912.4728 eV
 
 Non-SCC calculation
 
 Full geometry written in geo_end.{xyz|gen}
 
 Total Forces
  3.479757921877347E-003 -5.403838615479547E-004  1.456075820317938E-002
  4.147998536907446E-006  2.475354824260795E-003 -5.538442459993822E-003
  1.382154865895861E-003  2.837427612804665E-003 -6.787821969213265E-003
 -2.506006334500073E-005 -6.355505222473898E-004  2.124870048128288E-002
 -2.788226017296488E-006  4.541463205253065E-004 -6.922148734624455E-003
 -8.721841295753472E-006 -9.853914065359147E-004 -1.370223183264649E-002
 -2.666270511660998E-004 -1.674387511558725E-004  1.817424713748898E-002
  2.107538122766014E-005 -2.599485326690853E-003 -6.866259943883839E-003
 -1.806280475116404E-003 -9.278435920298464E-004 -1.165851314791512E-002
 -1.388239971083964E-004  3.582031228274708E-003  4.135409374374920E-002
 -1.145516888688766E-005 -1.207936758561842E-003 -1.934837898041407E-003
  4.679055266659485E-004 -2.579804941128643E-003 -2.974785041644099E-002
  1.724903886813982E-004 -2.176304534987602E-004 -1.209779151236413E-003
  1.585301313486551E-004  6.089488464089026E-003 -2.137312960966378E-003
 -1.564922575903946E-003 -1.312438062892422E-002 -1.184618625118705E-003
  8.693189812390187E-003 -2.227528505939401E-003  3.126490894006344E-004
 -1.125521952603384E-004 -7.389076383514326E-003 -1.120657206425215E-002
  1.499377217765046E-003 -3.104821749432343E-002 -3.255458295427515E-002
  3.907264496744726E-005 -7.363153716072490E-003 -5.117993912483687E-003
 -1.697200921684590E-002  3.631132477798832E-002  2.079265665904934E-002
  1.539748355028248E-003  3.265696811885060E-003  2.668926278853526E-004
  1.275080574355909E-003 -1.795526158788630E-003  2.689181341586744E-003
 -4.343560934394376E-003  1.692321564586968E-003  3.679950312000704E-003
 -3.803436180073312E-004 -6.072625546894123E-003 -6.452444626051157E-003
  6.677138103217503E-003  2.471892156451322E-002  7.203813297486532E-003
 -1.923240826044003E-003  1.512898663800510E-003  1.550238426251274E-002
  2.146717267433517E-003 -4.057637784874807E-003 -2.763916458479253E-003
 
 Total stress tensor
     -0.000055120624      0.000008490895     -0.000003718961
      0.000008490716     -0.000093465704      0.000005564695
     -0.000003718896      0.000005563951     -0.000006841731
 
 Total lattice derivs
      0.077473583952     -0.011934191833      0.005227104440
     -0.002983484861      0.032842167320     -0.001955333580
      0.000822915743     -0.001231188868      0.001513935349
 
 Maximal derivative component:       0.413541E-01 au
 Max force for moved atoms::         0.413541E-01 au
 
 Volume:                             0.104539E+05 au^3
 Pressure:                          -0.518094E-04 au    -0.152428E+10 Pa
 
 Geometry converged
 
