 KPT            1  SPIN            1  KWEIGHT    1.00000000000000     
   -24.79331     2.00000
   -24.73651     2.00000
   -24.71063     2.00000
   -24.61226     2.00000
   -24.59191     2.00000
   -24.43324     2.00000
   -24.36360     2.00000
   -24.34223     2.00000
   -24.32410     2.00000
   -24.29207     2.00000
   -24.26907     2.00000
   -24.22978     2.00000
   -24.22023     2.00000
   -24.16530     2.00000
   -24.15333     2.00000
   -24.14191     2.00000
   -24.10533     2.00000
   -24.06079     2.00000
   -11.72839     2.00000
   -11.67477     2.00000
   -11.55797     2.00000
   -11.46771     2.00000
   -11.33509     2.00000
   -11.23273     2.00000
   -11.11783     2.00000
   -11.08925     2.00000
   -11.04009     2.00000
   -10.99864     2.00000
   -10.97907     2.00000
   -10.93359     2.00000
   -10.90914     2.00000
   -10.86818     2.00000
   -10.66662     2.00000
   -10.63096     2.00000
   -10.56625     2.00000
   -10.51359     2.00000
   -10.43437     2.00000
   -10.39580     2.00000
   -10.36990     2.00000
   -10.32848     2.00000
   -10.26714     2.00000
   -10.22055     2.00000
   -10.13465     2.00000
   -10.06467     2.00000
   -10.03204     2.00000
   -10.00792     2.00000
    -9.92187     2.00000
    -9.87925     2.00000
    -9.84706     2.00000
    -9.72691     2.00000
    -9.67567     2.00000
    -9.64637     2.00000
    -9.61530     2.00000
    -9.60379     2.00000
    -9.55484     2.00000
    -9.50674     2.00000
    -9.46262     2.00000
    -9.37946     2.00000
    -9.33722     2.00000
    -9.28692     2.00000
    -9.22961     2.00000
    -9.19719     2.00000
    -9.17086     2.00000
    -9.08220     2.00000
    -9.05028     2.00000
    -9.04169     2.00000
    -8.94090     2.00000
    -8.88157     2.00000
    -8.84811     2.00000
    -8.83626     2.00000
    -8.80320     2.00000
    -8.68918     2.00000
    -4.87150     0.00000
    -4.40785     0.00000
    -4.25840     0.00000
    -4.22899     0.00000
    -4.15863     0.00000
    -4.07281     0.00000
    -4.05014     0.00000
    -4.01676     0.00000
    -3.99500     0.00000
    -3.97028     0.00000
    -3.94316     0.00000
    -3.87090     0.00000
    -3.83949     0.00000
    -3.80859     0.00000
    -3.77394     0.00000
    -3.76595     0.00000
    -3.69579     0.00000
    -3.59646     0.00000
    -3.56083     0.00000
    -3.53049     0.00000
    -3.45684     0.00000
    -3.43439     0.00000
    -3.40581     0.00000
    -3.33069     0.00000
    -3.27256     0.00000
    -3.19037     0.00000
    -3.16817     0.00000
    -3.11691     0.00000
    -3.07751     0.00000
    -2.95648     0.00000
    -2.89090     0.00000
    -2.76084     0.00000
    -2.72010     0.00000
    -2.63865     0.00000
    -2.59570     0.00000
    -2.49585     0.00000
    -2.19519     0.00000
    -2.09626     0.00000
    -1.95249     0.00000
    -1.33392     0.00000
    -0.76922     0.00000
    -0.25724     0.00000
    -0.11630     0.00000
     0.20030     0.00000
     0.26258     0.00000
     0.37038     0.00000
     0.51711     0.00000
     0.64411     0.00000
     1.33815     0.00000
     1.57671     0.00000
     3.57130     0.00000
     4.10799     0.00000
     4.52439     0.00000
     4.65438     0.00000
     5.26847     0.00000
     7.77285     0.00000
     8.25807     0.00000
     9.27969     0.00000
     9.47008     0.00000
     9.67533     0.00000
    10.10731     0.00000
    10.16000     0.00000
    10.31789     0.00000
    10.59233     0.00000
    10.73515     0.00000
    10.99007     0.00000
    11.75429     0.00000
    12.03137     0.00000
    12.18506     0.00000
    12.29509     0.00000
    12.74965     0.00000
    12.82687     0.00000
    13.29973     0.00000
    13.48211     0.00000
    13.76554     0.00000
    14.18644     0.00000
    14.62405     0.00000
    15.41602     0.00000
    15.69672     0.00000
    16.42238     0.00000
    16.64219     0.00000
 
