 Fermi distribution function
 
 Coordinates of moved atoms (au):
    1      0.00000000      3.71886736     12.01815780
    2      0.00000000      0.00000000     11.33835593
    3      3.71886736      3.71886736     12.69795967
    4      0.00000000     11.15660209     12.01815780
    5      0.00000000      7.43773472     11.33835593
    6      3.71886736     11.15660209     12.69795967
    7      0.00000000     18.59433681     12.01815780
    8      0.00000000     14.87546945     11.33835593
    9      3.71886736     18.59433681     12.69795967
   10      0.00000000     26.03207153     12.01815780
   11      0.00000000     22.31320417     11.33835593
   12      3.71886736     26.03207153     12.69795967
   13      7.40700887     11.66029988     15.75804633
   14      3.68974781     12.10588786     16.43464793
   15      7.42285095     18.81677473     15.79071814
   16      7.29969362      7.24941306     22.79471213
   17      0.09861616      2.41308784     15.46184573
   18      1.41921851     26.96973613     18.69790508
   19      7.27287767      6.81153771     18.08922673
   20      3.70490966     18.81369956     16.36501901
   21      3.58373568      7.86907812     21.99361255
   22      3.77561981     29.36153183     18.91919985
   23      3.70042198     15.45896941     17.66865592
   24      7.40511803      3.52191160     18.70257287
   25      3.62485555     21.97636406     18.03256407
   26      3.62884301     10.03461082     19.41405038
   27      7.36302441     26.04782251     15.69431133
 
 COMPONENT = q
  
 Eigenvalues /H
   -0.91113742
   -0.90905015
   -0.90809881
   -0.90448404
   -0.90373624
   -0.89790494
   -0.89534583
   -0.89456037
   -0.89389438
   -0.89271719
   -0.89187211
   -0.89042801
   -0.89007710
   -0.88805831
   -0.88761848
   -0.88719871
   -0.88585453
   -0.88421761
   -0.43101050
   -0.42903991
   -0.42474770
   -0.42143058
   -0.41655678
   -0.41279533
   -0.40857274
   -0.40752258
   -0.40571572
   -0.40419262
   -0.40347323
   -0.40180197
   -0.40090364
   -0.39939829
   -0.39199107
   -0.39068049
   -0.38830271
   -0.38636729
   -0.38345591
   -0.38203862
   -0.38108670
   -0.37956468
   -0.37731045
   -0.37559844
   -0.37244166
   -0.36986989
   -0.36867072
   -0.36778423
   -0.36462187
   -0.36305591
   -0.36187268
   -0.35745752
   -0.35557429
   -0.35449745
   -0.35335586
   -0.35293263
   -0.35113380
   -0.34936645
   -0.34774496
   -0.34468864
   -0.34313651
   -0.34128803
   -0.33918210
   -0.33799053
   -0.33702286
   -0.33376488
   -0.33259171
   -0.33227592
   -0.32857205
   -0.32639176
   -0.32516222
   -0.32472641
   -0.32351150
   -0.31932133
   -0.17902431
   -0.16198533
   -0.15649322
   -0.15541268
   -0.15282697
   -0.14967296
   -0.14884006
   -0.14761307
   -0.14681338
   -0.14590511
   -0.14490829
   -0.14225305
   -0.14109848
   -0.13996325
   -0.13868977
   -0.13839600
   -0.13581764
   -0.13216755
   -0.13085821
   -0.12974296
   -0.12703656
   -0.12621147
   -0.12516115
   -0.12240056
   -0.12026422
   -0.11724394
   -0.11642828
   -0.11454442
   -0.11309627
   -0.10864864
   -0.10623850
   -0.10145911
   -0.09996168
   -0.09696869
   -0.09539020
   -0.09172068
   -0.08067168
   -0.07703630
   -0.07175266
   -0.04902073
   -0.02826814
   -0.00945337
   -0.00427395
    0.00736102
    0.00964963
    0.01361109
    0.01900336
    0.02367047
    0.04917625
    0.05794299
    0.13124292
    0.15096589
    0.16626830
    0.17104519
    0.19361284
    0.28564707
    0.30347860
    0.34102241
    0.34801912
    0.35556197
    0.37143700
    0.37337295
    0.37917548
    0.38926099
    0.39450939
    0.40387783
    0.43196217
    0.44214487
    0.44779273
    0.45183620
    0.46854114
    0.47137888
    0.48875601
    0.49545833
    0.50587412
    0.52134200
    0.53742404
    0.56652836
    0.57684374
    0.60351125
    0.61158922
 
 Eigenvalues /eV
  -24.79331058
  -24.73651319
  -24.71062588
  -24.61226308
  -24.59191440
  -24.43323667
  -24.36359954
  -24.34222628
  -24.32410378
  -24.29207082
  -24.26907489
  -24.22977905
  -24.22023027
  -24.16529609
  -24.15332780
  -24.14190534
  -24.10532811
  -24.06078545
  -11.72839238
  -11.67476985
  -11.55797301
  -11.46770949
  -11.33508666
  -11.23273250
  -11.11782988
  -11.08925361
  -11.04008659
  -10.99864089
  -10.97906510
  -10.93358785
  -10.90914322
  -10.86818051
  -10.66661986
  -10.63095702
  -10.56625446
  -10.51358877
  -10.43436608
  -10.39579978
  -10.36989679
  -10.32848034
  -10.26713982
  -10.22055344
  -10.13465320
  -10.06467178
  -10.03204084
  -10.00791801
   -9.92186596
   -9.87925397
   -9.84705654
   -9.72691410
   -9.67566872
   -9.64636647
   -9.61530219
   -9.60378537
   -9.55483676
   -9.50674477
   -9.46262177
   -9.37945517
   -9.33721944
   -9.28691973
   -9.22961458
   -9.19719036
   -9.17085867
   -9.08220457
   -9.05028102
   -9.04168776
   -8.94090046
   -8.88157167
   -8.84811432
   -8.83625530
   -8.80319578
   -8.68917552
   -4.87149941
   -4.40784509
   -4.25839706
   -4.22899414
   -4.15863341
   -4.07280847
   -4.05014403
   -4.01675612
   -3.99499526
   -3.97027998
   -3.94315518
   -3.87090241
   -3.83948510
   -3.80859376
   -3.77394067
   -3.76594665
   -3.69578594
   -3.59646214
   -3.56083308
   -3.53048546
   -3.45684056
   -3.43438887
   -3.40580814
   -3.33068883
   -3.27255606
   -3.19036986
   -3.16817470
   -3.11691239
   -3.07750616
   -2.95648001
   -2.89089673
   -2.76084282
   -2.72009577
   -2.63865238
   -2.59569952
   -2.49584660
   -2.19518813
   -2.09626428
   -1.95248926
   -1.33392203
   -0.76921511
   -0.25723926
   -0.11629998
    0.20030366
    0.26257971
    0.37037648
    0.51710775
    0.64410621
    1.33815379
    1.57670893
    3.57130159
    4.10799075
    4.52439074
    4.65437645
    5.26847338
    7.77285220
    8.25807281
    9.27969204
    9.47008213
    9.67533337
   10.10731494
   10.15999501
   10.31788986
   10.59233051
   10.73514679
   10.99007480
   11.75428879
   12.03137402
   12.18506020
   12.29508856
   12.74965319
   12.82687183
   13.29972761
   13.48210717
   13.76553527
   14.18643754
   14.62405225
   15.41602111
   15.69671693
   16.42237669
   16.64218930
 
 Fillings
     2.00000
     2.00000
     2.00000
     2.00000
     2.00000
     2.00000
     2.00000
     2.00000
     2.00000
     2.00000
     2.00000
     2.00000
     2.00000
     2.00000
     2.00000
     2.00000
     2.00000
     2.00000
     2.00000
     2.00000
     2.00000
     2.00000
     2.00000
     2.00000
     2.00000
     2.00000
     2.00000
     2.00000
     2.00000
     2.00000
     2.00000
     2.00000
     2.00000
     2.00000
     2.00000
     2.00000
     2.00000
     2.00000
     2.00000
     2.00000
     2.00000
     2.00000
     2.00000
     2.00000
     2.00000
     2.00000
     2.00000
     2.00000
     2.00000
     2.00000
     2.00000
     2.00000
     2.00000
     2.00000
     2.00000
     2.00000
     2.00000
     2.00000
     2.00000
     2.00000
     2.00000
     2.00000
     2.00000
     2.00000
     2.00000
     2.00000
     2.00000
     2.00000
     2.00000
     2.00000
     2.00000
     2.00000
     0.00000
     0.00000
     0.00000
     0.00000
     0.00000
     0.00000
     0.00000
     0.00000
     0.00000
     0.00000
     0.00000
     0.00000
     0.00000
     0.00000
     0.00000
     0.00000
     0.00000
     0.00000
     0.00000
     0.00000
     0.00000
     0.00000
     0.00000
     0.00000
     0.00000
     0.00000
     0.00000
     0.00000
     0.00000
     0.00000
     0.00000
     0.00000
     0.00000
     0.00000
     0.00000
     0.00000
     0.00000
     0.00000
     0.00000
     0.00000
     0.00000
     0.00000
     0.00000
     0.00000
     0.00000
     0.00000
     0.00000
     0.00000
     0.00000
     0.00000
     0.00000
     0.00000
     0.00000
     0.00000
     0.00000
     0.00000
     0.00000
     0.00000
     0.00000
     0.00000
     0.00000
     0.00000
     0.00000
     0.00000
     0.00000
     0.00000
     0.00000
     0.00000
     0.00000
     0.00000
     0.00000
     0.00000
     0.00000
     0.00000
     0.00000
     0.00000
     0.00000
     0.00000
     0.00000
     0.00000
     0.00000
 
 Fermi energy:                      -0.2461945152 H           -6.6993 eV
 Band energy:                      -72.1996371705 H        -1964.6521 eV
 TS:                                 0.0000000000 H            0.0000 eV
 Band free energy (E-TS):          -72.1996371705 H        -1964.6521 eV
 Extrapolated E(0K):               -72.1996371705 H        -1964.6521 eV
 
 Energy H0:                        -72.1996371705 H        -1964.6521 eV
 Total Electronic energy:          -72.1996371705 H        -1964.6521 eV
 Repulsive energy:                   2.1062044773 H           57.3127 eV
 Total energy:                     -70.0934326932 H        -1907.3393 eV
 Total Mermin free energy:         -70.0934326932 H        -1907.3393 eV
 
 Non-SCC calculation
 
 Full geometry written in geo_end.{xyz|gen}
 
 Total Forces
 -2.027273461080005E-004 -1.165835368401202E-002  3.305470978299099E-002
 -2.516809412697605E-004 -9.035270112615637E-003 -1.874860529486466E-002
  3.982649648504841E-003  8.960179589994741E-003 -2.903010014235741E-002
 -2.481068929066153E-004  8.914921908086803E-004  2.325967746299284E-002
  1.266726122218766E-005  1.087949335351886E-003 -2.482604647137919E-004
 -1.768637813794072E-003  5.781846394469301E-003  6.077085148738469E-003
 -1.652543054993888E-004  1.595429581140811E-003  2.467068534337678E-002
  1.796301382359501E-005  2.783148611190212E-003 -6.676409583323977E-003
 -8.759983346408329E-004  2.533539193470113E-003 -5.485355521819349E-003
 -6.665018387958235E-004  1.021233856509213E-003  4.249430982378533E-002
  4.691233047384128E-005 -7.717784051748415E-004 -6.059138971714305E-003
 -2.994151881414726E-003 -9.350987105001248E-005 -3.188804132340475E-002
  1.792179830446276E-003  3.070882382554133E-003  4.179915128666584E-004
 -5.971159815351000E-004 -1.724371909975794E-002 -1.227414602835784E-003
 -5.059117364277041E-005 -1.312923540530200E-003 -6.993751755839543E-003
  3.748586463714607E-004  1.690584723655096E-003  8.569590797970171E-004
 -3.254302796926107E-003  8.036237648618591E-003  2.109992511840340E-002
 -2.721798557487139E-002 -3.638566121983935E-002 -2.222037341058125E-002
  4.217782671022870E-003  1.166820524437676E-002 -6.257627243066693E-003
 -5.877145491506430E-004 -3.021522909162637E-003 -1.086925483952633E-002
 -4.436716111416008E-003 -2.247477584990019E-002  1.966397671307935E-002
  2.612060341715344E-002  1.135068537759260E-002  3.474642006310454E-003
 -1.396103847540676E-004  2.294733390856982E-003 -2.495436895018938E-003
 -8.712977462407134E-004 -1.340521340597281E-002 -1.181027700951698E-002
 -5.906899611255070E-003  1.199416190746116E-002  4.675172642300329E-003
  1.268365187955397E-004  3.308024887555554E-002 -3.109813428982978E-002
  1.354283994640704E-002  7.562169794409712E-003  1.136304671377208E-002
 
 Total stress tensor
     -0.000057714378      0.000008104775     -0.000001767293
      0.000008104523     -0.000076697840     -0.000006818621
     -0.000001767018     -0.000006817315     -0.000022428373
 
 Total lattice derivs
      0.081119178032     -0.011391488148      0.002483979969
     -0.002847783517      0.026950241475      0.002395940761
      0.000391004940      0.001508532732      0.004962941181
 
 Maximal derivative component:       0.424943E-01 au
 Max force for moved atoms::         0.424943E-01 au
 
 Volume:                             0.104539E+05 au^3
 Pressure:                          -0.522802E-04 au    -0.153814E+10 Pa
 
 Geometry converged
 
