 KPT            1  SPIN            1  KWEIGHT    1.00000000000000     
   -24.85478     2.00000
   -24.76140     2.00000
   -24.74396     2.00000
   -24.62711     2.00000
   -24.51972     2.00000
   -24.44859     2.00000
   -24.42574     2.00000
   -24.36695     2.00000
   -24.32241     2.00000
   -24.30233     2.00000
   -24.27050     2.00000
   -24.26346     2.00000
   -24.25493     2.00000
   -24.23775     2.00000
   -24.18984     2.00000
   -24.18940     2.00000
   -24.17970     2.00000
   -24.02645     2.00000
   -11.75768     2.00000
   -11.69978     2.00000
   -11.66926     2.00000
   -11.63235     2.00000
   -11.32195     2.00000
   -11.22331     2.00000
   -11.15759     2.00000
   -11.11024     2.00000
   -11.07794     2.00000
   -11.06955     2.00000
   -11.00664     2.00000
   -10.99028     2.00000
   -10.98074     2.00000
   -10.95750     2.00000
   -10.93209     2.00000
   -10.89389     2.00000
   -10.74981     2.00000
   -10.69819     2.00000
   -10.56436     2.00000
   -10.55496     2.00000
   -10.49955     2.00000
   -10.47842     2.00000
   -10.43846     2.00000
   -10.40939     2.00000
   -10.36986     2.00000
   -10.28379     2.00000
   -10.26277     2.00000
   -10.16545     2.00000
   -10.14199     2.00000
   -10.12564     2.00000
   -10.06257     2.00000
    -9.98880     2.00000
    -9.96181     2.00000
    -9.77345     2.00000
    -9.76237     2.00000
    -9.68239     2.00000
    -9.61955     2.00000
    -9.57055     2.00000
    -9.51669     2.00000
    -9.45709     2.00000
    -9.43832     2.00000
    -9.38697     2.00000
    -9.38328     2.00000
    -9.19196     2.00000
    -9.10695     2.00000
    -9.07963     2.00000
    -9.04124     2.00000
    -9.03583     2.00000
    -8.97025     2.00000
    -8.92662     2.00000
    -8.91810     2.00000
    -8.87809     2.00000
    -8.75049     2.00000
    -8.62341     2.00000
    -4.31253     0.00000
    -4.12924     0.00000
    -4.08619     0.00000
    -4.06342     0.00000
    -4.01841     0.00000
    -4.01220     0.00000
    -3.97814     0.00000
    -3.90385     0.00000
    -3.88851     0.00000
    -3.83527     0.00000
    -3.72069     0.00000
    -3.66972     0.00000
    -3.66411     0.00000
    -3.57342     0.00000
    -3.56955     0.00000
    -3.51817     0.00000
    -3.49806     0.00000
    -3.48225     0.00000
    -3.41808     0.00000
    -3.39392     0.00000
    -3.33365     0.00000
    -3.31764     0.00000
    -3.18488     0.00000
    -3.08963     0.00000
    -3.06204     0.00000
    -2.91392     0.00000
    -2.84139     0.00000
    -2.77830     0.00000
    -2.71529     0.00000
    -2.65426     0.00000
    -2.64796     0.00000
    -2.56069     0.00000
    -2.52135     0.00000
    -2.09717     0.00000
    -1.96382     0.00000
    -1.90296     0.00000
    -1.60983     0.00000
    -0.29010     0.00000
     0.07043     0.00000
     0.15304     0.00000
     0.15825     0.00000
     0.29591     0.00000
     0.35832     0.00000
     0.45802     0.00000
     0.73450     0.00000
     0.92141     0.00000
     3.82353     0.00000
     4.20185     0.00000
     4.37656     0.00000
     4.90814     0.00000
     7.65455     0.00000
     7.82876     0.00000
     8.06965     0.00000
     8.08682     0.00000
     8.93460     0.00000
     9.09444     0.00000
     9.22282     0.00000
     9.32536     0.00000
     9.59841     0.00000
     9.70825     0.00000
    10.25475     0.00000
    10.28034     0.00000
    10.60295     0.00000
    10.63541     0.00000
    10.98933     0.00000
    11.08490     0.00000
    11.78510     0.00000
    11.86382     0.00000
    12.55251     0.00000
    12.68780     0.00000
    13.22554     0.00000
    13.48646     0.00000
    13.73271     0.00000
    13.91306     0.00000
    13.95050     0.00000
    14.18963     0.00000
    14.69439     0.00000
    15.10165     0.00000
    15.48049     0.00000
    16.69092     0.00000
    16.83880     0.00000
 
