 Fermi distribution function
 
 Coordinates of moved atoms (au):
    1      0.00000000      3.71886736     12.01815780
    2      0.00000000      0.00000000     11.33835593
    3      3.71886736      3.71886736     12.69795967
    4      0.00000000     11.15660209     12.01815780
    5      0.00000000      7.43773472     11.33835593
    6      3.71886736     11.15660209     12.69795967
    7      0.00000000     18.59433681     12.01815780
    8      0.00000000     14.87546945     11.33835593
    9      3.71886736     18.59433681     12.69795967
   10      0.00000000     26.03207153     12.01815780
   11      0.00000000     22.31320417     11.33835593
   12      3.71886736     26.03207153     12.69795967
   13      3.70996688      3.31814640     16.27516305
   14      0.88091015     14.91268502     16.44700076
   15      3.68775446      6.67211113     17.56133482
   16      7.42993292      3.32265420     15.78215477
   17      3.94134810     17.75602211     19.26989568
   18      3.71453588     26.47087987     16.27534098
   19      3.70304223     23.11926775     17.56826049
   20      7.40539487     10.19018064     15.76499597
   21      3.70850893      0.02333884     17.74817930
   22      6.01412320     14.85161089     18.92903025
   23      7.43171392     19.63038343     15.75822824
   24      3.84230797     12.01608496     19.30588167
   25      7.43321635     26.45956275     15.77901517
   26      3.67702669     10.03816231     16.32805031
   27      3.70710557     19.76227464     16.32107090
 
 COMPONENT = q
  
 Eigenvalues /H
   -0.91339628
   -0.90996457
   -0.90932375
   -0.90502963
   -0.90108316
   -0.89846926
   -0.89762939
   -0.89546900
   -0.89383228
   -0.89309438
   -0.89192447
   -0.89166566
   -0.89135234
   -0.89072087
   -0.88896033
   -0.88894412
   -0.88858782
   -0.88295596
   -0.43208663
   -0.42995895
   -0.42883748
   -0.42748085
   -0.41607420
   -0.41244895
   -0.41003373
   -0.40829387
   -0.40710686
   -0.40679835
   -0.40448657
   -0.40388540
   -0.40353462
   -0.40268060
   -0.40174687
   -0.40034308
   -0.39504844
   -0.39315119
   -0.38823304
   -0.38788757
   -0.38585145
   -0.38507499
   -0.38360651
   -0.38253803
   -0.38108525
   -0.37792225
   -0.37714980
   -0.37357329
   -0.37271131
   -0.37211053
   -0.36979254
   -0.36708161
   -0.36608996
   -0.35916765
   -0.35876043
   -0.35582144
   -0.35351212
   -0.35171132
   -0.34973181
   -0.34754179
   -0.34685183
   -0.34496477
   -0.34482924
   -0.33779827
   -0.33467435
   -0.33367017
   -0.33225955
   -0.33206083
   -0.32965057
   -0.32804723
   -0.32773430
   -0.32626399
   -0.32157473
   -0.31690434
   -0.15848246
   -0.15174669
   -0.15016456
   -0.14932801
   -0.14767388
   -0.14744580
   -0.14619392
   -0.14346398
   -0.14289997
   -0.14094371
   -0.13673269
   -0.13485977
   -0.13465363
   -0.13132078
   -0.13117849
   -0.12929053
   -0.12855125
   -0.12797024
   -0.12561222
   -0.12472428
   -0.12250930
   -0.12192092
   -0.11704221
   -0.11354191
   -0.11252788
   -0.10708452
   -0.10441915
   -0.10210075
   -0.09978524
   -0.09754234
   -0.09731083
   -0.09410348
   -0.09265776
   -0.07706967
   -0.07216918
   -0.06993244
   -0.05916006
   -0.01066115
    0.00258840
    0.00562417
    0.00581565
    0.01087458
    0.01316805
    0.01683185
    0.02699220
    0.03386116
    0.14051210
    0.15441525
    0.16083557
    0.18037088
    0.28129966
    0.28770147
    0.29655403
    0.29718522
    0.32834048
    0.33421456
    0.33893244
    0.34270079
    0.35273497
    0.35677160
    0.37685516
    0.37779552
    0.38965141
    0.39084399
    0.40385035
    0.40736259
    0.43309434
    0.43598755
    0.46129641
    0.46626793
    0.48602970
    0.49561826
    0.50466775
    0.51129573
    0.51267141
    0.52145938
    0.54000902
    0.55497529
    0.56889764
    0.61338002
    0.61881457
 
 Eigenvalues /eV
  -24.85477741
  -24.76139574
  -24.74395825
  -24.62710926
  -24.51972047
  -24.44859252
  -24.42573837
  -24.36695118
  -24.32241372
  -24.30233452
  -24.27049959
  -24.26345711
  -24.25493129
  -24.23774815
  -24.18984137
  -24.18940036
  -24.17970493
  -24.02645423
  -11.75767545
  -11.69977835
  -11.66926161
  -11.63234568
  -11.32195499
  -11.22330689
  -11.15758553
  -11.11024138
  -11.07794126
  -11.06954643
  -11.00663961
  -10.99028098
  -10.98073559
  -10.95749672
  -10.93208856
  -10.89388952
  -10.74981499
  -10.69818830
  -10.56435857
  -10.55495791
  -10.49955211
  -10.47842351
  -10.43846413
  -10.40938935
  -10.36985727
  -10.28378769
  -10.26276809
  -10.16544651
  -10.14199080
  -10.12564283
  -10.06256699
   -9.98879871
   -9.96181455
   -9.77344903
   -9.76236810
   -9.68239411
   -9.61955431
   -9.57055192
   -9.51668687
   -9.45709326
   -9.43831863
   -9.38696897
   -9.38328093
   -9.19195873
   -9.10695237
   -9.07962741
   -9.04124226
   -9.03583484
   -8.97024850
   -8.92661936
   -8.91810409
   -8.87809500
   -8.75049366
   -8.62340575
   -4.31252704
   -4.12923761
   -4.08618556
   -4.06342190
   -4.01841067
   -4.01220432
   -3.97813890
   -3.90385357
   -3.88850597
   -3.83527360
   -3.72068591
   -3.66972115
   -3.66411174
   -3.57342033
   -3.56954824
   -3.51817423
   -3.49805752
   -3.48224746
   -3.41808238
   -3.39392033
   -3.33364756
   -3.31763698
   -3.18488055
   -3.08963258
   -3.06203948
   -2.91391794
   -2.84138961
   -2.77830274
   -2.71529451
   -2.65426220
   -2.64796230
   -2.56068589
   -2.52134581
   -2.09717233
   -1.96382328
   -1.90295862
   -1.60982700
   -0.29010463
    0.07043386
    0.15304152
    0.15825197
    0.29591237
    0.35832095
    0.45801803
    0.73449507
    0.92140915
    3.82352873
    4.20185264
    4.37655863
    4.90814149
    7.65455332
    7.82875537
    8.06964571
    8.08682121
    8.93459914
    9.09444083
    9.22282086
    9.32536293
    9.59840699
    9.70824920
   10.25475074
   10.28033904
   10.60295444
   10.63540601
   10.98932724
   11.08490008
   11.78509666
   11.86382492
   12.55251397
   12.68779582
   13.22554107
   13.48645891
   13.73270825
   13.91306482
   13.95049879
   14.18963157
   14.69439305
   15.10164593
   15.48049232
   16.69091953
   16.83880116
 
 Fillings
     2.00000
     2.00000
     2.00000
     2.00000
     2.00000
     2.00000
     2.00000
     2.00000
     2.00000
     2.00000
     2.00000
     2.00000
     2.00000
     2.00000
     2.00000
     2.00000
     2.00000
     2.00000
     2.00000
     2.00000
     2.00000
     2.00000
     2.00000
     2.00000
     2.00000
     2.00000
     2.00000
     2.00000
     2.00000
     2.00000
     2.00000
     2.00000
     2.00000
     2.00000
     2.00000
     2.00000
     2.00000
     2.00000
     2.00000
     2.00000
     2.00000
     2.00000
     2.00000
     2.00000
     2.00000
     2.00000
     2.00000
     2.00000
     2.00000
     2.00000
     2.00000
     2.00000
     2.00000
     2.00000
     2.00000
     2.00000
     2.00000
     2.00000
     2.00000
     2.00000
     2.00000
     2.00000
     2.00000
     2.00000
     2.00000
     2.00000
     2.00000
     2.00000
     2.00000
     2.00000
     2.00000
     2.00000
     0.00000
     0.00000
     0.00000
     0.00000
     0.00000
     0.00000
     0.00000
     0.00000
     0.00000
     0.00000
     0.00000
     0.00000
     0.00000
     0.00000
     0.00000
     0.00000
     0.00000
     0.00000
     0.00000
     0.00000
     0.00000
     0.00000
     0.00000
     0.00000
     0.00000
     0.00000
     0.00000
     0.00000
     0.00000
     0.00000
     0.00000
     0.00000
     0.00000
     0.00000
     0.00000
     0.00000
     0.00000
     0.00000
     0.00000
     0.00000
     0.00000
     0.00000
     0.00000
     0.00000
     0.00000
     0.00000
     0.00000
     0.00000
     0.00000
     0.00000
     0.00000
     0.00000
     0.00000
     0.00000
     0.00000
     0.00000
     0.00000
     0.00000
     0.00000
     0.00000
     0.00000
     0.00000
     0.00000
     0.00000
     0.00000
     0.00000
     0.00000
     0.00000
     0.00000
     0.00000
     0.00000
     0.00000
     0.00000
     0.00000
     0.00000
     0.00000
     0.00000
     0.00000
     0.00000
     0.00000
     0.00000
 
 Fermi energy:                      -0.2443040345 H           -6.6479 eV
 Band energy:                      -72.6412775851 H        -1976.6697 eV
 TS:                                 0.0000000000 H            0.0000 eV
 Band free energy (E-TS):          -72.6412775851 H        -1976.6697 eV
 Extrapolated E(0K):               -72.6412775851 H        -1976.6697 eV
 
 Energy H0:                        -72.6412775851 H        -1976.6697 eV
 Total Electronic energy:          -72.6412775851 H        -1976.6697 eV
 Repulsive energy:                   2.3181504236 H           63.0801 eV
 Total energy:                     -70.3231271615 H        -1913.5897 eV
 Total Mermin free energy:         -70.3231271615 H        -1913.5897 eV
 
 Non-SCC calculation
 
 Full geometry written in geo_end.{xyz|gen}
 
 Total Forces
 -6.075940926743112E-003 -1.636880727653677E-003  1.751232637165913E-002
  2.591160754406234E-006  1.513889560160965E-004 -8.964928554671129E-003
 -4.004631777678988E-004 -1.872524320512313E-003 -1.815215717343613E-002
 -1.068866975088849E-004 -4.658410848802592E-003  3.437505860323258E-002
  4.518722826220163E-005 -5.036934947538508E-003 -8.918797253760609E-003
 -1.005029495642661E-003 -3.168073468967966E-003  9.394408966389503E-004
  2.758949681636408E-004  4.406806064081271E-003  3.330382937501758E-002
 -7.094168671827740E-004 -1.136437442347506E-004 -4.688854038235490E-003
  3.938360096159933E-004  4.036807851245387E-003  2.913343276692182E-003
 -3.254121290663090E-003  2.009554101939990E-003  2.066123132391549E-002
  1.130733187338661E-005  5.497851876128767E-003 -9.439476934011076E-003
 -2.314077882081799E-004  2.223123735396222E-003 -1.602373407742957E-002
  6.339257603783666E-003 -2.108493464028034E-003  1.006308481833815E-002
  9.027467944999257E-003  2.835063643266528E-004 -1.293714197463619E-002
  2.384909883506812E-004 -5.305681610099731E-004  8.855103407634790E-004
 -2.605528719389936E-004  1.937325931899683E-003 -8.281856273624232E-003
  6.786292876278896E-003 -8.993832546809022E-003  5.434877947755101E-003
  3.191166655423195E-003  3.724012308753404E-003  6.025774890424530E-003
  1.766920596461800E-004  2.805138864907678E-003  1.759694162277808E-003
 -3.753824758432067E-003  1.581398239498146E-003 -1.569690047355797E-002
  1.333129829495651E-004 -2.785242255935847E-003 -4.565827389295771E-003
 -1.590281325764820E-002 -1.869047780355591E-003  1.453468266648847E-002
 -2.619585046512805E-003 -1.420194937758924E-003 -1.476028930177898E-002
  8.517629261108967E-003  1.026188749860675E-002  3.426651488896676E-003
  2.183939871372067E-005 -1.843383336231096E-003 -8.085651889139747E-003
  4.887721587178153E-004 -5.643454901348103E-003 -9.095803191855829E-003
 -1.329696450392816E-003  2.761883648386389E-003 -1.222408763666726E-002
 
 Total stress tensor
     -0.000000133870     -0.000000046554      0.000005378630
     -0.000000046542     -0.000074032204     -0.000000911239
      0.000005378324     -0.000000911203     -0.000009729664
 
 Total lattice derivs
      0.000188157744      0.000065433549     -0.007559815942
      0.000016354069      0.026013584942      0.000320192830
     -0.001190113330      0.000201630722      0.002152976002
 
 Maximal derivative component:       0.343751E-01 au
 Max force for moved atoms::         0.343751E-01 au
 
 Volume:                             0.104539E+05 au^3
 Pressure:                          -0.279652E-04 au    -0.822766E+09 Pa
 
 Geometry converged
 
