 KPT            1  SPIN            1  KWEIGHT    1.00000000000000     
   -24.79363     2.00000
   -24.70086     2.00000
   -24.64123     2.00000
   -24.53542     2.00000
   -24.51121     2.00000
   -24.47495     2.00000
   -24.43960     2.00000
   -24.36411     2.00000
   -24.34761     2.00000
   -24.29519     2.00000
   -24.26713     2.00000
   -24.25672     2.00000
   -24.23327     2.00000
   -24.18166     2.00000
   -24.15785     2.00000
   -24.14706     2.00000
   -24.11534     2.00000
   -24.09378     2.00000
   -11.74243     2.00000
   -11.49266     2.00000
   -11.42318     2.00000
   -11.37639     2.00000
   -11.21397     2.00000
   -11.18352     2.00000
   -11.14490     2.00000
   -11.09912     2.00000
   -11.05336     2.00000
   -11.01956     2.00000
   -10.91548     2.00000
   -10.89700     2.00000
   -10.84405     2.00000
   -10.82616     2.00000
   -10.76827     2.00000
   -10.68795     2.00000
   -10.61163     2.00000
   -10.53141     2.00000
   -10.48690     2.00000
   -10.45544     2.00000
   -10.39298     2.00000
   -10.35753     2.00000
   -10.32966     2.00000
   -10.27062     2.00000
   -10.20479     2.00000
   -10.16472     2.00000
   -10.12453     2.00000
   -10.08924     2.00000
    -9.98112     2.00000
    -9.94481     2.00000
    -9.88842     2.00000
    -9.80359     2.00000
    -9.74291     2.00000
    -9.69646     2.00000
    -9.64805     2.00000
    -9.61387     2.00000
    -9.53983     2.00000
    -9.50819     2.00000
    -9.45708     2.00000
    -9.42183     2.00000
    -9.35977     2.00000
    -9.34514     2.00000
    -9.31420     2.00000
    -9.18588     2.00000
    -9.16561     2.00000
    -9.11820     2.00000
    -9.09613     2.00000
    -9.02239     2.00000
    -8.93616     2.00000
    -8.93224     2.00000
    -8.89956     2.00000
    -8.84607     2.00000
    -8.80720     2.00000
    -8.78540     2.00000
    -4.79363     0.00000
    -4.64448     0.00000
    -4.31764     0.00000
    -4.25735     0.00000
    -4.14670     0.00000
    -4.09720     0.00000
    -4.07129     0.00000
    -4.03241     0.00000
    -3.99430     0.00000
    -3.95158     0.00000
    -3.92085     0.00000
    -3.89092     0.00000
    -3.84299     0.00000
    -3.80172     0.00000
    -3.73580     0.00000
    -3.72313     0.00000
    -3.63654     0.00000
    -3.55299     0.00000
    -3.52618     0.00000
    -3.46001     0.00000
    -3.42540     0.00000
    -3.39267     0.00000
    -3.32754     0.00000
    -3.27918     0.00000
    -3.23079     0.00000
    -3.14805     0.00000
    -3.08658     0.00000
    -3.05340     0.00000
    -3.00932     0.00000
    -2.86557     0.00000
    -2.80104     0.00000
    -2.73636     0.00000
    -2.68649     0.00000
    -2.55268     0.00000
    -2.38971     0.00000
    -2.07511     0.00000
    -2.00118     0.00000
    -1.64742     0.00000
    -1.58642     0.00000
    -0.88887     0.00000
    -0.73422     0.00000
    -0.37425     0.00000
    -0.13660     0.00000
     0.08348     0.00000
     0.20244     0.00000
     0.46574     0.00000
     1.32311     0.00000
     2.15256     0.00000
     3.00846     0.00000
     3.49739     0.00000
     4.18418     0.00000
     4.87756     0.00000
     6.10056     0.00000
     6.87237     0.00000
     7.16995     0.00000
     7.33638     0.00000
     7.66266     0.00000
     7.85746     0.00000
     8.34673     0.00000
     8.59006     0.00000
     9.16108     0.00000
     9.59693     0.00000
     9.98610     0.00000
    10.52414     0.00000
    10.66114     0.00000
    10.85938     0.00000
    11.16899     0.00000
    11.48410     0.00000
    11.72391     0.00000
    11.94619     0.00000
    12.09503     0.00000
    12.61169     0.00000
    13.01652     0.00000
    13.17351     0.00000
    13.32356     0.00000
    13.86700     0.00000
    14.37142     0.00000
    15.28708     0.00000
    15.75095     0.00000
    16.06568     0.00000
    16.95419     0.00000
 
