 Fermi distribution function
 
 Coordinates of moved atoms (au):
    1      0.00000000      3.71886736     12.01815780
    2      0.00000000      0.00000000     11.33835593
    3      3.71886736      3.71886736     12.69795967
    4      0.00000000     11.15660209     12.01815780
    5      0.00000000      7.43773472     11.33835593
    6      3.71886736     11.15660209     12.69795967
    7      0.00000000     18.59433681     12.01815780
    8      0.00000000     14.87546945     11.33835593
    9      3.71886736     18.59433681     12.69795967
   10      0.00000000     26.03207153     12.01815780
   11      0.00000000     22.31320417     11.33835593
   12      3.71886736     26.03207153     12.69795967
   13      4.07392055     11.16512791     19.17542414
   14      3.18227174     21.80461988     17.13495951
   15      1.74596029      8.66563518     18.24073590
   16      4.25808831     16.11179200     16.89473240
   17      3.63575380      2.54325486     16.25515377
   18      0.52341749     14.85920251     20.80523291
   19      7.35645394      2.70005068     15.64409229
   20      2.90674217     28.94086404     17.43056170
   21      6.76882910     21.40462533     18.25932577
   22      0.04739472     10.42805022     15.70540517
   23      3.47768125     25.55101789     16.33977689
   24      7.08549533     19.72770507     21.15413799
   25      7.10178574     25.13354058     17.65535000
   26      4.16533822     14.63019651     19.83704684
   27      2.99900627      5.32800371     18.41096215
 
 COMPONENT = q
  
 Eigenvalues /H
   -0.91114910
   -0.90773989
   -0.90554871
   -0.90166027
   -0.90077036
   -0.89943795
   -0.89813871
   -0.89536459
   -0.89475835
   -0.89283179
   -0.89180053
   -0.89141822
   -0.89055641
   -0.88865968
   -0.88778467
   -0.88738829
   -0.88622249
   -0.88543001
   -0.43152643
   -0.42234741
   -0.41979397
   -0.41807452
   -0.41210565
   -0.41098698
   -0.40956739
   -0.40788504
   -0.40620368
   -0.40496123
   -0.40113654
   -0.40045750
   -0.39851161
   -0.39785406
   -0.39572657
   -0.39277488
   -0.38997028
   -0.38702209
   -0.38538654
   -0.38423049
   -0.38193484
   -0.38063209
   -0.37960804
   -0.37743821
   -0.37501926
   -0.37354643
   -0.37206972
   -0.37077286
   -0.36679955
   -0.36546491
   -0.36339279
   -0.36027520
   -0.35804554
   -0.35633851
   -0.35455928
   -0.35330315
   -0.35058215
   -0.34941954
   -0.34754127
   -0.34624576
   -0.34396537
   -0.34342753
   -0.34229056
   -0.33757486
   -0.33682993
   -0.33508769
   -0.33427659
   -0.33156687
   -0.32839779
   -0.32825383
   -0.32705271
   -0.32508701
   -0.32365849
   -0.32285760
   -0.17616262
   -0.17068140
   -0.15867032
   -0.15645459
   -0.15238849
   -0.15056937
   -0.14961698
   -0.14818832
   -0.14678776
   -0.14521793
   -0.14408863
   -0.14298880
   -0.14122711
   -0.13971077
   -0.13728819
   -0.13682241
   -0.13364029
   -0.13056991
   -0.12958468
   -0.12715307
   -0.12588129
   -0.12467851
   -0.12228502
   -0.12050759
   -0.11872949
   -0.11568886
   -0.11342962
   -0.11221027
   -0.11059045
   -0.10530791
   -0.10293647
   -0.10055939
   -0.09872666
   -0.09380932
   -0.08782027
   -0.07625896
   -0.07354189
   -0.06054169
   -0.05829993
   -0.03266551
   -0.02698226
   -0.01375330
   -0.00502014
    0.00306781
    0.00743960
    0.01711552
    0.04862335
    0.07910512
    0.11055901
    0.12852673
    0.15376572
    0.17924716
    0.22419129
    0.25255505
    0.26349100
    0.26960696
    0.28159750
    0.28875642
    0.30673677
    0.31567877
    0.33666366
    0.35268064
    0.36698244
    0.38675517
    0.39178954
    0.39907474
    0.41045276
    0.42203295
    0.43084559
    0.43901431
    0.44448423
    0.46347093
    0.47834814
    0.48411742
    0.48963190
    0.50960302
    0.52813992
    0.56178983
    0.57883676
    0.59040286
    0.62305491
 
 Eigenvalues /eV
  -24.79362862
  -24.70085909
  -24.64123414
  -24.53542424
  -24.51120873
  -24.47495183
  -24.43959774
  -24.36411014
  -24.34761344
  -24.29518916
  -24.26712699
  -24.25672391
  -24.23327283
  -24.18166027
  -24.15784993
  -24.14706398
  -24.11534083
  -24.09377652
  -11.74243165
  -11.49265775
  -11.42317500
  -11.37638647
  -11.21396533
  -11.18352461
  -11.14489568
  -11.09911659
  -11.05336447
  -11.01955561
  -10.91548074
  -10.89700308
  -10.84405266
  -10.82615978
  -10.76826786
  -10.68794831
  -10.61163115
  -10.53140679
  -10.48690128
  -10.45544353
  -10.39297572
  -10.35752628
  -10.32966047
  -10.27061633
  -10.20479324
  -10.16471559
  -10.12453230
  -10.08924278
   -9.98112365
   -9.94480606
   -9.88842101
   -9.80358687
   -9.74291496
   -9.69646412
   -9.64804896
   -9.61386773
   -9.53982572
   -9.50818955
   -9.45707902
   -9.42182640
   -9.35977382
   -9.34513869
   -9.31420017
   -9.18587919
   -9.16560867
   -9.11819996
   -9.09612883
   -9.02239367
   -8.93615853
   -8.93224123
   -8.89955702
   -8.84606770
   -8.80719575
   -8.78540235
   -4.79362885
   -4.64447717
   -4.31763903
   -4.25734599
   -4.14670176
   -4.09720089
   -4.07128530
   -4.03240946
   -3.99429812
   -3.95158094
   -3.92085110
   -3.89092309
   -3.84298531
   -3.80172358
   -3.73580175
   -3.72312728
   -3.63653723
   -3.55298800
   -3.52617855
   -3.46001116
   -3.42540410
   -3.39267486
   -3.32754479
   -3.27917838
   -3.23079381
   -3.14805395
   -3.08657697
   -3.05339689
   -3.00931925
   -2.86557413
   -2.80104374
   -2.73636011
   -2.68648920
   -2.55268150
   -2.38971122
   -2.07511181
   -2.00117666
   -1.64742333
   -1.58642169
   -0.88887381
   -0.73422455
   -0.37424628
   -0.13660484
    0.08347926
    0.20244187
    0.46573712
    1.32310864
    2.15255980
    3.00846374
    3.49739025
    4.18417821
    4.87756335
    6.10055531
    6.87237249
    7.16995483
    7.33637869
    7.66265773
    7.85746210
    8.34673221
    8.59005639
    9.16108427
    9.59692850
    9.98610015
   10.52414361
   10.66113581
   10.85937619
   11.16898796
   11.48410081
   11.72390510
   11.94618707
   12.09503115
   12.61168558
   13.01651529
   13.17350524
   13.32356186
   13.86700376
   14.37141846
   15.28707894
   15.75094968
   16.06567915
   16.95418669
 
 Fillings
     2.00000
     2.00000
     2.00000
     2.00000
     2.00000
     2.00000
     2.00000
     2.00000
     2.00000
     2.00000
     2.00000
     2.00000
     2.00000
     2.00000
     2.00000
     2.00000
     2.00000
     2.00000
     2.00000
     2.00000
     2.00000
     2.00000
     2.00000
     2.00000
     2.00000
     2.00000
     2.00000
     2.00000
     2.00000
     2.00000
     2.00000
     2.00000
     2.00000
     2.00000
     2.00000
     2.00000
     2.00000
     2.00000
     2.00000
     2.00000
     2.00000
     2.00000
     2.00000
     2.00000
     2.00000
     2.00000
     2.00000
     2.00000
     2.00000
     2.00000
     2.00000
     2.00000
     2.00000
     2.00000
     2.00000
     2.00000
     2.00000
     2.00000
     2.00000
     2.00000
     2.00000
     2.00000
     2.00000
     2.00000
     2.00000
     2.00000
     2.00000
     2.00000
     2.00000
     2.00000
     2.00000
     2.00000
     0.00000
     0.00000
     0.00000
     0.00000
     0.00000
     0.00000
     0.00000
     0.00000
     0.00000
     0.00000
     0.00000
     0.00000
     0.00000
     0.00000
     0.00000
     0.00000
     0.00000
     0.00000
     0.00000
     0.00000
     0.00000
     0.00000
     0.00000
     0.00000
     0.00000
     0.00000
     0.00000
     0.00000
     0.00000
     0.00000
     0.00000
     0.00000
     0.00000
     0.00000
     0.00000
     0.00000
     0.00000
     0.00000
     0.00000
     0.00000
     0.00000
     0.00000
     0.00000
     0.00000
     0.00000
     0.00000
     0.00000
     0.00000
     0.00000
     0.00000
     0.00000
     0.00000
     0.00000
     0.00000
     0.00000
     0.00000
     0.00000
     0.00000
     0.00000
     0.00000
     0.00000
     0.00000
     0.00000
     0.00000
     0.00000
     0.00000
     0.00000
     0.00000
     0.00000
     0.00000
     0.00000
     0.00000
     0.00000
     0.00000
     0.00000
     0.00000
     0.00000
     0.00000
     0.00000
     0.00000
     0.00000
 
 Fermi energy:                      -0.2411848486 H           -6.5630 eV
 Band energy:                      -72.2729975815 H        -1966.6483 eV
 TS:                                 0.0000000000 H            0.0000 eV
 Band free energy (E-TS):          -72.2729975815 H        -1966.6483 eV
 Extrapolated E(0K):               -72.2729975815 H        -1966.6483 eV
 
 Energy H0:                        -72.2729975815 H        -1966.6483 eV
 Total Electronic energy:          -72.2729975815 H        -1966.6483 eV
 Repulsive energy:                   2.1125120845 H           57.4844 eV
 Total energy:                     -70.1604854969 H        -1909.1639 eV
 Total Mermin free energy:         -70.1604854969 H        -1909.1639 eV
 
 Non-SCC calculation
 
 Full geometry written in geo_end.{xyz|gen}
 
 Total Forces
 -8.401317414323821E-004 -3.056387038297866E-003  1.839416894096246E-002
  9.850023490393044E-005 -8.779448720398261E-003 -9.433543686686703E-003
 -4.614662896520081E-003 -1.108652261227319E-003 -1.121995438708525E-002
 -1.035041341610078E-003 -6.267836331037786E-003  3.599969682990155E-002
 -9.322948626433136E-005 -4.563822050236349E-003 -6.553473925695389E-003
  2.155174706516072E-003  4.315962800449206E-003 -2.889968963425157E-002
 -1.913643165525114E-004 -1.975695513162463E-003  6.979360877504237E-003
  1.045624278309616E-004  1.846155816275574E-003  9.767735430000341E-005
 -4.171522551878115E-004  2.003781579935095E-003 -9.044253383177703E-003
 -1.769142521075087E-002  3.258812579330656E-003 -2.544817759054669E-002
 -1.348443688152283E-004  8.778843693539278E-004  1.315380218994088E-003
 -1.391469352404564E-003 -5.785710156475122E-003  2.274233387998871E-002
  6.214191079411596E-003 -1.610474415153101E-002  7.681500982415469E-003
 -2.016233928613068E-003  4.594351927824231E-003  3.350944592763871E-003
 -5.856501746348580E-003  1.162860220397412E-002 -2.867474369122755E-003
  3.080943635293087E-003  2.846276848599075E-003  6.892691408059370E-003
 -2.736151779939321E-003 -1.196085583462193E-002  1.199186069333881E-003
 -2.490571827763938E-003 -1.207978674853848E-003 -5.557506375781646E-004
 -1.615078423375362E-002  5.684369991113044E-003 -1.084668393707668E-003
  2.263024669783766E-002  9.281012662360522E-003 -6.933177537697663E-003
  2.487930104945928E-002 -1.925211316824119E-003 -2.003029392710037E-002
  1.681540139821011E-003 -7.445019741634334E-003 -2.228574801459635E-003
 -1.139282061376177E-003  1.309357532964288E-002  2.388483702356126E-002
 -4.261691941218382E-003 -2.002797523639119E-003  1.156232001956228E-002
 -1.289746782061933E-002 -8.238927440302732E-003 -1.680010316792821E-002
  6.349086847884882E-003  1.248447130932982E-002 -1.984942801705136E-003
  6.764459490211806E-003  8.507829336054012E-003  2.983980046395926E-003
 
 Total stress tensor
     -0.000078192016     -0.000011534387      0.000017037530
     -0.000011534744     -0.000083144927      0.000011028476
      0.000017036715      0.000011023752      0.000002205370
 
 Total lattice derivs
      0.109901073186      0.016211904698     -0.023946726676
      0.004053101651      0.029215632058     -0.003875208113
     -0.003769877404     -0.002439331417     -0.000488003380
 
 Maximal derivative component:       0.359997E-01 au
 Max force for moved atoms::         0.359997E-01 au
 
 Volume:                             0.104539E+05 au^3
 Pressure:                          -0.530439E-04 au    -0.156060E+10 Pa
 
 Geometry converged
 
