 KPT            1  SPIN            1  KWEIGHT    1.00000000000000     
   -24.80050     2.00000
   -24.73776     2.00000
   -24.69397     2.00000
   -24.59063     2.00000
   -24.51427     2.00000
   -24.44103     2.00000
   -24.40235     2.00000
   -24.35136     2.00000
   -24.32266     2.00000
   -24.28691     2.00000
   -24.27482     2.00000
   -24.26155     2.00000
   -24.24321     2.00000
   -24.23188     2.00000
   -24.17678     2.00000
   -24.14765     2.00000
   -24.13889     2.00000
   -23.92842     2.00000
   -11.75331     2.00000
   -11.69530     2.00000
   -11.68309     2.00000
   -11.40967     2.00000
   -11.29747     2.00000
   -11.17117     2.00000
   -11.13639     2.00000
   -11.09663     2.00000
   -11.05721     2.00000
   -11.04386     2.00000
   -10.99445     2.00000
   -10.97519     2.00000
   -10.94934     2.00000
   -10.93675     2.00000
   -10.89038     2.00000
   -10.75612     2.00000
   -10.66116     2.00000
   -10.63085     2.00000
   -10.56624     2.00000
   -10.51203     2.00000
   -10.43240     2.00000
   -10.39419     2.00000
   -10.36471     2.00000
   -10.31517     2.00000
   -10.23143     2.00000
   -10.20551     2.00000
   -10.15631     2.00000
   -10.14098     2.00000
   -10.08662     2.00000
   -10.02938     2.00000
    -9.89460     2.00000
    -9.80908     2.00000
    -9.76907     2.00000
    -9.68166     2.00000
    -9.63737     2.00000
    -9.57896     2.00000
    -9.54695     2.00000
    -9.51984     2.00000
    -9.47147     2.00000
    -9.43182     2.00000
    -9.35979     2.00000
    -9.31662     2.00000
    -9.24200     2.00000
    -9.16827     2.00000
    -9.12075     2.00000
    -9.07585     2.00000
    -9.05505     2.00000
    -9.02849     2.00000
    -9.00524     2.00000
    -8.97677     2.00000
    -8.94525     2.00000
    -8.88928     2.00000
    -8.87236     2.00000
    -8.81574     2.00000
    -4.64260     0.00000
    -4.28023     0.00000
    -4.17135     0.00000
    -4.12923     0.00000
    -4.08594     0.00000
    -4.04446     0.00000
    -4.01068     0.00000
    -3.97348     0.00000
    -3.95403     0.00000
    -3.90111     0.00000
    -3.85803     0.00000
    -3.82911     0.00000
    -3.75414     0.00000
    -3.71568     0.00000
    -3.69846     0.00000
    -3.63533     0.00000
    -3.56008     0.00000
    -3.51135     0.00000
    -3.47549     0.00000
    -3.45048     0.00000
    -3.41859     0.00000
    -3.38434     0.00000
    -3.31057     0.00000
    -3.27071     0.00000
    -3.13784     0.00000
    -3.06091     0.00000
    -3.01859     0.00000
    -2.92872     0.00000
    -2.82652     0.00000
    -2.79433     0.00000
    -2.70807     0.00000
    -2.66509     0.00000
    -2.62701     0.00000
    -2.32660     0.00000
    -2.21959     0.00000
    -2.07886     0.00000
    -1.84122     0.00000
    -1.64216     0.00000
    -1.01473     0.00000
    -0.60264     0.00000
    -0.24630     0.00000
    -0.04173     0.00000
     0.11645     0.00000
     0.24346     0.00000
     0.32927     0.00000
     0.69182     0.00000
     2.30871     0.00000
     2.44274     0.00000
     4.20675     0.00000
     4.48754     0.00000
     4.91629     0.00000
     5.19875     0.00000
     7.08759     0.00000
     7.83367     0.00000
     8.01481     0.00000
     8.54409     0.00000
     8.70017     0.00000
     9.39601     0.00000
     9.55876     0.00000
     9.68596     0.00000
     9.84644     0.00000
    10.12519     0.00000
    10.26713     0.00000
    10.44940     0.00000
    10.56225     0.00000
    10.81915     0.00000
    11.23709     0.00000
    11.69939     0.00000
    12.13597     0.00000
    12.56398     0.00000
    12.83292     0.00000
    12.92683     0.00000
    13.12318     0.00000
    13.45301     0.00000
    13.75317     0.00000
    14.12580     0.00000
    14.49839     0.00000
    14.97398     0.00000
    15.61130     0.00000
    15.95155     0.00000
    17.02611     0.00000
 
