 Fermi distribution function
 
 Coordinates of moved atoms (au):
    1      0.00000000      3.71886736     12.01815780
    2      0.00000000      0.00000000     11.33835593
    3      3.71886736      3.71886736     12.69795967
    4      0.00000000     11.15660209     12.01815780
    5      0.00000000      7.43773472     11.33835593
    6      3.71886736     11.15660209     12.69795967
    7      0.00000000     18.59433681     12.01815780
    8      0.00000000     14.87546945     11.33835593
    9      3.71886736     18.59433681     12.69795967
   10      0.00000000     26.03207153     12.01815780
   11      0.00000000     22.31320417     11.33835593
   12      3.71886736     26.03207153     12.69795967
   13      3.90165827     26.02081403     16.47981209
   14      2.28748295     26.54364731     19.64107832
   15      3.76731147     18.01971245     16.29761362
   16      0.03075898     18.35935724     15.79733998
   17      7.38919648      4.25485088     15.74695694
   18      3.20512417      2.34664133     19.06016391
   19      3.72896023     11.33831167     16.33469371
   20      3.67369080      4.64743016     16.36619484
   21      0.69366822     29.70748891     19.48308032
   22      5.69387452     23.07991033     16.66774064
   23      6.05856681     19.30716449     20.91827779
   24      6.33492076     28.66105750     16.67541645
   25      3.79063328     14.67657837     17.69827090
   26      0.00284005     11.32594633     15.77044045
   27      3.70271693      7.99226907     17.68890139
 
 COMPONENT = q
  
 Eigenvalues /H
   -0.91140174
   -0.90909590
   -0.90748682
   -0.90368916
   -0.90088274
   -0.89819141
   -0.89676982
   -0.89489617
   -0.89384137
   -0.89252761
   -0.89208339
   -0.89159549
   -0.89092163
   -0.89050508
   -0.88848032
   -0.88740969
   -0.88708805
   -0.87935314
   -0.43192605
   -0.42979440
   -0.42934570
   -0.41929753
   -0.41517430
   -0.41053310
   -0.40925474
   -0.40779364
   -0.40634490
   -0.40585436
   -0.40403856
   -0.40333066
   -0.40238093
   -0.40191811
   -0.40021400
   -0.39528033
   -0.39179039
   -0.39067673
   -0.38830206
   -0.38630995
   -0.38338364
   -0.38197933
   -0.38089624
   -0.37907566
   -0.37599830
   -0.37504546
   -0.37323756
   -0.37267416
   -0.37067651
   -0.36857288
   -0.36361984
   -0.36047713
   -0.35900678
   -0.35579434
   -0.35416697
   -0.35202032
   -0.35084404
   -0.34984763
   -0.34807021
   -0.34661299
   -0.34396579
   -0.34237935
   -0.33963714
   -0.33692785
   -0.33518126
   -0.33353149
   -0.33276714
   -0.33179086
   -0.33093645
   -0.32989038
   -0.32873195
   -0.32667516
   -0.32605337
   -0.32397258
   -0.17061258
   -0.15729573
   -0.15329430
   -0.15174624
   -0.15015570
   -0.14863100
   -0.14738962
   -0.14602281
   -0.14530785
   -0.14336323
   -0.14177985
   -0.14071737
   -0.13796219
   -0.13654888
   -0.13591577
   -0.13359592
   -0.13083042
   -0.12903977
   -0.12772187
   -0.12680276
   -0.12563079
   -0.12437235
   -0.12166133
   -0.12019643
   -0.11531355
   -0.11248646
   -0.11093122
   -0.10762862
   -0.10387262
   -0.10268956
   -0.09951963
   -0.09794025
   -0.09654083
   -0.08550102
   -0.08156833
   -0.07639664
   -0.06766355
   -0.06034826
   -0.03729047
   -0.02214648
   -0.00905150
   -0.00153349
    0.00427944
    0.00894701
    0.01210032
    0.02542393
    0.08484364
    0.08976909
    0.15459535
    0.16491405
    0.18067032
    0.19105069
    0.26046400
    0.28788210
    0.29453890
    0.31398960
    0.31972543
    0.34529715
    0.35127793
    0.35595237
    0.36185010
    0.37209388
    0.37731015
    0.38400830
    0.38815546
    0.39759631
    0.41295554
    0.42994474
    0.44598880
    0.46171774
    0.47160132
    0.47505232
    0.48226789
    0.49438896
    0.50541961
    0.51911348
    0.53280622
    0.55028370
    0.57370475
    0.58620885
    0.62569802
 
 Eigenvalues /eV
  -24.80050313
  -24.73775800
  -24.69397285
  -24.59063325
  -24.51426652
  -24.44103178
  -24.40234850
  -24.35136383
  -24.32266110
  -24.28691205
  -24.27482426
  -24.26154767
  -24.24321102
  -24.23187615
  -24.17677951
  -24.14764615
  -24.13889404
  -23.92841634
  -11.75330590
  -11.69530077
  -11.68309085
  -11.40966625
  -11.29746752
  -11.17117403
  -11.13638821
  -11.09662941
  -11.05720721
  -11.04385894
  -10.99444860
  -10.97518565
  -10.94934228
  -10.93674828
  -10.89037700
  -10.75612492
  -10.66115907
  -10.63085467
  -10.56623677
  -10.51202870
  -10.43239966
  -10.39418640
  -10.36471413
  -10.31517362
  -10.23143444
  -10.20550633
  -10.15631067
  -10.14097984
  -10.08662100
  -10.02937822
   -9.89459934
   -9.80908182
   -9.76907140
   -9.68165672
   -9.63737365
   -9.57896015
   -9.54695202
   -9.51983847
   -9.47147230
   -9.43181946
   -9.35978545
   -9.31661600
   -9.24199670
   -9.16827340
   -9.12074616
   -9.07585375
   -9.05505471
   -9.02848859
   -9.00523904
   -8.97677400
   -8.94525151
   -8.88928344
   -8.87236355
   -8.81574254
   -4.64260456
   -4.28023459
   -4.17135013
   -4.12922538
   -4.08594459
   -4.04445530
   -4.01067568
   -3.97348283
   -3.95402775
   -3.90111201
   -3.85802598
   -3.82911441
   -3.75414221
   -3.71568411
   -3.69845641
   -3.63533005
   -3.56007699
   -3.51135083
   -3.47548879
   -3.45047865
   -3.41858770
   -3.38434372
   -3.31057336
   -3.27071121
   -3.13784133
   -3.06091234
   -3.01859200
   -2.92872369
   -2.82651767
   -2.79432516
   -2.70806692
   -2.66508981
   -2.62700969
   -2.32660101
   -2.21958713
   -2.07885830
   -1.84121887
   -1.64215969
   -1.01472544
   -0.60263641
   -0.24630373
   -0.04172838
    0.11644941
    0.24346048
    0.32926659
    0.69182043
    2.30871300
    2.44274119
    4.20675354
    4.48753952
    4.91628949
    5.19875390
    7.08758592
    7.83367050
    8.01481121
    8.54409170
    8.70017162
    9.39601357
    9.55875891
    9.68595678
    9.84644216
   10.12518969
   10.26713157
   10.44939762
   10.56224751
   10.81914599
   11.23709200
   11.69939159
   12.13597281
   12.56397906
   12.83292487
   12.92683145
   13.12317690
   13.45300797
   13.75316723
   14.12579659
   14.49839479
   14.97398135
   15.61130057
   15.95155445
   17.02610937
 
 Fillings
     2.00000
     2.00000
     2.00000
     2.00000
     2.00000
     2.00000
     2.00000
     2.00000
     2.00000
     2.00000
     2.00000
     2.00000
     2.00000
     2.00000
     2.00000
     2.00000
     2.00000
     2.00000
     2.00000
     2.00000
     2.00000
     2.00000
     2.00000
     2.00000
     2.00000
     2.00000
     2.00000
     2.00000
     2.00000
     2.00000
     2.00000
     2.00000
     2.00000
     2.00000
     2.00000
     2.00000
     2.00000
     2.00000
     2.00000
     2.00000
     2.00000
     2.00000
     2.00000
     2.00000
     2.00000
     2.00000
     2.00000
     2.00000
     2.00000
     2.00000
     2.00000
     2.00000
     2.00000
     2.00000
     2.00000
     2.00000
     2.00000
     2.00000
     2.00000
     2.00000
     2.00000
     2.00000
     2.00000
     2.00000
     2.00000
     2.00000
     2.00000
     2.00000
     2.00000
     2.00000
     2.00000
     2.00000
     0.00000
     0.00000
     0.00000
     0.00000
     0.00000
     0.00000
     0.00000
     0.00000
     0.00000
     0.00000
     0.00000
     0.00000
     0.00000
     0.00000
     0.00000
     0.00000
     0.00000
     0.00000
     0.00000
     0.00000
     0.00000
     0.00000
     0.00000
     0.00000
     0.00000
     0.00000
     0.00000
     0.00000
     0.00000
     0.00000
     0.00000
     0.00000
     0.00000
     0.00000
     0.00000
     0.00000
     0.00000
     0.00000
     0.00000
     0.00000
     0.00000
     0.00000
     0.00000
     0.00000
     0.00000
     0.00000
     0.00000
     0.00000
     0.00000
     0.00000
     0.00000
     0.00000
     0.00000
     0.00000
     0.00000
     0.00000
     0.00000
     0.00000
     0.00000
     0.00000
     0.00000
     0.00000
     0.00000
     0.00000
     0.00000
     0.00000
     0.00000
     0.00000
     0.00000
     0.00000
     0.00000
     0.00000
     0.00000
     0.00000
     0.00000
     0.00000
     0.00000
     0.00000
     0.00000
     0.00000
     0.00000
 
 Fermi energy:                      -0.2401705945 H           -6.5354 eV
 Band energy:                      -72.4204415026 H        -1970.6605 eV
 TS:                                 0.0000000000 H            0.0000 eV
 Band free energy (E-TS):          -72.4204415026 H        -1970.6605 eV
 Extrapolated E(0K):               -72.4204415026 H        -1970.6605 eV
 
 Energy H0:                        -72.4204415026 H        -1970.6605 eV
 Total Electronic energy:          -72.4204415026 H        -1970.6605 eV
 Repulsive energy:                   2.1947482704 H           59.7221 eV
 Total energy:                     -70.2256932322 H        -1910.9383 eV
 Total Mermin free energy:         -70.2256932322 H        -1910.9383 eV
 
 Non-SCC calculation
 
 Full geometry written in geo_end.{xyz|gen}
 
 Total Forces
 -5.207178402281566E-004  8.649395002547616E-004  2.073226333683433E-002
  2.237044625035720E-004 -6.259750102586364E-004 -2.758412811768352E-003
 -3.031158709949024E-003  3.325753996271791E-003 -3.992326714194402E-003
  1.112489545987675E-005  6.378730216516108E-004  1.855483356068503E-002
  4.512482483370724E-005  2.718584723372454E-003 -7.101861859768663E-003
  2.384663692607142E-004  1.253073329176377E-003 -3.715888956660987E-003
  3.816442433018278E-003  5.697304401869486E-004  2.150751027423146E-002
 -4.931516234020304E-006 -1.995088202709406E-004 -6.764103792342168E-003
  1.916349033712847E-003 -5.203630003140655E-003 -2.307128767469552E-003
  2.708568195878613E-003 -5.552597233536624E-003 -1.056236256800348E-002
  3.318516214201273E-004  9.540467109871090E-004 -2.633343190392896E-003
 -1.178493834796813E-002  2.324888333341068E-003  1.072457612504524E-002
  2.407339584652211E-002 -2.163162638440354E-002 -6.976497964736490E-003
  3.006408891112987E-003 -4.040596219121853E-003  8.290126659003444E-003
 -1.587114537962038E-002 -3.339695375710253E-002  2.996526008982342E-003
  1.248462388646536E-002 -6.013218918269857E-004 -3.706138350896983E-003
 -1.477518012321778E-003  2.817287247207667E-003 -5.953824145452924E-004
  8.737665692830132E-003 -1.501655317414646E-002  1.332501058571965E-002
 -2.763911046450040E-003 -3.739221754969646E-003 -1.177519914147182E-002
  1.078525330296135E-003  1.201272661379401E-002 -9.760191689507439E-003
 -1.114502725262369E-002  9.467898402104352E-003 -7.121394081611720E-003
 -6.196712127959192E-003  4.034875651584799E-002  1.999488857623017E-003
 -3.440062384401284E-003 -3.894577924148978E-004 -1.839574549734727E-003
 -3.326693524911105E-003  1.934517885753051E-003  2.894676222454470E-003
 -2.504527288089673E-003  1.390346576994302E-002 -1.287929525870186E-002
  3.325754568319809E-003 -5.534374627318124E-004  6.001044758191382E-004
  6.933737912211775E-005 -2.182662985967811E-003 -7.136013994591267E-003
 
 Total stress tensor
     -0.000025139726      0.000000939107     -0.000000964322
      0.000000937702     -0.000088566367     -0.000000390603
     -0.000000967870     -0.000000391497     -0.000011031002
 
 Total lattice derivs
      0.035334590767     -0.001319941718      0.001355381555
     -0.000329491737      0.031120628465      0.000137250938
      0.000214169802      0.000086630355      0.002440935624
 
 Maximal derivative component:       0.403488E-01 au
 Max force for moved atoms::         0.403488E-01 au
 
 Volume:                             0.104539E+05 au^3
 Pressure:                          -0.415790E-04 au    -0.122330E+10 Pa
 
 Geometry converged
 
