 KPT            1  SPIN            1  KWEIGHT    1.00000000000000     
   -24.83271     2.00000
   -24.75724     2.00000
   -24.70924     2.00000
   -24.65755     2.00000
   -24.58996     2.00000
   -24.46387     2.00000
   -24.44029     2.00000
   -24.36855     2.00000
   -24.33541     2.00000
   -24.31133     2.00000
   -24.27506     2.00000
   -24.27100     2.00000
   -24.26008     2.00000
   -24.18085     2.00000
   -24.16529     2.00000
   -24.15824     2.00000
   -24.07119     2.00000
   -23.97225     2.00000
   -11.78437     2.00000
   -11.73322     2.00000
   -11.69293     2.00000
   -11.50423     2.00000
   -11.42335     2.00000
   -11.29804     2.00000
   -11.21269     2.00000
   -11.14593     2.00000
   -11.10262     2.00000
   -11.02632     2.00000
   -10.99318     2.00000
   -10.97180     2.00000
   -10.94704     2.00000
   -10.90496     2.00000
   -10.85158     2.00000
   -10.77429     2.00000
   -10.69085     2.00000
   -10.66005     2.00000
   -10.62650     2.00000
   -10.56605     2.00000
   -10.42749     2.00000
   -10.37093     2.00000
   -10.33567     2.00000
   -10.29611     2.00000
   -10.26994     2.00000
   -10.17786     2.00000
   -10.13654     2.00000
   -10.10541     2.00000
   -10.09641     2.00000
   -10.03536     2.00000
    -9.95517     2.00000
    -9.85795     2.00000
    -9.77593     2.00000
    -9.74619     2.00000
    -9.65959     2.00000
    -9.65175     2.00000
    -9.59902     2.00000
    -9.54880     2.00000
    -9.51172     2.00000
    -9.45993     2.00000
    -9.44050     2.00000
    -9.35183     2.00000
    -9.29377     2.00000
    -9.24613     2.00000
    -9.16662     2.00000
    -9.11968     2.00000
    -9.03527     2.00000
    -9.01136     2.00000
    -8.90926     2.00000
    -8.89563     2.00000
    -8.86036     2.00000
    -8.82188     2.00000
    -8.71815     2.00000
    -8.40664     2.00000
    -4.39745     0.00000
    -4.18559     0.00000
    -4.11791     0.00000
    -4.09770     0.00000
    -4.02675     0.00000
    -4.01206     0.00000
    -3.98360     0.00000
    -3.94882     0.00000
    -3.93120     0.00000
    -3.88598     0.00000
    -3.85309     0.00000
    -3.81424     0.00000
    -3.70534     0.00000
    -3.63869     0.00000
    -3.62994     0.00000
    -3.53827     0.00000
    -3.51255     0.00000
    -3.48868     0.00000
    -3.45640     0.00000
    -3.42258     0.00000
    -3.39398     0.00000
    -3.36687     0.00000
    -3.30173     0.00000
    -3.20300     0.00000
    -3.12463     0.00000
    -3.10387     0.00000
    -2.95933     0.00000
    -2.90119     0.00000
    -2.87034     0.00000
    -2.79548     0.00000
    -2.69327     0.00000
    -2.65040     0.00000
    -2.60700     0.00000
    -2.42844     0.00000
    -2.31089     0.00000
    -2.16035     0.00000
    -2.09133     0.00000
    -0.57548     0.00000
    -0.30987     0.00000
    -0.17678     0.00000
    -0.03404     0.00000
     0.15674     0.00000
     0.17239     0.00000
     0.27202     0.00000
     0.42345     0.00000
     0.58376     0.00000
     3.18547     0.00000
     4.13847     0.00000
     4.53039     0.00000
     4.69030     0.00000
     5.16716     0.00000
     6.94793     0.00000
     7.27740     0.00000
     7.70503     0.00000
     7.82488     0.00000
     8.04360     0.00000
     8.44316     0.00000
     9.12427     0.00000
     9.36069     0.00000
     9.49695     0.00000
     9.75855     0.00000
     9.93419     0.00000
    10.20201     0.00000
    10.29453     0.00000
    10.47131     0.00000
    10.68612     0.00000
    10.96961     0.00000
    11.59435     0.00000
    11.80632     0.00000
    12.25979     0.00000
    12.60786     0.00000
    12.92336     0.00000
    13.24602     0.00000
    13.40041     0.00000
    13.60851     0.00000
    14.04347     0.00000
    14.45650     0.00000
    14.59925     0.00000
    15.15793     0.00000
    15.62668     0.00000
    16.63352     0.00000
 
