 Fermi distribution function
 
 Coordinates of moved atoms (au):
    1      0.00000000      3.71886736     12.01815780
    2      0.00000000      0.00000000     11.33835593
    3      3.71886736      3.71886736     12.69795967
    4      0.00000000     11.15660209     12.01815780
    5      0.00000000      7.43773472     11.33835593
    6      3.71886736     11.15660209     12.69795967
    7      0.00000000     18.59433681     12.01815780
    8      0.00000000     14.87546945     11.33835593
    9      3.71886736     18.59433681     12.69795967
   10      0.00000000     26.03207153     12.01815780
   11      0.00000000     22.31320417     11.33835593
   12      3.71886736     26.03207153     12.69795967
   13      7.22246251     25.59031264     15.70480938
   14      0.07101162     11.52342096     15.74147172
   15      0.99565384      5.26057044     20.69785321
   16      3.63467530     22.04718061     17.64367963
   17      2.24538797     28.08220666     18.61100267
   18      5.00352219      1.66359568     19.96109729
   19      3.47486132     25.46286138     16.46263591
   20      1.15060608      1.96060138     18.97749162
   21      3.79692217     11.85101740     16.40817916
   22      4.15056366      9.55063268     19.36584816
   23      0.00222526     18.59528681     15.77238386
   24      0.43382519      3.23166152     15.74631058
   25      3.75800495     15.23099125     17.65476816
   26      3.72118022     18.62221168     16.37881899
   27      0.51667347      8.52762121     20.12697314
 
 COMPONENT = q
  
 Eigenvalues /H
   -0.91258519
   -0.90981170
   -0.90804795
   -0.90614813
   -0.90366454
   -0.89903083
   -0.89816415
   -0.89552778
   -0.89430970
   -0.89342477
   -0.89209213
   -0.89194282
   -0.89154148
   -0.88863002
   -0.88805809
   -0.88779891
   -0.88460014
   -0.88096397
   -0.43306775
   -0.43118773
   -0.42970719
   -0.42277255
   -0.41980031
   -0.41519531
   -0.41205862
   -0.40960550
   -0.40801380
   -0.40520997
   -0.40399189
   -0.40320640
   -0.40229638
   -0.40074976
   -0.39878825
   -0.39594801
   -0.39288148
   -0.39174945
   -0.39051670
   -0.38829525
   -0.38320313
   -0.38112460
   -0.37982878
   -0.37837504
   -0.37741341
   -0.37402938
   -0.37251116
   -0.37136682
   -0.37103617
   -0.36879282
   -0.36584579
   -0.36227313
   -0.35925867
   -0.35816583
   -0.35498340
   -0.35469532
   -0.35275738
   -0.35091202
   -0.34954940
   -0.34764609
   -0.34693213
   -0.34367351
   -0.34153986
   -0.33978906
   -0.33686708
   -0.33514208
   -0.33203991
   -0.33116128
   -0.32740942
   -0.32690835
   -0.32561226
   -0.32419800
   -0.32038604
   -0.30893817
   -0.16160342
   -0.15381746
   -0.15133036
   -0.15058786
   -0.14798028
   -0.14744062
   -0.14639448
   -0.14511660
   -0.14446896
   -0.14280701
   -0.14159844
   -0.14017057
   -0.13616877
   -0.13371936
   -0.13339782
   -0.13002907
   -0.12908391
   -0.12820681
   -0.12702027
   -0.12577765
   -0.12472644
   -0.12373011
   -0.12133636
   -0.11770817
   -0.11482796
   -0.11406501
   -0.10875356
   -0.10661677
   -0.10548291
   -0.10273209
   -0.09897586
   -0.09740057
   -0.09580550
   -0.08924370
   -0.08492359
   -0.07939143
   -0.07685485
   -0.02114834
   -0.01138747
   -0.00649645
   -0.00125106
    0.00575996
    0.00633529
    0.00999659
    0.01556156
    0.02145294
    0.11706400
    0.15208594
    0.16648885
    0.17236524
    0.18988970
    0.25533181
    0.26743944
    0.28315460
    0.28755891
    0.29559683
    0.31028032
    0.33531063
    0.34399912
    0.34900653
    0.35862002
    0.36507471
    0.37491714
    0.37831710
    0.38481374
    0.39270768
    0.40312567
    0.42608459
    0.43387415
    0.45053903
    0.46333016
    0.47492462
    0.48678217
    0.49245597
    0.50010344
    0.51608787
    0.53126664
    0.53651266
    0.55704381
    0.57427007
    0.61127078
 
 Eigenvalues /eV
  -24.83270661
  -24.75723588
  -24.70924179
  -24.65754522
  -24.58996330
  -24.46387370
  -24.44028998
  -24.36855072
  -24.33540508
  -24.31132500
  -24.27506203
  -24.27099915
  -24.26007789
  -24.18085327
  -24.16529023
  -24.15823746
  -24.07119449
  -23.97224944
  -11.78437312
  -11.73321502
  -11.69292747
  -11.50422655
  -11.42334758
  -11.29803928
  -11.21268546
  -11.14593275
  -11.10262028
  -11.02632436
  -10.99317865
  -10.97180439
  -10.94704158
  -10.90495580
  -10.85158030
  -10.77429343
  -10.69084914
  -10.66004502
  -10.62650010
  -10.56605138
  -10.42748776
  -10.37092797
  -10.33566699
  -10.29610860
  -10.26994141
  -10.17785725
  -10.13654437
  -10.10540539
  -10.09640784
  -10.03536315
   -9.95517056
   -9.85795341
   -9.77592581
   -9.74618816
   -9.65958986
   -9.65175073
   -9.59901681
   -9.54880178
   -9.51172318
   -9.45993142
   -9.44050368
   -9.35183189
   -9.29377233
   -9.24613089
   -9.16661974
   -9.11968013
   -9.03526561
   -9.01135701
   -8.90926367
   -8.89562892
   -8.86036040
   -8.82187638
   -8.71814779
   -8.40663535
   -4.39745280
   -4.18558598
   -4.11790848
   -4.09770427
   -4.02674842
   -4.01206339
   -3.98359655
   -3.94882356
   -3.93120053
   -3.88597635
   -3.85308952
   -3.81423536
   -3.70534089
   -3.63868898
   -3.62993938
   -3.53827104
   -3.51255204
   -3.48868479
   -3.45639749
   -3.42258409
   -3.39397919
   -3.36686754
   -3.30173038
   -3.20300220
   -3.12462787
   -3.10386680
   -2.95933488
   -2.90118997
   -2.87033601
   -2.79548232
   -2.69327008
   -2.65040426
   -2.60700041
   -2.42844473
   -2.31088838
   -2.16035078
   -2.09132691
   -0.57547558
   -0.30986877
   -0.17677737
   -0.03404319
    0.15673639
    0.17239212
    0.27202110
    0.42345163
    0.58376411
    3.18547357
    4.13846896
    4.53039214
    4.69029691
    5.16716166
    6.94793219
    7.27739731
    7.70502872
    7.82487611
    8.04359897
    8.44315720
    9.12426635
    9.36069242
    9.49695092
    9.75854724
    9.93418828
   10.20201448
   10.29453206
   10.47131468
   10.68611975
   10.96960755
   11.59435163
   11.80631630
   12.25979076
   12.60785521
   12.92335637
   13.24601679
   13.40040876
   13.60850708
   14.04346554
   14.45650082
   14.59925237
   15.15793332
   15.62668355
   16.63352421
 
 Fillings
     2.00000
     2.00000
     2.00000
     2.00000
     2.00000
     2.00000
     2.00000
     2.00000
     2.00000
     2.00000
     2.00000
     2.00000
     2.00000
     2.00000
     2.00000
     2.00000
     2.00000
     2.00000
     2.00000
     2.00000
     2.00000
     2.00000
     2.00000
     2.00000
     2.00000
     2.00000
     2.00000
     2.00000
     2.00000
     2.00000
     2.00000
     2.00000
     2.00000
     2.00000
     2.00000
     2.00000
     2.00000
     2.00000
     2.00000
     2.00000
     2.00000
     2.00000
     2.00000
     2.00000
     2.00000
     2.00000
     2.00000
     2.00000
     2.00000
     2.00000
     2.00000
     2.00000
     2.00000
     2.00000
     2.00000
     2.00000
     2.00000
     2.00000
     2.00000
     2.00000
     2.00000
     2.00000
     2.00000
     2.00000
     2.00000
     2.00000
     2.00000
     2.00000
     2.00000
     2.00000
     2.00000
     2.00000
     0.00000
     0.00000
     0.00000
     0.00000
     0.00000
     0.00000
     0.00000
     0.00000
     0.00000
     0.00000
     0.00000
     0.00000
     0.00000
     0.00000
     0.00000
     0.00000
     0.00000
     0.00000
     0.00000
     0.00000
     0.00000
     0.00000
     0.00000
     0.00000
     0.00000
     0.00000
     0.00000
     0.00000
     0.00000
     0.00000
     0.00000
     0.00000
     0.00000
     0.00000
     0.00000
     0.00000
     0.00000
     0.00000
     0.00000
     0.00000
     0.00000
     0.00000
     0.00000
     0.00000
     0.00000
     0.00000
     0.00000
     0.00000
     0.00000
     0.00000
     0.00000
     0.00000
     0.00000
     0.00000
     0.00000
     0.00000
     0.00000
     0.00000
     0.00000
     0.00000
     0.00000
     0.00000
     0.00000
     0.00000
     0.00000
     0.00000
     0.00000
     0.00000
     0.00000
     0.00000
     0.00000
     0.00000
     0.00000
     0.00000
     0.00000
     0.00000
     0.00000
     0.00000
     0.00000
     0.00000
     0.00000
 
 Fermi energy:                      -0.2471482059 H           -6.7252 eV
 Band energy:                      -72.4715002397 H        -1972.0499 eV
 TS:                                 0.0000000000 H            0.0000 eV
 Band free energy (E-TS):          -72.4715002397 H        -1972.0499 eV
 Extrapolated E(0K):               -72.4715002397 H        -1972.0499 eV
 
 Energy H0:                        -72.4715002397 H        -1972.0499 eV
 Total Electronic energy:          -72.4715002397 H        -1972.0499 eV
 Repulsive energy:                   2.2021576346 H           59.9238 eV
 Total energy:                     -70.2693426051 H        -1912.1261 eV
 Total Mermin free energy:         -70.2693426051 H        -1912.1261 eV
 
 Non-SCC calculation
 
 Full geometry written in geo_end.{xyz|gen}
 
 Total Forces
 -4.939418019902966E-004 -5.785616411886990E-003  4.454883010157885E-002
 -3.555087323837703E-004 -2.499119772577304E-003 -5.807986243678721E-003
  1.746349178084516E-002  3.837451235623800E-003 -3.376165383148776E-002
  5.759685839807340E-004 -1.145934922745288E-003  1.513379052010803E-002
  9.561358610397039E-006  9.599918889089048E-004 -2.124432915574948E-003
  4.359777222953006E-003  1.656386443362884E-003 -6.297589291802026E-003
  7.678595048817041E-006 -6.566905797185446E-005  1.861077995098506E-002
 -2.590274519806432E-005  1.476278521680336E-003 -6.779722794835168E-003
  1.151367600409122E-004  3.320513522494981E-004 -3.554670552378861E-003
 -3.124431281582038E-003 -1.273598255392722E-003  1.553336483389241E-002
  1.037908496003175E-004 -2.060189500218217E-003 -7.623423625786118E-003
 -1.376650559117688E-002 -1.633048573849983E-003  3.341636949951321E-003
 -1.786226468653042E-002 -8.102422316605910E-003 -4.524228250981352E-003
  2.764554292477364E-003  4.189910748668418E-003  3.298317677527612E-003
  5.017223191846491E-003 -2.043949052683749E-002  6.870122879151869E-003
 -1.298258948529791E-003  6.476841277259886E-005 -8.523905558814215E-003
  3.356591802896481E-003  5.894779410596292E-003  5.007762149873002E-004
  5.050255388173983E-003  8.925555533524483E-003  3.088147053488532E-004
  1.139280234742359E-002 -5.676458042764046E-003 -6.666776718981859E-003
  2.385265379822255E-003 -1.505359238010383E-002 -4.287741852734325E-003
 -2.094935617187746E-003  1.418678929152210E-002  2.415447580923628E-003
 -7.148712514055466E-003 -4.974743808925514E-003  4.078145335794515E-003
 -7.033454885892732E-004  1.165410991736687E-003  2.620631519947972E-003
 -8.231510179501687E-003 -2.728443668624410E-003 -3.977548325300589E-004
 -3.113542772337302E-004 -2.209600405972244E-003 -9.599377569416964E-003
 -3.781778028621465E-004  4.599872254201166E-003 -9.199221472954058E-003
  3.192752113101778E-003  2.635868155962864E-002 -8.112172758240874E-003
 
 Total stress tensor
     -0.000050551045      0.000020856646      0.000004143997
      0.000020854657     -0.000092969973      0.000003255796
      0.000004145314      0.000003254048     -0.000016233771
 
 Total lattice derivs
      0.071050912110     -0.029314601233     -0.005824504188
     -0.007327951495      0.032667976301     -0.001144028026
     -0.000917273488     -0.000720054508      0.003592202262
 
 Maximal derivative component:       0.445488E-01 au
 Max force for moved atoms::         0.445488E-01 au
 
 Volume:                             0.104539E+05 au^3
 Pressure:                          -0.532516E-04 au    -0.156672E+10 Pa
 
 Geometry converged
 
