 KPT            1  SPIN            1  KWEIGHT    1.00000000000000     
   -24.75357     2.00000
   -24.71029     2.00000
   -24.65933     2.00000
   -24.60414     2.00000
   -24.46195     2.00000
   -24.43557     2.00000
   -24.36693     2.00000
   -24.34588     2.00000
   -24.31005     2.00000
   -24.30079     2.00000
   -24.26089     2.00000
   -24.24902     2.00000
   -24.22118     2.00000
   -24.19420     2.00000
   -24.18449     2.00000
   -24.17306     2.00000
   -24.14769     2.00000
   -24.08072     2.00000
   -11.71819     2.00000
   -11.69913     2.00000
   -11.64097     2.00000
   -11.34216     2.00000
   -11.32797     2.00000
   -11.17253     2.00000
   -11.12480     2.00000
   -11.07027     2.00000
   -11.04524     2.00000
   -10.97622     2.00000
   -10.95054     2.00000
   -10.92895     2.00000
   -10.88160     2.00000
   -10.84036     2.00000
   -10.72307     2.00000
   -10.62055     2.00000
   -10.50547     2.00000
   -10.48514     2.00000
   -10.42058     2.00000
   -10.36131     2.00000
   -10.33726     2.00000
   -10.32196     2.00000
   -10.27025     2.00000
   -10.20866     2.00000
   -10.11228     2.00000
   -10.07182     2.00000
   -10.04573     2.00000
    -9.97682     2.00000
    -9.92431     2.00000
    -9.89447     2.00000
    -9.88291     2.00000
    -9.84638     2.00000
    -9.78633     2.00000
    -9.73606     2.00000
    -9.66098     2.00000
    -9.62247     2.00000
    -9.59124     2.00000
    -9.52570     2.00000
    -9.47337     2.00000
    -9.40468     2.00000
    -9.34456     2.00000
    -9.28003     2.00000
    -9.22492     2.00000
    -9.20260     2.00000
    -9.11488     2.00000
    -9.08214     2.00000
    -9.02764     2.00000
    -8.99087     2.00000
    -8.94584     2.00000
    -8.92639     2.00000
    -8.90148     2.00000
    -8.87161     2.00000
    -8.85138     2.00000
    -8.71983     2.00000
    -5.06281     0.00000
    -4.38962     0.00000
    -4.27593     0.00000
    -4.16872     0.00000
    -4.13963     0.00000
    -4.11831     0.00000
    -4.08805     0.00000
    -4.03387     0.00000
    -4.01862     0.00000
    -3.99276     0.00000
    -3.90181     0.00000
    -3.88206     0.00000
    -3.84730     0.00000
    -3.83386     0.00000
    -3.77973     0.00000
    -3.75796     0.00000
    -3.71142     0.00000
    -3.68625     0.00000
    -3.64542     0.00000
    -3.63767     0.00000
    -3.50250     0.00000
    -3.46933     0.00000
    -3.45131     0.00000
    -3.40134     0.00000
    -3.33220     0.00000
    -3.30704     0.00000
    -3.24732     0.00000
    -3.18091     0.00000
    -3.06321     0.00000
    -3.01539     0.00000
    -2.90710     0.00000
    -2.82995     0.00000
    -2.65874     0.00000
    -2.61140     0.00000
    -2.45477     0.00000
    -2.38572     0.00000
    -1.86980     0.00000
    -1.33161     0.00000
    -1.03722     0.00000
    -0.89480     0.00000
    -0.29938     0.00000
    -0.16452     0.00000
     0.17524     0.00000
     0.32540     0.00000
     0.63480     0.00000
     1.16904     0.00000
     1.80732     0.00000
     1.95915     0.00000
     2.61782     0.00000
     3.06338     0.00000
     3.82119     0.00000
     4.32589     0.00000
     4.62976     0.00000
     6.29242     0.00000
     6.59991     0.00000
     7.83361     0.00000
     8.04251     0.00000
     8.20178     0.00000
     8.62967     0.00000
     8.84544     0.00000
     9.34111     0.00000
     9.48074     0.00000
    10.17741     0.00000
    10.37654     0.00000
    10.54062     0.00000
    10.81026     0.00000
    11.28069     0.00000
    11.46383     0.00000
    11.55678     0.00000
    11.69427     0.00000
    12.06759     0.00000
    12.31981     0.00000
    12.95092     0.00000
    13.39270     0.00000
    13.59735     0.00000
    13.92533     0.00000
    14.13892     0.00000
    14.90287     0.00000
    14.95163     0.00000
    15.04466     0.00000
    16.01979     0.00000
 
