 Fermi distribution function
 
 Coordinates of moved atoms (au):
    1      0.00000000      3.71886736     12.01815780
    2      0.00000000      0.00000000     11.33835593
    3      3.71886736      3.71886736     12.69795967
    4      0.00000000     11.15660209     12.01815780
    5      0.00000000      7.43773472     11.33835593
    6      3.71886736     11.15660209     12.69795967
    7      0.00000000     18.59433681     12.01815780
    8      0.00000000     14.87546945     11.33835593
    9      3.71886736     18.59433681     12.69795967
   10      0.00000000     26.03207153     12.01815780
   11      0.00000000     22.31320417     11.33835593
   12      3.71886736     26.03207153     12.69795967
   13      0.05310474     17.34877316     15.71131048
   14      3.77771446     17.44997819     16.18329513
   15      3.73109452     26.90065237     16.24329500
   16      0.07076169     11.20876187     15.80468354
   17      1.94613397     11.19107999     24.57468309
   18      4.73810444     12.20181853     20.19936986
   19      3.78280588     11.18722190     16.48672471
   20      3.75301586     19.40639558     19.10856814
   21      3.62917600     24.83108373     19.29444840
   22      5.80295577     15.06377712     25.22923560
   23      0.05343423     22.08368901     21.80568892
   24      5.54527532     12.05997915     23.74237697
   25      3.75331651     22.06781374     21.55365031
   26      3.86423718     22.35758354     25.13310199
   27      0.02886652     27.05012424     15.67465486
 
 COMPONENT = q
  
 Eigenvalues /H
   -0.90967680
   -0.90808650
   -0.90621389
   -0.90418540
   -0.89896007
   -0.89799070
   -0.89546831
   -0.89469462
   -0.89337797
   -0.89303764
   -0.89157121
   -0.89113499
   -0.89011212
   -0.88912047
   -0.88876350
   -0.88834350
   -0.88741140
   -0.88495008
   -0.43063546
   -0.42993508
   -0.42779784
   -0.41681689
   -0.41629524
   -0.41058304
   -0.40882901
   -0.40682501
   -0.40590519
   -0.40336849
   -0.40242503
   -0.40163157
   -0.39989141
   -0.39837579
   -0.39406562
   -0.39029801
   -0.38606899
   -0.38532199
   -0.38294912
   -0.38077110
   -0.37988737
   -0.37932493
   -0.37742474
   -0.37516131
   -0.37161954
   -0.37013267
   -0.36917382
   -0.36664152
   -0.36471155
   -0.36361527
   -0.36319024
   -0.36184797
   -0.35964111
   -0.35779353
   -0.35503459
   -0.35361946
   -0.35247172
   -0.35006297
   -0.34813993
   -0.34561574
   -0.34340623
   -0.34103483
   -0.33900962
   -0.33818916
   -0.33496566
   -0.33376262
   -0.33175965
   -0.33040834
   -0.32875341
   -0.32803894
   -0.32712332
   -0.32602584
   -0.32528220
   -0.32044790
   -0.18605490
   -0.16131556
   -0.15713763
   -0.15319777
   -0.15212865
   -0.15134506
   -0.15023292
   -0.14824204
   -0.14768150
   -0.14673115
   -0.14338906
   -0.14266321
   -0.14138573
   -0.14089184
   -0.13890269
   -0.13810237
   -0.13639223
   -0.13546718
   -0.13396680
   -0.13368199
   -0.12871436
   -0.12749555
   -0.12683333
   -0.12499688
   -0.12245601
   -0.12153131
   -0.11933672
   -0.11689613
   -0.11257106
   -0.11081353
   -0.10683398
   -0.10399874
   -0.09770674
   -0.09596716
   -0.09021125
   -0.08767355
   -0.06871403
   -0.04893583
   -0.03811702
   -0.03288346
   -0.01100210
   -0.00604617
    0.00643986
    0.01195839
    0.02332861
    0.04296146
    0.06641776
    0.07199727
    0.09620302
    0.11257708
    0.14042627
    0.15897338
    0.17014071
    0.23124233
    0.24254218
    0.28787994
    0.29555683
    0.30140975
    0.31713469
    0.32506412
    0.34327964
    0.34841093
    0.37401279
    0.38133101
    0.38736084
    0.39726976
    0.41455769
    0.42128802
    0.42470374
    0.42975663
    0.44347571
    0.45274468
    0.47593762
    0.49217261
    0.49969358
    0.51174634
    0.51959587
    0.54767054
    0.54946227
    0.55288098
    0.58871635
 
 Eigenvalues /eV
  -24.75356509
  -24.71029102
  -24.65933457
  -24.60413645
  -24.46194800
  -24.43557012
  -24.36693236
  -24.34587938
  -24.31005153
  -24.30079066
  -24.26088689
  -24.24901694
  -24.22118327
  -24.19419896
  -24.18448531
  -24.17305657
  -24.14769275
  -24.08071677
  -11.71818722
  -11.69912883
  -11.64097156
  -11.34216457
  -11.32796975
  -11.17253309
  -11.12480339
  -11.07027191
  -11.04524214
  -10.97621520
  -10.95054217
  -10.92895115
  -10.88159901
  -10.84035671
  -10.72307107
  -10.62054935
  -10.50547168
  -10.48514488
  -10.42057586
  -10.36130876
  -10.33726126
  -10.32195650
  -10.27024963
  -10.20865874
  -10.11228217
  -10.07182242
  -10.04573077
   -9.97682325
   -9.92430621
   -9.89447482
   -9.88290935
   -9.84638429
   -9.78633241
   -9.73605719
   -9.66098283
   -9.62247496
   -9.59124358
   -9.52569813
   -9.47336947
   -9.40468274
   -9.34455903
   -9.28002999
   -9.22492105
   -9.20259530
   -9.11487944
   -9.08214296
   -9.02763945
   -8.99086826
   -8.94583549
   -8.92639386
   -8.90147837
   -8.87161444
   -8.85137897
   -8.71983101
   -5.06281147
   -4.38961960
   -4.27593241
   -4.16872343
   -4.13963132
   -4.11830852
   -4.08804574
   -4.03387121
   -4.01861799
   -3.99275780
   -3.90181483
   -3.88206333
   -3.84730143
   -3.83386202
   -3.77973448
   -3.75795661
   -3.71142130
   -3.68624952
   -3.64542218
   -3.63767191
   -3.50249583
   -3.46933047
   -3.45131054
   -3.40133816
   -3.33219762
   -3.30703534
   -3.24731735
   -3.18090543
   -3.06321447
   -3.01538968
   -2.90710046
   -2.82994957
   -2.65873557
   -2.61139926
   -2.45477306
   -2.38571869
   -1.86980403
   -1.33161182
   -1.03721684
   -0.89480437
   -0.29938244
   -0.16452456
    0.17523757
    0.32540447
    0.63480390
    1.16904070
    1.80731920
    1.95914534
    2.61781742
    3.06337819
    3.82119316
    4.32588588
    4.62976421
    6.29242383
    6.59990865
    7.83361166
    8.04251058
    8.20177658
    8.62967402
    8.84544481
    9.34111431
    9.48074366
   10.17740575
   10.37654485
   10.54062464
   10.81026016
   11.28068879
   11.46383025
   11.55677689
   11.69427282
   12.06758812
   12.31980957
   12.95092169
   13.39269803
   13.59735401
   13.92532655
   14.13892292
   14.90287353
   14.95162903
   15.04465682
   16.01978709
 
 Fillings
     2.00000
     2.00000
     2.00000
     2.00000
     2.00000
     2.00000
     2.00000
     2.00000
     2.00000
     2.00000
     2.00000
     2.00000
     2.00000
     2.00000
     2.00000
     2.00000
     2.00000
     2.00000
     2.00000
     2.00000
     2.00000
     2.00000
     2.00000
     2.00000
     2.00000
     2.00000
     2.00000
     2.00000
     2.00000
     2.00000
     2.00000
     2.00000
     2.00000
     2.00000
     2.00000
     2.00000
     2.00000
     2.00000
     2.00000
     2.00000
     2.00000
     2.00000
     2.00000
     2.00000
     2.00000
     2.00000
     2.00000
     2.00000
     2.00000
     2.00000
     2.00000
     2.00000
     2.00000
     2.00000
     2.00000
     2.00000
     2.00000
     2.00000
     2.00000
     2.00000
     2.00000
     2.00000
     2.00000
     2.00000
     2.00000
     2.00000
     2.00000
     2.00000
     2.00000
     2.00000
     2.00000
     2.00000
     0.00000
     0.00000
     0.00000
     0.00000
     0.00000
     0.00000
     0.00000
     0.00000
     0.00000
     0.00000
     0.00000
     0.00000
     0.00000
     0.00000
     0.00000
     0.00000
     0.00000
     0.00000
     0.00000
     0.00000
     0.00000
     0.00000
     0.00000
     0.00000
     0.00000
     0.00000
     0.00000
     0.00000
     0.00000
     0.00000
     0.00000
     0.00000
     0.00000
     0.00000
     0.00000
     0.00000
     0.00000
     0.00000
     0.00000
     0.00000
     0.00000
     0.00000
     0.00000
     0.00000
     0.00000
     0.00000
     0.00000
     0.00000
     0.00000
     0.00000
     0.00000
     0.00000
     0.00000
     0.00000
     0.00000
     0.00000
     0.00000
     0.00000
     0.00000
     0.00000
     0.00000
     0.00000
     0.00000
     0.00000
     0.00000
     0.00000
     0.00000
     0.00000
     0.00000
     0.00000
     0.00000
     0.00000
     0.00000
     0.00000
     0.00000
     0.00000
     0.00000
     0.00000
     0.00000
     0.00000
     0.00000
 
 Fermi energy:                      -0.2553797931 H           -6.9492 eV
 Band energy:                      -72.2104134965 H        -1964.9453 eV
 TS:                                 0.0000000000 H            0.0000 eV
 Band free energy (E-TS):          -72.2104134965 H        -1964.9453 eV
 Extrapolated E(0K):               -72.2104134965 H        -1964.9453 eV
 
 Energy H0:                        -72.2104134965 H        -1964.9453 eV
 Total Electronic energy:          -72.2104134965 H        -1964.9453 eV
 Repulsive energy:                   2.0686592733 H           56.2911 eV
 Total energy:                     -70.1417542232 H        -1908.6542 eV
 Total Mermin free energy:         -70.1417542232 H        -1908.6542 eV
 
 Non-SCC calculation
 
 Full geometry written in geo_end.{xyz|gen}
 
 Total Forces
 -2.108040125789144E-006 -4.920704369322027E-004  3.108248009232280E-003
 -4.513784241526014E-005  6.273716934577599E-003 -8.830927955927877E-003
  1.305531014657203E-006 -4.406395902925379E-004 -4.277889004815478E-003
  5.498595695229557E-004  9.345218416090667E-004  2.582478791233095E-002
  1.736763080524361E-005 -1.154002522764855E-003 -1.378180392641634E-003
  4.669709329543832E-003  8.302760767849023E-004 -6.585640232164708E-004
  6.464203472865114E-003 -5.907244326246265E-003  1.820777897756112E-002
 -8.679328689911438E-005 -5.752614577664682E-003 -1.354896841112532E-002
  2.543462426271507E-003  1.638052034128437E-003  1.492279931196244E-003
  2.788990343811369E-004  6.822406858802241E-003  2.377996687204892E-002
  2.369329775681617E-005 -2.466945011688496E-004  7.095875090469064E-004
  1.359429187040826E-003 -2.668363004365404E-003  3.233912523777083E-004
 -1.369451001916823E-003  2.418652558623047E-003 -3.368581645567088E-003
 -7.414680550239127E-003  7.367029846156004E-003  3.142729088583870E-004
  5.914629112954947E-003 -2.295566237174379E-002  8.288408782077428E-003
 -2.965724267009876E-003 -3.010201319581589E-003  1.928401356860482E-003
 -3.453433717433067E-003 -3.639985387915087E-005 -8.792591861158293E-003
  1.074024167653263E-003 -5.193129295738633E-003  1.323961087518762E-003
  1.120330836132984E-002  9.486051302287468E-003  7.140314780253995E-003
  9.130876233320313E-004  1.205454612369936E-004  7.123088228746008E-003
  4.664952305165309E-003  2.580140569697053E-002 -2.623903623830962E-002
 -1.786322370572104E-003  1.549086734029184E-002  2.424587656066957E-003
  2.115564462541554E-003 -4.122035240265724E-003 -8.176412559829139E-003
 -9.775230269833651E-003 -1.611944666067053E-002 -2.606745427156315E-002
 -2.636433071821906E-003 -4.615817564470166E-003 -5.118539299086906E-003
 -2.698543148688885E-003 -1.310743501764909E-003  4.134151522061369E-004
 -9.559637945223347E-003 -3.158461183918930E-003  4.054655246858697E-003
 
 Total stress tensor
     -0.000067059860     -0.000000260882     -0.000016585284
     -0.000000260984     -0.000070163047      0.000002103495
     -0.000016584333      0.000002103985     -0.000052183394
 
 Total lattice derivs
      0.094254515558      0.000366677584      0.023311081466
      0.000091705108      0.024654032962     -0.000739130326
      0.003669774522     -0.000465568846      0.011547119991
 
 Maximal derivative component:       0.262390E-01 au
 Max force for moved atoms::         0.262390E-01 au
 
 Volume:                             0.104539E+05 au^3
 Pressure:                          -0.631354E-04 au    -0.185751E+10 Pa
 
 Geometry converged
 
