 KPT            1  SPIN            1  KWEIGHT    1.00000000000000     
   -24.81050     2.00000
   -24.74182     2.00000
   -24.73480     2.00000
   -24.65306     2.00000
   -24.53835     2.00000
   -24.45478     2.00000
   -24.42025     2.00000
   -24.34092     2.00000
   -24.31917     2.00000
   -24.29821     2.00000
   -24.27088     2.00000
   -24.26651     2.00000
   -24.26079     2.00000
   -24.22179     2.00000
   -24.18695     2.00000
   -24.17452     2.00000
   -24.13890     2.00000
   -24.12987     2.00000
   -11.77274     2.00000
   -11.71793     2.00000
   -11.67414     2.00000
   -11.65862     2.00000
   -11.34587     2.00000
   -11.23330     2.00000
   -11.20533     2.00000
   -11.13596     2.00000
   -11.08520     2.00000
   -11.08077     2.00000
   -11.05713     2.00000
   -10.99012     2.00000
   -10.97708     2.00000
   -10.97358     2.00000
   -10.90551     2.00000
   -10.84377     2.00000
   -10.69592     2.00000
   -10.64505     2.00000
   -10.57081     2.00000
   -10.49353     2.00000
   -10.44312     2.00000
   -10.38807     2.00000
   -10.38687     2.00000
   -10.30941     2.00000
   -10.30469     2.00000
   -10.23430     2.00000
   -10.16274     2.00000
   -10.15940     2.00000
   -10.13628     2.00000
   -10.07611     2.00000
   -10.04852     2.00000
    -9.97245     2.00000
    -9.87550     2.00000
    -9.72629     2.00000
    -9.69473     2.00000
    -9.67432     2.00000
    -9.62956     2.00000
    -9.61795     2.00000
    -9.55495     2.00000
    -9.49343     2.00000
    -9.44533     2.00000
    -9.43090     2.00000
    -9.34593     2.00000
    -9.31503     2.00000
    -9.17079     2.00000
    -9.15777     2.00000
    -9.05992     2.00000
    -9.05757     2.00000
    -9.01445     2.00000
    -8.95563     2.00000
    -8.89455     2.00000
    -8.87683     2.00000
    -8.85560     2.00000
    -8.79515     2.00000
    -4.13332     0.00000
    -4.11613     0.00000
    -4.06969     0.00000
    -4.01562     0.00000
    -3.97658     0.00000
    -3.97620     0.00000
    -3.93506     0.00000
    -3.89167     0.00000
    -3.88948     0.00000
    -3.83012     0.00000
    -3.76152     0.00000
    -3.67706     0.00000
    -3.61838     0.00000
    -3.58743     0.00000
    -3.56507     0.00000
    -3.49132     0.00000
    -3.49029     0.00000
    -3.46091     0.00000
    -3.45960     0.00000
    -3.38236     0.00000
    -3.26434     0.00000
    -3.24895     0.00000
    -3.20717     0.00000
    -3.07396     0.00000
    -3.05752     0.00000
    -3.00695     0.00000
    -2.90081     0.00000
    -2.76233     0.00000
    -2.69617     0.00000
    -2.68786     0.00000
    -2.63812     0.00000
    -2.49942     0.00000
    -2.44728     0.00000
    -2.31158     0.00000
    -2.21124     0.00000
    -1.92389     0.00000
    -1.89062     0.00000
    -0.31740     0.00000
    -0.10127     0.00000
    -0.08667     0.00000
     0.04652     0.00000
     0.21648     0.00000
     0.22784     0.00000
     0.43206     0.00000
     0.65644     0.00000
     0.86857     0.00000
     4.09685     0.00000
     4.53261     0.00000
     4.56234     0.00000
     5.08969     0.00000
     7.37079     0.00000
     7.41915     0.00000
     7.60202     0.00000
     8.02088     0.00000
     8.17453     0.00000
     9.40247     0.00000
     9.49075     0.00000
     9.54893     0.00000
     9.75215     0.00000
    10.09902     0.00000
    10.18924     0.00000
    10.38545     0.00000
    10.47545     0.00000
    10.64831     0.00000
    10.70414     0.00000
    11.33201     0.00000
    11.73428     0.00000
    11.80288     0.00000
    12.37293     0.00000
    12.65494     0.00000
    12.98394     0.00000
    13.12557     0.00000
    13.43710     0.00000
    13.80753     0.00000
    13.84210     0.00000
    14.34136     0.00000
    14.36778     0.00000
    15.00829     0.00000
    15.32609     0.00000
    15.44829     0.00000
    16.33182     0.00000
 
