 Fermi distribution function
 
 Coordinates of moved atoms (au):
    1      0.00000000      3.71886736     12.01815780
    2      0.00000000      0.00000000     11.33835593
    3      3.71886736      3.71886736     12.69795967
    4      0.00000000     11.15660209     12.01815780
    5      0.00000000      7.43773472     11.33835593
    6      3.71886736     11.15660209     12.69795967
    7      0.00000000     18.59433681     12.01815780
    8      0.00000000     14.87546945     11.33835593
    9      3.71886736     18.59433681     12.69795967
   10      0.00000000     26.03207153     12.01815780
   11      0.00000000     22.31320417     11.33835593
   12      3.71886736     26.03207153     12.69795967
   13      3.72171084     26.94407670     16.38094766
   14      3.72181854     17.68443957     16.37888108
   15      3.71455221      7.43732812     17.42536410
   16      3.18878317     19.75257140     19.23867159
   17      0.65022861     22.31040676     19.55794227
   18      3.71307284      3.98634575     16.29413819
   19      7.43658558      3.89786043     15.76156746
   20      7.43432820     10.97686529     15.76154600
   21      3.71388988      0.58220779     17.49664823
   22      7.43349354     26.34136531     15.77839990
   23      6.60572699     22.31168526     22.65394087
   24      3.19236417     24.87898495     19.23870997
   25      3.71597999     10.88834200     16.29381404
   26      3.71443302     14.29054961     17.49736161
   27      7.43455607     18.28298499     15.77804563
 
 COMPONENT = q
  
 Eigenvalues /H
   -0.91176925
   -0.90924526
   -0.90898734
   -0.90598339
   -0.90176773
   -0.89869651
   -0.89742771
   -0.89451252
   -0.89371294
   -0.89294278
   -0.89193840
   -0.89177791
   -0.89156752
   -0.89013457
   -0.88885407
   -0.88839741
   -0.88708820
   -0.88675644
   -0.43264028
   -0.43062597
   -0.42901690
   -0.42844627
   -0.41695310
   -0.41281604
   -0.41178828
   -0.40923891
   -0.40737379
   -0.40721084
   -0.40634211
   -0.40387933
   -0.40340016
   -0.40327150
   -0.40077029
   -0.39850115
   -0.39306765
   -0.39119833
   -0.38847011
   -0.38563011
   -0.38377778
   -0.38175467
   -0.38171034
   -0.37886395
   -0.37869055
   -0.37610371
   -0.37347366
   -0.37335116
   -0.37250152
   -0.37029020
   -0.36927638
   -0.36648082
   -0.36291813
   -0.35743471
   -0.35627481
   -0.35552477
   -0.35387979
   -0.35345330
   -0.35113784
   -0.34887704
   -0.34710932
   -0.34657920
   -0.34345677
   -0.34232116
   -0.33702040
   -0.33654176
   -0.33294605
   -0.33285969
   -0.33127507
   -0.32911330
   -0.32686870
   -0.32621747
   -0.32543723
   -0.32321597
   -0.15189674
   -0.15126499
   -0.14955822
   -0.14757131
   -0.14613654
   -0.14612250
   -0.14461063
   -0.14301640
   -0.14293559
   -0.14075416
   -0.13823322
   -0.13512956
   -0.13297310
   -0.13183567
   -0.13101401
   -0.12830365
   -0.12826569
   -0.12718620
   -0.12713782
   -0.12429945
   -0.11996220
   -0.11939682
   -0.11786151
   -0.11296594
   -0.11236183
   -0.11050349
   -0.10660287
   -0.10151374
   -0.09908235
   -0.09877687
   -0.09694928
   -0.09185205
   -0.08993590
   -0.08494918
   -0.08126176
   -0.07070154
   -0.06947890
   -0.01166426
   -0.00372174
   -0.00318499
    0.00170957
    0.00795543
    0.00837312
    0.01587794
    0.02412355
    0.03191934
    0.15055639
    0.16657053
    0.16766308
    0.18704259
    0.27087156
    0.27264864
    0.27936928
    0.29476182
    0.30040848
    0.34553435
    0.34877859
    0.35091684
    0.35838484
    0.37113215
    0.37444761
    0.38165810
    0.38496569
    0.39131817
    0.39336995
    0.41644366
    0.43122688
    0.43374801
    0.45469675
    0.46506033
    0.47715104
    0.48235600
    0.49380453
    0.50741726
    0.50868780
    0.52703545
    0.52800629
    0.55154438
    0.56322345
    0.56771439
    0.60018343
 
 Eigenvalues /eV
  -24.81050372
  -24.74182230
  -24.73480400
  -24.65306234
  -24.53834840
  -24.45477626
  -24.42025052
  -24.34092418
  -24.31916641
  -24.29820944
  -24.27087877
  -24.26651171
  -24.26078647
  -24.22179403
  -24.18694986
  -24.17452342
  -24.13889803
  -24.12987046
  -11.77274089
  -11.71792892
  -11.67414371
  -11.65861627
  -11.34587111
  -11.23329602
  -11.20532909
  -11.13595738
  -11.08520476
  -11.08077083
  -11.05713145
  -10.99011575
  -10.97707694
  -10.97357580
  -10.90551453
  -10.84376813
  -10.69591509
  -10.64504825
  -10.57080951
  -10.49352926
  -10.44312472
  -10.38807323
  -10.38686677
  -10.30941257
  -10.30469405
  -10.23430272
  -10.16273543
  -10.15940191
  -10.13628220
  -10.07610907
  -10.04852168
   -9.97245059
   -9.87550466
   -9.72629326
   -9.69473075
   -9.67432133
   -9.62955907
   -9.61795375
   -9.55494690
   -9.49342727
   -9.44532521
   -9.43090000
   -9.34593429
   -9.31503263
   -9.17079166
   -9.15776717
   -9.05992305
   -9.05757289
   -9.01445329
   -8.95562850
   -8.89454989
   -8.87682899
   -8.85559746
   -8.79515410
   -4.13332046
   -4.11612968
   -4.06968620
   -4.01561954
   -3.97657754
   -3.97619552
   -3.93505553
   -3.89167415
   -3.88947521
   -3.83011551
   -3.76151742
   -3.67706237
   -3.61838206
   -3.58743124
   -3.56507254
   -3.49132000
   -3.49028704
   -3.46091250
   -3.45959603
   -3.38236013
   -3.26433753
   -3.24895289
   -3.20717473
   -3.07395959
   -3.05752102
   -3.00695297
   -2.90081165
   -2.76232950
   -2.69616798
   -2.68785544
   -2.63812426
   -2.49942154
   -2.44728043
   -2.31158490
   -2.21124487
   -1.92388682
   -1.89061701
   -0.31740079
   -0.10127368
   -0.08666798
    0.04651964
    0.21647830
    0.22784414
    0.43206079
    0.65643532
    0.86856936
    4.09684786
    4.53261482
    4.56234467
    5.08968773
    7.37079012
    7.41914684
    7.60202492
    8.02087710
    8.17453056
    9.40246808
    9.49074842
    9.54893314
    9.75214762
   10.09901974
   10.18923790
   10.38544521
   10.47544951
   10.64830909
   10.70414104
   11.33200844
   11.73428044
   11.80288397
   12.37292799
   12.65493548
   12.98394036
   13.12557472
   13.43710490
   13.80752612
   13.84209928
   14.34136427
   14.36778216
   15.00828619
   15.32608974
   15.44829468
   16.33182204
 
 Fillings
     2.00000
     2.00000
     2.00000
     2.00000
     2.00000
     2.00000
     2.00000
     2.00000
     2.00000
     2.00000
     2.00000
     2.00000
     2.00000
     2.00000
     2.00000
     2.00000
     2.00000
     2.00000
     2.00000
     2.00000
     2.00000
     2.00000
     2.00000
     2.00000
     2.00000
     2.00000
     2.00000
     2.00000
     2.00000
     2.00000
     2.00000
     2.00000
     2.00000
     2.00000
     2.00000
     2.00000
     2.00000
     2.00000
     2.00000
     2.00000
     2.00000
     2.00000
     2.00000
     2.00000
     2.00000
     2.00000
     2.00000
     2.00000
     2.00000
     2.00000
     2.00000
     2.00000
     2.00000
     2.00000
     2.00000
     2.00000
     2.00000
     2.00000
     2.00000
     2.00000
     2.00000
     2.00000
     2.00000
     2.00000
     2.00000
     2.00000
     2.00000
     2.00000
     2.00000
     2.00000
     2.00000
     2.00000
     0.00000
     0.00000
     0.00000
     0.00000
     0.00000
     0.00000
     0.00000
     0.00000
     0.00000
     0.00000
     0.00000
     0.00000
     0.00000
     0.00000
     0.00000
     0.00000
     0.00000
     0.00000
     0.00000
     0.00000
     0.00000
     0.00000
     0.00000
     0.00000
     0.00000
     0.00000
     0.00000
     0.00000
     0.00000
     0.00000
     0.00000
     0.00000
     0.00000
     0.00000
     0.00000
     0.00000
     0.00000
     0.00000
     0.00000
     0.00000
     0.00000
     0.00000
     0.00000
     0.00000
     0.00000
     0.00000
     0.00000
     0.00000
     0.00000
     0.00000
     0.00000
     0.00000
     0.00000
     0.00000
     0.00000
     0.00000
     0.00000
     0.00000
     0.00000
     0.00000
     0.00000
     0.00000
     0.00000
     0.00000
     0.00000
     0.00000
     0.00000
     0.00000
     0.00000
     0.00000
     0.00000
     0.00000
     0.00000
     0.00000
     0.00000
     0.00000
     0.00000
     0.00000
     0.00000
     0.00000
     0.00000
 
 Fermi energy:                      -0.1557929123 H           -4.2393 eV
 Band energy:                      -72.6378766263 H        -1976.5772 eV
 TS:                                 0.0000000000 H            0.0000 eV
 Band free energy (E-TS):          -72.6378766263 H        -1976.5772 eV
 Extrapolated E(0K):               -72.6378766263 H        -1976.5772 eV
 
 Energy H0:                        -72.6378766263 H        -1976.5772 eV
 Total Electronic energy:          -72.6378766263 H        -1976.5772 eV
 Repulsive energy:                   2.3008277474 H           62.6087 eV
 Total energy:                     -70.3370488789 H        -1913.9685 eV
 Total Mermin free energy:         -70.3370488789 H        -1913.9685 eV
 
 Non-SCC calculation
 
 Full geometry written in geo_end.{xyz|gen}
 
 Total Forces
 -2.889533158545122E-003  1.791844932571875E-004  1.525334632353963E-002
  9.254898567900529E-006  1.761505109683245E-003 -5.566679035479149E-003
 -9.682938769317153E-005  1.656657109936427E-003 -1.467415968450028E-002
 -1.997418220766964E-003 -2.567466408108024E-004  1.644622612530036E-002
 -1.554427477611897E-006 -2.512440460615222E-006 -6.806261933507946E-003
 -1.843413912989023E-004 -1.649162148760671E-003 -1.480890755810797E-002
 -1.595241886987689E-004  1.356254950327609E-003  2.201687219516363E-002
  1.017311509001668E-005 -1.766870033754584E-003 -5.575641681721782E-003
 -6.908572937003176E-004 -4.676012223447244E-003 -2.486009912165549E-003
 -1.670840961268983E-004 -1.370174517592500E-003  2.209987169433127E-002
 -4.390738098948027E-005 -6.065721224636538E-006 -2.639911114217387E-003
 -7.414309860688536E-004  4.852808599023893E-003 -1.891114864939918E-003
  2.876007499491920E-004  7.161425756645520E-004 -1.672910566385978E-002
  3.647866849536066E-004 -2.082882115428890E-003 -1.461076798749495E-002
  7.335578920985023E-005 -3.064486546201091E-006 -2.800769572721171E-003
  1.672016140750882E-004  1.709709255384312E-002  1.093806265554027E-002
 -1.868276687343420E-003  2.150388727980946E-003  1.065297263838752E-002
  4.424509285504013E-003  5.554573001186981E-003 -8.382333289214811E-004
 -1.581486884218881E-003  2.145971290143186E-003  2.678130630627010E-003
  3.347778811846034E-004 -2.170423471489857E-003  2.624036213775369E-003
  3.569562600046837E-004  4.568470980362865E-003 -3.019759434716163E-004
 -5.819019133796859E-003  1.207371979770281E-003  2.693416687610181E-004
  1.636019905773381E-002 -3.558058975808163E-005 -2.301822623218935E-002
 -2.058962008624980E-003 -1.988390878535585E-002  1.212157283694651E-002
  1.772711711727777E-003 -5.951110422588026E-003 -2.042323148762445E-003
  3.104551999224138E-004 -2.251296448573220E-003 -6.710210410002110E-004
 -6.171757002572663E-003 -1.140611325389266E-003  3.606757206883679E-004
 
 Total stress tensor
     -0.000030935162     -0.000000440919      0.000012317903
     -0.000000440933     -0.000100332769      0.000000098616
      0.000012316388      0.000000098627     -0.000014758924
 
 Total lattice derivs
      0.043480237620      0.000619724449     -0.017313158647
      0.000154936055      0.035255130666     -0.000034651887
     -0.002725365261     -0.000021824040      0.003265848561
 
 Maximal derivative component:       0.230182E-01 au
 Max force for moved atoms::         0.230182E-01 au
 
 Volume:                             0.104539E+05 au^3
 Pressure:                          -0.486756E-04 au    -0.143209E+10 Pa
 
 Geometry converged
 
