 KPT            1  SPIN            1  KWEIGHT    1.00000000000000     
   -24.81652     2.00000
   -24.75333     2.00000
   -24.72118     2.00000
   -24.64183     2.00000
   -24.53345     2.00000
   -24.45446     2.00000
   -24.41329     2.00000
   -24.35920     2.00000
   -24.30589     2.00000
   -24.27020     2.00000
   -24.26309     2.00000
   -24.25926     2.00000
   -24.25556     2.00000
   -24.18695     2.00000
   -24.17980     2.00000
   -24.16797     2.00000
   -24.15825     2.00000
   -24.08943     2.00000
   -11.76846     2.00000
   -11.71145     2.00000
   -11.69496     2.00000
   -11.66018     2.00000
   -11.31934     2.00000
   -11.17778     2.00000
   -11.14188     2.00000
   -11.08044     2.00000
   -11.06993     2.00000
   -11.06276     2.00000
   -10.98450     2.00000
   -10.97601     2.00000
   -10.97164     2.00000
   -10.91777     2.00000
   -10.88694     2.00000
   -10.71721     2.00000
   -10.65930     2.00000
   -10.64542     2.00000
   -10.52117     2.00000
   -10.47280     2.00000
   -10.43172     2.00000
   -10.42211     2.00000
   -10.38266     2.00000
   -10.31901     2.00000
   -10.31692     2.00000
   -10.29304     2.00000
   -10.17704     2.00000
   -10.14902     2.00000
   -10.13155     2.00000
   -10.09690     2.00000
   -10.04592     2.00000
    -9.96376     2.00000
    -9.76399     2.00000
    -9.70491     2.00000
    -9.64145     2.00000
    -9.62949     2.00000
    -9.56835     2.00000
    -9.46531     2.00000
    -9.44667     2.00000
    -9.44592     2.00000
    -9.34748     2.00000
    -9.32055     2.00000
    -9.30211     2.00000
    -9.21041     2.00000
    -9.18564     2.00000
    -9.14497     2.00000
    -9.05617     2.00000
    -9.04724     2.00000
    -9.01008     2.00000
    -8.95101     2.00000
    -8.89176     2.00000
    -8.87207     2.00000
    -8.81840     2.00000
    -8.75813     2.00000
    -4.39424     0.00000
    -4.37072     0.00000
    -4.22259     0.00000
    -4.10434     0.00000
    -4.08139     0.00000
    -4.03900     0.00000
    -3.98292     0.00000
    -3.97336     0.00000
    -3.96839     0.00000
    -3.89312     0.00000
    -3.87118     0.00000
    -3.86247     0.00000
    -3.83368     0.00000
    -3.64245     0.00000
    -3.63806     0.00000
    -3.56434     0.00000
    -3.53696     0.00000
    -3.48418     0.00000
    -3.44215     0.00000
    -3.38702     0.00000
    -3.37492     0.00000
    -3.36127     0.00000
    -3.19377     0.00000
    -3.17711     0.00000
    -3.08438     0.00000
    -3.07672     0.00000
    -2.95266     0.00000
    -2.79548     0.00000
    -2.76006     0.00000
    -2.71861     0.00000
    -2.62688     0.00000
    -2.57297     0.00000
    -2.47644     0.00000
    -2.16502     0.00000
    -2.10259     0.00000
    -1.86146     0.00000
    -1.80223     0.00000
    -0.40711     0.00000
    -0.26544     0.00000
    -0.26477     0.00000
     0.15934     0.00000
     0.18848     0.00000
     0.33213     0.00000
     0.41095     0.00000
     0.54216     0.00000
     0.70309     0.00000
     0.88843     0.00000
     3.09719     0.00000
     4.00207     0.00000
     4.42036     0.00000
     4.46929     0.00000
     5.00651     0.00000
     7.85555     0.00000
     7.93514     0.00000
     8.21337     0.00000
     8.21776     0.00000
     9.19948     0.00000
     9.34057     0.00000
     9.75994     0.00000
     9.86279     0.00000
     9.91753     0.00000
    10.18217     0.00000
    10.29947     0.00000
    10.45135     0.00000
    10.71054     0.00000
    10.93259     0.00000
    11.49415     0.00000
    12.26761     0.00000
    12.54153     0.00000
    12.67778     0.00000
    12.74340     0.00000
    13.38854     0.00000
    13.59451     0.00000
    13.78772     0.00000
    14.20971     0.00000
    15.02631     0.00000
    15.10529     0.00000
    15.20352     0.00000
    15.24399     0.00000
    15.91631     0.00000
    16.90220     0.00000
 
