 Fermi distribution function
 
 Coordinates of moved atoms (au):
    1      0.00000000      3.71886736     12.01815780
    2      0.00000000      0.00000000     11.33835593
    3      3.71886736      3.71886736     12.69795967
    4      0.00000000     11.15660209     12.01815780
    5      0.00000000      7.43773472     11.33835593
    6      3.71886736     11.15660209     12.69795967
    7      0.00000000     18.59433681     12.01815780
    8      0.00000000     14.87546945     11.33835593
    9      3.71886736     18.59433681     12.69795967
   10      0.00000000     26.03207153     12.01815780
   11      0.00000000     22.31320417     11.33835593
   12      3.71886736     26.03207153     12.69795967
   13      3.71886733      6.63531797     17.56254860
   14      0.00000010     19.48233651     15.67005723
   15      3.71886766      3.27679031     16.27833100
   16      3.71886734     19.77143875     16.27175400
   17      7.43773353      3.30682209     15.75688512
   18      7.43773354     26.44411679     15.75688512
   19      3.71886736     14.87546944     22.96654670
   20     -0.00000002     14.87546947     21.81493728
   21      3.71886737     17.65434892     18.91414298
   22      0.00000010     10.26860238     15.67005723
   23      3.71886708      0.00000000     17.78447516
   24      3.71886733     23.11562091     17.56254860
   25      3.71886734      9.97950016     16.27175402
   26      3.71886737     12.09658992     18.91414293
   27      3.71886765     26.47414857     16.27833100
 
 COMPONENT = q
  
 Eigenvalues /H
   -0.91199019
   -0.90966813
   -0.90848680
   -0.90557064
   -0.90158759
   -0.89868482
   -0.89717200
   -0.89518404
   -0.89322520
   -0.89191331
   -0.89165205
   -0.89151135
   -0.89137562
   -0.88885396
   -0.88859131
   -0.88815657
   -0.88779921
   -0.88527035
   -0.43248302
   -0.43038802
   -0.42978198
   -0.42850391
   -0.41597807
   -0.41077594
   -0.40945648
   -0.40719879
   -0.40681246
   -0.40654912
   -0.40367282
   -0.40336098
   -0.40320025
   -0.40122059
   -0.40008769
   -0.39385025
   -0.39172202
   -0.39121204
   -0.38664575
   -0.38486838
   -0.38335882
   -0.38300561
   -0.38155574
   -0.37921677
   -0.37913968
   -0.37826234
   -0.37399921
   -0.37296959
   -0.37232772
   -0.37105442
   -0.36918080
   -0.36616147
   -0.35882002
   -0.35664871
   -0.35431677
   -0.35387738
   -0.35163052
   -0.34784364
   -0.34715870
   -0.34713123
   -0.34351347
   -0.34252374
   -0.34184614
   -0.33847622
   -0.33756594
   -0.33607136
   -0.33280824
   -0.33248005
   -0.33111449
   -0.32894366
   -0.32676629
   -0.32604270
   -0.32407023
   -0.32185520
   -0.16148528
   -0.16062088
   -0.15517715
   -0.15083184
   -0.14998824
   -0.14843040
   -0.14636976
   -0.14601813
   -0.14583565
   -0.14306949
   -0.14226336
   -0.14194325
   -0.14088514
   -0.13385742
   -0.13369609
   -0.13098694
   -0.12998106
   -0.12804122
   -0.12649680
   -0.12447082
   -0.12402614
   -0.12352456
   -0.11736876
   -0.11675653
   -0.11334892
   -0.11306724
   -0.10850817
   -0.10273201
   -0.10143020
   -0.09990706
   -0.09653599
   -0.09455480
   -0.09100756
   -0.07956320
   -0.07726884
   -0.06840732
   -0.06623072
   -0.01496107
   -0.00975485
   -0.00973019
    0.00585547
    0.00692652
    0.01220545
    0.01510210
    0.01992410
    0.02583794
    0.03264927
    0.11381947
    0.14707327
    0.16244539
    0.16424343
    0.18398587
    0.28868628
    0.29161114
    0.30183580
    0.30199695
    0.33807470
    0.34325980
    0.35867120
    0.36245079
    0.36446269
    0.37418784
    0.37849859
    0.38408001
    0.39360521
    0.40176534
    0.42240218
    0.45082651
    0.46089278
    0.46589970
    0.46831147
    0.49201972
    0.49958910
    0.50668933
    0.52219719
    0.55220678
    0.55510910
    0.55871924
    0.56020622
    0.58491359
    0.62114435
 
 Eigenvalues /eV
  -24.81651583
  -24.75332929
  -24.72118376
  -24.64183088
  -24.53344656
  -24.45445805
  -24.41329224
  -24.35919711
  -24.30589443
  -24.27019600
  -24.26308672
  -24.25925808
  -24.25556479
  -24.18694679
  -24.17979976
  -24.16796990
  -24.15824560
  -24.08943178
  -11.76846172
  -11.71145383
  -11.69496270
  -11.66018477
  -11.31933933
  -11.17778209
  -11.14187778
  -11.08044274
  -11.06993038
  -11.06276451
  -10.98449623
  -10.97601077
  -10.97163700
  -10.91776782
  -10.88693998
  -10.71721064
  -10.65929863
  -10.64542115
  -10.52116608
  -10.47280143
  -10.43172436
  -10.42211304
  -10.38265985
  -10.31901328
  -10.31691559
  -10.29304201
  -10.17703627
  -10.14901902
  -10.13155266
  -10.09690440
  -10.04592083
   -9.96376043
   -9.76398956
   -9.70490523
   -9.64144997
   -9.62949354
   -9.56835325
   -9.46530701
   -9.44666876
   -9.44592130
   -9.34747707
   -9.32054520
   -9.30210680
   -9.21040663
   -9.18563653
   -9.14496691
   -9.05617285
   -9.04724255
   -9.01008358
   -8.95101253
   -8.89176307
   -8.87207333
   -8.81839964
   -8.75812550
   -4.39423797
   -4.37071648
   -4.22258506
   -4.10434319
   -4.08138762
   -4.03899669
   -3.98292379
   -3.97335542
   -3.96838986
   -3.89311890
   -3.87118288
   -3.86247232
   -3.83367960
   -3.64244565
   -3.63805561
   -3.56433607
   -3.53696453
   -3.48417899
   -3.44215303
   -3.38702340
   -3.37492312
   -3.36127433
   -3.19376635
   -3.17710671
   -3.08438112
   -3.07671617
   -2.95265755
   -2.79548023
   -2.76005618
   -2.71860934
   -2.62687798
   -2.57296688
   -2.47644169
   -2.16502489
   -2.10259218
   -1.86145796
   -1.80222968
   -0.40711130
   -0.26544306
   -0.26477187
    0.15933550
    0.18848030
    0.33212721
    0.41094900
    0.54216245
    0.70308604
    0.88843185
    3.09718533
    4.00206724
    4.42036398
    4.46929103
    5.00651029
    7.85555325
    7.93514298
    8.21337011
    8.21775507
    9.19948074
    9.34057453
    9.75993982
    9.86278793
    9.91753451
   10.18216930
   10.29947065
   10.45134889
   10.71054260
   10.93259119
   11.49414820
   12.26761358
   12.54153074
   12.67777581
   12.74340346
   13.38853766
   13.59451101
   13.78771830
   14.20970858
   15.02631096
   15.10528719
   15.20352416
   15.24398680
   15.91630854
   16.90219777
 
 Fillings
     2.00000
     2.00000
     2.00000
     2.00000
     2.00000
     2.00000
     2.00000
     2.00000
     2.00000
     2.00000
     2.00000
     2.00000
     2.00000
     2.00000
     2.00000
     2.00000
     2.00000
     2.00000
     2.00000
     2.00000
     2.00000
     2.00000
     2.00000
     2.00000
     2.00000
     2.00000
     2.00000
     2.00000
     2.00000
     2.00000
     2.00000
     2.00000
     2.00000
     2.00000
     2.00000
     2.00000
     2.00000
     2.00000
     2.00000
     2.00000
     2.00000
     2.00000
     2.00000
     2.00000
     2.00000
     2.00000
     2.00000
     2.00000
     2.00000
     2.00000
     2.00000
     2.00000
     2.00000
     2.00000
     2.00000
     2.00000
     2.00000
     2.00000
     2.00000
     2.00000
     2.00000
     2.00000
     2.00000
     2.00000
     2.00000
     2.00000
     2.00000
     2.00000
     2.00000
     2.00000
     2.00000
     2.00000
     0.00000
     0.00000
     0.00000
     0.00000
     0.00000
     0.00000
     0.00000
     0.00000
     0.00000
     0.00000
     0.00000
     0.00000
     0.00000
     0.00000
     0.00000
     0.00000
     0.00000
     0.00000
     0.00000
     0.00000
     0.00000
     0.00000
     0.00000
     0.00000
     0.00000
     0.00000
     0.00000
     0.00000
     0.00000
     0.00000
     0.00000
     0.00000
     0.00000
     0.00000
     0.00000
     0.00000
     0.00000
     0.00000
     0.00000
     0.00000
     0.00000
     0.00000
     0.00000
     0.00000
     0.00000
     0.00000
     0.00000
     0.00000
     0.00000
     0.00000
     0.00000
     0.00000
     0.00000
     0.00000
     0.00000
     0.00000
     0.00000
     0.00000
     0.00000
     0.00000
     0.00000
     0.00000
     0.00000
     0.00000
     0.00000
     0.00000
     0.00000
     0.00000
     0.00000
     0.00000
     0.00000
     0.00000
     0.00000
     0.00000
     0.00000
     0.00000
     0.00000
     0.00000
     0.00000
     0.00000
     0.00000
 
 Fermi energy:                      -0.2424938305 H           -6.5986 eV
 Band energy:                      -72.5123971337 H        -1973.1627 eV
 TS:                                 0.0000000000 H            0.0000 eV
 Band free energy (E-TS):          -72.5123971337 H        -1973.1627 eV
 Extrapolated E(0K):               -72.5123971337 H        -1973.1627 eV
 
 Energy H0:                        -72.5123971337 H        -1973.1627 eV
 Total Electronic energy:          -72.5123971337 H        -1973.1627 eV
 Repulsive energy:                   2.2482684802 H           61.1785 eV
 Total energy:                     -70.2641286535 H        -1911.9842 eV
 Total Mermin free energy:         -70.2641286535 H        -1911.9842 eV
 
 Non-SCC calculation
 
 Full geometry written in geo_end.{xyz|gen}
 
 Total Forces
  2.414941282107621E-007 -1.527016295534865E-003  1.746450114056269E-002
  1.702231742949659E-009 -6.307938322651836E-011 -9.284902676732439E-003
 -5.474390131938190E-008 -2.618879771880998E-003 -1.523400783279927E-002
  6.215445763535675E-010 -2.314697540718308E-003  1.797179523583656E-002
 -6.427998822330690E-011 -5.701022499913055E-003 -9.549992617469104E-003
  4.432727287133822E-009  1.432059748724908E-003 -1.354702343045155E-002
  6.189046052000740E-010  2.314697293743062E-003  1.797179487849389E-002
  2.328832372431804E-011  5.298590274876294E-011 -3.827149690458290E-005
  4.413731419677467E-009 -1.432059398716441E-003 -1.354702513944726E-002
  2.410940118169907E-007  1.527015984312761E-003  1.746449837290673E-002
 -6.375065790102067E-011  5.701022462177742E-003 -9.549992568380978E-003
 -5.450094335416403E-008  2.618879518581354E-003 -1.523400860470187E-002
 -1.810345573635961E-008 -3.717980282066189E-003  1.017894641651820E-003
 -7.550637733674822E-008 -5.963500035602812E-004 -1.082466167823662E-003
 -7.003980709742923E-007  3.157647033617709E-003  6.049432949730496E-004
  6.762739100244450E-008  1.190480423433495E-002 -7.452971231627054E-003
  5.441701202856560E-007  4.772504856054294E-004 -8.392384703193728E-004
  5.420036872622088E-007 -4.772503330006915E-004 -8.392380372868047E-004
  6.363550374706808E-009 -7.829947639805673E-010 -1.517652435544817E-003
  3.364602681056296E-008 -5.936016560852545E-008 -2.992902152618703E-003
 -1.840770315918719E-008 -1.902310566548988E-002  1.925496309825928E-002
 -7.583524309968500E-008  5.963495034299431E-004 -1.082467713767993E-003
 -2.384530795551442E-008 -7.393445542576131E-009 -3.383136766455769E-003
 -1.802366358453450E-008  3.717991424962620E-003  1.017898258135974E-003
  6.792301366038004E-008 -1.190485827501900E-002 -7.453021146238151E-003
 -1.840767875671103E-008  1.902320890695049E-002  1.925507954084868E-002
 -6.982339814024076E-007 -3.157638983841898E-003  6.049500269004748E-004
 
 Total stress tensor
     -0.000037546899      0.000000000000     -0.000000000204
      0.000000000000     -0.000074744108     -0.000000000005
     -0.000000000204     -0.000000000005      0.000011399250
 
 Total lattice derivs
      0.052773219763     -0.000000000006      0.000000287083
     -0.000000000001      0.026263735163      0.000000001919
      0.000000045199      0.000000001208     -0.002522421469
 
 Maximal derivative component:       0.192551E-01 au
 Max force for moved atoms::         0.192551E-01 au
 
 Volume:                             0.104539E+05 au^3
 Pressure:                          -0.336306E-04 au    -0.989446E+09 Pa
 
 Geometry converged
 
