 KPT            1  SPIN            1  KWEIGHT    1.00000000000000     
   -24.80606     2.00000
   -24.73824     2.00000
   -24.71657     2.00000
   -24.62974     2.00000
   -24.56899     2.00000
   -24.44255     2.00000
   -24.42430     2.00000
   -24.36131     2.00000
   -24.35276     2.00000
   -24.30717     2.00000
   -24.28386     2.00000
   -24.26469     2.00000
   -24.24981     2.00000
   -24.23671     2.00000
   -24.18650     2.00000
   -24.16331     2.00000
   -24.15460     2.00000
   -24.13678     2.00000
   -11.76192     2.00000
   -11.70659     2.00000
   -11.67755     2.00000
   -11.63026     2.00000
   -11.35907     2.00000
   -11.30771     2.00000
   -11.23403     2.00000
   -11.17845     2.00000
   -11.11081     2.00000
   -11.09922     2.00000
   -11.04944     2.00000
   -10.99716     2.00000
   -10.97817     2.00000
   -10.94899     2.00000
   -10.90272     2.00000
   -10.84599     2.00000
   -10.80048     2.00000
   -10.63988     2.00000
   -10.62783     2.00000
   -10.51098     2.00000
   -10.43671     2.00000
   -10.42813     2.00000
   -10.39040     2.00000
   -10.34459     2.00000
   -10.31867     2.00000
   -10.27333     2.00000
   -10.20092     2.00000
   -10.12807     2.00000
   -10.10692     2.00000
   -10.04103     2.00000
   -10.01751     2.00000
    -9.96168     2.00000
    -9.91189     2.00000
    -9.76094     2.00000
    -9.70387     2.00000
    -9.67538     2.00000
    -9.64380     2.00000
    -9.55676     2.00000
    -9.52031     2.00000
    -9.45693     2.00000
    -9.43754     2.00000
    -9.39960     2.00000
    -9.38052     2.00000
    -9.26307     2.00000
    -9.16248     2.00000
    -9.11130     2.00000
    -9.04959     2.00000
    -9.02324     2.00000
    -9.01160     2.00000
    -8.98846     2.00000
    -8.90906     2.00000
    -8.89487     2.00000
    -8.85442     2.00000
    -8.81348     2.00000
    -4.11972     0.00000
    -4.08577     0.00000
    -4.06361     0.00000
    -4.05847     0.00000
    -4.00029     0.00000
    -3.97979     0.00000
    -3.94575     0.00000
    -3.89467     0.00000
    -3.86941     0.00000
    -3.83752     0.00000
    -3.78881     0.00000
    -3.70136     0.00000
    -3.68479     0.00000
    -3.59763     0.00000
    -3.55770     0.00000
    -3.50759     0.00000
    -3.49414     0.00000
    -3.42571     0.00000
    -3.38913     0.00000
    -3.35659     0.00000
    -3.32948     0.00000
    -3.26461     0.00000
    -3.14425     0.00000
    -3.12906     0.00000
    -3.09215     0.00000
    -2.93576     0.00000
    -2.84767     0.00000
    -2.78867     0.00000
    -2.74832     0.00000
    -2.70578     0.00000
    -2.63114     0.00000
    -2.53903     0.00000
    -2.41954     0.00000
    -2.31594     0.00000
    -2.20688     0.00000
    -1.78199     0.00000
    -1.73663     0.00000
    -0.65908     0.00000
    -0.27162     0.00000
     0.06734     0.00000
     0.12503     0.00000
     0.18391     0.00000
     0.30865     0.00000
     0.44744     0.00000
     0.63712     0.00000
     3.49592     0.00000
     3.93370     0.00000
     4.37196     0.00000
     4.47574     0.00000
     4.97073     0.00000
     6.78717     0.00000
     7.21441     0.00000
     7.57484     0.00000
     8.25487     0.00000
     8.39563     0.00000
     8.97069     0.00000
     9.01991     0.00000
     9.40850     0.00000
     9.83638     0.00000
     9.97857     0.00000
    10.26028     0.00000
    10.33144     0.00000
    10.46367     0.00000
    10.76148     0.00000
    10.79236     0.00000
    10.97604     0.00000
    11.63407     0.00000
    11.69738     0.00000
    12.19923     0.00000
    12.36306     0.00000
    12.73440     0.00000
    13.01094     0.00000
    13.23552     0.00000
    13.65239     0.00000
    13.77368     0.00000
    14.14477     0.00000
    14.24396     0.00000
    15.02293     0.00000
    15.25423     0.00000
    15.63144     0.00000
    16.13460     0.00000
 
