 Fermi distribution function
 
 Coordinates of moved atoms (au):
    1      0.00000000      3.71886736     12.01815780
    2      0.00000000      0.00000000     11.33835593
    3      3.71886736      3.71886736     12.69795967
    4      0.00000000     11.15660209     12.01815780
    5      0.00000000      7.43773472     11.33835593
    6      3.71886736     11.15660209     12.69795967
    7      0.00000000     18.59433681     12.01815780
    8      0.00000000     14.87546945     11.33835593
    9      3.71886736     18.59433681     12.69795967
   10      0.00000000     26.03207153     12.01815780
   11      0.00000000     22.31320417     11.33835593
   12      3.71886736     26.03207153     12.69795967
   13      7.39804198     19.08401179     15.67858254
   14      3.82735747      6.63718559     17.38239690
   15      7.34487145      2.74976443     15.74182872
   16      3.66256809     10.16140974     16.60602438
   17      3.51089315     17.54154514     19.23069212
   18      3.73401591     26.34394183     16.28844156
   19      3.65378890      3.16860471     16.33796884
   20      3.71672687     29.60392837     18.10445981
   21      7.40566326     10.50609398     15.73003954
   22      3.14287889     15.07320523     21.53554978
   23      3.67736114     19.57066770     16.33524388
   24      3.38599582     12.28486553     19.53456633
   25      3.75696256     22.91334233     17.38608270
   26      6.86015675     15.20433235     22.48836881
   27      7.43750709     26.47177524     15.75947336
 
 COMPONENT = q
  
 Eigenvalues /H
   -0.91160594
   -0.90911346
   -0.90831729
   -0.90512645
   -0.90289388
   -0.89824721
   -0.89757657
   -0.89526160
   -0.89494735
   -0.89327207
   -0.89241539
   -0.89171088
   -0.89116424
   -0.89068260
   -0.88883746
   -0.88798550
   -0.88766514
   -0.88701020
   -0.43224247
   -0.43020914
   -0.42914222
   -0.42740432
   -0.41743825
   -0.41555084
   -0.41284309
   -0.41080064
   -0.40831465
   -0.40788878
   -0.40605961
   -0.40413816
   -0.40344041
   -0.40236816
   -0.40066766
   -0.39858288
   -0.39691038
   -0.39100838
   -0.39056557
   -0.38627141
   -0.38354221
   -0.38322657
   -0.38184036
   -0.38015668
   -0.37920432
   -0.37753782
   -0.37487680
   -0.37219976
   -0.37142245
   -0.36900113
   -0.36813667
   -0.36608516
   -0.36425523
   -0.35870797
   -0.35661062
   -0.35556374
   -0.35440304
   -0.35120453
   -0.34986481
   -0.34753566
   -0.34682326
   -0.34542891
   -0.34472769
   -0.34041170
   -0.33671490
   -0.33483408
   -0.33256639
   -0.33159805
   -0.33117010
   -0.33031984
   -0.32740201
   -0.32688059
   -0.32539379
   -0.32388937
   -0.15139710
   -0.15014944
   -0.14933475
   -0.14914621
   -0.14700796
   -0.14625454
   -0.14500381
   -0.14312658
   -0.14219826
   -0.14102631
   -0.13923637
   -0.13602263
   -0.13541344
   -0.13221030
   -0.13074296
   -0.12890140
   -0.12840728
   -0.12589250
   -0.12454819
   -0.12335254
   -0.12235628
   -0.11997228
   -0.11554900
   -0.11499101
   -0.11363445
   -0.10788723
   -0.10464984
   -0.10248165
   -0.10099901
   -0.09943563
   -0.09669257
   -0.09330750
   -0.08891628
   -0.08510936
   -0.08110117
   -0.06548689
   -0.06382005
   -0.02422078
   -0.00998169
    0.00247455
    0.00459476
    0.00675850
    0.01134255
    0.01644324
    0.02341385
    0.12847266
    0.14456067
    0.16066668
    0.16448031
    0.18267088
    0.24942380
    0.26512473
    0.27837014
    0.30336102
    0.30853357
    0.32966671
    0.33147549
    0.34575608
    0.36148040
    0.36670570
    0.37705852
    0.37967327
    0.38453292
    0.39547702
    0.39661194
    0.40336211
    0.42754425
    0.42987080
    0.44831361
    0.45433427
    0.46798056
    0.47814326
    0.48639648
    0.50171612
    0.50617336
    0.51981075
    0.52345585
    0.55208238
    0.56058251
    0.57444472
    0.59293551
 
 Eigenvalues /eV
  -24.80605978
  -24.73823605
  -24.71657107
  -24.62974399
  -24.56899258
  -24.44255008
  -24.42430125
  -24.36130769
  -24.35275647
  -24.30716979
  -24.28385843
  -24.26468753
  -24.24981283
  -24.23670676
  -24.18649798
  -24.16331476
  -24.15459737
  -24.13677557
  -11.76191606
  -11.70658636
  -11.67755396
  -11.63026321
  -11.35907267
  -11.30771379
  -11.23403201
  -11.17845411
  -11.11080700
  -11.09921833
  -11.04944419
  -10.99715887
  -10.97817212
  -10.94899459
  -10.90272172
  -10.84599196
  -10.80048091
  -10.63987933
  -10.62782982
  -10.51097982
  -10.43671459
  -10.42812558
  -10.39040495
  -10.34458963
  -10.31867451
  -10.27332670
  -10.20091681
  -10.12807089
  -10.10691921
  -10.04103163
  -10.01750839
   -9.96168398
   -9.91188914
   -9.76094063
   -9.70386859
   -9.67538164
   -9.64379750
   -9.55676140
   -9.52030591
   -9.45692635
   -9.43754102
   -9.39959900
   -9.38051783
   -9.26307359
   -9.16247862
   -9.11129878
   -9.04959204
   -9.02324214
   -9.01159702
   -8.98846029
   -8.90906201
   -8.89487346
   -8.85441548
   -8.81347819
   -4.11972481
   -4.08577418
   -4.06360538
   -4.05847498
   -4.00029008
   -3.97978859
   -3.94575441
   -3.89467227
   -3.86941140
   -3.83752108
   -3.78881438
   -3.70136410
   -3.68478727
   -3.59762526
   -3.55769698
   -3.50758568
   -3.49413986
   -3.42570910
   -3.38912859
   -3.35659342
   -3.32948383
   -3.26461186
   -3.14424826
   -3.12906472
   -3.09215079
   -2.93576099
   -2.84766701
   -2.78866758
   -2.74832303
   -2.70578103
   -2.63113861
   -2.53902636
   -2.41953510
   -2.31594354
   -2.20687510
   -1.78198894
   -1.73663202
   -0.65908098
   -0.27161572
    0.06733581
    0.12502979
    0.18390808
    0.30864648
    0.44744332
    0.63712326
    3.49591907
    3.93369611
    4.37196270
    4.47573701
    4.97072753
    6.78716705
    7.21441098
    7.57483688
    8.25487331
    8.39562548
    8.97068752
    9.01990698
    9.40850173
    9.83638204
    9.97856993
   10.26028429
   10.33143544
   10.46367311
   10.76147729
   10.79236000
   10.97604143
   11.63407105
   11.69737961
   12.19923395
   12.36306458
   12.73439892
   13.01094009
   13.23552160
   13.65239037
   13.77367789
   14.14477019
   14.24395843
   15.02292583
   15.25422622
   15.63143608
   16.13459627
 
 Fillings
     2.00000
     2.00000
     2.00000
     2.00000
     2.00000
     2.00000
     2.00000
     2.00000
     2.00000
     2.00000
     2.00000
     2.00000
     2.00000
     2.00000
     2.00000
     2.00000
     2.00000
     2.00000
     2.00000
     2.00000
     2.00000
     2.00000
     2.00000
     2.00000
     2.00000
     2.00000
     2.00000
     2.00000
     2.00000
     2.00000
     2.00000
     2.00000
     2.00000
     2.00000
     2.00000
     2.00000
     2.00000
     2.00000
     2.00000
     2.00000
     2.00000
     2.00000
     2.00000
     2.00000
     2.00000
     2.00000
     2.00000
     2.00000
     2.00000
     2.00000
     2.00000
     2.00000
     2.00000
     2.00000
     2.00000
     2.00000
     2.00000
     2.00000
     2.00000
     2.00000
     2.00000
     2.00000
     2.00000
     2.00000
     2.00000
     2.00000
     2.00000
     2.00000
     2.00000
     2.00000
     2.00000
     2.00000
     0.00000
     0.00000
     0.00000
     0.00000
     0.00000
     0.00000
     0.00000
     0.00000
     0.00000
     0.00000
     0.00000
     0.00000
     0.00000
     0.00000
     0.00000
     0.00000
     0.00000
     0.00000
     0.00000
     0.00000
     0.00000
     0.00000
     0.00000
     0.00000
     0.00000
     0.00000
     0.00000
     0.00000
     0.00000
     0.00000
     0.00000
     0.00000
     0.00000
     0.00000
     0.00000
     0.00000
     0.00000
     0.00000
     0.00000
     0.00000
     0.00000
     0.00000
     0.00000
     0.00000
     0.00000
     0.00000
     0.00000
     0.00000
     0.00000
     0.00000
     0.00000
     0.00000
     0.00000
     0.00000
     0.00000
     0.00000
     0.00000
     0.00000
     0.00000
     0.00000
     0.00000
     0.00000
     0.00000
     0.00000
     0.00000
     0.00000
     0.00000
     0.00000
     0.00000
     0.00000
     0.00000
     0.00000
     0.00000
     0.00000
     0.00000
     0.00000
     0.00000
     0.00000
     0.00000
     0.00000
     0.00000
 
 Fermi energy:                      -0.1593352133 H           -4.3357 eV
 Band energy:                      -72.6584329667 H        -1977.1366 eV
 TS:                                 0.0000000000 H            0.0000 eV
 Band free energy (E-TS):          -72.6584329667 H        -1977.1366 eV
 Extrapolated E(0K):               -72.6584329667 H        -1977.1366 eV
 
 Energy H0:                        -72.6584329667 H        -1977.1366 eV
 Total Electronic energy:          -72.6584329667 H        -1977.1366 eV
 Repulsive energy:                   2.3098698268 H           62.8548 eV
 Total energy:                     -70.3485631400 H        -1914.2818 eV
 Total Mermin free energy:         -70.3485631400 H        -1914.2818 eV
 
 Non-SCC calculation
 
 Full geometry written in geo_end.{xyz|gen}
 
 Total Forces
 -9.946860598157683E-004 -9.575463252663655E-003  3.218378678650549E-002
  9.763602886436954E-005 -2.514429102841488E-003 -1.315788644580553E-002
 -4.539138852129697E-003 -1.889928180447078E-003 -4.689744987709660E-003
 -1.895567500420985E-004 -2.372241276155256E-003  2.258205185451087E-002
 -3.238385396416868E-006 -4.404813259770509E-003 -6.059842728416798E-003
 -2.091406477513202E-003 -4.190578419223483E-003  7.421219500764509E-003
 -3.371964197461043E-004  5.152103651971732E-004  2.083950741277987E-002
 -2.547206953276672E-005 -2.799945022341399E-004 -1.494324884589598E-003
 -2.408977935774314E-003  1.343422625883738E-003 -1.210602187372720E-002
  6.089388896587626E-003  2.492612372875902E-003  1.253281660087036E-002
  3.906932465402839E-005  3.712719655095272E-003 -6.551051319414185E-003
  4.635450942201192E-005  2.092430341224364E-003 -1.612487034235098E-002
  6.884796083735404E-005  3.052426591677529E-003  2.352523664663014E-003
 -6.116301022585383E-003  1.516828243880462E-003 -4.082395795854094E-003
  2.083835483644828E-002  1.914371923837264E-002 -1.122977245182647E-002
  2.093898587127567E-003 -2.451366232495644E-003 -6.406569777190001E-003
 -2.288478648576828E-003  1.000864781887066E-002 -2.214378903251015E-003
 -1.119628571360902E-002 -3.103487424559126E-003  1.043599262030474E-002
 -1.056794567060040E-002  1.204216079976770E-002 -5.860028539102419E-003
 -1.533270811905447E-003  1.305819665589963E-004 -7.006726124036022E-003
 -2.027820824926630E-003  1.632852809880312E-003  9.094195272320943E-003
  2.563264774370591E-003 -2.050693212674877E-002  3.045075357684585E-003
  1.805324677225942E-003  4.050414537888111E-003 -8.972968023612589E-003
  4.038857064884642E-004 -9.903870556491598E-003 -1.125499920210004E-002
 -1.705078595926792E-003  6.129531607896390E-003 -8.472821708973705E-004
  6.264844160435486E-003 -3.104733772728695E-003 -2.017284696472554E-003
  5.713984775619131E-003 -3.565720868709835E-003 -4.110208040477986E-004
 
 Total stress tensor
     -0.000054279274     -0.000000035828      0.000003317837
     -0.000000035616     -0.000099575152     -0.000006438945
      0.000003316863     -0.000006441769     -0.000020132775
 
 Total lattice derivs
      0.076291043353      0.000050357864     -0.004663313578
      0.000012514910      0.034988917710      0.002262529361
     -0.000733954126      0.001425432092      0.004454972126
 
 Maximal derivative component:       0.321838E-01 au
 Max force for moved atoms::         0.321838E-01 au
 
 Volume:                             0.104539E+05 au^3
 Pressure:                          -0.579957E-04 au    -0.170629E+10 Pa
 
 Geometry converged
 
