 KPT            1  SPIN            1  KWEIGHT    1.00000000000000     
   -24.76702     2.00000
   -24.71561     2.00000
   -24.68143     2.00000
   -24.52205     2.00000
   -24.48099     2.00000
   -24.45456     2.00000
   -24.40992     2.00000
   -24.34729     2.00000
   -24.31573     2.00000
   -24.27614     2.00000
   -24.26244     2.00000
   -24.25935     2.00000
   -24.22294     2.00000
   -24.21728     2.00000
   -24.18234     2.00000
   -24.14263     2.00000
   -24.08619     2.00000
   -23.93970     2.00000
   -11.72755     2.00000
   -11.63486     2.00000
   -11.60137     2.00000
   -11.40307     2.00000
   -11.31360     2.00000
   -11.25134     2.00000
   -11.12860     2.00000
   -11.08203     2.00000
   -11.02457     2.00000
   -11.00589     2.00000
   -10.96094     2.00000
   -10.94217     2.00000
   -10.87307     2.00000
   -10.83112     2.00000
   -10.73460     2.00000
   -10.62254     2.00000
   -10.51618     2.00000
   -10.50306     2.00000
   -10.47090     2.00000
   -10.43144     2.00000
   -10.38548     2.00000
   -10.37305     2.00000
   -10.27199     2.00000
   -10.21674     2.00000
   -10.16524     2.00000
   -10.11483     2.00000
   -10.06989     2.00000
   -10.00858     2.00000
    -9.98282     2.00000
    -9.93535     2.00000
    -9.83678     2.00000
    -9.76314     2.00000
    -9.65288     2.00000
    -9.61610     2.00000
    -9.59291     2.00000
    -9.53632     2.00000
    -9.52039     2.00000
    -9.47884     2.00000
    -9.44987     2.00000
    -9.43252     2.00000
    -9.39681     2.00000
    -9.32495     2.00000
    -9.23367     2.00000
    -9.17299     2.00000
    -9.14175     2.00000
    -9.08457     2.00000
    -9.04550     2.00000
    -9.00634     2.00000
    -9.00075     2.00000
    -8.95803     2.00000
    -8.91627     2.00000
    -8.85504     2.00000
    -8.84067     2.00000
    -8.83290     2.00000
    -5.19315     0.00000
    -4.47946     0.00000
    -4.23665     0.00000
    -4.19190     0.00000
    -4.16419     0.00000
    -4.09704     0.00000
    -4.05066     0.00000
    -4.03250     0.00000
    -3.98120     0.00000
    -3.96820     0.00000
    -3.94881     0.00000
    -3.84150     0.00000
    -3.80513     0.00000
    -3.78656     0.00000
    -3.72064     0.00000
    -3.71303     0.00000
    -3.65201     0.00000
    -3.61002     0.00000
    -3.57993     0.00000
    -3.50709     0.00000
    -3.47899     0.00000
    -3.44234     0.00000
    -3.40699     0.00000
    -3.36462     0.00000
    -3.33204     0.00000
    -3.21984     0.00000
    -3.15203     0.00000
    -3.12710     0.00000
    -3.07383     0.00000
    -2.95683     0.00000
    -2.89130     0.00000
    -2.80754     0.00000
    -2.73982     0.00000
    -2.62227     0.00000
    -2.53740     0.00000
    -2.35934     0.00000
    -2.21726     0.00000
    -2.06355     0.00000
    -0.92826     0.00000
    -0.78132     0.00000
    -0.23350     0.00000
    -0.06491     0.00000
     0.14900     0.00000
     0.29232     0.00000
     0.56817     0.00000
     0.86009     0.00000
     1.04839     0.00000
     2.65951     0.00000
     3.85091     0.00000
     4.25347     0.00000
     4.68468     0.00000
     5.25663     0.00000
     5.29480     0.00000
     6.34233     0.00000
     6.59196     0.00000
     7.20047     0.00000
     7.39075     0.00000
     7.86541     0.00000
     8.35904     0.00000
     8.61146     0.00000
     9.35255     0.00000
     9.53345     0.00000
     9.71181     0.00000
    10.39815     0.00000
    10.55633     0.00000
    10.61891     0.00000
    10.86258     0.00000
    11.30150     0.00000
    11.67244     0.00000
    11.90836     0.00000
    12.14377     0.00000
    12.18342     0.00000
    12.43894     0.00000
    12.99751     0.00000
    13.28346     0.00000
    13.43299     0.00000
    13.93803     0.00000
    14.02748     0.00000
    14.38288     0.00000
    15.18274     0.00000
    15.63246     0.00000
 
