 Fermi distribution function
 
 Coordinates of moved atoms (au):
    1      0.00000000      3.71886736     12.01815780
    2      0.00000000      0.00000000     11.33835593
    3      3.71886736      3.71886736     12.69795967
    4      0.00000000     11.15660209     12.01815780
    5      0.00000000      7.43773472     11.33835593
    6      3.71886736     11.15660209     12.69795967
    7      0.00000000     18.59433681     12.01815780
    8      0.00000000     14.87546945     11.33835593
    9      3.71886736     18.59433681     12.69795967
   10      0.00000000     26.03207153     12.01815780
   11      0.00000000     22.31320417     11.33835593
   12      3.71886736     26.03207153     12.69795967
   13      0.27989715      6.62838518     23.71976147
   14      4.70069001      5.13876246     19.19049780
   15      3.60299398     15.05945382     17.27585840
   16      2.55199138      9.83991264     19.78306866
   17      0.15539405      2.80636597     15.87368909
   18      3.89065517      2.82867936     16.49946948
   19      7.13051031     10.78468419     15.84513592
   20      3.44244507     11.60928565     16.57646977
   21      3.67390888     22.10780039     17.62896265
   22      0.02239959     18.70594799     15.82426928
   23      3.74724926     18.68271183     16.33640010
   24      3.74174356     25.59165647     16.71944468
   25      7.37729123     24.88345077     20.81256808
   26      3.86751361     29.10238030     17.44512051
   27      7.37725110      7.35379397     20.35072165
 
 COMPONENT = q
  
 Eigenvalues /H
   -0.91017133
   -0.90828209
   -0.90702605
   -0.90116893
   -0.89965968
   -0.89868858
   -0.89704793
   -0.89474632
   -0.89358668
   -0.89213162
   -0.89162819
   -0.89151472
   -0.89017668
   -0.88996877
   -0.88868478
   -0.88722529
   -0.88515126
   -0.87976790
   -0.43097945
   -0.42757308
   -0.42634236
   -0.41905519
   -0.41576700
   -0.41347931
   -0.40896849
   -0.40725720
   -0.40514549
   -0.40445888
   -0.40280727
   -0.40211743
   -0.39957811
   -0.39803632
   -0.39448937
   -0.39037106
   -0.38646243
   -0.38598022
   -0.38479858
   -0.38334848
   -0.38165934
   -0.38120245
   -0.37748877
   -0.37545825
   -0.37356578
   -0.37171335
   -0.37006183
   -0.36780838
   -0.36686204
   -0.36511741
   -0.36149496
   -0.35878890
   -0.35473679
   -0.35338505
   -0.35253300
   -0.35045350
   -0.34986779
   -0.34834091
   -0.34727635
   -0.34663876
   -0.34532655
   -0.34268545
   -0.33933107
   -0.33710130
   -0.33595325
   -0.33385168
   -0.33241605
   -0.33097708
   -0.33077156
   -0.32920166
   -0.32766695
   -0.32541689
   -0.32488847
   -0.32460293
   -0.19084479
   -0.16461701
   -0.15569395
   -0.15404964
   -0.15303134
   -0.15056341
   -0.14885910
   -0.14819154
   -0.14630626
   -0.14582868
   -0.14511611
   -0.14117239
   -0.13983588
   -0.13915338
   -0.13673100
   -0.13645120
   -0.13420903
   -0.13266592
   -0.13155991
   -0.12888305
   -0.12785042
   -0.12650377
   -0.12520452
   -0.12364740
   -0.12245013
   -0.11832680
   -0.11583505
   -0.11491881
   -0.11296127
   -0.10866135
   -0.10625349
   -0.10317522
   -0.10068655
   -0.09636654
   -0.09324791
   -0.08670429
   -0.08148279
   -0.07583404
   -0.03411278
   -0.02871289
   -0.00858084
   -0.00238548
    0.00547570
    0.01074273
    0.02087985
    0.03160786
    0.03852762
    0.09773531
    0.14151820
    0.15631225
    0.17215895
    0.19317767
    0.19458049
    0.23307626
    0.24225014
    0.26461258
    0.27160514
    0.28904833
    0.30718912
    0.31646536
    0.34369988
    0.35034791
    0.35690250
    0.38212497
    0.38793791
    0.39023794
    0.39919254
    0.41532256
    0.42895445
    0.43762429
    0.44627518
    0.44773263
    0.45712250
    0.47764963
    0.48815832
    0.49365344
    0.51221331
    0.51550025
    0.52856109
    0.55795533
    0.57448245
 
 Eigenvalues /eV
  -24.76702210
  -24.71561309
  -24.68143451
  -24.52205430
  -24.48098547
  -24.45456041
  -24.40991606
  -24.34728622
  -24.31573079
  -24.27613640
  -24.26243757
  -24.25934981
  -24.22294000
  -24.21728247
  -24.18234326
  -24.14262858
  -24.08619140
  -23.93970268
  -11.72754757
  -11.63485550
  -11.60136591
  -11.40307193
  -11.31359579
  -11.25134450
  -11.12859896
  -11.08203213
  -11.02456966
  -11.00588598
  -10.96094343
  -10.94217201
  -10.87307355
  -10.83111940
  -10.73460204
  -10.62253708
  -10.51617776
  -10.50305626
  -10.47090202
  -10.43144286
  -10.38547897
  -10.37304657
  -10.27199210
  -10.21673874
  -10.16524214
  -10.11483495
  -10.06989473
  -10.00857535
   -9.98282410
   -9.93535010
   -9.83677828
   -9.76314272
   -9.65287924
   -9.61609656
   -9.59291095
   -9.53632491
   -9.52038702
   -9.47883836
   -9.44987035
   -9.43252071
   -9.39681343
   -9.32494558
   -9.23366825
   -9.17299302
   -9.14175296
   -9.08456647
   -9.04550105
   -9.00634457
   -9.00075204
   -8.95803289
   -8.91627127
   -8.85504423
   -8.84066515
   -8.83289505
   -5.19315108
   -4.47945685
   -4.23664781
   -4.19190396
   -4.16419456
   -4.09703891
   -4.05066207
   -4.03249710
   -3.98119603
   -3.96820036
   -3.94881024
   -3.84149608
   -3.80512781
   -3.78655621
   -3.72063978
   -3.71302618
   -3.65201352
   -3.61002331
   -3.57992743
   -3.50708633
   -3.47898687
   -3.44234267
   -3.40698837
   -3.36461702
   -3.33203745
   -3.21983603
   -3.15203209
   -3.12709988
   -3.07383244
   -2.95682577
   -2.89130450
   -2.80754056
   -2.73982053
   -2.62226689
   -2.53740485
   -2.35934370
   -2.21725954
   -2.06354927
   -0.92825603
   -0.78131741
   -0.23349645
   -0.06491220
    0.14900144
    0.29232454
    0.56816951
    0.86009354
    1.04838997
    2.65951320
    3.85090621
    4.25347269
    4.68468335
    5.25663193
    5.29480465
    6.34232784
    6.59196171
    7.20047465
    7.39075189
    7.86540523
    8.35904128
    8.61146056
    9.35254970
    9.53345159
    9.71181117
   10.39814937
   10.55632755
   10.61891467
   10.86258177
   11.30150199
   11.67244443
   11.90836277
   12.14376542
   12.18342468
   12.43893624
   12.99750769
   13.28346366
   13.43299348
   13.93803342
   14.02747542
   14.38287911
   15.18273703
   15.63246290
 
 Fillings
     2.00000
     2.00000
     2.00000
     2.00000
     2.00000
     2.00000
     2.00000
     2.00000
     2.00000
     2.00000
     2.00000
     2.00000
     2.00000
     2.00000
     2.00000
     2.00000
     2.00000
     2.00000
     2.00000
     2.00000
     2.00000
     2.00000
     2.00000
     2.00000
     2.00000
     2.00000
     2.00000
     2.00000
     2.00000
     2.00000
     2.00000
     2.00000
     2.00000
     2.00000
     2.00000
     2.00000
     2.00000
     2.00000
     2.00000
     2.00000
     2.00000
     2.00000
     2.00000
     2.00000
     2.00000
     2.00000
     2.00000
     2.00000
     2.00000
     2.00000
     2.00000
     2.00000
     2.00000
     2.00000
     2.00000
     2.00000
     2.00000
     2.00000
     2.00000
     2.00000
     2.00000
     2.00000
     2.00000
     2.00000
     2.00000
     2.00000
     2.00000
     2.00000
     2.00000
     2.00000
     2.00000
     2.00000
     0.00000
     0.00000
     0.00000
     0.00000
     0.00000
     0.00000
     0.00000
     0.00000
     0.00000
     0.00000
     0.00000
     0.00000
     0.00000
     0.00000
     0.00000
     0.00000
     0.00000
     0.00000
     0.00000
     0.00000
     0.00000
     0.00000
     0.00000
     0.00000
     0.00000
     0.00000
     0.00000
     0.00000
     0.00000
     0.00000
     0.00000
     0.00000
     0.00000
     0.00000
     0.00000
     0.00000
     0.00000
     0.00000
     0.00000
     0.00000
     0.00000
     0.00000
     0.00000
     0.00000
     0.00000
     0.00000
     0.00000
     0.00000
     0.00000
     0.00000
     0.00000
     0.00000
     0.00000
     0.00000
     0.00000
     0.00000
     0.00000
     0.00000
     0.00000
     0.00000
     0.00000
     0.00000
     0.00000
     0.00000
     0.00000
     0.00000
     0.00000
     0.00000
     0.00000
     0.00000
     0.00000
     0.00000
     0.00000
     0.00000
     0.00000
     0.00000
     0.00000
     0.00000
     0.00000
     0.00000
     0.00000
 
 Fermi energy:                      -0.2618853018 H           -7.1263 eV
 Band energy:                      -72.2165740799 H        -1965.1130 eV
 TS:                                 0.0000000000 H            0.0000 eV
 Band free energy (E-TS):          -72.2165740799 H        -1965.1130 eV
 Extrapolated E(0K):               -72.2165740799 H        -1965.1130 eV
 
 Energy H0:                        -72.2165740799 H        -1965.1130 eV
 Total Electronic energy:          -72.2165740799 H        -1965.1130 eV
 Repulsive energy:                   2.0305788863 H           55.2549 eV
 Total energy:                     -70.1859951936 H        -1909.8581 eV
 Total Mermin free energy:         -70.1859951936 H        -1909.8581 eV
 
 Non-SCC calculation
 
 Full geometry written in geo_end.{xyz|gen}
 
 Total Forces
  1.362002704919132E-003 -5.578321651595410E-003  2.865735509999631E-002
 -1.334913977530413E-004 -5.211547437701912E-003 -5.864879115019168E-003
  7.691426915157130E-003 -1.372918558811347E-003  6.806163326859595E-003
 -3.049060377467656E-003 -6.890305105812753E-003  3.493148279810441E-002
  1.382091775454817E-004 -2.136447690912505E-003 -3.656859850051014E-003
 -1.651587558816336E-002  4.941087145038715E-003 -9.006234519306419E-004
  1.818651596272280E-004  8.065637235248257E-004  3.154901134967014E-002
 -4.817038671283808E-005  2.029158152408118E-006 -2.991425238295004E-003
  1.292568837851838E-003  1.605400189012937E-003 -2.260328293225713E-003
  6.535053399477842E-005  1.724263024097806E-003 -1.064787190416304E-002
  3.580705791177814E-006  2.108231971312170E-003 -2.001059444705564E-003
  4.466991962870915E-005 -7.358425456334613E-003  3.773988977216150E-002
 -5.007436785053825E-003  8.158377901568356E-003 -3.690657636697633E-002
  1.286694064559934E-002 -7.556162379479535E-003 -1.566225852782525E-002
  5.246011759517323E-004  2.366243996008516E-003  1.371418945674309E-003
 -9.411015989484753E-003 -1.538924101437397E-003 -1.100542363936304E-002
  9.288008572294681E-003  1.161787035136857E-002 -1.347278140725501E-002
 -2.653077809961810E-003 -1.884116263230595E-003  1.795617779576764E-003
  2.620922701850258E-003  9.408798826816500E-003 -8.723431739459074E-003
  4.879842354080679E-003 -3.982248520627937E-003 -5.051806485018070E-003
  1.604640499939074E-003 -4.844619564966693E-003 -1.005795976674087E-002
 -2.535656896168671E-003 -2.130270994670447E-003 -1.118234432528614E-002
 -2.490659166435386E-003  7.104009892919001E-003 -1.267967802833314E-002
  1.231839591284957E-003 -6.474343801166450E-003  2.330648884450257E-003
 -1.080147225788755E-003  7.478233553750394E-003 -2.742188773769860E-002
 -3.648790732045069E-004  3.380873176970858E-003  2.893316904292176E-004
 -5.069987993216452E-004 -3.743331383793520E-003  3.501627567442296E-002
 
 Total stress tensor
     -0.000042648175     -0.000016724261     -0.000000652515
     -0.000016723974     -0.000111753060      0.000011090883
     -0.000000651423      0.000011088061     -0.000074169282
 
 Total lattice derivs
      0.059943206231      0.023506417832      0.000917128632
      0.005876503730      0.039268015329     -0.003897136990
      0.000144146591     -0.002453561535      0.016412148486
 
 Maximal derivative component:       0.377399E-01 au
 Max force for moved atoms::         0.377399E-01 au
 
 Volume:                             0.104539E+05 au^3
 Pressure:                          -0.761902E-04 au    -0.224159E+10 Pa
 
 Geometry converged
 
