 KPT            1  SPIN            1  KWEIGHT    1.00000000000000     
   -24.80831     2.00000
   -24.75388     2.00000
   -24.70698     2.00000
   -24.64416     2.00000
   -24.56659     2.00000
   -24.45469     2.00000
   -24.41414     2.00000
   -24.35682     2.00000
   -24.33740     2.00000
   -24.30251     2.00000
   -24.27712     2.00000
   -24.26499     2.00000
   -24.25364     2.00000
   -24.24138     2.00000
   -24.17149     2.00000
   -24.16121     2.00000
   -24.10627     2.00000
   -24.09454     2.00000
   -11.74901     2.00000
   -11.69543     2.00000
   -11.61665     2.00000
   -11.49137     2.00000
   -11.38788     2.00000
   -11.23250     2.00000
   -11.12859     2.00000
   -11.10264     2.00000
   -11.06285     2.00000
   -11.04418     2.00000
   -11.03524     2.00000
   -11.00442     2.00000
   -10.97486     2.00000
   -10.93515     2.00000
   -10.92194     2.00000
   -10.83470     2.00000
   -10.66745     2.00000
   -10.61788     2.00000
   -10.60335     2.00000
   -10.43729     2.00000
   -10.42771     2.00000
   -10.35820     2.00000
   -10.33881     2.00000
   -10.27102     2.00000
   -10.22543     2.00000
   -10.20481     2.00000
   -10.15832     2.00000
   -10.11497     2.00000
   -10.06535     2.00000
   -10.01562     2.00000
    -9.96497     2.00000
    -9.83308     2.00000
    -9.78736     2.00000
    -9.71284     2.00000
    -9.69951     2.00000
    -9.64076     2.00000
    -9.59360     2.00000
    -9.52869     2.00000
    -9.50433     2.00000
    -9.42114     2.00000
    -9.39615     2.00000
    -9.34343     2.00000
    -9.27360     2.00000
    -9.23951     2.00000
    -9.15327     2.00000
    -9.11619     2.00000
    -9.03525     2.00000
    -9.01422     2.00000
    -8.97207     2.00000
    -8.91311     2.00000
    -8.87005     2.00000
    -8.82509     2.00000
    -8.80943     2.00000
    -8.79033     2.00000
    -4.52868     0.00000
    -4.28960     0.00000
    -4.21286     0.00000
    -4.09214     0.00000
    -4.06569     0.00000
    -4.00987     0.00000
    -3.99039     0.00000
    -3.93597     0.00000
    -3.92507     0.00000
    -3.87307     0.00000
    -3.86234     0.00000
    -3.84548     0.00000
    -3.78126     0.00000
    -3.75488     0.00000
    -3.70958     0.00000
    -3.61115     0.00000
    -3.54113     0.00000
    -3.49610     0.00000
    -3.45554     0.00000
    -3.43142     0.00000
    -3.39058     0.00000
    -3.33315     0.00000
    -3.27826     0.00000
    -3.20168     0.00000
    -3.12146     0.00000
    -3.07719     0.00000
    -3.00291     0.00000
    -2.86531     0.00000
    -2.74537     0.00000
    -2.70948     0.00000
    -2.66743     0.00000
    -2.60316     0.00000
    -2.48098     0.00000
    -2.31092     0.00000
    -2.17841     0.00000
    -2.04075     0.00000
    -1.93593     0.00000
    -1.79996     0.00000
    -1.72226     0.00000
    -1.42264     0.00000
    -0.23008     0.00000
     0.19284     0.00000
     0.22401     0.00000
     0.36351     0.00000
     0.41407     0.00000
     0.50063     0.00000
     0.59098     0.00000
     0.82546     0.00000
     4.17580     0.00000
     4.62483     0.00000
     4.73396     0.00000
     5.25463     0.00000
     6.20073     0.00000
     8.24183     0.00000
     8.44681     0.00000
     8.77601     0.00000
     8.93625     0.00000
     9.26369     0.00000
     9.91928     0.00000
    10.04919     0.00000
    10.18544     0.00000
    10.31947     0.00000
    10.51628     0.00000
    10.56987     0.00000
    10.88425     0.00000
    11.85005     0.00000
    12.02453     0.00000
    12.16151     0.00000
    12.29587     0.00000
    12.83119     0.00000
    12.97251     0.00000
    13.29127     0.00000
    13.69220     0.00000
    14.08108     0.00000
    14.43045     0.00000
    14.92183     0.00000
    15.13478     0.00000
    15.47519     0.00000
    16.08962     0.00000
    16.29173     0.00000
    18.63165     0.00000
 
