 Fermi distribution function
 
 Coordinates of moved atoms (au):
    1      0.00000000      3.71886736     12.01815780
    2      0.00000000      0.00000000     11.33835593
    3      3.71886736      3.71886736     12.69795967
    4      0.00000000     11.15660209     12.01815780
    5      0.00000000      7.43773472     11.33835593
    6      3.71886736     11.15660209     12.69795967
    7      0.00000000     18.59433681     12.01815780
    8      0.00000000     14.87546945     11.33835593
    9      3.71886736     18.59433681     12.69795967
   10      0.00000000     26.03207153     12.01815780
   11      0.00000000     22.31320417     11.33835593
   12      3.71886736     26.03207153     12.69795967
   13      3.72876440     12.97879283     18.58038504
   14      3.68769200      0.81576761     18.21355630
   15      2.45820183     27.22927720     17.92283414
   16      0.35395319     21.87383328     21.43505988
   17      2.80623816     19.59847587     22.34213915
   18      3.72211986     10.44641051     16.37268631
   19      0.15074264     19.46658876     15.57285107
   20      3.70786582      7.14206208     17.84411321
   21      0.00474881      3.88233047     15.74975980
   22      4.15826701     18.76201854     19.26379016
   23      0.00173586     10.51335262     15.69507221
   24      3.71605439      3.89409389     16.34644570
   25      7.32726511     26.89101322     15.61258711
   26      4.01924566     24.21736113     18.21892287
   27      6.28440462     21.43706121     18.20505594
 
 COMPONENT = q
  
 Eigenvalues /H
   -0.91168855
   -0.90968840
   -0.90796470
   -0.90565637
   -0.90280544
   -0.89869334
   -0.89720303
   -0.89509672
   -0.89438313
   -0.89310078
   -0.89216788
   -0.89172214
   -0.89130494
   -0.89085422
   -0.88828602
   -0.88790813
   -0.88588908
   -0.88545820
   -0.43176806
   -0.42979917
   -0.42690409
   -0.42230006
   -0.41849675
   -0.41278685
   -0.40896819
   -0.40801446
   -0.40655237
   -0.40586615
   -0.40553779
   -0.40440493
   -0.40331866
   -0.40185927
   -0.40137383
   -0.39816774
   -0.39202171
   -0.39020008
   -0.38966593
   -0.38356322
   -0.38321128
   -0.38065669
   -0.37994415
   -0.37745310
   -0.37577775
   -0.37501987
   -0.37331143
   -0.37171827
   -0.36989486
   -0.36806738
   -0.36620592
   -0.36135893
   -0.35967875
   -0.35694031
   -0.35645049
   -0.35429124
   -0.35255848
   -0.35017292
   -0.34927769
   -0.34622046
   -0.34530210
   -0.34336480
   -0.34079860
   -0.33954571
   -0.33637650
   -0.33501367
   -0.33203940
   -0.33126640
   -0.32971763
   -0.32755083
   -0.32596844
   -0.32431601
   -0.32374072
   -0.32303877
   -0.16642603
   -0.15764005
   -0.15481973
   -0.15038341
   -0.14941147
   -0.14735999
   -0.14664398
   -0.14464430
   -0.14424379
   -0.14233275
   -0.14193846
   -0.14131883
   -0.13895860
   -0.13798948
   -0.13632458
   -0.13270734
   -0.13013427
   -0.12847943
   -0.12698887
   -0.12610227
   -0.12460161
   -0.12249091
   -0.12047368
   -0.11765960
   -0.11471140
   -0.11308465
   -0.11035494
   -0.10529821
   -0.10089053
   -0.09957161
   -0.09802612
   -0.09566420
   -0.09117434
   -0.08492468
   -0.08005505
   -0.07499601
   -0.07114420
   -0.06614713
   -0.06329192
   -0.05228100
   -0.00845513
    0.00708674
    0.00823235
    0.01335878
    0.01521696
    0.01839768
    0.02171800
    0.03033516
    0.15345768
    0.16995945
    0.17396995
    0.19310393
    0.22787267
    0.30288161
    0.31041465
    0.32251259
    0.32840117
    0.34043429
    0.36452698
    0.36930080
    0.37430812
    0.37923358
    0.38646635
    0.38843557
    0.39998886
    0.43548132
    0.44189342
    0.44692726
    0.45186505
    0.47153757
    0.47673114
    0.48844533
    0.50317901
    0.51747007
    0.53030929
    0.54836700
    0.55619295
    0.56870271
    0.59128268
    0.59871020
    0.68470052
 
 Eigenvalues /eV
  -24.80830778
  -24.75388083
  -24.70697650
  -24.64416358
  -24.56658585
  -24.45468991
  -24.41413649
  -24.35682089
  -24.33740321
  -24.30250878
  -24.27712317
  -24.26499392
  -24.25364133
  -24.24137674
  -24.17149252
  -24.16120947
  -24.10626838
  -24.09454363
  -11.74900675
  -11.69543043
  -11.61665127
  -11.49136931
  -11.38787611
  -11.23250167
  -11.12859056
  -11.10263848
  -11.06285288
  -11.04417984
  -11.03524477
  -11.00441796
  -10.97485901
  -10.93514702
  -10.92193750
  -10.83469560
  -10.66745348
  -10.61788448
  -10.60334946
  -10.43728613
  -10.42770944
  -10.35819543
  -10.33880642
  -10.27102141
  -10.22543278
  -10.20480990
  -10.15832086
  -10.11496869
  -10.06535126
  -10.01562310
   -9.96497011
   -9.83307674
   -9.78735676
   -9.71284011
   -9.69951145
   -9.64075526
   -9.59360425
   -9.52869002
   -9.50432941
   -9.42113795
   -9.39614811
   -9.34343165
   -9.27360175
   -9.23950894
   -9.15327031
   -9.11618569
   -9.03525181
   -9.01421735
   -8.97207321
   -8.91311167
   -8.87005259
   -8.82508767
   -8.80943321
   -8.79033221
   -4.52868281
   -4.28960410
   -4.21285932
   -4.09214084
   -4.06569295
   -4.00986932
   -3.99038585
   -3.93597153
   -3.92507327
   -3.87307119
   -3.86234195
   -3.84548094
   -3.78125591
   -3.75488490
   -3.70958059
   -3.61115050
   -3.54113370
   -3.49610327
   -3.45554289
   -3.43141727
   -3.39058233
   -3.33314716
   -3.27825555
   -3.20168065
   -3.12145594
   -3.07718991
   -3.00291082
   -2.86531014
   -2.74537106
   -2.70948133
   -2.66742653
   -2.60315522
   -2.48098004
   -2.31091824
   -2.17840862
   -2.04074520
   -1.93593210
   -1.79995502
   -1.72226085
   -1.42263845
   -0.23007591
    0.19283991
    0.22401354
    0.36351095
    0.41407463
    0.50062638
    0.59097689
    0.82546182
    4.17579592
    4.62483191
    4.73396322
    5.25462524
    6.20073096
    8.24182782
    8.44681239
    8.77601402
    8.93625041
    9.26368845
    9.91928392
   10.04918611
   10.18544217
   10.31947075
   10.51628432
   10.56986970
   10.88425069
   11.85004971
   12.02453166
   12.16150952
   12.29587364
   12.83119017
   12.97251424
   13.29127380
   13.69219740
   14.08107708
   14.43044998
   14.92182540
   15.13478029
   15.47518813
   16.08962023
   16.29173357
   18.63164922
 
 Fillings
     2.00000
     2.00000
     2.00000
     2.00000
     2.00000
     2.00000
     2.00000
     2.00000
     2.00000
     2.00000
     2.00000
     2.00000
     2.00000
     2.00000
     2.00000
     2.00000
     2.00000
     2.00000
     2.00000
     2.00000
     2.00000
     2.00000
     2.00000
     2.00000
     2.00000
     2.00000
     2.00000
     2.00000
     2.00000
     2.00000
     2.00000
     2.00000
     2.00000
     2.00000
     2.00000
     2.00000
     2.00000
     2.00000
     2.00000
     2.00000
     2.00000
     2.00000
     2.00000
     2.00000
     2.00000
     2.00000
     2.00000
     2.00000
     2.00000
     2.00000
     2.00000
     2.00000
     2.00000
     2.00000
     2.00000
     2.00000
     2.00000
     2.00000
     2.00000
     2.00000
     2.00000
     2.00000
     2.00000
     2.00000
     2.00000
     2.00000
     2.00000
     2.00000
     2.00000
     2.00000
     2.00000
     2.00000
     0.00000
     0.00000
     0.00000
     0.00000
     0.00000
     0.00000
     0.00000
     0.00000
     0.00000
     0.00000
     0.00000
     0.00000
     0.00000
     0.00000
     0.00000
     0.00000
     0.00000
     0.00000
     0.00000
     0.00000
     0.00000
     0.00000
     0.00000
     0.00000
     0.00000
     0.00000
     0.00000
     0.00000
     0.00000
     0.00000
     0.00000
     0.00000
     0.00000
     0.00000
     0.00000
     0.00000
     0.00000
     0.00000
     0.00000
     0.00000
     0.00000
     0.00000
     0.00000
     0.00000
     0.00000
     0.00000
     0.00000
     0.00000
     0.00000
     0.00000
     0.00000
     0.00000
     0.00000
     0.00000
     0.00000
     0.00000
     0.00000
     0.00000
     0.00000
     0.00000
     0.00000
     0.00000
     0.00000
     0.00000
     0.00000
     0.00000
     0.00000
     0.00000
     0.00000
     0.00000
     0.00000
     0.00000
     0.00000
     0.00000
     0.00000
     0.00000
     0.00000
     0.00000
     0.00000
     0.00000
     0.00000
 
 Fermi energy:                      -0.3155426496 H           -8.5864 eV
 Band energy:                      -72.4753797957 H        -1972.1554 eV
 TS:                                 0.0000000000 H            0.0000 eV
 Band free energy (E-TS):          -72.4753797957 H        -1972.1554 eV
 Extrapolated E(0K):               -72.4753797957 H        -1972.1554 eV
 
 Energy H0:                        -72.4753797957 H        -1972.1554 eV
 Total Electronic energy:          -72.4753797957 H        -1972.1554 eV
 Repulsive energy:                   2.2826749448 H           62.1147 eV
 Total energy:                     -70.1927048509 H        -1910.0407 eV
 Total Mermin free energy:         -70.1927048509 H        -1910.0407 eV
 
 Non-SCC calculation
 
 Full geometry written in geo_end.{xyz|gen}
 
 Total Forces
  5.564207959558089E-005  5.451022036027158E-004  1.640181471099314E-002
  1.275020238843016E-004  5.408514375619320E-003 -1.069577578978026E-002
  1.183719135318019E-004 -3.472500226536692E-005 -4.031736945279682E-003
  1.865924297631023E-005 -2.173638313369915E-003  1.660938308446697E-002
 -2.150067661115711E-006 -2.470809171485768E-003 -9.925779978148565E-003
  1.012947416894291E-004  2.610082480945807E-003 -1.635108647072747E-002
  3.616763355823128E-004  9.986507017250679E-003  4.320871413050661E-002
 -3.192479077544337E-005 -1.647710084297870E-003 -7.488160651434664E-004
  6.559875134479606E-003 -6.411185254279873E-003 -3.183219749912797E-002
 -1.625640422579980E-003  6.239423376905542E-003  2.948321421687837E-002
 -1.947112686951629E-004  5.409714322670681E-003 -9.738634596077014E-003
 -5.056163222133802E-003 -3.358972157512338E-003 -2.171085713386609E-002
 -1.473157517111478E-004  1.786405820293435E-002  1.741193990370049E-002
  5.630758814201969E-005  6.451599920882772E-003 -1.499432597705491E-003
 -3.474500826976359E-002  1.070336270206961E-002 -1.683083116273491E-002
  6.249890810726688E-003 -1.610024109736535E-002  1.163375149995199E-002
  3.778514593939394E-003  1.255154471281621E-002 -2.276786545996204E-002
 -1.057892462562552E-003 -2.883223773081613E-002 -6.345382360715454E-003
 -1.956214657951941E-004 -5.328027510691363E-004 -9.163493408796845E-003
  4.125478507436599E-004  1.416501798419886E-002 -3.570567265487448E-003
 -4.299252489504654E-003 -1.991200734280938E-003  2.253842307368401E-003
 -1.437710737484745E-002 -2.641099029853516E-003  2.212651579571698E-002
  8.019391527778760E-004  8.373805561800573E-004  2.033862777679488E-003
  4.236418010632684E-003 -9.612577682893581E-003 -9.059766212710488E-003
  3.532371036872876E-002 -2.064647269039373E-003  7.225585889378189E-003
  6.267699324568029E-003 -1.993355076865794E-002  1.815841191630151E-003
 -2.737261585968306E-003  5.033089191110438E-003  4.067757437992182E-003
 
 Total stress tensor
     -0.000006371710     -0.000000202248     -0.000005698099
     -0.000000202208     -0.000072036620     -0.000002011037
     -0.000005701327     -0.000002006798     -0.000002929932
 
 Total lattice derivs
      0.008955616833      0.000284265500      0.008008837986
      0.000071052116      0.025312372826      0.000706642335
      0.001261587378      0.000444063528      0.000648334220
 
 Maximal derivative component:       0.432087E-01 au
 Max force for moved atoms::         0.432087E-01 au
 
 Volume:                             0.104539E+05 au^3
 Pressure:                          -0.271128E-04 au    -0.797684E+09 Pa
 
 Geometry converged
 
