 KPT            1  SPIN            1  KWEIGHT    1.00000000000000     
   -24.75858     2.00000
   -24.70610     2.00000
   -24.67201     2.00000
   -24.59421     2.00000
   -24.57094     2.00000
   -24.50099     2.00000
   -24.42617     2.00000
   -24.38201     2.00000
   -24.31294     2.00000
   -24.30553     2.00000
   -24.27714     2.00000
   -24.26536     2.00000
   -24.23885     2.00000
   -24.23536     2.00000
   -24.15130     2.00000
   -24.13357     2.00000
   -24.12296     2.00000
   -24.10334     2.00000
   -11.69234     2.00000
   -11.50874     2.00000
   -11.44681     2.00000
   -11.41965     2.00000
   -11.40595     2.00000
   -11.35378     2.00000
   -11.19772     2.00000
   -11.11306     2.00000
   -11.07964     2.00000
   -11.03900     2.00000
   -11.02345     2.00000
   -10.95930     2.00000
   -10.91637     2.00000
   -10.89544     2.00000
   -10.78306     2.00000
   -10.64760     2.00000
   -10.62677     2.00000
   -10.53849     2.00000
   -10.45054     2.00000
   -10.38586     2.00000
   -10.36538     2.00000
   -10.33281     2.00000
   -10.30587     2.00000
   -10.25210     2.00000
   -10.20972     2.00000
   -10.17323     2.00000
   -10.08570     2.00000
   -10.01506     2.00000
    -9.96971     2.00000
    -9.92252     2.00000
    -9.88227     2.00000
    -9.83312     2.00000
    -9.79130     2.00000
    -9.71746     2.00000
    -9.63455     2.00000
    -9.59809     2.00000
    -9.54477     2.00000
    -9.49422     2.00000
    -9.43589     2.00000
    -9.40241     2.00000
    -9.36221     2.00000
    -9.30245     2.00000
    -9.22932     2.00000
    -9.20517     2.00000
    -9.14003     2.00000
    -9.11879     2.00000
    -9.07076     2.00000
    -9.01305     2.00000
    -8.96078     2.00000
    -8.94636     2.00000
    -8.86831     2.00000
    -8.84402     2.00000
    -8.81685     2.00000
    -8.80026     2.00000
    -5.05684     0.00000
    -4.42968     0.00000
    -4.34770     0.00000
    -4.23706     0.00000
    -4.11756     0.00000
    -4.07728     0.00000
    -4.01456     0.00000
    -3.98543     0.00000
    -3.96235     0.00000
    -3.93872     0.00000
    -3.91249     0.00000
    -3.87749     0.00000
    -3.85477     0.00000
    -3.73767     0.00000
    -3.68891     0.00000
    -3.62409     0.00000
    -3.58640     0.00000
    -3.50661     0.00000
    -3.49767     0.00000
    -3.44744     0.00000
    -3.43160     0.00000
    -3.39476     0.00000
    -3.34480     0.00000
    -3.29380     0.00000
    -3.25894     0.00000
    -3.17009     0.00000
    -3.14254     0.00000
    -3.04427     0.00000
    -2.95678     0.00000
    -2.86076     0.00000
    -2.80811     0.00000
    -2.71820     0.00000
    -2.58999     0.00000
    -2.47488     0.00000
    -2.35069     0.00000
    -2.28412     0.00000
    -2.22441     0.00000
    -1.95493     0.00000
    -1.75636     0.00000
    -1.64003     0.00000
    -1.22903     0.00000
    -0.73823     0.00000
    -0.22483     0.00000
     0.16907     0.00000
     0.23032     0.00000
     0.34146     0.00000
     0.38323     0.00000
     0.53775     0.00000
     0.85503     0.00000
     3.65901     0.00000
     4.27103     0.00000
     4.66301     0.00000
     4.84065     0.00000
     5.33147     0.00000
     8.23034     0.00000
     8.31131     0.00000
     8.81546     0.00000
     9.74637     0.00000
     9.87848     0.00000
     9.95021     0.00000
    10.33251     0.00000
    10.56505     0.00000
    10.72369     0.00000
    11.04587     0.00000
    11.36312     0.00000
    11.69994     0.00000
    11.80378     0.00000
    11.93829     0.00000
    12.14597     0.00000
    12.26216     0.00000
    12.54002     0.00000
    12.69655     0.00000
    13.33125     0.00000
    13.91680     0.00000
    14.03983     0.00000
    14.35981     0.00000
    14.85259     0.00000
    14.94238     0.00000
    15.47464     0.00000
    15.98723     0.00000
    16.89230     0.00000
 
