 Fermi distribution function
 
 Coordinates of moved atoms (au):
    1      0.00000000      3.71886736     12.01815780
    2      0.00000000      0.00000000     11.33835593
    3      3.71886736      3.71886736     12.69795967
    4      0.00000000     11.15660209     12.01815780
    5      0.00000000      7.43773472     11.33835593
    6      3.71886736     11.15660209     12.69795967
    7      0.00000000     18.59433681     12.01815780
    8      0.00000000     14.87546945     11.33835593
    9      3.71886736     18.59433681     12.69795967
   10      0.00000000     26.03207153     12.01815780
   11      0.00000000     22.31320417     11.33835593
   12      3.71886736     26.03207153     12.69795967
   13      0.04764787      3.14994313     15.61456394
   14      3.70024128      9.22872307     21.02881179
   15      0.90627986      1.63284711     18.62386781
   16      3.68257287     25.75361068     16.47044924
   17      7.41214441     17.80513704     15.72587342
   18      4.81965938      6.14765833     22.04020867
   19      7.40302276     11.92256930     15.69873130
   20      3.53586726     12.52954033     21.69795438
   21      7.42266324     25.66247851     15.76418779
   22      3.59019119      5.73674137     25.14637864
   23      3.64623013     14.65496473     18.78714956
   24      3.66560212     22.99180971     18.48333380
   25      2.88832898      3.82823164     20.19848789
   26      7.40715958     14.86627476     17.58938488
   27      3.29473551     28.80628606     18.39646349
 
 COMPONENT = q
  
 Eigenvalues /H
   -0.90986117
   -0.90793239
   -0.90667965
   -0.90382045
   -0.90296536
   -0.90039489
   -0.89764530
   -0.89602254
   -0.89348420
   -0.89321166
   -0.89216847
   -0.89173566
   -0.89076144
   -0.89063325
   -0.88754408
   -0.88689251
   -0.88650253
   -0.88578138
   -0.42968544
   -0.42293842
   -0.42066243
   -0.41966433
   -0.41916100
   -0.41724360
   -0.41150865
   -0.40839750
   -0.40716942
   -0.40567565
   -0.40510431
   -0.40274684
   -0.40116912
   -0.40040018
   -0.39627022
   -0.39129227
   -0.39052661
   -0.38728235
   -0.38405027
   -0.38167320
   -0.38092077
   -0.37972378
   -0.37873361
   -0.37675760
   -0.37520020
   -0.37385915
   -0.37064272
   -0.36804661
   -0.36638008
   -0.36464583
   -0.36316684
   -0.36136045
   -0.35982357
   -0.35710992
   -0.35406307
   -0.35272327
   -0.35076390
   -0.34890602
   -0.34676275
   -0.34553221
   -0.34405488
   -0.34185862
   -0.33917144
   -0.33828382
   -0.33589007
   -0.33510934
   -0.33334446
   -0.33122358
   -0.32930252
   -0.32877273
   -0.32590426
   -0.32501178
   -0.32401325
   -0.32340353
   -0.18583539
   -0.16278772
   -0.15977491
   -0.15570899
   -0.15131761
   -0.14983729
   -0.14753232
   -0.14646198
   -0.14561364
   -0.14474547
   -0.14378149
   -0.14249524
   -0.14166013
   -0.13735695
   -0.13556500
   -0.13318293
   -0.13179790
   -0.12886561
   -0.12853696
   -0.12669111
   -0.12610906
   -0.12475506
   -0.12291911
   -0.12104509
   -0.11976377
   -0.11649854
   -0.11548615
   -0.11187491
   -0.10865953
   -0.10513101
   -0.10319608
   -0.09989186
   -0.09518040
   -0.09095029
   -0.08638621
   -0.08394002
   -0.08174553
   -0.07184232
   -0.06454499
   -0.06027002
   -0.04516595
   -0.02712955
   -0.00826252
    0.00621335
    0.00846405
    0.01254837
    0.01408343
    0.01976199
    0.03142195
    0.13446603
    0.15695744
    0.17136245
    0.17789066
    0.19592791
    0.30245942
    0.30543505
    0.32396230
    0.35817243
    0.36302729
    0.36566354
    0.37971269
    0.38825845
    0.39408842
    0.40592826
    0.41758689
    0.42996499
    0.43378110
    0.43872391
    0.44635627
    0.45062605
    0.46083713
    0.46658956
    0.48991457
    0.51143288
    0.51595413
    0.52771316
    0.54582268
    0.54912249
    0.56868274
    0.58751991
    0.62078048
 
 Eigenvalues /eV
  -24.75858210
  -24.70609746
  -24.67200855
  -24.59420581
  -24.57093758
  -24.50099156
  -24.42617128
  -24.38201374
  -24.31294212
  -24.30552600
  -24.27713928
  -24.26536180
  -24.23885200
  -24.23536386
  -24.15130318
  -24.13357312
  -24.12296122
  -24.10333779
  -11.69233578
  -11.50873987
  -11.44680708
  -11.41964748
  -11.40595105
  -11.35377615
  -11.19772000
  -11.11306146
  -11.07964365
  -11.03899616
  -11.02344907
  -10.95929915
  -10.91636725
  -10.89544332
  -10.78306127
  -10.64760441
  -10.62676973
  -10.53848884
  -10.45053947
  -10.38585627
  -10.36538162
  -10.33280975
  -10.30586587
  -10.25209584
  -10.20971690
  -10.17322517
  -10.08570157
  -10.01505785
   -9.96970915
   -9.92251791
   -9.88227252
   -9.83311823
   -9.79129756
   -9.71745522
   -9.63454635
   -9.59808844
   -9.54477132
   -9.49421579
   -9.43589457
   -9.40240996
   -9.36220967
   -9.30244632
   -9.22932452
   -9.20517097
   -9.14003384
   -9.11878923
   -9.07076427
   -9.01305220
   -8.96077736
   -8.94636117
   -8.86830609
   -8.84402042
   -8.81684904
   -8.80025783
   -5.05683818
   -4.42967934
   -4.34769657
   -4.23705710
   -4.11756154
   -4.07727998
   -4.01455860
   -3.98543333
   -3.96234887
   -3.93872461
   -3.91249348
   -3.87749287
   -3.85476817
   -3.73767272
   -3.68891140
   -3.62409197
   -3.58640333
   -3.50661163
   -3.49766866
   -3.44744055
   -3.43160202
   -3.39475779
   -3.34479927
   -3.29380448
   -3.25893786
   -3.17008662
   -3.14253808
   -3.04427109
   -2.95677613
   -2.86076046
   -2.80810827
   -2.71819582
   -2.58999047
   -2.47488322
   -2.35068829
   -2.28412429
   -2.22440900
   -1.95492903
   -1.75635862
   -1.64003058
   -1.22902793
   -0.73823263
   -0.22483461
    0.16907392
    0.23031846
    0.34145860
    0.38322976
    0.53775113
    0.85503485
    3.65900671
    4.27102913
    4.66300950
    4.84065108
    5.33146956
    8.23033953
    8.31131058
    8.81546278
    9.74636783
    9.87847508
    9.95021119
   10.33250809
   10.56504999
   10.72369160
   11.04587009
   11.36311743
   11.69994277
   11.80378422
   11.93828509
   12.14597220
   12.26215866
   12.54001644
   12.69654790
   13.33125377
   13.91679664
   14.03982631
   14.35980581
   14.85259079
   14.94238330
   15.47464456
   15.98723016
   16.89229645
 
 Fillings
     2.00000
     2.00000
     2.00000
     2.00000
     2.00000
     2.00000
     2.00000
     2.00000
     2.00000
     2.00000
     2.00000
     2.00000
     2.00000
     2.00000
     2.00000
     2.00000
     2.00000
     2.00000
     2.00000
     2.00000
     2.00000
     2.00000
     2.00000
     2.00000
     2.00000
     2.00000
     2.00000
     2.00000
     2.00000
     2.00000
     2.00000
     2.00000
     2.00000
     2.00000
     2.00000
     2.00000
     2.00000
     2.00000
     2.00000
     2.00000
     2.00000
     2.00000
     2.00000
     2.00000
     2.00000
     2.00000
     2.00000
     2.00000
     2.00000
     2.00000
     2.00000
     2.00000
     2.00000
     2.00000
     2.00000
     2.00000
     2.00000
     2.00000
     2.00000
     2.00000
     2.00000
     2.00000
     2.00000
     2.00000
     2.00000
     2.00000
     2.00000
     2.00000
     2.00000
     2.00000
     2.00000
     2.00000
     0.00000
     0.00000
     0.00000
     0.00000
     0.00000
     0.00000
     0.00000
     0.00000
     0.00000
     0.00000
     0.00000
     0.00000
     0.00000
     0.00000
     0.00000
     0.00000
     0.00000
     0.00000
     0.00000
     0.00000
     0.00000
     0.00000
     0.00000
     0.00000
     0.00000
     0.00000
     0.00000
     0.00000
     0.00000
     0.00000
     0.00000
     0.00000
     0.00000
     0.00000
     0.00000
     0.00000
     0.00000
     0.00000
     0.00000
     0.00000
     0.00000
     0.00000
     0.00000
     0.00000
     0.00000
     0.00000
     0.00000
     0.00000
     0.00000
     0.00000
     0.00000
     0.00000
     0.00000
     0.00000
     0.00000
     0.00000
     0.00000
     0.00000
     0.00000
     0.00000
     0.00000
     0.00000
     0.00000
     0.00000
     0.00000
     0.00000
     0.00000
     0.00000
     0.00000
     0.00000
     0.00000
     0.00000
     0.00000
     0.00000
     0.00000
     0.00000
     0.00000
     0.00000
     0.00000
     0.00000
     0.00000
 
 Fermi energy:                      -0.2414554454 H           -6.5703 eV
 Band energy:                      -72.3142507110 H        -1967.7709 eV
 TS:                                 0.0000000000 H            0.0000 eV
 Band free energy (E-TS):          -72.3142507110 H        -1967.7709 eV
 Extrapolated E(0K):               -72.3142507110 H        -1967.7709 eV
 
 Energy H0:                        -72.3142507110 H        -1967.7709 eV
 Total Electronic energy:          -72.3142507110 H        -1967.7709 eV
 Repulsive energy:                   2.2142931996 H           60.2540 eV
 Total energy:                     -70.0999575114 H        -1907.5169 eV
 Total Mermin free energy:         -70.0999575114 H        -1907.5169 eV
 
 Non-SCC calculation
 
 Full geometry written in geo_end.{xyz|gen}
 
 Total Forces
 -2.205482343087698E-004 -6.394127323106541E-003  4.371763074025725E-002
 -5.534795306617040E-005 -4.177815152093707E-003 -7.698174102768095E-003
  2.479003308168875E-003  4.248216772931968E-003 -3.271656819223630E-002
  1.318595062375040E-004  5.983100454590138E-003  3.411281485000686E-002
  1.696770004461181E-005  3.461747976883170E-004 -1.112214665327144E-003
 -1.347726006184467E-003 -5.128991763901794E-003 -2.984051534741474E-002
  5.026987284863536E-005 -7.586068323768898E-003  4.149486335582996E-002
  6.658337811767463E-005  1.364129983302892E-004 -1.439536966617547E-002
 -9.456214818277743E-004  5.196667007414582E-003 -2.897012324041182E-002
 -1.734505339956694E-004 -2.232949998565412E-003  2.117676754100517E-002
  1.765368814442584E-006 -8.899013089993843E-004 -4.467095392867503E-003
 -1.109039544887410E-003 -1.538015582097457E-003 -7.877387651678967E-003
  1.320876096030259E-003 -8.343435169864896E-003  1.417474856844531E-002
  5.485911374230434E-003 -2.445119303758862E-002 -6.042501229898217E-003
 -3.700850843367895E-002 -1.710788632790650E-002 -3.988745468770863E-002
  8.821027882178804E-003  9.337143535667836E-003  9.382353288928058E-003
  6.557746886356930E-004 -1.629771356354540E-002  4.623179827623121E-003
  8.777124432896022E-004 -1.316403356370607E-003 -4.446224922460121E-003
  8.585154755404612E-004  1.105177621518347E-002  6.869058744450812E-003
 -2.126484986556714E-003  3.654104897983906E-002 -1.992559694373702E-003
 -1.405188468540150E-002  6.966231969861130E-003 -2.729128913827233E-003
  5.812035950767541E-004 -1.040817166502978E-003  1.171252744822282E-002
 -4.734266536228366E-003 -4.590751107353866E-003  9.967131839550225E-003
  6.356414642660281E-004  5.179882105965428E-003 -5.230033956571276E-003
  2.030683998608660E-002  2.761041895959555E-002  2.007760775569769E-002
  4.441321466664093E-003  6.334196540141926E-003 -1.735508088370738E-002
  1.504160478990529E-002 -1.783520115554345E-002 -1.254825141259083E-002
 
 Total stress tensor
     -0.000049451470      0.000005776966      0.000005357250
      0.000005775363     -0.000066552646      0.000015905381
      0.000005356734      0.000015902620     -0.000012498351
 
 Total lattice derivs
      0.069505428741     -0.008119688121     -0.007529764606
     -0.002029358581      0.023385402726     -0.005588864721
     -0.001185335836     -0.003518925219      0.002765630090
 
 Maximal derivative component:       0.437176E-01 au
 Max force for moved atoms::         0.437176E-01 au
 
 Volume:                             0.104539E+05 au^3
 Pressure:                          -0.428342E-04 au    -0.126022E+10 Pa
 
 Geometry converged
 
