 KPT            1  SPIN            1  KWEIGHT    1.00000000000000     
   -24.82293     2.00000
   -24.75953     2.00000
   -24.65784     2.00000
   -24.59294     2.00000
   -24.52672     2.00000
   -24.48042     2.00000
   -24.42658     2.00000
   -24.32259     2.00000
   -24.29919     2.00000
   -24.29572     2.00000
   -24.25347     2.00000
   -24.24656     2.00000
   -24.23162     2.00000
   -24.18922     2.00000
   -24.15366     2.00000
   -24.05516     2.00000
   -23.99473     2.00000
   -23.99104     2.00000
   -11.73686     2.00000
   -11.61106     2.00000
   -11.53387     2.00000
   -11.38885     2.00000
   -11.32533     2.00000
   -11.27934     2.00000
   -11.25065     2.00000
   -11.10104     2.00000
   -11.03984     2.00000
   -10.97375     2.00000
   -10.95362     2.00000
   -10.93645     2.00000
   -10.88804     2.00000
   -10.81699     2.00000
   -10.76308     2.00000
   -10.63054     2.00000
   -10.57485     2.00000
   -10.53407     2.00000
   -10.46399     2.00000
   -10.39636     2.00000
   -10.37509     2.00000
   -10.28807     2.00000
   -10.27217     2.00000
   -10.23136     2.00000
   -10.17270     2.00000
   -10.13436     2.00000
   -10.04784     2.00000
   -10.00978     2.00000
    -9.97062     2.00000
    -9.89446     2.00000
    -9.80493     2.00000
    -9.74447     2.00000
    -9.69961     2.00000
    -9.66360     2.00000
    -9.62381     2.00000
    -9.53317     2.00000
    -9.52308     2.00000
    -9.46440     2.00000
    -9.40739     2.00000
    -9.37030     2.00000
    -9.33411     2.00000
    -9.25765     2.00000
    -9.18965     2.00000
    -9.12740     2.00000
    -9.05222     2.00000
    -9.01212     2.00000
    -8.96699     2.00000
    -8.94065     2.00000
    -8.88601     2.00000
    -8.84701     2.00000
    -8.83143     2.00000
    -8.75556     2.00000
    -8.69236     2.00000
    -8.66475     2.00000
    -4.64824     0.00000
    -4.40767     0.00000
    -4.29820     0.00000
    -4.25897     0.00000
    -4.16240     0.00000
    -4.14280     0.00000
    -4.09283     0.00000
    -4.02057     0.00000
    -3.97287     0.00000
    -3.94303     0.00000
    -3.90213     0.00000
    -3.87461     0.00000
    -3.83484     0.00000
    -3.78132     0.00000
    -3.74594     0.00000
    -3.72527     0.00000
    -3.67371     0.00000
    -3.64186     0.00000
    -3.58343     0.00000
    -3.52726     0.00000
    -3.49427     0.00000
    -3.42352     0.00000
    -3.39076     0.00000
    -3.34686     0.00000
    -3.29462     0.00000
    -3.22943     0.00000
    -3.11765     0.00000
    -3.08804     0.00000
    -3.05198     0.00000
    -2.99733     0.00000
    -2.93260     0.00000
    -2.81385     0.00000
    -2.64652     0.00000
    -2.52575     0.00000
    -2.44899     0.00000
    -2.28908     0.00000
    -2.20450     0.00000
    -2.07064     0.00000
    -1.92293     0.00000
    -1.37808     0.00000
    -1.04019     0.00000
    -0.24686     0.00000
     0.12208     0.00000
     0.27879     0.00000
     0.31238     0.00000
     0.50741     0.00000
     1.44957     0.00000
     1.67349     0.00000
     1.78944     0.00000
     3.41447     0.00000
     4.47131     0.00000
     4.54216     0.00000
     5.08091     0.00000
     5.39018     0.00000
     5.54528     0.00000
     6.56803     0.00000
     7.14836     0.00000
     7.97020     0.00000
     8.52314     0.00000
     8.77169     0.00000
     9.39336     0.00000
     9.72670     0.00000
     9.99394     0.00000
    10.33393     0.00000
    10.58548     0.00000
    10.85305     0.00000
    11.59107     0.00000
    11.77700     0.00000
    11.97068     0.00000
    12.13385     0.00000
    12.28243     0.00000
    12.53592     0.00000
    12.81642     0.00000
    13.20965     0.00000
    13.62777     0.00000
    14.06959     0.00000
    14.35472     0.00000
    14.52225     0.00000
    14.82559     0.00000
    15.02871     0.00000
    16.73934     0.00000
 
