 Fermi distribution function
 
 Coordinates of moved atoms (au):
    1      0.00000000      3.71886736     12.01815780
    2      0.00000000      0.00000000     11.33835593
    3      3.71886736      3.71886736     12.69795967
    4      0.00000000     11.15660209     12.01815780
    5      0.00000000      7.43773472     11.33835593
    6      3.71886736     11.15660209     12.69795967
    7      0.00000000     18.59433681     12.01815780
    8      0.00000000     14.87546945     11.33835593
    9      3.71886736     18.59433681     12.69795967
   10      0.00000000     26.03207153     12.01815780
   11      0.00000000     22.31320417     11.33835593
   12      3.71886736     26.03207153     12.69795967
   13      3.73838476      0.07737843     17.15922338
   14      7.42026846     26.09972305     15.69521328
   15      3.91032348     10.71682430     16.44366052
   16      7.22964425     19.09264596     15.59398636
   17      3.93011712      7.25106458     18.50545481
   18      3.70088171     26.53568592     16.37365432
   19      1.11746935     14.84495669     19.12941115
   20      0.24731289      7.50087275     19.12319392
   21      1.61858735     11.15663055     19.90023078
   22      5.08353193     20.64647823     19.57398982
   23      3.76284535     23.64190235     18.47285687
   24      5.18475050     14.14227540     17.58415384
   25      7.39863620      9.46919473     15.70825645
   26      2.51794398     18.16149200     19.71441025
   27      0.05476117      3.81962380     15.62431411
 
 COMPONENT = q
  
 Eigenvalues /H
   -0.91222576
   -0.90989594
   -0.90615883
   -0.90377402
   -0.90134038
   -0.89963904
   -0.89766041
   -0.89383864
   -0.89297871
   -0.89285124
   -0.89129867
   -0.89104474
   -0.89049558
   -0.88893762
   -0.88763059
   -0.88401102
   -0.88179021
   -0.88165444
   -0.43132171
   -0.42669862
   -0.42386209
   -0.41853248
   -0.41619837
   -0.41450820
   -0.41345372
   -0.40795574
   -0.40570663
   -0.40327808
   -0.40253810
   -0.40190706
   -0.40012797
   -0.39751698
   -0.39553580
   -0.39066505
   -0.38861848
   -0.38711984
   -0.38454451
   -0.38205932
   -0.38127756
   -0.37807968
   -0.37749548
   -0.37599553
   -0.37383978
   -0.37243089
   -0.36925134
   -0.36785274
   -0.36641340
   -0.36361488
   -0.36032444
   -0.35810255
   -0.35645422
   -0.35513073
   -0.35366847
   -0.35033766
   -0.34996681
   -0.34781015
   -0.34571509
   -0.34435203
   -0.34302234
   -0.34021235
   -0.33771333
   -0.33542568
   -0.33266302
   -0.33118915
   -0.32953089
   -0.32856276
   -0.32655496
   -0.32512172
   -0.32454895
   -0.32176083
   -0.31943821
   -0.31842368
   -0.17081968
   -0.16197889
   -0.15795592
   -0.15651434
   -0.15296548
   -0.15224492
   -0.15040861
   -0.14775323
   -0.14600012
   -0.14490378
   -0.14340051
   -0.14238932
   -0.14092783
   -0.13896112
   -0.13766089
   -0.13690105
   -0.13500654
   -0.13383577
   -0.13168852
   -0.12962445
   -0.12841213
   -0.12581210
   -0.12460809
   -0.12299475
   -0.12107495
   -0.11867953
   -0.11457147
   -0.11348326
   -0.11215824
   -0.11014987
   -0.10777098
   -0.10340695
   -0.09725795
   -0.09281963
   -0.08999858
   -0.08412219
   -0.08101397
   -0.07609473
   -0.07066645
   -0.05064366
   -0.03822618
   -0.00907208
    0.00448620
    0.01024516
    0.01147963
    0.01864696
    0.05327063
    0.06149952
    0.06576069
    0.12547961
    0.16431756
    0.16692146
    0.18672000
    0.19808542
    0.20378527
    0.24137080
    0.26269754
    0.29289947
    0.31321952
    0.32235358
    0.34519969
    0.35744976
    0.36727068
    0.37976494
    0.38900916
    0.39884218
    0.42596413
    0.43279676
    0.43991429
    0.44591064
    0.45137084
    0.46068676
    0.47099472
    0.48544554
    0.50081137
    0.51704786
    0.52752617
    0.53368281
    0.54483035
    0.55229494
    0.61515961
 
 Eigenvalues /eV
  -24.82292602
  -24.75952836
  -24.65783622
  -24.59294248
  -24.52671977
  -24.48042395
  -24.42658249
  -24.32258700
  -24.29918694
  -24.29571850
  -24.25347069
  -24.24656105
  -24.23161755
  -24.18922345
  -24.15365719
  -24.05516387
  -23.99473243
  -23.99103799
  -11.73686081
  -11.61106017
  -11.53387439
  -11.38884824
  -11.32533377
  -11.27934205
  -11.25064810
  -11.10104056
  -11.03983901
  -10.97375488
  -10.95361895
  -10.93644759
  -10.88803613
  -10.81698748
  -10.76307662
  -10.63053697
  -10.57484700
  -10.53406679
  -10.46398860
  -10.39636303
  -10.37509030
  -10.28807151
  -10.27217477
  -10.23135895
  -10.17269811
  -10.13436005
  -10.04784018
  -10.00978237
   -9.97061580
   -9.89446439
   -9.80492685
   -9.74446618
   -9.69961274
   -9.66359894
   -9.62380861
   -9.53317287
   -9.52308139
   -9.46439580
   -9.40738616
   -9.37029546
   -9.33411270
   -9.25764901
   -9.18964731
   -9.12739727
   -9.05222129
   -9.01211519
   -8.96699167
   -8.94064762
   -8.88601246
   -8.84701212
   -8.83142632
   -8.75555765
   -8.69235600
   -8.66474922
   -4.64824006
   -4.40766988
   -4.29819917
   -4.25897177
   -4.16240237
   -4.14279510
   -4.09282663
   -4.02056991
   -3.97286538
   -3.94303243
   -3.90212629
   -3.87461044
   -3.83484140
   -3.78132458
   -3.74594340
   -3.72526700
   -3.67371499
   -3.64185656
   -3.58342682
   -3.52726061
   -3.49427173
   -3.42352149
   -3.39075860
   -3.34685746
   -3.29461713
   -3.22943427
   -3.11764831
   -3.08803661
   -3.05198106
   -2.99733059
   -2.93259759
   -2.81384627
   -2.64652349
   -2.52575068
   -2.44898597
   -2.28908136
   -2.20450235
   -2.07064293
   -1.92293181
   -1.37808399
   -1.04018737
   -0.24686390
    0.12207577
    0.27878507
    0.31237673
    0.50740966
    1.44956752
    1.67348721
    1.78943937
    3.41447378
    4.47130820
    4.54216416
    5.08090968
    5.39017860
    5.54527934
    6.56803368
    7.14836384
    7.97020020
    8.52313683
    8.77168713
    9.39336151
    9.72670273
    9.99394368
   10.33392976
   10.58547772
   10.85304805
   11.59107372
   11.77699917
   11.97067699
   12.13384592
   12.28242558
   12.53592460
   12.81641852
   13.20964513
   13.62777087
   14.06958817
   14.35471747
   14.52224819
   14.82558801
   15.02870990
   16.73934467
 
 Fillings
     2.00000
     2.00000
     2.00000
     2.00000
     2.00000
     2.00000
     2.00000
     2.00000
     2.00000
     2.00000
     2.00000
     2.00000
     2.00000
     2.00000
     2.00000
     2.00000
     2.00000
     2.00000
     2.00000
     2.00000
     2.00000
     2.00000
     2.00000
     2.00000
     2.00000
     2.00000
     2.00000
     2.00000
     2.00000
     2.00000
     2.00000
     2.00000
     2.00000
     2.00000
     2.00000
     2.00000
     2.00000
     2.00000
     2.00000
     2.00000
     2.00000
     2.00000
     2.00000
     2.00000
     2.00000
     2.00000
     2.00000
     2.00000
     2.00000
     2.00000
     2.00000
     2.00000
     2.00000
     2.00000
     2.00000
     2.00000
     2.00000
     2.00000
     2.00000
     2.00000
     2.00000
     2.00000
     2.00000
     2.00000
     2.00000
     2.00000
     2.00000
     2.00000
     2.00000
     2.00000
     2.00000
     2.00000
     0.00000
     0.00000
     0.00000
     0.00000
     0.00000
     0.00000
     0.00000
     0.00000
     0.00000
     0.00000
     0.00000
     0.00000
     0.00000
     0.00000
     0.00000
     0.00000
     0.00000
     0.00000
     0.00000
     0.00000
     0.00000
     0.00000
     0.00000
     0.00000
     0.00000
     0.00000
     0.00000
     0.00000
     0.00000
     0.00000
     0.00000
     0.00000
     0.00000
     0.00000
     0.00000
     0.00000
     0.00000
     0.00000
     0.00000
     0.00000
     0.00000
     0.00000
     0.00000
     0.00000
     0.00000
     0.00000
     0.00000
     0.00000
     0.00000
     0.00000
     0.00000
     0.00000
     0.00000
     0.00000
     0.00000
     0.00000
     0.00000
     0.00000
     0.00000
     0.00000
     0.00000
     0.00000
     0.00000
     0.00000
     0.00000
     0.00000
     0.00000
     0.00000
     0.00000
     0.00000
     0.00000
     0.00000
     0.00000
     0.00000
     0.00000
     0.00000
     0.00000
     0.00000
     0.00000
     0.00000
     0.00000
 
 Fermi energy:                      -0.2452446629 H           -6.6734 eV
 Band energy:                      -72.1233117934 H        -1962.5752 eV
 TS:                                 0.0000000000 H            0.0000 eV
 Band free energy (E-TS):          -72.1233117934 H        -1962.5752 eV
 Extrapolated E(0K):               -72.1233117934 H        -1962.5752 eV
 
 Energy H0:                        -72.1233117934 H        -1962.5752 eV
 Total Electronic energy:          -72.1233117934 H        -1962.5752 eV
 Repulsive energy:                   2.0446385051 H           55.6374 eV
 Total energy:                     -70.0786732884 H        -1906.9377 eV
 Total Mermin free energy:         -70.0786732884 H        -1906.9377 eV
 
 Non-SCC calculation
 
 Full geometry written in geo_end.{xyz|gen}
 
 Total Forces
 -1.197307496871034E-004  2.317499164455740E-003  4.605153670434683E-002
 -1.543515280033392E-005 -1.598320750379599E-003 -5.889726872631059E-003
  2.887860122869463E-003 -6.160411189549801E-004 -3.569283586875109E-002
  3.400969873712898E-004 -1.390580567822309E-002  2.082584055058846E-002
  9.778142725912031E-005 -4.922284737735939E-003 -1.875576562172561E-002
 -9.944053739314829E-004  4.956082880505564E-003  4.261496343297262E-003
 -5.290285215208985E-004  7.330292288546168E-003  4.580610245752680E-002
  5.665728107351120E-006 -3.522760947203482E-003 -6.384551589129622E-004
 -1.093996418668122E-002 -4.168600630486774E-003 -3.532738851256183E-002
 -1.394398859614978E-004 -1.307021384439169E-003  2.535401593448117E-002
  1.701429967971520E-004  3.792602843143733E-003 -8.892171227620118E-003
 -9.360497928899301E-004  1.266548873999041E-003 -1.616159500424191E-002
 -1.762618007261105E-004  1.154727224479285E-002  1.034847252797129E-002
  2.260620435853674E-003  5.598711498093961E-003 -2.659566599180638E-003
  4.159324612431625E-004  2.311223976581800E-002 -8.936802805160288E-003
  2.306711931216127E-003 -2.921591273227721E-003  1.792808753189637E-002
  2.253554438588280E-002  4.012611088600314E-003  3.897724265304962E-003
 -1.170719653674789E-003 -1.124322739929745E-002 -2.448641173110409E-002
  7.759226206223815E-003  3.500462878694888E-003 -1.176524067036639E-002
 -1.049701131870351E-002 -4.662977781648897E-003 -5.494247489702536E-003
 -4.218760809315773E-003  1.517619452306294E-002 -3.434925891273630E-003
 -4.997267542038775E-003  3.026011529034693E-003 -3.154551941876702E-002
  1.058888924317006E-002 -2.694461844179184E-002  2.260905347209955E-002
 -1.247568071111947E-002 -1.446241177268243E-002  3.367973670519553E-003
  9.631826102283268E-003  1.528281187864685E-002 -6.235175409878557E-005
 -9.745065811698490E-003 -1.104709422819610E-002  8.694931173234827E-003
 -2.045476717528063E-003  4.034146868727943E-004  5.977699948308685E-004
 
 Total stress tensor
     -0.000043131689     -0.000012829970      0.000001272013
     -0.000012829014     -0.000094347955      0.000000644244
      0.000001271156      0.000000644128     -0.000019239164
 
 Total lattice derivs
      0.060622798530      0.018032883050     -0.001787849461
      0.004507884684      0.033152174495     -0.000226375896
     -0.000281280968     -0.000142532454      0.004257234384
 
 Maximal derivative component:       0.460515E-01 au
 Max force for moved atoms::         0.460515E-01 au
 
 Volume:                             0.104539E+05 au^3
 Pressure:                          -0.522396E-04 au    -0.153694E+10 Pa
 
 Geometry converged
 
