 KPT            1  SPIN            1  KWEIGHT    1.00000000000000     
   -24.84943     2.00000
   -24.77492     2.00000
   -24.75194     2.00000
   -24.65617     2.00000
   -24.51093     2.00000
   -24.45613     2.00000
   -24.40616     2.00000
   -24.33342     2.00000
   -24.31165     2.00000
   -24.29227     2.00000
   -24.27082     2.00000
   -24.25411     2.00000
   -24.22727     2.00000
   -24.19718     2.00000
   -24.17796     2.00000
   -24.16433     2.00000
   -24.10158     2.00000
   -24.01192     2.00000
   -11.78105     2.00000
   -11.72732     2.00000
   -11.70885     2.00000
   -11.68325     2.00000
   -11.37877     2.00000
   -11.25496     2.00000
   -11.16505     2.00000
   -11.13336     2.00000
   -11.08241     2.00000
   -11.03823     2.00000
   -11.00660     2.00000
   -10.98712     2.00000
   -10.97476     2.00000
   -10.89162     2.00000
   -10.80002     2.00000
   -10.73029     2.00000
   -10.67139     2.00000
   -10.58775     2.00000
   -10.57714     2.00000
   -10.48031     2.00000
   -10.44474     2.00000
   -10.42071     2.00000
   -10.38423     2.00000
   -10.34505     2.00000
   -10.33664     2.00000
   -10.25571     2.00000
   -10.16133     2.00000
   -10.13877     2.00000
   -10.05705     2.00000
    -9.98315     2.00000
    -9.91180     2.00000
    -9.88952     2.00000
    -9.78496     2.00000
    -9.76836     2.00000
    -9.70450     2.00000
    -9.69296     2.00000
    -9.64369     2.00000
    -9.61512     2.00000
    -9.52158     2.00000
    -9.43217     2.00000
    -9.39338     2.00000
    -9.34739     2.00000
    -9.23932     2.00000
    -9.17170     2.00000
    -9.13393     2.00000
    -9.09207     2.00000
    -9.03579     2.00000
    -9.01665     2.00000
    -8.96525     2.00000
    -8.90342     2.00000
    -8.86087     2.00000
    -8.80050     2.00000
    -8.78729     2.00000
    -8.74721     2.00000
    -4.27422     0.00000
    -4.16220     0.00000
    -4.11803     0.00000
    -4.07603     0.00000
    -4.04930     0.00000
    -3.98861     0.00000
    -3.97907     0.00000
    -3.95203     0.00000
    -3.91261     0.00000
    -3.85482     0.00000
    -3.81303     0.00000
    -3.77064     0.00000
    -3.72899     0.00000
    -3.62460     0.00000
    -3.56817     0.00000
    -3.53145     0.00000
    -3.48701     0.00000
    -3.45430     0.00000
    -3.41382     0.00000
    -3.40441     0.00000
    -3.38008     0.00000
    -3.33201     0.00000
    -3.30057     0.00000
    -3.23605     0.00000
    -3.18685     0.00000
    -3.08655     0.00000
    -3.03717     0.00000
    -2.97397     0.00000
    -2.80809     0.00000
    -2.74552     0.00000
    -2.69648     0.00000
    -2.65853     0.00000
    -2.57749     0.00000
    -2.51761     0.00000
    -2.15151     0.00000
    -1.90858     0.00000
    -1.61355     0.00000
    -0.48608     0.00000
    -0.25645     0.00000
    -0.18999     0.00000
     0.01106     0.00000
     0.08451     0.00000
     0.19051     0.00000
     0.29973     0.00000
     0.45888     0.00000
     0.88578     0.00000
     2.57982     0.00000
     4.00986     0.00000
     4.41926     0.00000
     4.62279     0.00000
     5.10471     0.00000
     5.47827     0.00000
     7.41438     0.00000
     7.56139     0.00000
     7.92067     0.00000
     8.11496     0.00000
     8.75513     0.00000
     8.88891     0.00000
     9.12061     0.00000
     9.80981     0.00000
    10.03982     0.00000
    10.45240     0.00000
    10.54711     0.00000
    10.85123     0.00000
    10.95966     0.00000
    11.50221     0.00000
    11.97445     0.00000
    12.29319     0.00000
    12.53338     0.00000
    12.94387     0.00000
    13.30700     0.00000
    13.41545     0.00000
    13.75019     0.00000
    13.96898     0.00000
    14.22653     0.00000
    14.76447     0.00000
    15.03742     0.00000
    15.49529     0.00000
    15.85474     0.00000
    16.60825     0.00000
    17.72678     0.00000
 
