 Fermi distribution function
 
 Coordinates of moved atoms (au):
    1      0.00000000      3.71886736     12.01815780
    2      0.00000000      0.00000000     11.33835593
    3      3.71886736      3.71886736     12.69795967
    4      0.00000000     11.15660209     12.01815780
    5      0.00000000      7.43773472     11.33835593
    6      3.71886736     11.15660209     12.69795967
    7      0.00000000     18.59433681     12.01815780
    8      0.00000000     14.87546945     11.33835593
    9      3.71886736     18.59433681     12.69795967
   10      0.00000000     26.03207153     12.01815780
   11      0.00000000     22.31320417     11.33835593
   12      3.71886736     26.03207153     12.69795967
   13      3.74333303     10.32000253     16.37361406
   14      2.89012519     18.02832823     19.60907107
   15      7.43108925      3.54490194     15.76558781
   16      2.85512140     11.94957988     19.62621410
   17      0.14404884     25.94303589     15.64496871
   18      3.72225220      6.91684781     17.49205426
   19      0.00927072     19.65619474     15.69726631
   20      3.97058047     15.03945357     16.09977011
   21      1.27529266     14.96489101     18.55944920
   22      4.72773744     25.36123972     19.63537685
   23      3.84639499     26.43731879     16.49543947
   24      7.41613188     10.42333267     15.68703424
   25      3.75174684     19.45494559     16.21617556
   26      3.71395601      3.57716750     16.32138462
   27      3.69573477      0.10791955     17.27913657
 
 COMPONENT = q
  
 Eigenvalues /H
   -0.91319962
   -0.91046169
   -0.90961705
   -0.90609748
   -0.90076007
   -0.89874630
   -0.89690981
   -0.89423665
   -0.89343666
   -0.89272437
   -0.89193614
   -0.89132234
   -0.89033580
   -0.88923018
   -0.88852360
   -0.88802269
   -0.88571692
   -0.88242174
   -0.43294565
   -0.43097099
   -0.43029216
   -0.42935169
   -0.41816207
   -0.41361232
   -0.41030793
   -0.40914362
   -0.40727115
   -0.40564765
   -0.40448514
   -0.40376936
   -0.40331508
   -0.40025962
   -0.39689358
   -0.39433083
   -0.39216641
   -0.38909253
   -0.38870270
   -0.38514446
   -0.38383730
   -0.38295389
   -0.38161353
   -0.38017374
   -0.37986461
   -0.37689046
   -0.37342214
   -0.37259306
   -0.36958975
   -0.36687414
   -0.36425195
   -0.36343307
   -0.35959054
   -0.35898056
   -0.35663393
   -0.35620991
   -0.35439910
   -0.35334933
   -0.34991155
   -0.34662590
   -0.34520054
   -0.34351022
   -0.33953871
   -0.33705368
   -0.33566582
   -0.33412757
   -0.33205930
   -0.33135569
   -0.32946679
   -0.32719472
   -0.32563113
   -0.32341245
   -0.32292715
   -0.32145399
   -0.15707471
   -0.15295805
   -0.15133467
   -0.14979129
   -0.14880906
   -0.14657888
   -0.14622821
   -0.14523438
   -0.14378571
   -0.14166194
   -0.14012615
   -0.13856851
   -0.13703787
   -0.13320149
   -0.13112767
   -0.12977830
   -0.12814518
   -0.12694307
   -0.12545547
   -0.12510966
   -0.12421583
   -0.12244923
   -0.12129362
   -0.11892260
   -0.11711447
   -0.11342863
   -0.11161396
   -0.10929155
   -0.10319551
   -0.10089617
   -0.09909388
   -0.09769921
   -0.09472104
   -0.09252054
   -0.07906666
   -0.07013902
   -0.05929673
   -0.01786327
   -0.00942445
   -0.00698201
    0.00040630
    0.00310586
    0.00700123
    0.01101488
    0.01686368
    0.03255190
    0.09480676
    0.14735982
    0.16240471
    0.16988428
    0.18759472
    0.20132276
    0.27247328
    0.27787584
    0.29107926
    0.29821930
    0.32174515
    0.32666140
    0.33517628
    0.36050374
    0.36895667
    0.38411873
    0.38759904
    0.39877543
    0.40276016
    0.42269853
    0.44005293
    0.45176629
    0.46059339
    0.47567842
    0.48902330
    0.49300874
    0.50531018
    0.51335075
    0.52281523
    0.54258430
    0.55261515
    0.56944126
    0.58265107
    0.61034213
    0.65144701
 
 Eigenvalues /eV
  -24.84942609
  -24.77492319
  -24.75193925
  -24.65616692
  -24.51092858
  -24.45613100
  -24.40615768
  -24.33341734
  -24.31164842
  -24.29226602
  -24.27081720
  -24.25411495
  -24.22726987
  -24.19718441
  -24.17795734
  -24.16432687
  -24.10158365
  -24.01191732
  -11.78105056
  -11.72731731
  -11.70884544
  -11.68325400
  -11.37876896
  -11.25496393
  -11.16504684
  -11.13336428
  -11.08241193
  -11.03823418
  -11.00660076
  -10.98712339
  -10.97476180
  -10.89161855
  -10.80002375
  -10.73028786
  -10.67139104
  -10.58774650
  -10.57713869
  -10.48031391
  -10.44474422
  -10.42070567
  -10.38423261
  -10.34505377
  -10.33664199
  -10.25571123
  -10.16133344
  -10.13877293
  -10.05704868
   -9.98315325
   -9.91179978
   -9.88951711
   -9.78495636
   -9.76835804
   -9.70450288
   -9.69296486
   -9.64369012
   -9.61512459
   -9.52157775
   -9.43217067
   -9.39338463
   -9.34738868
   -9.23931830
   -9.17169722
   -9.13393176
   -9.09207376
   -9.03579338
   -9.01664706
   -8.96524749
   -8.90342127
   -8.86087377
   -8.80050053
   -8.78729474
   -8.74720814
   -4.27422029
   -4.16220031
   -4.11802580
   -4.07602843
   -4.04930043
   -3.98861413
   -3.97907207
   -3.95202863
   -3.91260813
   -3.85481744
   -3.81302656
   -3.77064091
   -3.72899005
   -3.62459703
   -3.56816558
   -3.53144719
   -3.48700785
   -3.45429657
   -3.41381716
   -3.40440701
   -3.38008462
   -3.33201301
   -3.30056733
   -3.23604869
   -3.18684678
   -3.08655009
   -3.03717025
   -2.97397447
   -2.80809279
   -2.74552440
   -2.69648163
   -2.65853069
   -2.57749071
   -2.51761208
   -2.15151342
   -1.90857992
   -1.61354623
   -0.48608436
   -0.25645227
   -0.18999023
    0.01105609
    0.08451462
    0.19051317
    0.29973005
    0.45888404
    0.88578215
    2.57982324
    4.00986483
    4.41925692
    4.62278655
    5.10471202
    5.47827115
    7.41437528
    7.56138629
    7.92066961
    8.11495997
    8.75513102
    8.88890896
    9.12061064
    9.80980588
   10.03982192
   10.45240258
   10.54710649
   10.85123145
   10.95966168
   11.50221235
   11.97444961
   12.29318617
   12.53338389
   12.94386829
   13.30700109
   13.41545050
   13.75018950
   13.96898469
   14.22652623
   14.76447008
   15.03742337
   15.49528515
   15.85474217
   16.60825450
   17.72677520
 
 Fillings
     2.00000
     2.00000
     2.00000
     2.00000
     2.00000
     2.00000
     2.00000
     2.00000
     2.00000
     2.00000
     2.00000
     2.00000
     2.00000
     2.00000
     2.00000
     2.00000
     2.00000
     2.00000
     2.00000
     2.00000
     2.00000
     2.00000
     2.00000
     2.00000
     2.00000
     2.00000
     2.00000
     2.00000
     2.00000
     2.00000
     2.00000
     2.00000
     2.00000
     2.00000
     2.00000
     2.00000
     2.00000
     2.00000
     2.00000
     2.00000
     2.00000
     2.00000
     2.00000
     2.00000
     2.00000
     2.00000
     2.00000
     2.00000
     2.00000
     2.00000
     2.00000
     2.00000
     2.00000
     2.00000
     2.00000
     2.00000
     2.00000
     2.00000
     2.00000
     2.00000
     2.00000
     2.00000
     2.00000
     2.00000
     2.00000
     2.00000
     2.00000
     2.00000
     2.00000
     2.00000
     2.00000
     2.00000
     0.00000
     0.00000
     0.00000
     0.00000
     0.00000
     0.00000
     0.00000
     0.00000
     0.00000
     0.00000
     0.00000
     0.00000
     0.00000
     0.00000
     0.00000
     0.00000
     0.00000
     0.00000
     0.00000
     0.00000
     0.00000
     0.00000
     0.00000
     0.00000
     0.00000
     0.00000
     0.00000
     0.00000
     0.00000
     0.00000
     0.00000
     0.00000
     0.00000
     0.00000
     0.00000
     0.00000
     0.00000
     0.00000
     0.00000
     0.00000
     0.00000
     0.00000
     0.00000
     0.00000
     0.00000
     0.00000
     0.00000
     0.00000
     0.00000
     0.00000
     0.00000
     0.00000
     0.00000
     0.00000
     0.00000
     0.00000
     0.00000
     0.00000
     0.00000
     0.00000
     0.00000
     0.00000
     0.00000
     0.00000
     0.00000
     0.00000
     0.00000
     0.00000
     0.00000
     0.00000
     0.00000
     0.00000
     0.00000
     0.00000
     0.00000
     0.00000
     0.00000
     0.00000
     0.00000
     0.00000
     0.00000
 
 Fermi energy:                      -0.2299167194 H           -6.2564 eV
 Band energy:                      -72.4987205582 H        -1972.7906 eV
 TS:                                 0.0000000000 H            0.0000 eV
 Band free energy (E-TS):          -72.4987205582 H        -1972.7906 eV
 Extrapolated E(0K):               -72.4987205582 H        -1972.7906 eV
 
 Energy H0:                        -72.4987205582 H        -1972.7906 eV
 Total Electronic energy:          -72.4987205582 H        -1972.7906 eV
 Repulsive energy:                   2.2695087102 H           61.7565 eV
 Total energy:                     -70.2292118481 H        -1911.0341 eV
 Total Mermin free energy:         -70.2292118481 H        -1911.0341 eV
 
 Non-SCC calculation
 
 Full geometry written in geo_end.{xyz|gen}
 
 Total Forces
 -5.248068238052130E-005 -7.678952520957334E-004  1.781412584162893E-002
  1.217958407909507E-005  4.022711962939359E-004 -5.948906519244040E-003
 -3.422111139950812E-004  1.311424637006195E-004 -7.810676821880927E-003
  6.059451285390542E-005 -2.115030801519435E-003  1.496257959131606E-002
  3.020322332323994E-005 -3.891081369246516E-003 -8.858005558834869E-003
 -1.945644569704239E-003 -4.233628608753641E-003 -1.542736952650152E-002
  1.016596938418834E-002  6.297977151548378E-003  1.737740073260720E-002
  4.462284940623002E-005  4.782003185442824E-004 -2.865717335565204E-004
 -1.258152552418397E-003  5.512462370802568E-003 -1.904783615889148E-002
  1.094997540537252E-003 -3.138733334669593E-003  2.291860207302845E-002
 -1.010120105436626E-005  3.522786397374008E-003 -1.291308318552696E-002
  1.021477573499748E-002 -7.947719414934879E-004 -8.681520731828415E-003
 -1.728741529288177E-002  2.000050698405739E-004  4.912234383156364E-003
 -7.428526466711084E-003 -3.371920682072690E-003 -8.797830799954637E-004
  8.425791603986702E-004  1.668999306873274E-003  1.949715620823536E-003
  1.450357139308751E-003 -5.971079601993917E-003  9.718114039923051E-003
 -1.671595985515818E-003  3.573665223119943E-003  2.238642348118672E-003
  4.599864579808940E-004  1.413774360479122E-002  7.710967613543313E-003
  2.983898620159157E-003 -8.561699178228171E-003 -3.785591648968564E-003
 -1.388842253467368E-002  8.754084032249476E-003  1.665096534448143E-003
  1.954892595772911E-002 -1.096883881210020E-003 -7.207061317966562E-003
 -1.194824034029786E-002 -1.070617700890051E-002 -4.394270653485383E-003
  2.081349394859711E-003  7.073857924194210E-003 -1.267712865144918E-003
  1.451188336042595E-002  1.272222101469221E-002  9.606930016105374E-003
 -7.318823018791509E-003 -7.754571034611912E-003  1.015994091510782E-002
 -7.065886294058500E-004 -1.690296429594076E-002 -2.530518519391982E-002
  3.558794675823790E-004  4.831020916711472E-003  7.792252859385174E-004
 
 Total stress tensor
     -0.000021619659      0.000000585975     -0.000009063059
      0.000000585337     -0.000068665909     -0.000005689257
     -0.000009061982     -0.000005691764      0.000000990951
 
 Total lattice derivs
      0.030387037588     -0.000823604341      0.012738383405
     -0.000205676895      0.024127965488      0.001999102739
      0.002005231740      0.001259471208     -0.000219277158
 
 Maximal derivative component:       0.253052E-01 au
 Max force for moved atoms::         0.253052E-01 au
 
 Volume:                             0.104539E+05 au^3
 Pressure:                          -0.297649E-04 au    -0.875712E+09 Pa
 
 Geometry converged
 
