 KPT            1  SPIN            1  KWEIGHT    1.00000000000000     
   -24.81503     2.00000
   -24.75071     2.00000
   -24.72345     2.00000
   -24.64580     2.00000
   -24.56439     2.00000
   -24.46609     2.00000
   -24.44407     2.00000
   -24.37208     2.00000
   -24.35572     2.00000
   -24.30413     2.00000
   -24.27322     2.00000
   -24.26583     2.00000
   -24.26012     2.00000
   -24.25276     2.00000
   -24.19328     2.00000
   -24.18217     2.00000
   -24.17533     2.00000
   -24.16073     2.00000
   -11.77861     2.00000
   -11.71923     2.00000
   -11.70920     2.00000
   -11.68366     2.00000
   -11.37774     2.00000
   -11.34270     2.00000
   -11.26560     2.00000
   -11.21528     2.00000
   -11.16982     2.00000
   -11.09623     2.00000
   -11.05061     2.00000
   -11.04474     2.00000
   -10.98863     2.00000
   -10.97895     2.00000
   -10.94532     2.00000
   -10.92189     2.00000
   -10.85326     2.00000
   -10.67801     2.00000
   -10.64433     2.00000
   -10.50133     2.00000
   -10.47217     2.00000
   -10.43346     2.00000
   -10.41991     2.00000
   -10.39970     2.00000
   -10.32448     2.00000
   -10.28149     2.00000
   -10.23247     2.00000
   -10.16767     2.00000
   -10.15784     2.00000
   -10.09711     2.00000
   -10.06495     2.00000
   -10.01641     2.00000
    -9.94591     2.00000
    -9.78542     2.00000
    -9.74578     2.00000
    -9.68345     2.00000
    -9.63389     2.00000
    -9.61186     2.00000
    -9.52332     2.00000
    -9.49779     2.00000
    -9.44815     2.00000
    -9.41808     2.00000
    -9.40006     2.00000
    -9.31847     2.00000
    -9.20277     2.00000
    -9.12698     2.00000
    -9.05243     2.00000
    -9.02163     2.00000
    -9.01082     2.00000
    -8.99175     2.00000
    -8.89809     2.00000
    -8.88450     2.00000
    -8.84634     2.00000
    -8.78366     2.00000
    -4.11968     0.00000
    -4.10218     0.00000
    -4.07969     0.00000
    -4.04370     0.00000
    -3.97843     0.00000
    -3.92767     0.00000
    -3.91661     0.00000
    -3.87773     0.00000
    -3.81699     0.00000
    -3.80793     0.00000
    -3.77249     0.00000
    -3.63503     0.00000
    -3.63010     0.00000
    -3.53303     0.00000
    -3.51079     0.00000
    -3.50196     0.00000
    -3.44525     0.00000
    -3.40076     0.00000
    -3.35461     0.00000
    -3.32588     0.00000
    -3.27281     0.00000
    -3.16084     0.00000
    -3.08333     0.00000
    -3.05426     0.00000
    -3.03294     0.00000
    -2.87337     0.00000
    -2.77785     0.00000
    -2.71242     0.00000
    -2.69719     0.00000
    -2.67868     0.00000
    -2.53528     0.00000
    -2.51781     0.00000
    -2.35213     0.00000
    -2.28646     0.00000
    -1.97053     0.00000
    -1.71012     0.00000
    -1.51543     0.00000
    -0.28491     0.00000
     0.14581     0.00000
     0.15622     0.00000
     0.29687     0.00000
     0.36369     0.00000
     0.50044     0.00000
     0.73629     0.00000
     0.93120     0.00000
     3.54088     0.00000
     4.04993     0.00000
     4.47505     0.00000
     4.51958     0.00000
     5.03810     0.00000
     7.51474     0.00000
     7.53894     0.00000
     8.12712     0.00000
     8.39915     0.00000
     9.29861     0.00000
     9.58133     0.00000
     9.77515     0.00000
     9.92370     0.00000
    10.18052     0.00000
    10.32569     0.00000
    10.47583     0.00000
    10.66151     0.00000
    10.80678     0.00000
    10.86037     0.00000
    10.97113     0.00000
    11.15360     0.00000
    11.71754     0.00000
    12.29840     0.00000
    12.58238     0.00000
    13.07374     0.00000
    13.15698     0.00000
    13.37504     0.00000
    13.49814     0.00000
    13.85382     0.00000
    13.97540     0.00000
    14.51724     0.00000
    14.92266     0.00000
    15.10116     0.00000
    15.27494     0.00000
    15.73893     0.00000
    16.80240     0.00000
 
