 Fermi distribution function
 
 Coordinates of moved atoms (au):
    1      0.00000000      3.71886736     12.01815780
    2      0.00000000      0.00000000     11.33835593
    3      3.71886736      3.71886736     12.69795967
    4      0.00000000     11.15660209     12.01815780
    5      0.00000000      7.43773472     11.33835593
    6      3.71886736     11.15660209     12.69795967
    7      0.00000000     18.59433681     12.01815780
    8      0.00000000     14.87546945     11.33835593
    9      3.71886736     18.59433681     12.69795967
   10      0.00000000     26.03207153     12.01815780
   11      0.00000000     22.31320417     11.33835593
   12      3.71886736     26.03207153     12.69795967
   13      0.00255556     18.14405979     15.74808300
   14      3.73177997     19.84345346     19.29166995
   15      7.43563409      4.17409572     15.76070487
   16      3.71919054     27.19437855     16.27148778
   17      3.71701073      4.20687967     16.28199899
   18      3.70856490     22.55423376     21.30819607
   19      3.72262680     17.78321474     16.33713838
   20      7.43480146     26.82339255     15.69947434
   21      7.42276234     22.57156558     22.24929093
   22      7.43598416     11.04628484     15.78406742
   23      3.71343873      7.60241789     17.50790317
   24      3.71967331     11.00219531     16.30999665
   25      3.70421848     25.24608899     19.25555823
   26      3.71678616     14.42364786     17.41065338
   27      3.71264946      0.81572337     17.46743404
 
 COMPONENT = q
  
 Eigenvalues /H
   -0.91193572
   -0.90957181
   -0.90857007
   -0.90571635
   -0.90272490
   -0.89911211
   -0.89830317
   -0.89565765
   -0.89505608
   -0.89316038
   -0.89202428
   -0.89175276
   -0.89154304
   -0.89127265
   -0.88908686
   -0.88867829
   -0.88842713
   -0.88789040
   -0.43285609
   -0.43067386
   -0.43030527
   -0.42936646
   -0.41812417
   -0.41683659
   -0.41400332
   -0.41215391
   -0.41048351
   -0.40777889
   -0.40610246
   -0.40588666
   -0.40382469
   -0.40346883
   -0.40223314
   -0.40137202
   -0.39885009
   -0.39240983
   -0.39117183
   -0.38591669
   -0.38484530
   -0.38342267
   -0.38292461
   -0.38218177
   -0.37941782
   -0.37783780
   -0.37603635
   -0.37365508
   -0.37329358
   -0.37106194
   -0.36987995
   -0.36809647
   -0.36550560
   -0.35960773
   -0.35815067
   -0.35586026
   -0.35403884
   -0.35322924
   -0.34997570
   -0.34903749
   -0.34721328
   -0.34610806
   -0.34544574
   -0.34244750
   -0.33819549
   -0.33541030
   -0.33267059
   -0.33153883
   -0.33114155
   -0.33044078
   -0.32699882
   -0.32649933
   -0.32509709
   -0.32279365
   -0.15139537
   -0.15075241
   -0.14992590
   -0.14860313
   -0.14620448
   -0.14433905
   -0.14393265
   -0.14250398
   -0.14027164
   -0.13993876
   -0.13863639
   -0.13358476
   -0.13340383
   -0.12983658
   -0.12901933
   -0.12869449
   -0.12661049
   -0.12497560
   -0.12327952
   -0.12222392
   -0.12027350
   -0.11615867
   -0.11331047
   -0.11224194
   -0.11145846
   -0.10559459
   -0.10208414
   -0.09967962
   -0.09912001
   -0.09843968
   -0.09316965
   -0.09252781
   -0.08643930
   -0.08402599
   -0.07241576
   -0.06284591
   -0.05569093
   -0.01047021
    0.00535858
    0.00574085
    0.01090974
    0.01336543
    0.01839090
    0.02705827
    0.03422101
    0.13012480
    0.14883218
    0.16445489
    0.16609139
    0.18514689
    0.27616146
    0.27705110
    0.29866602
    0.30866317
    0.34171769
    0.35210751
    0.35923018
    0.36468938
    0.37412725
    0.37946226
    0.38497962
    0.39180312
    0.39714201
    0.39911136
    0.40318167
    0.40988708
    0.43061174
    0.45195797
    0.46239381
    0.48045129
    0.48350998
    0.49152366
    0.49604755
    0.50911856
    0.51358660
    0.53349883
    0.54839778
    0.55495745
    0.56134371
    0.57839487
    0.61747677
 
 Eigenvalues /eV
  -24.81503362
  -24.75070833
  -24.72344955
  -24.64579576
  -24.56439436
  -24.46608529
  -24.44407295
  -24.37208470
  -24.35571523
  -24.30413055
  -24.27321558
  -24.26582718
  -24.26012054
  -24.25276286
  -24.19328446
  -24.18216658
  -24.17533222
  -24.16072713
  -11.77861341
  -11.71923200
  -11.70920221
  -11.68365570
  -11.37773768
  -11.34270076
  -11.26560358
  -11.21527857
  -11.16982459
  -11.09622813
  -11.05061028
  -11.04473807
  -10.98862893
  -10.97894556
  -10.94532055
  -10.92188845
  -10.85326311
  -10.67801473
  -10.64432715
  -10.50132752
  -10.47217336
  -10.43346177
  -10.41990879
  -10.39969501
  -10.32448426
  -10.28148953
  -10.23246964
  -10.16767196
  -10.15783519
  -10.09710905
  -10.06494556
  -10.01641445
   -9.94591348
   -9.78542412
   -9.74577568
   -9.68345025
   -9.63388688
   -9.61185668
   -9.52332339
   -9.49779327
   -9.44815397
   -9.41807941
   -9.40005694
   -9.31847049
   -9.20276760
   -9.12697876
   -9.05242735
   -9.02163069
   -9.01082015
   -8.99175111
   -8.89809049
   -8.88449890
   -8.84634178
   -8.78366203
   -4.11967752
   -4.10218175
   -4.07969140
   -4.04369703
   -3.97842627
   -3.92766543
   -3.91660656
   -3.87773048
   -3.81698566
   -3.80792736
   -3.77248818
   -3.63502626
   -3.63010303
   -3.53303315
   -3.51079459
   -3.50195535
   -3.44524661
   -3.40075924
   -3.35460653
   -3.32588197
   -3.27280836
   -3.16083810
   -3.08333475
   -3.05425868
   -3.03293893
   -2.87337488
   -2.77785092
   -2.71242040
   -2.69719283
   -2.67868006
   -2.53527521
   -2.51780975
   -2.35213306
   -2.28646360
   -1.97053311
   -1.71012412
   -1.51542741
   -0.28490899
    0.14581446
    0.15621661
    0.29686923
    0.36369193
    0.50044197
    0.73629285
    0.93120116
    3.54087599
    4.04992958
    4.47504533
    4.51957657
    5.03810330
    7.51473565
    7.53894397
    8.12711593
    8.39915216
    9.29861134
    9.58133293
    9.77515052
    9.92370302
   10.18052036
   10.32569357
   10.47582833
   10.66150544
   10.80678394
   10.86037271
   10.97113133
   11.15359506
   11.71754164
   12.29840205
   12.58237577
   13.07374469
   13.15697604
   13.37503922
   13.49814054
   13.85382087
   13.97540234
   14.51724174
   14.92266278
   15.10116049
   15.27493945
   15.73892516
   16.80239772
 
 Fillings
     2.00000
     2.00000
     2.00000
     2.00000
     2.00000
     2.00000
     2.00000
     2.00000
     2.00000
     2.00000
     2.00000
     2.00000
     2.00000
     2.00000
     2.00000
     2.00000
     2.00000
     2.00000
     2.00000
     2.00000
     2.00000
     2.00000
     2.00000
     2.00000
     2.00000
     2.00000
     2.00000
     2.00000
     2.00000
     2.00000
     2.00000
     2.00000
     2.00000
     2.00000
     2.00000
     2.00000
     2.00000
     2.00000
     2.00000
     2.00000
     2.00000
     2.00000
     2.00000
     2.00000
     2.00000
     2.00000
     2.00000
     2.00000
     2.00000
     2.00000
     2.00000
     2.00000
     2.00000
     2.00000
     2.00000
     2.00000
     2.00000
     2.00000
     2.00000
     2.00000
     2.00000
     2.00000
     2.00000
     2.00000
     2.00000
     2.00000
     2.00000
     2.00000
     2.00000
     2.00000
     2.00000
     2.00000
     0.00000
     0.00000
     0.00000
     0.00000
     0.00000
     0.00000
     0.00000
     0.00000
     0.00000
     0.00000
     0.00000
     0.00000
     0.00000
     0.00000
     0.00000
     0.00000
     0.00000
     0.00000
     0.00000
     0.00000
     0.00000
     0.00000
     0.00000
     0.00000
     0.00000
     0.00000
     0.00000
     0.00000
     0.00000
     0.00000
     0.00000
     0.00000
     0.00000
     0.00000
     0.00000
     0.00000
     0.00000
     0.00000
     0.00000
     0.00000
     0.00000
     0.00000
     0.00000
     0.00000
     0.00000
     0.00000
     0.00000
     0.00000
     0.00000
     0.00000
     0.00000
     0.00000
     0.00000
     0.00000
     0.00000
     0.00000
     0.00000
     0.00000
     0.00000
     0.00000
     0.00000
     0.00000
     0.00000
     0.00000
     0.00000
     0.00000
     0.00000
     0.00000
     0.00000
     0.00000
     0.00000
     0.00000
     0.00000
     0.00000
     0.00000
     0.00000
     0.00000
     0.00000
     0.00000
     0.00000
     0.00000
 
 Fermi energy:                      -0.2440677591 H           -6.6414 eV
 Band energy:                      -72.7687236858 H        -1980.1377 eV
 TS:                                 0.0000000000 H            0.0000 eV
 Band free energy (E-TS):          -72.7687236858 H        -1980.1377 eV
 Extrapolated E(0K):               -72.7687236858 H        -1980.1377 eV
 
 Energy H0:                        -72.7687236858 H        -1980.1377 eV
 Total Electronic energy:          -72.7687236858 H        -1980.1377 eV
 Repulsive energy:                   2.4006556909 H           65.3252 eV
 Total energy:                     -70.3680679949 H        -1914.8126 eV
 Total Mermin free energy:         -70.3680679949 H        -1914.8126 eV
 
 Non-SCC calculation
 
 Full geometry written in geo_end.{xyz|gen}
 
 Total Forces
  4.890004181639562E-004  2.024099130148799E-003  2.125603532553257E-002
  3.746411415576925E-006  4.971120404465733E-003 -8.275228291628470E-003
 -1.101511430356004E-004  3.089517475106406E-003 -1.121729745057104E-002
 -2.133584493849687E-005 -3.687675846861770E-004  2.073518324448280E-002
  1.868613813694750E-006  1.385745379874883E-003 -7.813300126191892E-003
 -7.516145271804268E-005 -1.600876870666216E-003 -1.066279715072559E-002
  2.453245788773547E-005 -4.935438561158665E-004  1.879860379606413E-002
 -5.009867370684148E-007 -2.358916774204461E-003 -6.884387997042329E-003
  1.429652638260176E-004  3.883480742917014E-004 -1.470928626958987E-002
 -2.205535373801213E-005  1.870141918198731E-003  1.931523469028158E-002
  1.185039713120618E-007  1.415199682150869E-004 -1.117841949404317E-003
 -1.468741879079645E-004  3.920735578499430E-004 -1.173832561757776E-002
  6.496420836343989E-004  7.039208003033312E-004  5.451666936989452E-004
 -4.103242608543313E-004 -2.788089414511792E-002 -2.496286688976103E-002
  6.490706174599815E-005 -1.398039471544668E-003 -1.903968872398278E-003
 -1.969293121234895E-003  5.381224566333925E-003  7.087173899136059E-004
 -5.778926610490382E-004  3.004331523922935E-003 -1.059858102223506E-002
 -3.762110607974808E-004  2.398553709237883E-003  3.401990412868930E-002
 -6.940431328665698E-004  6.446087666230865E-003  1.162038431619403E-002
  1.900456561961929E-003 -1.687420925760749E-003  2.447586547445549E-004
  6.399127955711767E-004 -2.797219996355804E-004 -1.582543856375122E-003
  8.225842043658312E-004 -1.126458696806299E-003 -1.871423414260991E-003
  1.357897563338410E-004 -1.756247706829547E-003  2.029664726651947E-003
 -8.005946979155307E-004 -4.260149108966760E-003 -1.225600210909233E-002
  1.194387383900690E-004  1.570351190152262E-002 -1.059258597886472E-002
  6.442933914568068E-005 -2.718192712161876E-003  4.869310612692815E-003
  1.450456935657971E-004 -1.970966223206756E-003  2.043473416772648E-003
 
 Total stress tensor
     -0.000030470134     -0.000000065001     -0.000000175034
     -0.000000065039     -0.000065564402     -0.000007063061
     -0.000000175116     -0.000007062945      0.000001708066
 
 Total lattice derivs
      0.042826627989      0.000091360217      0.000246015879
      0.000022853657      0.023038151752      0.002481832673
      0.000038749510      0.001562885522     -0.000377960208
 
 Maximal derivative component:       0.340199E-01 au
 Max force for moved atoms::         0.340199E-01 au
 
 Volume:                             0.104539E+05 au^3
 Pressure:                          -0.314422E-04 au    -0.925060E+09 Pa
 
 Geometry converged
 
