 KPT            1  SPIN            1  KWEIGHT    1.00000000000000     
   -24.79206     2.00000
   -24.72200     2.00000
   -24.68033     2.00000
   -24.58578     2.00000
   -24.56686     2.00000
   -24.45919     2.00000
   -24.40402     2.00000
   -24.33263     2.00000
   -24.31630     2.00000
   -24.28871     2.00000
   -24.26513     2.00000
   -24.24980     2.00000
   -24.22813     2.00000
   -24.19788     2.00000
   -24.18141     2.00000
   -24.17230     2.00000
   -24.14118     2.00000
   -24.11716     2.00000
   -11.73008     2.00000
   -11.68128     2.00000
   -11.60274     2.00000
   -11.43957     2.00000
   -11.33149     2.00000
   -11.22931     2.00000
   -11.14033     2.00000
   -11.11861     2.00000
   -11.06708     2.00000
   -11.02305     2.00000
   -10.98190     2.00000
   -10.94353     2.00000
   -10.92232     2.00000
   -10.88990     2.00000
   -10.82812     2.00000
   -10.74573     2.00000
   -10.61250     2.00000
   -10.59186     2.00000
   -10.50240     2.00000
   -10.47193     2.00000
   -10.44468     2.00000
   -10.40731     2.00000
   -10.35897     2.00000
   -10.28345     2.00000
   -10.22939     2.00000
   -10.19249     2.00000
   -10.13934     2.00000
   -10.09789     2.00000
   -10.08403     2.00000
   -10.05096     2.00000
    -9.91970     2.00000
    -9.86346     2.00000
    -9.78287     2.00000
    -9.71973     2.00000
    -9.68153     2.00000
    -9.63056     2.00000
    -9.58770     2.00000
    -9.55040     2.00000
    -9.47609     2.00000
    -9.43940     2.00000
    -9.40333     2.00000
    -9.30712     2.00000
    -9.29318     2.00000
    -9.25878     2.00000
    -9.21503     2.00000
    -9.17802     2.00000
    -9.16209     2.00000
    -9.06745     2.00000
    -9.03426     2.00000
    -8.94199     2.00000
    -8.92054     2.00000
    -8.86464     2.00000
    -8.85208     2.00000
    -8.80353     2.00000
    -4.38302     0.00000
    -4.17925     0.00000
    -4.13196     0.00000
    -4.11178     0.00000
    -4.06768     0.00000
    -4.02333     0.00000
    -4.00000     0.00000
    -3.96309     0.00000
    -3.92649     0.00000
    -3.88396     0.00000
    -3.86057     0.00000
    -3.79365     0.00000
    -3.71435     0.00000
    -3.67486     0.00000
    -3.64796     0.00000
    -3.62055     0.00000
    -3.55710     0.00000
    -3.50349     0.00000
    -3.48024     0.00000
    -3.42953     0.00000
    -3.40033     0.00000
    -3.37182     0.00000
    -3.32125     0.00000
    -3.17194     0.00000
    -3.14578     0.00000
    -3.09481     0.00000
    -2.97809     0.00000
    -2.94381     0.00000
    -2.91141     0.00000
    -2.81797     0.00000
    -2.75007     0.00000
    -2.67225     0.00000
    -2.54884     0.00000
    -2.43178     0.00000
    -2.21168     0.00000
    -2.17459     0.00000
    -1.95336     0.00000
    -1.60016     0.00000
    -0.35448     0.00000
    -0.14581     0.00000
     0.02206     0.00000
     0.08396     0.00000
     0.22434     0.00000
     0.31404     0.00000
     0.70536     0.00000
     1.52991     0.00000
     1.71600     0.00000
     3.32967     0.00000
     3.88892     0.00000
     4.30968     0.00000
     4.84804     0.00000
     6.53849     0.00000
     7.35531     0.00000
     7.53707     0.00000
     7.78866     0.00000
     7.90497     0.00000
     8.11379     0.00000
     8.74560     0.00000
     9.03188     0.00000
     9.08222     0.00000
     9.30993     0.00000
     9.44516     0.00000
    10.25697     0.00000
    10.71319     0.00000
    10.84735     0.00000
    11.18018     0.00000
    11.47739     0.00000
    11.81286     0.00000
    11.95703     0.00000
    12.28030     0.00000
    12.67275     0.00000
    12.76536     0.00000
    13.09592     0.00000
    13.19102     0.00000
    13.54311     0.00000
    13.73655     0.00000
    14.03260     0.00000
    14.76578     0.00000
    15.13316     0.00000
    15.99101     0.00000
    16.51781     0.00000
 
