 Fermi distribution function
 
 Coordinates of moved atoms (au):
    1      0.00000000      3.71886736     12.01815780
    2      0.00000000      0.00000000     11.33835593
    3      3.71886736      3.71886736     12.69795967
    4      0.00000000     11.15660209     12.01815780
    5      0.00000000      7.43773472     11.33835593
    6      3.71886736     11.15660209     12.69795967
    7      0.00000000     18.59433681     12.01815780
    8      0.00000000     14.87546945     11.33835593
    9      3.71886736     18.59433681     12.69795967
   10      0.00000000     26.03207153     12.01815780
   11      0.00000000     22.31320417     11.33835593
   12      3.71886736     26.03207153     12.69795967
   13      3.67271939     12.48033312     16.33753079
   14      3.95155872     28.26624774     19.04357062
   15      3.49352137     25.76917761     16.50574290
   16      7.22818984      3.15017119     18.97154744
   17      3.50355845     10.80056281     19.55331437
   18      3.78108262     19.08292113     16.32689006
   19      7.28204559     25.98653739     15.74073208
   20      3.33658841      7.35796138     20.11260096
   21      3.40512544      3.75672392     20.36328774
   22      7.39396838     11.98181546     15.94606783
   23      3.80334770     22.45799957     17.81749851
   24      3.68698860     15.82307197     17.62479792
   25      0.13009631      1.94243255     15.87873634
   26      0.04988162     19.10045655     15.79891946
   27      7.31945069      6.75501007     18.68690630
 
 COMPONENT = q
  
 Eigenvalues /H
   -0.91109157
   -0.90851698
   -0.90698559
   -0.90351068
   -0.90281556
   -0.89885879
   -0.89683125
   -0.89420777
   -0.89360766
   -0.89259384
   -0.89172707
   -0.89116377
   -0.89036747
   -0.88925556
   -0.88865053
   -0.88831556
   -0.88717220
   -0.88628947
   -0.43107241
   -0.42927929
   -0.42639298
   -0.42039659
   -0.41642452
   -0.41266963
   -0.40939944
   -0.40860147
   -0.40670765
   -0.40508962
   -0.40357738
   -0.40216751
   -0.40138797
   -0.40019644
   -0.39792606
   -0.39489826
   -0.39000227
   -0.38924368
   -0.38595622
   -0.38483638
   -0.38383480
   -0.38246179
   -0.38068529
   -0.37790990
   -0.37592301
   -0.37456708
   -0.37261400
   -0.37109074
   -0.37058143
   -0.36936583
   -0.36454236
   -0.36247539
   -0.35951392
   -0.35719358
   -0.35578971
   -0.35391644
   -0.35234149
   -0.35097078
   -0.34823990
   -0.34689152
   -0.34556591
   -0.34203043
   -0.34151806
   -0.34025390
   -0.33864627
   -0.33728589
   -0.33670054
   -0.33322284
   -0.33200278
   -0.32861192
   -0.32782394
   -0.32576947
   -0.32530783
   -0.32352377
   -0.16107291
   -0.15358452
   -0.15184686
   -0.15110504
   -0.14948435
   -0.14785448
   -0.14699746
   -0.14564082
   -0.14429597
   -0.14273291
   -0.14187324
   -0.13941396
   -0.13649998
   -0.13504857
   -0.13406012
   -0.13305270
   -0.13072098
   -0.12875106
   -0.12789629
   -0.12603304
   -0.12495973
   -0.12391223
   -0.12205375
   -0.11656657
   -0.11560520
   -0.11373217
   -0.10944295
   -0.10818298
   -0.10699223
   -0.10355846
   -0.10106323
   -0.09820340
   -0.09366805
   -0.08936609
   -0.08127767
   -0.07991489
   -0.07178464
   -0.05880474
   -0.01302702
   -0.00535833
    0.00081069
    0.00308550
    0.00824434
    0.01154093
    0.02592140
    0.05622321
    0.06306174
    0.12236306
    0.14291500
    0.15837783
    0.17816209
    0.24028498
    0.27030276
    0.27698219
    0.28622787
    0.29050219
    0.29817625
    0.32139481
    0.33191562
    0.33376542
    0.34213356
    0.34710331
    0.37693663
    0.39370266
    0.39863273
    0.41086408
    0.42178646
    0.43411463
    0.43941263
    0.45129268
    0.46571509
    0.46911821
    0.48126632
    0.48476126
    0.49770030
    0.50480879
    0.51568872
    0.54263248
    0.55613353
    0.58765893
    0.60701838
 
 Eigenvalues /eV
  -24.79206310
  -24.72200494
  -24.68033372
  -24.58577656
  -24.56686126
  -24.45919209
  -24.40402000
  -24.33263142
  -24.31630162
  -24.28871419
  -24.26512822
  -24.24980012
  -24.22813159
  -24.19787502
  -24.18141130
  -24.17229634
  -24.14118391
  -24.11716350
  -11.73007714
  -11.68128369
  -11.60274329
  -11.43957326
  -11.33148770
  -11.22931187
  -11.14032559
  -11.11861160
  -11.06707830
  -11.02304935
  -10.98189913
  -10.94353479
  -10.92232243
  -10.88989921
  -10.82811889
  -10.74572850
  -10.61250176
  -10.59185946
  -10.50240300
  -10.47193084
  -10.44467645
  -10.40731493
  -10.35897393
  -10.28345163
  -10.22938567
  -10.19248887
  -10.13934294
  -10.09789278
  -10.08403382
  -10.05095568
   -9.91970230
   -9.86345722
   -9.78287154
   -9.71973185
   -9.68153065
   -9.63055628
   -9.58769964
   -9.55040081
   -9.47608980
   -9.43939844
   -9.40332692
   -9.30712141
   -9.29317928
   -9.25877979
   -9.21503377
   -9.17801607
   -9.16208787
   -9.06745482
   -9.03425537
   -8.94198527
   -8.92054327
   -8.86463825
   -8.85207653
   -8.80352975
   -4.38301684
   -4.17924756
   -4.13196326
   -4.11177734
   -4.06767612
   -4.02332513
   -4.00000434
   -3.96308829
   -3.92649324
   -3.88396011
   -3.86056716
   -3.79364687
   -3.71435339
   -3.67485860
   -3.64796149
   -3.62054816
   -3.55709885
   -3.50349465
   -3.48023517
   -3.42953341
   -3.40032721
   -3.37182343
   -3.32125155
   -3.17193767
   -3.14577746
   -3.09480982
   -2.97809426
   -2.94380869
   -2.91140672
   -2.81796902
   -2.75007042
   -2.67225044
   -2.54883739
   -2.43177515
   -2.21167799
   -2.17459482
   -1.95335932
   -1.60015851
   -0.35448331
   -0.14580758
    0.02205989
    0.08396063
    0.22434003
    0.31404465
    0.70535712
    1.52991145
    1.71599730
    3.32966819
    3.88891508
    4.30968007
    4.84803723
    6.53848711
    7.35531230
    7.53706885
    7.78865657
    7.90496688
    8.11378855
    8.74559783
    9.03188369
    9.08221930
    9.30992787
    9.44516176
   10.25696769
   10.71319454
   10.84734843
   11.18018041
   11.47739344
   11.81286019
   11.95702608
   12.28029871
   12.67275242
   12.76535599
   13.09592295
   13.19102498
   13.54311432
   13.73654606
   14.03260407
   14.76578096
   15.13316344
   15.99101308
   16.51781053
 
 Fillings
     2.00000
     2.00000
     2.00000
     2.00000
     2.00000
     2.00000
     2.00000
     2.00000
     2.00000
     2.00000
     2.00000
     2.00000
     2.00000
     2.00000
     2.00000
     2.00000
     2.00000
     2.00000
     2.00000
     2.00000
     2.00000
     2.00000
     2.00000
     2.00000
     2.00000
     2.00000
     2.00000
     2.00000
     2.00000
     2.00000
     2.00000
     2.00000
     2.00000
     2.00000
     2.00000
     2.00000
     2.00000
     2.00000
     2.00000
     2.00000
     2.00000
     2.00000
     2.00000
     2.00000
     2.00000
     2.00000
     2.00000
     2.00000
     2.00000
     2.00000
     2.00000
     2.00000
     2.00000
     2.00000
     2.00000
     2.00000
     2.00000
     2.00000
     2.00000
     2.00000
     2.00000
     2.00000
     2.00000
     2.00000
     2.00000
     2.00000
     2.00000
     2.00000
     2.00000
     2.00000
     2.00000
     2.00000
     0.00000
     0.00000
     0.00000
     0.00000
     0.00000
     0.00000
     0.00000
     0.00000
     0.00000
     0.00000
     0.00000
     0.00000
     0.00000
     0.00000
     0.00000
     0.00000
     0.00000
     0.00000
     0.00000
     0.00000
     0.00000
     0.00000
     0.00000
     0.00000
     0.00000
     0.00000
     0.00000
     0.00000
     0.00000
     0.00000
     0.00000
     0.00000
     0.00000
     0.00000
     0.00000
     0.00000
     0.00000
     0.00000
     0.00000
     0.00000
     0.00000
     0.00000
     0.00000
     0.00000
     0.00000
     0.00000
     0.00000
     0.00000
     0.00000
     0.00000
     0.00000
     0.00000
     0.00000
     0.00000
     0.00000
     0.00000
     0.00000
     0.00000
     0.00000
     0.00000
     0.00000
     0.00000
     0.00000
     0.00000
     0.00000
     0.00000
     0.00000
     0.00000
     0.00000
     0.00000
     0.00000
     0.00000
     0.00000
     0.00000
     0.00000
     0.00000
     0.00000
     0.00000
     0.00000
     0.00000
     0.00000
 
 Fermi energy:                      -0.2481684685 H           -6.7530 eV
 Band energy:                      -72.4547192586 H        -1971.5932 eV
 TS:                                 0.0000000000 H            0.0000 eV
 Band free energy (E-TS):          -72.4547192586 H        -1971.5932 eV
 Extrapolated E(0K):               -72.4547192586 H        -1971.5932 eV
 
 Energy H0:                        -72.4547192586 H        -1971.5932 eV
 Total Electronic energy:          -72.4547192586 H        -1971.5932 eV
 Repulsive energy:                   2.2100765172 H           60.1392 eV
 Total energy:                     -70.2446427415 H        -1911.4540 eV
 Total Mermin free energy:         -70.2446427415 H        -1911.4540 eV
 
 Non-SCC calculation
 
 Full geometry written in geo_end.{xyz|gen}
 
 Total Forces
  6.889605825165165E-004 -1.511533238810770E-002  3.957499032269319E-002
 -2.813540843005344E-004 -5.568846105704202E-003 -1.395184513376917E-002
  2.081148701000020E-003  5.732111823324097E-003 -1.819796985595477E-002
 -4.872189783367053E-004  3.460513676632299E-003  3.211110617196703E-002
 -8.153330613375794E-006  5.784425790502904E-004  6.500937017730260E-004
 -2.053066725243003E-003  7.846076171038108E-003  7.600199184198492E-003
  1.009659108068542E-003  3.981856075130217E-003  3.144342530456326E-002
  8.177588612464708E-005  3.403275821130054E-003 -5.827573451513607E-003
  2.792936335065575E-003  3.360147319308199E-003 -2.659751879869679E-003
 -6.939448394610442E-004  1.074172459154690E-003  1.743960475164559E-002
 -4.594984705395622E-005  9.772893326243566E-004 -7.710434476126224E-003
 -9.676865135941595E-003 -3.290009571708602E-004  2.477082047605016E-003
  9.039854569344967E-004 -1.238659359415387E-002  1.322483947775165E-002
 -2.486914188203317E-003  3.716382737375123E-004 -1.045292846510248E-002
  2.279910474623400E-002  8.802854249126583E-003 -6.971380423528892E-003
 -2.882401848670118E-002 -7.711831762529806E-003  2.882861389409766E-002
  4.942607229770414E-003  5.920075624947188E-003 -1.687758999224841E-002
 -4.243886482793868E-003  1.413572524831523E-002 -1.541204857100718E-002
 -1.661108626186895E-003 -1.630657093390017E-003  4.445474561101247E-003
  2.266307842860250E-002  2.231970328012271E-002 -1.236430212250777E-002
  1.377839809957760E-002 -2.587232862571862E-002 -1.037687256503276E-002
 -1.857187396584021E-003 -1.693675710772039E-003 -2.289957714060912E-002
 -4.653000030357991E-003 -1.102139422775506E-002 -4.641438667339820E-003
  1.390846129415090E-003 -7.531293716551054E-003  1.354706542119735E-003
 -2.305338769090261E-003  7.056403572268749E-003 -3.075385963553809E-002
  3.277990209900848E-005 -1.935028435341317E-003 -1.464065910323906E-002
 -1.388727368454063E-002  1.775697111284447E-003  1.458809552387109E-002
 
 Total stress tensor
     -0.000055312754      0.000003132297      0.000006426071
      0.000003131921     -0.000071686846     -0.000006711013
      0.000006425008     -0.000006708428     -0.000036923976
 
 Total lattice derivs
      0.077743627869     -0.004402532019     -0.009032023166
     -0.001100500863      0.025189468402      0.002358129166
     -0.001421723193      0.001484438305      0.008170522231
 
 Maximal derivative component:       0.395750E-01 au
 Max force for moved atoms::         0.395750E-01 au
 
 Volume:                             0.104539E+05 au^3
 Pressure:                          -0.546412E-04 au    -0.160760E+10 Pa
 
 Geometry converged
 
