 KPT            1  SPIN            1  KWEIGHT    1.00000000000000     
   -24.77589     2.00000
   -24.73091     2.00000
   -24.61065     2.00000
   -24.54685     2.00000
   -24.48793     2.00000
   -24.37547     2.00000
   -24.35585     2.00000
   -24.34049     2.00000
   -24.27714     2.00000
   -24.25741     2.00000
   -24.25049     2.00000
   -24.24381     2.00000
   -24.22328     2.00000
   -24.19690     2.00000
   -24.16237     2.00000
   -24.14300     2.00000
   -24.00468     2.00000
   -24.00222     2.00000
   -11.70324     2.00000
   -11.62710     2.00000
   -11.40553     2.00000
   -11.32377     2.00000
   -11.26483     2.00000
   -11.15814     2.00000
   -11.08771     2.00000
   -11.05303     2.00000
   -11.02941     2.00000
   -10.95335     2.00000
   -10.89775     2.00000
   -10.86971     2.00000
   -10.82354     2.00000
   -10.63303     2.00000
   -10.60598     2.00000
   -10.53630     2.00000
   -10.45283     2.00000
   -10.36826     2.00000
   -10.35497     2.00000
   -10.34403     2.00000
   -10.31481     2.00000
   -10.28218     2.00000
   -10.23119     2.00000
   -10.18594     2.00000
   -10.12890     2.00000
   -10.06184     2.00000
   -10.01809     2.00000
    -9.94651     2.00000
    -9.88574     2.00000
    -9.84067     2.00000
    -9.75929     2.00000
    -9.71056     2.00000
    -9.67525     2.00000
    -9.65361     2.00000
    -9.59270     2.00000
    -9.57896     2.00000
    -9.54330     2.00000
    -9.49519     2.00000
    -9.44865     2.00000
    -9.38267     2.00000
    -9.31288     2.00000
    -9.28396     2.00000
    -9.21013     2.00000
    -9.17827     2.00000
    -9.09839     2.00000
    -9.08563     2.00000
    -9.02122     2.00000
    -8.99612     2.00000
    -8.95479     2.00000
    -8.88737     2.00000
    -8.85135     2.00000
    -8.83736     2.00000
    -8.76455     2.00000
    -8.71869     2.00000
    -4.84318     0.00000
    -4.50933     0.00000
    -4.39740     0.00000
    -4.36585     0.00000
    -4.26818     0.00000
    -4.17241     0.00000
    -4.11705     0.00000
    -4.09744     0.00000
    -4.02455     0.00000
    -3.96658     0.00000
    -3.94440     0.00000
    -3.89116     0.00000
    -3.86291     0.00000
    -3.81425     0.00000
    -3.79434     0.00000
    -3.75958     0.00000
    -3.71420     0.00000
    -3.67725     0.00000
    -3.63711     0.00000
    -3.56341     0.00000
    -3.54712     0.00000
    -3.51750     0.00000
    -3.46363     0.00000
    -3.42789     0.00000
    -3.38287     0.00000
    -3.35807     0.00000
    -3.29877     0.00000
    -3.17792     0.00000
    -3.09028     0.00000
    -3.07041     0.00000
    -3.02618     0.00000
    -2.86684     0.00000
    -2.75883     0.00000
    -2.64651     0.00000
    -2.53000     0.00000
    -2.41861     0.00000
    -2.25978     0.00000
    -2.22279     0.00000
    -2.06362     0.00000
    -1.57348     0.00000
    -0.27427     0.00000
    -0.15293     0.00000
     0.17782     0.00000
     0.23427     0.00000
     0.39335     0.00000
     0.42267     0.00000
     0.61610     0.00000
     0.68251     0.00000
     1.48042     0.00000
     2.31364     0.00000
     3.86377     0.00000
     4.27650     0.00000
     4.41746     0.00000
     4.55569     0.00000
     4.84338     0.00000
     5.28978     0.00000
     6.54216     0.00000
     6.73826     0.00000
     7.77475     0.00000
     8.44483     0.00000
     8.71930     0.00000
     8.79490     0.00000
     9.62660     0.00000
    10.33450     0.00000
    10.71008     0.00000
    10.79315     0.00000
    11.10219     0.00000
    11.22491     0.00000
    11.76980     0.00000
    11.86825     0.00000
    12.18674     0.00000
    12.48439     0.00000
    12.68155     0.00000
    13.28954     0.00000
    13.66179     0.00000
    14.05510     0.00000
    14.45911     0.00000
    14.58056     0.00000
    15.12425     0.00000
    15.70142     0.00000
    15.87333     0.00000
 
