 Fermi distribution function
 
 Coordinates of moved atoms (au):
    1      0.00000000      3.71886736     12.01815780
    2      0.00000000      0.00000000     11.33835593
    3      3.71886736      3.71886736     12.69795967
    4      0.00000000     11.15660209     12.01815780
    5      0.00000000      7.43773472     11.33835593
    6      3.71886736     11.15660209     12.69795967
    7      0.00000000     18.59433681     12.01815780
    8      0.00000000     14.87546945     11.33835593
    9      3.71886736     18.59433681     12.69795967
   10      0.00000000     26.03207153     12.01815780
   11      0.00000000     22.31320417     11.33835593
   12      3.71886736     26.03207153     12.69795967
   13      3.72924964      4.31953855     16.35733860
   14      3.59518569     15.26081242     19.12788913
   15      3.75803874      7.69107204     17.20782716
   16      3.66414902     23.25740778     24.33269361
   17      3.75036148      1.75525584     18.67084248
   18      3.70204683     15.99557457     15.44109126
   19      7.29513182     18.68852566     21.53788923
   20      7.42313872     12.04929467     15.75525770
   21      4.55423484     21.02541354     21.89014250
   22      7.27975790     15.40452213     20.12718438
   23      4.51697092     21.77192359     17.50218696
   24      7.35123114     17.78263551     15.69398522
   25      0.00022235      4.09529897     15.73424336
   26      0.81936113     21.31028884     16.81598888
   27      0.10256527     26.12327957     15.64328506
 
 COMPONENT = q
  
 Eigenvalues /H
   -0.91049736
   -0.90884419
   -0.90442492
   -0.90208017
   -0.89991493
   -0.89578219
   -0.89506100
   -0.89449649
   -0.89216862
   -0.89144337
   -0.89118901
   -0.89094360
   -0.89018930
   -0.88921961
   -0.88795084
   -0.88723898
   -0.88215582
   -0.88206532
   -0.43008601
   -0.42728822
   -0.41914540
   -0.41614100
   -0.41397489
   -0.41005428
   -0.40746603
   -0.40619157
   -0.40532332
   -0.40252829
   -0.40048479
   -0.39945457
   -0.39775762
   -0.39075659
   -0.38976278
   -0.38720176
   -0.38413429
   -0.38102643
   -0.38053825
   -0.38013622
   -0.37906212
   -0.37786326
   -0.37598924
   -0.37432628
   -0.37223010
   -0.36976592
   -0.36815787
   -0.36552751
   -0.36329413
   -0.36163816
   -0.35864725
   -0.35685653
   -0.35555899
   -0.35476371
   -0.35252534
   -0.35202037
   -0.35070987
   -0.34894172
   -0.34723143
   -0.34480667
   -0.34224189
   -0.34117915
   -0.33846596
   -0.33729539
   -0.33435952
   -0.33389082
   -0.33152374
   -0.33060118
   -0.32908247
   -0.32660471
   -0.32528109
   -0.32476702
   -0.32209113
   -0.32040583
   -0.17798365
   -0.16571500
   -0.16160157
   -0.16044209
   -0.15685285
   -0.15333343
   -0.15129868
   -0.15057815
   -0.14789963
   -0.14576909
   -0.14495394
   -0.14299755
   -0.14195944
   -0.14017109
   -0.13943953
   -0.13816191
   -0.13649418
   -0.13513648
   -0.13366129
   -0.13095292
   -0.13035437
   -0.12926579
   -0.12728588
   -0.12597257
   -0.12431824
   -0.12340693
   -0.12122752
   -0.11678642
   -0.11356580
   -0.11283565
   -0.11121012
   -0.10535449
   -0.10138515
   -0.09725741
   -0.09297576
   -0.08888246
   -0.08304550
   -0.08168606
   -0.07583649
   -0.05782424
   -0.01007919
   -0.00561989
    0.00653482
    0.00860943
    0.01445550
    0.01553275
    0.02264114
    0.02508174
    0.05440450
    0.08502465
    0.14199101
    0.15715847
    0.16233859
    0.16741864
    0.17799098
    0.19439587
    0.24042001
    0.24762656
    0.28571696
    0.31034195
    0.32042826
    0.32320667
    0.35377116
    0.37978589
    0.39358817
    0.39664087
    0.40799798
    0.41250791
    0.43253202
    0.43615003
    0.44785437
    0.45879279
    0.46603838
    0.48838169
    0.50206160
    0.51651527
    0.53136245
    0.53582565
    0.55580598
    0.57701651
    0.58333432
 
 Eigenvalues /eV
  -24.77589369
  -24.73090861
  -24.61065437
  -24.54685023
  -24.48793106
  -24.37547364
  -24.35584913
  -24.34048795
  -24.27714327
  -24.25740820
  -24.25048694
  -24.24380887
  -24.22328322
  -24.19689660
  -24.16237170
  -24.14300107
  -24.00468132
  -24.00221865
  -11.70323567
  -11.62710402
  -11.40552668
  -11.32377286
  -11.26482998
  -11.15814458
  -11.08771488
  -11.05303497
  -11.02940872
  -10.95335217
  -10.89774564
  -10.86971183
  -10.82353554
  -10.63302773
  -10.60598482
  -10.53629597
  -10.45282588
  -10.36825656
  -10.35497265
  -10.34403290
  -10.31480504
  -10.28218258
  -10.23118780
  -10.18593622
  -10.12889627
  -10.06184273
  -10.01808532
   -9.94650970
   -9.88573619
   -9.84067498
   -9.75928809
   -9.71056021
   -9.67525239
   -9.65361168
   -9.59270265
   -9.57896173
   -9.54330114
   -9.49518723
   -9.44864808
   -9.38266684
   -9.31287580
   -9.28395715
   -9.21012729
   -9.17827467
   -9.09838552
   -9.08563137
   -9.02121996
   -8.99611594
   -8.95478971
   -8.88736630
   -8.85134888
   -8.83736016
   -8.76454572
   -8.71868616
   -4.84318152
   -4.50933458
   -4.39740246
   -4.36585142
   -4.26818314
   -4.17241481
   -4.11704648
   -4.09743993
   -4.02455380
   -3.96657870
   -3.94439750
   -3.89116142
   -3.86291297
   -3.81424940
   -3.79434268
   -3.75957680
   -3.71419575
   -3.67725060
   -3.63710889
   -3.56341012
   -3.54712279
   -3.51750123
   -3.46362503
   -3.42788815
   -3.38287139
   -3.35807334
   -3.29876864
   -3.17792021
   -3.09028270
   -3.07041432
   -3.02618128
   -2.86684151
   -2.75883018
   -2.64650874
   -2.52999915
   -2.41861493
   -2.25978302
   -2.22279073
   -2.06361602
   -1.57347773
   -0.27426874
   -0.15292511
    0.17782152
    0.23427439
    0.39335424
    0.42266771
    0.61609684
    0.68250878
    1.48042171
    2.31363848
    3.86377195
    4.27649942
    4.41745777
    4.55569312
    4.84338094
    5.28978074
    6.54216133
    6.73826156
    7.77475396
    8.44483403
    8.71929654
    8.79490109
    9.62660307
   10.33449998
   10.71007915
   10.79314723
   11.10218991
   11.22491125
   11.76979509
   11.86824603
   12.18673735
   12.48438693
   12.68154967
   13.28954192
   13.66179113
   14.05509551
   14.45910782
   14.58055790
   15.12425027
   15.70141817
   15.87333434
 
 Fillings
     2.00000
     2.00000
     2.00000
     2.00000
     2.00000
     2.00000
     2.00000
     2.00000
     2.00000
     2.00000
     2.00000
     2.00000
     2.00000
     2.00000
     2.00000
     2.00000
     2.00000
     2.00000
     2.00000
     2.00000
     2.00000
     2.00000
     2.00000
     2.00000
     2.00000
     2.00000
     2.00000
     2.00000
     2.00000
     2.00000
     2.00000
     2.00000
     2.00000
     2.00000
     2.00000
     2.00000
     2.00000
     2.00000
     2.00000
     2.00000
     2.00000
     2.00000
     2.00000
     2.00000
     2.00000
     2.00000
     2.00000
     2.00000
     2.00000
     2.00000
     2.00000
     2.00000
     2.00000
     2.00000
     2.00000
     2.00000
     2.00000
     2.00000
     2.00000
     2.00000
     2.00000
     2.00000
     2.00000
     2.00000
     2.00000
     2.00000
     2.00000
     2.00000
     2.00000
     2.00000
     2.00000
     2.00000
     0.00000
     0.00000
     0.00000
     0.00000
     0.00000
     0.00000
     0.00000
     0.00000
     0.00000
     0.00000
     0.00000
     0.00000
     0.00000
     0.00000
     0.00000
     0.00000
     0.00000
     0.00000
     0.00000
     0.00000
     0.00000
     0.00000
     0.00000
     0.00000
     0.00000
     0.00000
     0.00000
     0.00000
     0.00000
     0.00000
     0.00000
     0.00000
     0.00000
     0.00000
     0.00000
     0.00000
     0.00000
     0.00000
     0.00000
     0.00000
     0.00000
     0.00000
     0.00000
     0.00000
     0.00000
     0.00000
     0.00000
     0.00000
     0.00000
     0.00000
     0.00000
     0.00000
     0.00000
     0.00000
     0.00000
     0.00000
     0.00000
     0.00000
     0.00000
     0.00000
     0.00000
     0.00000
     0.00000
     0.00000
     0.00000
     0.00000
     0.00000
     0.00000
     0.00000
     0.00000
     0.00000
     0.00000
     0.00000
     0.00000
     0.00000
     0.00000
     0.00000
     0.00000
     0.00000
     0.00000
     0.00000
 
 Fermi energy:                      -0.2581960009 H           -7.0259 eV
 Band energy:                      -71.9856488096 H        -1958.8292 eV
 TS:                                 0.0000000000 H            0.0000 eV
 Band free energy (E-TS):          -71.9856488096 H        -1958.8292 eV
 Extrapolated E(0K):               -71.9856488096 H        -1958.8292 eV
 
 Energy H0:                        -71.9856488096 H        -1958.8292 eV
 Total Electronic energy:          -71.9856488096 H        -1958.8292 eV
 Repulsive energy:                   1.9367774035 H           52.7024 eV
 Total energy:                     -70.0488714062 H        -1906.1268 eV
 Total Mermin free energy:         -70.0488714062 H        -1906.1268 eV
 
 Non-SCC calculation
 
 Full geometry written in geo_end.{xyz|gen}
 
 Total Forces
  2.420272843305590E-005  5.429901565231106E-004  1.783764159994833E-002
 -2.281976034968983E-005  3.030889980577006E-003 -4.526927973998170E-003
  8.359363798626128E-005 -2.111618051723592E-003 -1.714664280448005E-002
 -6.830131038844143E-005  5.735644408917426E-003  4.878941282649682E-002
  2.077637957745693E-007  1.142477925790152E-003 -4.681339481107123E-003
 -6.039201373074084E-004  7.531517011648971E-003 -2.101140456986462E-002
 -5.933727643288441E-003 -8.963621667746564E-003 -2.585276185499949E-002
  1.878243597259717E-004  2.512916794635366E-003 -6.223250625670258E-003
 -5.722605872038029E-003 -5.371186243482477E-003 -9.524638945251716E-003
 -6.434649780508441E-004  4.395370650125347E-003  4.732536044591971E-002
  1.683687053308247E-003 -5.552733997021911E-003  7.303975303322927E-003
  5.352940798357533E-003 -1.038339168026544E-003 -3.513109048390778E-002
 -5.435833978750311E-003  5.989670852841124E-003  1.075785065564969E-002
  3.445412920836237E-003 -3.520274750552041E-003  4.539730584337494E-003
 -7.483001132411076E-004 -1.855020257833714E-002  1.207723846836206E-003
  1.171384785264373E-002 -1.994309692202761E-002 -1.986084180661060E-002
 -6.344639500726601E-004  1.310661263248854E-002 -5.865400438772414E-003
  3.968824231230396E-003  2.998817480122707E-002 -1.130759893075734E-002
 -8.118168274012086E-003  1.441675872662988E-002  4.845896019159343E-004
 -5.338332487446764E-004 -1.981405244935717E-002 -1.903416403250813E-003
 -5.389505130882280E-004  1.104693056517652E-002 -1.444154744241760E-002
  9.594790708675801E-005 -3.513527098483266E-003 -1.232909363173587E-002
 -3.942659070343874E-003 -6.221231365878523E-003  2.784390750121813E-002
  1.272057682631174E-002  2.882574309932620E-004  9.690838402945157E-003
  6.704533704248479E-003 -9.741663217188130E-004 -1.147078995523299E-003
 -1.143697789968776E-002  7.623887204888949E-003  1.973381753270729E-002
 -1.597573034600667E-003 -1.177804852810726E-002 -4.561813912950491E-003
 
 Total stress tensor
     -0.000058905945      0.000001039870      0.000005198079
      0.000001039943     -0.000094159243     -0.000004926452
      0.000005198571     -0.000004929746     -0.000025894139
 
 Total lattice derivs
      0.082793958633     -0.001461565958     -0.007306045251
     -0.000365417203      0.033085864376      0.001731066644
     -0.001150337570      0.001090852079      0.005729844479
 
 Maximal derivative component:       0.487894E-01 au
 Max force for moved atoms::         0.487894E-01 au
 
 Volume:                             0.104539E+05 au^3
 Pressure:                          -0.596531E-04 au    -0.175505E+10 Pa
 
 Geometry converged
 
