 KPT            1  SPIN            1  KWEIGHT    1.00000000000000     
   -24.91721     2.00000
   -24.79612     2.00000
   -24.77169     2.00000
   -24.65415     2.00000
   -24.47946     2.00000
   -24.40162     2.00000
   -24.39022     2.00000
   -24.33060     2.00000
   -24.31905     2.00000
   -24.28714     2.00000
   -24.26688     2.00000
   -24.25427     2.00000
   -24.21996     2.00000
   -24.20439     2.00000
   -24.18668     2.00000
   -24.17366     2.00000
   -24.15832     2.00000
   -24.10691     2.00000
   -11.92399     2.00000
   -11.78877     2.00000
   -11.78369     2.00000
   -11.72442     2.00000
   -11.56628     2.00000
   -11.41659     2.00000
   -11.30006     2.00000
   -11.25057     2.00000
   -11.24088     2.00000
   -11.11329     2.00000
   -11.08806     2.00000
   -11.06675     2.00000
   -10.97372     2.00000
   -10.96022     2.00000
   -10.90559     2.00000
   -10.86808     2.00000
   -10.83127     2.00000
   -10.57621     2.00000
   -10.54594     2.00000
   -10.49716     2.00000
   -10.49002     2.00000
   -10.44497     2.00000
   -10.41227     2.00000
   -10.36105     2.00000
   -10.33536     2.00000
   -10.28137     2.00000
   -10.22950     2.00000
   -10.13977     2.00000
   -10.11046     2.00000
    -9.93519     2.00000
    -9.87909     2.00000
    -9.83941     2.00000
    -9.72406     2.00000
    -9.68155     2.00000
    -9.67129     2.00000
    -9.66503     2.00000
    -9.57327     2.00000
    -9.52163     2.00000
    -9.46805     2.00000
    -9.43696     2.00000
    -9.41946     2.00000
    -9.35670     2.00000
    -9.35267     2.00000
    -9.17543     2.00000
    -9.13750     2.00000
    -9.10989     2.00000
    -9.00293     2.00000
    -8.95238     2.00000
    -8.93968     2.00000
    -8.88962     2.00000
    -8.87698     2.00000
    -8.80881     2.00000
    -8.80312     2.00000
    -8.72083     2.00000
    -4.36507     0.00000
    -4.28046     0.00000
    -4.11685     0.00000
    -4.10033     0.00000
    -4.08841     0.00000
    -4.04750     0.00000
    -4.02596     0.00000
    -3.95227     0.00000
    -3.87469     0.00000
    -3.82142     0.00000
    -3.79834     0.00000
    -3.65002     0.00000
    -3.64548     0.00000
    -3.60190     0.00000
    -3.58686     0.00000
    -3.55829     0.00000
    -3.49082     0.00000
    -3.43117     0.00000
    -3.40595     0.00000
    -3.40312     0.00000
    -3.36323     0.00000
    -3.29899     0.00000
    -3.27997     0.00000
    -3.18150     0.00000
    -3.11454     0.00000
    -2.96828     0.00000
    -2.80437     0.00000
    -2.74588     0.00000
    -2.71403     0.00000
    -2.64732     0.00000
    -2.62980     0.00000
    -2.61443     0.00000
    -2.45904     0.00000
    -2.27737     0.00000
    -1.07085     0.00000
    -0.28537     0.00000
     0.03771     0.00000
     0.17864     0.00000
     0.23434     0.00000
     0.36362     0.00000
     0.40673     0.00000
     0.74475     0.00000
     0.76649     0.00000
     0.79062     0.00000
     1.12916     0.00000
     1.16577     0.00000
     4.16109     0.00000
     4.59789     0.00000
     4.61020     0.00000
     5.12470     0.00000
     5.41601     0.00000
     5.93443     0.00000
     7.61183     0.00000
     9.11553     0.00000
     9.77816     0.00000
     9.92592     0.00000
    10.10513     0.00000
    10.23477     0.00000
    10.49329     0.00000
    10.64058     0.00000
    10.70543     0.00000
    10.99686     0.00000
    11.03463     0.00000
    11.44900     0.00000
    11.55342     0.00000
    11.98179     0.00000
    12.18412     0.00000
    12.50241     0.00000
    12.69204     0.00000
    13.20171     0.00000
    13.60010     0.00000
    13.67468     0.00000
    13.89858     0.00000
    14.11896     0.00000
    14.30789     0.00000
    14.94469     0.00000
    15.15852     0.00000
    15.88893     0.00000
    16.23831     0.00000
    16.48347     0.00000
    17.12638     0.00000
 
