 Fermi distribution function
 
 Coordinates of moved atoms (au):
    1      0.00000000      3.71886736     12.01815780
    2      0.00000000      0.00000000     11.33835593
    3      3.71886736      3.71886736     12.69795967
    4      0.00000000     11.15660209     12.01815780
    5      0.00000000      7.43773472     11.33835593
    6      3.71886736     11.15660209     12.69795967
    7      0.00000000     18.59433681     12.01815780
    8      0.00000000     14.87546945     11.33835593
    9      3.71886736     18.59433681     12.69795967
   10      0.00000000     26.03207153     12.01815780
   11      0.00000000     22.31320417     11.33835593
   12      3.71886736     26.03207153     12.69795967
   13      3.71688553     22.31240139     16.13120408
   14      3.71713934     25.69855496     19.86848519
   15      3.71802960      0.25421837     16.68220138
   16      3.71741590     18.90233964     19.87609548
   17      7.43723748     11.09593520     15.75241011
   18      3.71955338     11.04644527     16.33468220
   19      7.43758576     22.31944026     16.50534285
   20      3.71912212      3.83888908     16.33547487
   21      0.00139470     26.00941413     15.79438939
   22      3.71783284     14.63225057     16.63258497
   23      3.71627550     26.48768352     16.34239214
   24      7.43744902      3.78610628     15.75082347
   25      3.71807715      7.44544469     16.90450272
   26      0.00207540     18.62976069     15.79476806
   27      3.71580376     18.15336312     16.33890786
 
 COMPONENT = q
  
 Eigenvalues /H
   -0.91569054
   -0.91124062
   -0.91034300
   -0.90602341
   -0.89960347
   -0.89674315
   -0.89632405
   -0.89413313
   -0.89370861
   -0.89253607
   -0.89179160
   -0.89132797
   -0.89006725
   -0.88949486
   -0.88884425
   -0.88836549
   -0.88780198
   -0.88591282
   -0.43819860
   -0.43322934
   -0.43304257
   -0.43086452
   -0.42505282
   -0.41955183
   -0.41526975
   -0.41345090
   -0.41309471
   -0.40840579
   -0.40747880
   -0.40669576
   -0.40327696
   -0.40278063
   -0.40077302
   -0.39939475
   -0.39804172
   -0.38866861
   -0.38755602
   -0.38576356
   -0.38550101
   -0.38384549
   -0.38264382
   -0.38076164
   -0.37981768
   -0.37783327
   -0.37592723
   -0.37262963
   -0.37155246
   -0.36511160
   -0.36304982
   -0.36159153
   -0.35735279
   -0.35579038
   -0.35541326
   -0.35518329
   -0.35181120
   -0.34991348
   -0.34794450
   -0.34680192
   -0.34615867
   -0.34385235
   -0.34370415
   -0.33719094
   -0.33579706
   -0.33478243
   -0.33085175
   -0.32899389
   -0.32852711
   -0.32668749
   -0.32622307
   -0.32371798
   -0.32350883
   -0.32048451
   -0.16041320
   -0.15730414
   -0.15129150
   -0.15068442
   -0.15024641
   -0.14874276
   -0.14795146
   -0.14524320
   -0.14239230
   -0.14043457
   -0.13958654
   -0.13413590
   -0.13396888
   -0.13236742
   -0.13181462
   -0.13076464
   -0.12828520
   -0.12609320
   -0.12516644
   -0.12506227
   -0.12359646
   -0.12123581
   -0.12053653
   -0.11691800
   -0.11445728
   -0.10908222
   -0.10305872
   -0.10090918
   -0.09973869
   -0.09728732
   -0.09664335
   -0.09607843
   -0.09036803
   -0.08369196
   -0.03935299
   -0.01048723
    0.00138594
    0.00656508
    0.00861192
    0.01336277
    0.01494695
    0.02736904
    0.02816782
    0.02905482
    0.04149580
    0.04284117
    0.15291724
    0.16896924
    0.16942167
    0.18832934
    0.19903461
    0.21808627
    0.27972944
    0.33498944
    0.35934070
    0.36477096
    0.37135663
    0.37612100
    0.38562147
    0.39103396
    0.39341746
    0.40412710
    0.40551512
    0.42074303
    0.42458052
    0.44032276
    0.44775809
    0.45945512
    0.46642391
    0.48515386
    0.49979455
    0.50253514
    0.51076335
    0.51886240
    0.52580545
    0.54920719
    0.55706520
    0.58390736
    0.59674706
    0.60575623
    0.62938301
 
 Eigenvalues /eV
  -24.91720730
  -24.79611885
  -24.77169346
  -24.65415126
  -24.47945604
  -24.40162274
  -24.39021824
  -24.33060027
  -24.31904849
  -24.28714210
  -24.26688423
  -24.25426819
  -24.21996204
  -24.20438653
  -24.18668256
  -24.17365501
  -24.15832101
  -24.10691442
  -11.92399060
  -11.78877020
  -11.78368776
  -11.72442023
  -11.56627571
  -11.41658604
  -11.30006478
  -11.25057148
  -11.24087892
  -11.11328686
  -11.08806225
  -11.06675475
  -10.97372431
  -10.96021859
  -10.90558873
  -10.86808414
  -10.83126633
  -10.57621104
  -10.54593579
  -10.49716049
  -10.49001622
  -10.44496713
  -10.41226810
  -10.36105146
  -10.33536491
  -10.28136651
  -10.22950032
  -10.13976819
  -10.11045674
   -9.93519205
   -9.87908838
   -9.83940612
   -9.72406421
   -9.68154892
   -9.67128692
   -9.66502909
   -9.57326975
   -9.52163027
   -9.46805156
   -9.43696034
   -9.41945678
   -9.35669857
   -9.35266571
   -9.17543226
   -9.13750282
   -9.10989349
   -9.00293421
   -8.95237929
   -8.93967751
   -8.88961896
   -8.87698146
   -8.80881442
   -8.80312324
   -8.72082716
   -4.36506528
   -4.28046333
   -4.11685114
   -4.10033169
   -4.08841279
   -4.04749652
   -4.02596414
   -3.95226843
   -3.87469151
   -3.82141895
   -3.79834298
   -3.65002365
   -3.64547883
   -3.60190066
   -3.58685828
   -3.55828698
   -3.49081801
   -3.43117063
   -3.40595225
   -3.40311745
   -3.36323079
   -3.29899413
   -3.27996583
   -3.18150079
   -3.11454100
   -2.96827835
   -2.80437051
   -2.74587841
   -2.71402775
   -2.64732260
   -2.62979925
   -2.61442719
   -2.45903934
   -2.27737420
   -1.07084932
   -0.28537195
    0.03771340
    0.17864482
    0.23434222
    0.36361936
    0.40672729
    0.74474934
    0.76648539
    0.79062187
    1.12915804
    1.16576747
    4.16108977
    4.59788697
    4.61019831
    5.12470201
    5.41600743
    5.93442927
    7.61182528
    9.11552656
    9.77815789
    9.92592278
   10.10512807
   10.23477322
   10.49329418
   10.64057553
   10.70543390
   10.99685791
   11.03462787
   11.44900037
   11.55342370
   11.98179198
   12.18411759
   12.50240996
   12.69204030
   13.20170823
   13.60010164
   13.67467693
   13.89857778
   14.11896421
   14.30789424
   14.94468789
   15.15851543
   15.88892771
   16.23831362
   16.48346578
   17.12638296
 
 Fillings
     2.00000
     2.00000
     2.00000
     2.00000
     2.00000
     2.00000
     2.00000
     2.00000
     2.00000
     2.00000
     2.00000
     2.00000
     2.00000
     2.00000
     2.00000
     2.00000
     2.00000
     2.00000
     2.00000
     2.00000
     2.00000
     2.00000
     2.00000
     2.00000
     2.00000
     2.00000
     2.00000
     2.00000
     2.00000
     2.00000
     2.00000
     2.00000
     2.00000
     2.00000
     2.00000
     2.00000
     2.00000
     2.00000
     2.00000
     2.00000
     2.00000
     2.00000
     2.00000
     2.00000
     2.00000
     2.00000
     2.00000
     2.00000
     2.00000
     2.00000
     2.00000
     2.00000
     2.00000
     2.00000
     2.00000
     2.00000
     2.00000
     2.00000
     2.00000
     2.00000
     2.00000
     2.00000
     2.00000
     2.00000
     2.00000
     2.00000
     2.00000
     2.00000
     2.00000
     2.00000
     2.00000
     2.00000
     0.00000
     0.00000
     0.00000
     0.00000
     0.00000
     0.00000
     0.00000
     0.00000
     0.00000
     0.00000
     0.00000
     0.00000
     0.00000
     0.00000
     0.00000
     0.00000
     0.00000
     0.00000
     0.00000
     0.00000
     0.00000
     0.00000
     0.00000
     0.00000
     0.00000
     0.00000
     0.00000
     0.00000
     0.00000
     0.00000
     0.00000
     0.00000
     0.00000
     0.00000
     0.00000
     0.00000
     0.00000
     0.00000
     0.00000
     0.00000
     0.00000
     0.00000
     0.00000
     0.00000
     0.00000
     0.00000
     0.00000
     0.00000
     0.00000
     0.00000
     0.00000
     0.00000
     0.00000
     0.00000
     0.00000
     0.00000
     0.00000
     0.00000
     0.00000
     0.00000
     0.00000
     0.00000
     0.00000
     0.00000
     0.00000
     0.00000
     0.00000
     0.00000
     0.00000
     0.00000
     0.00000
     0.00000
     0.00000
     0.00000
     0.00000
     0.00000
     0.00000
     0.00000
     0.00000
     0.00000
     0.00000
 
 Fermi energy:                      -0.2409708624 H           -6.5572 eV
 Band energy:                      -72.6229982757 H        -1976.1723 eV
 TS:                                 0.0000000000 H            0.0000 eV
 Band free energy (E-TS):          -72.6229982757 H        -1976.1723 eV
 Extrapolated E(0K):               -72.6229982757 H        -1976.1723 eV
 
 Energy H0:                        -72.6229982757 H        -1976.1723 eV
 Total Electronic energy:          -72.6229982757 H        -1976.1723 eV
 Repulsive energy:                   2.3761654044 H           64.6588 eV
 Total energy:                     -70.2468328714 H        -1911.5136 eV
 Total Mermin free energy:         -70.2468328714 H        -1911.5136 eV
 
 Non-SCC calculation
 
 Full geometry written in geo_end.{xyz|gen}
 
 Total Forces
 -4.029048540881136E-006  8.499652691754860E-005  1.650457367589223E-002
 -8.759623870704978E-007  3.420702663756832E-004 -4.191647684379737E-003
 -9.630657427790078E-006  3.436034857426117E-003 -9.099681088299214E-003
 -7.213258542665840E-006 -7.793245346114923E-005  1.653417667049667E-002
  6.805947976808838E-007  2.566579170911634E-005 -5.826294724140514E-003
 -1.466746367138163E-005 -3.707146693570785E-003 -9.688700532910585E-003
  1.076863305911671E-005 -2.997916214488786E-003  9.581435551945031E-003
 -9.509714829196232E-007 -2.949550432682619E-004 -4.170993204942880E-003
  8.974012147036129E-005 -3.811336945336250E-003 -2.698641832411528E-002
  6.156846794371937E-006  3.099570814787545E-003  9.429248576907495E-003
 -6.312331730842433E-006  3.521898053284581E-005 -6.763801087872501E-003
  5.887853681512026E-005  3.979123681775639E-003 -2.684188656108757E-002
  2.646218631420657E-004 -1.216989566156605E-003  9.737393214931282E-003
  2.483319420478196E-005 -4.419739444349417E-004 -4.263394590560951E-003
  2.042030373722038E-005  9.685629567714647E-003  1.097996894113091E-002
  3.079048481939074E-005  3.266042015521234E-004 -5.008179541419577E-003
  5.023739667721436E-004 -2.504530212344810E-003  8.573633670745331E-003
 -4.918825459915301E-004 -1.406989214086723E-002 -2.792689943489814E-002
  5.191410463148409E-004 -2.060325171876168E-004  1.167956387233861E-002
 -2.277329675229088E-004  1.278306849740389E-002 -2.773120387622352E-002
 -2.416117471134977E-003  5.962612210403138E-003  1.374259315840905E-003
  2.360467001677921E-005 -7.854073234110869E-003  1.194388857231814E-002
  1.978103853103898E-003  4.433681990616387E-002  1.582266916141896E-002
  2.234375360671148E-004  2.529966349612073E-003  8.606450087895949E-003
  1.851104033620154E-005 -7.928399501613713E-004  1.031797302908979E-002
 -3.160710408235973E-003 -6.017554780296488E-003  1.270729882130991E-003
  2.568060395217859E-003 -4.263420795668904E-002  1.614313642776814E-002
 
 Total stress tensor
      0.000039969584      0.000000009721      0.000000232381
      0.000000009718     -0.000022867412     -0.000000006846
      0.000000232612     -0.000000006797      0.000010836715
 
 Total lattice derivs
     -0.056178372317     -0.000013662805     -0.000326618230
     -0.000003414642      0.008035197255      0.000002405517
     -0.000051472271      0.000001504097     -0.002397943832
 
 Maximal derivative component:       0.443368E-01 au
 Max force for moved atoms::         0.443368E-01 au
 
 Volume:                             0.104539E+05 au^3
 Pressure:                           0.931296E-05 au     0.273997E+09 Pa
 
 Geometry converged
 
