 KPT            1  SPIN            1  KWEIGHT    1.00000000000000     
   -24.81012     2.00000
   -24.74703     2.00000
   -24.71732     2.00000
   -24.64267     2.00000
   -24.50205     2.00000
   -24.44534     2.00000
   -24.40958     2.00000
   -24.34673     2.00000
   -24.30148     2.00000
   -24.26857     2.00000
   -24.26318     2.00000
   -24.25714     2.00000
   -24.23796     2.00000
   -24.18495     2.00000
   -24.17578     2.00000
   -24.15992     2.00000
   -24.14305     2.00000
   -23.93223     2.00000
   -11.76977     2.00000
   -11.71358     2.00000
   -11.69986     2.00000
   -11.66878     2.00000
   -11.32808     2.00000
   -11.21373     2.00000
   -11.15996     2.00000
   -11.10513     2.00000
   -11.07234     2.00000
   -11.04903     2.00000
   -10.99094     2.00000
   -10.97758     2.00000
   -10.96394     2.00000
   -10.92592     2.00000
   -10.91810     2.00000
   -10.73803     2.00000
   -10.64502     2.00000
   -10.63913     2.00000
   -10.48278     2.00000
   -10.46565     2.00000
   -10.39254     2.00000
   -10.36082     2.00000
   -10.34292     2.00000
   -10.30171     2.00000
   -10.25177     2.00000
   -10.21411     2.00000
   -10.15240     2.00000
   -10.14381     2.00000
   -10.08526     2.00000
   -10.00912     2.00000
    -9.95173     2.00000
    -9.82059     2.00000
    -9.77888     2.00000
    -9.70635     2.00000
    -9.64271     2.00000
    -9.60987     2.00000
    -9.51045     2.00000
    -9.47099     2.00000
    -9.44323     2.00000
    -9.39286     2.00000
    -9.36505     2.00000
    -9.29518     2.00000
    -9.23263     2.00000
    -9.20843     2.00000
    -9.11252     2.00000
    -9.07208     2.00000
    -9.06297     2.00000
    -9.02194     2.00000
    -9.01675     2.00000
    -8.94950     2.00000
    -8.90065     2.00000
    -8.88899     2.00000
    -8.84613     2.00000
    -8.77715     2.00000
    -4.39012     0.00000
    -4.36226     0.00000
    -4.20519     0.00000
    -4.12818     0.00000
    -4.10013     0.00000
    -4.08138     0.00000
    -3.98326     0.00000
    -3.96985     0.00000
    -3.96095     0.00000
    -3.88997     0.00000
    -3.88337     0.00000
    -3.87124     0.00000
    -3.84307     0.00000
    -3.65948     0.00000
    -3.62712     0.00000
    -3.61161     0.00000
    -3.53469     0.00000
    -3.51378     0.00000
    -3.47524     0.00000
    -3.45094     0.00000
    -3.41955     0.00000
    -3.38175     0.00000
    -3.32807     0.00000
    -3.24508     0.00000
    -3.17369     0.00000
    -3.07883     0.00000
    -2.99828     0.00000
    -2.88302     0.00000
    -2.82749     0.00000
    -2.75406     0.00000
    -2.69618     0.00000
    -2.67246     0.00000
    -2.50604     0.00000
    -2.36762     0.00000
    -2.32222     0.00000
    -2.02374     0.00000
    -1.90189     0.00000
    -0.81165     0.00000
    -0.29445     0.00000
    -0.21665     0.00000
     0.10045     0.00000
     0.12809     0.00000
     0.24451     0.00000
     0.25010     0.00000
     0.47521     0.00000
     0.67642     0.00000
     0.87058     0.00000
     2.96201     0.00000
     4.05051     0.00000
     4.47410     0.00000
     4.51820     0.00000
     5.04576     0.00000
     7.34470     0.00000
     7.70583     0.00000
     7.81838     0.00000
     8.10316     0.00000
     8.28884     0.00000
     9.32261     0.00000
     9.41642     0.00000
     9.60528     0.00000
     9.88738     0.00000
    10.11608     0.00000
    10.30998     0.00000
    10.34921     0.00000
    10.63002     0.00000
    10.65337     0.00000
    10.80662     0.00000
    11.50376     0.00000
    12.18136     0.00000
    12.50418     0.00000
    12.57620     0.00000
    13.13037     0.00000
    13.46752     0.00000
    13.51419     0.00000
    13.92308     0.00000
    14.06677     0.00000
    14.60719     0.00000
    14.82981     0.00000
    15.10497     0.00000
    15.44341     0.00000
    16.48932     0.00000
 
