 Fermi distribution function
 
 Coordinates of moved atoms (au):
    1      0.00000000      3.71886736     12.01815780
    2      0.00000000      0.00000000     11.33835593
    3      3.71886736      3.71886736     12.69795967
    4      0.00000000     11.15660209     12.01815780
    5      0.00000000      7.43773472     11.33835593
    6      3.71886736     11.15660209     12.69795967
    7      0.00000000     18.59433681     12.01815780
    8      0.00000000     14.87546945     11.33835593
    9      3.71886736     18.59433681     12.69795967
   10      0.00000000     26.03207153     12.01815780
   11      0.00000000     22.31320417     11.33835593
   12      3.71886736     26.03207153     12.69795967
   13      0.00258352     17.82827314     15.68083365
   14      3.73005941     21.69937639     23.93207003
   15      0.00625151     21.15279855     20.05272653
   16      3.71959449      0.75969684     17.54226982
   17      7.43719215      4.07426302     15.76316159
   18      0.00023984     10.94372261     15.77340379
   19      3.71821111     10.88298266     16.30095978
   20      0.00262231     26.77042470     15.69020880
   21      3.71767718     17.55198090     16.31464685
   22      3.71880775      7.50285273     17.59205117
   23      3.71788501     27.11280928     16.33870921
   24      3.72361888     19.93872856     19.10619214
   25      3.71603118     14.22157273     17.65200416
   26      3.72110926     25.04526055     19.08626555
   27      3.71885735      4.12497730     16.27995987
 
 COMPONENT = q
  
 Eigenvalues /H
   -0.91175518
   -0.90943660
   -0.90834486
   -0.90560154
   -0.90043392
   -0.89834985
   -0.89703548
   -0.89472591
   -0.89306291
   -0.89185353
   -0.89165561
   -0.89143360
   -0.89072877
   -0.88878056
   -0.88844370
   -0.88786074
   -0.88724076
   -0.87949330
   -0.43253123
   -0.43046620
   -0.42996211
   -0.42881960
   -0.41629921
   -0.41209707
   -0.41012101
   -0.40810609
   -0.40690109
   -0.40604437
   -0.40390960
   -0.40341865
   -0.40291754
   -0.40152013
   -0.40123296
   -0.39461549
   -0.39119712
   -0.39098089
   -0.38523516
   -0.38460565
   -0.38191877
   -0.38075315
   -0.38009522
   -0.37858071
   -0.37674561
   -0.37536170
   -0.37309380
   -0.37277808
   -0.37062653
   -0.36782829
   -0.36571943
   -0.36090014
   -0.35936736
   -0.35670165
   -0.35436314
   -0.35315629
   -0.34950276
   -0.34805266
   -0.34703232
   -0.34518144
   -0.34415921
   -0.34159169
   -0.33929275
   -0.33840366
   -0.33487890
   -0.33339283
   -0.33305817
   -0.33155030
   -0.33135936
   -0.32888820
   -0.32709294
   -0.32666422
   -0.32508931
   -0.32255448
   -0.16133405
   -0.16031003
   -0.15453780
   -0.15170771
   -0.15067704
   -0.14998807
   -0.14638229
   -0.14588921
   -0.14556234
   -0.14295361
   -0.14271108
   -0.14226558
   -0.14123039
   -0.13448331
   -0.13329437
   -0.13272427
   -0.12989739
   -0.12912899
   -0.12771290
   -0.12681986
   -0.12566615
   -0.12427689
   -0.12230426
   -0.11925443
   -0.11663112
   -0.11314500
   -0.11018469
   -0.10594888
   -0.10390838
   -0.10120990
   -0.09908285
   -0.09821100
   -0.09209537
   -0.08700854
   -0.08534006
   -0.07437117
   -0.06989301
   -0.02982772
   -0.01082084
   -0.00796172
    0.00369145
    0.00470740
    0.00898553
    0.00919113
    0.01746354
    0.02485811
    0.03199336
    0.10885181
    0.14885340
    0.16442020
    0.16604097
    0.18542844
    0.26991266
    0.28318400
    0.28732035
    0.29778549
    0.30460944
    0.34259949
    0.34604712
    0.35298765
    0.36335465
    0.37175906
    0.37888480
    0.38032638
    0.39064609
    0.39150416
    0.39713596
    0.42275540
    0.44765676
    0.45952020
    0.46216683
    0.48253222
    0.49492239
    0.49663738
    0.51166382
    0.51694424
    0.53680430
    0.54498549
    0.55509747
    0.56753479
    0.60597141
 
 Eigenvalues /eV
  -24.81012066
  -24.74702906
  -24.71732125
  -24.64267173
  -24.50205363
  -24.44534325
  -24.40957746
  -24.34673077
  -24.30147810
  -24.26856935
  -24.26318371
  -24.25714232
  -24.23796299
  -24.18494965
  -24.17578300
  -24.15992008
  -24.14304956
  -23.93223031
  -11.76977347
  -11.71358125
  -11.69986443
  -11.66877507
  -11.32807796
  -11.21373181
  -11.15996055
  -11.10513165
  -11.07234210
  -11.04902935
  -10.99093950
  -10.97758013
  -10.96394400
  -10.92591851
  -10.91810427
  -10.73803391
  -10.64501525
  -10.63913130
  -10.48278198
  -10.46565232
  -10.39253853
  -10.36082048
  -10.34291725
  -10.30170521
  -10.25176977
  -10.21411151
  -10.15239883
  -10.14380768
  -10.08526113
  -10.00911708
   -9.95173200
   -9.82059259
   -9.77888342
   -9.70634565
   -9.64271166
   -9.60987162
   -9.51045409
   -9.47099482
   -9.44322993
   -9.39286479
   -9.36504866
   -9.29518286
   -9.23262558
   -9.20843203
   -9.11251848
   -9.07208038
   -9.06297383
   -9.02194270
   -9.01674708
   -8.94950326
   -8.90065172
   -8.88898580
   -8.84613026
   -8.77715386
   -4.39012286
   -4.36225794
   -4.20518746
   -4.12817687
   -4.10013080
   -4.08138314
   -3.98326479
   -3.96984733
   -3.96095271
   -3.88996568
   -3.88336617
   -3.87124329
   -3.84307452
   -3.65947710
   -3.62712435
   -3.61161128
   -3.53468792
   -3.51377848
   -3.47524494
   -3.45094384
   -3.41954979
   -3.38174621
   -3.32806815
   -3.24507824
   -3.17369437
   -3.07883209
   -2.99827791
   -2.88301579
   -2.82749080
   -2.75406156
   -2.69618151
   -2.67245716
   -2.50604254
   -2.36762276
   -2.32222109
   -2.02374260
   -1.90188545
   -0.81165365
   -0.29445000
   -0.21664956
    0.10044951
    0.12809478
    0.24450865
    0.25010344
    0.47520699
    0.67642357
    0.87058372
    2.96200858
    4.05050704
    4.47410117
    4.51820473
    5.04576460
    7.34469730
    7.70582869
    7.81838452
    8.10315543
    8.28884465
    9.32260637
    9.41642122
    9.60528269
    9.88738306
   10.11607877
   10.30997997
   10.34920743
   10.63002108
   10.65337035
   10.80661940
   11.50375979
   12.18136011
   12.50418098
   12.57619918
   13.13036969
   13.46752353
   13.51419074
   13.92308090
   14.06676851
   14.60718818
   14.82980965
   15.10497056
   15.44340740
   16.48932101
 
 Fillings
     2.00000
     2.00000
     2.00000
     2.00000
     2.00000
     2.00000
     2.00000
     2.00000
     2.00000
     2.00000
     2.00000
     2.00000
     2.00000
     2.00000
     2.00000
     2.00000
     2.00000
     2.00000
     2.00000
     2.00000
     2.00000
     2.00000
     2.00000
     2.00000
     2.00000
     2.00000
     2.00000
     2.00000
     2.00000
     2.00000
     2.00000
     2.00000
     2.00000
     2.00000
     2.00000
     2.00000
     2.00000
     2.00000
     2.00000
     2.00000
     2.00000
     2.00000
     2.00000
     2.00000
     2.00000
     2.00000
     2.00000
     2.00000
     2.00000
     2.00000
     2.00000
     2.00000
     2.00000
     2.00000
     2.00000
     2.00000
     2.00000
     2.00000
     2.00000
     2.00000
     2.00000
     2.00000
     2.00000
     2.00000
     2.00000
     2.00000
     2.00000
     2.00000
     2.00000
     2.00000
     2.00000
     2.00000
     0.00000
     0.00000
     0.00000
     0.00000
     0.00000
     0.00000
     0.00000
     0.00000
     0.00000
     0.00000
     0.00000
     0.00000
     0.00000
     0.00000
     0.00000
     0.00000
     0.00000
     0.00000
     0.00000
     0.00000
     0.00000
     0.00000
     0.00000
     0.00000
     0.00000
     0.00000
     0.00000
     0.00000
     0.00000
     0.00000
     0.00000
     0.00000
     0.00000
     0.00000
     0.00000
     0.00000
     0.00000
     0.00000
     0.00000
     0.00000
     0.00000
     0.00000
     0.00000
     0.00000
     0.00000
     0.00000
     0.00000
     0.00000
     0.00000
     0.00000
     0.00000
     0.00000
     0.00000
     0.00000
     0.00000
     0.00000
     0.00000
     0.00000
     0.00000
     0.00000
     0.00000
     0.00000
     0.00000
     0.00000
     0.00000
     0.00000
     0.00000
     0.00000
     0.00000
     0.00000
     0.00000
     0.00000
     0.00000
     0.00000
     0.00000
     0.00000
     0.00000
     0.00000
     0.00000
     0.00000
     0.00000
 
 Fermi energy:                      -0.2489997951 H           -6.7756 eV
 Band energy:                      -72.4259061669 H        -1970.8092 eV
 TS:                                 0.0000000000 H            0.0000 eV
 Band free energy (E-TS):          -72.4259061669 H        -1970.8092 eV
 Extrapolated E(0K):               -72.4259061669 H        -1970.8092 eV
 
 Energy H0:                        -72.4259061669 H        -1970.8092 eV
 Total Electronic energy:          -72.4259061669 H        -1970.8092 eV
 Repulsive energy:                   2.1735602228 H           59.1456 eV
 Total energy:                     -70.2523459441 H        -1911.6636 eV
 Total Mermin free energy:         -70.2523459441 H        -1911.6636 eV
 
 Non-SCC calculation
 
 Full geometry written in geo_end.{xyz|gen}
 
 Total Forces
 -1.331864576002130E-005  9.170670980952859E-004  1.549492190058820E-002
 -3.461863025655565E-006  4.630683145018165E-003 -8.353146680914161E-003
 -2.600310180540986E-005  2.146779279694476E-003 -1.569062703536382E-002
  2.203593205019375E-004 -6.022364575617766E-004  1.967817821894682E-002
 -4.654587865306757E-008  5.693041294597589E-004 -7.788593809022540E-003
  6.892220856142813E-006 -1.519437268225237E-003 -1.139623115337056E-002
  1.518631713535471E-005 -6.275233006575870E-004  1.453881426100989E-002
 -3.726064292600244E-006 -4.371350842972736E-003 -8.900513789923948E-003
  1.222182997205349E-004 -1.077465007104539E-003 -9.656783892268699E-003
  1.570455741816452E-005  1.468522651493130E-003  1.702271114451701E-002
  4.061996288483478E-007 -2.105029123144074E-004 -5.720690108730643E-004
  1.221388620095695E-004  1.783203132125460E-003 -3.143156030829888E-003
 -2.373673302035948E-003  7.939565810327896E-003  1.651673483474113E-002
  7.552048811258560E-004  3.844399733190167E-003  1.687143313432157E-002
 -3.446248812796990E-003 -1.118073712772317E-002 -3.266078953673829E-002
 -2.116889503212276E-005 -1.070828419284310E-002 -2.014471679962659E-003
  2.161926248295185E-004  2.713865478960239E-004 -5.796889318872567E-004
 -3.529664197463468E-004 -8.933591196326831E-004 -8.865291222322075E-004
  6.771553788854619E-005 -4.392594901110883E-003 -4.015392281576366E-003
 -2.031292366793711E-003  1.029016086544017E-003  2.966985397085085E-003
  2.256744063982866E-003  2.560487854527550E-003  1.051289770870887E-002
 -6.805848506722404E-006 -4.881979356796376E-004 -4.283506787948865E-003
  1.910721375077343E-003  9.114268900138091E-004  8.791416363134963E-003
  1.156718747477825E-004 -1.686587159537824E-003 -4.812032923203015E-003
  1.212165493830416E-004  1.739217677935759E-003 -2.991693047327812E-003
  2.479835651177873E-003  1.555080999649100E-003 -7.178704774743888E-003
 -1.474964698092078E-004  6.392135189393102E-003  2.529837525133527E-003
 
 Total stress tensor
     -0.000027437641      0.000000943671      0.000000122922
      0.000000943665     -0.000097538835     -0.000004083926
      0.000000122995     -0.000004084151     -0.000006236145
 
 Total lattice derivs
      0.038564374278     -0.001326355999     -0.000172770189
     -0.000331586855      0.034273392434      0.001435018311
     -0.000027216184      0.000903739350      0.001379931723
 
 Maximal derivative component:       0.326608E-01 au
 Max force for moved atoms::         0.326608E-01 au
 
 Volume:                             0.104539E+05 au^3
 Pressure:                          -0.437375E-04 au    -0.128680E+10 Pa
 
 Geometry converged
 
