 KPT            1  SPIN            1  KWEIGHT    1.00000000000000     
   -24.77983     2.00000
   -24.69583     2.00000
   -24.67006     2.00000
   -24.59026     2.00000
   -24.48733     2.00000
   -24.43675     2.00000
   -24.40858     2.00000
   -24.31208     2.00000
   -24.29604     2.00000
   -24.28056     2.00000
   -24.27124     2.00000
   -24.26385     2.00000
   -24.22225     2.00000
   -24.17607     2.00000
   -24.15148     2.00000
   -24.14126     2.00000
   -24.12017     2.00000
   -23.96056     2.00000
   -11.74291     2.00000
   -11.63549     2.00000
   -11.61091     2.00000
   -11.37335     2.00000
   -11.19567     2.00000
   -11.12233     2.00000
   -11.09629     2.00000
   -11.06446     2.00000
   -11.00947     2.00000
   -10.96263     2.00000
   -10.91631     2.00000
   -10.90369     2.00000
   -10.86688     2.00000
   -10.75587     2.00000
   -10.63005     2.00000
   -10.57243     2.00000
   -10.53277     2.00000
   -10.44292     2.00000
   -10.40224     2.00000
   -10.36956     2.00000
   -10.33689     2.00000
   -10.31441     2.00000
   -10.27921     2.00000
   -10.26158     2.00000
   -10.19405     2.00000
   -10.12011     2.00000
   -10.10620     2.00000
   -10.07582     2.00000
    -9.99820     2.00000
    -9.92932     2.00000
    -9.81474     2.00000
    -9.71163     2.00000
    -9.67992     2.00000
    -9.65308     2.00000
    -9.62432     2.00000
    -9.58659     2.00000
    -9.55411     2.00000
    -9.53908     2.00000
    -9.49694     2.00000
    -9.46692     2.00000
    -9.37840     2.00000
    -9.34754     2.00000
    -9.27814     2.00000
    -9.24630     2.00000
    -9.21889     2.00000
    -9.11237     2.00000
    -9.06573     2.00000
    -9.00781     2.00000
    -8.95044     2.00000
    -8.88907     2.00000
    -8.86648     2.00000
    -8.81161     2.00000
    -8.76971     2.00000
    -8.70039     2.00000
    -4.40181     0.00000
    -4.33766     0.00000
    -4.26898     0.00000
    -4.19699     0.00000
    -4.09677     0.00000
    -4.06871     0.00000
    -4.01275     0.00000
    -4.00280     0.00000
    -3.96882     0.00000
    -3.94881     0.00000
    -3.93020     0.00000
    -3.88696     0.00000
    -3.86146     0.00000
    -3.77622     0.00000
    -3.75942     0.00000
    -3.68988     0.00000
    -3.65360     0.00000
    -3.63190     0.00000
    -3.57536     0.00000
    -3.55141     0.00000
    -3.52812     0.00000
    -3.44178     0.00000
    -3.41467     0.00000
    -3.38261     0.00000
    -3.34204     0.00000
    -3.32310     0.00000
    -3.22824     0.00000
    -3.14653     0.00000
    -3.08991     0.00000
    -3.04914     0.00000
    -2.88142     0.00000
    -2.79699     0.00000
    -2.71621     0.00000
    -2.70628     0.00000
    -2.60637     0.00000
    -2.24215     0.00000
    -2.20323     0.00000
    -1.98319     0.00000
    -1.78716     0.00000
    -0.77001     0.00000
    -0.65097     0.00000
    -0.25105     0.00000
     0.15873     0.00000
     0.19805     0.00000
     0.26561     0.00000
     0.43468     0.00000
     0.55769     0.00000
     2.20280     0.00000
     2.90636     0.00000
     3.90967     0.00000
     4.26549     0.00000
     4.46151     0.00000
     4.95215     0.00000
     6.01083     0.00000
     6.39289     0.00000
     6.78098     0.00000
     7.26934     0.00000
     8.01561     0.00000
     8.22277     0.00000
     8.92208     0.00000
     9.00246     0.00000
     9.18153     0.00000
     9.35865     0.00000
     9.69202     0.00000
     9.76379     0.00000
    10.43480     0.00000
    10.65845     0.00000
    10.83879     0.00000
    11.45848     0.00000
    11.90079     0.00000
    12.02302     0.00000
    12.19202     0.00000
    12.40583     0.00000
    12.69784     0.00000
    13.18145     0.00000
    13.56519     0.00000
    14.35673     0.00000
    14.58698     0.00000
    14.83997     0.00000
    15.60156     0.00000
    16.00887     0.00000
 
