 Fermi distribution function
 
 Coordinates of moved atoms (au):
    1      0.00000000      3.71886736     12.01815780
    2      0.00000000      0.00000000     11.33835593
    3      3.71886736      3.71886736     12.69795967
    4      0.00000000     11.15660209     12.01815780
    5      0.00000000      7.43773472     11.33835593
    6      3.71886736     11.15660209     12.69795967
    7      0.00000000     18.59433681     12.01815780
    8      0.00000000     14.87546945     11.33835593
    9      3.71886736     18.59433681     12.69795967
   10      0.00000000     26.03207153     12.01815780
   11      0.00000000     22.31320417     11.33835593
   12      3.71886736     26.03207153     12.69795967
   13      7.42595747      3.82178032     15.73812731
   14      3.86058146     27.00125882     16.56396340
   15      3.94442856     19.81544451     19.64848809
   16      3.99864279     25.26680757     20.08269866
   17      3.71529248      7.02734984     17.99160863
   18      0.00231398     20.11528889     15.48363677
   19      3.69743343     10.39508658     16.72257541
   20      0.09956340     24.35656276     21.61298736
   21      3.69674944     11.47911351     20.13033647
   22      3.68044563      0.58215519     17.83076149
   23      3.66106362     16.66395485     18.51726839
   24      7.42281831     10.79486668     15.81913093
   25      0.13921552     26.61258475     15.82321612
   26      0.19676220     20.72077249     20.83357391
   27      3.70258081      3.86320500     16.37358025
 
 COMPONENT = q
  
 Eigenvalues /H
   -0.91064194
   -0.90755523
   -0.90660801
   -0.90367547
   -0.89989271
   -0.89803421
   -0.89699894
   -0.89345248
   -0.89286295
   -0.89229434
   -0.89195173
   -0.89168027
   -0.89015137
   -0.88845415
   -0.88755073
   -0.88717503
   -0.88640008
   -0.88053457
   -0.43154386
   -0.42759640
   -0.42669314
   -0.41796307
   -0.41143337
   -0.40873808
   -0.40778101
   -0.40661142
   -0.40459070
   -0.40286937
   -0.40116700
   -0.40070323
   -0.39935035
   -0.39527108
   -0.39064718
   -0.38852972
   -0.38707220
   -0.38377022
   -0.38227545
   -0.38107438
   -0.37987375
   -0.37904746
   -0.37775399
   -0.37710620
   -0.37462435
   -0.37190720
   -0.37139602
   -0.37027956
   -0.36742699
   -0.36489590
   -0.36068522
   -0.35689590
   -0.35573063
   -0.35474417
   -0.35368737
   -0.35230055
   -0.35110697
   -0.35055476
   -0.34900630
   -0.34790302
   -0.34465001
   -0.34351596
   -0.34096540
   -0.33979538
   -0.33878810
   -0.33487338
   -0.33315948
   -0.33103093
   -0.32892264
   -0.32666721
   -0.32583722
   -0.32382069
   -0.32228081
   -0.31973361
   -0.16176349
   -0.15940615
   -0.15688218
   -0.15423654
   -0.15055354
   -0.14952252
   -0.14746588
   -0.14710006
   -0.14585156
   -0.14511611
   -0.14443219
   -0.14284321
   -0.14190609
   -0.13877365
   -0.13815630
   -0.13560073
   -0.13426731
   -0.13346971
   -0.13139217
   -0.13051180
   -0.12965607
   -0.12648316
   -0.12548685
   -0.12430847
   -0.12281782
   -0.12212163
   -0.11863570
   -0.11563297
   -0.11355207
   -0.11205366
   -0.10589020
   -0.10278757
   -0.09981870
   -0.09945393
   -0.09578224
   -0.08239764
   -0.08096723
   -0.07288096
   -0.06567699
   -0.02829722
   -0.02392288
   -0.00922603
    0.00583322
    0.00727815
    0.00976088
    0.01597427
    0.02049488
    0.08095132
    0.10680689
    0.14367767
    0.15675376
    0.16395759
    0.18198822
    0.22089387
    0.23493431
    0.24919650
    0.26714318
    0.29456836
    0.30218109
    0.32788026
    0.33083438
    0.33741488
    0.34392416
    0.35617522
    0.35881282
    0.38347190
    0.39169077
    0.39831811
    0.42109158
    0.43734614
    0.44183776
    0.44804864
    0.45590600
    0.46663706
    0.48440934
    0.49851151
    0.52760015
    0.53606181
    0.54535871
    0.57334686
    0.58831505
 
 Eigenvalues /eV
  -24.77982795
  -24.69583435
  -24.67005907
  -24.59026078
  -24.48732649
  -24.43675417
  -24.40858310
  -24.31207898
  -24.29603712
  -24.28056441
  -24.27124146
  -24.26385472
  -24.22225113
  -24.17606743
  -24.15148429
  -24.14126095
  -24.12017339
  -23.96056468
  -11.74290596
  -11.63548994
  -11.61091115
  -11.37335389
  -11.19567150
  -11.12232897
  -11.09628575
  -11.06445974
  -11.00947297
  -10.96263344
  -10.91630952
  -10.90368956
  -10.86687601
  -10.75587332
  -10.63005074
  -10.57243163
  -10.53277046
  -10.44291912
  -10.40224423
  -10.36956158
  -10.33689077
  -10.31440623
  -10.27920900
  -10.26158173
  -10.19404735
  -10.12010984
  -10.10619998
  -10.07581942
   -9.99819713
   -9.92932271
   -9.81474434
   -9.71163151
   -9.67992295
   -9.65308004
   -9.62432309
   -9.58658577
   -9.55410689
   -9.53908032
   -9.49694476
   -9.46692280
   -9.37840393
   -9.34754500
   -9.27814072
   -9.24630283
   -9.21889328
   -9.11236823
   -9.06573068
   -9.00780987
   -8.95044040
   -8.88906707
   -8.86648184
   -8.81160922
   -8.76970700
   -8.70039427
   -4.40180850
   -4.33766200
   -4.26898123
   -4.19698967
   -4.09677037
   -4.06871484
   -4.01275069
   -4.00279618
   -3.96882298
   -3.94881023
   -3.93019976
   -3.88696142
   -3.86146124
   -3.77622313
   -3.75942430
   -3.68988349
   -3.65359927
   -3.63189554
   -3.57536294
   -3.55140677
   -3.52812114
   -3.44178193
   -3.41467087
   -3.38260557
   -3.34204291
   -3.32309851
   -3.22824154
   -3.14653321
   -3.08990907
   -3.04913523
   -2.88141885
   -2.79699215
   -2.71620505
   -2.70627910
   -2.60636736
   -2.24215378
   -2.20323056
   -1.98319170
   -1.78716181
   -0.77000650
   -0.65097473
   -0.25105309
    0.15873008
    0.19804861
    0.26560711
    0.43468196
    0.55769413
    2.20279744
    2.90636333
    3.90966837
    4.26548670
    4.46151311
    4.95215134
    6.01082813
    6.39288786
    6.78098169
    7.26933591
    8.01561284
    8.22276581
    8.92207595
    9.00246150
    9.18152608
    9.35865256
    9.69202077
    9.76379358
   10.43480144
   10.65844821
   10.83878722
   11.45848483
   11.90079391
   12.02301718
   12.19202385
   12.40583347
   12.69784059
   13.18144883
   13.56518850
   14.35673064
   14.58698411
   14.83996567
   15.60156184
   16.00886698
 
 Fillings
     2.00000
     2.00000
     2.00000
     2.00000
     2.00000
     2.00000
     2.00000
     2.00000
     2.00000
     2.00000
     2.00000
     2.00000
     2.00000
     2.00000
     2.00000
     2.00000
     2.00000
     2.00000
     2.00000
     2.00000
     2.00000
     2.00000
     2.00000
     2.00000
     2.00000
     2.00000
     2.00000
     2.00000
     2.00000
     2.00000
     2.00000
     2.00000
     2.00000
     2.00000
     2.00000
     2.00000
     2.00000
     2.00000
     2.00000
     2.00000
     2.00000
     2.00000
     2.00000
     2.00000
     2.00000
     2.00000
     2.00000
     2.00000
     2.00000
     2.00000
     2.00000
     2.00000
     2.00000
     2.00000
     2.00000
     2.00000
     2.00000
     2.00000
     2.00000
     2.00000
     2.00000
     2.00000
     2.00000
     2.00000
     2.00000
     2.00000
     2.00000
     2.00000
     2.00000
     2.00000
     2.00000
     2.00000
     0.00000
     0.00000
     0.00000
     0.00000
     0.00000
     0.00000
     0.00000
     0.00000
     0.00000
     0.00000
     0.00000
     0.00000
     0.00000
     0.00000
     0.00000
     0.00000
     0.00000
     0.00000
     0.00000
     0.00000
     0.00000
     0.00000
     0.00000
     0.00000
     0.00000
     0.00000
     0.00000
     0.00000
     0.00000
     0.00000
     0.00000
     0.00000
     0.00000
     0.00000
     0.00000
     0.00000
     0.00000
     0.00000
     0.00000
     0.00000
     0.00000
     0.00000
     0.00000
     0.00000
     0.00000
     0.00000
     0.00000
     0.00000
     0.00000
     0.00000
     0.00000
     0.00000
     0.00000
     0.00000
     0.00000
     0.00000
     0.00000
     0.00000
     0.00000
     0.00000
     0.00000
     0.00000
     0.00000
     0.00000
     0.00000
     0.00000
     0.00000
     0.00000
     0.00000
     0.00000
     0.00000
     0.00000
     0.00000
     0.00000
     0.00000
     0.00000
     0.00000
     0.00000
     0.00000
     0.00000
     0.00000
 
 Fermi energy:                      -0.2560982573 H           -6.9688 eV
 Band energy:                      -72.1651252234 H        -1963.7130 eV
 TS:                                 0.0000000000 H            0.0000 eV
 Band free energy (E-TS):          -72.1651252234 H        -1963.7130 eV
 Extrapolated E(0K):               -72.1651252234 H        -1963.7130 eV
 
 Energy H0:                        -72.1651252234 H        -1963.7130 eV
 Total Electronic energy:          -72.1651252234 H        -1963.7130 eV
 Repulsive energy:                   2.0099005728 H           54.6922 eV
 Total energy:                     -70.1552246506 H        -1909.0208 eV
 Total Mermin free energy:         -70.1552246506 H        -1909.0208 eV
 
 Non-SCC calculation
 
 Full geometry written in geo_end.{xyz|gen}
 
 Total Forces
 -9.163861339528889E-005  2.698816783999699E-004  1.697858740177981E-002
 -8.572838380456094E-005  2.112669492482346E-003 -7.136147146267872E-003
 -7.209106340849778E-004  1.611300319473066E-003 -5.259867416315220E-003
 -1.298597774687651E-004 -1.818990939355014E-003  3.579682071716461E-002
  1.223543518057555E-006 -7.844724067427507E-004 -7.093319267270120E-003
 -8.441978508480975E-004 -3.070606410018269E-003  7.092562230792967E-003
 -1.262166040418628E-004  1.483945932195430E-002  4.046200843658505E-002
 -1.185850055572319E-005 -1.875999645305782E-003 -3.328999776492994E-004
  1.191819307028206E-005 -8.948183058876159E-003 -2.622409942957980E-002
  1.364208860654113E-003  2.599295231668103E-003  3.561120201612730E-002
  4.577611947592526E-005  1.324948449724610E-002 -2.047865132064013E-002
  7.284626282379013E-003  4.671254462657782E-003  4.211196898445554E-003
 -1.973335156703168E-003  9.570642342027816E-004  3.383252574405998E-003
 -1.674066331694703E-003 -1.144919260912253E-002  1.491652770143931E-003
 -1.775142164169667E-002  9.709674055346840E-003  7.168691204951727E-003
 -7.927371358627814E-003 -5.680471593529683E-003  5.055757513969937E-003
 -2.940753969332543E-004  1.138118801689593E-002 -9.157149623016683E-003
  1.143727376987661E-002 -1.422132312797066E-002  6.495914641861673E-003
  3.620250229431903E-004 -6.503399148989890E-003 -4.218595034873582E-003
  6.829019044106478E-003 -3.557140500274905E-003 -3.351214515005936E-002
  6.749899862718068E-006  1.055656691326362E-002 -1.144257830595286E-002
  2.663222636815978E-003  1.197657681723313E-003 -3.102350587838809E-003
  1.863294781164856E-003 -5.738171143176041E-003 -3.370348547831747E-004
  7.821195161584050E-004  7.433360889609851E-004 -4.514863267386440E-003
 -7.164118200296466E-003 -4.671157265740780E-003 -5.346222409609885E-003
  3.815960995329209E-003  8.880471007813140E-003 -4.837910862047880E-003
  2.327379784796543E-003 -1.446019515298591E-002 -2.075381175293737E-002
 
 Total stress tensor
     -0.000086472223      0.000000141415     -0.000005563300
      0.000000141763     -0.000076672619     -0.000002209374
     -0.000005563530     -0.000002210097     -0.000050911675
 
 Total lattice derivs
      0.121539136447     -0.000198763377      0.007819373604
     -0.000049813140      0.026941379337      0.000776334153
      0.001231095575      0.000489049322      0.011265714732
 
 Maximal derivative component:       0.404620E-01 au
 Max force for moved atoms::         0.404620E-01 au
 
 Volume:                             0.104539E+05 au^3
 Pressure:                          -0.713522E-04 au    -0.209925E+10 Pa
 
 Geometry converged
 
