 KPT            1  SPIN            1  KWEIGHT    1.00000000000000     
   -24.79035     2.00000
   -24.74322     2.00000
   -24.70629     2.00000
   -24.63102     2.00000
   -24.61225     2.00000
   -24.47387     2.00000
   -24.40390     2.00000
   -24.37166     2.00000
   -24.30524     2.00000
   -24.28695     2.00000
   -24.28046     2.00000
   -24.24601     2.00000
   -24.23017     2.00000
   -24.17558     2.00000
   -24.16727     2.00000
   -24.11510     2.00000
   -24.08986     2.00000
   -24.00989     2.00000
   -11.76749     2.00000
   -11.72853     2.00000
   -11.65781     2.00000
   -11.49748     2.00000
   -11.45768     2.00000
   -11.34103     2.00000
   -11.28548     2.00000
   -11.18471     2.00000
   -11.14959     2.00000
   -11.05377     2.00000
   -11.03200     2.00000
   -11.00332     2.00000
   -10.96797     2.00000
   -10.90063     2.00000
   -10.73395     2.00000
   -10.62220     2.00000
   -10.52845     2.00000
   -10.48234     2.00000
   -10.45069     2.00000
   -10.39568     2.00000
   -10.35957     2.00000
   -10.33160     2.00000
   -10.28612     2.00000
   -10.24223     2.00000
   -10.21813     2.00000
   -10.19933     2.00000
   -10.12616     2.00000
   -10.10628     2.00000
   -10.00487     2.00000
    -9.93968     2.00000
    -9.88460     2.00000
    -9.83696     2.00000
    -9.79912     2.00000
    -9.71896     2.00000
    -9.69611     2.00000
    -9.64468     2.00000
    -9.59425     2.00000
    -9.58472     2.00000
    -9.49034     2.00000
    -9.48105     2.00000
    -9.36373     2.00000
    -9.32102     2.00000
    -9.31632     2.00000
    -9.21949     2.00000
    -9.16126     2.00000
    -9.10470     2.00000
    -9.07338     2.00000
    -9.02763     2.00000
    -8.95163     2.00000
    -8.92926     2.00000
    -8.86133     2.00000
    -8.84783     2.00000
    -8.80044     2.00000
    -8.74639     2.00000
    -4.81531     0.00000
    -4.39568     0.00000
    -4.27632     0.00000
    -4.24135     0.00000
    -4.14364     0.00000
    -4.09283     0.00000
    -4.01113     0.00000
    -3.95747     0.00000
    -3.93402     0.00000
    -3.88118     0.00000
    -3.83850     0.00000
    -3.81883     0.00000
    -3.74997     0.00000
    -3.69987     0.00000
    -3.65452     0.00000
    -3.55408     0.00000
    -3.50443     0.00000
    -3.47222     0.00000
    -3.43715     0.00000
    -3.38690     0.00000
    -3.33788     0.00000
    -3.26001     0.00000
    -3.16811     0.00000
    -3.10362     0.00000
    -3.09007     0.00000
    -3.01953     0.00000
    -2.96790     0.00000
    -2.86470     0.00000
    -2.83617     0.00000
    -2.70028     0.00000
    -2.56718     0.00000
    -2.48437     0.00000
    -2.35121     0.00000
    -2.10751     0.00000
    -2.07691     0.00000
    -1.97886     0.00000
    -1.85106     0.00000
    -1.31904     0.00000
    -1.20404     0.00000
    -0.40986     0.00000
     0.04694     0.00000
     0.12800     0.00000
     0.25811     0.00000
     0.48870     0.00000
     0.67817     0.00000
     0.84976     0.00000
     1.56976     0.00000
     2.35467     0.00000
     4.24435     0.00000
     4.61599     0.00000
     4.86801     0.00000
     5.17665     0.00000
     5.92665     0.00000
     6.07318     0.00000
     7.79803     0.00000
     8.48369     0.00000
     9.06366     0.00000
     9.65233     0.00000
     9.98595     0.00000
    10.05208     0.00000
    10.54616     0.00000
    10.60164     0.00000
    10.83146     0.00000
    10.92252     0.00000
    11.10963     0.00000
    11.95150     0.00000
    12.13639     0.00000
    12.22972     0.00000
    12.48843     0.00000
    12.61084     0.00000
    12.79529     0.00000
    12.90513     0.00000
    13.69098     0.00000
    13.81442     0.00000
    14.09118     0.00000
    14.32866     0.00000
    14.64944     0.00000
    15.02758     0.00000
    15.10221     0.00000
    16.33304     0.00000
    16.62528     0.00000
 
