 Fermi distribution function
 
 Coordinates of moved atoms (au):
    1      0.00000000      3.71886736     12.01815780
    2      0.00000000      0.00000000     11.33835593
    3      3.71886736      3.71886736     12.69795967
    4      0.00000000     11.15660209     12.01815780
    5      0.00000000      7.43773472     11.33835593
    6      3.71886736     11.15660209     12.69795967
    7      0.00000000     18.59433681     12.01815780
    8      0.00000000     14.87546945     11.33835593
    9      3.71886736     18.59433681     12.69795967
   10      0.00000000     26.03207153     12.01815780
   11      0.00000000     22.31320417     11.33835593
   12      3.71886736     26.03207153     12.69795967
   13      3.72015309     25.44992956     16.41299851
   14      3.71896901     22.25374409     10.75289726
   15      7.35749094      4.12681439     19.13408055
   16      3.65783547      8.09574165     17.82597900
   17      3.61213253     27.52160740     19.37047824
   18      7.43498034     25.97800182     15.77102658
   19      3.61950626      0.47350431     21.37001415
   20      0.00204896     18.38867682     15.60251040
   21      3.62972221      3.76751649     19.82929023
   22      3.72871298     11.21017967     16.32260259
   23      0.00812237     11.19675251     15.72687975
   24      7.35936406      3.65000491     15.70514449
   25      3.73038335     14.28655618     17.84379213
   26      3.72949847     22.14241355     17.20686219
   27      7.37259295      1.15658506     21.54654945
 
 COMPONENT = q
  
 Eigenvalues /H
   -0.91102876
   -0.90929677
   -0.90793942
   -0.90517317
   -0.90448348
   -0.89939815
   -0.89682668
   -0.89564202
   -0.89320105
   -0.89252904
   -0.89229054
   -0.89102455
   -0.89044243
   -0.88843613
   -0.88813092
   -0.88621375
   -0.88528592
   -0.88234719
   -0.43244746
   -0.43101572
   -0.42841681
   -0.42252464
   -0.42106204
   -0.41677519
   -0.41473392
   -0.41103046
   -0.40974003
   -0.40621864
   -0.40541853
   -0.40436447
   -0.40306539
   -0.40059068
   -0.39446546
   -0.39035868
   -0.38691337
   -0.38521885
   -0.38405575
   -0.38203434
   -0.38070718
   -0.37967923
   -0.37800804
   -0.37639520
   -0.37550953
   -0.37481861
   -0.37212940
   -0.37139886
   -0.36767234
   -0.36527649
   -0.36325230
   -0.36150166
   -0.36011104
   -0.35716539
   -0.35632564
   -0.35443563
   -0.35258238
   -0.35223212
   -0.34876342
   -0.34842227
   -0.34411060
   -0.34254124
   -0.34236857
   -0.33880994
   -0.33667024
   -0.33459172
   -0.33344066
   -0.33175926
   -0.32896631
   -0.32814437
   -0.32564779
   -0.32515183
   -0.32341009
   -0.32142397
   -0.17695939
   -0.16153811
   -0.15715177
   -0.15586686
   -0.15227592
   -0.15040891
   -0.14740624
   -0.14543432
   -0.14457259
   -0.14263057
   -0.14106211
   -0.14033930
   -0.13780876
   -0.13596784
   -0.13430106
   -0.13060999
   -0.12878537
   -0.12760168
   -0.12631294
   -0.12446643
   -0.12266500
   -0.11980309
   -0.11642602
   -0.11405588
   -0.11355792
   -0.11096578
   -0.10906820
   -0.10527580
   -0.10422743
   -0.09923358
   -0.09434198
   -0.09129888
   -0.08640528
   -0.07744963
   -0.07632520
   -0.07272176
   -0.06802507
   -0.04847368
   -0.04424771
   -0.01506222
    0.00172506
    0.00470390
    0.00948526
    0.01795927
    0.02492239
    0.03122824
    0.05768765
    0.08653260
    0.15597686
    0.16963454
    0.17889619
    0.19023833
    0.21780052
    0.22318526
    0.28657237
    0.31176991
    0.33308346
    0.35471665
    0.36697699
    0.36940732
    0.38756410
    0.38960315
    0.39804890
    0.40139515
    0.40827153
    0.43920949
    0.44600427
    0.44943388
    0.45894151
    0.46343978
    0.47021835
    0.47425492
    0.50313432
    0.50767077
    0.51784128
    0.52656856
    0.53835701
    0.55225334
    0.55499608
    0.60022826
    0.61096768
 
 Eigenvalues /eV
  -24.79035389
  -24.74322412
  -24.70628857
  -24.63101526
  -24.61224768
  -24.47386892
  -24.40389554
  -24.37165937
  -24.30523716
  -24.28695101
  -24.28046099
  -24.24601162
  -24.23017146
  -24.17557720
  -24.16727194
  -24.11510319
  -24.08985561
  -24.00988860
  -11.76749419
  -11.72853438
  -11.65781462
  -11.49748051
  -11.45768099
  -11.34103003
  -11.28548406
  -11.18470788
  -11.14959348
  -11.05377170
  -11.03199946
  -11.00331711
  -10.96796721
  -10.90062691
  -10.73395128
  -10.62220026
  -10.52844847
  -10.48233834
  -10.45068875
  -10.39568337
  -10.35956952
  -10.33159752
  -10.28612200
  -10.24223460
  -10.21813427
  -10.19933337
  -10.12615623
  -10.10627727
  -10.00487344
   -9.93967893
   -9.88459809
   -9.83696070
   -9.79911999
   -9.71896473
   -9.69611403
   -9.64468433
   -9.59425474
   -9.58472353
   -9.49033556
   -9.48105239
   -9.36372597
   -9.32102145
   -9.31632292
   -9.21948745
   -9.16126331
   -9.10470388
   -9.07338214
   -9.02762891
   -8.95162867
   -8.92926267
   -8.86132717
   -8.84783147
   -8.80043642
   -8.74639118
   -4.81531002
   -4.39567554
   -4.27631714
   -4.24135314
   -4.14363857
   -4.09283456
   -4.01112787
   -3.95746934
   -3.93402036
   -3.88117534
   -3.83849532
   -3.81882665
   -3.74996725
   -3.69987321
   -3.65451784
   -3.55407860
   -3.50442817
   -3.47221838
   -3.43714993
   -3.38690392
   -3.33788447
   -3.26000804
   -3.16811319
   -3.10361853
   -3.09006834
   -3.01953252
   -2.96789671
   -2.86470024
   -2.83617272
   -2.70028299
   -2.56717583
   -2.48436899
   -2.35120735
   -2.10751171
   -2.07691432
   -1.97885976
   -1.85105644
   -1.31903594
   -1.20404158
   -0.40986385
    0.04694122
    0.12799965
    0.25810694
    0.48869673
    0.67817279
    0.84976354
    1.56976081
    2.35467197
    4.24434632
    4.61599058
    4.86801302
    5.17664825
    5.92665369
    6.07318001
    7.79803085
    8.48369086
    9.06366223
    9.65233113
    9.98595198
   10.05208472
   10.54615585
   10.60164111
   10.83146180
   10.92251766
   11.10963366
   11.95149840
   12.13639355
   12.22971818
   12.48843379
   12.61083809
   12.79529239
   12.90513300
   13.69098144
   13.81442459
   14.09117822
   14.32865967
   14.64943969
   15.02757791
   15.10221181
   16.33304203
   16.62527639
 
 Fillings
     2.00000
     2.00000
     2.00000
     2.00000
     2.00000
     2.00000
     2.00000
     2.00000
     2.00000
     2.00000
     2.00000
     2.00000
     2.00000
     2.00000
     2.00000
     2.00000
     2.00000
     2.00000
     2.00000
     2.00000
     2.00000
     2.00000
     2.00000
     2.00000
     2.00000
     2.00000
     2.00000
     2.00000
     2.00000
     2.00000
     2.00000
     2.00000
     2.00000
     2.00000
     2.00000
     2.00000
     2.00000
     2.00000
     2.00000
     2.00000
     2.00000
     2.00000
     2.00000
     2.00000
     2.00000
     2.00000
     2.00000
     2.00000
     2.00000
     2.00000
     2.00000
     2.00000
     2.00000
     2.00000
     2.00000
     2.00000
     2.00000
     2.00000
     2.00000
     2.00000
     2.00000
     2.00000
     2.00000
     2.00000
     2.00000
     2.00000
     2.00000
     2.00000
     2.00000
     2.00000
     2.00000
     2.00000
     0.00000
     0.00000
     0.00000
     0.00000
     0.00000
     0.00000
     0.00000
     0.00000
     0.00000
     0.00000
     0.00000
     0.00000
     0.00000
     0.00000
     0.00000
     0.00000
     0.00000
     0.00000
     0.00000
     0.00000
     0.00000
     0.00000
     0.00000
     0.00000
     0.00000
     0.00000
     0.00000
     0.00000
     0.00000
     0.00000
     0.00000
     0.00000
     0.00000
     0.00000
     0.00000
     0.00000
     0.00000
     0.00000
     0.00000
     0.00000
     0.00000
     0.00000
     0.00000
     0.00000
     0.00000
     0.00000
     0.00000
     0.00000
     0.00000
     0.00000
     0.00000
     0.00000
     0.00000
     0.00000
     0.00000
     0.00000
     0.00000
     0.00000
     0.00000
     0.00000
     0.00000
     0.00000
     0.00000
     0.00000
     0.00000
     0.00000
     0.00000
     0.00000
     0.00000
     0.00000
     0.00000
     0.00000
     0.00000
     0.00000
     0.00000
     0.00000
     0.00000
     0.00000
     0.00000
     0.00000
     0.00000
 
 Fermi energy:                      -0.2464053188 H           -6.7050 eV
 Band energy:                      -72.4071275356 H        -1970.2982 eV
 TS:                                 0.0000000000 H            0.0000 eV
 Band free energy (E-TS):          -72.4071275356 H        -1970.2982 eV
 Extrapolated E(0K):               -72.4071275356 H        -1970.2982 eV
 
 Energy H0:                        -72.4071275356 H        -1970.2982 eV
 Total Electronic energy:          -72.4071275356 H        -1970.2982 eV
 Repulsive energy:                   2.2873200054 H           62.2411 eV
 Total energy:                     -70.1198075302 H        -1908.0570 eV
 Total Mermin free energy:         -70.1198075302 H        -1908.0570 eV
 
 Non-SCC calculation
 
 Full geometry written in geo_end.{xyz|gen}
 
 Total Forces
  2.047802603419263E-004 -6.873108573962660E-004  4.202197024586236E-002
  2.870549615644147E-005 -2.293434860754047E-003 -4.798464986213450E-003
 -3.430836495146187E-003  5.531861745452451E-004 -3.242600906206174E-002
  2.967230443251268E-005  2.867200448735891E-004  1.905596077335805E-002
  2.261132730271705E-005  6.725580976374313E-004 -4.873536605677960E-003
  4.404554438817277E-004  5.416877358843345E-004 -1.667801843018211E-002
 -7.706954258219248E-006 -8.543611391854612E-002  6.789832753182959E-002
  7.209086503389205E-007 -1.824870559065181E-003 -6.987885435454953E-003
  1.070083577129740E-004  4.053172468277118E-002 -5.681388189485409E-002
 -2.605801146559470E-005  8.435193498178159E-002  4.423199806354144E-002
  4.581342870254851E-005  1.277360378199895E-003 -2.464556030959596E-002
 -1.984256960308481E-004 -2.911941758610899E-002 -3.736205238284147E-002
 -1.738403137319957E-003  1.020114728254029E-003  1.429393936468750E-002
 -5.282069644996459E-005 -8.956824151741684E-003  6.648769950936884E-003
 -1.065849781895611E-002 -1.046331589926369E-003 -1.775951850824965E-002
  1.885530758970353E-003  2.843483110137407E-003  5.066951312436493E-003
  2.309506181833428E-003 -3.162870145093188E-002 -2.732598438333132E-002
  3.366935902521444E-004 -3.561194344299461E-003  9.678260825322776E-004
  2.177585756473900E-002  3.317172804227490E-002  1.629612480806925E-002
 -8.923129928246371E-005  1.412818791235157E-003 -3.050277361391074E-004
  4.800206933615656E-003 -5.278313690009639E-003 -7.787712223513571E-004
 -9.206993191678572E-004 -3.740771846771946E-003  6.293259466100664E-004
 -8.279922152701316E-004 -3.116070198485972E-004 -3.767241465550519E-003
  3.088563474783313E-003  3.299768044077001E-003  2.015826655607456E-002
 -1.825604939307278E-004 -7.223124319839430E-003  3.445450577594891E-003
 -1.707849997258155E-004  6.511685968465464E-003 -1.280744599834550E-003
 -1.677210889437119E-002  4.633245415102218E-003 -4.912214191195086E-003
 
 Total stress tensor
      0.000013280083     -0.000003250315      0.000002585546
     -0.000003250627     -0.000042294418      0.000008966474
      0.000002585385      0.000008969608     -0.000012840688
 
 Total lattice derivs
     -0.018665528602      0.004568409421     -0.003634057226
      0.001142211974      0.014861497787     -0.003150657809
     -0.000572092926     -0.001984791241      0.002841382206
 
 Maximal derivative component:       0.854361E-01 au
 Max force for moved atoms::         0.854361E-01 au
 
 Volume:                             0.104539E+05 au^3
 Pressure:                          -0.139517E-04 au    -0.410472E+09 Pa
 
 Geometry converged
 
