 KPT            1  SPIN            1  KWEIGHT    1.00000000000000     
   -24.80946     2.00000
   -24.74911     2.00000
   -24.71825     2.00000
   -24.64624     2.00000
   -24.56085     2.00000
   -24.45734     2.00000
   -24.44098     2.00000
   -24.36586     2.00000
   -24.35162     2.00000
   -24.30344     2.00000
   -24.26758     2.00000
   -24.26606     2.00000
   -24.26165     2.00000
   -24.25162     2.00000
   -24.19129     2.00000
   -24.17906     2.00000
   -24.17483     2.00000
   -24.15809     2.00000
   -11.77714     2.00000
   -11.72080     2.00000
   -11.70857     2.00000
   -11.68335     2.00000
   -11.35702     2.00000
   -11.32659     2.00000
   -11.25921     2.00000
   -11.16098     2.00000
   -11.15318     2.00000
   -11.07126     2.00000
   -11.04874     2.00000
   -11.03588     2.00000
   -10.98433     2.00000
   -10.97625     2.00000
   -10.94735     2.00000
   -10.91317     2.00000
   -10.83601     2.00000
   -10.66379     2.00000
   -10.64300     2.00000
   -10.49695     2.00000
   -10.45523     2.00000
   -10.41558     2.00000
   -10.40134     2.00000
   -10.38785     2.00000
   -10.31455     2.00000
   -10.27532     2.00000
   -10.22956     2.00000
   -10.14990     2.00000
   -10.14890     2.00000
   -10.09600     2.00000
   -10.05714     2.00000
   -10.01111     2.00000
    -9.97203     2.00000
    -9.78379     2.00000
    -9.73120     2.00000
    -9.67549     2.00000
    -9.64035     2.00000
    -9.60754     2.00000
    -9.52308     2.00000
    -9.48714     2.00000
    -9.44676     2.00000
    -9.40979     2.00000
    -9.38544     2.00000
    -9.31908     2.00000
    -9.20305     2.00000
    -9.14437     2.00000
    -9.05917     2.00000
    -9.02256     2.00000
    -9.01574     2.00000
    -8.99773     2.00000
    -8.90922     2.00000
    -8.89742     2.00000
    -8.85181     2.00000
    -8.79001     2.00000
    -4.11764     0.00000
    -4.09809     0.00000
    -4.07931     0.00000
    -4.04110     0.00000
    -3.97490     0.00000
    -3.92257     0.00000
    -3.91870     0.00000
    -3.87540     0.00000
    -3.82618     0.00000
    -3.82390     0.00000
    -3.77257     0.00000
    -3.63578     0.00000
    -3.63012     0.00000
    -3.54231     0.00000
    -3.51771     0.00000
    -3.49411     0.00000
    -3.44795     0.00000
    -3.39755     0.00000
    -3.35183     0.00000
    -3.34285     0.00000
    -3.28663     0.00000
    -3.18833     0.00000
    -3.10225     0.00000
    -3.07684     0.00000
    -3.04897     0.00000
    -2.87874     0.00000
    -2.77973     0.00000
    -2.74998     0.00000
    -2.71883     0.00000
    -2.67969     0.00000
    -2.53992     0.00000
    -2.53320     0.00000
    -2.36260     0.00000
    -2.34446     0.00000
    -2.00421     0.00000
    -1.74743     0.00000
    -1.58598     0.00000
    -0.28619     0.00000
     0.12005     0.00000
     0.13093     0.00000
     0.26251     0.00000
     0.26821     0.00000
     0.46900     0.00000
     0.65763     0.00000
     0.84071     0.00000
     3.49067     0.00000
     4.05443     0.00000
     4.48019     0.00000
     4.52952     0.00000
     5.05950     0.00000
     7.61737     0.00000
     7.68857     0.00000
     8.11074     0.00000
     8.18595     0.00000
     9.28541     0.00000
     9.38743     0.00000
     9.71141     0.00000
     9.78342     0.00000
    10.11767     0.00000
    10.18350     0.00000
    10.30287     0.00000
    10.48497     0.00000
    10.56721     0.00000
    10.76754     0.00000
    10.78764     0.00000
    10.91695     0.00000
    11.57394     0.00000
    12.25985     0.00000
    12.43770     0.00000
    13.04524     0.00000
    13.05659     0.00000
    13.31051     0.00000
    13.43522     0.00000
    13.83376     0.00000
    13.97814     0.00000
    14.48404     0.00000
    14.70982     0.00000
    14.99988     0.00000
    15.03408     0.00000
    15.59429     0.00000
    16.50891     0.00000
 
