 Fermi distribution function
 
 Coordinates of moved atoms (au):
    1      0.00000000      3.71886736     12.01815780
    2      0.00000000      0.00000000     11.33835593
    3      3.71886736      3.71886736     12.69795967
    4      0.00000000     11.15660209     12.01815780
    5      0.00000000      7.43773472     11.33835593
    6      3.71886736     11.15660209     12.69795967
    7      0.00000000     18.59433681     12.01815780
    8      0.00000000     14.87546945     11.33835593
    9      3.71886736     18.59433681     12.69795967
   10      0.00000000     26.03207153     12.01815780
   11      0.00000000     22.31320417     11.33835593
   12      3.71886736     26.03207153     12.69795967
   13      3.72347745      0.01598256     17.60201459
   14      0.00294713     26.27988205     15.76270106
   15      3.73834901     17.58318522     19.26777281
   16      3.71746074     23.00386080     17.55634112
   17      3.72377388     19.64520044     16.31943775
   18      3.72478478     10.14031431     16.32322810
   19      0.00727118     10.50010727     15.72169123
   20      0.00314621     19.28021354     15.71791072
   21      3.72137031      3.40038263     16.29577789
   22      3.73894412     12.20461973     19.27556115
   23      3.71648187      6.77642848     17.55238974
   24      3.71958867     26.38208124     16.29455287
   25      3.72519225     14.89542361     21.32574839
   26      0.00484194     14.89147630     22.31508284
   27      0.00153230      3.50402115     15.76658471
 
 COMPONENT = q
  
 Eigenvalues /H
   -0.91173089
   -0.90951295
   -0.90837893
   -0.90573283
   -0.90259461
   -0.89879070
   -0.89818946
   -0.89542905
   -0.89490563
   -0.89313515
   -0.89181730
   -0.89176129
   -0.89159927
   -0.89123052
   -0.88901343
   -0.88856408
   -0.88840851
   -0.88779345
   -0.43280183
   -0.43073155
   -0.43028211
   -0.42935533
   -0.41736272
   -0.41624457
   -0.41376830
   -0.41015860
   -0.40987190
   -0.40686125
   -0.40603375
   -0.40556099
   -0.40366689
   -0.40336959
   -0.40230778
   -0.40105179
   -0.39821600
   -0.39188724
   -0.39112289
   -0.38575590
   -0.38422260
   -0.38276543
   -0.38224232
   -0.38174631
   -0.37905263
   -0.37761114
   -0.37592956
   -0.37300182
   -0.37296522
   -0.37102116
   -0.36959302
   -0.36790171
   -0.36646541
   -0.35954765
   -0.35761521
   -0.35556785
   -0.35427626
   -0.35307053
   -0.34996663
   -0.34864608
   -0.34716194
   -0.34580355
   -0.34490869
   -0.34247003
   -0.33820573
   -0.33604946
   -0.33291837
   -0.33157295
   -0.33132227
   -0.33066041
   -0.32740781
   -0.32697409
   -0.32529817
   -0.32302688
   -0.15132053
   -0.15060212
   -0.14991197
   -0.14850772
   -0.14607507
   -0.14415173
   -0.14400948
   -0.14241816
   -0.14060960
   -0.14052589
   -0.13863945
   -0.13361233
   -0.13340460
   -0.13017767
   -0.12927350
   -0.12840610
   -0.12670998
   -0.12485765
   -0.12317749
   -0.12284736
   -0.12078130
   -0.11716885
   -0.11400558
   -0.11307180
   -0.11204766
   -0.10579167
   -0.10215337
   -0.10106002
   -0.09991522
   -0.09847665
   -0.09334051
   -0.09309351
   -0.08682401
   -0.08615737
   -0.07365338
   -0.06421697
   -0.05828377
   -0.01051719
    0.00441179
    0.00481166
    0.00964697
    0.00985664
    0.01723541
    0.02416730
    0.03089551
    0.12827984
    0.14899768
    0.16464381
    0.16645682
    0.18593323
    0.27993305
    0.28254989
    0.29806414
    0.30082817
    0.34123250
    0.34498186
    0.35688763
    0.35953416
    0.37181766
    0.37423680
    0.37862358
    0.38531557
    0.38833780
    0.39569972
    0.39643866
    0.40119069
    0.42533463
    0.45054124
    0.45707709
    0.47940370
    0.47982081
    0.48915234
    0.49373524
    0.50838123
    0.51368729
    0.53227881
    0.54057580
    0.55123552
    0.55249230
    0.57307945
    0.60669139
 
 Eigenvalues /eV
  -24.80945970
  -24.74910647
  -24.71824834
  -24.64624435
  -24.56084886
  -24.45733919
  -24.44097869
  -24.36586410
  -24.35162122
  -24.30344400
  -24.26758342
  -24.26605928
  -24.26165060
  -24.25161627
  -24.19128614
  -24.17905871
  -24.17482550
  -24.15808891
  -11.77713709
  -11.72080193
  -11.70857191
  -11.68335290
  -11.35701746
  -11.32659097
  -11.25920834
  -11.16098329
  -11.15318198
  -11.07125787
  -11.04874049
  -11.03587595
  -10.98433494
  -10.97624502
  -10.94735162
  -10.91317443
  -10.83600881
  -10.66379426
  -10.64299542
  -10.49695222
  -10.45522889
  -10.41557727
  -10.40134270
  -10.38784565
  -10.31454677
  -10.27532200
  -10.22956378
  -10.14989593
  -10.14889992
  -10.09599955
  -10.05713772
  -10.01111495
   -9.97203113
   -9.78378935
   -9.73120496
   -9.67549341
   -9.64034745
   -9.60753800
   -9.52307663
   -9.48714253
   -9.44675702
   -9.40979323
   -9.38544287
   -9.31908365
   -9.20304609
   -9.14437104
   -9.05916977
   -9.02255893
   -9.01573757
   -8.99772767
   -8.90921992
   -8.89741764
   -8.85181371
   -8.79000876
   -4.11764099
   -4.09809224
   -4.07931215
   -4.04110077
   -3.97490480
   -3.92256820
   -3.91869745
   -3.87539539
   -3.82618192
   -3.82390394
   -3.77257128
   -3.63577653
   -3.63012381
   -3.54231476
   -3.51771098
   -3.49410775
   -3.44795390
   -3.39754947
   -3.35183015
   -3.34284666
   -3.28662635
   -3.18832653
   -3.10224979
   -3.07684029
   -3.04897195
   -2.87873777
   -2.77973470
   -2.74998319
   -2.71883142
   -2.67968599
   -2.53992453
   -2.53320337
   -2.36260162
   -2.34446132
   -2.00421043
   -1.74743279
   -1.58598220
   -0.28618728
    0.12005084
    0.13093198
    0.26250730
    0.26821292
    0.46899937
    0.65762558
    0.84070960
    3.49067211
    4.05443310
    4.48018592
    4.52952060
    5.05950071
    7.61736581
    7.68857371
    8.11073779
    8.18595088
    9.28540876
    9.38743395
    9.71140663
    9.78342233
   10.11767328
   10.18350138
   10.30287170
   10.48497010
   10.56720921
   10.76753711
   10.78764468
   10.91695418
   11.57394412
   12.25985085
   12.43770057
   13.04523841
   13.05658853
   13.31051245
   13.43521946
   13.83375715
   13.97814240
   14.48404330
   14.70981602
   14.99988174
   15.03408031
   15.59428539
   16.50891256
 
 Fillings
     2.00000
     2.00000
     2.00000
     2.00000
     2.00000
     2.00000
     2.00000
     2.00000
     2.00000
     2.00000
     2.00000
     2.00000
     2.00000
     2.00000
     2.00000
     2.00000
     2.00000
     2.00000
     2.00000
     2.00000
     2.00000
     2.00000
     2.00000
     2.00000
     2.00000
     2.00000
     2.00000
     2.00000
     2.00000
     2.00000
     2.00000
     2.00000
     2.00000
     2.00000
     2.00000
     2.00000
     2.00000
     2.00000
     2.00000
     2.00000
     2.00000
     2.00000
     2.00000
     2.00000
     2.00000
     2.00000
     2.00000
     2.00000
     2.00000
     2.00000
     2.00000
     2.00000
     2.00000
     2.00000
     2.00000
     2.00000
     2.00000
     2.00000
     2.00000
     2.00000
     2.00000
     2.00000
     2.00000
     2.00000
     2.00000
     2.00000
     2.00000
     2.00000
     2.00000
     2.00000
     2.00000
     2.00000
     0.00000
     0.00000
     0.00000
     0.00000
     0.00000
     0.00000
     0.00000
     0.00000
     0.00000
     0.00000
     0.00000
     0.00000
     0.00000
     0.00000
     0.00000
     0.00000
     0.00000
     0.00000
     0.00000
     0.00000
     0.00000
     0.00000
     0.00000
     0.00000
     0.00000
     0.00000
     0.00000
     0.00000
     0.00000
     0.00000
     0.00000
     0.00000
     0.00000
     0.00000
     0.00000
     0.00000
     0.00000
     0.00000
     0.00000
     0.00000
     0.00000
     0.00000
     0.00000
     0.00000
     0.00000
     0.00000
     0.00000
     0.00000
     0.00000
     0.00000
     0.00000
     0.00000
     0.00000
     0.00000
     0.00000
     0.00000
     0.00000
     0.00000
     0.00000
     0.00000
     0.00000
     0.00000
     0.00000
     0.00000
     0.00000
     0.00000
     0.00000
     0.00000
     0.00000
     0.00000
     0.00000
     0.00000
     0.00000
     0.00000
     0.00000
     0.00000
     0.00000
     0.00000
     0.00000
     0.00000
     0.00000
 
 Fermi energy:                      -0.1525197505 H           -4.1503 eV
 Band energy:                      -72.7439757519 H        -1979.4643 eV
 TS:                                 0.0000000000 H            0.0000 eV
 Band free energy (E-TS):          -72.7439757519 H        -1979.4643 eV
 Extrapolated E(0K):               -72.7439757519 H        -1979.4643 eV
 
 Energy H0:                        -72.7439757519 H        -1979.4643 eV
 Total Electronic energy:          -72.7439757519 H        -1979.4643 eV
 Repulsive energy:                   2.3746258943 H           64.6169 eV
 Total energy:                     -70.3693498576 H        -1914.8474 eV
 Total Mermin free energy:         -70.3693498576 H        -1914.8474 eV
 
 Non-SCC calculation
 
 Full geometry written in geo_end.{xyz|gen}
 
 Total Forces
 -5.610837831334182E-004 -4.274546301682933E-004  1.908004503197556E-002
 -5.225180546512444E-007  1.395804100393447E-004 -7.299507481461839E-003
  9.304157318675455E-005 -2.474885696226373E-003 -1.238814134407037E-002
  6.059513244981933E-005 -1.451555463526710E-003  1.907382685320902E-002
 -6.331747643976513E-006 -3.667634933237344E-003 -7.936324194338169E-003
  3.862551254977580E-004 -1.077639163713527E-003 -9.811654753065072E-003
  3.098867322591880E-005  1.590474764899468E-003  1.931224720730772E-002
  3.058027978438421E-006  7.159479296476157E-006 -8.434940683457876E-004
  1.832884074982891E-004  1.562761984619073E-003 -8.399321539649195E-003
 -2.327354306717331E-004  5.316547108325338E-004  1.853202186255368E-002
 -3.214484783952322E-006  3.899271596733367E-003 -8.047371634931827E-003
  1.477612886958847E-004  2.634441279031292E-003 -1.184227842271905E-002
 -1.087809355443456E-004 -2.413773920258517E-004 -6.600601554322433E-003
 -9.646713388109825E-004  2.592711646619061E-003  1.304875502574007E-003
 -4.263580832002361E-004  2.451367688978044E-002 -2.227085960125617E-002
  1.539688028874486E-004  3.208654730999747E-003 -1.690484962420247E-003
 -9.866935837185681E-004 -4.090407490373767E-003  8.756074982815699E-003
  7.660709474984330E-004  3.443048097226304E-003  1.202257993071319E-002
 -1.093990075537168E-003  7.109849743796748E-004  1.574257925277003E-003
  9.884025815076504E-004 -7.480635273392489E-004  1.360626082592159E-003
  2.390778219003078E-004 -4.563949211465593E-003 -4.001191484009833E-003
 -3.865462253434156E-004 -2.685985946790177E-002 -2.489692267867260E-002
  2.097332546893752E-004 -4.223304488506444E-004 -1.336108585745080E-003
  1.007698486808966E-003  2.911420690201283E-003 -3.644783666988179E-003
  1.690390515282246E-005  9.482341874197243E-004  3.264673614580016E-002
  2.799438311033894E-004  1.928975915171521E-004 -3.451034206456018E-003
  2.041403463611774E-004 -2.861815608765770E-003  7.967886536337787E-004
 
 Total stress tensor
     -0.000034553523     -0.000000058055      0.000000024009
     -0.000000058080     -0.000080671147     -0.000000300091
      0.000000023857     -0.000000300096     -0.000006162559
 
 Total lattice derivs
      0.048565946404      0.000081598466     -0.000033744863
      0.000020408352      0.028346390336      0.000105446460
     -0.000005279033      0.000066405098      0.001363648528
 
 Maximal derivative component:       0.326467E-01 au
 Max force for moved atoms::         0.326467E-01 au
 
 Volume:                             0.104539E+05 au^3
 Pressure:                          -0.404624E-04 au    -0.119044E+10 Pa
 
 Geometry converged
 
