 KPT            1  SPIN            1  KWEIGHT    1.00000000000000     
   -24.80192     2.00000
   -24.74474     2.00000
   -24.68448     2.00000
   -24.60199     2.00000
   -24.57861     2.00000
   -24.49573     2.00000
   -24.46345     2.00000
   -24.41068     2.00000
   -24.35793     2.00000
   -24.28339     2.00000
   -24.27972     2.00000
   -24.26696     2.00000
   -24.26081     2.00000
   -24.25456     2.00000
   -24.18700     2.00000
   -24.17632     2.00000
   -24.17349     2.00000
   -23.99470     2.00000
   -11.76159     2.00000
   -11.72056     2.00000
   -11.69670     2.00000
   -11.44550     2.00000
   -11.41304     2.00000
   -11.35989     2.00000
   -11.31873     2.00000
   -11.20105     2.00000
   -11.12437     2.00000
   -11.09290     2.00000
   -11.07325     2.00000
   -10.98000     2.00000
   -10.96924     2.00000
   -10.96536     2.00000
   -10.93277     2.00000
   -10.90108     2.00000
   -10.66418     2.00000
   -10.63187     2.00000
   -10.52014     2.00000
   -10.49475     2.00000
   -10.46301     2.00000
   -10.43782     2.00000
   -10.32787     2.00000
   -10.30754     2.00000
   -10.27240     2.00000
   -10.18492     2.00000
   -10.15847     2.00000
   -10.15093     2.00000
   -10.13490     2.00000
   -10.12578     2.00000
   -10.02039     2.00000
    -9.99485     2.00000
    -9.76725     2.00000
    -9.71071     2.00000
    -9.66832     2.00000
    -9.64239     2.00000
    -9.60984     2.00000
    -9.52907     2.00000
    -9.48756     2.00000
    -9.44934     2.00000
    -9.43471     2.00000
    -9.35696     2.00000
    -9.28762     2.00000
    -9.17889     2.00000
    -9.15670     2.00000
    -9.07586     2.00000
    -9.03100     2.00000
    -9.01938     2.00000
    -8.98553     2.00000
    -8.91735     2.00000
    -8.86978     2.00000
    -8.85866     2.00000
    -8.79677     2.00000
    -8.71887     2.00000
    -4.67502     0.00000
    -4.29993     0.00000
    -4.18458     0.00000
    -4.13163     0.00000
    -4.10653     0.00000
    -4.04250     0.00000
    -3.98225     0.00000
    -3.95300     0.00000
    -3.89168     0.00000
    -3.87093     0.00000
    -3.84747     0.00000
    -3.76788     0.00000
    -3.71002     0.00000
    -3.63757     0.00000
    -3.61186     0.00000
    -3.52844     0.00000
    -3.50830     0.00000
    -3.45762     0.00000
    -3.43680     0.00000
    -3.39547     0.00000
    -3.38156     0.00000
    -3.30718     0.00000
    -3.24440     0.00000
    -3.15053     0.00000
    -3.11883     0.00000
    -3.05917     0.00000
    -2.92284     0.00000
    -2.85281     0.00000
    -2.74668     0.00000
    -2.71682     0.00000
    -2.68384     0.00000
    -2.56870     0.00000
    -2.46570     0.00000
    -2.43688     0.00000
    -2.22108     0.00000
    -1.99048     0.00000
    -1.91672     0.00000
    -1.27686     0.00000
    -0.78419     0.00000
    -0.26884     0.00000
     0.17253     0.00000
     0.19995     0.00000
     0.40169     0.00000
     0.42718     0.00000
     0.61035     0.00000
     0.71700     0.00000
     0.85554     0.00000
     3.61255     0.00000
     4.15277     0.00000
     4.50917     0.00000
     4.80225     0.00000
     5.35598     0.00000
     7.84510     0.00000
     8.67748     0.00000
     8.72564     0.00000
     9.48754     0.00000
     9.54428     0.00000
     9.90650     0.00000
    10.13834     0.00000
    10.20793     0.00000
    10.28913     0.00000
    10.60563     0.00000
    10.79579     0.00000
    11.31408     0.00000
    11.47235     0.00000
    11.74014     0.00000
    11.77339     0.00000
    12.08229     0.00000
    12.19748     0.00000
    12.76904     0.00000
    13.13367     0.00000
    13.40772     0.00000
    13.71014     0.00000
    13.83730     0.00000
    13.98310     0.00000
    14.15399     0.00000
    14.77116     0.00000
    15.05210     0.00000
    15.67380     0.00000
    16.10287     0.00000
    16.52899     0.00000
 
