 Fermi distribution function
 
 Coordinates of moved atoms (au):
    1      0.00000000      3.71886736     12.01815780
    2      0.00000000      0.00000000     11.33835593
    3      3.71886736      3.71886736     12.69795967
    4      0.00000000     11.15660209     12.01815780
    5      0.00000000      7.43773472     11.33835593
    6      3.71886736     11.15660209     12.69795967
    7      0.00000000     18.59433681     12.01815780
    8      0.00000000     14.87546945     11.33835593
    9      3.71886736     18.59433681     12.69795967
   10      0.00000000     26.03207153     12.01815780
   11      0.00000000     22.31320417     11.33835593
   12      3.71886736     26.03207153     12.69795967
   13      3.71957558     15.21105307     17.59932172
   14      3.74024907      0.32391717     21.12144864
   15      3.72061181     21.93227845     17.61786371
   16      3.72158649     25.28235343     16.27345082
   17      7.43641155     25.49372182     15.74270858
   18      3.71968006      9.16892170     18.52479342
   19      0.00046797     11.64510067     15.74716740
   20      3.71805292      7.03620921     21.19396843
   21      3.71893700     11.83829101     16.29748304
   22      0.00207382      3.74995205     15.61485285
   23      3.72621907      3.72666086     20.42140463
   24      3.71920023     18.57312300     16.31148250
   25      7.43761592     18.57803844     15.78846464
   26      7.43708328      7.23442328     22.03832907
   27      3.72351703     27.92029701     18.43534846
 
 COMPONENT = q
  
 Eigenvalues /H
   -0.91145385
   -0.90935253
   -0.90713801
   -0.90410666
   -0.90324739
   -0.90020166
   -0.89901541
   -0.89707609
   -0.89513739
   -0.89239805
   -0.89226338
   -0.89179431
   -0.89156832
   -0.89133882
   -0.88885589
   -0.88846336
   -0.88835942
   -0.88178911
   -0.43223065
   -0.43072272
   -0.42984564
   -0.42061439
   -0.41942162
   -0.41746822
   -0.41595569
   -0.41163089
   -0.40881295
   -0.40765666
   -0.40693449
   -0.40350757
   -0.40311209
   -0.40296958
   -0.40177181
   -0.40060727
   -0.39190139
   -0.39071409
   -0.38660811
   -0.38567497
   -0.38450855
   -0.38358293
   -0.37954232
   -0.37879511
   -0.37750361
   -0.37428880
   -0.37331709
   -0.37303996
   -0.37245085
   -0.37211567
   -0.36824247
   -0.36730401
   -0.35893984
   -0.35686206
   -0.35530441
   -0.35435139
   -0.35315526
   -0.35018674
   -0.34866160
   -0.34725688
   -0.34671940
   -0.34386210
   -0.34131393
   -0.33731800
   -0.33650257
   -0.33353162
   -0.33188301
   -0.33145595
   -0.33021233
   -0.32770646
   -0.32595855
   -0.32554973
   -0.32327520
   -0.32041266
   -0.17180400
   -0.15801964
   -0.15378044
   -0.15183459
   -0.15091239
   -0.14855913
   -0.14634496
   -0.14527021
   -0.14301667
   -0.14225407
   -0.14139185
   -0.13846721
   -0.13634085
   -0.13367835
   -0.13273343
   -0.12966794
   -0.12892783
   -0.12706523
   -0.12630005
   -0.12478119
   -0.12427015
   -0.12153666
   -0.11922946
   -0.11578001
   -0.11461486
   -0.11242261
   -0.10741227
   -0.10483896
   -0.10093863
   -0.09984126
   -0.09862927
   -0.09439783
   -0.09061288
   -0.08955359
   -0.08162325
   -0.07314880
   -0.07043822
   -0.04692364
   -0.02881843
   -0.00987962
    0.00634045
    0.00734809
    0.01476171
    0.01569846
    0.02242983
    0.02634911
    0.03144045
    0.13275894
    0.15261162
    0.16570890
    0.17647942
    0.19682850
    0.28830205
    0.31889146
    0.32066156
    0.34866083
    0.35074574
    0.36405702
    0.37257713
    0.37513443
    0.37811840
    0.38974989
    0.39673789
    0.41578484
    0.42160110
    0.43144218
    0.43266420
    0.44401602
    0.44824918
    0.46925376
    0.48265368
    0.49272476
    0.50383852
    0.50851144
    0.51386950
    0.52014951
    0.54283015
    0.55315469
    0.57600158
    0.59176946
    0.60742912
 
 Eigenvalues /eV
  -24.80192126
  -24.74474123
  -24.68448117
  -24.60199382
  -24.57861190
  -24.49573362
  -24.46345406
  -24.41068252
  -24.35792775
  -24.28338637
  -24.27972194
  -24.26695782
  -24.26080825
  -24.25456336
  -24.18699946
  -24.17631801
  -24.17348980
  -23.99470249
  -11.76159445
  -11.72056160
  -11.69669507
  -11.44549997
  -11.41304292
  -11.35988821
  -11.31873017
  -11.20104631
  -11.12436625
  -11.09290223
  -11.07325076
  -10.97999952
  -10.96923808
  -10.96536019
  -10.93276733
  -10.90107847
  -10.66417949
  -10.63187121
  -10.52014192
  -10.49474987
  -10.46301011
  -10.43782271
  -10.32787202
  -10.30753942
  -10.27239575
  -10.18491638
  -10.15847488
  -10.15093391
  -10.13490323
  -10.12578255
  -10.02038740
   -9.99485055
   -9.76725008
   -9.71071065
   -9.66832479
   -9.64239195
   -9.60984357
   -9.52906609
   -9.48756475
   -9.44934036
   -9.43471490
   -9.35696372
   -9.28762454
   -9.17888968
   -9.15670074
   -9.07585712
   -9.03099622
   -9.01937519
   -8.98553469
   -8.91734658
   -8.86978340
   -8.85865878
   -8.79676583
   -8.71887196
   -4.67502459
   -4.29993319
   -4.18457877
   -4.13162953
   -4.10653495
   -4.04249962
   -3.98224885
   -3.95300361
   -3.89168150
   -3.87093020
   -3.84746808
   -3.76788459
   -3.71002321
   -3.63757291
   -3.61186038
   -3.52844415
   -3.50830487
   -3.45762070
   -3.43679915
   -3.39546894
   -3.38156288
   -3.30718082
   -3.24439874
   -3.15053437
   -3.11882905
   -3.05917484
   -2.92283647
   -2.85281327
   -2.74667993
   -2.71681879
   -2.68383903
   -2.56869577
   -2.46570182
   -2.43687719
   -2.22108173
   -1.99048003
   -1.91672138
   -1.27685731
   -0.78418941
   -0.26883813
    0.17253244
    0.19995182
    0.40168662
    0.42717678
    0.61034679
    0.71699587
    0.85553823
    3.61255444
    4.15277354
    4.50916846
    4.80224925
    5.35597601
    7.84509798
    8.67747811
    8.72564499
    9.48754393
    9.54427732
    9.90649544
   10.13833941
   10.20792727
   10.28912520
   10.60563404
   10.79578726
   11.31408109
   11.47234975
   11.74013910
   11.77339202
   12.08229074
   12.19748076
   12.76904455
   13.13367493
   13.40772291
   13.71014363
   13.83730034
   13.98310065
   14.15398842
   14.77115991
   15.05210491
   15.67380037
   16.10286639
   16.52898743
 
 Fillings
     2.00000
     2.00000
     2.00000
     2.00000
     2.00000
     2.00000
     2.00000
     2.00000
     2.00000
     2.00000
     2.00000
     2.00000
     2.00000
     2.00000
     2.00000
     2.00000
     2.00000
     2.00000
     2.00000
     2.00000
     2.00000
     2.00000
     2.00000
     2.00000
     2.00000
     2.00000
     2.00000
     2.00000
     2.00000
     2.00000
     2.00000
     2.00000
     2.00000
     2.00000
     2.00000
     2.00000
     2.00000
     2.00000
     2.00000
     2.00000
     2.00000
     2.00000
     2.00000
     2.00000
     2.00000
     2.00000
     2.00000
     2.00000
     2.00000
     2.00000
     2.00000
     2.00000
     2.00000
     2.00000
     2.00000
     2.00000
     2.00000
     2.00000
     2.00000
     2.00000
     2.00000
     2.00000
     2.00000
     2.00000
     2.00000
     2.00000
     2.00000
     2.00000
     2.00000
     2.00000
     2.00000
     2.00000
     0.00000
     0.00000
     0.00000
     0.00000
     0.00000
     0.00000
     0.00000
     0.00000
     0.00000
     0.00000
     0.00000
     0.00000
     0.00000
     0.00000
     0.00000
     0.00000
     0.00000
     0.00000
     0.00000
     0.00000
     0.00000
     0.00000
     0.00000
     0.00000
     0.00000
     0.00000
     0.00000
     0.00000
     0.00000
     0.00000
     0.00000
     0.00000
     0.00000
     0.00000
     0.00000
     0.00000
     0.00000
     0.00000
     0.00000
     0.00000
     0.00000
     0.00000
     0.00000
     0.00000
     0.00000
     0.00000
     0.00000
     0.00000
     0.00000
     0.00000
     0.00000
     0.00000
     0.00000
     0.00000
     0.00000
     0.00000
     0.00000
     0.00000
     0.00000
     0.00000
     0.00000
     0.00000
     0.00000
     0.00000
     0.00000
     0.00000
     0.00000
     0.00000
     0.00000
     0.00000
     0.00000
     0.00000
     0.00000
     0.00000
     0.00000
     0.00000
     0.00000
     0.00000
     0.00000
     0.00000
     0.00000
 
 Fermi energy:                      -0.2481925510 H           -6.7537 eV
 Band energy:                      -72.5736629381 H        -1974.8298 eV
 TS:                                 0.0000000000 H            0.0000 eV
 Band free energy (E-TS):          -72.5736629381 H        -1974.8298 eV
 Extrapolated E(0K):               -72.5736629381 H        -1974.8298 eV
 
 Energy H0:                        -72.5736629381 H        -1974.8298 eV
 Total Electronic energy:          -72.5736629381 H        -1974.8298 eV
 Repulsive energy:                   2.3397471342 H           63.6678 eV
 Total energy:                     -70.2339158039 H        -1911.1621 eV
 Total Mermin free energy:         -70.2339158039 H        -1911.1621 eV
 
 Non-SCC calculation
 
 Full geometry written in geo_end.{xyz|gen}
 
 Total Forces
 -6.574948399717668E-006  4.258928650724616E-004  4.514042889311720E-002
 -9.639237817986292E-008 -3.514039112077629E-003 -3.791605102508724E-003
  1.108935975423681E-004 -2.583232321041218E-004 -3.586934755073866E-002
  3.999851573698420E-006  8.193654790307273E-004  1.909576054857548E-002
 -7.845611923547614E-007  3.604366881237206E-003 -4.244506830878073E-003
  2.334969034475898E-005  1.444391082713423E-003 -5.602152012303817E-003
 -5.308050508303152E-006 -3.698984842192134E-005  2.146869984017857E-002
 -2.084397480961363E-007  2.072273309077266E-003 -7.657839834610266E-003
 -2.984798285999448E-006 -8.078444559679121E-005 -1.088539653450259E-002
 -1.469471178994031E-005 -9.470341227957105E-004  1.940680568006357E-002
  1.848923064741099E-006 -2.436075668825741E-003 -7.846771455655058E-003
 -4.175647912417740E-005 -1.765008904648365E-003 -6.737679826768983E-003
 -2.094516559493980E-005 -1.129607690538934E-002 -4.323121532960425E-003
 -1.500855839537752E-004  8.057160348499563E-003 -2.032918877039008E-002
 -6.333716899736160E-005  6.580701499287353E-003 -4.298534308634402E-003
 -1.628244137964391E-003 -2.459831750814944E-002 -1.469693981621672E-002
  1.807367510736313E-003 -2.149896663910932E-003 -4.671489038654102E-003
 -2.972759239541160E-005  5.198064798568106E-003 -4.513350387029033E-003
 -1.812778543768128E-004  1.072144486244454E-003 -2.986954036163961E-003
 -1.966492400777911E-005  2.181704593350703E-002  1.467985090832158E-002
  1.723945558601602E-004  9.031414842215146E-003  8.581872408962785E-004
 -1.068677241164450E-004 -3.730504817499414E-004 -1.821660170452183E-003
  7.566230589508779E-006 -4.534313089626835E-002 -3.052854641375127E-003
 -1.323019054862417E-004  1.645563799585685E-003 -6.735496617059016E-003
  1.863329187474681E-004  3.803595962474429E-005 -3.565906764559132E-003
  9.947055265871661E-005  3.158380073385406E-003 -5.004293201133873E-004
 -8.363392797774180E-006  2.783392643188979E-002  3.348149144042087E-002
 
 Total stress tensor
     -0.000021631285      0.000000032938     -0.000000146203
      0.000000032930     -0.000080580095      0.000004395647
     -0.000000146346      0.000004396999     -0.000009970219
 
 Total lattice derivs
      0.030403377537     -0.000046295085      0.000205493093
     -0.000011570888      0.028314396261     -0.001544551236
      0.000032383317     -0.000972966060      0.002206206086
 
 Maximal derivative component:       0.453431E-01 au
 Max force for moved atoms::         0.453431E-01 au
 
 Volume:                             0.104539E+05 au^3
 Pressure:                          -0.373939E-04 au    -0.110017E+10 Pa
 
 Geometry converged
 
