 KPT            1  SPIN            1  KWEIGHT    1.00000000000000     
   -24.80760     2.00000
   -24.74079     2.00000
   -24.72550     2.00000
   -24.64491     2.00000
   -24.55484     2.00000
   -24.45153     2.00000
   -24.41710     2.00000
   -24.34554     2.00000
   -24.31219     2.00000
   -24.30017     2.00000
   -24.27173     2.00000
   -24.26536     2.00000
   -24.25901     2.00000
   -24.22216     2.00000
   -24.18750     2.00000
   -24.17330     2.00000
   -24.17215     2.00000
   -24.16113     2.00000
   -11.77051     2.00000
   -11.71632     2.00000
   -11.69248     2.00000
   -11.67174     2.00000
   -11.32980     2.00000
   -11.22943     2.00000
   -11.16506     2.00000
   -11.15596     2.00000
   -11.10799     2.00000
   -11.07078     2.00000
   -11.05311     2.00000
   -10.98904     2.00000
   -10.97755     2.00000
   -10.96969     2.00000
   -10.90392     2.00000
   -10.82279     2.00000
   -10.71159     2.00000
   -10.64617     2.00000
   -10.58434     2.00000
   -10.48096     2.00000
   -10.45294     2.00000
   -10.41289     2.00000
   -10.40008     2.00000
   -10.31175     2.00000
   -10.30437     2.00000
   -10.25129     2.00000
   -10.21424     2.00000
   -10.17454     2.00000
   -10.13505     2.00000
   -10.12570     2.00000
   -10.09262     2.00000
    -9.98408     2.00000
    -9.94980     2.00000
    -9.76122     2.00000
    -9.73493     2.00000
    -9.68870     2.00000
    -9.63571     2.00000
    -9.63406     2.00000
    -9.52414     2.00000
    -9.50600     2.00000
    -9.44506     2.00000
    -9.42806     2.00000
    -9.37849     2.00000
    -9.32285     2.00000
    -9.19933     2.00000
    -9.18712     2.00000
    -9.08887     2.00000
    -9.07048     2.00000
    -9.02427     2.00000
    -8.94124     2.00000
    -8.91255     2.00000
    -8.89626     2.00000
    -8.85223     2.00000
    -8.79605     2.00000
    -4.11305     0.00000
    -4.08457     0.00000
    -4.05349     0.00000
    -4.00491     0.00000
    -3.98054     0.00000
    -3.92844     0.00000
    -3.91784     0.00000
    -3.88449     0.00000
    -3.87788     0.00000
    -3.81201     0.00000
    -3.78747     0.00000
    -3.62812     0.00000
    -3.62464     0.00000
    -3.58983     0.00000
    -3.52160     0.00000
    -3.51908     0.00000
    -3.48760     0.00000
    -3.46904     0.00000
    -3.40155     0.00000
    -3.38929     0.00000
    -3.26483     0.00000
    -3.24509     0.00000
    -3.12559     0.00000
    -3.08955     0.00000
    -3.06382     0.00000
    -2.87788     0.00000
    -2.84536     0.00000
    -2.77852     0.00000
    -2.68230     0.00000
    -2.66427     0.00000
    -2.61410     0.00000
    -2.46412     0.00000
    -2.45509     0.00000
    -2.12886     0.00000
    -1.97707     0.00000
    -1.84485     0.00000
    -1.75935     0.00000
    -0.32669     0.00000
    -0.16496     0.00000
     0.12300     0.00000
     0.14931     0.00000
     0.28251     0.00000
     0.32078     0.00000
     0.47370     0.00000
     0.60975     0.00000
     0.79048     0.00000
     4.06497     0.00000
     4.49662     0.00000
     4.53205     0.00000
     5.06477     0.00000
     7.44294     0.00000
     7.51209     0.00000
     8.19975     0.00000
     8.20544     0.00000
     9.22132     0.00000
     9.26454     0.00000
     9.39442     0.00000
     9.89476     0.00000
     9.92964     0.00000
    10.15807     0.00000
    10.23456     0.00000
    10.33619     0.00000
    10.60835     0.00000
    10.64936     0.00000
    10.78120     0.00000
    11.62847     0.00000
    11.95567     0.00000
    12.50239     0.00000
    12.57312     0.00000
    12.77547     0.00000
    13.23407     0.00000
    13.33453     0.00000
    13.76061     0.00000
    13.84643     0.00000
    13.87005     0.00000
    14.12127     0.00000
    14.56172     0.00000
    15.10221     0.00000
    15.37802     0.00000
    15.66728     0.00000
    16.48915     0.00000
 
