 Fermi distribution function
 
 Coordinates of moved atoms (au):
    1      0.00000000      3.71886736     12.01815780
    2      0.00000000      0.00000000     11.33835593
    3      3.71886736      3.71886736     12.69795967
    4      0.00000000     11.15660209     12.01815780
    5      0.00000000      7.43773472     11.33835593
    6      3.71886736     11.15660209     12.69795967
    7      0.00000000     18.59433681     12.01815780
    8      0.00000000     14.87546945     11.33835593
    9      3.71886736     18.59433681     12.69795967
   10      0.00000000     26.03207153     12.01815780
   11      0.00000000     22.31320417     11.33835593
   12      3.71886736     26.03207153     12.69795967
   13      3.71730827     10.85614398     16.30558569
   14      3.69863740     17.60965602     16.30333113
   15      3.72318460      0.63381014     17.53551118
   16      7.43616148     10.87260420     15.75673250
   17      7.43348553     26.58040723     15.75438628
   18      3.70920815      7.43758105     17.62422620
   19      3.69054196     24.84575356     19.16700594
   20      3.71729584      4.01952417     16.30563570
   21      6.06735340     22.31346523     19.09215183
   22      7.33499967     22.31328567     22.26226790
   23      7.43614895      4.00280841     15.75673767
   24      3.69021220     19.78035107     19.16694027
   25      3.72317146     14.24177616     17.53543126
   26      7.43259981     18.04618249     15.75442427
   27      3.69757814     27.01659890     16.30347789
 
 COMPONENT = q
  
 Eigenvalues /H
   -0.91166246
   -0.90920730
   -0.90864557
   -0.90568370
   -0.90237395
   -0.89857722
   -0.89731189
   -0.89468211
   -0.89345673
   -0.89301482
   -0.89196950
   -0.89173557
   -0.89150215
   -0.89014810
   -0.88887412
   -0.88835227
   -0.88831001
   -0.88790514
   -0.43255819
   -0.43056699
   -0.42969067
   -0.42892855
   -0.41636255
   -0.41267414
   -0.41030845
   -0.40997406
   -0.40821099
   -0.40684364
   -0.40619449
   -0.40383988
   -0.40341767
   -0.40312852
   -0.40071176
   -0.39773031
   -0.39364379
   -0.39123954
   -0.38896738
   -0.38516806
   -0.38413842
   -0.38266668
   -0.38219607
   -0.37894985
   -0.37867872
   -0.37672790
   -0.37536654
   -0.37390750
   -0.37245630
   -0.37211260
   -0.37089692
   -0.36690823
   -0.36564831
   -0.35871806
   -0.35775207
   -0.35605304
   -0.35410585
   -0.35404517
   -0.35000582
   -0.34933913
   -0.34709940
   -0.34647469
   -0.34465328
   -0.34260836
   -0.33806898
   -0.33762028
   -0.33400995
   -0.33333415
   -0.33163586
   -0.32858466
   -0.32753004
   -0.32693148
   -0.32531329
   -0.32324875
   -0.15115178
   -0.15010526
   -0.14896319
   -0.14717771
   -0.14628200
   -0.14436735
   -0.14397809
   -0.14275237
   -0.14250948
   -0.14008892
   -0.13918691
   -0.13333095
   -0.13320321
   -0.13192381
   -0.12941643
   -0.12932391
   -0.12816711
   -0.12748480
   -0.12500478
   -0.12455422
   -0.11998046
   -0.11925499
   -0.11486323
   -0.11353880
   -0.11259341
   -0.10575999
   -0.10456509
   -0.10210888
   -0.09857280
   -0.09790995
   -0.09606641
   -0.09055457
   -0.09022302
   -0.07823411
   -0.07265596
   -0.06779705
   -0.06465477
   -0.01200566
   -0.00606203
    0.00452020
    0.00548718
    0.01038190
    0.01178830
    0.01740826
    0.02240785
    0.02904956
    0.14938503
    0.16524781
    0.16654972
    0.18612687
    0.27352289
    0.27606421
    0.30133511
    0.30154420
    0.33887746
    0.34046565
    0.34523863
    0.36362574
    0.36490747
    0.37330230
    0.37611320
    0.37984785
    0.38984979
    0.39135661
    0.39620189
    0.42733850
    0.43936281
    0.45945429
    0.46205360
    0.46948982
    0.48634320
    0.49003499
    0.50569302
    0.50884691
    0.50971496
    0.51894709
    0.53513343
    0.55499599
    0.56513195
    0.57576207
    0.60596494
 
 Eigenvalues /eV
  -24.80759778
  -24.74078955
  -24.72550388
  -24.64490747
  -24.55484445
  -24.45153018
  -24.41709875
  -24.34553881
  -24.31219459
  -24.30016961
  -24.27172513
  -24.26535957
  -24.25900786
  -24.22216209
  -24.18749551
  -24.17329527
  -24.17214523
  -24.16112828
  -11.77050724
  -11.71632402
  -11.69247797
  -11.67173980
  -11.32980138
  -11.22943482
  -11.16506098
  -11.15596187
  -11.10798608
  -11.07077860
  -11.05311443
  -10.98904227
  -10.97755324
  -10.96968517
  -10.90392187
  -10.82279235
  -10.71159260
  -10.64616962
  -10.58434094
  -10.48095626
  -10.45293822
  -10.41289019
  -10.40008429
  -10.31175020
  -10.30437235
  -10.25128768
  -10.21424328
  -10.17454069
  -10.13505169
  -10.12569911
  -10.09261866
   -9.98408091
   -9.94979685
   -9.76121500
   -9.73492916
   -9.68869607
   -9.63571031
   -9.63405922
   -9.52414290
   -9.50600144
   -9.44505519
   -9.42805596
   -9.37849303
   -9.32284781
   -9.19932510
   -9.18711528
   -9.08887321
   -9.07048375
   -9.02427100
   -8.94124341
   -8.91254587
   -8.89625828
   -8.85222511
   -8.79604589
   -4.11304909
   -4.08457197
   -4.05349455
   -4.00490924
   -3.98053575
   -3.92843538
   -3.91784320
   -3.88448951
   -3.87788013
   -3.81201357
   -3.78746841
   -3.62811975
   -3.62464363
   -3.58982946
   -3.52160033
   -3.51908254
   -3.48760448
   -3.46903804
   -3.40155316
   -3.38929267
   -3.26483439
   -3.24509326
   -3.12558765
   -3.08954806
   -3.06382263
   -2.87787570
   -2.84536098
   -2.77852390
   -2.68230236
   -2.66426532
   -2.61410012
   -2.46411524
   -2.45509322
   -2.12885841
   -1.97706938
   -1.84485158
   -1.75934577
   -0.32669066
   -0.16495616
    0.12300102
    0.14931386
    0.28250590
    0.32077606
    0.47370274
    0.60974856
    0.79047872
    4.06497349
    4.49662182
    4.53204845
    5.06476972
    7.44293649
    7.51208926
    8.19974565
    8.20543508
    9.22132474
    9.26454167
    9.39442111
    9.89475987
    9.92963737
   10.15807255
   10.23456088
   10.33618597
   10.60835249
   10.64935532
   10.78120209
   11.62847215
   11.95567025
   12.50238726
   12.57311808
   12.77546799
   13.23407189
   13.33453052
   13.76060714
   13.84642884
   13.87004989
   14.12126894
   14.56172150
   15.10220934
   15.37802290
   15.66728308
   16.48914503
 
 Fillings
     2.00000
     2.00000
     2.00000
     2.00000
     2.00000
     2.00000
     2.00000
     2.00000
     2.00000
     2.00000
     2.00000
     2.00000
     2.00000
     2.00000
     2.00000
     2.00000
     2.00000
     2.00000
     2.00000
     2.00000
     2.00000
     2.00000
     2.00000
     2.00000
     2.00000
     2.00000
     2.00000
     2.00000
     2.00000
     2.00000
     2.00000
     2.00000
     2.00000
     2.00000
     2.00000
     2.00000
     2.00000
     2.00000
     2.00000
     2.00000
     2.00000
     2.00000
     2.00000
     2.00000
     2.00000
     2.00000
     2.00000
     2.00000
     2.00000
     2.00000
     2.00000
     2.00000
     2.00000
     2.00000
     2.00000
     2.00000
     2.00000
     2.00000
     2.00000
     2.00000
     2.00000
     2.00000
     2.00000
     2.00000
     2.00000
     2.00000
     2.00000
     2.00000
     2.00000
     2.00000
     2.00000
     2.00000
     0.00000
     0.00000
     0.00000
     0.00000
     0.00000
     0.00000
     0.00000
     0.00000
     0.00000
     0.00000
     0.00000
     0.00000
     0.00000
     0.00000
     0.00000
     0.00000
     0.00000
     0.00000
     0.00000
     0.00000
     0.00000
     0.00000
     0.00000
     0.00000
     0.00000
     0.00000
     0.00000
     0.00000
     0.00000
     0.00000
     0.00000
     0.00000
     0.00000
     0.00000
     0.00000
     0.00000
     0.00000
     0.00000
     0.00000
     0.00000
     0.00000
     0.00000
     0.00000
     0.00000
     0.00000
     0.00000
     0.00000
     0.00000
     0.00000
     0.00000
     0.00000
     0.00000
     0.00000
     0.00000
     0.00000
     0.00000
     0.00000
     0.00000
     0.00000
     0.00000
     0.00000
     0.00000
     0.00000
     0.00000
     0.00000
     0.00000
     0.00000
     0.00000
     0.00000
     0.00000
     0.00000
     0.00000
     0.00000
     0.00000
     0.00000
     0.00000
     0.00000
     0.00000
     0.00000
     0.00000
     0.00000
 
 Fermi energy:                      -0.1528487599 H           -4.1592 eV
 Band energy:                      -72.6827172387 H        -1977.7974 eV
 TS:                                 0.0000000000 H            0.0000 eV
 Band free energy (E-TS):          -72.6827172387 H        -1977.7974 eV
 Extrapolated E(0K):               -72.6827172387 H        -1977.7974 eV
 
 Energy H0:                        -72.6827172387 H        -1977.7974 eV
 Total Electronic energy:          -72.6827172387 H        -1977.7974 eV
 Repulsive energy:                   2.3453918719 H           63.8214 eV
 Total energy:                     -70.3373253669 H        -1913.9760 eV
 Total Mermin free energy:         -70.3373253669 H        -1913.9760 eV
 
 Non-SCC calculation
 
 Full geometry written in geo_end.{xyz|gen}
 
 Total Forces
 -9.848601470373071E-006  1.101965631389801E-003  1.717596025876054E-002
 -1.257023151984941E-007  2.885253046215651E-003 -6.619965432752648E-003
 -9.157924522347865E-005  1.984057880985442E-003 -9.166959112997267E-003
 -9.766395501925041E-006 -1.103294176810606E-003  1.717438792104466E-002
  1.883546534195739E-007  1.172551647281289E-007 -7.872513249108311E-003
 -9.080434517624042E-005 -1.979121991271312E-003 -9.184212652767254E-003
 -1.622970551620881E-004 -5.275885727533090E-004  2.206305776637722E-002
  6.940782194381848E-007 -2.884674114926162E-003 -6.618414507349173E-003
 -2.518004155222110E-004 -7.438479547823666E-004 -1.374454130396245E-002
 -1.558133827677603E-004  5.297411200906026E-004  2.205852210316471E-002
  1.350717928049039E-005  9.503326553820623E-008 -1.337880259676162E-003
 -2.135661337160136E-004  7.445925308546646E-004 -1.373145394212127E-002
  2.088810284042107E-005 -8.953864204840737E-003 -5.134007248198423E-003
  6.089513261068128E-003 -6.877570028447333E-003  8.268884768404892E-003
 -3.440802947111661E-004 -1.728508752790146E-004 -2.397533585128508E-003
  7.739782324610496E-005 -5.456973121271882E-005  2.693660937411815E-003
 -1.095187993827687E-002 -6.705966934428278E-003  1.164817612873820E-003
  3.452922728081493E-004 -2.394883580441118E-005 -8.422880174762212E-003
 -1.135013525417436E-003  1.727108544320739E-003 -7.409991050099110E-003
  2.143017188051158E-005  8.938831828661627E-003 -5.130677256826949E-003
  1.505968651530956E-002  2.454751952056966E-005  1.531584284003731E-002
 -3.749276407236560E-003  1.393947338686563E-006 -1.153519043337764E-002
  7.868184711944289E-005  5.560106881047702E-005  2.688161880782122E-003
 -1.177297084654000E-003 -1.748496988528421E-003 -7.400835006865183E-003
 -3.428240253078700E-004  8.439114659889932E-005 -2.349882253063207E-003
 -1.000465584832957E-002  6.693329002943103E-003  1.155778650003686E-003
  6.983348794363206E-003  7.004768852924132E-003  8.297862730194769E-003
 
 Total stress tensor
     -0.000013241554      0.000000041096      0.000002656669
      0.000000041046     -0.000097495810     -0.000000013871
      0.000002657021     -0.000000013859     -0.000014275416
 
 Total lattice derivs
      0.018611375341     -0.000057761728     -0.003734023364
     -0.000014422761      0.034258274294      0.000004874017
     -0.000587944534      0.000003066658      0.003158858138
 
 Maximal derivative component:       0.220631E-01 au
 Max force for moved atoms::         0.220631E-01 au
 
 Volume:                             0.104539E+05 au^3
 Pressure:                          -0.416709E-04 au    -0.122600E+10 Pa
 
 Geometry converged
 
