 KPT            1  SPIN            1  KWEIGHT    1.00000000000000     
   -24.82175     2.00000
   -24.75473     2.00000
   -24.70950     2.00000
   -24.63411     2.00000
   -24.53101     2.00000
   -24.47250     2.00000
   -24.44064     2.00000
   -24.38111     2.00000
   -24.35949     2.00000
   -24.31130     2.00000
   -24.28767     2.00000
   -24.27480     2.00000
   -24.25860     2.00000
   -24.23380     2.00000
   -24.18230     2.00000
   -24.17367     2.00000
   -24.14361     2.00000
   -24.11307     2.00000
   -11.76879     2.00000
   -11.71267     2.00000
   -11.58355     2.00000
   -11.48236     2.00000
   -11.40381     2.00000
   -11.34999     2.00000
   -11.18696     2.00000
   -11.15771     2.00000
   -11.11840     2.00000
   -11.06480     2.00000
   -11.05136     2.00000
   -11.02048     2.00000
   -10.97363     2.00000
   -10.95830     2.00000
   -10.94721     2.00000
   -10.88977     2.00000
   -10.74894     2.00000
   -10.64610     2.00000
   -10.60423     2.00000
   -10.52123     2.00000
   -10.46748     2.00000
   -10.43003     2.00000
   -10.37126     2.00000
   -10.33618     2.00000
   -10.27062     2.00000
   -10.23440     2.00000
   -10.17591     2.00000
   -10.13902     2.00000
   -10.10762     2.00000
   -10.03154     2.00000
    -9.96755     2.00000
    -9.93306     2.00000
    -9.84890     2.00000
    -9.75468     2.00000
    -9.68847     2.00000
    -9.65271     2.00000
    -9.61062     2.00000
    -9.56422     2.00000
    -9.51668     2.00000
    -9.48949     2.00000
    -9.44611     2.00000
    -9.40374     2.00000
    -9.32233     2.00000
    -9.26288     2.00000
    -9.17113     2.00000
    -9.13423     2.00000
    -9.10661     2.00000
    -9.01379     2.00000
    -8.93886     2.00000
    -8.90155     2.00000
    -8.88170     2.00000
    -8.84606     2.00000
    -8.80154     2.00000
    -8.78981     2.00000
    -4.52056     0.00000
    -4.32249     0.00000
    -4.14772     0.00000
    -4.09951     0.00000
    -4.06326     0.00000
    -4.02870     0.00000
    -4.00637     0.00000
    -3.95039     0.00000
    -3.92495     0.00000
    -3.87424     0.00000
    -3.83255     0.00000
    -3.79946     0.00000
    -3.72662     0.00000
    -3.71905     0.00000
    -3.61415     0.00000
    -3.56887     0.00000
    -3.49778     0.00000
    -3.46749     0.00000
    -3.43510     0.00000
    -3.38921     0.00000
    -3.34054     0.00000
    -3.28365     0.00000
    -3.24210     0.00000
    -3.13017     0.00000
    -3.09288     0.00000
    -2.99182     0.00000
    -2.86761     0.00000
    -2.78768     0.00000
    -2.74296     0.00000
    -2.64289     0.00000
    -2.60525     0.00000
    -2.50125     0.00000
    -2.34206     0.00000
    -2.18490     0.00000
    -2.08172     0.00000
    -1.86361     0.00000
    -1.71124     0.00000
    -1.55885     0.00000
    -1.29901     0.00000
    -0.32571     0.00000
    -0.16559     0.00000
     0.17694     0.00000
     0.24369     0.00000
     0.43801     0.00000
     0.59123     0.00000
     0.79481     0.00000
     1.09720     0.00000
     4.14438     0.00000
     4.58554     0.00000
     4.62790     0.00000
     5.16927     0.00000
     6.35230     0.00000
     7.54336     0.00000
     7.75646     0.00000
     7.93243     0.00000
     8.67174     0.00000
     9.10199     0.00000
     9.32895     0.00000
     9.92518     0.00000
    10.20862     0.00000
    10.27854     0.00000
    10.46452     0.00000
    10.56376     0.00000
    11.08664     0.00000
    11.45022     0.00000
    11.82992     0.00000
    11.92941     0.00000
    12.11925     0.00000
    12.28824     0.00000
    12.69843     0.00000
    13.21310     0.00000
    13.34745     0.00000
    13.58936     0.00000
    14.00611     0.00000
    14.50400     0.00000
    14.99717     0.00000
    15.42343     0.00000
    16.08692     0.00000
    16.31906     0.00000
    16.64591     0.00000
    17.81757     0.00000
 
