 Fermi distribution function
 
 Coordinates of moved atoms (au):
    1      0.00000000      3.71886736     12.01815780
    2      0.00000000      0.00000000     11.33835593
    3      3.71886736      3.71886736     12.69795967
    4      0.00000000     11.15660209     12.01815780
    5      0.00000000      7.43773472     11.33835593
    6      3.71886736     11.15660209     12.69795967
    7      0.00000000     18.59433681     12.01815780
    8      0.00000000     14.87546945     11.33835593
    9      3.71886736     18.59433681     12.69795967
   10      0.00000000     26.03207153     12.01815780
   11      0.00000000     22.31320417     11.33835593
   12      3.71886736     26.03207153     12.69795967
   13      3.69032879     10.92853267     16.35064450
   14      7.40564907     10.81976801     15.73666871
   15      3.66760070     17.89317351     16.24316464
   16      7.37102911     17.99443065     15.72367499
   17      3.22247718     21.09370643     17.92626256
   18      3.60287855      7.94190935     18.35265415
   19      1.93444846      4.82510896     18.40148876
   20      0.00807478      4.65238822     15.58339427
   21      1.37859415     24.00490151     18.33226556
   22      7.38629997      4.58135052     21.05556234
   23      7.38103295     26.26084528     15.89251404
   24      3.96160834      1.87834178     18.08556512
   25      3.49179169     26.28430365     19.91956331
   26      4.90939859     28.41862621     17.58059671
   27      3.63112445     14.44574377     17.21177005
 
 COMPONENT = q
  
 Eigenvalues /H
   -0.91218249
   -0.90971952
   -0.90805760
   -0.90528692
   -0.90149803
   -0.89934790
   -0.89817719
   -0.89598916
   -0.89519468
   -0.89342391
   -0.89255533
   -0.89208256
   -0.89148719
   -0.89057583
   -0.88868313
   -0.88836610
   -0.88726141
   -0.88613906
   -0.43249522
   -0.43043283
   -0.42568779
   -0.42196883
   -0.41908229
   -0.41710450
   -0.41111305
   -0.41003826
   -0.40859359
   -0.40662385
   -0.40613005
   -0.40499502
   -0.40327348
   -0.40271023
   -0.40230257
   -0.40019151
   -0.39501636
   -0.39123681
   -0.38969831
   -0.38664791
   -0.38467294
   -0.38329648
   -0.38113693
   -0.37984760
   -0.37743826
   -0.37610742
   -0.37395794
   -0.37260205
   -0.37144802
   -0.36865227
   -0.36630087
   -0.36503322
   -0.36194060
   -0.35847788
   -0.35604480
   -0.35473054
   -0.35318389
   -0.35147868
   -0.34973142
   -0.34873246
   -0.34713799
   -0.34558119
   -0.34258921
   -0.34040465
   -0.33703300
   -0.33567666
   -0.33466168
   -0.33125066
   -0.32849709
   -0.32712598
   -0.32639644
   -0.32508665
   -0.32345049
   -0.32301976
   -0.16612746
   -0.15884849
   -0.15242591
   -0.15065427
   -0.14932212
   -0.14805200
   -0.14723148
   -0.14517413
   -0.14423939
   -0.14237566
   -0.14084346
   -0.13962750
   -0.13695085
   -0.13667247
   -0.13281774
   -0.13115340
   -0.12854093
   -0.12742792
   -0.12623745
   -0.12455109
   -0.12276272
   -0.12067202
   -0.11914496
   -0.11503170
   -0.11366141
   -0.10994723
   -0.10538282
   -0.10244530
   -0.10080195
   -0.09712447
   -0.09574106
   -0.09191918
   -0.08606914
   -0.08029368
   -0.07650164
   -0.06848628
   -0.06288707
   -0.05728652
   -0.04773757
   -0.01196951
   -0.00608540
    0.00650226
    0.00895561
    0.01609647
    0.02172729
    0.02920861
    0.04032145
    0.15230326
    0.16851534
    0.17007204
    0.18996711
    0.23344256
    0.27721346
    0.28504463
    0.29151137
    0.31868066
    0.33449187
    0.34283250
    0.36474378
    0.37515990
    0.37772949
    0.38456388
    0.38821110
    0.40742655
    0.42078769
    0.43474173
    0.43839791
    0.44537419
    0.45158465
    0.46665891
    0.48557235
    0.49050968
    0.49939980
    0.51471503
    0.53301208
    0.55113592
    0.56680080
    0.59118360
    0.59971444
    0.61172593
    0.65478366
 
 Eigenvalues /eV
  -24.82174835
  -24.75472754
  -24.70950448
  -24.63411042
  -24.53100939
  -24.47250154
  -24.44064491
  -24.38110553
  -24.35948669
  -24.31130158
  -24.28766623
  -24.27480166
  -24.25860080
  -24.23380121
  -24.18229825
  -24.17367150
  -24.14361148
  -24.11307077
  -11.76879380
  -11.71267328
  -11.58355413
  -11.48235618
  -11.40380937
  -11.34999100
  -11.18695535
  -11.15770888
  -11.11839723
  -11.06479800
  -11.05136083
  -11.02047513
  -10.97362978
  -10.95830304
  -10.94720985
  -10.88976512
  -10.74894199
  -10.64609514
  -10.60423053
  -10.52122502
  -10.46748336
  -10.43002803
  -10.37126348
  -10.33617918
  -10.27061770
  -10.23440361
  -10.17591317
  -10.13901758
  -10.10761500
  -10.03153867
   -9.96755388
   -9.93305938
   -9.84890471
   -9.75467946
   -9.68847193
   -9.65270899
   -9.61062255
   -9.56422146
   -9.51667622
   -9.48949313
   -9.44610544
   -9.40374268
   -9.32232680
   -9.26288192
   -9.17113460
   -9.13422654
   -9.10660774
   -9.01378903
   -8.93886071
   -8.90155072
   -8.88169915
   -8.84605796
   -8.80153553
   -8.78981478
   -4.52055827
   -4.32248739
   -4.14772009
   -4.09951114
   -4.06326163
   -4.02869982
   -4.00637252
   -3.95038901
   -3.92495346
   -3.87423876
   -3.83254563
   -3.79945771
   -3.72662220
   -3.71904713
   -3.61415458
   -3.56886567
   -3.49777677
   -3.46749023
   -3.43509573
   -3.38920747
   -3.34054355
   -3.28365260
   -3.24209940
   -3.13017188
   -3.09288432
   -2.99181641
   -2.86761233
   -2.78767840
   -2.74296065
   -2.64289119
   -2.60524684
   -2.50124813
   -2.34206043
   -2.18490213
   -2.08171565
   -1.86360653
   -1.71124416
   -1.55884558
   -1.29900539
   -0.32570684
   -0.16559216
    0.17693540
    0.24369453
    0.43800711
    0.59122965
    0.79480666
    1.09720249
    4.14438251
    4.58553561
    4.62789571
    5.16926811
    6.35229534
    7.54336218
    7.75645914
    7.93242804
    8.67174194
    9.10198702
    9.32894684
    9.92518332
   10.20862042
   10.27854246
   10.46451558
   10.56376164
   11.08664048
   11.45021557
   11.82992438
   11.92941400
   12.11924825
   12.28824342
   12.69843495
   13.21309605
   13.34744763
   13.58935996
   14.00610870
   14.50399665
   14.99717135
   15.42343457
   16.08692435
   16.31906012
   16.64590962
   17.81756980
 
 Fillings
     2.00000
     2.00000
     2.00000
     2.00000
     2.00000
     2.00000
     2.00000
     2.00000
     2.00000
     2.00000
     2.00000
     2.00000
     2.00000
     2.00000
     2.00000
     2.00000
     2.00000
     2.00000
     2.00000
     2.00000
     2.00000
     2.00000
     2.00000
     2.00000
     2.00000
     2.00000
     2.00000
     2.00000
     2.00000
     2.00000
     2.00000
     2.00000
     2.00000
     2.00000
     2.00000
     2.00000
     2.00000
     2.00000
     2.00000
     2.00000
     2.00000
     2.00000
     2.00000
     2.00000
     2.00000
     2.00000
     2.00000
     2.00000
     2.00000
     2.00000
     2.00000
     2.00000
     2.00000
     2.00000
     2.00000
     2.00000
     2.00000
     2.00000
     2.00000
     2.00000
     2.00000
     2.00000
     2.00000
     2.00000
     2.00000
     2.00000
     2.00000
     2.00000
     2.00000
     2.00000
     2.00000
     2.00000
     0.00000
     0.00000
     0.00000
     0.00000
     0.00000
     0.00000
     0.00000
     0.00000
     0.00000
     0.00000
     0.00000
     0.00000
     0.00000
     0.00000
     0.00000
     0.00000
     0.00000
     0.00000
     0.00000
     0.00000
     0.00000
     0.00000
     0.00000
     0.00000
     0.00000
     0.00000
     0.00000
     0.00000
     0.00000
     0.00000
     0.00000
     0.00000
     0.00000
     0.00000
     0.00000
     0.00000
     0.00000
     0.00000
     0.00000
     0.00000
     0.00000
     0.00000
     0.00000
     0.00000
     0.00000
     0.00000
     0.00000
     0.00000
     0.00000
     0.00000
     0.00000
     0.00000
     0.00000
     0.00000
     0.00000
     0.00000
     0.00000
     0.00000
     0.00000
     0.00000
     0.00000
     0.00000
     0.00000
     0.00000
     0.00000
     0.00000
     0.00000
     0.00000
     0.00000
     0.00000
     0.00000
     0.00000
     0.00000
     0.00000
     0.00000
     0.00000
     0.00000
     0.00000
     0.00000
     0.00000
     0.00000
 
 Fermi energy:                      -0.2278847990 H           -6.2011 eV
 Band energy:                      -72.6081924316 H        -1975.7694 eV
 TS:                                 0.0000000000 H            0.0000 eV
 Band free energy (E-TS):          -72.6081924316 H        -1975.7694 eV
 Extrapolated E(0K):               -72.6081924316 H        -1975.7694 eV
 
 Energy H0:                        -72.6081924316 H        -1975.7694 eV
 Total Electronic energy:          -72.6081924316 H        -1975.7694 eV
 Repulsive energy:                   2.3557248213 H           64.1025 eV
 Total energy:                     -70.2524676103 H        -1911.6669 eV
 Total Mermin free energy:         -70.2524676103 H        -1911.6669 eV
 
 Non-SCC calculation
 
 Full geometry written in geo_end.{xyz|gen}
 
 Total Forces
 -1.257269074160931E-003  9.459008967134426E-003  3.693436841192511E-002
 -9.389927077712973E-005  3.314158051835870E-004 -2.260598307541287E-003
  6.957601533491449E-004 -6.523635427849049E-003 -2.926244833340453E-002
 -2.503230891376944E-004 -2.435125506419578E-003  1.597043846977209E-002
  2.502056707508496E-006  4.584084349146867E-003 -1.407808155706594E-002
 -2.005863394514140E-003 -4.055081976063643E-003 -6.122147435002778E-003
 -1.490982090570217E-002  8.333561667654560E-004  7.186658379779165E-004
  5.017808417635093E-005 -3.086451266135245E-003 -7.319508101485062E-003
 -3.550823880760716E-003 -1.393211617957333E-003 -1.190429839111759E-002
  1.407265359376267E-003  1.377589146731882E-003  3.651087441291524E-002
  3.570373806623535E-005 -7.591022910192436E-004 -1.689540943052119E-003
 -7.175360777661699E-004  4.396386956111822E-003 -1.583845040850675E-002
 -4.158018340915607E-004  2.092824161124397E-002 -1.104311196911547E-002
  1.544434989508546E-003  1.599520566664233E-003  4.820625811359558E-003
  9.380913058817497E-003  1.574495003450288E-002  1.341300803046929E-002
  1.333601943993115E-003  1.934240818518477E-003  1.943672523126785E-003
 -7.591740712207529E-004  3.689235307528446E-004 -2.667206753881605E-003
  4.717174498067148E-003  1.236194170660361E-002 -1.055440388874423E-003
  1.538339353780391E-002 -1.006781964828588E-002 -1.439356980193982E-002
 -4.052993285667980E-003 -5.396249923264332E-003 -3.802141400977926E-003
  5.799682217870999E-003 -4.528529990379448E-003  4.270885459065656E-004
 -1.227432721221244E-002  1.499389434987189E-004  1.685640882907513E-002
  9.074362786648730E-003 -1.068269908046759E-003 -1.521356774493401E-003
 -8.552904139536081E-003  2.794345765292021E-002  4.874540012714167E-003
  4.052567496138720E-003 -1.533412238231202E-004 -5.513157867739926E-003
 -5.537697814853110E-003 -4.425000312056455E-002 -1.033312591684289E-002
  9.008941298765611E-004 -1.829623435597089E-002  6.334493465799888E-003
 
 Total stress tensor
     -0.000010882524      0.000003080425      0.000006574176
      0.000003077247     -0.000083013054     -0.000004091627
      0.000006573987     -0.000004093495     -0.000000863876
 
 Total lattice derivs
      0.015295693518     -0.004329623075     -0.009240189072
     -0.001081289275      0.029169294100      0.001437724224
     -0.001454689067      0.000905806959      0.000191158174
 
 Maximal derivative component:       0.442500E-01 au
 Max force for moved atoms::         0.442500E-01 au
 
 Volume:                             0.104539E+05 au^3
 Pressure:                          -0.315865E-04 au    -0.929306E+09 Pa
 
 Geometry converged
 
