 KPT            1  SPIN            1  KWEIGHT    1.00000000000000     
   -24.86389     2.00000
   -24.76451     2.00000
   -24.76310     2.00000
   -24.64003     2.00000
   -24.52022     2.00000
   -24.45514     2.00000
   -24.42875     2.00000
   -24.37494     2.00000
   -24.34238     2.00000
   -24.31512     2.00000
   -24.27635     2.00000
   -24.26128     2.00000
   -24.26050     2.00000
   -24.24500     2.00000
   -24.18901     2.00000
   -24.17577     2.00000
   -24.17496     2.00000
   -24.02717     2.00000
   -11.77656     2.00000
   -11.72069     2.00000
   -11.69974     2.00000
   -11.67163     2.00000
   -11.32966     2.00000
   -11.24072     2.00000
   -11.18524     2.00000
   -11.12618     2.00000
   -11.11185     2.00000
   -11.07884     2.00000
   -11.05058     2.00000
   -11.01774     2.00000
   -10.99186     2.00000
   -10.97512     2.00000
   -10.94366     2.00000
   -10.91689     2.00000
   -10.77743     2.00000
   -10.71066     2.00000
   -10.58002     2.00000
   -10.56982     2.00000
   -10.49456     2.00000
   -10.44593     2.00000
   -10.42097     2.00000
   -10.39013     2.00000
   -10.32540     2.00000
   -10.32207     2.00000
   -10.25161     2.00000
   -10.19742     2.00000
   -10.16265     2.00000
   -10.13840     2.00000
   -10.10767     2.00000
    -9.97693     2.00000
    -9.95627     2.00000
    -9.80384     2.00000
    -9.77364     2.00000
    -9.68549     2.00000
    -9.62417     2.00000
    -9.55520     2.00000
    -9.50769     2.00000
    -9.47505     2.00000
    -9.44277     2.00000
    -9.38857     2.00000
    -9.37648     2.00000
    -9.19933     2.00000
    -9.13058     2.00000
    -9.08642     2.00000
    -9.05424     2.00000
    -9.04319     2.00000
    -8.99274     2.00000
    -8.94325     2.00000
    -8.92318     2.00000
    -8.88724     2.00000
    -8.77029     2.00000
    -8.66456     2.00000
    -4.13871     0.00000
    -4.11263     0.00000
    -4.07239     0.00000
    -4.03218     0.00000
    -3.98327     0.00000
    -3.96620     0.00000
    -3.90394     0.00000
    -3.87456     0.00000
    -3.87112     0.00000
    -3.78452     0.00000
    -3.77251     0.00000
    -3.65800     0.00000
    -3.61478     0.00000
    -3.58824     0.00000
    -3.55795     0.00000
    -3.52287     0.00000
    -3.50006     0.00000
    -3.46955     0.00000
    -3.39614     0.00000
    -3.38043     0.00000
    -3.30721     0.00000
    -3.28373     0.00000
    -3.09883     0.00000
    -3.06791     0.00000
    -3.00473     0.00000
    -2.89786     0.00000
    -2.81599     0.00000
    -2.74236     0.00000
    -2.65506     0.00000
    -2.64328     0.00000
    -2.51588     0.00000
    -2.50733     0.00000
    -2.41132     0.00000
    -2.14825     0.00000
    -1.92372     0.00000
    -1.83930     0.00000
    -1.71883     0.00000
    -0.55892     0.00000
    -0.25466     0.00000
     0.16156     0.00000
     0.20101     0.00000
     0.32709     0.00000
     0.35348     0.00000
     0.52031     0.00000
     0.69182     0.00000
     0.86099     0.00000
     3.92942     0.00000
     4.30124     0.00000
     4.48337     0.00000
     5.01714     0.00000
     7.88318     0.00000
     7.92910     0.00000
     8.16037     0.00000
     8.20909     0.00000
     9.33576     0.00000
     9.38160     0.00000
     9.55068     0.00000
     9.78148     0.00000
     9.83623     0.00000
    10.16906     0.00000
    10.27470     0.00000
    10.47833     0.00000
    10.65384     0.00000
    10.83841     0.00000
    10.95266     0.00000
    11.20990     0.00000
    11.99903     0.00000
    12.13148     0.00000
    12.66004     0.00000
    12.78169     0.00000
    13.31909     0.00000
    13.67985     0.00000
    13.95722     0.00000
    14.02022     0.00000
    14.30234     0.00000
    14.52464     0.00000
    14.92623     0.00000
    15.35389     0.00000
    15.78302     0.00000
    15.90138     0.00000
    17.10966     0.00000
 
