 Fermi distribution function
 
 Coordinates of moved atoms (au):
    1      0.00000000      3.71886736     12.01815780
    2      0.00000000      0.00000000     11.33835593
    3      3.71886736      3.71886736     12.69795967
    4      0.00000000     11.15660209     12.01815780
    5      0.00000000      7.43773472     11.33835593
    6      3.71886736     11.15660209     12.69795967
    7      0.00000000     18.59433681     12.01815780
    8      0.00000000     14.87546945     11.33835593
    9      3.71886736     18.59433681     12.69795967
   10      0.00000000     26.03207153     12.01815780
   11      0.00000000     22.31320417     11.33835593
   12      3.71886736     26.03207153     12.69795967
   13      3.82852160     26.97576675     19.05860645
   14      3.72044493      2.81326423     19.03494579
   15      3.67870001     14.89710726     17.66997810
   16      3.71853219     18.18267719     16.29804930
   17      7.27011179     29.73771952     16.32208170
   18      3.68748071     21.49833395     17.66844526
   19      3.71715935      8.29279619     17.66983627
   20      7.42780448     18.27606752     15.74178272
   21      3.72032483     11.59839919     16.29855855
   22      1.66124643     29.70692828     19.20443629
   23      3.73553244     24.77839038     16.25109968
   24      7.43384643     11.50100640     15.74255957
   25      3.71931634      5.00817569     16.23995688
   26      0.00472221     24.92108029     15.64004031
   27      7.42604663      4.83033863     15.63997449
 
 COMPONENT = q
  
 Eigenvalues /H
   -0.91373127
   -0.91007899
   -0.91002738
   -0.90550440
   -0.90110134
   -0.89870987
   -0.89773998
   -0.89576251
   -0.89456602
   -0.89356423
   -0.89213954
   -0.89158573
   -0.89155686
   -0.89098740
   -0.88892975
   -0.88844316
   -0.88841345
   -0.88298217
   -0.43278069
   -0.43072733
   -0.42995743
   -0.42892445
   -0.41635752
   -0.41308899
   -0.41104988
   -0.40887969
   -0.40835294
   -0.40713977
   -0.40610132
   -0.40489450
   -0.40394357
   -0.40332828
   -0.40217205
   -0.40118846
   -0.39606328
   -0.39360949
   -0.38880845
   -0.38843362
   -0.38566795
   -0.38388069
   -0.38296375
   -0.38183024
   -0.37945165
   -0.37932908
   -0.37673988
   -0.37474845
   -0.37347050
   -0.37257931
   -0.37144989
   -0.36664553
   -0.36588609
   -0.36028460
   -0.35917460
   -0.35593535
   -0.35368183
   -0.35114719
   -0.34940117
   -0.34820176
   -0.34701546
   -0.34502368
   -0.34457935
   -0.33806913
   -0.33554277
   -0.33391983
   -0.33273719
   -0.33233116
   -0.33047725
   -0.32865830
   -0.32792100
   -0.32659994
   -0.32230235
   -0.31841657
   -0.15209469
   -0.15113636
   -0.14965760
   -0.14817981
   -0.14638266
   -0.14575507
   -0.14346730
   -0.14238761
   -0.14226094
   -0.13907864
   -0.13863719
   -0.13442900
   -0.13284061
   -0.13186546
   -0.13075209
   -0.12946314
   -0.12862467
   -0.12750346
   -0.12480581
   -0.12422868
   -0.12153785
   -0.12067487
   -0.11387985
   -0.11274348
   -0.11042174
   -0.10649425
   -0.10348587
   -0.10077971
   -0.09757170
   -0.09713882
   -0.09245681
   -0.09214280
   -0.08861425
   -0.07894661
   -0.07069554
   -0.06759288
   -0.06316577
   -0.02053985
   -0.00935847
    0.00593721
    0.00738691
    0.01202044
    0.01299012
    0.01912108
    0.02542393
    0.03164069
    0.14440366
    0.15806766
    0.16476072
    0.18437656
    0.28970157
    0.29138892
    0.29988817
    0.30167839
    0.34308301
    0.34476754
    0.35098113
    0.35946266
    0.36147495
    0.37370613
    0.37758836
    0.38507140
    0.39152160
    0.39830410
    0.40250296
    0.41195608
    0.44095609
    0.44582364
    0.46524785
    0.46971843
    0.48946745
    0.50272511
    0.51291854
    0.51523378
    0.52560128
    0.53377084
    0.54852872
    0.56424514
    0.58001525
    0.58436485
    0.62876858
 
 Eigenvalues /eV
  -24.86389297
  -24.76450937
  -24.76310499
  -24.64002847
  -24.52021513
  -24.45513973
  -24.42874776
  -24.37493807
  -24.34237995
  -24.31511989
  -24.27635196
  -24.26128218
  -24.26049642
  -24.24500067
  -24.18900913
  -24.17576844
  -24.17495992
  -24.02716723
  -11.77656187
  -11.72068690
  -11.69973698
  -11.67162803
  -11.32966448
  -11.24072336
  -11.18523636
  -11.12618236
  -11.11184873
  -11.07883673
  -11.05057909
  -11.01773988
  -10.99186389
  -10.97512083
  -10.94365839
  -10.91689351
  -10.77743027
  -10.71065905
  -10.58001620
  -10.56981657
  -10.49455877
  -10.44592513
  -10.42097381
  -10.39012947
  -10.32540480
  -10.32206958
  -10.25161361
  -10.19742419
  -10.16264943
  -10.13839874
  -10.10766579
   -9.97693253
   -9.95626715
   -9.80384276
   -9.77363808
   -9.68549372
   -9.62417232
   -9.55520120
   -9.50768972
   -9.47505201
   -9.44277116
   -9.38857212
   -9.37648128
   -9.19932917
   -9.13058340
   -9.08642076
   -9.05423964
   -9.04319105
   -8.99274352
   -8.94324725
   -8.92318430
   -8.88723662
   -8.77029321
   -8.66455565
   -4.13870696
   -4.11262957
   -4.07239036
   -4.03217787
   -3.98327482
   -3.96619731
   -3.90394377
   -3.87456403
   -3.87111704
   -3.78452246
   -3.77250987
   -3.65799927
   -3.61477699
   -3.58824173
   -3.55794531
   -3.52287119
   -3.50005543
   -3.46954576
   -3.39613889
   -3.38043431
   -3.30721317
   -3.28373022
   -3.09882834
   -3.06790609
   -3.00472830
   -2.89785592
   -2.81599375
   -2.74235554
   -2.65506115
   -2.64328185
   -2.51587788
   -2.50733302
   -2.41131640
   -2.14824666
   -1.92372361
   -1.83929580
   -1.71882800
   -0.55891774
   -0.25465683
    0.16155982
    0.20100806
    0.32709272
    0.35347920
    0.52031093
    0.69182038
    0.86098705
    3.92942339
    4.30123984
    4.48336717
    5.01714145
    7.88318068
    7.92909594
    8.16037240
    8.20908657
    9.33576381
    9.38160196
    9.55068235
    9.78147663
    9.83623375
   10.16906130
   10.27470208
   10.47832597
   10.65384466
   10.83840595
   10.95266274
   11.20989524
   11.99902558
   12.13147845
   12.66003822
   12.78168869
   13.31908702
   13.67984628
   13.95722358
   14.02022440
   14.30233839
   14.52464345
   14.92622593
   15.35389150
   15.78301798
   15.90137650
   17.10966354
 
 Fillings
     2.00000
     2.00000
     2.00000
     2.00000
     2.00000
     2.00000
     2.00000
     2.00000
     2.00000
     2.00000
     2.00000
     2.00000
     2.00000
     2.00000
     2.00000
     2.00000
     2.00000
     2.00000
     2.00000
     2.00000
     2.00000
     2.00000
     2.00000
     2.00000
     2.00000
     2.00000
     2.00000
     2.00000
     2.00000
     2.00000
     2.00000
     2.00000
     2.00000
     2.00000
     2.00000
     2.00000
     2.00000
     2.00000
     2.00000
     2.00000
     2.00000
     2.00000
     2.00000
     2.00000
     2.00000
     2.00000
     2.00000
     2.00000
     2.00000
     2.00000
     2.00000
     2.00000
     2.00000
     2.00000
     2.00000
     2.00000
     2.00000
     2.00000
     2.00000
     2.00000
     2.00000
     2.00000
     2.00000
     2.00000
     2.00000
     2.00000
     2.00000
     2.00000
     2.00000
     2.00000
     2.00000
     2.00000
     0.00000
     0.00000
     0.00000
     0.00000
     0.00000
     0.00000
     0.00000
     0.00000
     0.00000
     0.00000
     0.00000
     0.00000
     0.00000
     0.00000
     0.00000
     0.00000
     0.00000
     0.00000
     0.00000
     0.00000
     0.00000
     0.00000
     0.00000
     0.00000
     0.00000
     0.00000
     0.00000
     0.00000
     0.00000
     0.00000
     0.00000
     0.00000
     0.00000
     0.00000
     0.00000
     0.00000
     0.00000
     0.00000
     0.00000
     0.00000
     0.00000
     0.00000
     0.00000
     0.00000
     0.00000
     0.00000
     0.00000
     0.00000
     0.00000
     0.00000
     0.00000
     0.00000
     0.00000
     0.00000
     0.00000
     0.00000
     0.00000
     0.00000
     0.00000
     0.00000
     0.00000
     0.00000
     0.00000
     0.00000
     0.00000
     0.00000
     0.00000
     0.00000
     0.00000
     0.00000
     0.00000
     0.00000
     0.00000
     0.00000
     0.00000
     0.00000
     0.00000
     0.00000
     0.00000
     0.00000
     0.00000
 
 Fermi energy:                      -0.2401375876 H           -6.5345 eV
 Band energy:                      -72.6953784882 H        -1978.1419 eV
 TS:                                 0.0000000000 H            0.0000 eV
 Band free energy (E-TS):          -72.6953784882 H        -1978.1419 eV
 Extrapolated E(0K):               -72.6953784882 H        -1978.1419 eV
 
 Energy H0:                        -72.6953784882 H        -1978.1419 eV
 Total Electronic energy:          -72.6953784882 H        -1978.1419 eV
 Repulsive energy:                   2.3708947941 H           64.5153 eV
 Total energy:                     -70.3244836941 H        -1913.6266 eV
 Total Mermin free energy:         -70.3244836941 H        -1913.6266 eV
 
 Non-SCC calculation
 
 Full geometry written in geo_end.{xyz|gen}
 
 Total Forces
 -1.431199585043269E-004  1.892761662117007E-003  2.787273599017538E-002
  2.425931472732527E-004  2.516105468399914E-005 -7.688093996539871E-003
 -7.213332588126302E-004  1.091303336641838E-003 -8.815573617428407E-003
 -4.327953633964494E-005  6.988358840931096E-004  1.622109428075175E-002
  2.490488727243040E-005  7.028805143467932E-003 -1.208685052923552E-002
 -1.873705433528749E-004  3.086029692003694E-003 -8.405310522903858E-003
 -9.873873962183222E-005 -6.061379793298027E-004  1.608467461185753E-002
  1.043942941455663E-005  9.914734897210274E-005 -8.588933990246968E-003
 -4.889677016925262E-004 -2.828851833550970E-003 -9.557291474153781E-003
  2.088329879353134E-005 -1.996233906781823E-003  2.774692061857552E-002
 -1.272389677626264E-005 -6.946132202583116E-003 -1.218870965723662E-002
  1.129819584706472E-004 -6.992986568181009E-004 -9.029382866457436E-003
 -6.516375560089327E-003  1.267210417910744E-002  9.813463046406304E-003
  6.320417595370581E-004 -5.489419932901786E-003  1.115960640228987E-002
  8.799982098433847E-004 -3.295724703692484E-003  1.209240366749963E-002
 -3.539531515922170E-003  1.542450670240668E-002 -1.744958865315642E-002
  8.166972402305642E-003  1.489243490625321E-004  1.113325175405691E-002
  8.469371603991157E-004 -3.004063452374701E-003  3.928730205945904E-003
 -1.926003737375754E-004 -4.384100061604706E-003  4.049335199327556E-003
  3.348494054632643E-003 -1.290087191021090E-003  2.507645848363063E-003
 -1.983119251618492E-003 -8.935073665041624E-003 -1.883053146401684E-002
 -9.534002589663040E-003 -7.492178145842438E-003 -1.665865414042492E-002
 -3.178116191608446E-003 -3.114064181493332E-003 -5.211940802156222E-003
  1.751219305057731E-003  1.585325389574694E-003  2.304819645827363E-003
 -3.340721079190941E-003  5.900663573627165E-003 -4.738668795537165E-003
  6.726340426793204E-003  1.166365616581538E-004 -2.590913927939704E-003
  7.216194157136866E-003  3.111610356197683E-004 -3.074236833642913E-003
 
 Total stress tensor
     -0.000007218769      0.000001463867     -0.000004678372
      0.000001464330     -0.000051714323     -0.000001954388
     -0.000004677263     -0.000001954192     -0.000000736213
 
 Total lattice derivs
      0.010146182265     -0.002057505505      0.006575583653
     -0.000514539365      0.018171482994      0.000686736656
      0.001034982850      0.000432422792      0.000162909015
 
 Maximal derivative component:       0.278727E-01 au
 Max force for moved atoms::         0.278727E-01 au
 
 Volume:                             0.104539E+05 au^3
 Pressure:                          -0.198898E-04 au    -0.585177E+09 Pa
 
 Geometry converged
 
