 KPT            1  SPIN            1  KWEIGHT    1.00000000000000     
   -24.79853     2.00000
   -24.73226     2.00000
   -24.69073     2.00000
   -24.63547     2.00000
   -24.58245     2.00000
   -24.46256     2.00000
   -24.43476     2.00000
   -24.36405     2.00000
   -24.32320     2.00000
   -24.29494     2.00000
   -24.27002     2.00000
   -24.26327     2.00000
   -24.23469     2.00000
   -24.22660     2.00000
   -24.18235     2.00000
   -24.17058     2.00000
   -24.15002     2.00000
   -24.11327     2.00000
   -11.75774     2.00000
   -11.69578     2.00000
   -11.68769     2.00000
   -11.56570     2.00000
   -11.39723     2.00000
   -11.36386     2.00000
   -11.23990     2.00000
   -11.17328     2.00000
   -11.09551     2.00000
   -11.06039     2.00000
   -11.01735     2.00000
   -10.98924     2.00000
   -10.97087     2.00000
   -10.94699     2.00000
   -10.93252     2.00000
   -10.76812     2.00000
   -10.63588     2.00000
   -10.62557     2.00000
   -10.56934     2.00000
   -10.45860     2.00000
   -10.44186     2.00000
   -10.41176     2.00000
   -10.39412     2.00000
   -10.32439     2.00000
   -10.25104     2.00000
   -10.22249     2.00000
   -10.20997     2.00000
   -10.15226     2.00000
   -10.08586     2.00000
   -10.03442     2.00000
    -9.95367     2.00000
    -9.91799     2.00000
    -9.85371     2.00000
    -9.76443     2.00000
    -9.66032     2.00000
    -9.64012     2.00000
    -9.62927     2.00000
    -9.54679     2.00000
    -9.53305     2.00000
    -9.45313     2.00000
    -9.40701     2.00000
    -9.34153     2.00000
    -9.30629     2.00000
    -9.28866     2.00000
    -9.25798     2.00000
    -9.12750     2.00000
    -9.05361     2.00000
    -9.02065     2.00000
    -8.96222     2.00000
    -8.91560     2.00000
    -8.87634     2.00000
    -8.86139     2.00000
    -8.82495     2.00000
    -8.79270     2.00000
    -4.35561     0.00000
    -4.14156     0.00000
    -4.10904     0.00000
    -4.06258     0.00000
    -4.04314     0.00000
    -4.00359     0.00000
    -3.95378     0.00000
    -3.93702     0.00000
    -3.89906     0.00000
    -3.85092     0.00000
    -3.80936     0.00000
    -3.78032     0.00000
    -3.71747     0.00000
    -3.66282     0.00000
    -3.55847     0.00000
    -3.53266     0.00000
    -3.49432     0.00000
    -3.45830     0.00000
    -3.42393     0.00000
    -3.40028     0.00000
    -3.37620     0.00000
    -3.33923     0.00000
    -3.27650     0.00000
    -3.23059     0.00000
    -3.10858     0.00000
    -3.08013     0.00000
    -3.05673     0.00000
    -2.88624     0.00000
    -2.76700     0.00000
    -2.73490     0.00000
    -2.67585     0.00000
    -2.65560     0.00000
    -2.50912     0.00000
    -2.25861     0.00000
    -1.93812     0.00000
    -1.83958     0.00000
    -1.54656     0.00000
    -1.42961     0.00000
    -0.30757     0.00000
     0.13229     0.00000
     0.14716     0.00000
     0.32011     0.00000
     0.45094     0.00000
     0.52131     0.00000
     0.82068     0.00000
     0.91074     0.00000
     2.78060     0.00000
     4.03640     0.00000
     4.45254     0.00000
     4.55809     0.00000
     5.06092     0.00000
     6.61992     0.00000
     7.74980     0.00000
     8.20112     0.00000
     8.64859     0.00000
     9.15308     0.00000
     9.41317     0.00000
     9.58865     0.00000
     9.76792     0.00000
    10.09079     0.00000
    10.27171     0.00000
    10.39785     0.00000
    10.51189     0.00000
    10.74756     0.00000
    10.81630     0.00000
    11.20107     0.00000
    11.70323     0.00000
    11.89942     0.00000
    12.11357     0.00000
    12.62697     0.00000
    12.90932     0.00000
    12.99804     0.00000
    13.29912     0.00000
    13.62766     0.00000
    13.80739     0.00000
    14.01579     0.00000
    14.10536     0.00000
    14.34289     0.00000
    15.22613     0.00000
    16.23079     0.00000
    16.63837     0.00000
 
