 Fermi distribution function
 
 Coordinates of moved atoms (au):
    1      0.00000000      3.71886736     12.01815780
    2      0.00000000      0.00000000     11.33835593
    3      3.71886736      3.71886736     12.69795967
    4      0.00000000     11.15660209     12.01815780
    5      0.00000000      7.43773472     11.33835593
    6      3.71886736     11.15660209     12.69795967
    7      0.00000000     18.59433681     12.01815780
    8      0.00000000     14.87546945     11.33835593
    9      3.71886736     18.59433681     12.69795967
   10      0.00000000     26.03207153     12.01815780
   11      0.00000000     22.31320417     11.33835593
   12      3.71886736     26.03207153     12.69795967
   13      3.73700003     18.88115574     16.31354565
   14      7.43144557     11.72096462     15.79884217
   15      3.44372762     10.23262559     19.41355225
   16      3.79744299     15.44953477     17.44190478
   17      3.73719090     28.00754194     18.66821082
   18      6.70350251      4.14128439     19.49904840
   19      3.68893171     12.02988735     16.37060516
   20      0.02007677     25.67764097     15.74866992
   21      3.76580188     25.42418477     16.34575470
   22      3.78513197     22.14424670     17.73374310
   23      3.02712469      4.66719145     19.90599451
   24      7.25647085      3.92737544     16.00741945
   25      6.86008285      7.36420417     21.93048642
   26      3.01332647      7.81886705     21.71824906
   27      0.02022521     18.84845411     15.76332829
 
 COMPONENT = q
  
 Eigenvalues /H
   -0.91132920
   -0.90889396
   -0.90736771
   -0.90533688
   -0.90338846
   -0.89898248
   -0.89796110
   -0.89536248
   -0.89386127
   -0.89282266
   -0.89190681
   -0.89165893
   -0.89060837
   -0.89031103
   -0.88868514
   -0.88825242
   -0.88749691
   -0.88614644
   -0.43208898
   -0.42981196
   -0.42951487
   -0.42503157
   -0.41884043
   -0.41761431
   -0.41305872
   -0.41061063
   -0.40775256
   -0.40646180
   -0.40488027
   -0.40384717
   -0.40317201
   -0.40229447
   -0.40176285
   -0.39572103
   -0.39086142
   -0.39048254
   -0.38841616
   -0.38434655
   -0.38373123
   -0.38262499
   -0.38197700
   -0.37941422
   -0.37671893
   -0.37566958
   -0.37520960
   -0.37308861
   -0.37064851
   -0.36875802
   -0.36579063
   -0.36447946
   -0.36211726
   -0.35883621
   -0.35501022
   -0.35426778
   -0.35386907
   -0.35083797
   -0.35033317
   -0.34739624
   -0.34570140
   -0.34329497
   -0.34200004
   -0.34135202
   -0.34022456
   -0.33542928
   -0.33271387
   -0.33150296
   -0.32935569
   -0.32764222
   -0.32619964
   -0.32565011
   -0.32431107
   -0.32312579
   -0.16006562
   -0.15219956
   -0.15100428
   -0.14929725
   -0.14858275
   -0.14712941
   -0.14529862
   -0.14468284
   -0.14328790
   -0.14151859
   -0.13999151
   -0.13892413
   -0.13661435
   -0.13460602
   -0.13077144
   -0.12982292
   -0.12841388
   -0.12709005
   -0.12582702
   -0.12495801
   -0.12407318
   -0.12271447
   -0.12040901
   -0.11872197
   -0.11423804
   -0.11319273
   -0.11233264
   -0.10606753
   -0.10168540
   -0.10050555
   -0.09833554
   -0.09759148
   -0.09220859
   -0.08300252
   -0.07122451
   -0.06760349
   -0.05683508
   -0.05253708
   -0.01130312
    0.00486172
    0.00540798
    0.01176385
    0.01657190
    0.01915766
    0.03015941
    0.03346902
    0.10218501
    0.14833485
    0.16362773
    0.16750655
    0.18598548
    0.24327745
    0.28479993
    0.30138570
    0.31782984
    0.33636969
    0.34592761
    0.35237637
    0.35896436
    0.37082978
    0.37747841
    0.38211394
    0.38630473
    0.39496571
    0.39749182
    0.41163179
    0.43008584
    0.43729551
    0.44516535
    0.46403260
    0.47440892
    0.47766917
    0.48873375
    0.50080730
    0.50741208
    0.51507089
    0.51836247
    0.52709148
    0.55954991
    0.59647066
    0.61144872
 
 Eigenvalues /eV
  -24.79852934
  -24.73226289
  -24.69073156
  -24.63546986
  -24.58245077
  -24.46255805
  -24.43476489
  -24.36405276
  -24.32320263
  -24.29494074
  -24.27001904
  -24.26327404
  -24.23468671
  -24.22659588
  -24.18235311
  -24.17057805
  -24.15001976
  -24.11327145
  -11.75773948
  -11.69577848
  -11.68769427
  -11.56569761
  -11.39722786
  -11.36386370
  -11.23989965
  -11.17328374
  -11.09551163
  -11.06038830
  -11.01735280
  -10.98924055
  -10.97086866
  -10.94698949
  -10.93252332
  -10.76811703
  -10.63588027
  -10.62557060
  -10.56934156
  -10.45860175
  -10.44185812
  -10.41175567
  -10.39412308
  -10.32438613
  -10.25104352
  -10.22248950
  -10.20997279
  -10.15225770
  -10.08585918
  -10.03441625
   -9.95366956
   -9.91799062
   -9.85371198
   -9.76443005
   -9.66031962
   -9.64011669
   -9.62926744
   -9.54678700
   -9.53305062
   -9.45313259
   -9.40701365
   -9.34153154
   -9.30629452
   -9.28866117
   -9.25798131
   -9.12749514
   -9.05360518
   -9.02065453
   -8.96222439
   -8.91559848
   -8.87634378
   -8.86139025
   -8.82495335
   -8.79270001
   -4.35560710
   -4.14156062
   -4.10903566
   -4.06258483
   -4.04314241
   -4.00359493
   -3.95377673
   -3.93702049
   -3.89906226
   -3.85091681
   -3.80936279
   -3.78031788
   -3.71746566
   -3.66281606
   -3.55847194
   -3.53266148
   -3.49431939
   -3.45829620
   -3.42392749
   -3.40028049
   -3.37620292
   -3.33923062
   -3.27649584
   -3.23058928
   -3.10857518
   -3.08013078
   -3.05672660
   -2.88624435
   -2.76700056
   -2.73489507
   -2.67584625
   -2.65559933
   -2.50912337
   -2.25861350
   -1.93811756
   -1.83958450
   -1.54656131
   -1.42960661
   -0.30757359
    0.13229405
    0.14715857
    0.32011056
    0.45094429
    0.52130658
    0.82067928
    0.91073833
    2.78059548
    4.03639673
    4.45253717
    4.55808524
    5.06092242
    6.61991636
    7.74980046
    8.20112217
    8.64858992
    9.15308493
    9.41316910
    9.58864888
    9.76791729
   10.09079174
   10.27171017
   10.39784942
   10.51188644
   10.74756376
   10.81630280
   11.20107078
   11.70323107
   11.89941636
   12.11356556
   12.62696950
   12.90932359
   12.99803948
   13.29912188
   13.62765992
   13.80738532
   14.01579200
   14.10536056
   14.34288897
   15.22612781
   16.23079253
   16.63836635
 
 Fillings
     2.00000
     2.00000
     2.00000
     2.00000
     2.00000
     2.00000
     2.00000
     2.00000
     2.00000
     2.00000
     2.00000
     2.00000
     2.00000
     2.00000
     2.00000
     2.00000
     2.00000
     2.00000
     2.00000
     2.00000
     2.00000
     2.00000
     2.00000
     2.00000
     2.00000
     2.00000
     2.00000
     2.00000
     2.00000
     2.00000
     2.00000
     2.00000
     2.00000
     2.00000
     2.00000
     2.00000
     2.00000
     2.00000
     2.00000
     2.00000
     2.00000
     2.00000
     2.00000
     2.00000
     2.00000
     2.00000
     2.00000
     2.00000
     2.00000
     2.00000
     2.00000
     2.00000
     2.00000
     2.00000
     2.00000
     2.00000
     2.00000
     2.00000
     2.00000
     2.00000
     2.00000
     2.00000
     2.00000
     2.00000
     2.00000
     2.00000
     2.00000
     2.00000
     2.00000
     2.00000
     2.00000
     2.00000
     0.00000
     0.00000
     0.00000
     0.00000
     0.00000
     0.00000
     0.00000
     0.00000
     0.00000
     0.00000
     0.00000
     0.00000
     0.00000
     0.00000
     0.00000
     0.00000
     0.00000
     0.00000
     0.00000
     0.00000
     0.00000
     0.00000
     0.00000
     0.00000
     0.00000
     0.00000
     0.00000
     0.00000
     0.00000
     0.00000
     0.00000
     0.00000
     0.00000
     0.00000
     0.00000
     0.00000
     0.00000
     0.00000
     0.00000
     0.00000
     0.00000
     0.00000
     0.00000
     0.00000
     0.00000
     0.00000
     0.00000
     0.00000
     0.00000
     0.00000
     0.00000
     0.00000
     0.00000
     0.00000
     0.00000
     0.00000
     0.00000
     0.00000
     0.00000
     0.00000
     0.00000
     0.00000
     0.00000
     0.00000
     0.00000
     0.00000
     0.00000
     0.00000
     0.00000
     0.00000
     0.00000
     0.00000
     0.00000
     0.00000
     0.00000
     0.00000
     0.00000
     0.00000
     0.00000
     0.00000
     0.00000
 
 Fermi energy:                      -0.2463638594 H           -6.7039 eV
 Band energy:                      -72.5724497891 H        -1974.7968 eV
 TS:                                 0.0000000000 H            0.0000 eV
 Band free energy (E-TS):          -72.5724497891 H        -1974.7968 eV
 Extrapolated E(0K):               -72.5724497891 H        -1974.7968 eV
 
 Energy H0:                        -72.5724497891 H        -1974.7968 eV
 Total Electronic energy:          -72.5724497891 H        -1974.7968 eV
 Repulsive energy:                   2.2959520682 H           62.4760 eV
 Total energy:                     -70.2764977209 H        -1912.3208 eV
 Total Mermin free energy:         -70.2764977209 H        -1912.3208 eV
 
 Non-SCC calculation
 
 Full geometry written in geo_end.{xyz|gen}
 
 Total Forces
 -4.728244655562183E-004  2.432896979907024E-003  4.948734798174759E-002
  2.845929517416855E-005 -2.468958292198293E-004 -2.381848905081176E-003
 -5.153996171372483E-003 -1.131423175982309E-003 -2.616963095021440E-002
 -1.038226330437158E-004  3.110180886148676E-003  3.381150966309615E-002
  3.610280972731614E-005  1.404607864155294E-003 -2.865216556433840E-003
 -6.641654834398080E-004  3.211378495684356E-004 -6.875548533166902E-003
 -4.647807777587654E-004  1.139187604374228E-003  1.869536196837153E-002
  9.222745031111790E-006  2.651128852628733E-003 -6.664102581582954E-003
  1.109803860133105E-003  3.070332041498248E-003 -8.085216936538131E-003
  1.431205354535093E-004 -4.578960224423650E-004  1.800937299828516E-002
 -8.007068057684497E-007 -6.513131106721914E-004 -8.148420748079366E-003
  1.218509639021544E-003  3.309387493004926E-004 -1.380063259497884E-002
  1.173881524808666E-003 -2.816384200501107E-002 -1.867141864732018E-002
 -1.332145605123443E-002 -4.625661702056872E-003 -1.723977968832004E-002
  1.075904261759981E-003  2.071205120622700E-002 -1.449345535478822E-002
 -2.462153093869575E-003  3.636572244657283E-003 -1.778652222275870E-003
  1.412836282760484E-003 -1.189021077206162E-002 -1.109751387079516E-002
  2.510082924013111E-002  1.771930916956749E-002 -2.490302667760971E-003
  1.256588019176459E-002  1.670369192570163E-002 -8.031033646307931E-003
  1.166677128615992E-002 -3.446078797702910E-003 -1.984280297109869E-003
 -1.260921131068429E-002  2.668434794435781E-002  1.356490395205219E-002
 -1.136026988243101E-003  4.818580197498990E-003  9.759719326448119E-003
 -6.456184371430498E-003 -4.643633870704544E-003  8.474772914404217E-003
 -3.600695312077108E-003 -2.584495420063095E-003 -1.150407246597052E-002
 -1.047431528924488E-002 -1.306344996306958E-002 -3.076720172191058E-003
  1.531934804353052E-003 -3.380003993711466E-002  1.270457325324009E-002
 -1.528238215179300E-004 -3.002290949047186E-005  8.502847812703052E-004
 
 Total stress tensor
     -0.000026931266     -0.000004146621      0.000002523629
     -0.000004146731     -0.000073670532     -0.000020469345
      0.000002521407     -0.000020470911     -0.000018111731
 
 Total lattice derivs
      0.037852650666      0.005828192578     -0.003547031172
      0.001457086755      0.025886500148      0.007192559639
     -0.000557935877      0.004529794879      0.004007756394
 
 Maximal derivative component:       0.494873E-01 au
 Max force for moved atoms::         0.494873E-01 au
 
 Volume:                             0.104539E+05 au^3
 Pressure:                          -0.395712E-04 au    -0.116422E+10 Pa
 
 Geometry converged
 
