 KPT            1  SPIN            1  KWEIGHT    1.00000000000000     
   -24.85237     2.00000
   -24.75653     2.00000
   -24.74740     2.00000
   -24.63559     2.00000
   -24.51884     2.00000
   -24.43727     2.00000
   -24.43274     2.00000
   -24.35803     2.00000
   -24.33857     2.00000
   -24.30776     2.00000
   -24.27601     2.00000
   -24.26029     2.00000
   -24.25687     2.00000
   -24.23635     2.00000
   -24.18050     2.00000
   -24.17364     2.00000
   -24.17157     2.00000
   -24.03278     2.00000
   -11.76396     2.00000
   -11.70681     2.00000
   -11.69429     2.00000
   -11.65772     2.00000
   -11.31760     2.00000
   -11.22350     2.00000
   -11.17399     2.00000
   -11.11126     2.00000
   -11.06013     2.00000
   -11.05035     2.00000
   -11.01384     2.00000
   -10.97493     2.00000
   -10.97069     2.00000
   -10.94747     2.00000
   -10.94028     2.00000
   -10.88546     2.00000
   -10.74660     2.00000
   -10.71178     2.00000
   -10.57636     2.00000
   -10.56556     2.00000
   -10.48849     2.00000
   -10.43205     2.00000
   -10.39623     2.00000
   -10.39468     2.00000
   -10.34080     2.00000
   -10.26503     2.00000
   -10.25078     2.00000
   -10.16249     2.00000
   -10.12532     2.00000
   -10.11790     2.00000
   -10.08455     2.00000
    -9.99336     2.00000
    -9.97327     2.00000
    -9.80403     2.00000
    -9.73825     2.00000
    -9.69266     2.00000
    -9.62039     2.00000
    -9.58438     2.00000
    -9.52467     2.00000
    -9.48275     2.00000
    -9.43543     2.00000
    -9.38874     2.00000
    -9.35949     2.00000
    -9.20094     2.00000
    -9.10890     2.00000
    -9.09237     2.00000
    -9.07876     2.00000
    -9.03740     2.00000
    -8.97155     2.00000
    -8.92788     2.00000
    -8.92210     2.00000
    -8.88250     2.00000
    -8.75965     2.00000
    -8.64122     2.00000
    -4.40978     0.00000
    -4.11545     0.00000
    -4.08473     0.00000
    -4.06708     0.00000
    -4.00504     0.00000
    -3.99998     0.00000
    -3.96998     0.00000
    -3.88487     0.00000
    -3.87829     0.00000
    -3.85109     0.00000
    -3.74545     0.00000
    -3.67486     0.00000
    -3.66571     0.00000
    -3.59343     0.00000
    -3.56729     0.00000
    -3.53092     0.00000
    -3.50707     0.00000
    -3.43480     0.00000
    -3.41699     0.00000
    -3.40244     0.00000
    -3.37660     0.00000
    -3.35634     0.00000
    -3.16900     0.00000
    -3.12163     0.00000
    -3.08426     0.00000
    -2.91631     0.00000
    -2.83140     0.00000
    -2.82303     0.00000
    -2.72637     0.00000
    -2.69381     0.00000
    -2.56262     0.00000
    -2.56125     0.00000
    -2.46168     0.00000
    -2.06733     0.00000
    -2.05935     0.00000
    -1.60027     0.00000
    -1.40859     0.00000
    -0.27403     0.00000
     0.01037     0.00000
     0.01421     0.00000
     0.16901     0.00000
     0.22834     0.00000
     0.44469     0.00000
     0.52111     0.00000
     0.69014     0.00000
     0.88855     0.00000
     3.91865     0.00000
     4.29962     0.00000
     4.44419     0.00000
     4.97927     0.00000
     7.52167     0.00000
     7.69652     0.00000
     7.91985     0.00000
     7.96863     0.00000
     8.78680     0.00000
     8.95216     0.00000
     8.95507     0.00000
     9.20279     0.00000
     9.22285     0.00000
     9.61665     0.00000
    10.15365     0.00000
    10.28619     0.00000
    10.53524     0.00000
    10.63759     0.00000
    10.94605     0.00000
    11.01216     0.00000
    11.59934     0.00000
    12.33003     0.00000
    12.48953     0.00000
    12.59841     0.00000
    13.05224     0.00000
    13.48672     0.00000
    13.70123     0.00000
    13.95290     0.00000
    14.04423     0.00000
    14.69640     0.00000
    15.01886     0.00000
    15.10743     0.00000
    16.28636     0.00000
    16.52014     0.00000
    16.67778     0.00000
 
