 Fermi distribution function
 
 Coordinates of moved atoms (au):
    1      0.00000000      3.71886736     12.01815780
    2      0.00000000      0.00000000     11.33835593
    3      3.71886736      3.71886736     12.69795967
    4      0.00000000     11.15660209     12.01815780
    5      0.00000000      7.43773472     11.33835593
    6      3.71886736     11.15660209     12.69795967
    7      0.00000000     18.59433681     12.01815780
    8      0.00000000     14.87546945     11.33835593
    9      3.71886736     18.59433681     12.69795967
   10      0.00000000     26.03207153     12.01815780
   11      0.00000000     22.31320417     11.33835593
   12      3.71886736     26.03207153     12.69795967
   13      4.16209433     17.81354044     19.31121618
   14      3.71183312      3.29938144     16.32601324
   15      7.43352757     19.64849476     15.65544830
   16      5.82386543     14.87490840     18.62733423
   17      7.43034709      3.45623983     15.77255916
   18      4.16327379     11.93693230     19.31168516
   19      3.68569124     19.80316486     16.34818269
   20      3.68557225     23.11103963     17.71836880
   21      3.68767063      9.94771102     16.34902739
   22      3.68570652      6.64158217     17.72255872
   23      1.00481177     14.87476854     16.37078824
   24      3.71324511     26.45260489     16.32491380
   25      7.43275979     10.10202212     15.65540579
   26      7.42904442     26.29732562     15.77270760
   27      3.70152600      0.00143439     17.86528713
 
 COMPONENT = q
  
 Eigenvalues /H
   -0.91330789
   -0.90978574
   -0.90945021
   -0.90534111
   -0.90105079
   -0.89805306
   -0.89788672
   -0.89514104
   -0.89442617
   -0.89329375
   -0.89212684
   -0.89154931
   -0.89142352
   -0.89066961
   -0.88861716
   -0.88836494
   -0.88828870
   -0.88318834
   -0.43231755
   -0.43021737
   -0.42975725
   -0.42841321
   -0.41591415
   -0.41245620
   -0.41063666
   -0.40833145
   -0.40645230
   -0.40609286
   -0.40475123
   -0.40332144
   -0.40316541
   -0.40231195
   -0.40204784
   -0.40003317
   -0.39493047
   -0.39365074
   -0.38867394
   -0.38827727
   -0.38544500
   -0.38337092
   -0.38205425
   -0.38199761
   -0.38001737
   -0.37723306
   -0.37670923
   -0.37346458
   -0.37209878
   -0.37182615
   -0.37060053
   -0.36724920
   -0.36651097
   -0.36029134
   -0.35787405
   -0.35619874
   -0.35354297
   -0.35221961
   -0.35002507
   -0.34848461
   -0.34674571
   -0.34502992
   -0.34395505
   -0.33812822
   -0.33474596
   -0.33413832
   -0.33363832
   -0.33211828
   -0.32969851
   -0.32809373
   -0.32788131
   -0.32642589
   -0.32191122
   -0.31755918
   -0.16205659
   -0.15123995
   -0.15011102
   -0.14946245
   -0.14718245
   -0.14699651
   -0.14589411
   -0.14276629
   -0.14252462
   -0.14152484
   -0.13764275
   -0.13504845
   -0.13471243
   -0.13205601
   -0.13109562
   -0.12975895
   -0.12888251
   -0.12622674
   -0.12557209
   -0.12503744
   -0.12408767
   -0.12334309
   -0.11645854
   -0.11471783
   -0.11334444
   -0.10717228
   -0.10405188
   -0.10374463
   -0.10019238
   -0.09899580
   -0.09417442
   -0.09412416
   -0.09046515
   -0.07597305
   -0.07567990
   -0.05880896
   -0.05176481
   -0.01007036
    0.00038115
    0.00052231
    0.00621104
    0.00839140
    0.01634188
    0.01915033
    0.02536205
    0.03265354
    0.14400764
    0.15800810
    0.16332109
    0.18298480
    0.27641635
    0.28284177
    0.29104899
    0.29284169
    0.32290907
    0.32898569
    0.32909270
    0.33819625
    0.33893347
    0.35340550
    0.37313996
    0.37801043
    0.38716299
    0.39092436
    0.40225987
    0.40468928
    0.42626775
    0.45312045
    0.45898183
    0.46298308
    0.47966083
    0.49562792
    0.50351077
    0.51275951
    0.51611595
    0.54008274
    0.55193279
    0.55518768
    0.59851258
    0.60710402
    0.61289711
 
 Eigenvalues /eV
  -24.85237230
  -24.75652958
  -24.74739948
  -24.63558502
  -24.51883940
  -24.43726698
  -24.43274080
  -24.35802696
  -24.33857429
  -24.30775983
  -24.27600652
  -24.26029108
  -24.25686823
  -24.23635335
  -24.18050308
  -24.17363995
  -24.17156536
  -24.03277749
  -11.76395913
  -11.70681034
  -11.69428989
  -11.65771661
  -11.31759990
  -11.22350420
  -11.17399197
  -11.11126410
  -11.06012980
  -11.05034893
  -11.01384125
  -10.97493481
  -10.97068893
  -10.94746508
  -10.94027824
  -10.88545629
  -10.74660475
  -10.71178153
  -10.57635614
  -10.56556206
  -10.48849211
  -10.43205350
  -10.39622502
  -10.39468386
  -10.34079864
  -10.26503388
  -10.25077964
  -10.16248840
  -10.12532292
  -10.11790426
  -10.08455339
   -9.99335926
   -9.97327103
   -9.80402629
   -9.73824844
   -9.69266089
   -9.62039368
   -9.58438333
   -9.52466687
   -9.48274868
   -9.43543073
   -9.38874181
   -9.35949325
   -9.20093691
   -9.10890116
   -9.09236642
   -9.07876068
   -9.03739830
   -8.97155300
   -8.92788458
   -8.92210450
   -8.88250045
   -8.75964994
   -8.64122487
   -4.40978405
   -4.11544844
   -4.08472866
   -4.06708010
   -4.00503828
   -3.99997861
   -3.96998062
   -3.88486835
   -3.87829211
   -3.85108680
   -3.74544977
   -3.67485540
   -3.66571172
   -3.59342694
   -3.56729343
   -3.53092069
   -3.50707154
   -3.43480429
   -3.41699048
   -3.40244179
   -3.37659727
   -3.35633619
   -3.16899821
   -3.12163095
   -3.08425912
   -2.91630625
   -2.83139583
   -2.82303498
   -2.72637343
   -2.69381285
   -2.56261648
   -2.56124863
   -2.46168187
   -2.06733175
   -2.05935480
   -1.60027309
   -1.40859207
   -0.27402854
    0.01037160
    0.01421278
    0.16901098
    0.22834153
    0.44468531
    0.52110710
    0.69013654
    0.88854796
    3.91864724
    4.29961903
    4.44419294
    4.97926967
    7.52167168
    7.69651628
    7.91984606
    7.96862785
    8.78680279
    8.95215611
    8.95506792
    9.20278823
    9.22284896
    9.61665308
   10.15365499
   10.28618720
   10.53524088
   10.63759305
   10.94604797
   11.01215556
   11.59933575
   12.33003482
   12.48953099
   12.59841073
   13.05223536
   13.48672188
   13.70122525
   13.95289623
   14.04422958
   14.69639914
   15.01885524
   15.10742548
   16.28635594
   16.52014087
   16.67777902
 
 Fillings
     2.00000
     2.00000
     2.00000
     2.00000
     2.00000
     2.00000
     2.00000
     2.00000
     2.00000
     2.00000
     2.00000
     2.00000
     2.00000
     2.00000
     2.00000
     2.00000
     2.00000
     2.00000
     2.00000
     2.00000
     2.00000
     2.00000
     2.00000
     2.00000
     2.00000
     2.00000
     2.00000
     2.00000
     2.00000
     2.00000
     2.00000
     2.00000
     2.00000
     2.00000
     2.00000
     2.00000
     2.00000
     2.00000
     2.00000
     2.00000
     2.00000
     2.00000
     2.00000
     2.00000
     2.00000
     2.00000
     2.00000
     2.00000
     2.00000
     2.00000
     2.00000
     2.00000
     2.00000
     2.00000
     2.00000
     2.00000
     2.00000
     2.00000
     2.00000
     2.00000
     2.00000
     2.00000
     2.00000
     2.00000
     2.00000
     2.00000
     2.00000
     2.00000
     2.00000
     2.00000
     2.00000
     2.00000
     0.00000
     0.00000
     0.00000
     0.00000
     0.00000
     0.00000
     0.00000
     0.00000
     0.00000
     0.00000
     0.00000
     0.00000
     0.00000
     0.00000
     0.00000
     0.00000
     0.00000
     0.00000
     0.00000
     0.00000
     0.00000
     0.00000
     0.00000
     0.00000
     0.00000
     0.00000
     0.00000
     0.00000
     0.00000
     0.00000
     0.00000
     0.00000
     0.00000
     0.00000
     0.00000
     0.00000
     0.00000
     0.00000
     0.00000
     0.00000
     0.00000
     0.00000
     0.00000
     0.00000
     0.00000
     0.00000
     0.00000
     0.00000
     0.00000
     0.00000
     0.00000
     0.00000
     0.00000
     0.00000
     0.00000
     0.00000
     0.00000
     0.00000
     0.00000
     0.00000
     0.00000
     0.00000
     0.00000
     0.00000
     0.00000
     0.00000
     0.00000
     0.00000
     0.00000
     0.00000
     0.00000
     0.00000
     0.00000
     0.00000
     0.00000
     0.00000
     0.00000
     0.00000
     0.00000
     0.00000
     0.00000
 
 Fermi energy:                      -0.2468432037 H           -6.7169 eV
 Band energy:                      -72.6420020507 H        -1976.6894 eV
 TS:                                 0.0000000000 H            0.0000 eV
 Band free energy (E-TS):          -72.6420020507 H        -1976.6894 eV
 Extrapolated E(0K):               -72.6420020507 H        -1976.6894 eV
 
 Energy H0:                        -72.6420020507 H        -1976.6894 eV
 Total Electronic energy:          -72.6420020507 H        -1976.6894 eV
 Repulsive energy:                   2.3224964559 H           63.1983 eV
 Total energy:                     -70.3195055948 H        -1913.4911 eV
 Total Mermin free energy:         -70.3195055948 H        -1913.4911 eV
 
 Non-SCC calculation
 
 Full geometry written in geo_end.{xyz|gen}
 
 Total Forces
 -6.540384098460217E-005 -2.964068283852934E-004  1.979375458804868E-002
  4.022934431182372E-006  6.188189971505915E-006 -7.564706315889441E-003
 -4.153271838075522E-004 -4.140392077629272E-003 -3.233813168335889E-003
  3.835468390013036E-004 -3.186655907436085E-003  2.650871118168517E-002
  5.710672802414859E-006 -6.404881984653947E-003 -1.152639823598034E-002
  3.271066509164686E-004 -5.597479852893741E-003  5.672862247088441E-003
  3.855116664287502E-004  3.176514149304720E-003  2.647451575301209E-002
 -9.400750210689827E-004  3.614654619608769E-006 -5.397597764901656E-003
  3.439344720222061E-004  5.597096934689089E-003  5.668799936896469E-003
 -7.955965748868490E-005  3.196343091186465E-004  1.985135344172578E-002
  4.551883666281710E-006  6.408797344298682E-003 -1.151181078350856E-002
 -4.645745273017467E-004  4.141769668670128E-003 -3.300313430431592E-003
 -6.066297227301509E-004  1.336784926129625E-003 -5.541996951376332E-003
 -2.111777979208857E-004  4.859250177818342E-003 -2.492364664227482E-003
 -1.276954027464951E-002 -3.517465635161435E-004 -1.484067439531535E-003
  2.199277371151540E-002  3.179226193782152E-004 -3.830392600954011E-003
 -2.493349621525125E-005 -4.348687647486789E-003 -1.170323226484832E-003
 -7.401575023966850E-004 -1.429622798319069E-003 -5.215033273012454E-003
  1.173423700941582E-002 -6.493474792570016E-003 -8.110215331203818E-003
  4.978335488949993E-004  1.333648439788776E-002 -4.977882106240131E-003
  1.074837568759162E-002  6.457978940398103E-003 -8.419671288133992E-003
  5.100734526746807E-004 -1.397958658214300E-002 -5.185010566300774E-003
 -1.901718542104747E-002 -2.222633344656376E-006  6.126887991180829E-003
 -1.297066048205477E-003 -4.201133463558313E-003 -2.538887438684682E-003
 -1.180382953878754E-002  3.352363975342443E-004 -1.503384491494598E-003
  1.151065265959124E-003  4.346680411597676E-003 -1.246367839911409E-003
  3.467162372842390E-004 -2.116619894800682E-004 -1.584664822303372E-002
 
 Total stress tensor
     -0.000011409794      0.000000062525      0.000006381953
      0.000000062579     -0.000086984442     -0.000000089156
      0.000006383284     -0.000000089189     -0.000029956419
 
 Total lattice derivs
      0.016036786139     -0.000087880674     -0.008970014539
     -0.000021988983      0.030564768668      0.000031327644
     -0.001412490511      0.000019735679      0.006628744216
 
 Maximal derivative component:       0.265087E-01 au
 Max force for moved atoms::         0.265087E-01 au
 
 Volume:                             0.104539E+05 au^3
 Pressure:                          -0.427836E-04 au    -0.125874E+10 Pa
 
 Geometry converged
 
