 KPT            1  SPIN            1  KWEIGHT    1.00000000000000     
   -24.75585     2.00000
   -24.70329     2.00000
   -24.62553     2.00000
   -24.57388     2.00000
   -24.51463     2.00000
   -24.44323     2.00000
   -24.35975     2.00000
   -24.31619     2.00000
   -24.30138     2.00000
   -24.28810     2.00000
   -24.27663     2.00000
   -24.24046     2.00000
   -24.22017     2.00000
   -24.19165     2.00000
   -24.15568     2.00000
   -24.11500     2.00000
   -24.10023     2.00000
   -23.99446     2.00000
   -11.62816     2.00000
   -11.47228     2.00000
   -11.41046     2.00000
   -11.34660     2.00000
   -11.30195     2.00000
   -11.26614     2.00000
   -11.13022     2.00000
   -10.99584     2.00000
   -10.95618     2.00000
   -10.91699     2.00000
   -10.86066     2.00000
   -10.81138     2.00000
   -10.74071     2.00000
   -10.64212     2.00000
   -10.60453     2.00000
   -10.51907     2.00000
   -10.43878     2.00000
   -10.36671     2.00000
   -10.31107     2.00000
   -10.26900     2.00000
   -10.25527     2.00000
   -10.24510     2.00000
   -10.22410     2.00000
   -10.18163     2.00000
   -10.12889     2.00000
   -10.05526     2.00000
    -9.99052     2.00000
    -9.95165     2.00000
    -9.88439     2.00000
    -9.84072     2.00000
    -9.79465     2.00000
    -9.77360     2.00000
    -9.71645     2.00000
    -9.67897     2.00000
    -9.65118     2.00000
    -9.61693     2.00000
    -9.50730     2.00000
    -9.48823     2.00000
    -9.41451     2.00000
    -9.38624     2.00000
    -9.29898     2.00000
    -9.26210     2.00000
    -9.18974     2.00000
    -9.12684     2.00000
    -9.10069     2.00000
    -9.06668     2.00000
    -9.05239     2.00000
    -8.98967     2.00000
    -8.96221     2.00000
    -8.90240     2.00000
    -8.87226     2.00000
    -8.83414     2.00000
    -8.79705     2.00000
    -8.74199     2.00000
    -4.85376     0.00000
    -4.64891     0.00000
    -4.44189     0.00000
    -4.42086     0.00000
    -4.38476     0.00000
    -4.35463     0.00000
    -4.25865     0.00000
    -4.25222     0.00000
    -4.11480     0.00000
    -4.09799     0.00000
    -4.02873     0.00000
    -3.94121     0.00000
    -3.93723     0.00000
    -3.88379     0.00000
    -3.85817     0.00000
    -3.76391     0.00000
    -3.73761     0.00000
    -3.65863     0.00000
    -3.63811     0.00000
    -3.57841     0.00000
    -3.51469     0.00000
    -3.44858     0.00000
    -3.41183     0.00000
    -3.37200     0.00000
    -3.35780     0.00000
    -3.28776     0.00000
    -3.22347     0.00000
    -3.14302     0.00000
    -3.07397     0.00000
    -3.03376     0.00000
    -2.96068     0.00000
    -2.81401     0.00000
    -2.78136     0.00000
    -2.44227     0.00000
    -2.39876     0.00000
    -2.38369     0.00000
    -2.26567     0.00000
    -2.23375     0.00000
    -2.13745     0.00000
    -1.63457     0.00000
    -1.51900     0.00000
    -0.98792     0.00000
    -0.40838     0.00000
    -0.28933     0.00000
    -0.04547     0.00000
     0.03053     0.00000
     0.09798     0.00000
     0.20133     0.00000
     0.24997     0.00000
     0.48779     0.00000
     0.64091     0.00000
     2.30763     0.00000
     4.03334     0.00000
     4.55196     0.00000
     5.05230     0.00000
     6.78095     0.00000
     7.16722     0.00000
     8.23955     0.00000
     8.60494     0.00000
     8.70622     0.00000
     9.38039     0.00000
    10.15346     0.00000
    10.34011     0.00000
    10.57887     0.00000
    10.70646     0.00000
    11.19272     0.00000
    11.46068     0.00000
    11.63453     0.00000
    11.96290     0.00000
    12.08261     0.00000
    12.20124     0.00000
    12.63972     0.00000
    12.97337     0.00000
    13.23307     0.00000
    13.45667     0.00000
    13.66867     0.00000
    14.43158     0.00000
    14.62704     0.00000
    15.07899     0.00000
    16.51436     0.00000
    17.38809     0.00000
 
