 Fermi distribution function
 
 Coordinates of moved atoms (au):
    1      0.00000000      3.71886736     12.01815780
    2      0.00000000      0.00000000     11.33835593
    3      3.71886736      3.71886736     12.69795967
    4      0.00000000     11.15660209     12.01815780
    5      0.00000000      7.43773472     11.33835593
    6      3.71886736     11.15660209     12.69795967
    7      0.00000000     18.59433681     12.01815780
    8      0.00000000     14.87546945     11.33835593
    9      3.71886736     18.59433681     12.69795967
   10      0.00000000     26.03207153     12.01815780
   11      0.00000000     22.31320417     11.33835593
   12      3.71886736     26.03207153     12.69795967
   13      2.39123025     27.22283506     17.89975966
   14      3.90660116      0.07584234     16.43810857
   15      3.79101421     14.39957931     18.61156265
   16      3.77948672      8.29344234     17.94709046
   17      3.76270512     11.23935006     16.43612984
   18      5.52905353     21.77679031     20.24336258
   19      3.08686102     19.43900940     20.07593371
   20      7.37173834     17.99930310     15.76794074
   21      7.23499600     21.83031878     23.20616017
   22      0.01474275     25.70375342     15.78939477
   23      0.03329921     12.05325734     15.87807741
   24      3.72053701      5.87823361      7.66539364
   25      4.13543604     24.88625086     19.94638538
   26      0.03698831     15.28523560     17.98844738
   27      0.02312301      4.13681425     15.63757382
 
 COMPONENT = q
  
 Eigenvalues /H
   -0.90976088
   -0.90782930
   -0.90497152
   -0.90307340
   -0.90089610
   -0.89827215
   -0.89520450
   -0.89360353
   -0.89305926
   -0.89257141
   -0.89214975
   -0.89082042
   -0.89007495
   -0.88902689
   -0.88770474
   -0.88621002
   -0.88566722
   -0.88178032
   -0.42732692
   -0.42159868
   -0.41932685
   -0.41697993
   -0.41533901
   -0.41402316
   -0.40902815
   -0.40408960
   -0.40263205
   -0.40119183
   -0.39912186
   -0.39731078
   -0.39471373
   -0.39109069
   -0.38970946
   -0.38656858
   -0.38361797
   -0.38096949
   -0.37892499
   -0.37737886
   -0.37687413
   -0.37650058
   -0.37572871
   -0.37416817
   -0.37222986
   -0.36952384
   -0.36714476
   -0.36571640
   -0.36324449
   -0.36163978
   -0.35994692
   -0.35917326
   -0.35707287
   -0.35569556
   -0.35467434
   -0.35341578
   -0.34938679
   -0.34868589
   -0.34597682
   -0.34493802
   -0.34173133
   -0.34037608
   -0.33771679
   -0.33540517
   -0.33444422
   -0.33319421
   -0.33266928
   -0.33036432
   -0.32935533
   -0.32715713
   -0.32604960
   -0.32464874
   -0.32328556
   -0.32126232
   -0.17837258
   -0.17084428
   -0.16323635
   -0.16246371
   -0.16113714
   -0.16002956
   -0.15650268
   -0.15626636
   -0.15121624
   -0.15059840
   -0.14805328
   -0.14483673
   -0.14469067
   -0.14272672
   -0.14178507
   -0.13832127
   -0.13735464
   -0.13445201
   -0.13369798
   -0.13150409
   -0.12916252
   -0.12673281
   -0.12538256
   -0.12391884
   -0.12339677
   -0.12082295
   -0.11846032
   -0.11550400
   -0.11296643
   -0.11148854
   -0.10880298
   -0.10341300
   -0.10221321
   -0.08975192
   -0.08815287
   -0.08759882
   -0.08326199
   -0.08208874
   -0.07854977
   -0.06006925
   -0.05582226
   -0.03630525
   -0.01500780
   -0.01063284
   -0.00167096
    0.00112202
    0.00360073
    0.00739872
    0.00918629
    0.01792605
    0.02355308
    0.08480393
    0.14822248
    0.16728151
    0.18566871
    0.24919520
    0.26339046
    0.30279790
    0.31622577
    0.31994772
    0.34472284
    0.37313269
    0.37999218
    0.38876650
    0.39345536
    0.41132482
    0.42117213
    0.42756100
    0.43962844
    0.44402788
    0.44838746
    0.46450118
    0.47676252
    0.48630646
    0.49452346
    0.50231425
    0.53035070
    0.53753378
    0.55414263
    0.60689175
    0.63900041
 
 Eigenvalues /eV
  -24.75585324
  -24.70329208
  -24.62552810
  -24.57387765
  -24.51463016
  -24.44322875
  -24.35975376
  -24.31618914
  -24.30137903
  -24.28810386
  -24.27662991
  -24.24045703
  -24.22017162
  -24.19165247
  -24.15567513
  -24.11500171
  -24.10023126
  -23.99446347
  -11.62815717
  -11.47228384
  -11.41046412
  -11.34660119
  -11.30194958
  -11.26614333
  -11.13022217
  -10.99583745
  -10.95617557
  -10.91698518
  -10.86065840
  -10.81137650
  -10.74070703
  -10.64211920
  -10.60453393
  -10.51906632
  -10.43877620
  -10.36670719
  -10.31107366
  -10.26900113
  -10.25526690
  -10.24510198
  -10.22409836
  -10.18163384
  -10.12888988
  -10.05525523
   -9.99051715
   -9.95164947
   -9.88438537
   -9.84071909
   -9.79465412
   -9.77360181
   -9.71644720
   -9.67896865
   -9.65117989
   -9.61693270
   -9.50729825
   -9.48822586
   -9.41450840
   -9.38624102
   -9.29898258
   -9.26210439
   -9.18974131
   -9.12683912
   -9.10069033
   -9.06667566
   -9.05239165
   -8.98967058
   -8.96221455
   -8.90239852
   -8.87226092
   -8.83414164
   -8.79704778
   -8.74199252
   -4.85376475
   -4.64890936
   -4.44188705
   -4.42086253
   -4.38476457
   -4.35462588
   -4.25865459
   -4.25222404
   -4.11480320
   -4.09799108
   -4.02873481
   -3.94120794
   -3.93723351
   -3.88379153
   -3.85816795
   -3.76391325
   -3.73760999
   -3.65862531
   -3.63810711
   -3.57840837
   -3.51469090
   -3.44857531
   -3.41183311
   -3.37200321
   -3.35779693
   -3.28775966
   -3.22346936
   -3.14302384
   -3.07397304
   -3.03375751
   -2.96067974
   -2.81401079
   -2.78136309
   -2.44227400
   -2.39876152
   -2.38368511
   -2.26567389
   -2.23374830
   -2.13744801
   -1.63456750
   -1.51900099
   -0.98791607
   -0.40838310
   -0.28933426
   -0.04546917
    0.03053180
    0.09798073
    0.20132933
    0.24997163
    0.48779259
    0.64091191
    2.30763239
    4.03333890
    4.55196139
    5.05230253
    6.78094637
    7.16721905
    8.23955005
    8.60494092
    8.70622030
    9.38038574
   10.15345710
   10.34011332
   10.57887481
   10.70646497
   11.19271777
   11.46067676
   11.63452664
   11.96289848
   12.08261334
   12.20124359
   12.63972013
   12.97336820
   13.23307220
   13.45666793
   13.66866619
   14.43157673
   14.62703831
   15.07898807
   16.51436468
   17.38808593
 
 Fillings
     2.00000
     2.00000
     2.00000
     2.00000
     2.00000
     2.00000
     2.00000
     2.00000
     2.00000
     2.00000
     2.00000
     2.00000
     2.00000
     2.00000
     2.00000
     2.00000
     2.00000
     2.00000
     2.00000
     2.00000
     2.00000
     2.00000
     2.00000
     2.00000
     2.00000
     2.00000
     2.00000
     2.00000
     2.00000
     2.00000
     2.00000
     2.00000
     2.00000
     2.00000
     2.00000
     2.00000
     2.00000
     2.00000
     2.00000
     2.00000
     2.00000
     2.00000
     2.00000
     2.00000
     2.00000
     2.00000
     2.00000
     2.00000
     2.00000
     2.00000
     2.00000
     2.00000
     2.00000
     2.00000
     2.00000
     2.00000
     2.00000
     2.00000
     2.00000
     2.00000
     2.00000
     2.00000
     2.00000
     2.00000
     2.00000
     2.00000
     2.00000
     2.00000
     2.00000
     2.00000
     2.00000
     2.00000
     0.00000
     0.00000
     0.00000
     0.00000
     0.00000
     0.00000
     0.00000
     0.00000
     0.00000
     0.00000
     0.00000
     0.00000
     0.00000
     0.00000
     0.00000
     0.00000
     0.00000
     0.00000
     0.00000
     0.00000
     0.00000
     0.00000
     0.00000
     0.00000
     0.00000
     0.00000
     0.00000
     0.00000
     0.00000
     0.00000
     0.00000
     0.00000
     0.00000
     0.00000
     0.00000
     0.00000
     0.00000
     0.00000
     0.00000
     0.00000
     0.00000
     0.00000
     0.00000
     0.00000
     0.00000
     0.00000
     0.00000
     0.00000
     0.00000
     0.00000
     0.00000
     0.00000
     0.00000
     0.00000
     0.00000
     0.00000
     0.00000
     0.00000
     0.00000
     0.00000
     0.00000
     0.00000
     0.00000
     0.00000
     0.00000
     0.00000
     0.00000
     0.00000
     0.00000
     0.00000
     0.00000
     0.00000
     0.00000
     0.00000
     0.00000
     0.00000
     0.00000
     0.00000
     0.00000
     0.00000
     0.00000
 
 Fermi energy:                      -0.2334278171 H           -6.3519 eV
 Band energy:                      -71.9660320257 H        -1958.2954 eV
 TS:                                 0.0000000000 H            0.0000 eV
 Band free energy (E-TS):          -71.9660320257 H        -1958.2954 eV
 Extrapolated E(0K):               -71.9660320257 H        -1958.2954 eV
 
 Energy H0:                        -71.9660320257 H        -1958.2954 eV
 Total Electronic energy:          -71.9660320257 H        -1958.2954 eV
 Repulsive energy:                   1.9984910083 H           54.3817 eV
 Total energy:                     -69.9675410174 H        -1903.9137 eV
 Total Mermin free energy:         -69.9675410174 H        -1903.9137 eV
 
 Non-SCC calculation
 
 Full geometry written in geo_end.{xyz|gen}
 
 Total Forces
 -2.412788232918257E-005 -3.893949853833924E-003  6.426216555529861E-002
  7.822060465099831E-006 -1.651899758105535E-003 -2.806133367296237E-003
  1.049211376102399E-003  1.608270631593496E-003 -4.583510186238568E-002
  3.130697401516323E-004  1.504386862884559E-002  1.917167823179298E-002
  7.648122021620486E-004  5.662500086461295E-003 -1.108592286374072E-002
  1.454623225112398E-003 -6.762747574442056E-003 -1.019128354527252E-002
 -1.433845370065392E-004 -5.976218121659939E-003  4.428519276602168E-002
  2.996621688784629E-005 -7.102282661665423E-004 -1.160435467334136E-002
 -2.459659538708660E-003  3.810048236263518E-003 -2.938486640364598E-002
 -2.348167250131512E-003 -4.268731553868422E-003  3.868401697696540E-002
 -1.178371463973034E-005 -1.295990212456294E-003 -4.278720601398573E-003
  5.262563222015803E-004  1.785425213536177E-003 -2.367520737073546E-002
 -5.807936853792273E-003 -1.575223292418093E-002 -7.481775148955067E-003
  9.047067400182573E-003  1.538732556598840E-002 -6.360557523055060E-004
  4.678474186056125E-003 -9.239198858041579E-003 -1.113958260943897E-002
 -2.546219250516453E-004  1.036775645327781E-004  1.029141007201570E-003
 -1.194914765517544E-004  1.945395813168443E-002  7.421276479243046E-003
  3.491029058279026E-002  2.467795885684035E-003  9.538775248901649E-003
 -2.589424996668599E-002 -1.692197322771410E-002 -6.123629408558500E-003
  1.036560682358427E-003 -5.114688596453490E-003  3.807773197728563E-003
 -9.169299773283734E-003 -1.527014857462901E-003 -7.437745491185338E-003
 -5.514061879542009E-003  2.040702479666270E-003 -2.964657341631831E-003
  1.431270469543391E-004  6.069387289938867E-003  1.054433378314839E-002
 -7.747579273684042E-004  4.104805447806680E-004  9.337079393024549E-003
 -1.247282388962476E-004  6.295946451940995E-003 -1.357843149505780E-003
 -3.937368614522017E-004 -2.372709154536232E-003 -1.673002757366490E-002
 -9.212732159847574E-004 -4.651803751994699E-003 -1.534852547626439E-002
 
 Total stress tensor
     -0.000048650633      0.000002821486     -0.000000887372
      0.000002821089     -0.000076040990     -0.000009963292
     -0.000000885964     -0.000009960337     -0.000033713036
 
 Total lattice derivs
      0.068379830446     -0.003965677667      0.001247226165
     -0.000991280090      0.026719436349      0.003500921620
      0.000196045757      0.002204019303      0.007460006773
 
 Maximal derivative component:       0.642622E-01 au
 Max force for moved atoms::         0.642622E-01 au
 
 Volume:                             0.104539E+05 au^3
 Pressure:                          -0.528016E-04 au    -0.155347E+10 Pa
 
 Geometry converged
 
