 KPT            1  SPIN            1  KWEIGHT    1.00000000000000     
   -24.82100     2.00000
   -24.76011     2.00000
   -24.72181     2.00000
   -24.64746     2.00000
   -24.54331     2.00000
   -24.46525     2.00000
   -24.43395     2.00000
   -24.36203     2.00000
   -24.34011     2.00000
   -24.30413     2.00000
   -24.27784     2.00000
   -24.26784     2.00000
   -24.26224     2.00000
   -24.25703     2.00000
   -24.19229     2.00000
   -24.17407     2.00000
   -24.16964     2.00000
   -24.15706     2.00000
   -11.78665     2.00000
   -11.72606     2.00000
   -11.70980     2.00000
   -11.68609     2.00000
   -11.40536     2.00000
   -11.29051     2.00000
   -11.25189     2.00000
   -11.23885     2.00000
   -11.20441     2.00000
   -11.10643     2.00000
   -11.04043     2.00000
   -11.02811     2.00000
   -10.99573     2.00000
   -10.97876     2.00000
   -10.94132     2.00000
   -10.86973     2.00000
   -10.82827     2.00000
   -10.68420     2.00000
   -10.64107     2.00000
   -10.52215     2.00000
   -10.45555     2.00000
   -10.42569     2.00000
   -10.38142     2.00000
   -10.36242     2.00000
   -10.31044     2.00000
   -10.26625     2.00000
   -10.19511     2.00000
   -10.18568     2.00000
   -10.14663     2.00000
   -10.10739     2.00000
    -9.98326     2.00000
    -9.95826     2.00000
    -9.83339     2.00000
    -9.76337     2.00000
    -9.73892     2.00000
    -9.67879     2.00000
    -9.63532     2.00000
    -9.57487     2.00000
    -9.53860     2.00000
    -9.50996     2.00000
    -9.44452     2.00000
    -9.44135     2.00000
    -9.34052     2.00000
    -9.33324     2.00000
    -9.19758     2.00000
    -9.15068     2.00000
    -9.05747     2.00000
    -9.03972     2.00000
    -9.01949     2.00000
    -8.95071     2.00000
    -8.89396     2.00000
    -8.85719     2.00000
    -8.83504     2.00000
    -8.78860     2.00000
    -4.11368     0.00000
    -4.10316     0.00000
    -4.07685     0.00000
    -4.05528     0.00000
    -3.98941     0.00000
    -3.95290     0.00000
    -3.92497     0.00000
    -3.87550     0.00000
    -3.83636     0.00000
    -3.82410     0.00000
    -3.78867     0.00000
    -3.65397     0.00000
    -3.63473     0.00000
    -3.54360     0.00000
    -3.52405     0.00000
    -3.48127     0.00000
    -3.46754     0.00000
    -3.39323     0.00000
    -3.36758     0.00000
    -3.35222     0.00000
    -3.25506     0.00000
    -3.20608     0.00000
    -3.16877     0.00000
    -3.05855     0.00000
    -3.02777     0.00000
    -2.92927     0.00000
    -2.87327     0.00000
    -2.75753     0.00000
    -2.69232     0.00000
    -2.66308     0.00000
    -2.65043     0.00000
    -2.54145     0.00000
    -2.31421     0.00000
    -2.25006     0.00000
    -2.19007     0.00000
    -1.83506     0.00000
    -1.78224     0.00000
    -0.28700     0.00000
     0.12474     0.00000
     0.16225     0.00000
     0.25447     0.00000
     0.35961     0.00000
     0.51807     0.00000
     0.63620     0.00000
     0.84516     0.00000
     3.38816     0.00000
     4.09983     0.00000
     4.51705     0.00000
     4.57420     0.00000
     5.07767     0.00000
     6.60207     0.00000
     6.85212     0.00000
     8.03804     0.00000
     8.55826     0.00000
     9.35446     0.00000
     9.52156     0.00000
     9.65363     0.00000
     9.84218     0.00000
    10.13455     0.00000
    10.31887     0.00000
    10.47654     0.00000
    10.71665     0.00000
    10.77995     0.00000
    10.82951     0.00000
    11.22036     0.00000
    11.40120     0.00000
    11.78591     0.00000
    12.13204     0.00000
    12.33283     0.00000
    12.48342     0.00000
    12.93547     0.00000
    13.22317     0.00000
    13.32787     0.00000
    13.69500     0.00000
    13.81815     0.00000
    14.43976     0.00000
    14.74294     0.00000
    14.88015     0.00000
    15.22982     0.00000
    15.88014     0.00000
    16.82420     0.00000
 
