 Fermi distribution function
 
 Coordinates of moved atoms (au):
    1      0.00000000      3.71886736     12.01815780
    2      0.00000000      0.00000000     11.33835593
    3      3.71886736      3.71886736     12.69795967
    4      0.00000000     11.15660209     12.01815780
    5      0.00000000      7.43773472     11.33835593
    6      3.71886736     11.15660209     12.69795967
    7      0.00000000     18.59433681     12.01815780
    8      0.00000000     14.87546945     11.33835593
    9      3.71886736     18.59433681     12.69795967
   10      0.00000000     26.03207153     12.01815780
   11      0.00000000     22.31320417     11.33835593
   12      3.71886736     26.03207153     12.69795967
   13      3.55846897      7.47691647     17.56362715
   14      3.70307650      3.97882634     16.31609705
   15      3.65467672     26.83206858     16.41112933
   16      7.20716100     22.26448419     22.69423783
   17      3.60968287     17.74273453     16.29318494
   18      7.39176053     26.56677672     15.74040865
   19      7.38057525     10.96265673     15.78261798
   20      3.60424808     19.70803888     19.30550867
   21      3.65979420      0.47022703     17.08800335
   22      7.38331351      4.07516421     15.74772508
   23      3.55415023     14.41734820     17.12018342
   24      3.54969981     24.94105061     19.45116671
   25      3.56205505     22.27651151     21.71674444
   26      7.35449284     18.12998677     15.72017573
   27      3.69797055     10.86208437     16.33407236
 
 COMPONENT = q
  
 Eigenvalues /H
   -0.91215512
   -0.90991742
   -0.90850994
   -0.90577736
   -0.90195004
   -0.89908145
   -0.89793106
   -0.89528817
   -0.89448275
   -0.89316050
   -0.89219413
   -0.89182669
   -0.89162088
   -0.89142937
   -0.88905015
   -0.88838067
   -0.88821803
   -0.88775582
   -0.43315155
   -0.43092476
   -0.43032721
   -0.42945595
   -0.41913933
   -0.41491869
   -0.41349939
   -0.41302008
   -0.41175463
   -0.40815372
   -0.40572851
   -0.40527564
   -0.40408566
   -0.40346207
   -0.40208628
   -0.39945533
   -0.39793164
   -0.39263724
   -0.39105205
   -0.38668193
   -0.38423441
   -0.38313709
   -0.38151035
   -0.38081181
   -0.37890187
   -0.37727777
   -0.37466332
   -0.37431679
   -0.37288194
   -0.37143970
   -0.36687806
   -0.36595947
   -0.36137045
   -0.35879725
   -0.35789869
   -0.35568886
   -0.35409166
   -0.35187015
   -0.35053707
   -0.34948466
   -0.34707983
   -0.34696309
   -0.34325787
   -0.34299027
   -0.33800472
   -0.33628133
   -0.33285589
   -0.33220367
   -0.33146006
   -0.32893272
   -0.32684716
   -0.32549573
   -0.32468159
   -0.32297508
   -0.15117505
   -0.15078836
   -0.14982154
   -0.14902876
   -0.14660829
   -0.14526636
   -0.14424007
   -0.14242209
   -0.14098354
   -0.14053318
   -0.13923124
   -0.13428096
   -0.13357371
   -0.13022475
   -0.12950663
   -0.12793428
   -0.12742985
   -0.12469908
   -0.12375621
   -0.12319196
   -0.11962137
   -0.11782138
   -0.11645021
   -0.11239957
   -0.11126851
   -0.10764866
   -0.10559073
   -0.10133744
   -0.09894088
   -0.09786646
   -0.09740145
   -0.09339640
   -0.08504566
   -0.08268811
   -0.08048351
   -0.06743706
   -0.06549594
   -0.01054721
    0.00458397
    0.00596275
    0.00935155
    0.01321525
    0.01903864
    0.02337975
    0.03105914
    0.12451269
    0.15066596
    0.16599859
    0.16809883
    0.18660092
    0.24262158
    0.25181074
    0.29539257
    0.31451010
    0.34377019
    0.34991084
    0.35476437
    0.36169360
    0.37243779
    0.37921154
    0.38500585
    0.39382960
    0.39615570
    0.39797730
    0.41234047
    0.41898637
    0.43312437
    0.44584445
    0.45322306
    0.45875713
    0.47536988
    0.48594239
    0.48979018
    0.50328212
    0.50780761
    0.53065134
    0.54179306
    0.54683537
    0.55968564
    0.58358433
    0.61827792
 
 Eigenvalues /eV
  -24.82100374
  -24.76011272
  -24.72181318
  -24.64745591
  -24.54330934
  -24.46525110
  -24.43394738
  -24.36203073
  -24.34011394
  -24.30413367
  -24.27783745
  -24.26783903
  -24.26223854
  -24.25702739
  -24.19228552
  -24.17406786
  -24.16964235
  -24.15706497
  -11.78665335
  -11.72605936
  -11.70979922
  -11.68609111
  -11.40536159
  -11.29051194
  -11.25189083
  -11.23884823
  -11.20441367
  -11.10642785
  -11.04043460
  -11.02811118
  -10.99573038
  -10.97876147
  -10.94132425
  -10.86973247
  -10.82827084
  -10.68420288
  -10.64106763
  -10.52215079
  -10.45555030
  -10.42569080
  -10.38142469
  -10.36241651
  -10.31044441
  -10.26625054
  -10.19510755
  -10.18567817
  -10.14663385
  -10.10738848
   -9.98325991
   -9.95826381
   -9.83339017
   -9.76336983
   -9.73891875
   -9.67878629
   -9.63532436
   -9.57487397
   -9.53859897
   -9.50996156
   -9.44452278
   -9.44134594
   -9.34052198
   -9.33324001
   -9.19757628
   -9.15068053
   -9.05746953
   -9.03972174
   -9.01948709
   -8.95071478
   -8.89396380
   -8.85718945
   -8.83503550
   -8.78859904
   -4.11368240
   -4.10315993
   -4.07685150
   -4.05527881
   -3.98941464
   -3.95289876
   -3.92497209
   -3.87550227
   -3.83635725
   -3.82410227
   -3.78867477
   -3.65397078
   -3.63472570
   -3.54359564
   -3.52405473
   -3.48126900
   -3.46754272
   -3.39323461
   -3.36757790
   -3.35222378
   -3.25506316
   -3.20608280
   -3.16877132
   -3.05854778
   -3.02777028
   -2.92926920
   -2.87327006
   -2.75753204
   -2.69231823
   -2.66308199
   -2.65042840
   -2.54144534
   -2.31421009
   -2.25005806
   -2.19006787
   -1.83505586
   -1.78223529
   -0.28700423
    0.12473611
    0.16225481
    0.25446859
    0.35960521
    0.51806784
    0.63619537
    0.84516211
    3.38816255
    4.09982927
    4.51705136
    4.57420200
    5.07766925
    6.60206916
    6.85211874
    8.03804073
    8.55825516
    9.35446273
    9.52155834
    9.65362972
    9.84218370
   10.13454792
   10.31887094
   10.47654220
   10.71664864
   10.77994510
   10.82951345
   11.22035521
   11.40119913
   11.78591375
   12.13204486
   12.33282689
   12.48341676
   12.93547264
   13.22316508
   13.32786901
   13.69500329
   13.81814813
   14.43975762
   14.74293939
   14.88014751
   15.22982126
   15.88013754
   16.82419812
 
 Fillings
     2.00000
     2.00000
     2.00000
     2.00000
     2.00000
     2.00000
     2.00000
     2.00000
     2.00000
     2.00000
     2.00000
     2.00000
     2.00000
     2.00000
     2.00000
     2.00000
     2.00000
     2.00000
     2.00000
     2.00000
     2.00000
     2.00000
     2.00000
     2.00000
     2.00000
     2.00000
     2.00000
     2.00000
     2.00000
     2.00000
     2.00000
     2.00000
     2.00000
     2.00000
     2.00000
     2.00000
     2.00000
     2.00000
     2.00000
     2.00000
     2.00000
     2.00000
     2.00000
     2.00000
     2.00000
     2.00000
     2.00000
     2.00000
     2.00000
     2.00000
     2.00000
     2.00000
     2.00000
     2.00000
     2.00000
     2.00000
     2.00000
     2.00000
     2.00000
     2.00000
     2.00000
     2.00000
     2.00000
     2.00000
     2.00000
     2.00000
     2.00000
     2.00000
     2.00000
     2.00000
     2.00000
     2.00000
     0.00000
     0.00000
     0.00000
     0.00000
     0.00000
     0.00000
     0.00000
     0.00000
     0.00000
     0.00000
     0.00000
     0.00000
     0.00000
     0.00000
     0.00000
     0.00000
     0.00000
     0.00000
     0.00000
     0.00000
     0.00000
     0.00000
     0.00000
     0.00000
     0.00000
     0.00000
     0.00000
     0.00000
     0.00000
     0.00000
     0.00000
     0.00000
     0.00000
     0.00000
     0.00000
     0.00000
     0.00000
     0.00000
     0.00000
     0.00000
     0.00000
     0.00000
     0.00000
     0.00000
     0.00000
     0.00000
     0.00000
     0.00000
     0.00000
     0.00000
     0.00000
     0.00000
     0.00000
     0.00000
     0.00000
     0.00000
     0.00000
     0.00000
     0.00000
     0.00000
     0.00000
     0.00000
     0.00000
     0.00000
     0.00000
     0.00000
     0.00000
     0.00000
     0.00000
     0.00000
     0.00000
     0.00000
     0.00000
     0.00000
     0.00000
     0.00000
     0.00000
     0.00000
     0.00000
     0.00000
     0.00000
 
 Fermi energy:                      -0.2438406672 H           -6.6352 eV
 Band energy:                      -72.7265031191 H        -1978.9888 eV
 TS:                                 0.0000000000 H            0.0000 eV
 Band free energy (E-TS):          -72.7265031191 H        -1978.9888 eV
 Extrapolated E(0K):               -72.7265031191 H        -1978.9888 eV
 
 Energy H0:                        -72.7265031191 H        -1978.9888 eV
 Total Electronic energy:          -72.7265031191 H        -1978.9888 eV
 Repulsive energy:                   2.3688501484 H           64.4597 eV
 Total energy:                     -70.3576529707 H        -1914.5291 eV
 Total Mermin free energy:         -70.3576529707 H        -1914.5291 eV
 
 Non-SCC calculation
 
 Full geometry written in geo_end.{xyz|gen}
 
 Total Forces
 -3.982418280865038E-004  1.931268214213237E-003  1.672137778279940E-002
  1.724362465467607E-005  3.058679821033191E-003 -6.690861921536419E-003
 -2.720266622688587E-003  2.996968777057514E-003 -8.019886668450618E-003
 -6.132110882000749E-004 -5.483889388750588E-004  2.140480001750666E-002
  4.680448207056084E-005  6.431059360638678E-004 -7.712562568002755E-003
 -2.800864133214784E-003 -4.854110827121453E-003 -4.417401322503345E-003
 -7.243605849728356E-003  1.523958000233798E-003  8.434470149811080E-003
  3.542513413479119E-005 -2.802251058707027E-003 -6.848005736578896E-003
 -4.720262451130469E-003  4.430153141813664E-004 -1.375072905429451E-002
 -3.663362963038130E-004  1.411629148553719E-003  1.988185583258970E-002
 -3.581397090783355E-005  8.690421778205317E-005 -1.708751641729431E-003
 -2.779225410964111E-003  5.080626147081976E-004 -1.076831688353624E-003
  3.831899550709823E-003 -1.738144563383955E-004  1.146330903348550E-003
 -1.301139494266162E-002  5.563349319098708E-003 -1.945229587332394E-002
  9.531755736319338E-003  1.371362166589159E-002 -1.025800067908925E-002
  4.660870119387962E-003 -3.975229720692092E-004 -1.233899159195292E-003
  1.923448345627762E-002 -1.142932348056611E-003  1.846381501445846E-002
 -8.230890497959246E-003 -6.412264310470656E-003  2.152957727274037E-003
  1.148570722509066E-002 -2.635948285527724E-003  3.353120750706692E-004
 -6.101970925986352E-004 -4.332858323464937E-003  1.931100235115185E-004
  1.747471303971612E-004 -9.804386211715671E-003  7.284691432412983E-003
  1.417366937267320E-002 -2.967545833049222E-003  6.776601434749570E-003
  3.639651154051076E-003 -1.100260307581201E-002  4.461079623971395E-003
  1.124616365812590E-003 -4.641843164872386E-003  9.137965226604178E-003
 -3.074711297674369E-003  6.104124906905701E-003 -1.843536880827976E-002
 -9.202515193574727E-003  2.248212988790957E-003  2.592803119646575E-003
 -1.214933667588644E-002  1.148356888156643E-002 -1.938257524241695E-002
 
 Total stress tensor
     -0.000030662883     -0.000000239603      0.000009833578
     -0.000000239497     -0.000088502959     -0.000002575339
      0.000009833546     -0.000002574953     -0.000014229707
 
 Total lattice derivs
      0.043097542924      0.000336768174     -0.013821369245
      0.000084155037      0.031098348007      0.000904927735
     -0.002175962941      0.000569784472      0.003148743742
 
 Maximal derivative component:       0.214048E-01 au
 Max force for moved atoms::         0.214048E-01 au
 
 Volume:                             0.104539E+05 au^3
 Pressure:                          -0.444652E-04 au    -0.130821E+10 Pa
 
 Geometry converged
 
