 KPT            1  SPIN            1  KWEIGHT    1.00000000000000     
   -24.82390     2.00000
   -24.76342     2.00000
   -24.71951     2.00000
   -24.64688     2.00000
   -24.55968     2.00000
   -24.45398     2.00000
   -24.38786     2.00000
   -24.33104     2.00000
   -24.29569     2.00000
   -24.27646     2.00000
   -24.27363     2.00000
   -24.26608     2.00000
   -24.24794     2.00000
   -24.22627     2.00000
   -24.18959     2.00000
   -24.17819     2.00000
   -24.16769     2.00000
   -24.15413     2.00000
   -11.79359     2.00000
   -11.73093     2.00000
   -11.71027     2.00000
   -11.68133     2.00000
   -11.41357     2.00000
   -11.26655     2.00000
   -11.17055     2.00000
   -11.10872     2.00000
   -11.07890     2.00000
   -11.03538     2.00000
   -11.02305     2.00000
   -10.99860     2.00000
   -10.97876     2.00000
   -10.95057     2.00000
   -10.91025     2.00000
   -10.85975     2.00000
   -10.68736     2.00000
   -10.65324     2.00000
   -10.63260     2.00000
   -10.49044     2.00000
   -10.44970     2.00000
   -10.43208     2.00000
   -10.34480     2.00000
   -10.30618     2.00000
   -10.29794     2.00000
   -10.27738     2.00000
   -10.22590     2.00000
   -10.17382     2.00000
   -10.14731     2.00000
   -10.08204     2.00000
    -9.95379     2.00000
    -9.93602     2.00000
    -9.82127     2.00000
    -9.76674     2.00000
    -9.73603     2.00000
    -9.63640     2.00000
    -9.62139     2.00000
    -9.59935     2.00000
    -9.54330     2.00000
    -9.50179     2.00000
    -9.46267     2.00000
    -9.39943     2.00000
    -9.35768     2.00000
    -9.33458     2.00000
    -9.24669     2.00000
    -9.10207     2.00000
    -9.04089     2.00000
    -9.01979     2.00000
    -9.00511     2.00000
    -8.97346     2.00000
    -8.89371     2.00000
    -8.86333     2.00000
    -8.82034     2.00000
    -8.75284     2.00000
    -4.26164     0.00000
    -4.08804     0.00000
    -4.08510     0.00000
    -4.01584     0.00000
    -3.97861     0.00000
    -3.97154     0.00000
    -3.92621     0.00000
    -3.90631     0.00000
    -3.88569     0.00000
    -3.81363     0.00000
    -3.77242     0.00000
    -3.68013     0.00000
    -3.61853     0.00000
    -3.57596     0.00000
    -3.55054     0.00000
    -3.54231     0.00000
    -3.48061     0.00000
    -3.47920     0.00000
    -3.44862     0.00000
    -3.39238     0.00000
    -3.35312     0.00000
    -3.34246     0.00000
    -3.18997     0.00000
    -3.14309     0.00000
    -3.05218     0.00000
    -3.02409     0.00000
    -3.00006     0.00000
    -2.79287     0.00000
    -2.68933     0.00000
    -2.65450     0.00000
    -2.56582     0.00000
    -2.54657     0.00000
    -2.47646     0.00000
    -2.44055     0.00000
    -2.21054     0.00000
    -2.04424     0.00000
    -1.79893     0.00000
    -0.27430     0.00000
     0.16395     0.00000
     0.20498     0.00000
     0.39347     0.00000
     0.48367     0.00000
     0.59784     0.00000
     0.73645     0.00000
     0.84115     0.00000
     3.50554     0.00000
     4.05297     0.00000
     4.44926     0.00000
     4.56928     0.00000
     4.97972     0.00000
     5.18303     0.00000
     6.90387     0.00000
     7.31624     0.00000
     7.75613     0.00000
     8.42159     0.00000
     8.69319     0.00000
     9.32307     0.00000
     9.57639     0.00000
     9.66893     0.00000
     9.86681     0.00000
    10.00063     0.00000
    10.25640     0.00000
    10.39740     0.00000
    10.63112     0.00000
    10.79200     0.00000
    11.59059     0.00000
    11.96298     0.00000
    12.22731     0.00000
    12.69890     0.00000
    13.12123     0.00000
    13.33294     0.00000
    13.42162     0.00000
    13.49174     0.00000
    13.66709     0.00000
    13.86945     0.00000
    14.09841     0.00000
    14.71204     0.00000
    15.18356     0.00000
    15.76885     0.00000
    16.43488     0.00000
    16.88786     0.00000
 
