 Fermi distribution function
 
 Coordinates of moved atoms (au):
    1      0.00000000      3.71886736     12.01815780
    2      0.00000000      0.00000000     11.33835593
    3      3.71886736      3.71886736     12.69795967
    4      0.00000000     11.15660209     12.01815780
    5      0.00000000      7.43773472     11.33835593
    6      3.71886736     11.15660209     12.69795967
    7      0.00000000     18.59433681     12.01815780
    8      0.00000000     14.87546945     11.33835593
    9      3.71886736     18.59433681     12.69795967
   10      0.00000000     26.03207153     12.01815780
   11      0.00000000     22.31320417     11.33835593
   12      3.71886736     26.03207153     12.69795967
   13      3.71668128     11.43536234     16.33038365
   14      7.43659107     11.35590811     15.70816110
   15      3.71858473      8.08883745     17.61812351
   16      3.71656484     18.38423241     16.32491338
   17      7.35979354     22.25192681     21.60857135
   18      3.67921033     21.91127096     17.57062164
   19      3.64125630     22.60352232     21.13428076
   20      3.70636969     14.93434964     17.18923407
   21      3.63983019     26.02891129     20.09282509
   22      3.71214303     25.54062894     16.36859552
   23      3.72480052      4.74194881     16.21201769
   24      7.43430701      4.70010921     15.65001705
   25      3.73846509      1.86267627     18.00916774
   26      7.43504341     18.48290744     15.76523718
   27      7.42460317     25.74064466     15.77687802
 
 COMPONENT = q
  
 Eigenvalues /H
   -0.91226167
   -0.91003899
   -0.90842527
   -0.90575625
   -0.90255180
   -0.89866736
   -0.89623740
   -0.89414915
   -0.89285010
   -0.89214339
   -0.89203965
   -0.89176218
   -0.89109532
   -0.89029913
   -0.88895126
   -0.88853210
   -0.88814644
   -0.88764781
   -0.43340640
   -0.43110385
   -0.43034464
   -0.42928081
   -0.41944103
   -0.41403805
   -0.41051007
   -0.40823802
   -0.40714211
   -0.40554288
   -0.40508964
   -0.40419125
   -0.40346187
   -0.40242605
   -0.40094426
   -0.39908855
   -0.39275316
   -0.39149946
   -0.39074081
   -0.38551652
   -0.38401924
   -0.38337181
   -0.38016423
   -0.37874505
   -0.37844251
   -0.37768689
   -0.37579481
   -0.37388119
   -0.37290684
   -0.37050823
   -0.36579502
   -0.36514205
   -0.36092513
   -0.35892102
   -0.35779258
   -0.35413125
   -0.35357947
   -0.35276960
   -0.35070999
   -0.34918418
   -0.34774668
   -0.34542287
   -0.34388854
   -0.34303946
   -0.33980956
   -0.33449501
   -0.33224676
   -0.33147125
   -0.33093166
   -0.32976861
   -0.32683773
   -0.32572129
   -0.32414171
   -0.32166097
   -0.15661242
   -0.15023267
   -0.15012466
   -0.14757935
   -0.14621137
   -0.14595133
   -0.14428573
   -0.14355420
   -0.14279637
   -0.14014831
   -0.13863380
   -0.13524238
   -0.13297840
   -0.13141428
   -0.13047978
   -0.13017746
   -0.12790995
   -0.12785831
   -0.12673439
   -0.12466757
   -0.12322481
   -0.12283298
   -0.11722913
   -0.11550661
   -0.11216554
   -0.11113337
   -0.11025022
   -0.10263601
   -0.09883100
   -0.09755115
   -0.09429202
   -0.09358471
   -0.09100810
   -0.08968875
   -0.08123589
   -0.07512459
   -0.06610935
   -0.01008050
    0.00602500
    0.00753270
    0.01445985
    0.01777436
    0.02197017
    0.02706387
    0.03091158
    0.12882608
    0.14894389
    0.16350717
    0.16791813
    0.18300130
    0.19047292
    0.25371269
    0.26886695
    0.28503245
    0.30948779
    0.31946888
    0.34261658
    0.35192570
    0.35532651
    0.36259873
    0.36751627
    0.37691589
    0.38209726
    0.39068632
    0.39659866
    0.42594637
    0.43963134
    0.44934542
    0.46667584
    0.48219636
    0.48997648
    0.49323565
    0.49581216
    0.50225620
    0.50969303
    0.51810716
    0.54065744
    0.55798557
    0.57949469
    0.60397059
    0.62061757
 
 Eigenvalues /eV
  -24.82390302
  -24.76342084
  -24.71950933
  -24.64688163
  -24.55968413
  -24.45398308
  -24.38786042
  -24.33103643
  -24.29568725
  -24.27645677
  -24.27363391
  -24.26608362
  -24.24793745
  -24.22627182
  -24.18959460
  -24.17818866
  -24.16769433
  -24.15412589
  -11.79358827
  -11.73093256
  -11.71027343
  -11.68132510
  -11.41357107
  -11.26654862
  -11.17054741
  -11.10872161
  -11.07890062
  -11.03538313
  -11.02304994
  -10.99860358
  -10.97875616
  -10.95056993
  -10.91024829
  -10.85975195
  -10.68735717
  -10.65324244
  -10.63259832
  -10.49043824
  -10.44969524
  -10.43207777
  -10.34479516
  -10.30617717
  -10.29794457
  -10.27738332
  -10.22589699
  -10.17382488
  -10.14731136
  -10.08204201
   -9.95378894
   -9.93602075
   -9.82127242
   -9.76673790
   -9.73603149
   -9.63640147
   -9.62138700
   -9.59934924
   -9.54330425
   -9.50178512
   -9.46266859
   -9.39943460
   -9.35768338
   -9.33457875
   -9.24668855
   -9.10207220
   -9.04089425
   -9.01979155
   -9.00510858
   -8.97346035
   -8.89370712
   -8.86332715
   -8.82034478
   -8.75284037
   -4.26164079
   -4.08803904
   -4.08509987
   -4.01583854
   -3.97861381
   -3.97153764
   -3.92621454
   -3.90630850
   -3.88568691
   -3.81362966
   -3.77241771
   -3.68013231
   -3.61852629
   -3.57596441
   -3.55053550
   -3.54230895
   -3.48060678
   -3.47920175
   -3.44861830
   -3.39237706
   -3.35311772
   -3.34245545
   -3.18996702
   -3.14309491
   -3.05217959
   -3.02409281
   -3.00006115
   -2.79286783
   -2.68932825
   -2.65450190
   -2.56581635
   -2.54656960
   -2.47645639
   -2.44055495
   -2.21054091
   -2.04424411
   -1.79892704
   -0.27430424
    0.16394857
    0.20497518
    0.39347249
    0.48366507
    0.59783880
    0.73644530
    0.84114687
    3.50553610
    4.05296942
    4.44925645
    4.56928483
    4.97971878
    5.18303184
    6.90387351
    7.31624198
    7.75612765
    8.42159116
    8.69319043
    9.32307153
    9.57638541
    9.66892632
    9.86681346
   10.00062661
   10.25640310
   10.39739540
   10.63111571
   10.79199869
   11.59059057
   11.96297748
   12.22731090
   12.69889569
   13.12123051
   13.33293849
   13.42162482
   13.49173543
   13.66708651
   13.86945310
   14.09841310
   14.71203756
   15.18356002
   15.76885295
   16.43487604
   16.88786336
 
 Fillings
     2.00000
     2.00000
     2.00000
     2.00000
     2.00000
     2.00000
     2.00000
     2.00000
     2.00000
     2.00000
     2.00000
     2.00000
     2.00000
     2.00000
     2.00000
     2.00000
     2.00000
     2.00000
     2.00000
     2.00000
     2.00000
     2.00000
     2.00000
     2.00000
     2.00000
     2.00000
     2.00000
     2.00000
     2.00000
     2.00000
     2.00000
     2.00000
     2.00000
     2.00000
     2.00000
     2.00000
     2.00000
     2.00000
     2.00000
     2.00000
     2.00000
     2.00000
     2.00000
     2.00000
     2.00000
     2.00000
     2.00000
     2.00000
     2.00000
     2.00000
     2.00000
     2.00000
     2.00000
     2.00000
     2.00000
     2.00000
     2.00000
     2.00000
     2.00000
     2.00000
     2.00000
     2.00000
     2.00000
     2.00000
     2.00000
     2.00000
     2.00000
     2.00000
     2.00000
     2.00000
     2.00000
     2.00000
     0.00000
     0.00000
     0.00000
     0.00000
     0.00000
     0.00000
     0.00000
     0.00000
     0.00000
     0.00000
     0.00000
     0.00000
     0.00000
     0.00000
     0.00000
     0.00000
     0.00000
     0.00000
     0.00000
     0.00000
     0.00000
     0.00000
     0.00000
     0.00000
     0.00000
     0.00000
     0.00000
     0.00000
     0.00000
     0.00000
     0.00000
     0.00000
     0.00000
     0.00000
     0.00000
     0.00000
     0.00000
     0.00000
     0.00000
     0.00000
     0.00000
     0.00000
     0.00000
     0.00000
     0.00000
     0.00000
     0.00000
     0.00000
     0.00000
     0.00000
     0.00000
     0.00000
     0.00000
     0.00000
     0.00000
     0.00000
     0.00000
     0.00000
     0.00000
     0.00000
     0.00000
     0.00000
     0.00000
     0.00000
     0.00000
     0.00000
     0.00000
     0.00000
     0.00000
     0.00000
     0.00000
     0.00000
     0.00000
     0.00000
     0.00000
     0.00000
     0.00000
     0.00000
     0.00000
     0.00000
     0.00000
 
 Fermi energy:                      -0.2428770011 H           -6.6090 eV
 Band energy:                      -72.6359357624 H        -1976.5244 eV
 TS:                                 0.0000000000 H            0.0000 eV
 Band free energy (E-TS):          -72.6359357624 H        -1976.5244 eV
 Extrapolated E(0K):               -72.6359357624 H        -1976.5244 eV
 
 Energy H0:                        -72.6359357624 H        -1976.5244 eV
 Total Electronic energy:          -72.6359357624 H        -1976.5244 eV
 Repulsive energy:                   2.3232587393 H           63.2191 eV
 Total energy:                     -70.3126770231 H        -1913.3053 eV
 Total Mermin free energy:         -70.3126770231 H        -1913.3053 eV
 
 Non-SCC calculation
 
 Full geometry written in geo_end.{xyz|gen}
 
 Total Forces
 -2.861435861243910E-005  3.792592268969133E-003  1.739468192448834E-002
 -2.377531778521203E-006  3.037404295769906E-004 -1.200955795909304E-003
 -1.237483264870886E-004  2.782216386909255E-003 -8.892302855060361E-003
 -8.373792959429485E-006  2.978162935980532E-004  2.028021800820977E-002
  5.867115629502840E-006  5.576542556901916E-003 -1.158747308023204E-002
 -7.889393432672286E-005  1.002991842824577E-003 -5.176513597973831E-003
 -2.937595303299956E-005  1.234745371237593E-004  1.733950041270908E-002
  2.580434779409034E-007  6.558033103613772E-004 -6.820134609762458E-003
 -1.466293083558200E-004 -4.420108417870815E-004 -5.138529646472434E-003
 -1.036518266086333E-004 -8.617148729873304E-004  2.091511646962269E-002
  4.302907627832516E-006 -1.285816321911750E-003 -5.898510164507535E-003
 -7.776347817300942E-004  1.548932988054015E-003 -1.717641883860806E-002
  5.117345800358414E-004  6.238671035846605E-003 -2.401276293902030E-002
 -6.121268479192404E-004  6.436070165981296E-004  2.525751024011605E-003
 -2.262960644058266E-005 -1.568086119506998E-002  2.885191066172924E-003
  2.521755805829566E-005  6.788206052951329E-003 -2.896953278095825E-002
  5.334717435725067E-004 -3.792514113900540E-003  8.126706696802702E-003
  4.995937463924203E-004  1.178518926271903E-002  5.814044888176446E-003
 -3.901341566778973E-004 -4.358450723272816E-003  2.006538100616073E-003
  3.173352016192485E-004 -1.530277970918295E-002  1.272737372863430E-002
  6.094652471646160E-004  5.939491829777127E-003  1.581361494250866E-003
 -3.165101813564121E-003 -1.007780077757372E-002 -6.288777609192647E-003
 -3.646785393031597E-003  1.242342422036601E-002 -8.907698459041002E-003
  4.220017723647296E-003 -2.254707126986062E-003 -1.606821269673625E-005
 -4.419530821117910E-004 -1.243182759040282E-002  1.282500592020748E-002
 -4.003560102179798E-004  9.053214136730121E-004  4.253911596946811E-003
  3.251122856629476E-003  5.680461826824636E-003  1.410277258585640E-003
 
 Total stress tensor
     -0.000016486817      0.000000262504      0.000000420534
      0.000000262465     -0.000077931345     -0.000011582454
      0.000000419856     -0.000011579152      0.000002885612
 
 Total lattice derivs
      0.023172684614     -0.000368956959     -0.000591071805
     -0.000092225424      0.027383673154      0.004069866171
     -0.000092905508      0.002562230026     -0.000638527022
 
 Maximal derivative component:       0.289695E-01 au
 Max force for moved atoms::         0.289695E-01 au
 
 Volume:                             0.104539E+05 au^3
 Pressure:                          -0.305109E-04 au    -0.897660E+09 Pa
 
 Geometry converged
 
