 KPT            1  SPIN            1  KWEIGHT    1.00000000000000     
   -24.87289     2.00000
   -24.73035     2.00000
   -24.67264     2.00000
   -24.60466     2.00000
   -24.47257     2.00000
   -24.39848     2.00000
   -24.34577     2.00000
   -24.33579     2.00000
   -24.27350     2.00000
   -24.26081     2.00000
   -24.25223     2.00000
   -24.22343     2.00000
   -24.19970     2.00000
   -24.17870     2.00000
   -24.14930     2.00000
   -24.12715     2.00000
   -23.83996     2.00000
   -23.80473     2.00000
   -11.72777     2.00000
   -11.67063     2.00000
   -11.52745     2.00000
   -11.44115     2.00000
   -11.29644     2.00000
   -11.18082     2.00000
   -11.07035     2.00000
   -11.02849     2.00000
   -10.98279     2.00000
   -10.96066     2.00000
   -10.90003     2.00000
   -10.86751     2.00000
   -10.81890     2.00000
   -10.79664     2.00000
   -10.66482     2.00000
   -10.62086     2.00000
   -10.49637     2.00000
   -10.48096     2.00000
   -10.44518     2.00000
   -10.40592     2.00000
   -10.33834     2.00000
   -10.25335     2.00000
   -10.15431     2.00000
   -10.11174     2.00000
   -10.07224     2.00000
    -9.98513     2.00000
    -9.94523     2.00000
    -9.85079     2.00000
    -9.83835     2.00000
    -9.78381     2.00000
    -9.72904     2.00000
    -9.68354     2.00000
    -9.67403     2.00000
    -9.64310     2.00000
    -9.57320     2.00000
    -9.48330     2.00000
    -9.45589     2.00000
    -9.41778     2.00000
    -9.37645     2.00000
    -9.30879     2.00000
    -9.25426     2.00000
    -9.17384     2.00000
    -9.16062     2.00000
    -9.07755     2.00000
    -9.03814     2.00000
    -9.00518     2.00000
    -8.99145     2.00000
    -8.91444     2.00000
    -8.89385     2.00000
    -8.85934     2.00000
    -8.81774     2.00000
    -8.62597     2.00000
    -8.59783     2.00000
    -8.42514     2.00000
    -4.73142     0.00000
    -4.45039     0.00000
    -4.36326     0.00000
    -4.32526     0.00000
    -4.29882     0.00000
    -4.22130     0.00000
    -4.12217     0.00000
    -4.11238     0.00000
    -4.07909     0.00000
    -4.03465     0.00000
    -4.00215     0.00000
    -3.96368     0.00000
    -3.94005     0.00000
    -3.88125     0.00000
    -3.86639     0.00000
    -3.85715     0.00000
    -3.84301     0.00000
    -3.79339     0.00000
    -3.72728     0.00000
    -3.68247     0.00000
    -3.64358     0.00000
    -3.59444     0.00000
    -3.52620     0.00000
    -3.50513     0.00000
    -3.45265     0.00000
    -3.41443     0.00000
    -3.37995     0.00000
    -3.33928     0.00000
    -3.26834     0.00000
    -3.16207     0.00000
    -3.07132     0.00000
    -3.02519     0.00000
    -2.87510     0.00000
    -2.83291     0.00000
    -2.76903     0.00000
    -2.69140     0.00000
    -2.52818     0.00000
    -2.27322     0.00000
    -1.56161     0.00000
    -1.29723     0.00000
    -1.21918     0.00000
    -0.45389     0.00000
    -0.33318     0.00000
     0.01462     0.00000
     0.10795     0.00000
     0.20378     0.00000
     0.23041     0.00000
     0.35731     0.00000
     0.59719     0.00000
     1.21981     0.00000
     2.01238     0.00000
     2.95082     0.00000
     4.05929     0.00000
     4.28992     0.00000
     4.75695     0.00000
     5.53429     0.00000
     6.07261     0.00000
     6.83957     0.00000
     7.80645     0.00000
     7.82394     0.00000
     8.67895     0.00000
     8.90869     0.00000
     9.13609     0.00000
     9.48641     0.00000
    10.10763     0.00000
    10.31874     0.00000
    10.47389     0.00000
    10.91359     0.00000
    11.49286     0.00000
    11.70028     0.00000
    12.18768     0.00000
    12.54246     0.00000
    12.71367     0.00000
    12.85838     0.00000
    12.99875     0.00000
    13.23811     0.00000
    13.31883     0.00000
    13.67815     0.00000
    14.15880     0.00000
    14.75435     0.00000
    16.58404     0.00000
 
