 Fermi distribution function
 
 Coordinates of moved atoms (au):
    1      0.00000000      3.71886736     12.01815780
    2      0.00000000      0.00000000     11.33835593
    3      3.71886736      3.71886736     12.69795967
    4      0.00000000     11.15660209     12.01815780
    5      0.00000000      7.43773472     11.33835593
    6      3.71886736     11.15660209     12.69795967
    7      0.00000000     18.59433681     12.01815780
    8      0.00000000     14.87546945     11.33835593
    9      3.71886736     18.59433681     12.69795967
   10      0.00000000     26.03207153     12.01815780
   11      0.00000000     22.31320417     11.33835593
   12      3.71886736     26.03207153     12.69795967
   13      3.72682241      7.36825005     17.56018709
   14      3.74228376      3.85897381     16.43652155
   15      0.01254551     10.82032571     15.81875952
   16      3.78970055     14.31439260     17.65675506
   17      6.05650643     25.73773285     23.78491539
   18      3.94005997      0.81351497     18.35333315
   19      2.80070302     24.78049991     23.14833377
   20      0.13004778     26.30920161     15.95172691
   21      3.79501430     26.25610178      8.07017712
   22      7.28480972     20.67129529     17.30553825
   23      3.57684078     17.71731505     16.55528792
   24      4.08393760     25.71846659     17.24225036
   25      3.72531262     10.93209988     16.36295150
   26      0.41181181     16.31320894     15.65835955
   27      0.02362975      3.87535860     15.80098532
 
 COMPONENT = q
  
 Eigenvalues /H
   -0.91406190
   -0.90882373
   -0.90670277
   -0.90420479
   -0.89935053
   -0.89662767
   -0.89469060
   -0.89432402
   -0.89203469
   -0.89156820
   -0.89125290
   -0.89019466
   -0.88932259
   -0.88855102
   -0.88747060
   -0.88665630
   -0.87610238
   -0.87480763
   -0.43098744
   -0.42888773
   -0.42362584
   -0.42045469
   -0.41513647
   -0.41088774
   -0.40682777
   -0.40528973
   -0.40360993
   -0.40279692
   -0.40056880
   -0.39937363
   -0.39758722
   -0.39676920
   -0.39192497
   -0.39030931
   -0.38573442
   -0.38516822
   -0.38385334
   -0.38241059
   -0.37992705
   -0.37680375
   -0.37316388
   -0.37159964
   -0.37014805
   -0.36694668
   -0.36548039
   -0.36200970
   -0.36155263
   -0.35954839
   -0.35753576
   -0.35586348
   -0.35551416
   -0.35437737
   -0.35180867
   -0.34850473
   -0.34749741
   -0.34609711
   -0.34457836
   -0.34209188
   -0.34008782
   -0.33713237
   -0.33664648
   -0.33359399
   -0.33214571
   -0.33093439
   -0.33042966
   -0.32759969
   -0.32684303
   -0.32557458
   -0.32404617
   -0.31699869
   -0.31596436
   -0.30961838
   -0.17387667
   -0.16354873
   -0.16034682
   -0.15895050
   -0.15797876
   -0.15512998
   -0.15148700
   -0.15112735
   -0.14990366
   -0.14827081
   -0.14707613
   -0.14566270
   -0.14479421
   -0.14263347
   -0.14208726
   -0.14174752
   -0.14122799
   -0.13940458
   -0.13697490
   -0.13532830
   -0.13389896
   -0.13209309
   -0.12958536
   -0.12881126
   -0.12688270
   -0.12547808
   -0.12421093
   -0.12271623
   -0.12010924
   -0.11620402
   -0.11286887
   -0.11117382
   -0.10565815
   -0.10410765
   -0.10175985
   -0.09890716
   -0.09290893
   -0.08353945
   -0.05738829
   -0.04767240
   -0.04480393
   -0.01668022
   -0.01224411
    0.00053734
    0.00396720
    0.00748876
    0.00846731
    0.01313077
    0.02194617
    0.04482711
    0.07395354
    0.10844050
    0.14917609
    0.15765180
    0.17481456
    0.20338155
    0.22316428
    0.25134947
    0.28688170
    0.28752463
    0.31894550
    0.32738826
    0.33574514
    0.34861929
    0.37144866
    0.37920667
    0.38490845
    0.40106714
    0.42235466
    0.42997725
    0.44788916
    0.46092704
    0.46721889
    0.47253668
    0.47769521
    0.48649175
    0.48945791
    0.50266286
    0.52032625
    0.54221229
    0.60945221
 
 Eigenvalues /eV
  -24.87288994
  -24.73035198
  -24.67263760
  -24.60466413
  -24.47257297
  -24.39848038
  -24.34576980
  -24.33579478
  -24.27349905
  -24.26080503
  -24.25222531
  -24.22342910
  -24.19969903
  -24.17870350
  -24.14930376
  -24.12714551
  -23.83995885
  -23.80472683
  -11.72776506
  -11.67062905
  -11.52744548
  -11.44115427
  -11.29643802
  -11.18082433
  -11.07034690
  -11.02849477
  -10.98278506
  -10.96066200
  -10.90003151
  -10.86750928
  -10.81889875
  -10.79663924
  -10.66482093
  -10.62085684
  -10.49636758
  -10.48096049
  -10.44518076
  -10.40592165
  -10.33834115
  -10.25335185
  -10.15430572
  -10.11174075
  -10.07224081
   -9.98512717
   -9.94522729
   -9.85078515
   -9.83834751
   -9.78380954
   -9.72904291
   -9.68353789
   -9.67403244
   -9.64309884
   -9.57320092
   -9.48329623
   -9.45588572
   -9.41778157
   -9.37645430
   -9.30879356
   -9.25426049
   -9.17383861
   -9.16061673
   -9.07755430
   -9.03814476
   -9.00518284
   -8.99144860
   -8.91444117
   -8.89385127
   -8.85933500
   -8.81774482
   -8.62597335
   -8.59782775
   -8.42514482
   -4.73142489
   -4.45038726
   -4.36325894
   -4.32526318
   -4.29882087
   -4.22130149
   -4.12217088
   -4.11238452
   -4.07908601
   -4.03465403
   -4.00214501
   -3.96368376
   -3.94005103
   -3.88125413
   -3.86639106
   -3.85714621
   -3.84300922
   -3.79339150
   -3.72727669
   -3.68247047
   -3.64357609
   -3.59443588
   -3.52619710
   -3.50513272
   -3.45265403
   -3.41443223
   -3.37995126
   -3.33927861
   -3.26833865
   -3.16207220
   -3.07131817
   -3.02519343
   -2.87510459
   -2.83291325
   -2.76902632
   -2.69140071
   -2.52818071
   -2.27322408
   -1.56161470
   -1.29723211
   -1.21917693
   -0.45389180
   -0.33317922
    0.01462172
    0.10795302
    0.20377957
    0.23040724
    0.35730636
    0.59718564
    1.21980784
    2.01237808
    2.95081614
    4.05928786
    4.28992362
    4.75694624
    5.53429345
    6.07260896
    6.83956694
    7.80644834
    7.82394328
    8.67894866
    8.90868790
    9.13608997
    9.48641345
   10.10763237
   10.31873843
   10.47389194
   10.91359203
   11.49285515
   11.70027621
   12.18768425
   12.54246287
   12.71367290
   12.85837725
   12.99874797
   13.23811408
   13.31882745
   13.67815225
   14.15879768
   14.75434712
   16.58403831
 
 Fillings
     2.00000
     2.00000
     2.00000
     2.00000
     2.00000
     2.00000
     2.00000
     2.00000
     2.00000
     2.00000
     2.00000
     2.00000
     2.00000
     2.00000
     2.00000
     2.00000
     2.00000
     2.00000
     2.00000
     2.00000
     2.00000
     2.00000
     2.00000
     2.00000
     2.00000
     2.00000
     2.00000
     2.00000
     2.00000
     2.00000
     2.00000
     2.00000
     2.00000
     2.00000
     2.00000
     2.00000
     2.00000
     2.00000
     2.00000
     2.00000
     2.00000
     2.00000
     2.00000
     2.00000
     2.00000
     2.00000
     2.00000
     2.00000
     2.00000
     2.00000
     2.00000
     2.00000
     2.00000
     2.00000
     2.00000
     2.00000
     2.00000
     2.00000
     2.00000
     2.00000
     2.00000
     2.00000
     2.00000
     2.00000
     2.00000
     2.00000
     2.00000
     2.00000
     2.00000
     2.00000
     2.00000
     2.00000
     0.00000
     0.00000
     0.00000
     0.00000
     0.00000
     0.00000
     0.00000
     0.00000
     0.00000
     0.00000
     0.00000
     0.00000
     0.00000
     0.00000
     0.00000
     0.00000
     0.00000
     0.00000
     0.00000
     0.00000
     0.00000
     0.00000
     0.00000
     0.00000
     0.00000
     0.00000
     0.00000
     0.00000
     0.00000
     0.00000
     0.00000
     0.00000
     0.00000
     0.00000
     0.00000
     0.00000
     0.00000
     0.00000
     0.00000
     0.00000
     0.00000
     0.00000
     0.00000
     0.00000
     0.00000
     0.00000
     0.00000
     0.00000
     0.00000
     0.00000
     0.00000
     0.00000
     0.00000
     0.00000
     0.00000
     0.00000
     0.00000
     0.00000
     0.00000
     0.00000
     0.00000
     0.00000
     0.00000
     0.00000
     0.00000
     0.00000
     0.00000
     0.00000
     0.00000
     0.00000
     0.00000
     0.00000
     0.00000
     0.00000
     0.00000
     0.00000
     0.00000
     0.00000
     0.00000
     0.00000
     0.00000
 
 Fermi energy:                      -0.2487744811 H           -6.7695 eV
 Band energy:                      -71.8552306953 H        -1955.2803 eV
 TS:                                 0.0000000000 H            0.0000 eV
 Band free energy (E-TS):          -71.8552306953 H        -1955.2803 eV
 Extrapolated E(0K):               -71.8552306953 H        -1955.2803 eV
 
 Energy H0:                        -71.8552306953 H        -1955.2803 eV
 Total Electronic energy:          -71.8552306953 H        -1955.2803 eV
 Repulsive energy:                   1.8886142779 H           51.3918 eV
 Total energy:                     -69.9666164174 H        -1903.8885 eV
 Total Mermin free energy:         -69.9666164174 H        -1903.8885 eV
 
 Non-SCC calculation
 
 Full geometry written in geo_end.{xyz|gen}
 
 Total Forces
  2.759250030192334E-004  8.360889881969223E-004  2.739292832133908E-002
  1.326109497243331E-004  4.014416755322689E-003 -2.775789286187300E-003
  1.318886779494698E-003 -2.106003910193575E-003 -1.077958218506526E-002
  2.054493205137924E-004 -2.199815631388746E-003  3.290764122339619E-002
 -3.513691944918613E-006 -3.368659745904781E-004 -6.903164273827228E-003
  6.292374931570066E-004 -1.981376970260698E-004 -7.531987257912848E-004
  1.015567743390888E-003 -8.632303775161139E-003  2.913012240260023E-002
 -1.777276067983036E-003 -1.074015316683377E-002 -2.406825758238029E-002
  7.295120311271299E-003  1.260173949250062E-003  1.391700020460178E-002
  1.493727506637313E-002  3.612120096653964E-003  2.191110711191825E-002
  1.990142276500555E-004 -2.882967774546503E-003 -1.570626530846969E-004
  5.935128867863804E-003 -5.514240738137496E-003  2.190725576348210E-002
  5.278209753550762E-004 -7.358308416816235E-003 -2.604839090759550E-003
  1.027735580556560E-003  7.271845418497442E-003  5.396333779391017E-003
 -2.068032916087621E-003  4.620353768780361E-003 -1.277100752692942E-002
  1.791856909823911E-002 -2.975009814330518E-002  1.599221254196195E-002
  8.820067516677549E-003 -1.628110030405994E-002 -1.080064539719871E-002
 -3.557022512576830E-003  1.945360770211971E-003 -9.719318328265530E-003
 -6.304493392373905E-003  1.789645901358650E-002  1.629101359529143E-003
  6.074332648396026E-003 -1.120633676644840E-002  1.048240934203556E-002
 -1.384218301392548E-002  7.777911778110219E-005 -1.483167465567693E-002
 -6.772089589644935E-003  9.716689679635366E-003 -1.263436618581349E-003
  1.740617313969857E-002  5.664454619914688E-003 -1.694124415855393E-002
 -1.209664881526361E-002  1.687460867870196E-002 -2.800144312016735E-002
  2.549184541092040E-003  2.484155524868255E-003 -1.111952966072257E-002
 -4.069212102782087E-002  2.366112156193703E-002 -1.981926644572804E-002
  8.452817651480542E-004 -2.729295644830659E-003 -7.356652341335999E-003
 
 Total stress tensor
     -0.000056046613      0.000003501728      0.000004561334
      0.000003500318     -0.000109760515      0.000006776833
      0.000004561542      0.000006776926     -0.000034269467
 
 Total lattice derivs
      0.078775086807     -0.004921776290     -0.006411083539
     -0.001229948811      0.038567870918     -0.002381257325
     -0.001009376169     -0.001499595364      0.007583133598
 
 Maximal derivative component:       0.406921E-01 au
 Max force for moved atoms::         0.406921E-01 au
 
 Volume:                             0.104539E+05 au^3
 Pressure:                          -0.666922E-04 au    -0.196215E+10 Pa
 
 Geometry converged
 
