 KPT            1  SPIN            1  KWEIGHT    1.00000000000000     
   -24.76711     2.00000
   -24.71366     2.00000
   -24.66441     2.00000
   -24.54790     2.00000
   -24.49680     2.00000
   -24.44581     2.00000
   -24.43404     2.00000
   -24.37147     2.00000
   -24.30765     2.00000
   -24.30303     2.00000
   -24.27551     2.00000
   -24.25702     2.00000
   -24.23356     2.00000
   -24.20630     2.00000
   -24.18787     2.00000
   -24.15077     2.00000
   -24.09106     2.00000
   -24.08308     2.00000
   -11.69297     2.00000
   -11.56108     2.00000
   -11.51380     2.00000
   -11.40983     2.00000
   -11.33937     2.00000
   -11.20052     2.00000
   -11.14502     2.00000
   -11.08222     2.00000
   -11.03659     2.00000
   -11.00312     2.00000
   -10.94624     2.00000
   -10.87369     2.00000
   -10.84102     2.00000
   -10.83746     2.00000
   -10.79234     2.00000
   -10.75658     2.00000
   -10.61958     2.00000
   -10.56512     2.00000
   -10.38454     2.00000
   -10.33390     2.00000
   -10.29314     2.00000
   -10.25442     2.00000
   -10.19361     2.00000
   -10.18448     2.00000
   -10.11388     2.00000
   -10.08436     2.00000
   -10.05249     2.00000
    -9.99830     2.00000
    -9.94504     2.00000
    -9.90754     2.00000
    -9.86278     2.00000
    -9.82677     2.00000
    -9.75062     2.00000
    -9.67789     2.00000
    -9.64408     2.00000
    -9.57062     2.00000
    -9.54116     2.00000
    -9.48496     2.00000
    -9.43065     2.00000
    -9.40224     2.00000
    -9.38978     2.00000
    -9.26918     2.00000
    -9.23308     2.00000
    -9.19801     2.00000
    -9.16389     2.00000
    -9.11319     2.00000
    -9.06468     2.00000
    -9.04315     2.00000
    -9.00057     2.00000
    -8.96367     2.00000
    -8.87613     2.00000
    -8.85129     2.00000
    -8.82321     2.00000
    -8.79663     2.00000
    -4.36481     0.00000
    -4.35047     0.00000
    -4.27735     0.00000
    -4.23361     0.00000
    -4.15266     0.00000
    -4.09428     0.00000
    -4.05989     0.00000
    -4.03170     0.00000
    -4.02289     0.00000
    -3.96947     0.00000
    -3.93112     0.00000
    -3.89397     0.00000
    -3.87986     0.00000
    -3.85895     0.00000
    -3.81457     0.00000
    -3.77617     0.00000
    -3.72358     0.00000
    -3.67246     0.00000
    -3.62128     0.00000
    -3.54333     0.00000
    -3.52125     0.00000
    -3.46405     0.00000
    -3.40944     0.00000
    -3.38324     0.00000
    -3.32771     0.00000
    -3.27021     0.00000
    -3.19186     0.00000
    -3.12802     0.00000
    -3.04700     0.00000
    -2.93931     0.00000
    -2.92175     0.00000
    -2.77525     0.00000
    -2.72438     0.00000
    -2.70383     0.00000
    -2.63108     0.00000
    -2.48482     0.00000
    -2.30712     0.00000
    -2.10152     0.00000
    -1.94214     0.00000
    -1.55148     0.00000
    -0.75851     0.00000
    -0.61866     0.00000
    -0.17814     0.00000
    -0.07403     0.00000
     0.22988     0.00000
     0.38996     0.00000
     0.77741     0.00000
     1.08801     0.00000
     2.02385     0.00000
     3.33783     0.00000
     3.40363     0.00000
     4.30876     0.00000
     4.88753     0.00000
     5.21093     0.00000
     6.76149     0.00000
     6.80669     0.00000
     7.88462     0.00000
     8.24309     0.00000
     8.67698     0.00000
     9.12348     0.00000
     9.35534     0.00000
     9.89475     0.00000
    10.35787     0.00000
    10.58721     0.00000
    10.65376     0.00000
    10.85202     0.00000
    11.36922     0.00000
    11.51442     0.00000
    11.79292     0.00000
    11.97064     0.00000
    12.06260     0.00000
    12.31723     0.00000
    12.48986     0.00000
    12.75604     0.00000
    12.83733     0.00000
    13.23187     0.00000
    13.47821     0.00000
    14.03387     0.00000
    14.74782     0.00000
    15.82817     0.00000
    16.19565     0.00000
 
