 Fermi distribution function
 
 Coordinates of moved atoms (au):
    1      0.00000000      3.71886736     12.01815780
    2      0.00000000      0.00000000     11.33835593
    3      3.71886736      3.71886736     12.69795967
    4      0.00000000     11.15660209     12.01815780
    5      0.00000000      7.43773472     11.33835593
    6      3.71886736     11.15660209     12.69795967
    7      0.00000000     18.59433681     12.01815780
    8      0.00000000     14.87546945     11.33835593
    9      3.71886736     18.59433681     12.69795967
   10      0.00000000     26.03207153     12.01815780
   11      0.00000000     22.31320417     11.33835593
   12      3.71886736     26.03207153     12.69795967
   13      0.15288053     18.13722919     15.57536457
   14      4.66628220     23.12349315     17.87914460
   15      3.79416048      7.61380252     18.21949549
   16      0.37348257      3.96192536     15.74750542
   17      3.66810474     10.75642269     16.49899620
   18      1.69999083     28.79728486     23.12333406
   19      0.74657059     16.06954056     18.30083356
   20      3.46001601     13.77752315     18.65733885
   21      5.45785073     28.47686219     22.06901766
   22      1.03622765     23.56544331     16.82984233
   23      7.38708749     11.13721982     15.79305994
   24      5.06999799     25.19685529     20.76357392
   25      5.25157220      1.26852930     19.77379244
   26      5.46908992      4.44643846     18.13765186
   27      4.46077005     19.94004460     19.43583395
 
 COMPONENT = q
  
 Eigenvalues /H
   -0.91017446
   -0.90821033
   -0.90640039
   -0.90211859
   -0.90024097
   -0.89836686
   -0.89793456
   -0.89563510
   -0.89328981
   -0.89311977
   -0.89210852
   -0.89142916
   -0.89056708
   -0.88956505
   -0.88888789
   -0.88752440
   -0.88533002
   -0.88503681
   -0.42970871
   -0.42486170
   -0.42312423
   -0.41930371
   -0.41671415
   -0.41161169
   -0.40957209
   -0.40726411
   -0.40558741
   -0.40435705
   -0.40226708
   -0.39960086
   -0.39840029
   -0.39826932
   -0.39661116
   -0.39529708
   -0.39026247
   -0.38826101
   -0.38162478
   -0.37976374
   -0.37826608
   -0.37684290
   -0.37460818
   -0.37427260
   -0.37167826
   -0.37059337
   -0.36942222
   -0.36743090
   -0.36547338
   -0.36409544
   -0.36245042
   -0.36112720
   -0.35832883
   -0.35565602
   -0.35441328
   -0.35171368
   -0.35063118
   -0.34856572
   -0.34657003
   -0.34552590
   -0.34506804
   -0.34063618
   -0.33930935
   -0.33802083
   -0.33676664
   -0.33490366
   -0.33312096
   -0.33232967
   -0.33076498
   -0.32940883
   -0.32619192
   -0.32527894
   -0.32424690
   -0.32327023
   -0.16040384
   -0.15987676
   -0.15718967
   -0.15558226
   -0.15260744
   -0.15046221
   -0.14919816
   -0.14816215
   -0.14783847
   -0.14587520
   -0.14446616
   -0.14310087
   -0.14258229
   -0.14181397
   -0.14018301
   -0.13877163
   -0.13683917
   -0.13496029
   -0.13307960
   -0.13021513
   -0.12940341
   -0.12730139
   -0.12529457
   -0.12433167
   -0.12229102
   -0.12017808
   -0.11729856
   -0.11495254
   -0.11197533
   -0.10801763
   -0.10737252
   -0.10198867
   -0.10011901
   -0.09936394
   -0.09669036
   -0.09131547
   -0.08478508
   -0.07722956
   -0.07137231
   -0.05701572
   -0.02787461
   -0.02273517
   -0.00654645
   -0.00272061
    0.00844782
    0.01433070
    0.02856945
    0.03998346
    0.07437507
    0.12266304
    0.12508102
    0.15834397
    0.17961356
    0.19149805
    0.24848005
    0.25014110
    0.28975463
    0.30292813
    0.31887308
    0.33528186
    0.34380251
    0.36362523
    0.38064455
    0.38907295
    0.39151831
    0.39880444
    0.41781101
    0.42314704
    0.43338185
    0.43991282
    0.44329253
    0.45264986
    0.45899377
    0.46877601
    0.47176309
    0.48626230
    0.49531511
    0.51573539
    0.54197239
    0.58167451
    0.59517910
 
 Eigenvalues /eV
  -24.76710725
  -24.71366052
  -24.66440946
  -24.54789580
  -24.49680318
  -24.44580605
  -24.43404267
  -24.37147103
  -24.30765256
  -24.30302555
  -24.27550801
  -24.25702173
  -24.23356329
  -24.20629669
  -24.18787015
  -24.15076762
  -24.09105545
  -24.08307692
  -11.69296891
  -11.56107513
  -11.51379612
  -11.40983447
  -11.33936891
  -11.20052408
  -11.14502354
  -11.08222023
  -11.03659497
  -11.00311523
  -10.94624419
  -10.87369251
  -10.84102342
  -10.83745962
  -10.79233880
  -10.75658088
  -10.61958217
  -10.56511969
  -10.38453876
  -10.33389715
  -10.29314380
  -10.25441718
  -10.19360723
  -10.18447557
  -10.11387994
  -10.08435867
  -10.05249021
   -9.99830343
   -9.94503658
   -9.90754110
   -9.86277770
   -9.82677101
   -9.75062349
   -9.67789275
   -9.64407598
   -9.57061625
   -9.54115991
   -9.48495575
   -9.43065031
   -9.40223800
   -9.38977899
   -9.26918213
   -9.23307705
   -9.19801482
   -9.16388657
   -9.11319226
   -9.06468252
   -9.04315042
   -9.00057302
   -8.96367021
   -8.87613385
   -8.85129026
   -8.82320694
   -8.79663055
   -4.36481056
   -4.35046806
   -4.27734855
   -4.23360864
   -4.15265961
   -4.09428492
   -4.05988838
   -4.03169714
   -4.02288944
   -3.96946614
   -3.93112416
   -3.89397269
   -3.87986146
   -3.85895447
   -3.81457376
   -3.77616814
   -3.72358324
   -3.67245632
   -3.62128028
   -3.54333395
   -3.52124603
   -3.46404717
   -3.40943869
   -3.38323680
   -3.32770786
   -3.27021198
   -3.19185625
   -3.12801784
   -3.04700378
   -2.93930925
   -2.92175499
   -2.77525305
   -2.72437697
   -2.70383049
   -2.63107864
   -2.48482048
   -2.30711947
   -2.10152327
   -1.94213949
   -1.55147663
   -0.75850667
   -0.61865545
   -0.17813793
   -0.07403165
    0.22987680
    0.38995813
    0.77741435
    1.08800541
    2.02384876
    3.33783126
    3.40362774
    4.30875871
    4.88753361
    5.21092718
    6.76148623
    6.80668569
    7.88462467
    8.24309387
    8.67697812
    9.12348352
    9.35534228
    9.89474587
   10.35786514
   10.58721376
   10.65375517
   10.85202104
   11.36921606
   11.51441668
   11.79292026
   11.97063692
   12.06260356
   12.31722933
   12.48985584
   12.75604416
   12.83732676
   13.23187047
   13.47821004
   14.03387400
   14.74781899
   15.82816866
   16.19564733
 
 Fillings
     2.00000
     2.00000
     2.00000
     2.00000
     2.00000
     2.00000
     2.00000
     2.00000
     2.00000
     2.00000
     2.00000
     2.00000
     2.00000
     2.00000
     2.00000
     2.00000
     2.00000
     2.00000
     2.00000
     2.00000
     2.00000
     2.00000
     2.00000
     2.00000
     2.00000
     2.00000
     2.00000
     2.00000
     2.00000
     2.00000
     2.00000
     2.00000
     2.00000
     2.00000
     2.00000
     2.00000
     2.00000
     2.00000
     2.00000
     2.00000
     2.00000
     2.00000
     2.00000
     2.00000
     2.00000
     2.00000
     2.00000
     2.00000
     2.00000
     2.00000
     2.00000
     2.00000
     2.00000
     2.00000
     2.00000
     2.00000
     2.00000
     2.00000
     2.00000
     2.00000
     2.00000
     2.00000
     2.00000
     2.00000
     2.00000
     2.00000
     2.00000
     2.00000
     2.00000
     2.00000
     2.00000
     2.00000
     0.00000
     0.00000
     0.00000
     0.00000
     0.00000
     0.00000
     0.00000
     0.00000
     0.00000
     0.00000
     0.00000
     0.00000
     0.00000
     0.00000
     0.00000
     0.00000
     0.00000
     0.00000
     0.00000
     0.00000
     0.00000
     0.00000
     0.00000
     0.00000
     0.00000
     0.00000
     0.00000
     0.00000
     0.00000
     0.00000
     0.00000
     0.00000
     0.00000
     0.00000
     0.00000
     0.00000
     0.00000
     0.00000
     0.00000
     0.00000
     0.00000
     0.00000
     0.00000
     0.00000
     0.00000
     0.00000
     0.00000
     0.00000
     0.00000
     0.00000
     0.00000
     0.00000
     0.00000
     0.00000
     0.00000
     0.00000
     0.00000
     0.00000
     0.00000
     0.00000
     0.00000
     0.00000
     0.00000
     0.00000
     0.00000
     0.00000
     0.00000
     0.00000
     0.00000
     0.00000
     0.00000
     0.00000
     0.00000
     0.00000
     0.00000
     0.00000
     0.00000
     0.00000
     0.00000
     0.00000
     0.00000
 
 Fermi energy:                      -0.2528322788 H           -6.8799 eV
 Band energy:                      -72.2107702480 H        -1964.9550 eV
 TS:                                 0.0000000000 H            0.0000 eV
 Band free energy (E-TS):          -72.2107702480 H        -1964.9550 eV
 Extrapolated E(0K):               -72.2107702480 H        -1964.9550 eV
 
 Energy H0:                        -72.2107702480 H        -1964.9550 eV
 Total Electronic energy:          -72.2107702480 H        -1964.9550 eV
 Repulsive energy:                   2.0428843542 H           55.5897 eV
 Total energy:                     -70.1678858938 H        -1909.3653 eV
 Total Mermin free energy:         -70.1678858938 H        -1909.3653 eV
 
 Non-SCC calculation
 
 Full geometry written in geo_end.{xyz|gen}
 
 Total Forces
  1.061926132196304E-003  1.908942377668096E-003  2.959138668750413E-002
 -2.786317506763053E-005 -1.899464201423497E-003 -8.264286234275879E-004
  1.626916621943360E-002 -1.016301074837987E-003 -2.649752811723880E-002
 -4.469919938547870E-004  1.878282861870011E-003  2.313790119778630E-002
 -1.447798464732981E-004  1.142431799403622E-003 -5.936537970793746E-003
 -2.895233311583846E-003 -5.035876824125596E-003  6.543025862377996E-003
 -1.154931126944679E-003 -2.917378997687122E-003  2.395710806472812E-002
 -1.505215146156017E-004 -3.287412070495996E-003 -8.238436724847923E-003
  8.081693353557929E-003  4.551791080912317E-003 -3.394749002887501E-002
  2.589153090360108E-003 -6.630787714042697E-003  1.817138560247125E-002
 -3.620925188543954E-004  1.617483477415664E-003 -2.806049495683943E-003
  3.680072683999866E-003 -1.037960605047560E-003 -2.701062181589671E-003
  5.453087452948514E-004 -1.590790729614341E-002  3.102494605972283E-002
 -3.733877169669374E-003 -2.696377030557293E-003 -8.024111490867458E-005
  2.724684037779923E-003  1.222402143150736E-003 -2.685432233951970E-003
  1.241008942509153E-002 -4.395754331409825E-004 -7.720460553118591E-003
  1.025565571059585E-003  1.010735989267765E-002 -1.611767828554025E-002
 -1.177750746181043E-002 -6.016431986602871E-003 -5.579887203918006E-003
 -4.981220338277408E-003  3.255025847371070E-002 -1.135071152167010E-002
  1.618602943914374E-003 -5.013512090952056E-003 -5.724686734832507E-003
  4.429657056630665E-003  1.028113820097309E-002  4.419750457787447E-003
  2.231367137840445E-004  1.123495892226144E-003 -2.942003071417228E-003
  1.505321148988217E-003  4.505608075828851E-004  3.914127645526323E-003
  1.752980691474738E-004  2.711073641264196E-003 -7.293797394545110E-003
 -5.449571473895090E-004  7.087805801880079E-004  5.264653214120021E-003
 -2.903388287037738E-002 -1.764295887203858E-003  4.510061296033666E-003
 -1.085816716320177E-003 -1.659072001678222E-002 -1.008591483169885E-002
 
 Total stress tensor
     -0.000096638698      0.000001594742     -0.000021341886
      0.000001594511     -0.000105066002      0.000008508356
     -0.000021341278      0.000008509102     -0.000022055120
 
 Total lattice derivs
      0.135828402317     -0.002241453940      0.029996619148
     -0.000560282404      0.036918303652     -0.002989683159
      0.004722389351     -0.001882890557      0.004880347906
 
 Maximal derivative component:       0.339475E-01 au
 Max force for moved atoms::         0.339475E-01 au
 
 Volume:                             0.104539E+05 au^3
 Pressure:                          -0.745866E-04 au    -0.219441E+10 Pa
 
 Geometry converged
 
