 KPT            1  SPIN            1  KWEIGHT    1.00000000000000     
   -24.82134     2.00000
   -24.75755     2.00000
   -24.74902     2.00000
   -24.66461     2.00000
   -24.47431     2.00000
   -24.41360     2.00000
   -24.40085     2.00000
   -24.31998     2.00000
   -24.31136     2.00000
   -24.27615     2.00000
   -24.26760     2.00000
   -24.25909     2.00000
   -24.25517     2.00000
   -24.18818     2.00000
   -24.17342     2.00000
   -24.16786     2.00000
   -24.08057     2.00000
   -23.90106     2.00000
   -11.78070     2.00000
   -11.73637     2.00000
   -11.70442     2.00000
   -11.55775     2.00000
   -11.34098     2.00000
   -11.19844     2.00000
   -11.16229     2.00000
   -11.13788     2.00000
   -11.08952     2.00000
   -11.07680     2.00000
   -11.01332     2.00000
   -10.98572     2.00000
   -10.96496     2.00000
   -10.92902     2.00000
   -10.86036     2.00000
   -10.79150     2.00000
   -10.72709     2.00000
   -10.68913     2.00000
   -10.59208     2.00000
   -10.55970     2.00000
   -10.45644     2.00000
   -10.40110     2.00000
   -10.30085     2.00000
   -10.27910     2.00000
   -10.25763     2.00000
   -10.15079     2.00000
   -10.10975     2.00000
   -10.05169     2.00000
   -10.01310     2.00000
    -9.92358     2.00000
    -9.78091     2.00000
    -9.75389     2.00000
    -9.71657     2.00000
    -9.70188     2.00000
    -9.63028     2.00000
    -9.57080     2.00000
    -9.53990     2.00000
    -9.48881     2.00000
    -9.46672     2.00000
    -9.43561     2.00000
    -9.38870     2.00000
    -9.37034     2.00000
    -9.29834     2.00000
    -9.22250     2.00000
    -9.14631     2.00000
    -9.10242     2.00000
    -9.03164     2.00000
    -8.99895     2.00000
    -8.93675     2.00000
    -8.92101     2.00000
    -8.87032     2.00000
    -8.86061     2.00000
    -8.82939     2.00000
    -8.81567     2.00000
    -4.18862     0.00000
    -4.14709     0.00000
    -4.11661     0.00000
    -4.06291     0.00000
    -4.01058     0.00000
    -3.97943     0.00000
    -3.96850     0.00000
    -3.95527     0.00000
    -3.88529     0.00000
    -3.86895     0.00000
    -3.81230     0.00000
    -3.78724     0.00000
    -3.70591     0.00000
    -3.65942     0.00000
    -3.62924     0.00000
    -3.59753     0.00000
    -3.56900     0.00000
    -3.50838     0.00000
    -3.45005     0.00000
    -3.42182     0.00000
    -3.39570     0.00000
    -3.38576     0.00000
    -3.29880     0.00000
    -3.23250     0.00000
    -3.14782     0.00000
    -3.06602     0.00000
    -3.00061     0.00000
    -2.93375     0.00000
    -2.88883     0.00000
    -2.86137     0.00000
    -2.81697     0.00000
    -2.70840     0.00000
    -2.68190     0.00000
    -2.60014     0.00000
    -2.54205     0.00000
    -2.45496     0.00000
    -2.22795     0.00000
    -2.10717     0.00000
    -0.28735     0.00000
    -0.15691     0.00000
     0.14788     0.00000
     0.19475     0.00000
     0.33600     0.00000
     0.44863     0.00000
     0.63969     0.00000
     2.61291     0.00000
     2.87714     0.00000
     4.19758     0.00000
     4.65252     0.00000
     4.68047     0.00000
     5.21352     0.00000
     5.82237     0.00000
     5.88327     0.00000
     5.96452     0.00000
     6.61828     0.00000
     7.29252     0.00000
     7.58466     0.00000
     8.12041     0.00000
     8.56620     0.00000
     9.26662     0.00000
     9.33071     0.00000
     9.93133     0.00000
    10.21245     0.00000
    10.37912     0.00000
    10.58895     0.00000
    10.67323     0.00000
    11.25727     0.00000
    11.45598     0.00000
    11.57623     0.00000
    12.14707     0.00000
    12.62774     0.00000
    12.84490     0.00000
    13.18460     0.00000
    13.40913     0.00000
    13.49331     0.00000
    13.72223     0.00000
    14.08167     0.00000
    14.74868     0.00000
    15.20262     0.00000
    15.70571     0.00000
    16.71268     0.00000
 
