 Fermi distribution function
 
 Coordinates of moved atoms (au):
    1      0.00000000      3.71886736     12.01815780
    2      0.00000000      0.00000000     11.33835593
    3      3.71886736      3.71886736     12.69795967
    4      0.00000000     11.15660209     12.01815780
    5      0.00000000      7.43773472     11.33835593
    6      3.71886736     11.15660209     12.69795967
    7      0.00000000     18.59433681     12.01815780
    8      0.00000000     14.87546945     11.33835593
    9      3.71886736     18.59433681     12.69795967
   10      0.00000000     26.03207153     12.01815780
   11      0.00000000     22.31320417     11.33835593
   12      3.71886736     26.03207153     12.69795967
   13      7.39847913     23.33183729     17.90127304
   14      0.12534790     26.08195593     20.24191828
   15      3.78017350      0.66080208     17.63191001
   16      0.04560995      4.11223045     20.51719206
   17      7.41220721     11.22432094     15.77177414
   18      3.70571737     21.87358884     17.58750707
   19      3.79765363      7.74321623     17.73573019
   20      0.00933195     26.16709463     15.64768943
   21      3.74098310      4.37364195     16.44384427
   22      0.00295891     18.41543381     15.76448526
   23      0.10111416     28.96524315     18.00074847
   24      3.68215931     14.73682085     17.38444615
   25      3.71221974     18.20490756     16.29725829
   26      0.02536353      4.09435162     15.63583405
   27      3.69624882     11.25650211     16.32241744
 
 COMPONENT = q
  
 Eigenvalues /H
   -0.91216753
   -0.90982338
   -0.90950962
   -0.90640769
   -0.89941428
   -0.89718337
   -0.89671489
   -0.89374273
   -0.89342616
   -0.89213224
   -0.89181775
   -0.89150503
   -0.89136124
   -0.88889934
   -0.88835690
   -0.88815253
   -0.88494479
   -0.87834784
   -0.43293283
   -0.43130369
   -0.43012963
   -0.42473939
   -0.41677352
   -0.41153498
   -0.41020672
   -0.40930954
   -0.40753247
   -0.40706481
   -0.40473214
   -0.40371777
   -0.40295476
   -0.40163409
   -0.39911105
   -0.39658030
   -0.39421333
   -0.39281824
   -0.38925163
   -0.38806180
   -0.38426704
   -0.38223357
   -0.37854933
   -0.37774991
   -0.37696107
   -0.37303471
   -0.37152659
   -0.36939274
   -0.36797483
   -0.36468494
   -0.35944182
   -0.35844903
   -0.35707733
   -0.35653766
   -0.35390619
   -0.35172055
   -0.35058494
   -0.34870750
   -0.34789571
   -0.34675242
   -0.34502857
   -0.34435367
   -0.34170766
   -0.33892072
   -0.33612087
   -0.33450760
   -0.33190681
   -0.33070534
   -0.32841942
   -0.32784120
   -0.32597818
   -0.32562129
   -0.32447411
   -0.32396990
   -0.15392893
   -0.15240261
   -0.15128252
   -0.14930932
   -0.14738601
   -0.14624132
   -0.14583970
   -0.14535359
   -0.14278181
   -0.14218139
   -0.14009938
   -0.13917861
   -0.13618976
   -0.13448114
   -0.13337198
   -0.13220692
   -0.13115844
   -0.12893077
   -0.12678697
   -0.12574952
   -0.12478963
   -0.12442432
   -0.12122865
   -0.11879212
   -0.11568020
   -0.11267403
   -0.11027037
   -0.10781351
   -0.10616249
   -0.10515356
   -0.10352181
   -0.09953182
   -0.09855814
   -0.09555356
   -0.09341861
   -0.09021795
   -0.08187554
   -0.07743704
   -0.01055996
   -0.00576616
    0.00543450
    0.00715692
    0.01234771
    0.01648677
    0.02350811
    0.09602273
    0.10573304
    0.15425833
    0.17097700
    0.17200429
    0.19159324
    0.21396805
    0.21620619
    0.21919205
    0.24321722
    0.26799526
    0.27873096
    0.29841955
    0.31480202
    0.34054216
    0.34289747
    0.36496963
    0.37530078
    0.38142551
    0.38913673
    0.39223388
    0.41369694
    0.42099951
    0.42541863
    0.44639680
    0.46406095
    0.47204142
    0.48452498
    0.49277639
    0.49586985
    0.50428283
    0.51749189
    0.54200392
    0.55868586
    0.57717417
    0.61417988
 
 Eigenvalues /eV
  -24.82134131
  -24.75755373
  -24.74901584
  -24.66460823
  -24.47430771
  -24.41360158
  -24.40085371
  -24.31997695
  -24.31136284
  -24.27615348
  -24.26759560
  -24.25908620
  -24.25517345
  -24.18818179
  -24.17342106
  -24.16786004
  -24.08057281
  -23.90106075
  -11.78070158
  -11.73637047
  -11.70442270
  -11.55774681
  -11.34098463
  -11.19843655
  -11.16229268
  -11.13787922
  -11.08952286
  -11.07679695
  -11.01332194
  -10.98571947
  -10.96495696
  -10.92901971
  -10.86036429
  -10.79149900
  -10.72709041
  -10.68912826
  -10.59207577
  -10.55969886
  -10.45643814
  -10.40110475
  -10.30085147
  -10.27909815
  -10.25763273
  -10.15079088
  -10.10975281
  -10.05168793
  -10.01310463
   -9.92358220
   -9.78090964
   -9.75389430
   -9.71656860
   -9.70188325
   -9.63027754
   -9.57080306
   -9.53990170
   -9.48881390
   -9.46672390
   -9.43561331
   -9.38870499
   -9.37034002
   -9.29833849
   -9.22250202
   -9.14631411
   -9.10241502
   -9.03164375
   -8.99895028
   -8.93674703
   -8.92101300
   -8.87031747
   -8.86060609
   -8.82938984
   -8.81566946
   -4.18861930
   -4.14708613
   -4.11660691
   -4.06291340
   -4.01057737
   -3.97942874
   -3.96850018
   -3.95527238
   -3.88529067
   -3.86895236
   -3.81229804
   -3.78724280
   -3.70591199
   -3.65941805
   -3.62923618
   -3.59753329
   -3.56900262
   -3.50838465
   -3.45004889
   -3.42181856
   -3.39569851
   -3.38575789
   -3.29879953
   -3.23249819
   -3.14781833
   -3.06601641
   -3.00060957
   -2.93375486
   -2.88882826
   -2.86137394
   -2.81697181
   -2.70839874
   -2.68190354
   -2.60014479
   -2.54204978
   -2.45495541
   -2.22794682
   -2.10716918
   -0.28735107
   -0.15690512
    0.14788016
    0.19474974
    0.33599824
    0.44862790
    0.63968816
    2.61291133
    2.87714235
    4.19758277
    4.65252098
    4.68047494
    5.21351720
    5.82236700
    5.88326969
    5.96451922
    6.61827724
    7.29252210
    7.58465538
    8.12040912
    8.56619889
    9.26662378
    9.33071498
    9.93132890
   10.21245384
   10.37911629
   10.58894911
   10.67322684
   11.25726647
   11.45597952
   11.57622997
   12.14707492
   12.62774089
   12.84490047
   13.18459562
   13.40912772
   13.49330507
   13.72223392
   14.08167090
   14.74867703
   15.20261584
   15.70570817
   16.71268490
 
 Fillings
     2.00000
     2.00000
     2.00000
     2.00000
     2.00000
     2.00000
     2.00000
     2.00000
     2.00000
     2.00000
     2.00000
     2.00000
     2.00000
     2.00000
     2.00000
     2.00000
     2.00000
     2.00000
     2.00000
     2.00000
     2.00000
     2.00000
     2.00000
     2.00000
     2.00000
     2.00000
     2.00000
     2.00000
     2.00000
     2.00000
     2.00000
     2.00000
     2.00000
     2.00000
     2.00000
     2.00000
     2.00000
     2.00000
     2.00000
     2.00000
     2.00000
     2.00000
     2.00000
     2.00000
     2.00000
     2.00000
     2.00000
     2.00000
     2.00000
     2.00000
     2.00000
     2.00000
     2.00000
     2.00000
     2.00000
     2.00000
     2.00000
     2.00000
     2.00000
     2.00000
     2.00000
     2.00000
     2.00000
     2.00000
     2.00000
     2.00000
     2.00000
     2.00000
     2.00000
     2.00000
     2.00000
     2.00000
     0.00000
     0.00000
     0.00000
     0.00000
     0.00000
     0.00000
     0.00000
     0.00000
     0.00000
     0.00000
     0.00000
     0.00000
     0.00000
     0.00000
     0.00000
     0.00000
     0.00000
     0.00000
     0.00000
     0.00000
     0.00000
     0.00000
     0.00000
     0.00000
     0.00000
     0.00000
     0.00000
     0.00000
     0.00000
     0.00000
     0.00000
     0.00000
     0.00000
     0.00000
     0.00000
     0.00000
     0.00000
     0.00000
     0.00000
     0.00000
     0.00000
     0.00000
     0.00000
     0.00000
     0.00000
     0.00000
     0.00000
     0.00000
     0.00000
     0.00000
     0.00000
     0.00000
     0.00000
     0.00000
     0.00000
     0.00000
     0.00000
     0.00000
     0.00000
     0.00000
     0.00000
     0.00000
     0.00000
     0.00000
     0.00000
     0.00000
     0.00000
     0.00000
     0.00000
     0.00000
     0.00000
     0.00000
     0.00000
     0.00000
     0.00000
     0.00000
     0.00000
     0.00000
     0.00000
     0.00000
     0.00000
 
 Fermi energy:                      -0.2456405359 H           -6.6842 eV
 Band energy:                      -72.4110263963 H        -1970.4043 eV
 TS:                                 0.0000000000 H            0.0000 eV
 Band free energy (E-TS):          -72.4110263963 H        -1970.4043 eV
 Extrapolated E(0K):               -72.4110263963 H        -1970.4043 eV
 
 Energy H0:                        -72.4110263963 H        -1970.4043 eV
 Total Electronic energy:          -72.4110263963 H        -1970.4043 eV
 Repulsive energy:                   2.1369839850 H           58.1503 eV
 Total energy:                     -70.2740424112 H        -1912.2540 eV
 Total Mermin free energy:         -70.2740424112 H        -1912.2540 eV
 
 Non-SCC calculation
 
 Full geometry written in geo_end.{xyz|gen}
 
 Total Forces
  2.342127804579717E-004  1.220743246661809E-003  2.270198307692131E-002
  1.317496309448691E-005  1.269282956422302E-003 -3.873965184541951E-003
  1.597453919286646E-003  6.154645100502731E-003  1.775362187043661E-004
  3.897998865495202E-004 -5.591995963955465E-005  1.868302325855234E-002
 -1.859675267087049E-005  2.641677673524319E-003 -7.284383336482250E-003
 -1.423771707034967E-003 -2.238197597485580E-004 -5.813170492562872E-003
  3.359317152798870E-004  7.386230835915715E-004  1.604792766148036E-002
 -6.147720611651953E-006 -3.817329983474255E-004 -6.077063520359371E-003
  7.621264608611363E-005 -3.154043613122002E-003 -7.922056115290371E-003
 -1.179562213910331E-004  1.760704626790456E-003  2.434059920258164E-002
 -1.311552218267099E-005 -1.249031129799873E-003 -2.834502960363427E-003
  4.408821633334012E-004 -1.068895011174932E-003 -3.347723127705490E-002
  5.422711857409758E-003  6.060972291028227E-003  4.742860144330501E-003
 -1.918733796654403E-003  5.636841248985149E-003 -9.328683672993249E-003
  4.214072915823747E-003 -3.134207473136294E-003  6.051443250372581E-003
  7.459212337298643E-004 -1.518595220263617E-002 -1.578067564966220E-002
  3.595611555126225E-003 -1.992698437763024E-003  3.529317051921922E-003
 -2.986145682085767E-003 -8.335782946005919E-004  6.458205831315948E-003
 -2.850388075376674E-003  5.388204710211668E-003 -1.232393691738666E-002
 -7.242423536393276E-004  2.799275635189455E-003  6.515231829365316E-003
  9.635006832583535E-004 -9.480522975261692E-003  1.888345882267342E-003
 -4.635991894345659E-003 -1.083216451888477E-002  2.720584271678567E-003
 -4.750430861149249E-003 -8.136617985156705E-003  1.834906251481756E-002
  1.071486328954196E-003  2.309674270073264E-003 -5.817751782615094E-003
  3.297765054264735E-003 -2.243111079984025E-003 -4.910509384541559E-003
 -1.983415422913898E-003  2.063394423261086E-002 -1.178683593252579E-002
 -9.698016925987606E-004  1.357706363663842E-003 -4.975353967930224E-003
 
 Total stress tensor
     -0.000058971108      0.000000939366     -0.000000810488
      0.000000939479     -0.000120717544     -0.000008047048
     -0.000000809863     -0.000008046819     -0.000014622068
 
 Total lattice derivs
      0.082885546840     -0.001320305626      0.001139162962
     -0.000330116064      0.042417973811      0.002827587880
      0.000179206152      0.001780596863      0.003235565312
 
 Maximal derivative component:       0.334772E-01 au
 Max force for moved atoms::         0.334772E-01 au
 
 Volume:                             0.104539E+05 au^3
 Pressure:                          -0.647702E-04 au    -0.190561E+10 Pa
 
 Geometry converged
 
