 KPT            1  SPIN            1  KWEIGHT    1.00000000000000     
   -24.81059     2.00000
   -24.72862     2.00000
   -24.68702     2.00000
   -24.58378     2.00000
   -24.50018     2.00000
   -24.45136     2.00000
   -24.40362     2.00000
   -24.36466     2.00000
   -24.33469     2.00000
   -24.28603     2.00000
   -24.25685     2.00000
   -24.24644     2.00000
   -24.24117     2.00000
   -24.20564     2.00000
   -24.15412     2.00000
   -24.13594     2.00000
   -23.96215     2.00000
   -23.83231     2.00000
   -11.71324     2.00000
   -11.63698     2.00000
   -11.47493     2.00000
   -11.41185     2.00000
   -11.30955     2.00000
   -11.22103     2.00000
   -11.17743     2.00000
   -11.14466     2.00000
   -11.07414     2.00000
   -11.01021     2.00000
   -10.96664     2.00000
   -10.90561     2.00000
   -10.87888     2.00000
   -10.85530     2.00000
   -10.76706     2.00000
   -10.71706     2.00000
   -10.68695     2.00000
   -10.60435     2.00000
   -10.54848     2.00000
   -10.47721     2.00000
   -10.46210     2.00000
   -10.43258     2.00000
   -10.39481     2.00000
   -10.36399     2.00000
   -10.33472     2.00000
   -10.14376     2.00000
   -10.07794     2.00000
   -10.02283     2.00000
    -9.97444     2.00000
    -9.93613     2.00000
    -9.88628     2.00000
    -9.79202     2.00000
    -9.73806     2.00000
    -9.65592     2.00000
    -9.61212     2.00000
    -9.57289     2.00000
    -9.49270     2.00000
    -9.43008     2.00000
    -9.38628     2.00000
    -9.37067     2.00000
    -9.29883     2.00000
    -9.21091     2.00000
    -9.17875     2.00000
    -9.13281     2.00000
    -9.08728     2.00000
    -8.99991     2.00000
    -8.96754     2.00000
    -8.93213     2.00000
    -8.85743     2.00000
    -8.84094     2.00000
    -8.80063     2.00000
    -8.68521     2.00000
    -8.59652     2.00000
    -8.55114     2.00000
    -4.50650     0.00000
    -4.41919     0.00000
    -4.41235     0.00000
    -4.20215     0.00000
    -4.14493     0.00000
    -4.13489     0.00000
    -4.06885     0.00000
    -4.03644     0.00000
    -3.99376     0.00000
    -3.94585     0.00000
    -3.90882     0.00000
    -3.88914     0.00000
    -3.84605     0.00000
    -3.83797     0.00000
    -3.81221     0.00000
    -3.73728     0.00000
    -3.71418     0.00000
    -3.63186     0.00000
    -3.56744     0.00000
    -3.55468     0.00000
    -3.47467     0.00000
    -3.43287     0.00000
    -3.36574     0.00000
    -3.33047     0.00000
    -3.25484     0.00000
    -3.23733     0.00000
    -3.14752     0.00000
    -3.10640     0.00000
    -3.02757     0.00000
    -2.98705     0.00000
    -2.84988     0.00000
    -2.80560     0.00000
    -2.74110     0.00000
    -2.56412     0.00000
    -2.51522     0.00000
    -2.13068     0.00000
    -1.95439     0.00000
    -1.82773     0.00000
    -1.44449     0.00000
    -0.65311     0.00000
    -0.25391     0.00000
    -0.00306     0.00000
     0.16121     0.00000
     0.23647     0.00000
     0.34213     0.00000
     0.48960     0.00000
     1.33304     0.00000
     1.85722     0.00000
     3.59663     0.00000
     3.83109     0.00000
     4.21717     0.00000
     4.41635     0.00000
     4.59580     0.00000
     5.18066     0.00000
     7.18600     0.00000
     7.44897     0.00000
     8.16968     0.00000
     8.26093     0.00000
     8.89614     0.00000
     9.08983     0.00000
     9.46115     0.00000
     9.73120     0.00000
    10.12620     0.00000
    10.28227     0.00000
    10.48428     0.00000
    10.74716     0.00000
    11.01813     0.00000
    11.39852     0.00000
    11.87464     0.00000
    12.00567     0.00000
    12.32487     0.00000
    12.45891     0.00000
    12.90346     0.00000
    13.03796     0.00000
    13.45112     0.00000
    13.73981     0.00000
    13.90683     0.00000
    14.42114     0.00000
    14.84230     0.00000
    15.55084     0.00000
    17.12595     0.00000
 
