 Fermi distribution function
 
 Coordinates of moved atoms (au):
    1      0.00000000      3.71886736     12.01815780
    2      0.00000000      0.00000000     11.33835593
    3      3.71886736      3.71886736     12.69795967
    4      0.00000000     11.15660209     12.01815780
    5      0.00000000      7.43773472     11.33835593
    6      3.71886736     11.15660209     12.69795967
    7      0.00000000     18.59433681     12.01815780
    8      0.00000000     14.87546945     11.33835593
    9      3.71886736     18.59433681     12.69795967
   10      0.00000000     26.03207153     12.01815780
   11      0.00000000     22.31320417     11.33835593
   12      3.71886736     26.03207153     12.69795967
   13      3.72399739     14.04185435     18.02119714
   14      0.16159473      4.46272979     15.74469162
   15      3.56100853      8.13867670     18.70142072
   16      3.95647349     25.02928574     20.10778304
   17      7.39536842     27.33982643     15.71132861
   18      3.59804947      1.48772217      8.39051841
   19      7.35085897     10.36818811     15.89973624
   20      3.77372834     19.49347200     18.82776672
   21      0.23947893     22.65077051     16.58967697
   22      3.97088358     22.72700119     17.31248040
   23      0.30026001     26.02348020     20.24674846
   24      0.00228800     17.37060549     15.60138309
   25      3.63169692     11.08714837     16.31788890
   26      3.71723840     17.10361913     16.20946824
   27      7.40053266      7.16603488     17.87351448
 
 COMPONENT = q
  
 Eigenvalues /H
   -0.91177230
   -0.90876018
   -0.90723113
   -0.90343725
   -0.90036513
   -0.89857101
   -0.89681650
   -0.89538468
   -0.89428327
   -0.89249519
   -0.89142269
   -0.89104022
   -0.89084678
   -0.88954094
   -0.88764772
   -0.88697943
   -0.88059276
   -0.87582121
   -0.43045375
   -0.42765100
   -0.42169576
   -0.41937792
   -0.41561826
   -0.41236514
   -0.41076299
   -0.40955880
   -0.40696722
   -0.40461771
   -0.40301671
   -0.40077375
   -0.39979158
   -0.39892496
   -0.39568212
   -0.39384458
   -0.39273819
   -0.38970282
   -0.38764967
   -0.38503047
   -0.38447522
   -0.38339034
   -0.38200210
   -0.38086973
   -0.37979391
   -0.37277631
   -0.37035731
   -0.36833237
   -0.36655396
   -0.36514604
   -0.36331411
   -0.35985022
   -0.35786721
   -0.35484870
   -0.35323900
   -0.35179715
   -0.34885048
   -0.34654916
   -0.34493930
   -0.34436565
   -0.34172556
   -0.33849456
   -0.33731281
   -0.33562470
   -0.33395133
   -0.33074076
   -0.32955100
   -0.32824976
   -0.32550442
   -0.32489860
   -0.32341726
   -0.31917553
   -0.31591632
   -0.31424876
   -0.16561080
   -0.16240241
   -0.16215106
   -0.15442626
   -0.15232326
   -0.15195447
   -0.14952762
   -0.14833640
   -0.14676786
   -0.14500737
   -0.14364645
   -0.14292341
   -0.14133988
   -0.14104287
   -0.14009632
   -0.13734259
   -0.13649372
   -0.13346825
   -0.13110109
   -0.13063192
   -0.12769173
   -0.12615576
   -0.12368860
   -0.12239247
   -0.11961317
   -0.11896974
   -0.11566928
   -0.11415813
   -0.11126123
   -0.10977194
   -0.10473113
   -0.10310389
   -0.10073339
   -0.09422972
   -0.09243281
   -0.07830119
   -0.07182243
   -0.06716767
   -0.05308410
   -0.02400129
   -0.00933105
   -0.00011233
    0.00592434
    0.00869021
    0.01257309
    0.01799229
    0.04898832
    0.06825157
    0.13217373
    0.14078994
    0.15497825
    0.16229775
    0.16889247
    0.19038587
    0.26408081
    0.27374465
    0.30023016
    0.30358364
    0.32692722
    0.33404511
    0.34769082
    0.35761504
    0.37213105
    0.37786633
    0.38529023
    0.39495069
    0.40490902
    0.41888799
    0.43638505
    0.44120019
    0.45293069
    0.45785636
    0.47419357
    0.47913633
    0.49431950
    0.50492877
    0.51106677
    0.52996699
    0.54544444
    0.57148300
    0.62936705
 
 Eigenvalues /eV
  -24.81058669
  -24.72862261
  -24.68701502
  -24.58377835
  -24.50018161
  -24.45136127
  -24.40361867
  -24.36465689
  -24.33468589
  -24.28602972
  -24.25684550
  -24.24643797
  -24.24117433
  -24.20564053
  -24.15412354
  -24.13593831
  -23.96214821
  -23.83230765
  -11.71324241
  -11.63697589
  -11.47492537
  -11.41185379
  -11.30954820
  -11.22102633
  -11.17742964
  -11.14466211
  -11.07414148
  -11.01020811
  -10.96664253
  -10.90560865
  -10.87888241
  -10.85530043
  -10.76705829
  -10.71705636
  -10.68694981
  -10.60435332
  -10.54848418
  -10.47721214
  -10.46210298
  -10.43258201
  -10.39480600
  -10.36399261
  -10.33471818
  -10.14375962
  -10.07793526
  -10.02283374
   -9.97444065
   -9.93612919
   -9.88627996
   -9.79202260
   -9.73806224
   -9.65592432
   -9.61212213
   -9.57288758
   -9.49270465
   -9.43008242
   -9.38627596
   -9.37066605
   -9.29882567
   -9.21090552
   -9.17874865
   -9.13281283
   -9.08727810
   -8.99991398
   -8.96753900
   -8.93213055
   -8.85742588
   -8.84094062
   -8.80063141
   -8.68520808
   -8.59652032
   -8.55114372
   -4.50649906
   -4.41919446
   -4.41235477
   -4.20215244
   -4.14492686
   -4.13489150
   -4.06885367
   -4.03643890
   -3.99375659
   -3.94585118
   -3.90881873
   -3.88914395
   -3.84605377
   -3.83797169
   -3.81221490
   -3.73728214
   -3.71418307
   -3.63185576
   -3.56744207
   -3.55467552
   -3.47466873
   -3.43287294
   -3.36573809
   -3.33046855
   -3.25483997
   -3.23733125
   -3.14752123
   -3.10640079
   -3.02757209
   -2.98704659
   -2.84987908
   -2.80559959
   -2.74109502
   -2.56412120
   -2.51522478
   -2.13068392
   -1.95438769
   -1.82772535
   -1.44449184
   -0.65310826
   -0.25391088
   -0.00305662
    0.16120951
    0.23647260
    0.34213116
    0.48959503
    1.33304008
    1.85721962
    3.59663006
    3.83108932
    4.21717262
    4.41634639
    4.59579785
    5.18066322
    7.18600434
    7.44897091
    8.16967830
    8.26093115
    8.89614223
    9.08982988
    9.46114846
    9.73120023
   10.12620122
   10.28226612
   10.48428050
   10.74715516
   11.01813495
   11.39852221
   11.87464130
   12.00566805
   12.32487108
   12.45890551
   12.90346345
   13.03796301
   13.45111789
   13.73981103
   13.90683451
   14.42113550
   14.84229829
   15.55084352
   17.12594887
 
 Fillings
     2.00000
     2.00000
     2.00000
     2.00000
     2.00000
     2.00000
     2.00000
     2.00000
     2.00000
     2.00000
     2.00000
     2.00000
     2.00000
     2.00000
     2.00000
     2.00000
     2.00000
     2.00000
     2.00000
     2.00000
     2.00000
     2.00000
     2.00000
     2.00000
     2.00000
     2.00000
     2.00000
     2.00000
     2.00000
     2.00000
     2.00000
     2.00000
     2.00000
     2.00000
     2.00000
     2.00000
     2.00000
     2.00000
     2.00000
     2.00000
     2.00000
     2.00000
     2.00000
     2.00000
     2.00000
     2.00000
     2.00000
     2.00000
     2.00000
     2.00000
     2.00000
     2.00000
     2.00000
     2.00000
     2.00000
     2.00000
     2.00000
     2.00000
     2.00000
     2.00000
     2.00000
     2.00000
     2.00000
     2.00000
     2.00000
     2.00000
     2.00000
     2.00000
     2.00000
     2.00000
     2.00000
     2.00000
     0.00000
     0.00000
     0.00000
     0.00000
     0.00000
     0.00000
     0.00000
     0.00000
     0.00000
     0.00000
     0.00000
     0.00000
     0.00000
     0.00000
     0.00000
     0.00000
     0.00000
     0.00000
     0.00000
     0.00000
     0.00000
     0.00000
     0.00000
     0.00000
     0.00000
     0.00000
     0.00000
     0.00000
     0.00000
     0.00000
     0.00000
     0.00000
     0.00000
     0.00000
     0.00000
     0.00000
     0.00000
     0.00000
     0.00000
     0.00000
     0.00000
     0.00000
     0.00000
     0.00000
     0.00000
     0.00000
     0.00000
     0.00000
     0.00000
     0.00000
     0.00000
     0.00000
     0.00000
     0.00000
     0.00000
     0.00000
     0.00000
     0.00000
     0.00000
     0.00000
     0.00000
     0.00000
     0.00000
     0.00000
     0.00000
     0.00000
     0.00000
     0.00000
     0.00000
     0.00000
     0.00000
     0.00000
     0.00000
     0.00000
     0.00000
     0.00000
     0.00000
     0.00000
     0.00000
     0.00000
     0.00000
 
 Fermi energy:                      -0.2387738343 H           -6.4974 eV
 Band energy:                      -72.1747228035 H        -1963.9741 eV
 TS:                                 0.0000000000 H            0.0000 eV
 Band free energy (E-TS):          -72.1747228035 H        -1963.9741 eV
 Extrapolated E(0K):               -72.1747228035 H        -1963.9741 eV
 
 Energy H0:                        -72.1747228035 H        -1963.9741 eV
 Total Electronic energy:          -72.1747228035 H        -1963.9741 eV
 Repulsive energy:                   2.0606261885 H           56.0725 eV
 Total energy:                     -70.1140966150 H        -1907.9016 eV
 Total Mermin free energy:         -70.1140966150 H        -1907.9016 eV
 
 Non-SCC calculation
 
 Full geometry written in geo_end.{xyz|gen}
 
 Total Forces
  1.231189487632584E-003  1.138791166343644E-003  2.791778859351804E-002
 -1.925699997465275E-003 -1.400776934598624E-003 -3.720128206988235E-003
  6.436827535056333E-003  3.241097151718018E-005 -1.759328032848386E-002
 -1.721872203524344E-002 -7.985473796543682E-003 -2.692821180156013E-003
 -1.371458801928956E-004  2.671819883850989E-003 -1.174049543328641E-002
 -3.744087450551143E-003  5.699129517565037E-003 -6.130832811457668E-003
  1.606262958181542E-004 -3.395543844147472E-003  2.448304399501840E-002
 -5.659170454922804E-005 -9.312337323474314E-003 -1.255003178605480E-002
  2.948662813572641E-004 -4.237371580677874E-003  2.683543183188017E-003
  7.603536134252977E-004  1.107328998082259E-002  4.529021240985292E-002
 -2.876920698991253E-004 -1.848847905731965E-003 -3.972981420277188E-003
 -6.496014432800995E-004 -1.404318650278448E-002 -1.502100615749169E-002
 -1.018535996846270E-003 -4.123272883149523E-003  3.423408802859434E-003
 -9.324687130741770E-003  1.571489947822641E-002  9.088485981227294E-003
  4.549431555078511E-003 -7.900752804852008E-003 -1.394417088326687E-002
  8.546904705634632E-004  6.423042260334806E-003 -3.712049031567605E-003
  1.052712260181081E-003 -3.471453514802988E-003  1.706993857363883E-002
  3.008928390379352E-004  7.494808790382722E-003 -3.507552214804637E-003
  2.493617270939027E-003  4.325969850057267E-003 -3.359120643763850E-003
  2.360011728672622E-003  7.243755073896383E-003  5.737533110723170E-003
  4.854884589827659E-003  1.429629182753710E-003  3.135332207351869E-003
 -6.577882510645659E-003  4.606511915461971E-003 -6.729678042718998E-003
 -3.037924017198903E-003 -3.019423420562710E-003 -2.708843825281939E-002
 -1.718949535917860E-003  2.301782481950929E-003 -9.284316321086367E-004
  2.853155383257680E-002  7.079879286587230E-003  1.303942894661293E-002
  2.054655522751397E-003  1.772959216873524E-002 -1.852392721798324E-002
 -1.023879351038638E-002 -3.422687149716036E-002 -6.537705607618793E-004
 
 Total stress tensor
     -0.000061496193      0.000003168963      0.000005335935
      0.000003169508     -0.000050922663     -0.000002302598
      0.000005335552     -0.000002301846     -0.000023216144
 
 Total lattice derivs
      0.086434625527     -0.004454066157     -0.007499806281
     -0.001113708274      0.017893307965      0.000809091436
     -0.001180648711      0.000509351652      0.005137258759
 
 Maximal derivative component:       0.452902E-01 au
 Max force for moved atoms::         0.452902E-01 au
 
 Volume:                             0.104539E+05 au^3
 Pressure:                          -0.452117E-04 au    -0.133017E+10 Pa
 
 Geometry converged
 
