 KPT            1  SPIN            1  KWEIGHT    1.00000000000000     
   -24.81098     2.00000
   -24.73489     2.00000
   -24.66128     2.00000
   -24.58655     2.00000
   -24.47869     2.00000
   -24.46377     2.00000
   -24.38513     2.00000
   -24.32036     2.00000
   -24.28867     2.00000
   -24.26659     2.00000
   -24.23501     2.00000
   -24.21138     2.00000
   -24.19772     2.00000
   -24.17079     2.00000
   -24.12232     2.00000
   -24.10167     2.00000
   -24.05211     2.00000
   -23.95413     2.00000
   -11.71253     2.00000
   -11.64477     2.00000
   -11.49741     2.00000
   -11.42127     2.00000
   -11.31950     2.00000
   -11.21224     2.00000
   -11.17369     2.00000
   -11.10900     2.00000
   -11.02692     2.00000
   -10.97956     2.00000
   -10.94785     2.00000
   -10.93762     2.00000
   -10.88010     2.00000
   -10.79267     2.00000
   -10.72604     2.00000
   -10.63827     2.00000
   -10.56258     2.00000
   -10.48702     2.00000
   -10.36520     2.00000
   -10.30144     2.00000
   -10.27560     2.00000
   -10.23789     2.00000
   -10.16621     2.00000
   -10.10171     2.00000
   -10.04038     2.00000
    -9.99450     2.00000
    -9.94071     2.00000
    -9.87336     2.00000
    -9.84329     2.00000
    -9.75901     2.00000
    -9.73541     2.00000
    -9.65918     2.00000
    -9.61138     2.00000
    -9.54713     2.00000
    -9.53179     2.00000
    -9.47634     2.00000
    -9.43376     2.00000
    -9.40303     2.00000
    -9.36807     2.00000
    -9.31159     2.00000
    -9.23420     2.00000
    -9.20802     2.00000
    -9.16707     2.00000
    -9.09617     2.00000
    -9.06859     2.00000
    -9.04728     2.00000
    -9.00088     2.00000
    -8.96961     2.00000
    -8.92275     2.00000
    -8.89601     2.00000
    -8.85320     2.00000
    -8.82396     2.00000
    -8.78741     2.00000
    -8.74645     2.00000
    -4.91953     0.00000
    -4.39081     0.00000
    -4.30532     0.00000
    -4.26871     0.00000
    -4.21638     0.00000
    -4.17896     0.00000
    -4.13653     0.00000
    -4.06662     0.00000
    -4.00894     0.00000
    -3.98927     0.00000
    -3.96861     0.00000
    -3.94545     0.00000
    -3.92143     0.00000
    -3.89768     0.00000
    -3.85185     0.00000
    -3.84910     0.00000
    -3.76076     0.00000
    -3.73443     0.00000
    -3.68528     0.00000
    -3.63551     0.00000
    -3.59293     0.00000
    -3.56159     0.00000
    -3.52005     0.00000
    -3.46169     0.00000
    -3.42199     0.00000
    -3.39359     0.00000
    -3.30942     0.00000
    -3.26743     0.00000
    -3.20439     0.00000
    -3.15558     0.00000
    -3.07454     0.00000
    -2.99262     0.00000
    -2.89303     0.00000
    -2.85526     0.00000
    -2.79539     0.00000
    -2.72881     0.00000
    -2.55278     0.00000
    -2.50676     0.00000
    -2.23391     0.00000
    -1.77050     0.00000
    -1.47959     0.00000
    -0.59556     0.00000
    -0.33695     0.00000
    -0.21092     0.00000
     0.10673     0.00000
     0.15482     0.00000
     0.24312     0.00000
     0.42816     0.00000
     0.54745     0.00000
     1.85662     0.00000
     3.59365     0.00000
     3.99808     0.00000
     4.06365     0.00000
     4.30219     0.00000
     4.36647     0.00000
     4.56164     0.00000
     4.93148     0.00000
     5.31868     0.00000
     8.00658     0.00000
     8.09797     0.00000
     8.74528     0.00000
     9.09224     0.00000
     9.57771     0.00000
     9.84430     0.00000
    10.01568     0.00000
    10.68304     0.00000
    11.38177     0.00000
    11.48694     0.00000
    11.89318     0.00000
    12.02313     0.00000
    12.15421     0.00000
    12.33109     0.00000
    13.00661     0.00000
    13.50637     0.00000
    13.67473     0.00000
    13.87137     0.00000
    14.08225     0.00000
    14.25079     0.00000
    14.45143     0.00000
    16.58917     0.00000
    18.74239     0.00000
 
