 Fermi distribution function
 
 Coordinates of moved atoms (au):
    1      0.00000000      3.71886736     12.01815780
    2      0.00000000      0.00000000     11.33835593
    3      3.71886736      3.71886736     12.69795967
    4      0.00000000     11.15660209     12.01815780
    5      0.00000000      7.43773472     11.33835593
    6      3.71886736     11.15660209     12.69795967
    7      0.00000000     18.59433681     12.01815780
    8      0.00000000     14.87546945     11.33835593
    9      3.71886736     18.59433681     12.69795967
   10      0.00000000     26.03207153     12.01815780
   11      0.00000000     22.31320417     11.33835593
   12      3.71886736     26.03207153     12.69795967
   13      4.01971932     22.33988848     21.66391605
   14      1.64990765      2.92780794     21.18222974
   15      4.02922869     14.09025265     17.14409520
   16      1.31926802     24.49959303     21.54019915
   17      3.59058202     29.65102434     17.10621013
   18      3.72694789      3.51801519     16.87482648
   19      0.11815675     25.48374083     15.65817178
   20      3.53614974      7.23863957     17.25687338
   21      3.70816725     17.27156252     16.00145432
   22      7.34048773     27.08904133     19.49358597
   23      2.39674136     11.20112562     17.91300338
   24      0.06698690     17.47115143     15.92496500
   25      3.85124971     21.34786927     18.06657938
   26      7.40815319     10.37939402     15.88692323
   27      7.32982629      3.47890118     15.64955037
 
 COMPONENT = q
  
 Eigenvalues /H
   -0.91178662
   -0.90899065
   -0.90628549
   -0.90353902
   -0.89957528
   -0.89902697
   -0.89613703
   -0.89375682
   -0.89259217
   -0.89178083
   -0.89062036
   -0.88975190
   -0.88924993
   -0.88826005
   -0.88647881
   -0.88572021
   -0.88389878
   -0.88029820
   -0.43042771
   -0.42793742
   -0.42252206
   -0.41972380
   -0.41598400
   -0.41204230
   -0.41062570
   -0.40824828
   -0.40523200
   -0.40349129
   -0.40232612
   -0.40195001
   -0.39983629
   -0.39662349
   -0.39417468
   -0.39094914
   -0.38816783
   -0.38539097
   -0.38091393
   -0.37857083
   -0.37762118
   -0.37623550
   -0.37360145
   -0.37123087
   -0.36897728
   -0.36729111
   -0.36531424
   -0.36283935
   -0.36173423
   -0.35863687
   -0.35776960
   -0.35496830
   -0.35321175
   -0.35085058
   -0.35028684
   -0.34824912
   -0.34668449
   -0.34555507
   -0.34427007
   -0.34219481
   -0.33935044
   -0.33838856
   -0.33688346
   -0.33427807
   -0.33326462
   -0.33248151
   -0.33077639
   -0.32962711
   -0.32790497
   -0.32692249
   -0.32534900
   -0.32427445
   -0.32293132
   -0.32142630
   -0.18078958
   -0.16135930
   -0.15821762
   -0.15687213
   -0.15494925
   -0.15357378
   -0.15201455
   -0.14944572
   -0.14732581
   -0.14660281
   -0.14584369
   -0.14499261
   -0.14410982
   -0.14323720
   -0.14155276
   -0.14145169
   -0.13820527
   -0.13723770
   -0.13543173
   -0.13360238
   -0.13203778
   -0.13088595
   -0.12935949
   -0.12721471
   -0.12575564
   -0.12471232
   -0.12161908
   -0.12007599
   -0.11775905
   -0.11596543
   -0.11298730
   -0.10997679
   -0.10631708
   -0.10492904
   -0.10272881
   -0.10028185
   -0.09381285
   -0.09212178
   -0.08209476
   -0.06506486
   -0.05437391
   -0.02188632
   -0.01238276
   -0.00775117
    0.00392221
    0.00568967
    0.00893463
    0.01573476
    0.02011851
    0.06822943
    0.13206433
    0.14692665
    0.14933656
    0.15810258
    0.16046483
    0.16763730
    0.18122843
    0.19545779
    0.29423625
    0.29759504
    0.32138300
    0.33413350
    0.35197449
    0.36177137
    0.36806929
    0.39259464
    0.41827236
    0.42213716
    0.43706645
    0.44184193
    0.44665899
    0.45315911
    0.47798404
    0.49635014
    0.50253717
    0.50976347
    0.51751332
    0.52370691
    0.53108018
    0.60964082
    0.68877001
 
 Eigenvalues /eV
  -24.81097617
  -24.73489410
  -24.66128286
  -24.58654773
  -24.47868891
  -24.46376861
  -24.38512929
  -24.32036048
  -24.28866877
  -24.26659115
  -24.23501313
  -24.21138117
  -24.19772176
  -24.17078568
  -24.12231570
  -24.10167315
  -24.05210966
  -23.95413270
  -11.71253392
  -11.64476959
  -11.49741024
  -11.42126575
  -11.31950044
  -11.21224144
  -11.17369374
  -11.10900096
  -11.02692387
  -10.97955654
  -10.94785084
  -10.93761633
  -10.88009899
  -10.79267425
  -10.72603890
  -10.63826735
  -10.56258421
  -10.48702179
  -10.36519545
  -10.30143650
  -10.27559502
  -10.23788893
  -10.16621274
  -10.10170591
  -10.04038273
   -9.99449962
   -9.94070633
   -9.87336111
   -9.84328918
   -9.75900585
   -9.73540602
   -9.65917883
   -9.61138073
   -9.54713003
   -9.53179001
   -9.47634076
   -9.43376489
   -9.40303198
   -9.36806513
   -9.31159453
   -9.23419530
   -9.20802117
   -9.16706542
   -9.09616902
   -9.06859177
   -9.04728223
   -9.00088345
   -8.96961010
   -8.92274816
   -8.89601364
   -8.85319668
   -8.82395664
   -8.78740845
   -8.74645458
   -4.91953468
   -4.39081008
   -4.30532057
   -4.26870774
   -4.21638350
   -4.17895512
   -4.13652650
   -4.06662486
   -4.00893934
   -3.98926536
   -3.96860860
   -3.94544955
   -3.92142767
   -3.89768259
   -3.85184657
   -3.84909645
   -3.76075669
   -3.73442784
   -3.68528477
   -3.63550569
   -3.59293079
   -3.56158779
   -3.52005095
   -3.46168848
   -3.42198511
   -3.39359491
   -3.30942349
   -3.26743402
   -3.20438691
   -3.15557999
   -3.07454089
   -2.99262071
   -2.89303490
   -2.85526439
   -2.79539309
   -2.72880785
   -2.55277749
   -2.50676108
   -2.23391202
   -1.77050484
   -1.47958937
   -0.59555698
   -0.33695204
   -0.21092010
    0.10672876
    0.15482369
    0.24312355
    0.42816462
    0.54745255
    1.85661713
    3.59365331
    3.99807763
    4.06365442
    4.30219008
    4.36647014
    4.56164290
    4.93147650
    5.31867720
    8.00657567
    8.09797316
    8.74527627
    9.09223507
    9.57771309
    9.84429994
   10.01567511
   10.68304367
   11.38176996
   11.48693646
   11.89318320
   12.02313077
   12.15420965
   12.33108677
   13.00660756
   13.50637445
   13.67473206
   13.87136979
   14.08225390
   14.25079006
   14.45142698
   16.58917078
   18.74238555
 
 Fillings
     2.00000
     2.00000
     2.00000
     2.00000
     2.00000
     2.00000
     2.00000
     2.00000
     2.00000
     2.00000
     2.00000
     2.00000
     2.00000
     2.00000
     2.00000
     2.00000
     2.00000
     2.00000
     2.00000
     2.00000
     2.00000
     2.00000
     2.00000
     2.00000
     2.00000
     2.00000
     2.00000
     2.00000
     2.00000
     2.00000
     2.00000
     2.00000
     2.00000
     2.00000
     2.00000
     2.00000
     2.00000
     2.00000
     2.00000
     2.00000
     2.00000
     2.00000
     2.00000
     2.00000
     2.00000
     2.00000
     2.00000
     2.00000
     2.00000
     2.00000
     2.00000
     2.00000
     2.00000
     2.00000
     2.00000
     2.00000
     2.00000
     2.00000
     2.00000
     2.00000
     2.00000
     2.00000
     2.00000
     2.00000
     2.00000
     2.00000
     2.00000
     2.00000
     2.00000
     2.00000
     2.00000
     2.00000
     0.00000
     0.00000
     0.00000
     0.00000
     0.00000
     0.00000
     0.00000
     0.00000
     0.00000
     0.00000
     0.00000
     0.00000
     0.00000
     0.00000
     0.00000
     0.00000
     0.00000
     0.00000
     0.00000
     0.00000
     0.00000
     0.00000
     0.00000
     0.00000
     0.00000
     0.00000
     0.00000
     0.00000
     0.00000
     0.00000
     0.00000
     0.00000
     0.00000
     0.00000
     0.00000
     0.00000
     0.00000
     0.00000
     0.00000
     0.00000
     0.00000
     0.00000
     0.00000
     0.00000
     0.00000
     0.00000
     0.00000
     0.00000
     0.00000
     0.00000
     0.00000
     0.00000
     0.00000
     0.00000
     0.00000
     0.00000
     0.00000
     0.00000
     0.00000
     0.00000
     0.00000
     0.00000
     0.00000
     0.00000
     0.00000
     0.00000
     0.00000
     0.00000
     0.00000
     0.00000
     0.00000
     0.00000
     0.00000
     0.00000
     0.00000
     0.00000
     0.00000
     0.00000
     0.00000
     0.00000
     0.00000
 
 Fermi energy:                      -0.3140778812 H           -8.5465 eV
 Band energy:                      -71.9485367662 H        -1957.8193 eV
 TS:                                 0.0000000000 H            0.0000 eV
 Band free energy (E-TS):          -71.9485367662 H        -1957.8193 eV
 Extrapolated E(0K):               -71.9485367662 H        -1957.8193 eV
 
 Energy H0:                        -71.9485367662 H        -1957.8193 eV
 Total Electronic energy:          -71.9485367662 H        -1957.8193 eV
 Repulsive energy:                   1.9889113381 H           54.1210 eV
 Total energy:                     -69.9596254281 H        -1903.6983 eV
 Total Mermin free energy:         -69.9596254281 H        -1903.6983 eV
 
 Non-SCC calculation
 
 Full geometry written in geo_end.{xyz|gen}
 
 Total Forces
 -8.490673305415171E-004 -2.190242940574100E-003  2.828350229696525E-002
  4.804886593237355E-005 -1.349478378483719E-003 -5.275343274809621E-003
 -5.769502270215169E-003  1.939759552468706E-005  3.547627537139907E-004
 -3.159449732088921E-003 -7.560661454767239E-003  3.543848669029863E-002
  2.411900975469142E-005 -1.519318441571759E-003 -7.154404699817755E-003
  5.219937098779498E-003  2.814665154144296E-003 -4.319022798339374E-002
  7.843828513261252E-006  8.936236559914844E-003 -1.145262057993693E-002
 -2.823417626901770E-005 -4.011711579628839E-003 -7.107756677046530E-003
  2.521518085488993E-003  4.248869848794683E-003 -3.536990258339558E-002
 -3.610154638910238E-004 -4.622246749024887E-003  4.748475084884694E-002
 -8.973467672018509E-005 -6.271198422616961E-003 -5.518953995452963E-003
  5.359091432806461E-003  3.943178713702880E-003 -3.328101783244107E-002
 -1.678726692345811E-002 -1.243736453593741E-004 -3.920339018390216E-002
  3.160252712081707E-003 -5.306899595220562E-003 -1.439678352499014E-002
  1.155469816450663E-003 -2.053339236278607E-002  1.360592879817130E-002
  3.677238224264023E-003  5.188042331873024E-003  5.245323231676119E-004
  3.835320389094774E-003 -3.283700088515945E-004  1.720303217532258E-002
 -1.080330337719969E-002 -1.722258938524238E-003 -2.985584987522255E-002
 -8.454708015536843E-003  1.918997421219255E-002  3.437947610302225E-002
  4.875620324080133E-004  1.519781981073218E-002  1.870182053550033E-002
  1.457806026580926E-003  4.254904661404381E-002  7.121461137524034E-002
  1.183520200750691E-002 -4.926670608440084E-003 -4.740168209314030E-002
  6.441207006146726E-003 -5.743348678775271E-002  1.787750492931045E-002
  5.607231450374048E-004  1.548143539277121E-002 -2.070448724861966E-002
  5.490037861996743E-003 -1.881476598279499E-002  2.312982145156867E-002
 -1.148251095133637E-002  1.443791700628290E-002 -1.987197419398581E-002
  6.503415374413745E-003  4.708492656419899E-003  1.158616446502644E-002
 
 Total stress tensor
     -0.000022024333      0.000005555759     -0.000000128713
      0.000005555883     -0.000091871749     -0.000013017880
     -0.000000128895     -0.000013017216     -0.000025783688
 
 Total lattice derivs
      0.030955817352     -0.007808775238      0.000180909662
     -0.001952237407      0.032282080257      0.004574248893
      0.000028521851      0.002880444256      0.005705403929
 
 Maximal derivative component:       0.712146E-01 au
 Max force for moved atoms::         0.712146E-01 au
 
 Volume:                             0.104539E+05 au^3
 Pressure:                          -0.465599E-04 au    -0.136984E+10 Pa
 
 Geometry converged
 
