 KPT            1  SPIN            1  KWEIGHT    1.00000000000000     
   -24.80438     2.00000
   -24.76367     2.00000
   -24.68421     2.00000
   -24.61994     2.00000
   -24.49024     2.00000
   -24.45472     2.00000
   -24.41392     2.00000
   -24.32169     2.00000
   -24.30866     2.00000
   -24.29532     2.00000
   -24.27093     2.00000
   -24.24858     2.00000
   -24.22466     2.00000
   -24.19297     2.00000
   -24.18648     2.00000
   -24.16346     2.00000
   -24.11037     2.00000
   -24.04055     2.00000
   -11.71284     2.00000
   -11.66987     2.00000
   -11.62165     2.00000
   -11.46571     2.00000
   -11.41755     2.00000
   -11.32875     2.00000
   -11.23127     2.00000
   -11.21946     2.00000
   -11.03786     2.00000
   -11.02251     2.00000
   -10.98715     2.00000
   -10.95742     2.00000
   -10.91770     2.00000
   -10.90507     2.00000
   -10.83444     2.00000
   -10.72221     2.00000
   -10.63975     2.00000
   -10.58356     2.00000
   -10.52338     2.00000
   -10.46358     2.00000
   -10.41454     2.00000
   -10.36778     2.00000
   -10.33843     2.00000
   -10.28041     2.00000
   -10.25672     2.00000
   -10.16540     2.00000
   -10.11846     2.00000
   -10.04267     2.00000
    -9.97786     2.00000
    -9.89397     2.00000
    -9.88552     2.00000
    -9.83745     2.00000
    -9.76552     2.00000
    -9.72010     2.00000
    -9.63237     2.00000
    -9.58859     2.00000
    -9.56956     2.00000
    -9.53620     2.00000
    -9.45808     2.00000
    -9.42800     2.00000
    -9.37230     2.00000
    -9.28742     2.00000
    -9.26038     2.00000
    -9.20720     2.00000
    -9.12738     2.00000
    -9.07844     2.00000
    -9.03984     2.00000
    -9.00374     2.00000
    -8.92173     2.00000
    -8.89958     2.00000
    -8.86524     2.00000
    -8.85316     2.00000
    -8.79996     2.00000
    -8.71941     2.00000
    -4.64088     0.00000
    -4.41363     0.00000
    -4.22313     0.00000
    -4.16488     0.00000
    -4.08471     0.00000
    -4.06704     0.00000
    -3.98164     0.00000
    -3.95936     0.00000
    -3.93038     0.00000
    -3.89604     0.00000
    -3.87893     0.00000
    -3.84409     0.00000
    -3.80756     0.00000
    -3.74741     0.00000
    -3.68532     0.00000
    -3.61981     0.00000
    -3.59135     0.00000
    -3.54889     0.00000
    -3.51040     0.00000
    -3.50229     0.00000
    -3.42306     0.00000
    -3.35447     0.00000
    -3.27880     0.00000
    -3.22381     0.00000
    -3.17568     0.00000
    -3.12509     0.00000
    -3.02776     0.00000
    -2.99332     0.00000
    -2.91527     0.00000
    -2.83584     0.00000
    -2.75885     0.00000
    -2.69281     0.00000
    -2.55965     0.00000
    -2.53800     0.00000
    -2.33299     0.00000
    -2.20351     0.00000
    -1.87492     0.00000
    -1.73937     0.00000
    -0.29074     0.00000
    -0.25823     0.00000
     0.08781     0.00000
     0.12916     0.00000
     0.21182     0.00000
     0.24241     0.00000
     0.43520     0.00000
     0.81281     0.00000
     2.21474     0.00000
     2.60796     0.00000
     3.83548     0.00000
     4.01749     0.00000
     4.35567     0.00000
     4.59941     0.00000
     5.18318     0.00000
     7.46894     0.00000
     8.21440     0.00000
     8.53048     0.00000
     8.90756     0.00000
     9.22757     0.00000
     9.52130     0.00000
     9.71395     0.00000
    10.25910     0.00000
    10.33637     0.00000
    10.50875     0.00000
    10.64100     0.00000
    10.99373     0.00000
    11.20553     0.00000
    11.39857     0.00000
    11.55263     0.00000
    11.81497     0.00000
    12.01852     0.00000
    12.34505     0.00000
    12.79548     0.00000
    12.87305     0.00000
    13.05042     0.00000
    13.49605     0.00000
    14.20855     0.00000
    14.35216     0.00000
    14.50536     0.00000
    14.89217     0.00000
    16.10388     0.00000
    17.09877     0.00000
 
