 Fermi distribution function
 
 Coordinates of moved atoms (au):
    1      0.00000000      3.71886736     12.01815780
    2      0.00000000      0.00000000     11.33835593
    3      3.71886736      3.71886736     12.69795967
    4      0.00000000     11.15660209     12.01815780
    5      0.00000000      7.43773472     11.33835593
    6      3.71886736     11.15660209     12.69795967
    7      0.00000000     18.59433681     12.01815780
    8      0.00000000     14.87546945     11.33835593
    9      3.71886736     18.59433681     12.69795967
   10      0.00000000     26.03207153     12.01815780
   11      0.00000000     22.31320417     11.33835593
   12      3.71886736     26.03207153     12.69795967
   13      0.00491255     19.58909225     15.74885560
   14      3.72368464     14.94946694     21.75034790
   15      3.73392840      3.97372866     16.57036610
   16      3.45795766      4.45253829     20.15018016
   17      3.72192364     15.98956416     18.34032455
   18      3.70281254     18.79719619     16.34215836
   19      7.43454668      3.90043270     15.83586567
   20      0.02763160     25.66901100     15.64731242
   21      0.00919105     14.67024337     22.36513125
   22      7.42130259     22.84634691     17.65273906
   23      3.73245627      7.81624941     16.50133358
   24      0.04362121     11.89962840     15.77730341
   25      3.72415341     11.16352703     16.30250171
   26      3.75851039      0.38300824     17.27783193
   27      3.71532562     22.02749503     18.29701633
 
 COMPONENT = q
  
 Eigenvalues /H
   -0.91154422
   -0.91004833
   -0.90712811
   -0.90476616
   -0.89999980
   -0.89869449
   -0.89719514
   -0.89380574
   -0.89332697
   -0.89283647
   -0.89194017
   -0.89111896
   -0.89023976
   -0.88907529
   -0.88883672
   -0.88799077
   -0.88603977
   -0.88347403
   -0.43043908
   -0.42886000
   -0.42708789
   -0.42135696
   -0.41958720
   -0.41632406
   -0.41274155
   -0.41230763
   -0.40563408
   -0.40506969
   -0.40377021
   -0.40267770
   -0.40121805
   -0.40075389
   -0.39815854
   -0.39403405
   -0.39100354
   -0.38893857
   -0.38672706
   -0.38452958
   -0.38272745
   -0.38100885
   -0.37993043
   -0.37779831
   -0.37692755
   -0.37357145
   -0.37184664
   -0.36906148
   -0.36667959
   -0.36359684
   -0.36328604
   -0.36151962
   -0.35887610
   -0.35720702
   -0.35398292
   -0.35237415
   -0.35167484
   -0.35044892
   -0.34757795
   -0.34647249
   -0.34442578
   -0.34130650
   -0.34031274
   -0.33835827
   -0.33542514
   -0.33362645
   -0.33220817
   -0.33088124
   -0.32786746
   -0.32705366
   -0.32579164
   -0.32534761
   -0.32339248
   -0.32043229
   -0.17054903
   -0.16219777
   -0.15519715
   -0.15305671
   -0.15011032
   -0.14946106
   -0.14632263
   -0.14550382
   -0.14443896
   -0.14317675
   -0.14254804
   -0.14126783
   -0.13992538
   -0.13771469
   -0.13543291
   -0.13302544
   -0.13197958
   -0.13041948
   -0.12900500
   -0.12870692
   -0.12579530
   -0.12327452
   -0.12049351
   -0.11847283
   -0.11670419
   -0.11484508
   -0.11126831
   -0.11000231
   -0.10713432
   -0.10421505
   -0.10138603
   -0.09895893
   -0.09406545
   -0.09326986
   -0.08573566
   -0.08097760
   -0.06890188
   -0.06392071
   -0.01068454
   -0.00948990
    0.00322696
    0.00474646
    0.00778424
    0.00890852
    0.01599324
    0.02987034
    0.08139031
    0.09584062
    0.14095142
    0.14763990
    0.16006776
    0.16902514
    0.19047847
    0.27447858
    0.30187365
    0.31348944
    0.32734665
    0.33910685
    0.34990117
    0.35698123
    0.37701516
    0.37985462
    0.38618938
    0.39104967
    0.40401224
    0.41179574
    0.41888961
    0.42455151
    0.43419213
    0.44167232
    0.45367212
    0.47022526
    0.47307600
    0.47959412
    0.49597068
    0.52215476
    0.52743235
    0.53306212
    0.54727710
    0.59180655
    0.62836839
 
 Eigenvalues /eV
  -24.80438039
  -24.76367496
  -24.68421171
  -24.61993982
  -24.49024074
  -24.45472134
  -24.41392183
  -24.32169155
  -24.30866380
  -24.29531649
  -24.27092694
  -24.24858053
  -24.22465653
  -24.19296963
  -24.18647762
  -24.16345815
  -24.11036893
  -24.04055155
  -11.71284328
  -11.66987433
  -11.62165292
  -11.46570631
  -11.41754854
  -11.32875396
  -11.23126903
  -11.21946142
  -11.03786494
  -11.02250715
  -10.98714634
  -10.95741779
  -10.91769857
  -10.90506833
  -10.83444499
  -10.72221197
  -10.63974774
  -10.58355693
  -10.52337873
  -10.46358231
  -10.41454393
  -10.36777842
  -10.33843296
  -10.28041494
  -10.25672046
  -10.16539636
  -10.11846180
  -10.04267390
   -9.97785924
   -9.89397339
   -9.88551599
   -9.83744926
   -9.76551551
   -9.72009759
   -9.63236528
   -9.58858854
   -9.56955932
   -9.53620023
   -9.45807719
   -9.42799614
   -9.37230235
   -9.28742239
   -9.26038095
   -9.20719700
   -9.12738246
   -9.07843758
   -9.03984435
   -9.00373660
   -8.92172765
   -8.89958293
   -8.86524152
   -8.85315890
   -8.79995707
   -8.71940622
   -4.64087523
   -4.41362590
   -4.22312928
   -4.16488487
   -4.08470967
   -4.06704238
   -3.98164131
   -3.95936038
   -3.93038405
   -3.89603764
   -3.87892963
   -3.84409331
   -3.80756328
   -3.74740745
   -3.68531687
   -3.61980648
   -3.59134711
   -3.54889473
   -3.51040464
   -3.50229362
   -3.42306440
   -3.35447026
   -3.27879526
   -3.22380985
   -3.17568271
   -3.12509364
   -3.02776480
   -2.99331527
   -2.91527319
   -2.83583584
   -2.75885414
   -2.69280951
   -2.55965120
   -2.53800192
   -2.33298610
   -2.20351257
   -1.87491552
   -1.73937105
   -0.29074121
   -0.25823319
    0.08780997
    0.12915775
    0.21181998
    0.24241315
    0.43519822
    0.81281319
    2.21474292
    2.60795583
    3.83548318
    4.01748615
    4.35566549
    4.59940815
    5.18318283
    7.46894208
    8.21440001
    8.53048160
    8.90755568
    9.22756701
    9.52129536
    9.71395363
   10.25910444
   10.33637003
   10.50874762
   10.64100299
   10.99373249
   11.20553234
   11.39856613
   11.55263450
   11.81496897
   12.01851543
   12.34504646
   12.79548022
   12.87305283
   13.05042003
   13.49604880
   14.20855405
   14.35216453
   14.50535819
   14.89216769
   16.10387565
   17.09877391
 
 Fillings
     2.00000
     2.00000
     2.00000
     2.00000
     2.00000
     2.00000
     2.00000
     2.00000
     2.00000
     2.00000
     2.00000
     2.00000
     2.00000
     2.00000
     2.00000
     2.00000
     2.00000
     2.00000
     2.00000
     2.00000
     2.00000
     2.00000
     2.00000
     2.00000
     2.00000
     2.00000
     2.00000
     2.00000
     2.00000
     2.00000
     2.00000
     2.00000
     2.00000
     2.00000
     2.00000
     2.00000
     2.00000
     2.00000
     2.00000
     2.00000
     2.00000
     2.00000
     2.00000
     2.00000
     2.00000
     2.00000
     2.00000
     2.00000
     2.00000
     2.00000
     2.00000
     2.00000
     2.00000
     2.00000
     2.00000
     2.00000
     2.00000
     2.00000
     2.00000
     2.00000
     2.00000
     2.00000
     2.00000
     2.00000
     2.00000
     2.00000
     2.00000
     2.00000
     2.00000
     2.00000
     2.00000
     2.00000
     0.00000
     0.00000
     0.00000
     0.00000
     0.00000
     0.00000
     0.00000
     0.00000
     0.00000
     0.00000
     0.00000
     0.00000
     0.00000
     0.00000
     0.00000
     0.00000
     0.00000
     0.00000
     0.00000
     0.00000
     0.00000
     0.00000
     0.00000
     0.00000
     0.00000
     0.00000
     0.00000
     0.00000
     0.00000
     0.00000
     0.00000
     0.00000
     0.00000
     0.00000
     0.00000
     0.00000
     0.00000
     0.00000
     0.00000
     0.00000
     0.00000
     0.00000
     0.00000
     0.00000
     0.00000
     0.00000
     0.00000
     0.00000
     0.00000
     0.00000
     0.00000
     0.00000
     0.00000
     0.00000
     0.00000
     0.00000
     0.00000
     0.00000
     0.00000
     0.00000
     0.00000
     0.00000
     0.00000
     0.00000
     0.00000
     0.00000
     0.00000
     0.00000
     0.00000
     0.00000
     0.00000
     0.00000
     0.00000
     0.00000
     0.00000
     0.00000
     0.00000
     0.00000
     0.00000
     0.00000
     0.00000
 
 Fermi energy:                      -0.2390824551 H           -6.5058 eV
 Band energy:                      -72.3645565684 H        -1969.1398 eV
 TS:                                 0.0000000000 H            0.0000 eV
 Band free energy (E-TS):          -72.3645565684 H        -1969.1398 eV
 Extrapolated E(0K):               -72.3645565684 H        -1969.1398 eV
 
 Energy H0:                        -72.3645565684 H        -1969.1398 eV
 Total Electronic energy:          -72.3645565684 H        -1969.1398 eV
 Repulsive energy:                   2.1811915150 H           59.3532 eV
 Total energy:                     -70.1833650533 H        -1909.7865 eV
 Total Mermin free energy:         -70.1833650533 H        -1909.7865 eV
 
 Non-SCC calculation
 
 Full geometry written in geo_end.{xyz|gen}
 
 Total Forces
  4.657521181834007E-005  1.128989105910080E-003  3.659882102068959E-002
 -4.697448391759035E-006  1.710740325532374E-003 -2.937639369994152E-003
 -5.593845339161767E-004  6.108999625337617E-004 -1.046554404344356E-002
  3.310585365967756E-003  9.538372741478521E-003  2.914746468054837E-002
  7.898673986763633E-006  1.760184626333438E-003 -3.414400631761370E-003
  1.822663818656389E-003  3.739103593167755E-003 -1.852904205790808E-002
 -6.636622076068699E-006  1.096265765292082E-002  2.144316357153288E-002
 -4.284772135885480E-005  3.584453004456819E-003 -6.094106138959346E-003
  5.973326223163085E-005 -7.086772997839687E-003 -1.948801749524123E-003
 -3.921064027704972E-005 -2.694643667489512E-003  4.014987262600664E-002
 -3.092206755407013E-005  1.128579377572402E-003 -1.330214562441693E-002
  1.256462650433759E-003  2.698828167157890E-003 -3.318439811328443E-002
 -9.193228248628167E-004 -1.079012252711661E-002  8.932026967173792E-004
  2.352819756263800E-003 -2.748732539998289E-003  2.507186905977760E-003
 -1.070408842652613E-002 -4.483327613560351E-003  1.039396093962036E-002
  1.653692297578044E-003  1.084291447656115E-003 -3.932816338463055E-003
  2.085309043805498E-006  7.663464761103800E-003  2.222847259437180E-004
  5.973903907543605E-004 -1.249260913033425E-002 -9.036927644870685E-003
  8.679760556546543E-003  1.688202053619851E-003 -1.634921401853319E-002
 -1.929230336028995E-003 -1.976883308069194E-002  1.217581862306995E-002
 -2.401742109902703E-003  2.599101029796562E-003 -2.142710065970967E-003
 -5.907598005394934E-004  2.825872769288777E-002 -7.475163911801766E-003
  9.139453038299188E-004 -3.704764286423004E-002  1.132808754134040E-002
 -9.790356416473103E-003 -1.094598194505629E-002 -1.835723243019220E-003
  4.373889663436745E-003  1.848040195931286E-002 -2.183616893336074E-002
  2.079118896279221E-004  7.640603842039420E-003 -7.141697881737553E-003
  1.733784797731468E-003  3.781065022836615E-003 -5.233363564398158E-003
 
 Total stress tensor
     -0.000065183852     -0.000000624260     -0.000001477196
     -0.000000624135     -0.000067926781     -0.000003165441
     -0.000001477370     -0.000003163359     -0.000021360752
 
 Total lattice derivs
      0.091617732573      0.000877415135      0.002076240087
      0.000219309743      0.023868249248      0.001112279004
      0.000326911780      0.000699986847      0.004726698567
 
 Maximal derivative component:       0.401499E-01 au
 Max force for moved atoms::         0.401499E-01 au
 
 Volume:                             0.104539E+05 au^3
 Pressure:                          -0.514905E-04 au    -0.151490E+10 Pa
 
 Geometry converged
 
