 KPT            1  SPIN            1  KWEIGHT    1.00000000000000     
   -24.85537     2.00000
   -24.76564     2.00000
   -24.75635     2.00000
   -24.63817     2.00000
   -24.52889     2.00000
   -24.44725     2.00000
   -24.43429     2.00000
   -24.37213     2.00000
   -24.34886     2.00000
   -24.31642     2.00000
   -24.26330     2.00000
   -24.25999     2.00000
   -24.25501     2.00000
   -24.24218     2.00000
   -24.19468     2.00000
   -24.17962     2.00000
   -24.17017     2.00000
   -24.05972     2.00000
   -11.77497     2.00000
   -11.71952     2.00000
   -11.70110     2.00000
   -11.66509     2.00000
   -11.32146     2.00000
   -11.26156     2.00000
   -11.18815     2.00000
   -11.13943     2.00000
   -11.08937     2.00000
   -11.07485     2.00000
   -11.05368     2.00000
   -10.99277     2.00000
   -10.98549     2.00000
   -10.95308     2.00000
   -10.93059     2.00000
   -10.90971     2.00000
   -10.74834     2.00000
   -10.70660     2.00000
   -10.58397     2.00000
   -10.56770     2.00000
   -10.50686     2.00000
   -10.46267     2.00000
   -10.43164     2.00000
   -10.40735     2.00000
   -10.33830     2.00000
   -10.33367     2.00000
   -10.26465     2.00000
   -10.15660     2.00000
   -10.14452     2.00000
   -10.13506     2.00000
   -10.10040     2.00000
   -10.03472     2.00000
    -9.97330     2.00000
    -9.83998     2.00000
    -9.75795     2.00000
    -9.71643     2.00000
    -9.63004     2.00000
    -9.60062     2.00000
    -9.49931     2.00000
    -9.47534     2.00000
    -9.45751     2.00000
    -9.38342     2.00000
    -9.37533     2.00000
    -9.19012     2.00000
    -9.12429     2.00000
    -9.09526     2.00000
    -9.05473     2.00000
    -9.03728     2.00000
    -9.00020     2.00000
    -8.95364     2.00000
    -8.94437     2.00000
    -8.89510     2.00000
    -8.77002     2.00000
    -8.72769     2.00000
    -4.26056     0.00000
    -4.11330     0.00000
    -4.08089     0.00000
    -4.03854     0.00000
    -3.99644     0.00000
    -3.98997     0.00000
    -3.89359     0.00000
    -3.88168     0.00000
    -3.86934     0.00000
    -3.76172     0.00000
    -3.75506     0.00000
    -3.65833     0.00000
    -3.61794     0.00000
    -3.58980     0.00000
    -3.57438     0.00000
    -3.51863     0.00000
    -3.48795     0.00000
    -3.45543     0.00000
    -3.39931     0.00000
    -3.36588     0.00000
    -3.32257     0.00000
    -3.31780     0.00000
    -3.09925     0.00000
    -3.09316     0.00000
    -3.04076     0.00000
    -2.87992     0.00000
    -2.78115     0.00000
    -2.77830     0.00000
    -2.67274     0.00000
    -2.61977     0.00000
    -2.55483     0.00000
    -2.54890     0.00000
    -2.37600     0.00000
    -1.96011     0.00000
    -1.93852     0.00000
    -1.59281     0.00000
    -1.53684     0.00000
    -0.25273     0.00000
     0.14153     0.00000
     0.20128     0.00000
     0.21155     0.00000
     0.34787     0.00000
     0.40475     0.00000
     0.55274     0.00000
     0.69680     0.00000
     0.87088     0.00000
     3.86975     0.00000
     4.22606     0.00000
     4.44486     0.00000
     4.98603     0.00000
     7.62057     0.00000
     7.68242     0.00000
     8.31583     0.00000
     8.40913     0.00000
     9.13900     0.00000
     9.17099     0.00000
     9.52513     0.00000
     9.54250     0.00000
     9.88948     0.00000
     9.93418     0.00000
    10.25996     0.00000
    10.37243     0.00000
    10.51923     0.00000
    10.73156     0.00000
    10.96130     0.00000
    11.02155     0.00000
    11.79304     0.00000
    12.51004     0.00000
    12.58119     0.00000
    12.80226     0.00000
    13.39338     0.00000
    13.76248     0.00000
    13.91130     0.00000
    14.39613     0.00000
    14.47096     0.00000
    15.05193     0.00000
    15.19824     0.00000
    15.67661     0.00000
    16.35776     0.00000
    16.54376     0.00000
    16.98502     0.00000
 
