 Fermi distribution function
 
 Coordinates of moved atoms (au):
    1      0.00000000      3.71886736     12.01815780
    2      0.00000000      0.00000000     11.33835593
    3      3.71886736      3.71886736     12.69795967
    4      0.00000000     11.15660209     12.01815780
    5      0.00000000      7.43773472     11.33835593
    6      3.71886736     11.15660209     12.69795967
    7      0.00000000     18.59433681     12.01815780
    8      0.00000000     14.87546945     11.33835593
    9      3.71886736     18.59433681     12.69795967
   10      0.00000000     26.03207153     12.01815780
   11      0.00000000     22.31320417     11.33835593
   12      3.71886736     26.03207153     12.69795967
   13      3.82735605      4.50004060     19.00280777
   14      0.00049314     19.00829037     15.74229473
   15      3.73568822     22.33530139     17.83175367
   16      3.72442732     25.56711079     16.27179729
   17      3.74067952      2.27602219     16.17434183
   18      0.00496864     25.66097777     15.74425304
   19      3.75443869     28.81960476     17.78443350
   20      3.78488449     10.38889769     18.99543589
   21      2.05728521      7.42896622     18.94144878
   22      3.71692811     15.83041488     17.74959793
   23      3.72216235     12.61122955     16.16860099
   24      3.71970957     19.09621962     16.26520773
   25      0.00386249     12.37513052     15.61657463
   26      0.02238983      2.50232816     15.61509920
   27      7.21400265      7.43126107     16.42563365
 
 COMPONENT = q
  
 Eigenvalues /H
   -0.91341800
   -0.91012063
   -0.90977902
   -0.90543625
   -0.90142005
   -0.89841983
   -0.89794377
   -0.89565915
   -0.89480411
   -0.89361208
   -0.89166002
   -0.89153830
   -0.89135526
   -0.89088362
   -0.88913833
   -0.88858483
   -0.88823728
   -0.88417861
   -0.43272206
   -0.43068462
   -0.43000755
   -0.42868415
   -0.41605591
   -0.41385477
   -0.41115677
   -0.40936664
   -0.40752686
   -0.40699332
   -0.40621536
   -0.40397689
   -0.40370931
   -0.40251844
   -0.40169183
   -0.40092437
   -0.39499406
   -0.39346023
   -0.38895381
   -0.38835596
   -0.38612012
   -0.38449615
   -0.38335558
   -0.38246320
   -0.37992544
   -0.37975525
   -0.37721907
   -0.37324815
   -0.37280420
   -0.37245655
   -0.37118293
   -0.36876920
   -0.36651203
   -0.36161244
   -0.35859796
   -0.35707210
   -0.35389762
   -0.35281622
   -0.34909333
   -0.34821239
   -0.34755715
   -0.34483451
   -0.34453714
   -0.33773075
   -0.33531164
   -0.33424466
   -0.33275511
   -0.33211383
   -0.33075132
   -0.32904015
   -0.32869943
   -0.32688899
   -0.32229241
   -0.32073671
   -0.15657277
   -0.15116097
   -0.14996989
   -0.14841377
   -0.14686639
   -0.14662854
   -0.14308684
   -0.14264922
   -0.14219558
   -0.13824061
   -0.13799587
   -0.13444126
   -0.13295686
   -0.13192287
   -0.13135616
   -0.12930726
   -0.12817962
   -0.12698487
   -0.12492249
   -0.12369368
   -0.12210205
   -0.12192704
   -0.11389540
   -0.11367159
   -0.11174594
   -0.10583519
   -0.10220538
   -0.10210083
   -0.09822156
   -0.09627482
   -0.09388816
   -0.09367053
   -0.08731649
   -0.07203273
   -0.07123921
   -0.05853475
   -0.05647792
   -0.00928780
    0.00520128
    0.00739678
    0.00777439
    0.01278410
    0.01487430
    0.02031284
    0.02560703
    0.03200410
    0.14221058
    0.15530500
    0.16334576
    0.18323338
    0.28005082
    0.28232365
    0.30560114
    0.30903001
    0.33585208
    0.33702760
    0.35004217
    0.35068041
    0.36343172
    0.36507434
    0.37704659
    0.38117991
    0.38657472
    0.39437771
    0.40282029
    0.40503470
    0.43338642
    0.45973534
    0.46235009
    0.47047449
    0.49219774
    0.50576170
    0.51123071
    0.52904817
    0.53179792
    0.55314819
    0.55852517
    0.57610473
    0.60113672
    0.60797216
    0.62418810
 
 Eigenvalues /eV
  -24.85536844
  -24.76564241
  -24.75634665
  -24.63817407
  -24.52888753
  -24.44724749
  -24.43429323
  -24.37212540
  -24.34885871
  -24.31642189
  -24.26330359
  -24.25999148
  -24.25501069
  -24.24217672
  -24.19468493
  -24.17962351
  -24.17016627
  -24.05972417
  -11.77496640
  -11.71952473
  -11.70110087
  -11.66508925
  -11.32145722
  -11.26156132
  -11.18814509
  -11.13943292
  -11.08937001
  -11.07485181
  -11.05368226
  -10.99277058
  -10.98548913
  -10.95308391
  -10.93059089
  -10.90970722
  -10.74833523
  -10.70659772
  -10.58397158
  -10.56770324
  -10.50686313
  -10.46267265
  -10.43163611
  -10.40735327
  -10.33829732
  -10.33366621
  -10.26465308
  -10.15659903
  -10.14451856
  -10.13505829
  -10.10040134
  -10.03472046
   -9.97329975
   -9.83997520
   -9.75794709
   -9.71642624
   -9.63004425
   -9.60061787
   -9.49931278
   -9.47534112
   -9.45751135
   -9.38342434
   -9.37533258
   -9.19012132
   -9.12429394
   -9.09525985
   -9.05472726
   -9.03727717
   -9.00020138
   -8.95363816
   -8.94436646
   -8.89510207
   -8.77002266
   -8.72768991
   -4.26056196
   -4.11329919
   -4.08088825
   -4.03854410
   -3.99643784
   -3.98996545
   -3.89359110
   -3.88168269
   -3.86933870
   -3.76171836
   -3.75505877
   -3.65833283
   -3.61794030
   -3.58980404
   -3.57438287
   -3.51862945
   -3.48794505
   -3.45543422
   -3.39931390
   -3.36587634
   -3.32256593
   -3.31780345
   -3.09925145
   -3.09316139
   -3.04076161
   -2.87992193
   -2.78114989
   -2.77830494
   -2.67274468
   -2.61977103
   -2.55482674
   -2.54890473
   -2.37600252
   -1.96011043
   -1.93851754
   -1.59281147
   -1.53684242
   -0.25273382
    0.14153403
    0.20127663
    0.21155186
    0.34787315
    0.40475035
    0.55274050
    0.69680268
    0.87087579
    3.86974669
    4.22606414
    4.44486423
    4.98603397
    7.62057057
    7.68241746
    8.31583023
    8.40913439
    9.13899996
    9.17098771
    9.52513204
    9.54249935
    9.88948014
    9.93417825
   10.25995968
   10.37243320
   10.51923346
   10.73156357
   10.96129783
   11.02155500
   11.79304453
   12.51003512
   12.58118609
   12.80226230
   13.39338190
   13.76247601
   13.91129544
   14.39613308
   14.47095779
   15.05192800
   15.19824304
   15.67660730
   16.35776230
   16.54376423
   16.98502251
 
 Fillings
     2.00000
     2.00000
     2.00000
     2.00000
     2.00000
     2.00000
     2.00000
     2.00000
     2.00000
     2.00000
     2.00000
     2.00000
     2.00000
     2.00000
     2.00000
     2.00000
     2.00000
     2.00000
     2.00000
     2.00000
     2.00000
     2.00000
     2.00000
     2.00000
     2.00000
     2.00000
     2.00000
     2.00000
     2.00000
     2.00000
     2.00000
     2.00000
     2.00000
     2.00000
     2.00000
     2.00000
     2.00000
     2.00000
     2.00000
     2.00000
     2.00000
     2.00000
     2.00000
     2.00000
     2.00000
     2.00000
     2.00000
     2.00000
     2.00000
     2.00000
     2.00000
     2.00000
     2.00000
     2.00000
     2.00000
     2.00000
     2.00000
     2.00000
     2.00000
     2.00000
     2.00000
     2.00000
     2.00000
     2.00000
     2.00000
     2.00000
     2.00000
     2.00000
     2.00000
     2.00000
     2.00000
     2.00000
     0.00000
     0.00000
     0.00000
     0.00000
     0.00000
     0.00000
     0.00000
     0.00000
     0.00000
     0.00000
     0.00000
     0.00000
     0.00000
     0.00000
     0.00000
     0.00000
     0.00000
     0.00000
     0.00000
     0.00000
     0.00000
     0.00000
     0.00000
     0.00000
     0.00000
     0.00000
     0.00000
     0.00000
     0.00000
     0.00000
     0.00000
     0.00000
     0.00000
     0.00000
     0.00000
     0.00000
     0.00000
     0.00000
     0.00000
     0.00000
     0.00000
     0.00000
     0.00000
     0.00000
     0.00000
     0.00000
     0.00000
     0.00000
     0.00000
     0.00000
     0.00000
     0.00000
     0.00000
     0.00000
     0.00000
     0.00000
     0.00000
     0.00000
     0.00000
     0.00000
     0.00000
     0.00000
     0.00000
     0.00000
     0.00000
     0.00000
     0.00000
     0.00000
     0.00000
     0.00000
     0.00000
     0.00000
     0.00000
     0.00000
     0.00000
     0.00000
     0.00000
     0.00000
     0.00000
     0.00000
     0.00000
 
 Fermi energy:                      -0.2419653300 H           -6.5842 eV
 Band energy:                      -72.7102915873 H        -1978.5477 eV
 TS:                                 0.0000000000 H            0.0000 eV
 Band free energy (E-TS):          -72.7102915873 H        -1978.5477 eV
 Extrapolated E(0K):               -72.7102915873 H        -1978.5477 eV
 
 Energy H0:                        -72.7102915873 H        -1978.5477 eV
 Total Electronic energy:          -72.7102915873 H        -1978.5477 eV
 Repulsive energy:                   2.3865528347 H           64.9414 eV
 Total energy:                     -70.3237387527 H        -1913.6063 eV
 Total Mermin free energy:         -70.3237387527 H        -1913.6063 eV
 
 Non-SCC calculation
 
 Full geometry written in geo_end.{xyz|gen}
 
 Total Forces
  7.494025298986469E-005 -2.483708749593486E-003  2.919762592835327E-002
 -6.400008154994876E-005 -8.170364326896284E-003 -1.333911457420536E-002
  9.522648136352727E-004 -1.414669622336696E-003 -1.074929775228541E-002
 -1.177946036448622E-004  2.586547137725374E-003  2.966072137109961E-002
  2.615822593786163E-004  2.285859385893834E-005 -5.771865937627088E-003
  3.394395930272075E-005  1.426979903865033E-003 -1.086480318493949E-002
  5.437603191686960E-004  1.299275503076364E-004  8.830715146335516E-003
 -1.070382421628745E-005  8.246754200225592E-003 -1.318936407116824E-002
  3.521249073726848E-005  1.943361687330159E-003 -1.803715568614847E-002
  4.057576376784174E-003 -2.714831058111700E-004  1.125473325402099E-002
 -2.051687366306585E-006  1.806252747259717E-004 -9.271356434993230E-003
  2.705240106730222E-004 -1.872828933232130E-003 -1.720978131067662E-002
  2.644874853926921E-004 -7.422686510839313E-003 -4.302218221917439E-003
  2.634241668016548E-004  1.348066030545514E-003  9.270344532145980E-004
 -4.511443972274007E-004 -4.196758721855225E-003 -7.079028290700312E-004
 -4.257896941781017E-003  5.168164548176202E-003  4.485015291330212E-003
  3.294011412311688E-003  4.283163954353459E-003  1.420461677668085E-002
  6.054932682788604E-004 -1.540683065207756E-003  9.357811074145461E-004
 -8.275501917309142E-004  3.583200292490633E-004 -1.822901955299369E-003
 -6.349539142895821E-004  4.069849226596867E-003 -3.233759569304412E-003
 -5.526194149806811E-003  2.854007367828969E-003  4.685419601016816E-004
  9.822085403533067E-005  5.772488389712315E-004 -9.212996029033804E-004
  3.075628679892488E-003 -4.475977583489075E-003  1.285002981956967E-002
 -6.608938326959876E-004 -1.225103226254562E-003  9.708364291538957E-003
  4.771975161858359E-004 -1.866554684318783E-003 -5.169527497572560E-003
  4.961216149796353E-005  1.598852678411885E-003 -4.463377266362090E-003
 -1.804696402757100E-003  1.460915076626204E-004 -3.469453505186931E-003
 
 Total stress tensor
      0.000003638709     -0.000000298129     -0.000004229403
     -0.000000298283     -0.000062161840     -0.000000754246
     -0.000004228595     -0.000000754183      0.000004783031
 
 Total lattice derivs
     -0.005114307867      0.000419028050      0.005944544296
      0.000104811366      0.021842552538      0.000265028560
      0.000935701711      0.000166885388     -0.001058387094
 
 Maximal derivative component:       0.296607E-01 au
 Max force for moved atoms::         0.296607E-01 au
 
 Volume:                             0.104539E+05 au^3
 Pressure:                          -0.179134E-04 au    -0.527029E+09 Pa
 
 Geometry converged
 
