 KPT            1  SPIN            1  KWEIGHT    1.00000000000000     
   -24.82603     2.00000
   -24.75959     2.00000
   -24.73748     2.00000
   -24.65293     2.00000
   -24.56770     2.00000
   -24.46683     2.00000
   -24.42974     2.00000
   -24.36198     2.00000
   -24.33805     2.00000
   -24.30769     2.00000
   -24.27760     2.00000
   -24.26583     2.00000
   -24.26241     2.00000
   -24.24620     2.00000
   -24.18627     2.00000
   -24.18083     2.00000
   -24.17116     2.00000
   -24.14901     2.00000
   -11.79422     2.00000
   -11.73287     2.00000
   -11.72169     2.00000
   -11.67919     2.00000
   -11.39874     2.00000
   -11.33573     2.00000
   -11.26420     2.00000
   -11.19121     2.00000
   -11.13087     2.00000
   -11.07048     2.00000
   -11.05060     2.00000
   -11.02540     2.00000
   -10.98536     2.00000
   -10.97505     2.00000
   -10.94940     2.00000
   -10.91450     2.00000
   -10.87998     2.00000
   -10.68940     2.00000
   -10.63531     2.00000
   -10.52611     2.00000
   -10.49106     2.00000
   -10.45773     2.00000
   -10.42167     2.00000
   -10.37289     2.00000
   -10.30617     2.00000
   -10.27437     2.00000
   -10.24589     2.00000
   -10.18407     2.00000
   -10.15628     2.00000
   -10.14392     2.00000
   -10.01419     2.00000
    -9.96365     2.00000
    -9.90485     2.00000
    -9.83080     2.00000
    -9.71271     2.00000
    -9.65358     2.00000
    -9.63892     2.00000
    -9.62230     2.00000
    -9.52796     2.00000
    -9.49564     2.00000
    -9.44047     2.00000
    -9.43200     2.00000
    -9.38303     2.00000
    -9.29847     2.00000
    -9.23909     2.00000
    -9.11472     2.00000
    -9.05769     2.00000
    -9.02669     2.00000
    -9.00377     2.00000
    -8.96333     2.00000
    -8.89021     2.00000
    -8.87778     2.00000
    -8.83713     2.00000
    -8.77510     2.00000
    -4.11281     0.00000
    -4.08792     0.00000
    -4.07993     0.00000
    -4.02288     0.00000
    -3.98153     0.00000
    -3.94137     0.00000
    -3.91158     0.00000
    -3.88320     0.00000
    -3.81973     0.00000
    -3.78258     0.00000
    -3.74648     0.00000
    -3.64717     0.00000
    -3.62016     0.00000
    -3.55817     0.00000
    -3.50759     0.00000
    -3.48763     0.00000
    -3.45402     0.00000
    -3.42895     0.00000
    -3.37933     0.00000
    -3.30964     0.00000
    -3.27627     0.00000
    -3.13119     0.00000
    -3.10447     0.00000
    -3.05317     0.00000
    -2.98781     0.00000
    -2.89671     0.00000
    -2.85246     0.00000
    -2.69859     0.00000
    -2.67780     0.00000
    -2.65084     0.00000
    -2.56466     0.00000
    -2.48265     0.00000
    -2.40465     0.00000
    -2.24426     0.00000
    -2.02223     0.00000
    -1.72905     0.00000
    -1.67217     0.00000
    -0.28303     0.00000
     0.04560     0.00000
     0.18175     0.00000
     0.23180     0.00000
     0.42992     0.00000
     0.57410     0.00000
     0.79677     0.00000
     0.87914     0.00000
     3.60490     0.00000
     4.05848     0.00000
     4.47209     0.00000
     4.58813     0.00000
     5.09313     0.00000
     7.25588     0.00000
     7.53102     0.00000
     7.80781     0.00000
     7.97450     0.00000
     8.97767     0.00000
     9.08474     0.00000
     9.47568     0.00000
     9.74422     0.00000
     9.89302     0.00000
    10.28645     0.00000
    10.38486     0.00000
    10.64807     0.00000
    10.79591     0.00000
    11.04936     0.00000
    11.28315     0.00000
    11.68143     0.00000
    11.76640     0.00000
    12.34104     0.00000
    12.60094     0.00000
    12.90377     0.00000
    13.19236     0.00000
    13.37872     0.00000
    13.62970     0.00000
    13.87971     0.00000
    14.18150     0.00000
    14.46657     0.00000
    15.06089     0.00000
    15.55203     0.00000
    15.88625     0.00000
    16.99224     0.00000
    17.23799     0.00000
 
