 Fermi distribution function
 
 Coordinates of moved atoms (au):
    1      0.00000000      3.71886736     12.01815780
    2      0.00000000      0.00000000     11.33835593
    3      3.71886736      3.71886736     12.69795967
    4      0.00000000     11.15660209     12.01815780
    5      0.00000000      7.43773472     11.33835593
    6      3.71886736     11.15660209     12.69795967
    7      0.00000000     18.59433681     12.01815780
    8      0.00000000     14.87546945     11.33835593
    9      3.71886736     18.59433681     12.69795967
   10      0.00000000     26.03207153     12.01815780
   11      0.00000000     22.31320417     11.33835593
   12      3.71886736     26.03207153     12.69795967
   13      3.49676045     20.69708868     17.84012105
   14      7.29586479     26.35507065     15.75756489
   15      3.70954510      7.41172615     17.46684021
   16      3.71336122      4.04929316     16.32507107
   17      6.96234252     21.93267846     21.53264615
   18      3.12927485     25.49352296     19.63313406
   19      3.68526982     17.49690150     16.18481356
   20      3.72783183     10.84950302     16.29215862
   21      3.25392774     22.29750476     20.79149822
   22      3.57343966     26.96705085     16.35199262
   23      3.71441087     14.20753132     17.62486965
   24      7.42814607     10.95101490     15.72910652
   25      3.59473177      0.57171343     17.32555318
   26      7.42915859      3.99857895     15.74233491
   27      7.38806404     17.68287207     15.68755851
 
 COMPONENT = q
  
 Eigenvalues /H
   -0.91233967
   -0.90989808
   -0.90908586
   -0.90597869
   -0.90284624
   -0.89913957
   -0.89777628
   -0.89528614
   -0.89440693
   -0.89329121
   -0.89218544
   -0.89175302
   -0.89162707
   -0.89103130
   -0.88882903
   -0.88862920
   -0.88827383
   -0.88745972
   -0.43342965
   -0.43117509
   -0.43076426
   -0.42920234
   -0.41889602
   -0.41658025
   -0.41395180
   -0.41126927
   -0.40905195
   -0.40683282
   -0.40610192
   -0.40517602
   -0.40370444
   -0.40332552
   -0.40238308
   -0.40110066
   -0.39983208
   -0.39282837
   -0.39084061
   -0.38682728
   -0.38553935
   -0.38431446
   -0.38298928
   -0.38119669
   -0.37874478
   -0.37757622
   -0.37652952
   -0.37425761
   -0.37323657
   -0.37278204
   -0.36801461
   -0.36615732
   -0.36399656
   -0.36127511
   -0.35693542
   -0.35476239
   -0.35422365
   -0.35361312
   -0.35014613
   -0.34895826
   -0.34693107
   -0.34661959
   -0.34482004
   -0.34171240
   -0.33953049
   -0.33495976
   -0.33286387
   -0.33172476
   -0.33088246
   -0.32939616
   -0.32670920
   -0.32625232
   -0.32475840
   -0.32247899
   -0.15114296
   -0.15022845
   -0.14993483
   -0.14783817
   -0.14631836
   -0.14484259
   -0.14374780
   -0.14270482
   -0.14037237
   -0.13900709
   -0.13768046
   -0.13403101
   -0.13303833
   -0.13076050
   -0.12890146
   -0.12816803
   -0.12693283
   -0.12601152
   -0.12418796
   -0.12162685
   -0.12040063
   -0.11506897
   -0.11408710
   -0.11220187
   -0.10979994
   -0.10645227
   -0.10482589
   -0.09917141
   -0.09840723
   -0.09741644
   -0.09424967
   -0.09123580
   -0.08836941
   -0.08247500
   -0.07431575
   -0.06354128
   -0.06145113
   -0.01040130
    0.00167563
    0.00667924
    0.00851861
    0.01579940
    0.02109777
    0.02928071
    0.03230773
    0.13247759
    0.14914631
    0.16434643
    0.16861077
    0.18716917
    0.26664878
    0.27675984
    0.28693182
    0.29305741
    0.32992313
    0.33385795
    0.34822469
    0.35809346
    0.36356166
    0.37802020
    0.38163648
    0.39130945
    0.39674251
    0.40605663
    0.41464803
    0.42928472
    0.43240723
    0.45352473
    0.46307606
    0.47420474
    0.48481021
    0.49165897
    0.50088242
    0.51006998
    0.52116055
    0.53163663
    0.55347763
    0.57152647
    0.58380907
    0.62445319
    0.63348443
 
 Eigenvalues /eV
  -24.82602548
  -24.75958643
  -24.73748475
  -24.65293447
  -24.56769608
  -24.46683246
  -24.42973563
  -24.36197551
  -24.33805094
  -24.30769069
  -24.27760097
  -24.26583419
  -24.26240710
  -24.24619534
  -24.18626847
  -24.18083096
  -24.17116086
  -24.14900757
  -11.79422084
  -11.73287112
  -11.72169203
  -11.67918987
  -11.39874075
  -11.33572531
  -11.26420151
  -11.19120614
  -11.13086995
  -11.07048439
  -11.05059540
  -11.02540055
  -10.98535669
  -10.97504583
  -10.94940081
  -10.91450441
  -10.87998444
  -10.68940387
  -10.63531399
  -10.52610574
  -10.49105939
  -10.45772849
  -10.42166855
  -10.37288962
  -10.30616989
  -10.27437171
  -10.24588964
  -10.18406769
  -10.15628378
  -10.14391545
  -10.01418704
   -9.96364772
   -9.90485040
   -9.83079593
   -9.71270696
   -9.65357581
   -9.63891597
   -9.62230269
   -9.52796092
   -9.49563736
   -9.44047479
   -9.43199897
   -9.38303077
   -9.29846738
   -9.23909470
   -9.11471887
   -9.05768681
   -9.02669012
   -9.00376983
   -8.96332560
   -8.89020956
   -8.87777739
   -8.83712578
   -8.77509972
   -4.11280933
   -4.08792425
   -4.07993444
   -4.02288116
   -3.98152528
   -3.94136744
   -3.91157655
   -3.88319583
   -3.81972650
   -3.78257529
   -3.74647595
   -3.64716925
   -3.62015728
   -3.55817426
   -3.50758730
   -3.48762965
   -3.45401791
   -3.42894793
   -3.37932631
   -3.30963503
   -3.27626790
   -3.13118589
   -3.10446793
   -3.05316831
   -2.98780849
   -2.89671369
   -2.85245755
   -2.69859136
   -2.67779709
   -2.65083615
   -2.56466399
   -2.48265248
   -2.40465395
   -2.24425897
   -2.02223438
   -1.72904613
   -1.67217031
   -0.28303377
    0.04559618
    0.18175145
    0.23180305
    0.42992365
    0.57409942
    0.79676854
    0.87913807
    3.60489854
    4.05847756
    4.47209400
    4.58813250
    5.09313217
    7.25588235
    7.53101837
    7.80781203
    7.97449777
    8.97766527
    9.08473711
    9.47567584
    9.74421884
    9.89301612
   10.28645299
   10.38485703
   10.64807184
   10.79591293
   11.04936302
   11.28314707
   11.68143163
   11.76639931
   12.34103582
   12.60094084
   12.90376764
   13.19235716
   13.37872134
   13.62970413
   13.87971022
   14.18150020
   14.46656878
   15.06089268
   15.55202644
   15.88625303
   16.99223580
   17.23798848
 
 Fillings
     2.00000
     2.00000
     2.00000
     2.00000
     2.00000
     2.00000
     2.00000
     2.00000
     2.00000
     2.00000
     2.00000
     2.00000
     2.00000
     2.00000
     2.00000
     2.00000
     2.00000
     2.00000
     2.00000
     2.00000
     2.00000
     2.00000
     2.00000
     2.00000
     2.00000
     2.00000
     2.00000
     2.00000
     2.00000
     2.00000
     2.00000
     2.00000
     2.00000
     2.00000
     2.00000
     2.00000
     2.00000
     2.00000
     2.00000
     2.00000
     2.00000
     2.00000
     2.00000
     2.00000
     2.00000
     2.00000
     2.00000
     2.00000
     2.00000
     2.00000
     2.00000
     2.00000
     2.00000
     2.00000
     2.00000
     2.00000
     2.00000
     2.00000
     2.00000
     2.00000
     2.00000
     2.00000
     2.00000
     2.00000
     2.00000
     2.00000
     2.00000
     2.00000
     2.00000
     2.00000
     2.00000
     2.00000
     0.00000
     0.00000
     0.00000
     0.00000
     0.00000
     0.00000
     0.00000
     0.00000
     0.00000
     0.00000
     0.00000
     0.00000
     0.00000
     0.00000
     0.00000
     0.00000
     0.00000
     0.00000
     0.00000
     0.00000
     0.00000
     0.00000
     0.00000
     0.00000
     0.00000
     0.00000
     0.00000
     0.00000
     0.00000
     0.00000
     0.00000
     0.00000
     0.00000
     0.00000
     0.00000
     0.00000
     0.00000
     0.00000
     0.00000
     0.00000
     0.00000
     0.00000
     0.00000
     0.00000
     0.00000
     0.00000
     0.00000
     0.00000
     0.00000
     0.00000
     0.00000
     0.00000
     0.00000
     0.00000
     0.00000
     0.00000
     0.00000
     0.00000
     0.00000
     0.00000
     0.00000
     0.00000
     0.00000
     0.00000
     0.00000
     0.00000
     0.00000
     0.00000
     0.00000
     0.00000
     0.00000
     0.00000
     0.00000
     0.00000
     0.00000
     0.00000
     0.00000
     0.00000
     0.00000
     0.00000
     0.00000
 
 Fermi energy:                      -0.2372916234 H           -6.4570 eV
 Band energy:                      -72.7559986402 H        -1979.7915 eV
 TS:                                 0.0000000000 H            0.0000 eV
 Band free energy (E-TS):          -72.7559986402 H        -1979.7915 eV
 Extrapolated E(0K):               -72.7559986402 H        -1979.7915 eV
 
 Energy H0:                        -72.7559986402 H        -1979.7915 eV
 Total Electronic energy:          -72.7559986402 H        -1979.7915 eV
 Repulsive energy:                   2.4051432336 H           65.4473 eV
 Total energy:                     -70.3508554065 H        -1914.3442 eV
 Total Mermin free energy:         -70.3508554065 H        -1914.3442 eV
 
 Non-SCC calculation
 
 Full geometry written in geo_end.{xyz|gen}
 
 Total Forces
 -1.105895863476011E-004  9.568776948791023E-004  1.634942210088158E-002
  7.300342459040388E-005  2.104888170427661E-003 -5.550373093147945E-003
 -4.260327160508070E-004  3.362532310052202E-003 -5.532934213934318E-003
  2.938875948577829E-003  9.030397084328328E-005  1.307416094833830E-002
  1.330362977244960E-005  2.163585568872379E-004 -7.695560756544709E-003
 -4.155066263817303E-004 -1.480545015694655E-003 -1.458996905055369E-002
 -2.583295501824479E-003 -3.201338027860677E-003  1.992949767659155E-002
  9.133677619421428E-005 -5.011583948054499E-003 -1.026576731918319E-002
 -2.418649220759242E-003 -6.047551473813931E-003 -7.871466492090029E-003
 -9.950416226389858E-004 -1.039072479392078E-003  1.900133007055715E-002
 -3.364340229336369E-005 -7.067643553403886E-004 -1.227047474176877E-003
 -8.073388141870742E-003  2.170918757585728E-003 -1.089118051592947E-002
  2.169984699534977E-003 -3.510662112078132E-002 -2.877653448732376E-002
  1.752660633177638E-003  4.789581451331891E-003  1.970847109750762E-003
 -4.110972844031870E-005  3.030028655070879E-002  6.521250054733058E-003
 -1.285709647537820E-003 -2.642808742860180E-002 -2.506785674981659E-002
  5.319238830087577E-003  1.414604403478325E-003  5.223096235633114E-003
  8.439552654426242E-003  1.877684178608366E-002 -1.332007493264912E-002
 -2.945803661487242E-003  1.692627472138098E-002 -3.388899291981369E-003
 -1.045793123030480E-002 -3.410984882503174E-003  2.986345877276073E-003
 -5.049053135145325E-003  4.453198972238170E-003  3.153451401867766E-002
 -5.918270064532525E-004  3.160820205077186E-003  1.583088407662422E-002
 -8.437009868489079E-004 -5.711296746165106E-003 -5.514352178518783E-004
  7.908319868851101E-003 -2.405088051704330E-003  4.396618490786194E-003
  2.528558937008728E-003  1.048367779675728E-003 -3.223359757642111E-003
 -1.882482532852654E-004 -4.697027668786845E-004  4.731485227501886E-003
  5.224695065448670E-003  1.246780966140785E-003 -3.596992534526590E-003
 
 Total stress tensor
     -0.000028430123      0.000000271357      0.000007000376
      0.000000271142     -0.000078006909      0.000009404912
      0.000006999709      0.000009407939      0.000004830720
 
 Total lattice derivs
      0.039959335012     -0.000381399724     -0.009839225140
     -0.000095274557      0.027410224747     -0.003304716824
     -0.001548892787     -0.002081784805     -0.001068939665
 
 Maximal derivative component:       0.351066E-01 au
 Max force for moved atoms::         0.351066E-01 au
 
 Volume:                             0.104539E+05 au^3
 Pressure:                          -0.338688E-04 au    -0.996453E+09 Pa
 
 Geometry converged
 
