 KPT            1  SPIN            1  KWEIGHT    1.00000000000000     
   -24.82560     2.00000
   -24.76192     2.00000
   -24.73490     2.00000
   -24.66204     2.00000
   -24.61406     2.00000
   -24.47905     2.00000
   -24.45659     2.00000
   -24.37291     2.00000
   -24.34778     2.00000
   -24.31120     2.00000
   -24.27442     2.00000
   -24.26472     2.00000
   -24.26046     2.00000
   -24.19215     2.00000
   -24.17351     2.00000
   -24.16601     2.00000
   -24.12300     2.00000
   -24.07293     2.00000
   -11.78933     2.00000
   -11.75639     2.00000
   -11.71211     2.00000
   -11.58812     2.00000
   -11.44994     2.00000
   -11.37566     2.00000
   -11.26741     2.00000
   -11.22999     2.00000
   -11.16476     2.00000
   -11.09353     2.00000
   -11.07361     2.00000
   -11.03390     2.00000
   -10.99228     2.00000
   -10.96817     2.00000
   -10.94409     2.00000
   -10.91705     2.00000
   -10.77759     2.00000
   -10.66087     2.00000
   -10.63900     2.00000
   -10.50647     2.00000
   -10.47198     2.00000
   -10.42057     2.00000
   -10.37420     2.00000
   -10.33103     2.00000
   -10.29616     2.00000
   -10.22352     2.00000
   -10.19959     2.00000
   -10.15847     2.00000
   -10.08836     2.00000
   -10.03517     2.00000
    -9.97038     2.00000
    -9.87399     2.00000
    -9.82158     2.00000
    -9.80168     2.00000
    -9.69423     2.00000
    -9.64792     2.00000
    -9.60563     2.00000
    -9.57074     2.00000
    -9.48645     2.00000
    -9.46816     2.00000
    -9.44163     2.00000
    -9.37884     2.00000
    -9.33031     2.00000
    -9.26670     2.00000
    -9.20064     2.00000
    -9.07851     2.00000
    -9.04345     2.00000
    -8.98173     2.00000
    -8.94216     2.00000
    -8.88111     2.00000
    -8.86183     2.00000
    -8.82691     2.00000
    -8.79487     2.00000
    -8.73482     2.00000
    -4.21886     0.00000
    -4.12521     0.00000
    -4.09666     0.00000
    -4.04131     0.00000
    -4.01293     0.00000
    -3.98903     0.00000
    -3.96943     0.00000
    -3.91044     0.00000
    -3.88590     0.00000
    -3.87404     0.00000
    -3.77723     0.00000
    -3.71057     0.00000
    -3.66322     0.00000
    -3.62014     0.00000
    -3.55575     0.00000
    -3.50579     0.00000
    -3.47436     0.00000
    -3.44237     0.00000
    -3.40386     0.00000
    -3.38175     0.00000
    -3.35812     0.00000
    -3.26177     0.00000
    -3.24131     0.00000
    -3.13789     0.00000
    -3.08072     0.00000
    -2.98286     0.00000
    -2.90332     0.00000
    -2.82266     0.00000
    -2.75277     0.00000
    -2.66605     0.00000
    -2.65207     0.00000
    -2.59166     0.00000
    -2.46940     0.00000
    -2.23780     0.00000
    -2.04404     0.00000
    -1.95716     0.00000
    -1.79881     0.00000
    -0.96493     0.00000
    -0.26647     0.00000
     0.14792     0.00000
     0.21450     0.00000
     0.31368     0.00000
     0.46933     0.00000
     0.53446     0.00000
     0.90544     0.00000
     2.48313     0.00000
     2.78108     0.00000
     4.21631     0.00000
     4.60903     0.00000
     4.79628     0.00000
     5.31574     0.00000
     6.91566     0.00000
     7.14302     0.00000
     7.79894     0.00000
     8.77889     0.00000
     9.08040     0.00000
     9.11424     0.00000
     9.75189     0.00000
     9.97849     0.00000
    10.27599     0.00000
    10.42105     0.00000
    10.58103     0.00000
    10.74248     0.00000
    10.81508     0.00000
    11.34661     0.00000
    11.52623     0.00000
    11.92705     0.00000
    12.05862     0.00000
    12.22865     0.00000
    12.74398     0.00000
    12.93356     0.00000
    13.32530     0.00000
    13.67084     0.00000
    13.82414     0.00000
    14.07605     0.00000
    14.30734     0.00000
    14.84834     0.00000
    15.50280     0.00000
    15.92566     0.00000
    16.27018     0.00000
    17.00858     0.00000
 
