 Fermi distribution function
 
 Coordinates of moved atoms (au):
    1      0.00000000      3.71886736     12.01815780
    2      0.00000000      0.00000000     11.33835593
    3      3.71886736      3.71886736     12.69795967
    4      0.00000000     11.15660209     12.01815780
    5      0.00000000      7.43773472     11.33835593
    6      3.71886736     11.15660209     12.69795967
    7      0.00000000     18.59433681     12.01815780
    8      0.00000000     14.87546945     11.33835593
    9      3.71886736     18.59433681     12.69795967
   10      0.00000000     26.03207153     12.01815780
   11      0.00000000     22.31320417     11.33835593
   12      3.71886736     26.03207153     12.69795967
   13      7.32702403     11.52275320     15.71585879
   14      3.76799670     25.43114824     16.31575967
   15      0.13853614      4.15492323     15.62658046
   16      0.68962803      1.41337134     21.21067905
   17      3.61023673     11.58997264     16.33879667
   18      4.39505048      0.97254991     20.87008125
   19      3.63360702     15.08781466     17.34197738
   20      7.42463264     18.52532487     15.77509470
   21      1.18502136      5.40560747     18.65964127
   22      4.60990148      4.45859186     19.78811617
   23      0.04179624     25.75029252     15.74002745
   24      4.12678471     28.04836889     18.80245170
   25      3.73149449     22.02328641     17.24898922
   26      2.79191917      8.61663998     18.20063706
   27      3.71337690     18.53662917     16.29976044
 
 COMPONENT = q
  
 Eigenvalues /H
   -0.91232398
   -0.90998368
   -0.90899097
   -0.90631340
   -0.90455026
   -0.89958845
   -0.89876330
   -0.89568785
   -0.89476454
   -0.89342013
   -0.89206843
   -0.89171203
   -0.89155538
   -0.88904518
   -0.88835999
   -0.88808455
   -0.88650380
   -0.88466397
   -0.43324974
   -0.43203928
   -0.43041196
   -0.42585575
   -0.42077745
   -0.41804772
   -0.41406959
   -0.41269444
   -0.41029729
   -0.40767964
   -0.40694759
   -0.40548826
   -0.40395882
   -0.40307296
   -0.40218783
   -0.40119431
   -0.39606932
   -0.39177967
   -0.39097618
   -0.38610569
   -0.38483811
   -0.38294873
   -0.38124471
   -0.37965844
   -0.37837691
   -0.37570735
   -0.37482793
   -0.37331691
   -0.37074056
   -0.36878561
   -0.36640480
   -0.36286236
   -0.36093628
   -0.36020528
   -0.35625650
   -0.35455471
   -0.35300026
   -0.35171831
   -0.34862056
   -0.34794847
   -0.34697348
   -0.34466591
   -0.34288257
   -0.34054513
   -0.33811728
   -0.33362919
   -0.33234053
   -0.33007246
   -0.32861838
   -0.32637492
   -0.32566615
   -0.32438280
   -0.32320546
   -0.32099875
   -0.15504015
   -0.15159872
   -0.15054960
   -0.14851525
   -0.14747257
   -0.14659408
   -0.14587399
   -0.14370600
   -0.14280412
   -0.14236817
   -0.13881056
   -0.13636087
   -0.13462084
   -0.13303785
   -0.13067152
   -0.12883536
   -0.12768029
   -0.12650461
   -0.12508965
   -0.12427688
   -0.12340860
   -0.11986773
   -0.11911591
   -0.11531517
   -0.11321433
   -0.10961797
   -0.10669522
   -0.10373090
   -0.10116244
   -0.09797560
   -0.09746161
   -0.09524175
   -0.09074871
   -0.08223772
   -0.07511698
   -0.07192443
   -0.06610495
   -0.03546060
   -0.00979274
    0.00543594
    0.00788261
    0.01152746
    0.01724746
    0.01964107
    0.03327432
    0.09125317
    0.10220289
    0.15494653
    0.16937882
    0.17625995
    0.19535002
    0.25414589
    0.26250112
    0.28660582
    0.32261836
    0.33369849
    0.33494213
    0.35837542
    0.36670287
    0.37763565
    0.38296656
    0.38884587
    0.39477894
    0.39744680
    0.41698017
    0.42358125
    0.43831102
    0.44314619
    0.44939463
    0.46833267
    0.47529965
    0.48969587
    0.50239429
    0.50802767
    0.51728522
    0.52578519
    0.54566664
    0.56971735
    0.58525729
    0.59791826
    0.62505393
 
 Eigenvalues /eV
  -24.82559867
  -24.76191587
  -24.73490282
  -24.66204234
  -24.61406485
  -24.47904727
  -24.45659379
  -24.37290660
  -24.34778190
  -24.31119869
  -24.27441710
  -24.26471883
  -24.26045631
  -24.19215030
  -24.17350515
  -24.16601027
  -24.12299563
  -24.07293141
  -11.78932534
  -11.75638698
  -11.71210535
  -11.58812454
  -11.44993692
  -11.37565738
  -11.26740676
  -11.22998695
  -11.16475734
  -11.09352754
  -11.07360723
  -11.03389694
  -10.99227888
  -10.96817321
  -10.94408765
  -10.91705254
  -10.77759468
  -10.66086724
  -10.63900306
  -10.50647051
  -10.47197777
  -10.42056505
  -10.37419651
  -10.33103182
  -10.29615946
  -10.22351716
  -10.19958693
  -10.15846996
  -10.08836403
  -10.03516714
   -9.97038186
   -9.87398711
   -9.82157592
   -9.80168447
   -9.69423259
   -9.64792447
   -9.60562592
   -9.57074209
   -9.48644801
   -9.46815957
   -9.44162885
   -9.37883669
   -9.33030952
   -9.26670452
   -9.20063933
   -9.07851215
   -9.04344586
   -8.98172853
   -8.94216103
   -8.88111343
   -8.86182673
   -8.82690501
   -8.79486799
   -8.73482038
   -4.21885701
   -4.12521102
   -4.09666313
   -4.04130551
   -4.01293275
   -3.98902785
   -3.96943327
   -3.91043932
   -3.88589773
   -3.87403505
   -3.77722749
   -3.71056793
   -3.66321955
   -3.62014421
   -3.55575300
   -3.50578854
   -3.47435756
   -3.44236555
   -3.40386255
   -3.38174595
   -3.35811878
   -3.26176689
   -3.24130882
   -3.13788554
   -3.08071879
   -2.98285671
   -2.90332456
   -2.82266139
   -2.75277015
   -2.66605167
   -2.65206526
   -2.59165991
   -2.46939798
   -2.23780230
   -2.04403694
   -1.95716324
   -1.79880712
   -0.96493189
   -0.26647402
    0.14791937
    0.21449681
    0.31367815
    0.46932714
    0.53446083
    0.90544032
    2.48312514
    2.78108224
    4.21630951
    4.60903228
    4.79627736
    5.31574447
    6.91566158
    7.14301889
    7.79894128
    8.77889222
    9.08039783
    9.11423907
    9.75189137
    9.97849275
   10.27598884
   10.42105035
   10.58103436
   10.74248154
   10.81507780
   11.34660764
   11.52623219
   11.92704982
   12.05862146
   12.22864995
   12.74398034
   12.93356160
   13.32530250
   13.67084430
   13.82413638
   14.07604693
   14.30734295
   14.84834487
   15.50279797
   15.92566106
   16.27018380
   17.00858280
 
 Fillings
     2.00000
     2.00000
     2.00000
     2.00000
     2.00000
     2.00000
     2.00000
     2.00000
     2.00000
     2.00000
     2.00000
     2.00000
     2.00000
     2.00000
     2.00000
     2.00000
     2.00000
     2.00000
     2.00000
     2.00000
     2.00000
     2.00000
     2.00000
     2.00000
     2.00000
     2.00000
     2.00000
     2.00000
     2.00000
     2.00000
     2.00000
     2.00000
     2.00000
     2.00000
     2.00000
     2.00000
     2.00000
     2.00000
     2.00000
     2.00000
     2.00000
     2.00000
     2.00000
     2.00000
     2.00000
     2.00000
     2.00000
     2.00000
     2.00000
     2.00000
     2.00000
     2.00000
     2.00000
     2.00000
     2.00000
     2.00000
     2.00000
     2.00000
     2.00000
     2.00000
     2.00000
     2.00000
     2.00000
     2.00000
     2.00000
     2.00000
     2.00000
     2.00000
     2.00000
     2.00000
     2.00000
     2.00000
     0.00000
     0.00000
     0.00000
     0.00000
     0.00000
     0.00000
     0.00000
     0.00000
     0.00000
     0.00000
     0.00000
     0.00000
     0.00000
     0.00000
     0.00000
     0.00000
     0.00000
     0.00000
     0.00000
     0.00000
     0.00000
     0.00000
     0.00000
     0.00000
     0.00000
     0.00000
     0.00000
     0.00000
     0.00000
     0.00000
     0.00000
     0.00000
     0.00000
     0.00000
     0.00000
     0.00000
     0.00000
     0.00000
     0.00000
     0.00000
     0.00000
     0.00000
     0.00000
     0.00000
     0.00000
     0.00000
     0.00000
     0.00000
     0.00000
     0.00000
     0.00000
     0.00000
     0.00000
     0.00000
     0.00000
     0.00000
     0.00000
     0.00000
     0.00000
     0.00000
     0.00000
     0.00000
     0.00000
     0.00000
     0.00000
     0.00000
     0.00000
     0.00000
     0.00000
     0.00000
     0.00000
     0.00000
     0.00000
     0.00000
     0.00000
     0.00000
     0.00000
     0.00000
     0.00000
     0.00000
     0.00000
 
 Fermi energy:                      -0.2409711460 H           -6.5572 eV
 Band energy:                      -72.6414183561 H        -1976.6736 eV
 TS:                                 0.0000000000 H            0.0000 eV
 Band free energy (E-TS):          -72.6414183561 H        -1976.6736 eV
 Extrapolated E(0K):               -72.6414183561 H        -1976.6736 eV
 
 Energy H0:                        -72.6414183561 H        -1976.6736 eV
 Total Electronic energy:          -72.6414183561 H        -1976.6736 eV
 Repulsive energy:                   2.3398224549 H           63.6698 eV
 Total energy:                     -70.3015959011 H        -1913.0038 eV
 Total Mermin free energy:         -70.3015959011 H        -1913.0038 eV
 
 Non-SCC calculation
 
 Full geometry written in geo_end.{xyz|gen}
 
 Total Forces
 -5.915251731478943E-004  5.121403319689008E-003  4.266223077854149E-002
  3.778537835705036E-005 -1.435116449973325E-003 -2.710995766624504E-003
  6.786005858401507E-003 -3.378844574497122E-003 -3.338697705993257E-002
 -1.239451140814335E-002 -3.525447768911553E-004  3.256269050453620E-003
 -1.302279060079471E-004  3.326000372567336E-003 -6.665932082155906E-003
 -6.785829269785577E-003  1.221435196185148E-004 -3.958428099163178E-003
 -3.889885137911535E-003 -3.825225301637401E-004  1.590469540775037E-002
  4.659907378368812E-005  1.479125710884876E-003 -7.418846689095239E-003
 -6.551517231421166E-004 -5.769788202137052E-004 -1.653034611294175E-002
  3.429178892578322E-004  5.973087861877256E-004  1.660371690293133E-002
 -1.031797665120946E-005 -1.540406934693231E-003 -6.264231351424555E-003
  2.660218424714673E-003 -1.370739313444416E-003 -5.449215928011723E-003
 -4.974793541018235E-003  2.571780772550166E-003  5.964946031756513E-004
 -2.806293256555997E-003  1.897968624992487E-002 -1.301142706147491E-004
  7.896819277642776E-003  4.496102147739836E-003  8.258083052822454E-003
 -4.095244391661111E-004 -5.163300613109973E-003  7.580686774092477E-003
  9.612429832575417E-003  1.363999198213268E-002  7.258265734365055E-003
  6.002099626267148E-003  3.098813239001664E-002  8.685218047381982E-003
  3.348437656678122E-004 -1.740229823364788E-002  1.385881532835018E-003
  2.221182774694826E-003  9.808821317097956E-004  1.460287653243270E-003
 -1.213482469436778E-002  3.792084930266081E-003 -9.754821400024372E-003
  1.183039099500494E-002 -9.701572830358260E-003 -2.311848295985724E-003
  6.791795851708519E-003 -2.105362105901712E-003  1.749760928871844E-003
 -4.287883985920367E-003 -2.932477307673204E-002 -2.407041575512969E-002
 -5.896652815657742E-005 -1.033793617967530E-002  7.069196257258867E-003
 -6.891584501867904E-003 -5.227528471281898E-003  1.420042105805396E-003
  1.458230793766392E-003  2.205282597296337E-003 -5.238656018424770E-003
 
 Total stress tensor
     -0.000018657675     -0.000020828384      0.000006821073
     -0.000020826617     -0.000093321137     -0.000003310751
      0.000006821352     -0.000003309834     -0.000001781829
 
 Total lattice derivs
      0.026223885401      0.029274877679     -0.009587209420
      0.007318098725      0.032791369165      0.001163338510
     -0.001509425949      0.000732398800      0.000394282352
 
 Maximal derivative component:       0.426622E-01 au
 Max force for moved atoms::         0.426622E-01 au
 
 Volume:                             0.104539E+05 au^3
 Pressure:                          -0.379202E-04 au    -0.111565E+10 Pa
 
 Geometry converged
 
