 KPT            1  SPIN            1  KWEIGHT    1.00000000000000     
   -24.88059     2.00000
   -24.78311     2.00000
   -24.77407     2.00000
   -24.65226     2.00000
   -24.50127     2.00000
   -24.45237     2.00000
   -24.43460     2.00000
   -24.39733     2.00000
   -24.33659     2.00000
   -24.32903     2.00000
   -24.26553     2.00000
   -24.25756     2.00000
   -24.24245     2.00000
   -24.21458     2.00000
   -24.18787     2.00000
   -24.17277     2.00000
   -24.13943     2.00000
   -24.04549     2.00000
   -11.79668     2.00000
   -11.74970     2.00000
   -11.72244     2.00000
   -11.68323     2.00000
   -11.33407     2.00000
   -11.25256     2.00000
   -11.18310     2.00000
   -11.17361     2.00000
   -11.10089     2.00000
   -11.08936     2.00000
   -11.04688     2.00000
   -11.03351     2.00000
   -10.96553     2.00000
   -10.95322     2.00000
   -10.92502     2.00000
   -10.83787     2.00000
   -10.82094     2.00000
   -10.72377     2.00000
   -10.71731     2.00000
   -10.59804     2.00000
   -10.58559     2.00000
   -10.46995     2.00000
   -10.43652     2.00000
   -10.41450     2.00000
   -10.38123     2.00000
   -10.31964     2.00000
   -10.30691     2.00000
   -10.26304     2.00000
   -10.17452     2.00000
   -10.17147     2.00000
   -10.14992     2.00000
    -9.99058     2.00000
    -9.94924     2.00000
    -9.82674     2.00000
    -9.77514     2.00000
    -9.71071     2.00000
    -9.63086     2.00000
    -9.59447     2.00000
    -9.51397     2.00000
    -9.44883     2.00000
    -9.44190     2.00000
    -9.39356     2.00000
    -9.37234     2.00000
    -9.16866     2.00000
    -9.13438     2.00000
    -9.04628     2.00000
    -9.00422     2.00000
    -8.97458     2.00000
    -8.95068     2.00000
    -8.88500     2.00000
    -8.88022     2.00000
    -8.78396     2.00000
    -8.72444     2.00000
    -8.70661     2.00000
    -4.18168     0.00000
    -4.16783     0.00000
    -4.05709     0.00000
    -4.04303     0.00000
    -4.02896     0.00000
    -4.01669     0.00000
    -3.93347     0.00000
    -3.90806     0.00000
    -3.86346     0.00000
    -3.84692     0.00000
    -3.80643     0.00000
    -3.70423     0.00000
    -3.64111     0.00000
    -3.56205     0.00000
    -3.54385     0.00000
    -3.47568     0.00000
    -3.44359     0.00000
    -3.43946     0.00000
    -3.36300     0.00000
    -3.30230     0.00000
    -3.21573     0.00000
    -3.18374     0.00000
    -3.17237     0.00000
    -3.10443     0.00000
    -2.97683     0.00000
    -2.90842     0.00000
    -2.72891     0.00000
    -2.68834     0.00000
    -2.67970     0.00000
    -2.59504     0.00000
    -2.49408     0.00000
    -2.48800     0.00000
    -2.14378     0.00000
    -1.79467     0.00000
    -1.70338     0.00000
    -1.59869     0.00000
    -1.28365     0.00000
    -0.23417     0.00000
     0.17748     0.00000
     0.22356     0.00000
     0.33831     0.00000
     0.35031     0.00000
     0.53054     0.00000
     0.72020     0.00000
     0.86395     0.00000
     3.81590     0.00000
     4.21480     0.00000
     4.29244     0.00000
     4.58113     0.00000
     5.11401     0.00000
     7.04592     0.00000
     7.13566     0.00000
     8.52871     0.00000
     8.65302     0.00000
     8.83675     0.00000
     8.91491     0.00000
     9.55864     0.00000
     9.58420     0.00000
     9.85057     0.00000
     9.92856     0.00000
    10.35617     0.00000
    10.51210     0.00000
    10.66222     0.00000
    10.84291     0.00000
    10.99522     0.00000
    11.56939     0.00000
    12.08926     0.00000
    12.32811     0.00000
    12.91313     0.00000
    13.38195     0.00000
    13.69434     0.00000
    14.03678     0.00000
    14.13273     0.00000
    14.43802     0.00000
    14.93822     0.00000
    15.07984     0.00000
    15.40154     0.00000
    16.36276     0.00000
    16.70826     0.00000
    17.19634     0.00000
    17.67116     0.00000
 
