 Fermi distribution function
 
 Coordinates of moved atoms (au):
    1      0.00000000      3.71886736     12.01815780
    2      0.00000000      0.00000000     11.33835593
    3      3.71886736      3.71886736     12.69795967
    4      0.00000000     11.15660209     12.01815780
    5      0.00000000      7.43773472     11.33835593
    6      3.71886736     11.15660209     12.69795967
    7      0.00000000     18.59433681     12.01815780
    8      0.00000000     14.87546945     11.33835593
    9      3.71886736     18.59433681     12.69795967
   10      0.00000000     26.03207153     12.01815780
   11      0.00000000     22.31320417     11.33835593
   12      3.71886736     26.03207153     12.69795967
   13      3.72632816     12.82530414     16.11874780
   14      3.73195197      2.07496979     16.12546962
   15      0.01079838      2.45745929     15.58993995
   16      0.00743687     12.44249682     15.58106291
   17      3.72029635     25.59006435     16.25732228
   18      3.30536933      4.51481819     18.73663153
   19      7.43601833     18.91722617     15.68074726
   20      6.47108977      7.44046468     16.06721306
   21      3.30895348     10.38278432     18.72676264
   22      3.71940194     19.05642768     16.26387775
   23      7.43171005     25.73047065     15.68342772
   24      3.72108009     22.31954900     17.73061085
   25      3.70632769     28.69613218     17.82794800
   26      3.71386517     15.94109486     17.81663071
   27      2.71443801      7.44693031     16.74444433
 
 COMPONENT = q
  
 Eigenvalues /H
   -0.91434484
   -0.91076241
   -0.91043028
   -0.90595382
   -0.90040496
   -0.89860796
   -0.89795513
   -0.89658542
   -0.89435325
   -0.89407531
   -0.89174175
   -0.89144903
   -0.89089362
   -0.88986957
   -0.88888797
   -0.88833286
   -0.88710759
   -0.88365552
   -0.43352015
   -0.43179360
   -0.43079166
   -0.42935078
   -0.41651950
   -0.41352411
   -0.41097132
   -0.41062248
   -0.40795036
   -0.40752631
   -0.40596543
   -0.40547392
   -0.40297592
   -0.40252349
   -0.40148714
   -0.39828443
   -0.39766242
   -0.39409139
   -0.39385386
   -0.38947079
   -0.38901325
   -0.38476342
   -0.38353520
   -0.38272567
   -0.38150332
   -0.37923987
   -0.37877215
   -0.37715965
   -0.37390680
   -0.37379466
   -0.37300275
   -0.36714691
   -0.36562790
   -0.36112598
   -0.35922968
   -0.35686210
   -0.35392775
   -0.35259041
   -0.34963193
   -0.34723803
   -0.34698337
   -0.34520696
   -0.34442719
   -0.33694191
   -0.33568242
   -0.33244472
   -0.33089915
   -0.32980992
   -0.32893141
   -0.32651759
   -0.32634200
   -0.32280469
   -0.32061742
   -0.31996210
   -0.15367409
   -0.15316510
   -0.14909527
   -0.14857869
   -0.14806164
   -0.14761056
   -0.14455243
   -0.14361852
   -0.14197969
   -0.14137167
   -0.13988369
   -0.13612806
   -0.13380825
   -0.13090284
   -0.13023398
   -0.12772895
   -0.12654979
   -0.12639787
   -0.12358793
   -0.12135733
   -0.11817607
   -0.11700026
   -0.11658244
   -0.11408577
   -0.10939644
   -0.10688232
   -0.10028574
   -0.09879477
   -0.09847712
   -0.09536586
   -0.09165562
   -0.09143222
   -0.07878239
   -0.06595279
   -0.06259811
   -0.05875096
   -0.04717340
   -0.00860552
    0.00652216
    0.00821557
    0.01243253
    0.01287381
    0.01949693
    0.02646690
    0.03174971
    0.14023193
    0.15489119
    0.15774421
    0.16835342
    0.18793655
    0.25893275
    0.26223062
    0.31342424
    0.31799267
    0.32474445
    0.32761705
    0.35127344
    0.35221296
    0.36200178
    0.36486774
    0.38058241
    0.38631244
    0.39182947
    0.39846954
    0.40406677
    0.42516712
    0.44427199
    0.45304955
    0.47454895
    0.49177773
    0.50325791
    0.51584231
    0.51936810
    0.53058741
    0.54896936
    0.55417384
    0.56599630
    0.60132044
    0.61401717
    0.63195381
    0.64940330
 
 Eigenvalues /eV
  -24.88058900
  -24.78310617
  -24.77406840
  -24.65225783
  -24.50126546
  -24.45236671
  -24.43460240
  -24.39733072
  -24.33659014
  -24.32902701
  -24.26552771
  -24.25756232
  -24.24244895
  -24.21458290
  -24.18787225
  -24.17276714
  -24.13942582
  -24.04549007
  -11.79668353
  -11.74970166
  -11.72243745
  -11.68322904
  -11.33407220
  -11.25256356
  -11.18309872
  -11.17360626
  -11.10089413
  -11.08935509
  -11.04688150
  -11.03350669
  -10.96553259
  -10.95322134
  -10.92502084
  -10.83787072
  -10.82094489
  -10.72377243
  -10.71730893
  -10.59803954
  -10.58558907
  -10.46994528
  -10.43652383
  -10.41449534
  -10.38123340
  -10.31964188
  -10.30691459
  -10.26303615
  -10.17452174
  -10.17147024
  -10.14992128
   -9.99057568
   -9.94924146
   -9.82673781
   -9.77513701
   -9.71071177
   -9.63086414
   -9.59447327
   -9.51396877
   -9.44882752
   -9.44189790
   -9.39355943
   -9.37234060
   -9.16865583
   -9.13438327
   -9.04628099
   -9.00422400
   -8.97458455
   -8.95067908
   -8.88499579
   -8.88021775
   -8.78396248
   -8.72444389
   -8.70661171
   -4.18168481
   -4.16783438
   -4.05708881
   -4.04303198
   -4.02896235
   -4.01668759
   -3.93347189
   -3.90805863
   -3.86346401
   -3.84691893
   -3.80642899
   -3.70423286
   -3.64110768
   -3.56204747
   -3.54384702
   -3.47568148
   -3.44359489
   -3.43946114
   -3.36299879
   -3.30230103
   -3.21573455
   -3.18373902
   -3.17236956
   -3.10443187
   -2.97682853
   -2.90841593
   -2.72891395
   -2.68834236
   -2.67969880
   -2.59503704
   -2.49407621
   -2.48799729
   -2.14377788
   -1.79466671
   -1.70338116
   -1.59869489
   -1.28365362
   -0.23416807
    0.17747714
    0.22355695
    0.33830642
    0.35031409
    0.53053854
    0.72020109
    0.86395364
    3.81590498
    4.21480373
    4.29243834
    4.58112955
    5.11401376
    7.04591867
    7.13565819
    8.52870745
    8.65302081
    8.83674608
    8.91491355
    9.55863651
    9.58420221
    9.85056951
    9.92855627
   10.35617423
   10.51209621
   10.66222231
   10.84290778
   10.99521614
   11.56938610
   12.08925585
   12.32810561
   12.91313398
   13.38195298
   13.69434445
   14.03678351
   14.13272515
   14.43801806
   14.93821636
   15.07983742
   15.40154296
   16.36276172
   16.70825728
   17.19633818
   17.67116290
 
 Fillings
     2.00000
     2.00000
     2.00000
     2.00000
     2.00000
     2.00000
     2.00000
     2.00000
     2.00000
     2.00000
     2.00000
     2.00000
     2.00000
     2.00000
     2.00000
     2.00000
     2.00000
     2.00000
     2.00000
     2.00000
     2.00000
     2.00000
     2.00000
     2.00000
     2.00000
     2.00000
     2.00000
     2.00000
     2.00000
     2.00000
     2.00000
     2.00000
     2.00000
     2.00000
     2.00000
     2.00000
     2.00000
     2.00000
     2.00000
     2.00000
     2.00000
     2.00000
     2.00000
     2.00000
     2.00000
     2.00000
     2.00000
     2.00000
     2.00000
     2.00000
     2.00000
     2.00000
     2.00000
     2.00000
     2.00000
     2.00000
     2.00000
     2.00000
     2.00000
     2.00000
     2.00000
     2.00000
     2.00000
     2.00000
     2.00000
     2.00000
     2.00000
     2.00000
     2.00000
     2.00000
     2.00000
     2.00000
     0.00000
     0.00000
     0.00000
     0.00000
     0.00000
     0.00000
     0.00000
     0.00000
     0.00000
     0.00000
     0.00000
     0.00000
     0.00000
     0.00000
     0.00000
     0.00000
     0.00000
     0.00000
     0.00000
     0.00000
     0.00000
     0.00000
     0.00000
     0.00000
     0.00000
     0.00000
     0.00000
     0.00000
     0.00000
     0.00000
     0.00000
     0.00000
     0.00000
     0.00000
     0.00000
     0.00000
     0.00000
     0.00000
     0.00000
     0.00000
     0.00000
     0.00000
     0.00000
     0.00000
     0.00000
     0.00000
     0.00000
     0.00000
     0.00000
     0.00000
     0.00000
     0.00000
     0.00000
     0.00000
     0.00000
     0.00000
     0.00000
     0.00000
     0.00000
     0.00000
     0.00000
     0.00000
     0.00000
     0.00000
     0.00000
     0.00000
     0.00000
     0.00000
     0.00000
     0.00000
     0.00000
     0.00000
     0.00000
     0.00000
     0.00000
     0.00000
     0.00000
     0.00000
     0.00000
     0.00000
     0.00000
 
 Fermi energy:                      -0.2314550285 H           -6.2982 eV
 Band energy:                      -72.7162772312 H        -1978.7106 eV
 TS:                                 0.0000000000 H            0.0000 eV
 Band free energy (E-TS):          -72.7162772312 H        -1978.7106 eV
 Extrapolated E(0K):               -72.7162772312 H        -1978.7106 eV
 
 Energy H0:                        -72.7162772312 H        -1978.7106 eV
 Total Electronic energy:          -72.7162772312 H        -1978.7106 eV
 Repulsive energy:                   2.3881171411 H           64.9840 eV
 Total energy:                     -70.3281600900 H        -1913.7266 eV
 Total Mermin free energy:         -70.3281600900 H        -1913.7266 eV
 
 Non-SCC calculation
 
 Full geometry written in geo_end.{xyz|gen}
 
 Total Forces
 -1.549472358788186E-003 -2.846997132514670E-003  2.524913126484345E-002
 -4.725598933866027E-005 -8.463757622650411E-003 -1.441666080277150E-002
 -2.132885666530585E-003 -1.449886341287461E-003  1.667587198896828E-003
 -1.613529499980624E-003  2.826862457225712E-003  2.515753147852590E-002
  3.579791396689215E-003 -6.060264633391292E-005 -1.051691394823032E-002
 -2.370723735871366E-003  1.754134297823839E-003  2.495437353335704E-003
  3.061498998927339E-004 -1.404690354899225E-004  1.126228137632460E-002
 -3.693918409513946E-005  8.789953340998826E-003 -1.479060577599184E-002
 -8.489960900792334E-005  5.887627647811200E-004 -2.324391567208492E-002
  7.044345643263050E-004  9.168647130954454E-004  4.663238783532947E-003
  4.996320977416873E-006  1.191600160617097E-004 -9.141102562535565E-003
 -3.056683303606316E-004  5.216120985071168E-005 -2.814606389604235E-002
  4.788417888748562E-003 -3.688675127335013E-003 -4.565044227644630E-003
  3.465054428863584E-003  7.006934818693696E-004 -1.977985375335597E-003
 -4.917966898726073E-003 -3.432896125999217E-003 -2.801500119757869E-003
 -5.921252158383759E-003  2.854258019619875E-003 -2.263377266532897E-003
 -4.046326012889577E-003  1.234752062844721E-003  2.604411394921642E-002
 -4.978039950189958E-004  1.787881357341897E-003 -4.462511314947293E-003
  1.099991493306095E-003  3.215677330931600E-003 -4.961465336593085E-003
 -1.986550187232171E-003  3.562822304859323E-004 -7.077573925345707E-004
 -6.221747378771314E-004 -1.594281236699593E-003 -3.371768978332024E-003
 -1.385792798963271E-003 -6.332499891633890E-003  1.218744328251901E-002
  3.562871214110276E-003 -3.551028379455090E-003 -5.056625401105685E-003
 -1.640263858422461E-004  4.085224122319392E-003  5.896306321628644E-003
  5.486599551943658E-004 -8.256886388562996E-003  5.280723320222003E-003
  3.543668689506736E-004  1.074009899996194E-002  7.052951760468468E-003
  9.268533517847084E-003 -2.047864772499637E-004  3.466551980926311E-003
 
 Total stress tensor
     -0.000002167279      0.000000062320      0.000001540014
      0.000000062317     -0.000031890023      0.000000247511
      0.000001539888      0.000000247258      0.000014140051
 
 Total lattice derivs
      0.003046172144     -0.000087591975     -0.002164533401
     -0.000021897221      0.011205580695     -0.000086970919
     -0.000340745752     -0.000054713080     -0.003128904768
 
 Maximal derivative component:       0.281461E-01 au
 Max force for moved atoms::         0.281461E-01 au
 
 Volume:                             0.104539E+05 au^3
 Pressure:                          -0.663908E-05 au    -0.195329E+09 Pa
 
 Geometry converged
 
